Check from v4.9.79 to v4.9.80
Commit count: 87
checking 331b057d4f3ccf2290e6e651b5728db81e9249c6 ......
checking 1333c3e996eb799286ee2ef2c01752da45bf926f ......
	 orig commit -> d593574aff0ab846136190b1729c151c736727ec ......
checking 5846849a1ac75c4a4898f09f3835ac737bb888d5 ......
	 orig commit -> 38b1f0fb42f772b8c9aac53593883a18ff5eb9d7 ......
checking 9df847674ede722e12094def6520fd2ff98452df ......
checking 57d4bb1beecb1b34237ddc8a08e819a0da4243b1 ......
	 orig commit -> 11fb37998759c48e4e4c200c974593cbeab25d3e ......
checking 92e64a1079fac557ebb48ce266d23070924109ef ......
	 orig commit -> cbeef22fd611c4f47c494b821b2b105b8af970bb ......
		 cbeef22fd611c4f47c494b821b2b105b8af970bb has problem. Fixes commit -> 9a513c905bb95bef79d96feb08621c1ec8d8c4bb
commit 438fd54e0527633facedaf195db2755cca28bffd
Author: Oliver Neukum <oneukum@suse.com>
Date:   Tue Mar 6 15:04:24 2018 +0100

    uas: fix comparison for error code
    
    commit 9a513c905bb95bef79d96feb08621c1ec8d8c4bb upstream.
    
    A typo broke the comparison.
    
    Fixes: cbeef22fd611 ("usb: uas: unconditionally bring back host after reset")
    Signed-off-by: Oliver Neukum <oneukum@suse.com>
    CC: stable@kernel.org
    Acked-by: Hans de Goede <hdegoede@redhat.com>
    Signed-off-by: Greg Kroah-Hartman <gregkh@linuxfoundation.org>
checking f24d171a8100fb50a20fc6bb8c750fe9c452b9dc ......
	 orig commit -> ce5bf9a50daf2d9078b505aca1cea22e88ecb94a ......
checking 800de0fab17ac3e8656c86214d23299fedbf6ca4 ......
	 orig commit -> 46fe895e22ab3845515ec06b01eaf1282b342e29 ......
checking f80079536bb6b2c733776abb19c1f3e8c48923b6 ......
	 orig commit -> ef824501f50846589f02173d73ce3fe6021a9d2a ......
checking 4c6fcc3425e19d1f63fd5a7f4f4408ce8f688a48 ......
	 orig commit -> ef54cf0c600fb8f5737fb001a9e357edda1a1de8 ......
checking ec719c52af164f2eaff0e5bff3b6074ded70c9bf ......
	 orig commit -> c7b8f77872c73f69a16528a9eb87afefcccdc18b ......
checking aa6a93fd0c382cda250876825c981ed270059e50 ......
	 orig commit -> df1cc78a52491f71d8170d513d0f6f114faa1bda ......
checking c3b1f3137751ca44d90a416f741794465641b522 ......
	 orig commit -> f0386c083c2ce85284dc0b419d7b89c8e567c09f ......
checking 068cc4ad2b233eaff1d60552353daee8c047f5e2 ......
	 orig commit -> d08dd3f3dd2ae351b793fc5b76abdbf0fd317b12 ......
checking 2ef0d2ad5ce80410a1f770cf765d3ce6a9ba45e2 ......
	 orig commit -> 69341bd15018da0a662847e210f9b2380c71e623 ......
checking 55eaecffe3d663d02084023b9fc06d5f39b97389 ......
	 orig commit -> b027e2298bd588d6fa36ed2eda97447fb3eac078 ......
checking 383e0620b70bc654619c12faf3fd3b2384a42a4c ......
	 orig commit -> 9b046013e5837f8a58453d1e9f8e01d03adb7fe7 ......
checking f94b238fb856432ae84b18ddde23518b5e5e358b ......
	 orig commit -> ce9caf2f79a5aa170a4b6456a03db639eed9c988 ......
checking ace1911b7620af13e83621049e3df9a53d38fd4e ......
	 orig commit -> b77992d2df9e47144354d1b25328b180afa33442 ......
checking 0e216b0a0f74b06da20c03576daf6e75a77209f5 ......
	 orig commit -> b2fc059fa549fe6881d4c1f8d698b0f50bcd16ec ......
checking b4bfc8ef594a459a23034682a464b6212408f3f0 ......
	 orig commit -> 04226916d2360f56d57ad00bc48d2d1854d1e0b0 ......
checking c16c193e3abcf6ce98ac6d1e87c796070fc4fbb7 ......
	 orig commit -> 5f1aa51c7a1eef1c5a60b8334e32c89904964245 ......
checking 9adb2a0f9a470b59ccca26e07ed279c11200f0db ......
	 orig commit -> d1b275ffec459c5ae12b5c7086c84175696e5a9f ......
checking a248dc6a55b782ec8a86e3a7ee2750e60f428c45 ......
	 orig commit -> 727535903bea924c4f73abb202c4b3e85fff0ca4 ......
checking fa64914313c1437c7ba843581a0b09bc2870bec3 ......
	 orig commit -> e4717292ddebcfe231651b5aff9fa19ca158d178 ......
checking fde77c712ac003f023ea6ba3da30a0284c71ad92 ......
	 orig commit -> 373b0589dc8d58bc09c9a28d03611ae4fb216057 ......
checking d96024440ee5c6126bd080e84e6e3ae5a89a39c5 ......
	 orig commit -> 22a6c83777ac7c17d6c63891beeeac24cf5da450 ......
checking 9301165c46234b06f482589dddd765e33d1136f4 ......
	 orig commit -> 8677b1ac2db021ab30bb1fa34f1e56ebe0051ec3 ......
checking f7170eb80aff7daf2221c94a92ba88dae5f971be ......
	 orig commit -> 4dbd6c03fbf88299c573d676838896c6e06aade2 ......
checking 8ae615fecee51e7ec7ee62898b2d7072764e18d6 ......
	 orig commit -> 9217c1abbc145a77d65c476cf2004a3df02104c7 ......
checking 1bdfc52c331a149e393fb199f7e361fcb8e3c9ad ......
	 orig commit -> 66d1c3b94d5d59e4325e61a78d520f92c043d645 ......
checking c55908604eccc659840e52a2c17614cfe90178bb ......
	 orig commit -> f3b8adbe1911f66fd3cab1aaa74f0f66b7ceda25 ......
checking 8d4bfe89aacf5dbe66fa6dd26587c7d11a9f6a7a ......
	 orig commit -> 99fc8e963a4c0203dba26a77cf737db6081bca14 ......
checking 5f6a0441ca0d5dbf64ee56743028b8a9ca932e48 ......
	 orig commit -> cffd2b16c01c3431a7a7dd62e722af33490fc436 ......
checking 7b8623841f2b3845eaa5292f0b15e7f9dd0c5f42 ......
	 orig commit -> bde5f6bc68db51128f875a756e9082a6c6ff7b4c ......
		 bde5f6bc68db51128f875a756e9082a6c6ff7b4c has problem. Fixes commit -> 13ab183d138f607d885e995d625e58d47678bf97
checking d2a67f7afcad12bc958f947118e94d5af05aa218 ......
	 orig commit -> 4ba161a793d5f43757c35feff258d9f20a082940 ......
checking c4ecc2f696430bbd6c4b8bf3f114ad9a86e2c9b1 ......
	 orig commit -> 88bc0ede8d35edc969350852894dc864a2dc1859 ......
checking d47907bcac94cc455a62d50e6c71ae5341cee0ea ......
	 orig commit -> 15bfe05c8d6386f1a90e9340d15336e85e32aad6 ......
checking e11616d5e6c3209196c697e773cb41362419adf6 ......
	 orig commit -> 6edc6910ba4cd6eab309263539c8f09b8ad772bf ......
checking 54a1fdff1b09465d4f5f06bff53fe2b1e0434673 ......
	 orig commit -> d210a9874b8f6166579408131cb74495caff1958 ......
checking 98ae1ca7534e47508719ee54657f01df55437f62 ......
	 orig commit -> dea521a2b9f96e905fa2bb2f95e23ec00c2ec436 ......
checking d5a746cf47975a30a8ffaa799db93881512530e8 ......
	 orig commit -> bd467e4eababe4c04272c1e646f066db02734c79 ......
checking 3b7742374f3e4d2a9891b02b13c69796d7bda090 ......
	 orig commit -> 81833de1a46edce9ca20cfe079872ac1c20ef359 ......
checking f25e222ccc50b0b52da98706c1e7da4ec090c4d7 ......
	 orig commit -> ae254dac721d44c0bfebe2795df87459e2e88219 ......
checking f35ab8e2eeb8bc9492cbaf4653e04eea9cb63648 ......
	 orig commit -> b872285751c1af010e12d02bce7069e2061a58ca ......
checking 2a7d4a723d2e04f9d155d2dcf82ed64d3acc7b10 ......
	 orig commit -> 9271d7e509c1bfc0b9a418caec29ec8d1ac38270 ......
checking 5cd3586ca8d4347d2cd658062c994b9edd09ab59 ......
	 orig commit -> fb500a7cfee7f2f447d2bbf30cb59629feab6ac1 ......
checking c57767b60962f4c965064aadc028db55bd0e63fb ......
	 orig commit -> 141cbfba1d0502006463aa80f57c64086226af1a ......
checking c6a34556f539c69366bd7bcbeff490a6949f95ce ......
	 orig commit -> 5b5971df3bc2775107ddad164018a8a8db633b81 ......
		 5b5971df3bc2775107ddad164018a8a8db633b81 has problem. Fixes commit -> c2d2e6738a209f0f9dffa2dc8e7292fc45360d61
commit 9c78aeef4272a6ded4bbf500ae611050904daaa9
Author: Jason Andryuk <jandryuk@gmail.com>
Date:   Wed Feb 28 07:23:23 2018 -0500

    xen-netfront: Fix hang on device removal
    
    commit c2d2e6738a209f0f9dffa2dc8e7292fc45360d61 upstream.
    
    A toolstack may delete the vif frontend and backend xenstore entries
    while xen-netfront is in the removal code path.  In that case, the
    checks for xenbus_read_driver_state would return XenbusStateUnknown, and
    xennet_remove would hang indefinitely.  This hang prevents system
    shutdown.
    
    xennet_remove must be able to handle XenbusStateUnknown, and
    netback_changed must also wake up the wake_queue for that state as well.
    
    Fixes: 5b5971df3bc2 ("xen-netfront: remove warning when unloading module")
    
    Signed-off-by: Jason Andryuk <jandryuk@gmail.com>
    Cc: Eduardo Otubo <otubo@redhat.com>
    Reviewed-by: Boris Ostrovsky <boris.ostrovsky@oracle.com>
    Signed-off-by: Juergen Gross <jgross@suse.com>
    Signed-off-by: Greg Kroah-Hartman <gregkh@linuxfoundation.org>
checking b5bfda0f8e29c7070f19c0cac4005fd85f37a84e ......
	 orig commit -> 98c4f78dcdd8cec112d1cbc5e9a792ee6e5ab7a6 ......
checking 5c0b19bd8cffec6822c92af223814712bdde42bd ......
	 orig commit -> c37c28730bb031cc8a44a130c2555c0f3efbe2d0 ......
checking b0fa04e8429ed74b6156b8fbf329a022e701072e ......
	 orig commit -> e70b57a6ce4e8b92a56a615ae79bdb2bd66035e7 ......
checking 90ef2c30ebd358005d892aa2895bdcbc027ddce1 ......
	 orig commit -> 9f97df50c52c2887432debb6238f4e43567386a5 ......
checking 8cfb3965ebcd9e02365f8c8e9f4c9f19fd0be004 ......
	 orig commit -> b77000ed558daa3bef0899d29bf171b8c9b5e6a8 ......
checking 030d4676a2681a0656c205a9e58b9624a74a16f4 ......
	 orig commit -> fbbdad5edf0bb59786a51b94a9d006bc8c2da9a2 ......
checking 03899a46c223510160632e991bad3ad234da386d ......
	 orig commit -> 67c8d22a73128ff910e2287567132530abcf5b71 ......
checking 8275584082063726845b7ce2acd1b9d87cdee3fa ......
	 orig commit -> 8c946b8988acec785bcf67088b6bd0747f36d2d3 ......
checking 16980affa1b09fc536657ddb933902825ead1c38 ......
	 orig commit -> d12fb13f23199faa7e536acec1db49068e5a067d ......
checking 8afdbb165a792f1e89b0a2c67b54826889d3d51f ......
	 orig commit -> cf21654b40968609779751b34e7923180968fe5b ......
checking 409982cbb5eb814532953fb996ddc27bae5282a4 ......
	 orig commit -> 6c4ca1e36cdc1a0a7a84797804b87920ccbebf51 ......
checking 6436981ba6d11dc13b242d48855944b73569739f ......
	 orig commit -> 0d307935fefa6389eb726c6362351c162c949101 ......
checking 876b31fd9815c57ae0389132f3306ff31f148092 ......
	 orig commit -> b200dded0a6974a3b69599832b2203483920ab25 ......
checking 1d3ab3b2964e927515b947c8b112a9a40ed789c4 ......
	 orig commit -> 10809bb976648ac58194a629e3d7af99e7400297 ......
checking a9f2c169366752927fd0bf8f5a9b78d3315f6c85 ......
	 orig commit -> a8bfec2930525808c01f038825d1df3904638631 ......
checking 2f9e94ef498db9e7f4d920d9dcd042fa378e3f03 ......
	 orig commit -> 0fc5a36dd6b345eb0d251a65c236e53bead3eef7 ......
checking ec73d16bc7ce352375052d81a22bbb53e3eccabe ......
	 orig commit -> 3853be2603191829b442b64dac6ae8ba0c027bf9 ......
checking 114de9bfefa5aee862815b0ae7453d40bf5278c2 ......
	 orig commit -> 9b8ae63798cb97e785a667ff27e43fa6220cb734 ......
checking 60d9b22b1ffc09a28be556e31caf7cdffe0df7ed ......
	 orig commit -> 1f4dcb3b213235e642088709a1c54964d23365e9 ......
checking d8f75b4c7f259307ab9d0f4f304476e2b701c6ef ......
	 orig commit -> dbdc468f35ee827cab2753caa1c660bdb832243a ......
checking 82e57cdce058713d3546f525140599c3b9b339fb ......
	 orig commit -> 53d1cd6b125fb9d69303516a1179ebc3b72f797a ......
checking 036c227cdd1ca8e5e7e59e18ac87de3003f90d23 ......
	 orig commit -> 253696ccd613fbdaa5aba1de44c461a058e0a114 ......
		 253696ccd613fbdaa5aba1de44c461a058e0a114 has problem. Fixes commit -> ce9caf2f79a5aa170a4b6456a03db639eed9c988
commit f94b238fb856432ae84b18ddde23518b5e5e358b
Author: Stefan Schake <stschake@gmail.com>
Date:   Fri Dec 29 17:05:43 2017 +0100

    drm/vc4: Move IRQ enable to PM path
    
    
    [ Upstream commit ce9caf2f79a5aa170a4b6456a03db639eed9c988 ]
    
    We were calling enable_irq on bind, where it was already enabled previously
    by the IRQ helper. Additionally, dev->irq is not set correctly until after
    postinstall and so was always zero here, triggering a warning in 4.15.
    Fix both by moving the enable to the power management resume path, where we
    know there was a previous disable invocation during suspend.
    
    Fixes: 253696ccd613 ("drm/vc4: Account for interrupts in flight")
    Signed-off-by: Stefan Schake <stschake@gmail.com>
    Signed-off-by: Eric Anholt <eric@anholt.net>
    Link: https://patchwork.freedesktop.org/patch/msgid/1514563543-32511-1-git-send-email-stschake@gmail.com
    Tested-by: Stefan Wahren <stefan.wahren@i2se.com>
    Reviewed-by: Eric Anholt <eric@anholt.net>
    Signed-off-by: Sasha Levin <alexander.levin@microsoft.com>
    Signed-off-by: Greg Kroah-Hartman <gregkh@linuxfoundation.org>
checking 30942f91b5a57a1ca7557998e901367901d1bccf ......
	 orig commit -> 888f22931478a05bc81ceb7295c626e1292bf0ed ......
checking 3a98d0753928cb8260930f2b651ecef47a0c3037 ......
	 orig commit -> d822401d1c6898a4a4ee03977b78b8cec402e88a ......
checking e29997d55268c9d4d4fc2bb7833f83dc5b220cd5 ......
	 orig commit -> 539340f37e6d6ed4cd93e8e18c9b2e4eafd4b842 ......
checking cb1a0b51d1031ce335d16d7528cace677f105106 ......
	 orig commit -> 97b03136e1b637d7a9d2274c099e44ecf23f1103 ......
checking 517931760e696c779e4d24424633c334a6447450 ......
	 orig commit -> 348c7cf5fcbcb68838255759d4cb45d039af36d2 ......
checking ddba3c67a5b81955e34563d225a3f117354a247e ......
	 orig commit -> 791ae273731fa85d3332e45064dab177ae663e80 ......
checking b7edc45f3adace20d74788dd4d5a085c134ba6be ......
	 orig commit -> bb30b8848c85e18ca7e371d0a869e94b3e383bdf ......
		 bb30b8848c85e18ca7e371d0a869e94b3e383bdf has problem. Fixes commit -> a466856e0b7ab269cdf9461886d007e88ff575b0
commit 7b38b6dd316e5359c70fc11df7eb27825d4f3f15
Author: Eric Dumazet <edumazet@google.com>
Date:   Sat Apr 7 13:42:36 2018 -0700

    crypto: af_alg - fix possible uninit-value in alg_bind()
    
    commit a466856e0b7ab269cdf9461886d007e88ff575b0 upstream.
    
    syzbot reported :
    
    BUG: KMSAN: uninit-value in alg_bind+0xe3/0xd90 crypto/af_alg.c:162
    
    We need to check addr_len before dereferencing sa (or uaddr)
    
    Fixes: bb30b8848c85 ("crypto: af_alg - whitelist mask and type")
    Signed-off-by: Eric Dumazet <edumazet@google.com>
    Reported-by: syzbot <syzkaller@googlegroups.com>
    Cc: Stephan Mueller <smueller@chronox.de>
    Cc: Herbert Xu <herbert@gondor.apana.org.au>
    Signed-off-by: David S. Miller <davem@davemloft.net>
    Signed-off-by: Greg Kroah-Hartman <gregkh@linuxfoundation.org>
checking 1ce8e52f6f368f9d62b6320357bf7c26a1480ecb ......
	 orig commit -> c013cee99d5a18aec8c71fee8f5f41369cd12595 ......
checking 95259cb008ba7ec88d3869db33377a111a6d9dee ......
	 orig commit -> 9c674e1e2f9e24fa4392167efe343749008338e0 ......
checking f1803207b5eab7fc9540f633b3bb73a75ad82494 ......
	 orig commit -> b5b9007730ce1d90deaf25d7f678511550744bdc ......
checking cc1fa4a7b653a4f0a4c95a26ce842d699e8e4b1a ......
	 orig commit -> 24bd3efc9d1efb5f756a7c6f807a36ddb6adc671 ......
checking 241c04f75e90b6e0eaf099d53c68a77ed5767835 ......
	 orig commit -> b888fb6f2a278442933e3bfab70262e9a5365fb3 ......
checking efe3f94f83d2b03abf2fc071ec59bc668761bac5 ......
	 orig commit -> 1696784eb7b52b13b62d160c028ef2c2c981d4f2 ......
checking 2a7076e71575b741f61f33f93be5ea284242a603 ......
	 orig commit -> 6e8484c5cf07c7ee632587e98c1a12d319dacb7c ......
		 6e8484c5cf07c7ee632587e98c1a12d319dacb7c has problem. Fixes commit -> 074fca3a18e7e1e0d4d7dcc9d7badc43b90232f4
commit 454892c34bb833097a21dbb693757765d1d1bb40
Author: Majd Dibbiny <majd@mellanox.com>
Date:   Mon Nov 5 08:07:37 2018 +0200

    RDMA/mlx5: Fix fence type for IB_WR_LOCAL_INV WR
    
    [ Upstream commit 074fca3a18e7e1e0d4d7dcc9d7badc43b90232f4 ]
    
    Currently, for IB_WR_LOCAL_INV WR, when the next fence is None, the
    current fence will be SMALL instead of Normal Fence.
    
    Without this patch krping doesn't work on CX-5 devices and throws
    following error:
    
    The error messages are from CX5 driver are: (from server side)
    [ 710.434014] mlx5_0:dump_cqe:278:(pid 2712): dump error cqe
    [ 710.434016] 00000000 00000000 00000000 00000000
    [ 710.434016] 00000000 00000000 00000000 00000000
    [ 710.434017] 00000000 00000000 00000000 00000000
    [ 710.434018] 00000000 93003204 100000b8 000524d2
    [ 710.434019] krping: cq completion failed with wr_id 0 status 4 opcode 128 vender_err 32
    
    Fixed the logic to set the correct fence type.
    
    Fixes: 6e8484c5cf07 ("RDMA/mlx5: set UMR wqe fence according to HCA cap")
    Signed-off-by: Majd Dibbiny <majd@mellanox.com>
    Signed-off-by: Leon Romanovsky <leonro@mellanox.com>
    Signed-off-by: Jason Gunthorpe <jgg@mellanox.com>
    Signed-off-by: Sasha Levin <sashal@kernel.org>
checking 20e6f5bdf542cb2510bd54e69eed6fe395f6c026 ......
	 orig commit -> 1410a90ae449061b7e1ae19d275148f36948801b ......
checking 56bc086358cac1a2949783646eabd57447b9d672 ......
	 orig commit -> ae6650163c66a7eff1acd6eb8b0f752dcfa8eba5 ......
