Check from v4.9.9 to v4.9.10
Commit count: 61
checking 390caeedd4fdb95b2225768305d163c291f21b5a ......
checking e5c2e51470c2aadaf53a17acb677bb95529ac4d1 ......
	 orig commit -> 451d24d1e5f40bad000fa9abe36ddb16fc9928cb ......
checking de65c300c7f0d1e18f5a92ea7a6c1cc9a0734202 ......
	 orig commit -> 8381cdd0e32dd748bd34ca3ace476949948bd793 ......
checking 85df621b18e2f20731a1a6eb4defd8b704487064 ......
	 orig commit -> a1c9f97f0b64e6337d9cfcc08c134450934fdd90 ......
checking 6b4af0dab8934b046776a65fdd6e91658f500060 ......
	 orig commit -> bfeda41d06d85ad9d52f2413cfc2b77be5022f75 ......
checking b7dd5edc3dd9191f2cb1bd508279b0ff7274c5aa ......
	 orig commit -> 647bf3d8a8e5777319da92af672289b2a6c4dc66 ......
checking 5476efeec1351d6df008a38c528099be65bfed0f ......
	 orig commit -> 628f07d33c1f2e7bf31e0a4a988bb07914bd5e73 ......
checking c8cbc219d87cdbe33430b92350cb687b3f2201e6 ......
	 orig commit -> 08b259631b5a1d912af4832847b5642f377d9101 ......
checking 6e306c5907a075ba6d46f6ee33c689abf4bfb733 ......
	 orig commit -> 79a8b9aa388b0620cc1d525d7c0f0d9a8a85e08e ......
checking c3cc4259f8322fef4f59e719b05b07bc6833d8f9 ......
	 orig commit -> 146fbb766934dc003fcbf755b519acef683576bf ......
checking 34f840fc0d8918fc015ee8bd8a2e1a457c7094e2 ......
	 orig commit -> f3d83317a69e7d658e7c83e24f8b31ac533c39e3 ......
checking 23b1595b977c9ce4fe498363c636a555c216a9e2 ......
	 orig commit -> 37a7ea4a9b81f6a864c10a7cb0b96458df5310a3 ......
checking 5024b2fb8e49091044e450a0548979bb711588d6 ......
	 orig commit -> 4842e98f26dd80be3623c4714a244ba52ea096a8 ......
		 4842e98f26dd80be3623c4714a244ba52ea096a8 has problem. Fixes commit -> 7e1d90f60a0d501c8503e636942ca704a454d910
commit bafb25c5050caa96625df0430d2a80072183f4cf
Author: Daniel Mentz <danielmentz@google.com>
Date:   Mon Aug 14 14:46:01 2017 -0700

    ALSA: seq: 2nd attempt at fixing race creating a queue
    
    commit 7e1d90f60a0d501c8503e636942ca704a454d910 upstream.
    
    commit 4842e98f26dd80be3623c4714a244ba52ea096a8 ("ALSA: seq: Fix race at
    creating a queue") attempted to fix a race reported by syzkaller. That
    fix has been described as follows:
    
    "
    When a sequencer queue is created in snd_seq_queue_alloc(),it adds the
    new queue element to the public list before referencing it.  Thus the
    queue might be deleted before the call of snd_seq_queue_use(), and it
    results in the use-after-free error, as spotted by syzkaller.
    
    The fix is to reference the queue object at the right time.
    "
    
    Even with that fix in place, syzkaller reported a use-after-free error.
    It specifically pointed to the last instruction "return q->queue" in
    snd_seq_queue_alloc(). The pointer q is being used after kfree() has
    been called on it.
    
    It turned out that there is still a small window where a race can
    happen. The window opens at
    snd_seq_ioctl_create_queue()->snd_seq_queue_alloc()->queue_list_add()
    and closes at
    snd_seq_ioctl_create_queue()->queueptr()->snd_use_lock_use(). Between
    these two calls, a different thread could delete the queue and possibly
    re-create a different queue in the same location in queue_list.
    
    This change prevents this situation by calling snd_use_lock_use() from
    snd_seq_queue_alloc() prior to calling queue_list_add(). It is then the
    caller's responsibility to call snd_use_lock_free(&q->use_lock).
    
    Fixes: 4842e98f26dd ("ALSA: seq: Fix race at creating a queue")
    Reported-by: Dmitry Vyukov <dvyukov@google.com>
    Signed-off-by: Daniel Mentz <danielmentz@google.com>
    Signed-off-by: Takashi Iwai <tiwai@suse.de>
    Signed-off-by: Greg Kroah-Hartman <gregkh@linuxfoundation.org>
checking 2e0feb524caccbe9c061997f63b97e4f695e816e ......
	 orig commit -> af677166cf63c179dc2485053166e02c4aea01eb ......
checking 765c0f9089fcfebd3f5875a38c00f882ccff62ed ......
	 orig commit -> 74470954857c264168d2b5a113904cf0cfd27d18 ......
checking e7f9f10bcc8dbbf0e09aba6765e9e07bc59910f1 ......
	 orig commit -> 9b256714979fad61ae11d90b53cf67dd5e6484eb ......
checking 3433972d049f256a57b3538b2d29a7ee38748019 ......
	 orig commit -> 90c1e3c2fafec57fcb55b5d69bcf293b1a5fc8b3 ......
checking 93fb043478b8d81cfa0d2399223bbf96bdb138e8 ......
	 orig commit -> 2a362249187a8d0f6d942d6e1d763d150a296f47 ......
checking 76a9ac048b4876849b6e95fa4b20cca949f2bf0a ......
	 orig commit -> 2780f3c8f0233de90b6b47a23fc422b7780c5436 ......
checking b5d5f2877c8d447f56a9b5477e485e6361fcd2d3 ......
	 orig commit -> ffdadd68af5a397b8a52289ab39d62e1acb39e63 ......
checking 5684c7db4e1076ce95e38deccd261d59fb612649 ......
	 orig commit -> 8af8e1c22f9994bb1849c01d66c24fe23f9bc9a0 ......
checking e19722449e736d4811f24f68e3a36d4d8e5d429e ......
	 orig commit -> 2dfa6688aafdc3f74efeb1cf05fb871465d67f79 ......
checking 1cf897fcc5a99e5ecf2f6fb12adec6d485a17e14 ......
	 orig commit -> 433e19cf33d34bb6751c874a9c00980552fe508c ......
checking 964dfbe3dd2d36f9d35018568e303d9847fc1026 ......
	 orig commit -> 3372592a140db69fd63837e81f048ab4abf8111e ......
checking e2fdf7841cb32128685ddcd6db7a51d0e3c3c739 ......
	 orig commit -> 1f6ee4e7d83586c8b10bd4f2f4346353d04ce884 ......
checking afbb98f91d3be20c62bcbdf0de084056325b7be2 ......
	 orig commit -> 74198eb4a42c4a3c4fbef08fa01a291a282f7c2e ......
checking e68f0dbb6bb0f0487a8ae2a117ae1950b6656f1a ......
	 orig commit -> 1d3398facd08a7fd4202f269317a95668eb880b9 ......
checking 1a1981ef15a5bb52c46ab109a63cf1d4ddaee992 ......
	 orig commit -> da7061c82e4a1bc6a5e134ef362c86261906c860 ......
checking f9bd791be5b8755746528df95885a2b4a25b6ff6 ......
	 orig commit -> fd551bac4795854adaa87bad7e5136083719802b ......
checking 8920a7f28ad837661bc5b9333240425dbcdc6720 ......
	 orig commit -> 6e7eb1783be7f19eb071c96ddda0bbf22279ff46 ......
checking 916d03a6aa3f095477c24840595169390d50df6d ......
	 orig commit -> 97a98ae5b8acf08d07d972c087b2def060bc9b73 ......
checking 126ed953f4461da31ecc04bbc9a431787b33b81b ......
	 orig commit -> 7f59b319111bbc3a5f32730c8a43b201e9522f52 ......
checking 84d209b75e7254fba5de26ee2d3b31e638337a82 ......
	 orig commit -> 9b2792c3da1e80f2d460167d319302a24c9ca2b7 ......
checking 4978149de58d816f101daabaf089464b6108ad84 ......
	 orig commit -> 01d4d673558985d9a118e1e05026633c3e2ade9b ......
checking 88e865c5d813e400ad0b135c39fe5842e95df6f4 ......
	 orig commit -> c54eeffbe9338fa982dc853d816fda9202a13b5a ......
checking 4b99bb2e3643d2be438393b95a0572593c5205cf ......
	 orig commit -> 0583c261e6325f392c1f7a1b9112e31298e1a4bd ......
checking eb49824ca9c9fb1030cf9a6e51a89fa2471422fa ......
	 orig commit -> 391e2a6de9781e4906dd7e0b1cc097050bf43e11 ......
checking 4cd462c7f2b6fcc208aebf44f2c831681feaa925 ......
	 orig commit -> 92c715fca907686f5298220ece53423e38ba3aed ......
checking 32c67a2cdf4c2210f9bc7d3747da744d5b3ce866 ......
	 orig commit -> 789ea12500e5ce3911d0a6a822277c3133451927 ......
checking ebe976ac0c3872f4591c0bcda7f12062e9071074 ......
	 orig commit -> 5351fbb1bf1413f6024892093528280769ca852f ......
checking bd7d069c7635da0276ce0f25155514b117b0b1eb ......
	 orig commit -> 228dbbfb5d77f8e047b2a1d78da14b7158433027 ......
checking 14cdf0f590447c4f7c5e1567ce73c81b2d9fe80b ......
	 orig commit -> b3f2d07f4649adcf6905953a10d217b5683e4077 ......
checking 6b10a704325a26d6f6495001e827b8601a170c3b ......
	 orig commit -> b22bc27868e8c11fe3f00937a341b44f80b50364 ......
checking 49f68ccccf8e502bce967126207211f5a27feb4c ......
	 orig commit -> a810007afe239d59c1115fcaa06eb5b480f876e9 ......
checking c4236b0c71169b6e5fb5f2272dd0292156c81e97 ......
	 orig commit -> 4d59b6ccf000862beed6fc0765d3209f98a8d8a2 ......
checking d2485c03ce8db7246e2b00cb8d9af82cea32ab60 ......
	 orig commit -> 52f5631a4c056ad01682393be56d2be237e81610 ......
checking d9985610c6bee5998db6d0b39d06cbbc5447e7e1 ......
	 orig commit -> d966564fcdc19e13eb6ba1fbe6b8101070339c3d ......
checking 6cbaf7b94373743deb42fd410173aab81f8945fe ......
	 orig commit -> 0c461cb727d146c9ef2d3e86214f498b78b7d125 ......
checking 2089e4563d50c44f187df1ed63a906e05708cf51 ......
	 orig commit -> 601bbbe0517303c9f8eb3d75e11d64efed1293c9 ......
checking 1a815c52d57ebf35bfb516eafada98eeda292d66 ......
	 orig commit -> a524c218bc94c705886a0e0fedeee45d1931da32 ......
checking f77e7b119ff18d4732b6e08b3d10c4e324de9442 ......
	 orig commit -> e5da5c5667381d2772374ee6a2967b3576c9483d ......
checking 1105ccf25118894ffde5b50d43c52b9e39fe3fc9 ......
	 orig commit -> 500c0106e638e08c2c661c305ed57d6b67e10908 ......
checking d7aa88a14eb059cdc9c82206cd3ee8ccb6f62ee6 ......
	 orig commit -> 685ce0626840e2673fe64ea8807684f7324fec5f ......
checking 2d5dd056884e147a369aa1f6aa786e65a36e624a ......
	 orig commit -> 3484ecbe0e9deb94afb0b9b6172d77e98eb72b94 ......
checking b4de8af91b8ab9a604a5acd78b0d8763cf5818b5 ......
	 orig commit -> f5f7bebc91ab378dea5aad5277c4d283e46472d9 ......
checking 066a7166c5412ea4c04b1946faf2aa7cda48ee60 ......
	 orig commit -> 0b529f143e8baad441a5aac9ad55ec2434d8fb46 ......
checking 621d101a7ebb7965ee3332e4e6e8d17bdd8f0555 ......
	 orig commit -> 4087a1fffe38106e10646606a27f10d40451862d ......
checking cd755677d9444d718ac04a693523c9ff5a7f79ec ......
	 orig commit -> bfb34527a32a1a576d9bfb7026d3ab0369a6cd60 ......
checking ebffa7bc77c88218a484a47ab61822943539b252 ......
	 orig commit -> 9d032f4201d39e5cf43a8709a047e481f5723fdc ......
checking 46cf1520ed9167f83196022d651f0625152ea79b ......
	 orig commit -> e471486c13b82b1338d49c798f78bb62b1ed0a9e ......
checking a6b1dc61bcf45fbc03a2e62f007cd36410e5e269 ......
	 orig commit -> 6e978b22efa1db9f6e71b24440b5f1d93e968ee3 ......
