Check from v4.9.137 to v4.9.138
Commit count: 83
checking 7a4dc3f8399780455a16a167068a03f317e1204d ......
checking 7088c66504c236003cb2f138d9fec9f7c6076c40 ......
	 orig commit -> da5a3ce66b8bb51b0ea8a89f42aac153903f90fb ......
checking cc5bd86e271d97d8b29ba7524074600344a4505a ......
	 orig commit -> 0a823e8fd4fd67726697854578f3584ee3a49b1d ......
checking 232ed06fd179b1be758dfbc53a491df5aeb374f7 ......
	 orig commit -> 6503493145cba4413ecd3d4d153faeef4a1e9b85 ......
checking 9c926f10eaabd60a35eece8c769ed40cab304a20 ......
	 orig commit -> 23d8003907d094f77cf959228e2248d6db819fa7 ......
checking fd2038380e2d3e5e5fd280abb2896f58e27e0591 ......
	 orig commit -> 7f3ef5dedb146e3d5063b6845781ad1bb59b92b5 ......
		 7f3ef5dedb146e3d5063b6845781ad1bb59b92b5 has problem. Fixes commit -> 63238173b2faf3d6b85a416f1c69af6c7be2413f
commit af20483dbd7c2a01f7874191524fc0397b9d3bec
Author: Brian Norris <briannorris@chromium.org>
Date:   Wed Dec 5 10:16:57 2018 -0800

    Revert "drm/rockchip: Allow driver to be shutdown on reboot/kexec"
    
    commit 63238173b2faf3d6b85a416f1c69af6c7be2413f upstream.
    
    This reverts commit 7f3ef5dedb146e3d5063b6845781ad1bb59b92b5.
    
    It causes new warnings [1] on shutdown when running the Google Kevin or
    Scarlet (RK3399) boards under Chrome OS. Presumably our usage of DRM is
    different than what Marc and Heiko test.
    
    We're looking at a different approach (e.g., [2]) to replace this, but
    IMO the revert should be taken first, as it already propagated to
    -stable.
    
    [1] Report here:
    http://lkml.kernel.org/lkml/20181205030127.GA200921@google.com
    
    WARNING: CPU: 4 PID: 2035 at drivers/gpu/drm/drm_mode_config.c:477 drm_mode_config_cleanup+0x1c4/0x294
    ...
     Call trace:
      drm_mode_config_cleanup+0x1c4/0x294
      rockchip_drm_unbind+0x4c/0x8c
      component_master_del+0x88/0xb8
      rockchip_drm_platform_remove+0x2c/0x44
      rockchip_drm_platform_shutdown+0x20/0x2c
      platform_drv_shutdown+0x2c/0x38
      device_shutdown+0x164/0x1b8
      kernel_restart_prepare+0x40/0x48
      kernel_restart+0x20/0x68
    ...
     Memory manager not clean during takedown.
     WARNING: CPU: 4 PID: 2035 at drivers/gpu/drm/drm_mm.c:950 drm_mm_takedown+0x34/0x44
    ...
      drm_mm_takedown+0x34/0x44
      rockchip_drm_unbind+0x64/0x8c
      component_master_del+0x88/0xb8
      rockchip_drm_platform_remove+0x2c/0x44
      rockchip_drm_platform_shutdown+0x20/0x2c
      platform_drv_shutdown+0x2c/0x38
      device_shutdown+0x164/0x1b8
      kernel_restart_prepare+0x40/0x48
      kernel_restart+0x20/0x68
    ...
    
    [2] https://patchwork.kernel.org/patch/10556151/
        https://www.spinics.net/lists/linux-rockchip/msg21342.html
        [PATCH] drm/rockchip: shutdown drm subsystem on shutdown
    
    Fixes: 7f3ef5dedb14 ("drm/rockchip: Allow driver to be shutdown on reboot/kexec")
    Cc: Jeffy Chen <jeffy.chen@rock-chips.com>
    Cc: Robin Murphy <robin.murphy@arm.com>
    Cc: Vicente Bergas <vicencb@gmail.com>
    Cc: Marc Zyngier <marc.zyngier@arm.com>
    Cc: Heiko Stuebner <heiko@sntech.de>
    Cc: stable@vger.kernel.org
    Signed-off-by: Brian Norris <briannorris@chromium.org>
    Signed-off-by: Heiko Stuebner <heiko@sntech.de>
    Link: https://patchwork.freedesktop.org/patch/msgid/20181205181657.177703-1-briannorris@chromium.org
    Signed-off-by: Greg Kroah-Hartman <gregkh@linuxfoundation.org>
checking 9c34ad0ce3b31aedf2134d3b28eab59f6e860ef3 ......
	 orig commit -> 017b1660df89f5fb4bfe66c34e35f7d2031100c7 ......
checking f8d4c943f2cf3bc0346b70bd599050c4db920703 ......
	 orig commit -> 5e41540c8a0f0e98c337dda8b391e5dda0cde7cf ......
checking e133c33edf3b63193fceb58a5d5249eed63cb572 ......
	 orig commit -> 1c23b4108d716cc848b38532063a8aca4f86add8 ......
checking 8f1756ad8ba4881c9d8c263718c9e220e00e3e01 ......
	 orig commit -> 1823342a1f2b47a4e6f5667f67cd28ab6bc4d6cd ......
checking d180feedae04deda20380e4af7eba94e6b416f3c ......
	 orig commit -> 7fabaf303458fcabb694999d6fa772cc13d4e217 ......
checking fdd93795b825fcab0a4f045b626f46de837703b4 ......
	 orig commit -> ebacb81273599555a7a19f7754a1451206a5fc4f ......
checking c616a9326b235e6531a129f1bd68f7767607302e ......
	 orig commit -> 7ce9a992ffde8ce93d5ae5767362a5c7389ae895 ......
checking 7291d95a97fc89044301b197c760555e894e82c7 ......
	 orig commit -> 01310bb7c9c98752cc763b36532fab028e0f8f81 ......
checking 4d9d47c7e5bf72067263b13d2bed9f9bffe45325 ......
	 orig commit -> 5d7a5bcb67c70cbc904057ef52d3fcfeb24420bb ......
checking 03004f416351c3f6760fa577fb9024847f7f5f48 ......
	 orig commit -> 9c8e0a1b683525464a2abe9fb4b54404a50ed2b4 ......
checking d7565180923ee289a6b68456df46ad9c15eaff9d ......
	 orig commit -> df7342b240185d58d3d9665c0bbf0a0f5570ec29 ......
checking fa14e9bddc7d0ca7a2b0073286ed86f343ae771d ......
	 orig commit -> 25d202ed820ee347edec0bf3bf553544556bf64b ......
checking d450fcdb42e72939f42d8bb696546b31d6b89204 ......
	 orig commit -> de59fae0043f07de5d25e02ca360f7d57bfa5866 ......
checking 82dfeb8d8254f213c8d86fe03458c94590560f90 ......
	 orig commit -> 6bdc9977fcdedf47118d2caf7270a19f4b6d8a8f ......
checking b66102a457de28cc58033de0eaaff8f1153621a1 ......
	 orig commit -> 45ae932d246f721e6584430017176cbcadfde610 ......
checking 6b436fb67e1fe5f8a1839145e68001492467fca0 ......
	 orig commit -> af18e35bfd01e6d65a5e3ef84ffe8b252d1628c5 ......
checking 8547ff5d14c2317f3a8719d39be5df0162da062e ......
	 orig commit -> 9e463084cdb22e0b56b2dfbc50461020409a5fd3 ......
checking 11a2eb02e6d1efa664b2b52e9da5e2b6c8f28eb4 ......
	 orig commit -> 4f32c38b4662312dd3c5f113d8bdd459887fb773 ......
checking 142e0172e303708548844462fe70e276d739bac3 ......
	 orig commit -> f348e2241fb73515d65b5d77dd9c174128a7fbf2 ......
checking f30a52c9c5fa6a83cdc38666eac593f94b60712f ......
	 orig commit -> feaf264ce7f8d54582e2f66eb82dd9dd124c94f3 ......
checking 8a6a7dd7449dc0b3404ead3fb04ff57292d6f11f ......
	 orig commit -> db6aee62406d9fbb53315fcddd81f1dc271d49fa ......
checking 05821678f265d5019bea438b3b760e1fef0b56cc ......
	 orig commit -> 9e4028935cca3f9ef9b6a90df9da6f1f94853536 ......
checking c484fd258ccaa4e45c72bed5eb06a3237495279c ......
	 orig commit -> 61a9c11e5e7a0dab5381afa5d9d4dd5ebf18f7a0 ......
		 61a9c11e5e7a0dab5381afa5d9d4dd5ebf18f7a0 has problem. Fixes commit -> d64264d6218e6892edd832dc3a5a5857c2856c53
commit 75ac16ea2e0361af7c6da05cf813b95dd0ef773a
Author: Lukas Czerner <lczerner@redhat.com>
Date:   Fri Mar 15 00:15:32 2019 -0400

    ext4: add missing brelse() in add_new_gdb_meta_bg()
    
    [ Upstream commit d64264d6218e6892edd832dc3a5a5857c2856c53 ]
    
    Currently in add_new_gdb_meta_bg() there is a missing brelse of gdb_bh
    in case ext4_journal_get_write_access() fails.
    Additionally kvfree() is missing in the same error path. Fix it by
    moving the ext4_journal_get_write_access() before the ext4 sb update as
    Ted suggested and release n_group_desc and gdb_bh in case it fails.
    
    Fixes: 61a9c11e5e7a ("ext4: add missing brelse() add_new_gdb_meta_bg()'s error path")
    Signed-off-by: Lukas Czerner <lczerner@redhat.com>
    Signed-off-by: Theodore Ts'o <tytso@mit.edu>
    Signed-off-by: Sasha Levin <sashal@kernel.org>
checking 771e8c73f26ff36ee4f281506743dde5a5507ab0 ......
	 orig commit -> cea5794122125bf67559906a0762186cf417099c ......
checking b1341999bd39696cee67138e9e20ecacee59517c ......
	 orig commit -> ea0abbb648452cdb6e1734b702b6330a7448fcf8 ......
checking f6939dbd8071a95d536c4c92a5a0d1426a9e8fd3 ......
	 orig commit -> 35b69a420bfb56b7b74cb635ea903db05e357bec ......
checking 800d8112ee7f55688b54abcd84855525e389cca0 ......
	 orig commit -> ac765f83f1397646c11092a032d4f62c3d478b81 ......
checking 3fe6b9aa5cd26375176627fae5331a87a28927bd ......
	 orig commit -> 506481b20e818db40b6198815904ecd2d6daee64 ......
checking 53111ab29e0cf303b6f294f035da1458067287f1 ......
	 orig commit -> d0ffb805b729322626639336986bc83fc2e60871 ......
checking 4d18bea3de8efa7b6816344f18a71b43f472aa64 ......
	 orig commit -> 991a25194097006ec1e0d2e0814ff920e59e3465 ......
checking af86cb901c7f48fb3b4b66091437d4d5af4d5189 ......
	 orig commit -> 89c38422e072bb453e3045b8f1b962a344c3edea ......
checking d29a7b6f720dff56c6eaa676b91cedf25e6a6343 ......
	 orig commit -> be2e1c9dcf76886a83fb1c433a316e26d4ca2550 ......
checking 7e1e1956dcc7c391ca48a4c278b56134ea47b7e9 ......
	 orig commit -> f393808dc64149ccd0e5a8427505ba2974a59854 ......
checking 818e584636d7ddaa1dec897de2506a73c33ebb38 ......
	 orig commit -> ac5b2c18911ffe95c08d69273917f90212cf5659 ......
		 ac5b2c18911ffe95c08d69273917f90212cf5659 has problem. Fixes commit -> 2f0799a0ffc033bf3cc82d5032acc3ec633464c2
checking dd4c84ba2b3a20ac1d05d1b1c579e5cb6b12df13 ......
	 orig commit -> 29aa30167a0a2e6045a0d6d2e89d8168132333d5 ......
checking acdc6a723ea5d249093d927e2e958ae5c26baa11 ......
	 orig commit -> 4542d623c7134bc1738f8a68ccb6dd546f1c264f ......
checking e200279bb82795e6da3a23ab36550e54a3602bea ......
	 orig commit -> e9a2310fb689151166df7fd9971093362d34bd79 ......
checking 7ecf24877ea8c25625c904ac30f051c6a4bc7878 ......
	 orig commit -> c09bcc91bb94ed91f1391bffcbe294963d605732 ......
checking 6bd9b55243e6caafec1d245c475d6dc4d842e6c4 ......
	 orig commit -> 3c6c6a7878d00a3ac997a779c5b9861ff25dfcc8 ......
checking 43e38372f9b1d7a79c6f9e6c18fd5d5e3ca07693 ......
	 orig commit -> efe328230dc01aa0b1269aad0b5fae73eea4677a ......
checking 9efe04470a973c01cea272f795117cf28f3383ec ......
	 orig commit -> 94e6992bb560be8bffb47f287194adf070b57695 ......
checking ee27421c80df335ffef85d9f45c37890a3a8ccb4 ......
	 orig commit -> 665636b2940d0897c4130253467f5e8c42eea392 ......
checking 79a3e118b016bf6a64a5e52ca32ecc2e2c1def0f ......
	 orig commit -> 0f5cb0e6225cae2f029944cb8c74617aab6ddd49 ......
checking 0a468686faef8c9cb2d9eb9d0ab1d84ece7c4d06 ......
	 orig commit -> 8985167ecf57f97061599a155bb9652c84ea4913 ......
		 8985167ecf57f97061599a155bb9652c84ea4913 has problem. Fixes commit -> 9c940bbe2bb47e03ca5e937d30b6a50bf9c0e671
checking 0dac028156c654724415971a86812fd2574f1601 ......
	 orig commit -> 40dc948f234b73497c3278875eb08a01d5854d3f ......
checking a10aa331aa02e0140e81b31a97b258dae764efcc ......
	 orig commit -> 0773495b1f5f1c5e23551843f87b5ff37e7af8f7 ......
checking c9226141c2e59fa705f48dc1fa15e36558bae632 ......
	 orig commit -> 4119ba211bc4f1bf638f41e50b7a0f329f58aa16 ......
checking fca93d34f3f9bcdf8662d83ca8b8c4f4cf459a7a ......
	 orig commit -> 360fe725f8849aaddc53475fef5d4a0c439b05ae ......
checking 83babf64c1c12279386a2d8eee1582eca74a6c10 ......
	 orig commit -> d06f8a2f1befb5a3d0aa660ab1c05e9b744456ea ......
checking b7706a824257acbe6bfbdf602765fb60a5963d68 ......
	 orig commit -> 99a3ae51d557d8e38a7aece65678a31f9db215ee ......
checking 5a41c652134b6c55442b67dc5acc4b0eee56883f ......
	 orig commit -> d5654e156bc4d68a87bbaa6d7e020baceddf6e68 ......
checking 4d01ed83361cd01012b35413aac2711f18932fed ......
	 orig commit -> 0ed9d3de5f8f97e6efd5ca0e3377cab5f0451ead ......
checking 3d67d62931d9471b860ba7a732d5961da1320a7e ......
	 orig commit -> 4dc69c1c1fff2f587f8e737e70b4a4e7565a5c94 ......
checking e029b8379ed64f5beaddbf53c87873246df300ff ......
	 orig commit -> 44c445c3d1b4eacff23141fa7977c3b2ec3a45c9 ......
checking 55edbf1ce1bf834a9df977a721ad4a9250d15b1f ......
	 orig commit -> 5983587c8c5ef00d6886477544ad67d495bc5479 ......
checking 1a55a71ed205ccd1546fff8b433652c4d5933550 ......
	 orig commit -> bb177a732c4369bb58a1fe1df8f552b6f0f7db5f ......
checking c31ccf1fe8c707ff2c078370c7c87ed794d0a39a ......
	 orig commit -> 4c316f2f3ff315cb48efb7435621e5bfb81df96d ......
checking 7238fcbd68147fd76a927bfd10cb377d032374bf ......
	 orig commit -> 908a572b80f6e9577b45e81b3dfe2e22111286b8 ......
checking 0799a93d30588e85eb15775bea286997e796e174 ......
	 orig commit -> d2d2d4fb1f54eff0f3faa9762d84f6446a4bc5d0 ......
checking 7996b1c0eaefc5745c982301ca483f99555842e4 ......
	 orig commit -> bc78abbd55dd28e2287ec6d6502b842321a17c87 ......
checking 0dd45a4df3eb901668cafeefb667bf781a527eb3 ......
	 orig commit -> 1e4ac5d6fe0a4af17e4b6251b884485832bf75a3 ......
checking 0b6393523e59d1abcee494daaa350ef1ed6ed0c0 ......
	 orig commit -> 4c1458df9635c7e3ced155f594d2e7dfd7254e21 ......
checking 8dd745a8799ee01fc67b64fd33cdb44d04eb7e4c ......
	 orig commit -> e4f3aa2e1e67bb48dfbaaf1cad59013d5a5bc276 ......
checking 0cf4fa79920cfdff86e2ebef7aadd5a6e3b09b92 ......
	 orig commit -> 62e3941776fea8678bb8120607039410b1b61a65 ......
checking 9e79094da01fecd4a1fb533e6f495c2a0e8bea75 ......
	 orig commit -> b4dc44b3cac9e8327e0655f530ed0c46f2e6214c ......
checking abefbf42e4655a4d237748756c35711c857a7a39 ......
	 orig commit -> 693b31b2fc1636f0aa7af53136d3b49f6ad9ff39 ......
checking c19136a6cd2ef80e12c1bac21be752c34b71c632 ......
	 orig commit -> bd24db04101f45a9c1d874fe21b0c7eab7bcadec ......
checking 64a5369b7e7fdbf5d6dd861e38a8ac9537f4ef89 ......
	 orig commit -> 8344498721059754e09d30fe255a12dab8fb03ef ......
checking ff37c427fb4f9cb64c6a765d35560c6a76ac6561 ......
	 orig commit -> 2794f688b2c336e0da85e9f91fed33febbd9f54a ......
checking 76c386b3a826112c0ac7c83a8c442c3a2c339379 ......
	 orig commit -> ee9d21b3b3583712029a0db65a4b7c081d08d3b3 ......
checking 12b49fd34b8ca433c19dedf719faada112c692c4 ......
	 orig commit -> dc57aaf95a516f70e2d527d8287a0332c481a226 ......
checking 2a55f0985d484c0f993021923aa5337404d845cd ......
	 orig commit -> c5d59528e24ad22500347b199d52b9368e686a42 ......
checking 4bdf5ec12d3c655e5dbead42dd194c094bb6d7b5 ......
	 orig commit -> 538f66ba204944470a653a4cccc5f8befdf97c22 ......
checking 0e4dde1a6e300ba40d9bdf5dc21bae7cf92a6564 ......
	 orig commit -> f5e284803a7206d43e26f9ffcae5de9626d95e37 ......
checking 427ccff8aabbbd3ace40edf1a22c0e72809a806a ......
	 orig commit -> 35d3cbe84544da74e39e1cec01374092467e3119 ......
checking 9206016ce4079b492ad91b7898941fdbf1c8d7fe ......
	 orig commit -> 33a1a7be198657c8ca26ad406c4d2a89b7162bcc ......
checking 9bed31c93660e7af9caeebe8558d170e6f00e200 ......
	 orig commit -> f9bc28aedfb5bbd572d2d365f3095c1becd7209b ......
