Check from v4.9.153 to v4.9.154
Commit count: 43
checking a4d0a0910e693dafd83311994e12a0a8a0846694 ......
checking 6362aa508f82ee73018d75a2953bfbea57d62de8 ......
	 orig commit -> 0d228ece59a35a9b9e8ff0d40653234a6d90f61e ......
checking c341208094546f2beae2c057144345b8205f749c ......
	 orig commit -> 5c06147128fbbdf7a84232c5f0d808f53153defe ......
checking dff93bb9ecba53d59d77aee65b2ca67cfd02814c ......
	 orig commit -> 0ea295dd853e0879a9a30ab61f923c26be35b902 ......
checking f63ee3bb14a6aee5c1312ab716a72c2e37a42d2e ......
	 orig commit -> 5cbab6303b4791a3e6713dfe2c5fda6a867f9adc ......
checking 8d1ee2d54d41e9077405e2eac6abdbba0867562f ......
	 orig commit -> ad1f824948e4ed886529219cf7cd717d078c630d ......
checking 59735968ad8ceb3688cb490ca0eecef6300d5a4e ......
	 orig commit -> 60f1bf29c0b2519989927cae640cd1f50f59dc7f ......
checking 25043da99095e190975e725cfd3dae6257bf235b ......
	 orig commit -> 8208d1708b88b412ca97f50a6d951242c88cbbac ......
checking a9c87582ba82f2ec3889a975bd5e827d846676cd ......
	 orig commit -> 1fe627da30331024f453faef04d500079b901107 ......
checking 2b0aa312513e4d891a755e19ece9a7a1ec4cb3dc ......
	 orig commit -> 3d20c6246690219881786de10d2dda93f616d0ac ......
		 3d20c6246690219881786de10d2dda93f616d0ac has problem. Fixes commit -> b31a8cc1a53dda3a33b6c9c62779869d4d5fc142
checking c13c2a5b1906faab5f2ca318b4e4f9a3e0d4c8a7 ......
	 orig commit -> 0c9b1965faddad7534b6974b5b36c4ad37998f8e ......
checking 30e7517e837aacfefc44193265d356dca507d6ea ......
	 orig commit -> 93171ba6f1deffd82f381d36cb13177872d023f6 ......
checking 69129bcefbf9172507b5d783645c35b442e1ceb8 ......
	 orig commit -> 7b12c8189a3dc50638e7d53714c88007268d47ef ......
checking 3cfc8a2983a98c837cc7b7cad332434920ecfd8f ......
	 orig commit -> 7e6fc2f50a3197d0e82d1c0e86282976c9e6c8a4 ......
checking cc6455e97d8cba68b28762ee844c7c3db0f26865 ......
	 orig commit -> e1812933b17be7814f51b6c310c5d1ced7a9a5f5 ......
checking 22c9bc0fc0e137d8e0902f72354d9d8232b6a2ed ......
	 orig commit -> 5cc244a20b86090c087073c124284381cdf47234 ......
checking 5675a52cf5e1b673da900e59f01bf959f158b64b ......
	 orig commit -> d445bd9cec1a850c2100fcf53684c13b3fd934f2 ......
checking e531b6550950b07b57b38933845ed23339480733 ......
	 orig commit -> 11189c1089da413aa4b5fd6be4c4d47c78968819 ......
		 11189c1089da413aa4b5fd6be4c4d47c78968819 has problem. Fixes commit -> 0171b6b78131110a6870d4b7296bc9dfc392116a
ebe9f6f19d80d8978d16078dff3d5bd93ad8d102
checking 17f69298472cb0682e7247dc265d6b4f4e4cd9ac ......
	 orig commit -> 5e9e38d0db1d29efed1dd4cf9a70115d33521be7 ......
checking a3c841af7dee74107a9b6baf0af67457c075cdd2 ......
	 orig commit -> d77651a227f8920dd7ec179b84e400cce844eeb3 ......
checking 1777fa9611fcf295e72f030ca4900c5356cb8bd3 ......
	 orig commit -> f0907827a8a9152aedac2833ed1b674a7b2a44f2 ......
checking c4a8adc4ddafc6ff248415bcb55ac7e9b84a0ae9 ......
	 orig commit -> fe2bfd0d40c935763812973ce15f5764f1c12833 ......
checking eb2fe47ca9809c16f9228cd6fa0e1bc11c914905 ......
	 orig commit -> acc58d0bab55a50e02c25f00bd6a210ee121595f ......
checking 493f75839c1138c3c9c77dbed3178e8c39a44ed1 ......
	 orig commit -> fc01d8c61ce02c034e67378cd3e645734bc18c8c ......
checking b7bd4a2b4263853043ab2033cbc796da3d75f0f1 ......
	 orig commit -> aff9cf5955185d1f183227e46c5f8673fa483813 ......
checking 0609c03246ebb1b83a5b6c6eb3343fe9f08d8c7b ......
	 orig commit -> 27cfb3a53be46a54ec5e0bd04e51995b74c90343 ......
checking dff6b7b31d650424de0c9fb9038a20f37350a13f ......
	 orig commit -> 5f74a8cbb38d10615ed46bc3e37d9a4c9af8045a ......
checking 08e4f6c4750c65f98912c40721f7fd10536e6286 ......
	 orig commit -> 701956d4018e5d5438570e39e8bda47edd32c489 ......
checking 7ed458fd0b7eda471bb1cf20e4579f75711d4026 ......
	 orig commit -> b7cb707c373094ce4008d4a6ac9b6b366ec52da5 ......
checking 17eb3c3efb0eb74eb7da71fc1e1eec99c1b7089c ......
	 orig commit -> 03aa047ef2db4985e444af6ee1c1dd084ad9fb4c ......
checking d894089996197bee258a6792da9f45af35dab099 ......
	 orig commit -> 3affbf0e154ee351add6fcc254c59c3f3947fa8f ......
checking 5a026d14c5fe91349243819918007545198a22ee ......
	 orig commit -> e6a72b7daeeb521753803550f0ed711152bb2555 ......
checking 9b65b52eb689b93f8c7ebe56d082073b8c3d32b4 ......
	 orig commit -> 060d0bf491874daece47053c4e1fb0489eb867d2 ......
checking 3d963c98d796f4e065579b234597f838164b8003 ......
	 orig commit -> 44fabd8cdaaa3acb80ad2bb3b5c61ae2136af661 ......
checking efccd43d994a6450a25ab3c64c2b9f4327cc2657 ......
	 orig commit -> 4dcf9ddc9ad5ab649abafa98c5a4d54b1a33dabb ......
checking da0629385449dffc9996f197575c4a61edfef968 ......
	 orig commit -> b81c2c33eab79dfd3650293b2227ee5c6036585c ......
checking 8c849652804b98ec332ff80287d0cc511983560a ......
	 orig commit -> f6f2a4a2eb92bc73671204198bb2f8ab53ff59fb ......
checking 147bb6f52c5fd06ed9e21f9fa6faa3b5a635beb6 ......
	 orig commit -> cd0c4e70fc0ccfa705cdf55efb27519ce9337a26 ......
checking bff74329bcc7c22b78b4cf59d42e2b4886db5a5c ......
	 orig commit -> f97f4dd8b3bb9d0993d2491e0f22024c68109184 ......
checking b35efeb6b4ea3e27b88c48da78a3eb0703907447 ......
	 orig commit -> cc5e710759470bc7f3c61d11fd54586f15fdbdf4 ......
		 cc5e710759470bc7f3c61d11fd54586f15fdbdf4 has problem. Fixes commit -> 816db7663565cd23f74ed3d5c9240522e3fb0dda
commit 38d315f14f845d2d5e95bfa22feeec4adcb4b5ee
Author: Jason Wang <jasowang@redhat.com>
Date:   Tue Feb 19 14:53:44 2019 +0800

    vhost: correctly check the return value of translate_desc() in log_used()
    
    [ Upstream commit 816db7663565cd23f74ed3d5c9240522e3fb0dda ]
    
    When fail, translate_desc() returns negative value, otherwise the
    number of iovs. So we should fail when the return value is negative
    instead of a blindly check against zero.
    
    Detected by CoverityScan, CID# 1442593:  Control flow issues  (DEADCODE)
    
    Fixes: cc5e71075947 ("vhost: log dirty page correctly")
    Acked-by: Michael S. Tsirkin <mst@redhat.com>
    Reported-by: Stephen Hemminger <stephen@networkplumber.org>
    Signed-off-by: Jason Wang <jasowang@redhat.com>
    Signed-off-by: David S. Miller <davem@davemloft.net>
    Signed-off-by: Greg Kroah-Hartman <gregkh@linuxfoundation.org>
checking 4b9245f2cd3042d799b76bde26fbef5026f5fbb5 ......
	 orig commit -> 04a4af334b971814eedf4e4a413343ad3287d9a9 ......
checking 04663e84f0429d3777ccb2c3f895fc8a37bddf31 ......
	 orig commit -> 6c57f0458022298e4da1729c67bd33ce41c14e7a ......
checking 0ae4bffc96aa1a1dccba04bc39f72cffc5588afc ......
	 orig commit -> 28c1382fa28f2e2d9d0d6f25ae879b5af2ecbd03 ......
