Check from v4.9.66 to v4.9.67
Commit count: 39
checking 284bbc782445283e9a5124666dda8010f379f179 ......
checking f990312aaa74faf14d00a1b050c55a66dfe3153a ......
	 orig commit -> 56350fb8978bbf4aafe08f21234e161dd128b417 ......
checking 838cdb26a538aa83326639f53ce4f8112f23dd96 ......
	 orig commit -> ae5c631e605a452a5a0e73205a92810c01ed954b ......
checking daf3a68d52826e697eb20c1f290aa198d43dfad5 ......
	 orig commit -> b688741cb06695312f18b730653d6611e1bad28d ......
checking a11ca51bf70c81240c2c17af66813e549abb691a ......
	 orig commit -> 0d794d0d018f23fb09c50f6ae26868bd6ae343d6 ......
	 orig commit -> 0d794d0d018f23fb09c50f6ae26868bd6ae343d6 ......
checking fb541279bbe07a2e14ee9324c336984ae23e23c3 ......
	 orig commit -> 8d8258bdab735d9f3c4b78e091ecfbb2b2b1f2ca ......
checking 5b1c8c96dfab3a15fafcbb573e98d17a12fbfcbc ......
	 orig commit -> 4d98e5ee6084f6d7bc578c5d5f86de7156aaa4cb ......
checking 44df87e6dfadc423407f2b7a546396b86a37d462 ......
	 orig commit -> a2f042430784d86eb2b7a6d2a869f552da30edba ......
checking 25abe3a9585eeadbbb65851c2082f232f1b6ee40 ......
	 orig commit -> f3621a8eb59a913612c8e6e37d81f16b649f8b6c ......
checking 3405805db8bbe72e831059f93775e7048d5f742d ......
	 orig commit -> 4f626a4ac8f57ddabf06d03870adab91e463217f ......
checking 9cd48ba5fc9d1699fce31b625c32fd8bc77a28c0 ......
	 orig commit -> 78aa02c713fcf19e9bc8511ab61a5fd6c877cc01 ......
checking d316675a9da4c2bb28a247ad5e1044e5bd0daaf7 ......
	 orig commit -> 40a9960b046290939b56ce8e51f365258f27f264 ......
checking b0f63389dab9c7fe819e898f69b63c686e491f28 ......
	 orig commit -> 18c437caa5b18a235dd65cec224eab54bebcee65 ......
checking f425b050254ed8ccd996bb0a943b5d7d8259ac72 ......
	 orig commit -> 8c97eeccf0ad8783c057830119467b877bdfced7 ......
checking eafbee43b7ec603c002e34597ab5f8fc170d7ab4 ......
	 orig commit -> 68615eb01f82256c19e41967bfb3eef902f77033 ......
checking 8588eb0ce6a639be06110d7bbc8f59d8468ed9b7 ......
	 orig commit -> cf33c1ee5254c6a430bc1538232b49c3ea13e613 ......
checking 53cf83b3c73446a3f047e6abb805521a83baa133 ......
	 orig commit -> 6e0c9507bf51e1517a80ad0ac171e5402528fcef ......
checking 19699abea32154abcf2135c71f2eb0f260f3ffa2 ......
	 orig commit -> d9bcd462daf34aebb8de9ad7f76de0198bb5a0f0 ......
checking d3da2efa6d9db2be41615fbc514cd056a06f5deb ......
	 orig commit -> 5478e478eee3b096b8d998d4ed445da30da2dfbc ......
checking 388d8c9fa37194a782f7a7d7c21b7590fd08893d ......
	 orig commit -> 644a1f19c6c8393d0c4168a5adf79056da6822eb ......
checking c814d6701b08fe58d6eb95641a089bde51afe951 ......
	 orig commit -> c892b0d81705c566f575e489efc3c50762db1bde ......
checking 0bf4d0517667877c2b0955586070fd7198943896 ......
	 orig commit -> ebe7dd45cf49e3b49cacbaace17f9f878f21fbea ......
checking 9aad75786e3d986499934fdaec7f911949a2f3e3 ......
	 orig commit -> 12806ba937382fdfdbad62a399aa2dce65c10fcd ......
checking e02746e22d24233dca60302ddad1c071603394d7 ......
	 orig commit -> e872fa94662d0644057c7c80b3071bdb9249e5ab ......
checking 67945527ee240ff96daee0ef33d997a2fe43a419 ......
	 orig commit -> 6ea6e84309ca7e0e850b3083e6b09344ee15c290 ......
checking c0a4c22aad0f80a88b2c7cae652a29f385a12e9d ......
	 orig commit -> 61cb57c9ed631c95b54f8e9090c89d18b3695b3c ......
checking f5477da6c3b0f8df578a55dfdeebe18458303e4d ......
	 orig commit -> 51c4b8bba674cfd2260d173602c4dac08e4c3a99 ......
checking e18a963b36a001b0067f9091b4ea23aa152af341 ......
	 orig commit -> a3ac350793d90d1da631c8beeee9352387974ed5 ......
checking dc554abdaee496a8dd0dbafec7abb83328a575ae ......
	 orig commit -> ad48ed0c5763dc08931407e455dff5acdbe96e81 ......
checking aa1a6cf1586bb0aa7c6585ebaffd7b5e3ae4f040 ......
	 orig commit -> 64ebe12494fd5d193f014ce38e1fd83cc57883c8 ......
checking 1c404259164405f9a61379285f6e1fcb57ea43aa ......
	 orig commit -> d8a1a000555ecd1b824ac1ed6df8fe364dfbbbb0 ......
checking 1c8ea4145097f8a69a8230b0e40c083ffc1b53e4 ......
	 orig commit -> 15ca08d3299682dc49bad73251677b2c5017ef08 ......
checking c251267c8826027af32fe7195650d29797539847 ......
	 orig commit -> 8e138e0d92c6c9d3d481674fb14e3439b495be37 ......
checking ba32d7dce43f14ef1a1cb0540959431526cf7fe0 ......
	 orig commit -> 6ea8d958a2c95a1d514015d4e29ba21a8c0a1a91 ......
checking cebe139e5712d6925a9b70f3769df6818b6c14dd ......
	 orig commit -> 31383c6865a578834dd953d9dbc88e6b19fe3997 ......
		 31383c6865a578834dd953d9dbc88e6b19fe3997 has problem. Fixes commit -> 3d942ee079b917b24e2a0c5f18d35ac8ec9fee48
commit 86c8c892d38fd80c8acc4b44b75213758eb5d9de
Author: Mike Kravetz <mike.kravetz@oracle.com>
Date:   Wed Mar 28 16:01:01 2018 -0700

    ipc/shm.c: add split function to shm_vm_ops
    
    commit 3d942ee079b917b24e2a0c5f18d35ac8ec9fee48 upstream.
    
    If System V shmget/shmat operations are used to create a hugetlbfs
    backed mapping, it is possible to munmap part of the mapping and split
    the underlying vma such that it is not huge page aligned.  This will
    untimately result in the following BUG:
    
      kernel BUG at /build/linux-jWa1Fv/linux-4.15.0/mm/hugetlb.c:3310!
      Oops: Exception in kernel mode, sig: 5 [#1]
      LE SMP NR_CPUS=2048 NUMA PowerNV
      Modules linked in: kcm nfc af_alg caif_socket caif phonet fcrypt
      CPU: 18 PID: 43243 Comm: trinity-subchil Tainted: G         C  E 4.15.0-10-generic #11-Ubuntu
      NIP:  c00000000036e764 LR: c00000000036ee48 CTR: 0000000000000009
      REGS: c000003fbcdcf810 TRAP: 0700   Tainted: G         C  E (4.15.0-10-generic)
      MSR:  9000000000029033 <SF,HV,EE,ME,IR,DR,RI,LE>  CR: 24002222  XER: 20040000
      CFAR: c00000000036ee44 SOFTE: 1
      NIP __unmap_hugepage_range+0xa4/0x760
      LR __unmap_hugepage_range_final+0x28/0x50
      Call Trace:
        0x7115e4e00000 (unreliable)
        __unmap_hugepage_range_final+0x28/0x50
        unmap_single_vma+0x11c/0x190
        unmap_vmas+0x94/0x140
        exit_mmap+0x9c/0x1d0
        mmput+0xa8/0x1d0
        do_exit+0x360/0xc80
        do_group_exit+0x60/0x100
        SyS_exit_group+0x24/0x30
        system_call+0x58/0x6c
      ---[ end trace ee88f958a1c62605 ]---
    
    This bug was introduced by commit 31383c6865a5 ("mm, hugetlbfs:
    introduce ->split() to vm_operations_struct").  A split function was
    added to vm_operations_struct to determine if a mapping can be split.
    This was mostly for device-dax and hugetlbfs mappings which have
    specific alignment constraints.
    
    Mappings initiated via shmget/shmat have their original vm_ops
    overwritten with shm_vm_ops.  shm_vm_ops functions will call back to the
    original vm_ops if needed.  Add such a split function to shm_vm_ops.
    
    Link: http://lkml.kernel.org/r/20180321161314.7711-1-mike.kravetz@oracle.com
    Fixes: 31383c6865a5 ("mm, hugetlbfs: introduce ->split() to vm_operations_struct")
    Signed-off-by: Mike Kravetz <mike.kravetz@oracle.com>
    Reported-by: Laurent Dufour <ldufour@linux.vnet.ibm.com>
    Reviewed-by: Laurent Dufour <ldufour@linux.vnet.ibm.com>
    Tested-by: Laurent Dufour <ldufour@linux.vnet.ibm.com>
    Reviewed-by: Dan Williams <dan.j.williams@intel.com>
    Acked-by: Michal Hocko <mhocko@suse.com>
    Cc: Davidlohr Bueso <dave@stgolabs.net>
    Cc: Manfred Spraul <manfred@colorfullife.com>
    Cc: <stable@vger.kernel.org>
    Signed-off-by: Andrew Morton <akpm@linux-foundation.org>
    Signed-off-by: Linus Torvalds <torvalds@linux-foundation.org>
    Signed-off-by: Greg Kroah-Hartman <gregkh@linuxfoundation.org>
checking 436f19a2e49e57b39e1d46ee018eb5f64ec1031f ......
	 orig commit -> 63cd448908b5eb51d84c52f02b31b9b4ccd1cb5a ......
checking 7031ae2ab37d3df53c4a4e9903329a5d38c745ec ......
	 orig commit -> a8f97366452ed491d13cf1e44241bc0b5740b1f0 ......
checking 29bd7003134a3220119e7a75c4b06ac567f966e7 ......
	 orig commit -> b7ace5ed8867ca54503727988adec6b20af54eeb ......
checking 64e916dea413f16e1a49ef3241f9a3435ca713d5 ......
	 orig commit -> 56322e123235370f1449c7444e311cce857d12f5 ......
