Check from v4.9.52 to v4.9.53
Commit count: 65
checking 1852eae92c460813692808234da35d142a405ab7 ......
checking df13283e4b8920ecd00d09eea0f041dc8f1df598 ......
	 orig commit -> 7e91c7df29b5e196de3dc6f086c8937973bd0b88 ......
checking 64afde6f956dfcb719e329a9d2098b53e68d2755 ......
	 orig commit -> 8e75f7a7a00461ef6d91797a60b606367f6e344d ......
checking ea37f61f5de045ce72529ea95c7aa38c8187993c ......
	 orig commit -> c0a1666bcb2a33e84187a15eabdcd54056be9a97 ......
checking cb2da657d3a9218baf522514061c28f5b1fa900e ......
	 orig commit -> 197267d0356004a31c4d6b6336598f5dff3301e1 ......
checking 3ffbe626a254b9af6d98881bc2cbb4f22771567e ......
	 orig commit -> 5753743fa5108b8f98bd61e40dc63f641b26c768 ......
checking 0c4e39ca67008b983d71fe23ee04c6a33ce4b5f4 ......
	 orig commit -> dc91f2eb1a4021eb6705c15e474942f84ab9b211 ......
checking 4c00015385faccd992e98dfedfeaa07ac56d7194 ......
	 orig commit -> b94bf594cf8ed67cdd0439e70fa939783471597a ......
checking e2f803481a84804811656a658c32176b7eec36e8 ......
	 orig commit -> 10201655b085df8e000822e496e5d4016a167a36 ......
checking 5e9b07f30d21295b83f2024ffb5a349d3af6f749 ......
	 orig commit -> 814fb7bb7db5433757d76f4c4502c96fc53b0b5e ......
checking 54af98f86b925573bfaf5254bab50e4a01df1526 ......
	 orig commit -> a3c4fb7c9c2ebfd50b8c60f6c069932bb319bc37 ......
checking f11525d7ff5d784270a66c8b888705dd9b96620b ......
	 orig commit -> 6d6d282932d1a609e60dc4467677e0e863682f57 ......
checking ba44bc49bae6e9e25630388fefbbaa6c6bdd0a11 ......
	 orig commit -> 78ad4ce014d025f41b8dde3a81876832ead643cf ......
checking b86b6c226beafc28d5935ebb99590348cb48b633 ......
	 orig commit -> bb166d7207432d3c7d10c45dc052f12ba3a2121d ......
checking bb1e06d281a82c75487fb7ddf25e540b82db4306 ......
	 orig commit -> 9561475db680f7144d2223a409dd3d7e322aca03 ......
checking 46f062e05920a4d40dbe32aa4bc622df33db6fb2 ......
	 orig commit -> 518417525f3652c12fb5fad6da4ade66c0072fa3 ......
checking 02c7d98bec6cf34ee7079fa503faffc82e17f575 ......
	 orig commit -> 6851a3db7e224bbb85e23b3c64a506c9e0904382 ......
checking 86ef97b2dfd504fbc65f6b244a422db0c1b15797 ......
	 orig commit -> 51aa68e7d57e3217192d88ce90fd5b8ef29ec94f ......
checking 3d4213fac7d10e72859112c9100d8015ce442a3a ......
	 orig commit -> 3a8b0677fc6180a467e26cc32ce6b0c09a32f9bb ......
checking e3a643b3288af043f253cfd7e5bf5a4889964d7c ......
	 orig commit -> b862789aa5186d5ea3a024b7cfe0f80c3a38b980 ......
checking 58d2fb119ae61fe5ae27586c98ce3664127c6177 ......
	 orig commit -> 31afb2ea2b10a7d17ce3db4cdb0a12b63b2fe08a ......
checking ff5eb8f28ff260873909fbd259cf892594621fc4 ......
	 orig commit -> 8b306e2f3c41939ea528e6174c88cfbfff893ce1 ......
		 8b306e2f3c41939ea528e6174c88cfbfff893ce1 has problem. Fixes commit -> e42eef4ba38806b18c4a74f0c276fb2e0b548173
commit 703d672a63e1feeb6f86a17b8bd09ce37bb3a31a
Author: Arnd Bergmann <arnd@arndb.de>
Date:   Wed Oct 4 12:28:18 2017 +0200

    KVM: add X86_LOCAL_APIC dependency
    
    commit e42eef4ba38806b18c4a74f0c276fb2e0b548173 upstream.
    
    The rework of the posted interrupt handling broke building without
    support for the local APIC:
    
    ERROR: "boot_cpu_physical_apicid" [arch/x86/kvm/kvm-intel.ko] undefined!
    
    That configuration is probably not particularly useful anyway, so
    we can avoid the randconfig failures by adding a Kconfig dependency.
    
    Fixes: 8b306e2f3c41 ("KVM: VMX: avoid double list add with VT-d posted interrupts")
    Signed-off-by: Arnd Bergmann <arnd@arndb.de>
    Signed-off-by: Radim Krčmář <rkrcmar@redhat.com>
    Signed-off-by: Greg Kroah-Hartman <gregkh@linuxfoundation.org>
checking 01c58b0edeb1d7cab6976462aef585e928924ab9 ......
	 orig commit -> cd39e1176d320157831ce030b4c869bd2d5eb142 ......
checking d49527ed4888dbfbeb3b74a41343a24e81e5517b ......
	 orig commit -> 760bfb47c36a07741a089bf6a28e854ffbee7dc9 ......
checking 7dbd64284b18423c7c81ceb6911de472d1bbadcf ......
	 orig commit -> 5371513fb338fb9989c569dc071326d369d6ade8 ......
checking be69c4c00a68210e6ca5eb669b6e8d7e1ac00cb8 ......
	 orig commit -> 66a733ea6b611aecf0119514d2dddab5f9d6c01e ......
		 66a733ea6b611aecf0119514d2dddab5f9d6c01e has problem. Fixes commit -> 084f5601c357e4ee59cf0712200d3f5c4710ba40
checking 58052a74d9b0a8e2aaf6e258c94a32f7c2d3aae6 ......
	 orig commit -> 10859f3855db4c6f10dc7974ff4b3a292f3de8e0 ......
checking 831cca587e7b4bf03996c72a3ebf2d21146c0b44 ......
	 orig commit -> 3d318605f5e32ff44fb290d9b67573b34213c4c8 ......
checking f184cf5256b704c41acb873575cd2a554bfe4265 ......
	 orig commit -> 8b1bbf36b7452c4acb20e91948eaa5e225ea6978 ......
checking eb4375e1969c48d454998b2a284c2e6a5dc9eb68 ......
	 orig commit -> f507b54dccfd8000c517d740bc45f20c74532d18 ......
checking c820441a7a52e3626aede8df94069a50a9e4efdb ......
	 orig commit -> e785fa0a164aa11001cba931367c7f94ffaff888 ......
checking f3e2e7f0b4d77d8b26a2bd5525c35d9a16952517 ......
	 orig commit -> fc46820b27a2d9a46f7e90c9ceb4a64a1bc5fab8 ......
checking 18a89a10b26b325da5eb03cbd275f835a4a704f5 ......
	 orig commit -> 1013e760d10e614dc10b5624ce9fc41563ba2e65 ......
checking 0e1b85a41a25ac888fb64a60ad2949dbc2ab61ed ......
	 orig commit -> 0603c96f3af50e2f9299fa410c224ab1d465e0f9 ......
checking df1be2066433d6381efe5b092e7f662a4f1dada2 ......
	 orig commit -> c721c38957fb19982416f6be71aae7b30630d83b ......
checking f2d395b7bde53926bbca40e6e091e7fe4a644b4b ......
	 orig commit -> 23586b66d84ba3184b8820277f3fc42761640f87 ......
checking 3a02f8cb556402a81028469be9cf17bb3a0542cf ......
	 orig commit -> 157c460e10cb6eca29ccbd0f023db159d0c55ec7 ......
checking 22338c55658d888326bd1998f8d4328c76809053 ......
	 orig commit -> ba385c0594e723d41790ecfb12c610e6f90c7785 ......
checking c76655fb0f448de4cfadc83d3266c05a0a3c5dc0 ......
	 orig commit -> a4979a7e71eb8da976cbe4a0a1fa50636e76b04f ......
checking f89f25b531471a6ba43f0b5658f9359fcf33a285 ......
	 orig commit -> c1fa0768a8713b135848f78fd43ffc208d8ded70 ......
checking 5c23dcf86e2d66f40d39e1cefb9f8c2eabf83543 ......
	 orig commit -> b537ca6fede69a281dc524983e5e633d79a10a08 ......
checking dda70d28c0ac191f128bfd3acfd800667ed86bdf ......
	 orig commit -> 37863c43b2c6464f252862bf2e9768264e961678 ......
checking bfe9d7b8e0f2d4a4bc8298e25597983ac662dac0 ......
	 orig commit -> 237bbd29f7a049d310d907f4b2716a7feef9abf3 ......
checking 47e8bd1965fc2bcee69a62a5cc2d5336b2e79835 ......
	 orig commit -> e645016abc803dafc75e4b8f6e4118f088900ffb ......
		 e645016abc803dafc75e4b8f6e4118f088900ffb has problem. Fixes commit -> 3239b6f29bdfb4b0a2ba59df995fc9e6f4df7f1f
commit 0be72aebbff3d71851dd7ee98ec9f20018456448
Author: Eric Biggers <ebiggers@google.com>
Date:   Thu Nov 2 00:47:03 2017 +0000

    KEYS: return full count in keyring_read() if buffer is too small
    
    commit 3239b6f29bdfb4b0a2ba59df995fc9e6f4df7f1f upstream.
    
    Commit e645016abc80 ("KEYS: fix writing past end of user-supplied buffer
    in keyring_read()") made keyring_read() stop corrupting userspace memory
    when the user-supplied buffer is too small.  However it also made the
    return value in that case be the short buffer size rather than the size
    required, yet keyctl_read() is actually documented to return the size
    required.  Therefore, switch it over to the documented behavior.
    
    Note that for now we continue to have it fill the short buffer, since it
    did that before (pre-v3.13) and dump_key_tree_aux() in keyutils arguably
    relies on it.
    
    Fixes: e645016abc80 ("KEYS: fix writing past end of user-supplied buffer in keyring_read()")
    Reported-by: Ben Hutchings <ben@decadent.org.uk>
    Signed-off-by: Eric Biggers <ebiggers@google.com>
    Signed-off-by: David Howells <dhowells@redhat.com>
    Reviewed-by: James Morris <james.l.morris@oracle.com>
    Signed-off-by: James Morris <james.l.morris@oracle.com>
    Signed-off-by: Greg Kroah-Hartman <gregkh@linuxfoundation.org>
checking 0c70fb88c7510784b12567e9ca5b848dd2b20395 ......
	 orig commit -> 428490e38b2e352812e0b765d8bceafab0ec441d ......
		 428490e38b2e352812e0b765d8bceafab0ec441d has problem. Fixes commit -> 3cd18d1981731d5f74b8e437009124ac99905d14
commit 077463be4fd5ec4ea2eb2101074893498a152066
Author: Arnd Bergmann <arnd@arndb.de>
Date:   Wed Oct 4 12:27:00 2017 +0200

    security/keys: BIG_KEY requires CONFIG_CRYPTO
    
    commit 3cd18d1981731d5f74b8e437009124ac99905d14 upstream.
    
    The recent rework introduced a possible randconfig build failure
    when CONFIG_CRYPTO configured to only allow modules:
    
    security/keys/big_key.o: In function `big_key_crypt':
    big_key.c:(.text+0x29f): undefined reference to `crypto_aead_setkey'
    security/keys/big_key.o: In function `big_key_init':
    big_key.c:(.init.text+0x1a): undefined reference to `crypto_alloc_aead'
    big_key.c:(.init.text+0x45): undefined reference to `crypto_aead_setauthsize'
    big_key.c:(.init.text+0x77): undefined reference to `crypto_destroy_tfm'
    crypto/gcm.o: In function `gcm_hash_crypt_remain_continue':
    gcm.c:(.text+0x167): undefined reference to `crypto_ahash_finup'
    crypto/gcm.o: In function `crypto_gcm_exit_tfm':
    gcm.c:(.text+0x847): undefined reference to `crypto_destroy_tfm'
    
    When we 'select CRYPTO' like the other users, we always get a
    configuration that builds.
    
    Fixes: 428490e38b2e ("security/keys: rewrite all of big_key crypto")
    Signed-off-by: Arnd Bergmann <arnd@arndb.de>
    Signed-off-by: David Howells <dhowells@redhat.com>
    Signed-off-by: Greg Kroah-Hartman <gregkh@linuxfoundation.org>
checking 2f9be92dfffec82fbaebc9ff32c749b5764fea19 ......
	 orig commit -> 910801809b2e40a4baedd080ef5d80b4a180e70e ......
checking b60f791ef32db376d55f047748615baee9dc63ef ......
	 orig commit -> 886a27c0fc8a34633aadb0986dba11d8c150ae2e ......
checking 1492259fc324d29184801b6244900abba394301e ......
	 orig commit -> afd62fa26343be6445479e75de9f07092a061459 ......
checking 70117b7735983978b695cf203da7386a26a7e0bb ......
	 orig commit -> 56136631573baa537a15e0012055ffe8cfec1a33 ......
checking 7e1b2b2db3d744f85d0c9d3ae85cbe1a6082721b ......
	 orig commit -> bd6227a150fdb56e7bb734976ef6e53a2c1cb334 ......
checking 29825768590ef7f180783fd7b808e69eeb687b83 ......
	 orig commit -> 820608548737e315c6f93e3099b4e65bde062334 ......
checking b42bf0f15cf70926f3a460e7517703fda6191ba7 ......
	 orig commit -> c88f0e6b06f4092995688211a631bb436125d77b ......
checking 49c2b839b743dfd8e3b6332494eba00ef47389a3 ......
	 orig commit -> 184a09eb9a2fe425e49c9538f1604b05ed33cfef ......
checking 648798cc2fd7d748573ba760a66cfa7b561abe77 ......
	 orig commit -> 3664847d95e60a9a943858b7800f8484669740fc ......
checking 5fb4be27dac5f0ad925604acf4b5984fe8271551 ......
	 orig commit -> 8dd33bcb7050dd6f8c1432732f930932c9d3a33e ......
checking 97d402e6eed2f7d867a9f57d9d35a968c1440fe8 ......
	 orig commit -> 75df6e688ccd517e339a7c422ef7ad73045b18a2 ......
checking 8dcf70ab1830a98807089f592cc4bd89cda50083 ......
	 orig commit -> edd03602d97236e8fea13cd76886c576186aa307 ......
checking 18b7919a9de8a64a118346552987a07a80b70679 ......
	 orig commit -> 47c5310a8dbe7c2cb9f0083daa43ceed76c257fa ......
	 orig commit -> edd03602d97236e8fea13cd76886c576186aa307 ......
checking 3d5960c8c657702bc722f0e801e24487f040980c ......
	 orig commit -> 12ac1d0f6c3e95732d144ffa65c8b20fbd9aa462 ......
checking e167b4ad529b4753fa225c28faf4163cce22806a ......
	 orig commit -> 6e46d8ce894374fc135c96a8d1057c6af1fef237 ......
checking e7e0f0dda28b7b3b183e5c2cdb0db0f0230d285d ......
	 orig commit -> 9de981f507474f326e42117858dc9a9321331ae5 ......
checking 59862b0429d98f958c44a9e51cb317773ee28ba9 ......
	 orig commit -> 53168215909281a09d3afc6fb51a9d4f81f74d39 ......
checking 9ad15a25669ec8c120e910cf18620af2455cb6df ......
	 orig commit -> fd7d56270b526ca3ed0c224362e3c64a0f86687a ......
checking b6a77c7ba6741240d7bbf5b520e6eb93d3a5b211 ......
	 orig commit -> f5c4ba816315d3b813af16f5571f86c8d4e897bd ......
checking 9a7bc3f0c76a49c71f507418c172f2af733ddea1 ......
	 orig commit -> 94183331e815617246b1baa97e0916f358c794bb ......
