Check from v4.9.43 to v4.9.44
Commit count: 42
checking a97a16f18c4895e41951a44d27af8af0b8f1d897 ......
checking eea1ec08f8a5f8ab57b66f47d2673089c9ebea69 ......
	 orig commit -> 68fe55680d0f3342969f49412fceabb90bdfadba ......
checking 5e5a510455323634dc3df7a2d58c985b730c31ad ......
	 orig commit -> 34e61801a3b9df74b69f0e359d64a197a77dd6ac ......
checking 8cbc0b49ca8db1f83835f86d337195947632aa3f ......
	 orig commit -> 3fa53ec2ed885b0aec3f0472e3b4a8a6f1cd748c ......
checking 8495ab6ef94a92118ff50b27768bbcc10e1adc14 ......
	 orig commit -> 1bd303dc04c3f744474e77c153575087b657f7e1 ......
checking f642d29c23883f0d700f9f87107f1786dd2d7363 ......
	 orig commit -> 9592bc256d50481dfcdba93890e576a728fb373c ......
checking 877fe62863d0d1dcac837bef9a7b0028f0cd8951 ......
	 orig commit -> 5d996132d921c391af5f267123eca1a6a3148ecd ......
checking 7b6fff65ecf92b265f48249f041b8c06557960ed ......
	 orig commit -> d81ece747d8727bb8b1cfc9a20dbe62f09a4e35a ......
checking a68978bb949a9be075b75a045250ce89d7550604 ......
	 orig commit -> 8a9d6e964d318533ba3d2901ce153ba317c99a89 ......
checking eda1b3d42fad388bf285e8d7b45009b61b0e6f6e ......
	 orig commit -> d466d3c1217406b14b834335b5b4b33c0d45bd09 ......
checking 4cae4a23d9a4d2e0515d22590c23147809f7ea8e ......
	 orig commit -> e788787ef4f9c24aafefc480a8da5f92b914e5e6 ......
		 e788787ef4f9c24aafefc480a8da5f92b914e5e6 has problem. Fixes commit -> e6b422b88b46353cf596e0db6dc0e39d50d90d6e
commit 6b3b3a22ef206ba9c141e04c50b0f48762571bc9
Author: Sandeep Singh <sandeep.singh@amd.com>
Date:   Thu Aug 24 09:57:15 2017 +0530

    usb:xhci:Fix regression when ATI chipsets detected
    
    commit e6b422b88b46353cf596e0db6dc0e39d50d90d6e upstream.
    
    The following commit cause a regression on ATI chipsets.
    'commit e788787ef4f9 ("usb:xhci:Add quirk for Certain
    failing HP keyboard on reset after resume")'
    
    This causes pinfo->smbus_dev to be wrongly set to NULL on
    systems with the ATI chipset that this function checks for first.
    
    Added conditional check for AMD chipsets to avoid the overwriting
    pinfo->smbus_dev.
    
    Reported-by: Ben Hutchings <ben@decadent.org.uk>
    Fixes: e788787ef4f9 ("usb:xhci:Add quirk for Certain
    failing HP keyboard on reset after resume")
    cc: Nehal Shah <Nehal-bakulchandra.Shah@amd.com>
    Signed-off-by: Sandeep Singh <Sandeep.Singh@amd.com>
    Signed-off-by: Shyam Sundar S K <Shyam-sundar.S-k@amd.com>
    Signed-off-by: Greg Kroah-Hartman <gregkh@linuxfoundation.org>
checking f4bbed570aef42ccd08852b05ace99d488ed3ddf ......
	 orig commit -> 7496cfe5431f21da5d27a8388c326397e3f0a5db ......
checking 42d65cc89a2338c8d488cba8a8625951fac7b0a8 ......
	 orig commit -> 2eac13624364db5b5e1666ae0bb3a4d36bc56b6e ......
checking 7c2beb1c44326ecf61c49df4a87a7c75fc255b8a ......
	 orig commit -> 94c43b9897abf4ea366ed4dba027494e080c7050 ......
checking 7f737f10c1ee1749f32e77ac98d5bc3ffde876ce ......
	 orig commit -> 2acecd58969897795cf015c9057ebd349a3fda8a ......
checking 2db03a7fa0ddb671d2508325e1243bd46ab4c6dc ......
	 orig commit -> aca5b9ebd096039657417c321a9252c696b359c2 ......
checking a09ecc9345b6bf07812e55070328d7c0bdb2c498 ......
	 orig commit -> 89f23d51defcb94a5026d4b5da13faf4e1150a6f ......
checking b189f8eb27153daaaa464d7bfec9c5a8ed2989a0 ......
	 orig commit -> cef988642cdac44e910a27cb6e8166c96f86a0df ......
checking bbae08213e6e9811a2d3ece7ba95b1ac0e21f47c ......
	 orig commit -> a3507e48d3f99a93a3056a34a5365f310434570f ......
checking 1ca3869234d300b9a0543cf55dccce42c2fc77c1 ......
	 orig commit -> e59e18989c68a8d7941005f81ad6abc4ca682de0 ......
checking c5347390e57a19b4f25fc58f3c77e2cc15d2e47a ......
	 orig commit -> 105967ad68d2eb1a041bc041f9cf96af2a653b65 ......
checking 199a3f26e9d8c5712833084be362004c959ebb59 ......
	 orig commit -> cd5a6a4fdaba150089af2afc220eae0fef74878a ......
checking 821ccbe2937ece265dfc087c4fe272242b70350a ......
	 orig commit -> 45d73860530a14c608f410b91c6c341777bfa85d ......
checking 4fd8c366acac7a888b83a25d349476a111e49ac7 ......
	 orig commit -> 3b6bcd3d093c698d32e93d4da57679b8fbc5e01e ......
checking 5665164015017a8abeb4b401656db678b43dafac ......
	 orig commit -> 9585e340db9f6cc1c0928d82c3a23cc4460f0a3f ......
checking e27f58cd130bae882e6bd66e094c036056a03278 ......
	 orig commit -> fd1b8668af59a11bb754a6c9b0051c6c5ce73b74 ......
checking 2b3bf207b2a2465115d2bded0eef8a3c4ee0c6c2 ......
	 orig commit -> 5279fc7724ae3a82c9cfe5b09c1fb07ff0e41056 ......
checking 4381e2c30008fa5ceb28957cb186a25871b09bf1 ......
	 orig commit -> d6f756e09f01ea7a0efbbcef269a1e384a35d824 ......
checking 00f3c2a253f752948c5cac9f3a554407ab43d9c2 ......
	 orig commit -> 1feb26162bee7b2f110facfec71b5c7bdbc7d14d ......
checking 0a205d8145c22d83e24ada019b599a33f7bf68ed ......
	 orig commit -> 92ddd95919466de5d34f3cb43635da9a7f9ab814 ......
checking 160c365b5879e6d4ea1c299b68c9702e8c783298 ......
	 orig commit -> f7f8c1756e9a5f1258a7cc6b663f8451b724900f ......
checking 227559e6233c9af382efcfd4c9ac87e090bb4853 ......
	 orig commit -> 68227c03cba84a24faf8a7277d2b1a03c8959c2c ......
checking 1da30c23b63b3ed426880ac11179dbc2d2bbf368 ......
	 orig commit -> 6f48655facfd7f7ccfe6d252ac0fe319ab02e4dd ......
	 orig commit -> 01d4d673558985d9a118e1e05026633c3e2ade9b ......
checking b51a71635576ddd2f30597c148ca4b0d62cec288 ......
	 orig commit -> 978d13d60c34818a41fc35962602bdfa5c03f214 ......
checking e6a0599b746427682df1e8d444eee9e0641b4c09 ......
	 orig commit -> ea8dc5b4cd2195ee582cae28afa4164c6dea1738 ......
checking ced271b814e441ac5ce079427c14860f9534b57a ......
	 orig commit -> a11bf5ed951f8900d244d09eb03a888b59c7fc82 ......
checking a311810903c700ff7411be16489df09ad6f3faee ......
	 orig commit -> 7f81e55c737a8fa82c71f290945d729a4902f8d2 ......
checking a3ab0f069f466acb7da4f960d8e1bc3cfdf1309e ......
	 orig commit -> bc652eb6a0d5cffaea7dc8e8ad488aab2a1bf1ed ......
checking 03973c57e1a27de080ed06a3961f1d6afec27539 ......
	 orig commit -> 6d0f581d1768d3eaba15776e7dd1fdfec10cfe36 ......
checking 0041042de554cbcaa73163747d7179be715923fc ......
	 orig commit -> 48fb6f4db940e92cfb16cd878cddd59ea6120d06 ......
checking e2286916ac078728949163d7cbd5d4875a57dbfb ......
	 orig commit -> d041353dc98a6339182cd6f628b4c8f111278cb3 ......
checking b56cd77c1205fae6c92a519bd11cc26e78292bfe ......
	 orig commit -> 75dddef32514f7aa58930bde6a1263253bc3d4ba ......
