Check from v4.9.44 to v4.9.45
Commit count: 28
checking 4b904b22bc906d5867933b8132ae4d7f31d7645d ......
checking 083d423b1f8abfc064a3aae14d46c28b7539656d ......
	 orig commit -> bed9ff165960921303a100228585f2d1691b42eb ......
checking edfe57b2f44a6fa0d02a411fa61425d6b2e4f032 ......
	 orig commit -> ed18c5fa945768a9bec994e786edbbbc7695acf6 ......
checking 322cd32623653c0f860d2fc9789fa5b7ac7b09ae ......
	 orig commit -> dd1c1f2f2028a7b851f701fc6a8ebe39dcb95e7c ......
checking 61332dc598c3f223678b2d7192ccf3472c544799 ......
	 orig commit -> 197e7e521384a23b9e585178f3f11c9fa08274b9 ......
checking f9497d51259faf7f6ecfed393a2a75879926b77a ......
	 orig commit -> 8fbbe2d7cc478d1544f41f2271787c993c23a4f6 ......
checking 762ac49ccecece82aad47bb4bd661791fafac2e5 ......
	 orig commit -> e8f241893dfbbebe2813c01eac54f263e6a5e59c ......
checking 4691f1ca6fad3877a4887041d1ad5eb58117b4a2 ......
	 orig commit -> 277867ade8262583f4280cadbe90e0031a3706a7 ......
checking 665d2009a4afb647b16b2fcfc0ae86a8c7daa23a ......
	 orig commit -> 469bcef53c546bb792aa66303933272991b7831d ......
checking 10d5bf2f6928e3d333cbf82d970d4a057686f9f9 ......
	 orig commit -> e93c17301ac55321fc18e0f8316e924e58a83c8c ......
checking 1581d704e97d66a03fd7727bd1a9e561aff2acc5 ......
	 orig commit -> b15bd8cb37598afb2963f7eb9e2de468d2d60a2f ......
checking 7672f118604781747e65c9a3d8f7fa79ada80fe4 ......
	 orig commit -> 5a69aec945d27e78abac9fd032533d3aaebf7c1e ......
checking d8c20af0085898f9c818dd599b0afb0d0c99dab2 ......
	 orig commit -> c005390374957baacbc38eef96ea360559510aa7 ......
checking 6c7f3756d072050d612e5c5c04108f90f1985435 ......
	 orig commit -> 462cdace790ac2ed6aad1b19c9c0af0143b6aab0 ......
checking 1f2347a095ced10b2054fece0319801097cd852f ......
	 orig commit -> c715b72c1ba406f133217b509044c38d8e714a37 ......
		 c715b72c1ba406f133217b509044c38d8e714a37 has problem. Fixes commit -> be739f4b5ddece74ef25e2304b17a7fd24575e9b
checking 91105f2c621ef0b3c40d6725475b6896eb06f954 ......
	 orig commit -> 73223e4e2e3867ebf033a5a8eb2e5df0158ccc99 ......
checking 59ee25d09fd523c57a911d50760bcc162a5f585f ......
	 orig commit -> 5b53a6ea886700a128b697a6fe8375340dea2c30 ......
checking 87395eeb28e58a60e89b24d067a5968e88096ead ......
	 orig commit -> 3010f876500f9ba921afaeccec30c45ca6584dc8 ......
		 3010f876500f9ba921afaeccec30c45ca6584dc8 has problem. Fixes commit -> 91b540f98872a206ea1c49e4aa6ea8eed0886644
commit 9d263321d7a2c1cb5c9b226316640d5066047a7a
Author: Pavel Tatashin <pasha.tatashin@oracle.com>
Date:   Fri Aug 25 15:55:46 2017 -0700

    mm/memblock.c: reversed logic in memblock_discard()
    
    commit 91b540f98872a206ea1c49e4aa6ea8eed0886644 upstream.
    
    In recently introduced memblock_discard() there is a reversed logic bug.
    Memory is freed of static array instead of dynamically allocated one.
    
    Link: http://lkml.kernel.org/r/1503511441-95478-2-git-send-email-pasha.tatashin@oracle.com
    Fixes: 3010f876500f ("mm: discard memblock data later")
    Signed-off-by: Pavel Tatashin <pasha.tatashin@oracle.com>
    Reported-by: Woody Suwalski <terraluna977@gmail.com>
    Tested-by: Woody Suwalski <terraluna977@gmail.com>
    Acked-by: Michal Hocko <mhocko@suse.com>
    Cc: Vlastimil Babka <vbabka@suse.cz>
    Signed-off-by: Andrew Morton <akpm@linux-foundation.org>
    Signed-off-by: Linus Torvalds <torvalds@linux-foundation.org>
    Signed-off-by: Greg Kroah-Hartman <gregkh@linuxfoundation.org>
checking d3e6e5956687eacc1c462e8dd6f3c66a2b6e8c1b ......
	 orig commit -> 0f174b3525a43bd51f9397394763925e0ebe7bc7 ......
checking f39f086d541f8cef13977fe51308ab805e14b3c3 ......
	 orig commit -> a8e800fe0f68bc28ce309914f47e432742b865ed ......
checking bafb25c5050caa96625df0430d2a80072183f4cf ......
	 orig commit -> 7e1d90f60a0d501c8503e636942ca704a454d910 ......
	 orig commit -> 4842e98f26dd80be3623c4714a244ba52ea096a8 ......
		 4842e98f26dd80be3623c4714a244ba52ea096a8 has problem. Fixes commit -> 7e1d90f60a0d501c8503e636942ca704a454d910
commit bafb25c5050caa96625df0430d2a80072183f4cf
Author: Daniel Mentz <danielmentz@google.com>
Date:   Mon Aug 14 14:46:01 2017 -0700

    ALSA: seq: 2nd attempt at fixing race creating a queue
    
    commit 7e1d90f60a0d501c8503e636942ca704a454d910 upstream.
    
    commit 4842e98f26dd80be3623c4714a244ba52ea096a8 ("ALSA: seq: Fix race at
    creating a queue") attempted to fix a race reported by syzkaller. That
    fix has been described as follows:
    
    "
    When a sequencer queue is created in snd_seq_queue_alloc(),it adds the
    new queue element to the public list before referencing it.  Thus the
    queue might be deleted before the call of snd_seq_queue_use(), and it
    results in the use-after-free error, as spotted by syzkaller.
    
    The fix is to reference the queue object at the right time.
    "
    
    Even with that fix in place, syzkaller reported a use-after-free error.
    It specifically pointed to the last instruction "return q->queue" in
    snd_seq_queue_alloc(). The pointer q is being used after kfree() has
    been called on it.
    
    It turned out that there is still a small window where a race can
    happen. The window opens at
    snd_seq_ioctl_create_queue()->snd_seq_queue_alloc()->queue_list_add()
    and closes at
    snd_seq_ioctl_create_queue()->queueptr()->snd_use_lock_use(). Between
    these two calls, a different thread could delete the queue and possibly
    re-create a different queue in the same location in queue_list.
    
    This change prevents this situation by calling snd_use_lock_use() from
    snd_seq_queue_alloc() prior to calling queue_list_add(). It is then the
    caller's responsibility to call snd_use_lock_free(&q->use_lock).
    
    Fixes: 4842e98f26dd ("ALSA: seq: Fix race at creating a queue")
    Reported-by: Dmitry Vyukov <dvyukov@google.com>
    Signed-off-by: Daniel Mentz <danielmentz@google.com>
    Signed-off-by: Takashi Iwai <tiwai@suse.de>
    Signed-off-by: Greg Kroah-Hartman <gregkh@linuxfoundation.org>
checking 3f7292106d0bda25ef52a3342fb74b84b04f3585 ......
	 orig commit -> 76988690402dde2880bfe06ecccf381d48ba8e1c ......
checking 5dd141e0e9855daca44b3bf8dcbf92494f9c7bf8 ......
	 orig commit -> 1874064eed0502bd9bef7be8023757b0c4f26883 ......
checking c3e8a12e701c587759e3f1d1e9fb8fc262eb5a26 ......
	 orig commit -> 8861249c740fc4af9ddc5aee321eafefb960d7c6 ......
checking 24e7f540245d555f6bcd930a677f8f9056028853 ......
	 orig commit -> 28389575a8cf933a5f3c378556b9f4d3cce0efd2 ......
checking 93f5a0318aae53541a4c53eca444917755b15a40 ......
	 orig commit -> 4098116039911e8870d84c975e2ec22dab65a909 ......
checking adcfbb2d9e386517db84ac56fa3e4abd56db75b3 ......
	 orig commit -> d76036ab47eafa6ce52b69482e91ca3ba337d6d6 ......
checking 5170d210efe44e947abecd60fd0805e970add4fc ......
	 orig commit -> 9c3f3794926a997b1cab6c42480ff300efa2d162 ......
