Check from v4.9.152 to v4.9.153
Commit count: 40
checking 189b75ad3fc2d4a0d40a818ca298526d254ccdc4 ......
checking 4b527f25a4ac64c0d17c882cdf8322be66f31611 ......
checking cac2590d2582c04f995c2b1cd2c30d8a0c11b36e ......
	 orig commit -> 7d6380cd40f7993f75c4bde5b36f6019237e8719 ......
		 7d6380cd40f7993f75c4bde5b36f6019237e8719 has problem. Fixes commit -> 55be8658c7e2feb11a5b5b33ee031791dbd23a69
checking 28aeb4c95f8a8da9c65461979fbb8eddf7d4f56f ......
	 orig commit -> 7550c6079846a24f30d15ac75a941c8515dbedfb ......
checking c6e4be626e83a3e61004c944bb5aa210ec3447cc ......
	 orig commit -> 3fa750dcf29e8606e3969d13d8e188cc1c0f511d ......
checking 3cc44695613e98bbe3df60fc5297a3a9b55e45a4 ......
	 orig commit -> 532e1e54c8140188e192348c790317921cb2dc1c ......
checking 7e4c9c4738231f4b96e819e31c94b877d2cf5178 ......
	 orig commit -> c7a082e4242fd8cd21a441071e622f87c16bdacc ......
checking 1da52f241f5251225f1594af2a2af3f3f792263d ......
	 orig commit -> 2ba55c9851d74eb015a554ef69ddf2ef061d5780 ......
checking 54e6f64efc14213c2e76ea063645392a955b67e4 ......
	 orig commit -> 4f4b374332ec0ae9c738ff8ec9bed5cd97ff9adc ......
	 orig commit -> 356c05d58af05d582e634b54b40050c73609617b ......
	 orig commit -> e9b526fe704812364bca07edd15eadeba163ebfb ......
checking d9c8a99f35c343b7ba7543ebe367df5f0b4e289f ......
	 orig commit -> 644b2e97405b0b74845e1d3c2b4fe4c34858062b ......
checking 69855b55f1ecd58140ed9d851c92e0c76c0345ea ......
	 orig commit -> 721b1d98fb517ae99ab3b757021cf81db41e67be ......
checking 7a6da6292435a5245576a5304a3a30f28abd05ea ......
	 orig commit -> ece9804985b57e1ccd83b1fb6288520955a29d51 ......
checking e9566e9990414e73f5d875307286a75bb9838aa3 ......
	 orig commit -> d7e6b8dfc7bcb3f4f3a18313581f67486a725b52 ......
checking 8691aa52fd2c943437dbf959c6c992ca1b72ab15 ......
	 orig commit -> bd8d57fb7e25e9fcf67a9eef5fa13aabe2016e07 ......
checking f9e281df94bac2e6538d80c06b8bf01beb5759d7 ......
	 orig commit -> 2f5302533f306d5ee87bd375aef9ca35b91762cb ......
checking 9da7dfdb8d97ea40cb4db8f722a78d6db3dff34f ......
	 orig commit -> 1c6f709b9f96366cc47af23c05ecec9b8c0c392d ......
checking 80c8e52837206e5c61cffd35183798b64e659675 ......
	 orig commit -> d72402145ace0697a6a9e8e75a3de5bf3375f78d ......
checking 20f33f37b0b0a89bcc20f9c11cefbdf8e7db80ae ......
	 orig commit -> ae460c115b7aa50c9a36cf78fced07b27962c9d0 ......
checking 4f67ca0965e62df8c8be9bf2893a43327a8b3f66 ......
	 orig commit -> fbac5977d81cb2b2b7e37b11c459055d9585273c ......
checking 7ff335ee509d50a77a626aef22413d6b02994625 ......
	 orig commit -> 77c1c0fa8b1477c5799bdad65026ea5ff676da44 ......
checking 73319e8d4d1c18f0e38a7be3c2062d7e870278ac ......
	 orig commit -> f7542d817733f461258fd3a47d77da35b2d9fc81 ......
checking e562057290b8be55f4eb26ad3a44be3193985e10 ......
	 orig commit -> 0de263577de5d5e052be5f4f93334e63cc8a7f0b ......
checking 6d814b145bdaf03b12585b96418561a2db3c32b4 ......
	 orig commit -> 0fbe82e628c817e292ff588cd5847fc935e025f2 ......
checking bb457a479c9ba5b18828a56acaf6b617010bc138 ......
	 orig commit -> b2e9a4eda11fd2cb1e6714e9ad3f455c402568ff ......
checking dc21489da678693c44a7feb8978c19006da30d3b ......
	 orig commit -> 2b038cbc5fcf12a7ee1cc9bfd5da1e46dacdee87 ......
checking 8117508a9c4b38c941c0fe0d2cdeacf54cd317c7 ......
	 orig commit -> 8d4a862276a9c30a269d368d324fb56529e6d5fd ......
checking fffdbf586866e9500b53c9d4b061d3983720375a ......
	 orig commit -> 30696378f68a9e3dad6bfe55938b112e72af00c2 ......
checking 93611460f355f43ddad0338c05c24b9f699832da ......
	 orig commit -> a788c5272769ddbcdbab297cf386413eeac04463 ......
checking 6b32535988df09ed4416a10c7b291b0f799c76a1 ......
	 orig commit -> b024dd0eba6e6d568f69d63c5e3153aba94c23e3 ......
checking 62044cba2acb26f13176434e554ef230976dbc08 ......
	 orig commit -> 2cbdcb882f97a45f7475c67ac6257bbc16277dfe ......
checking bd37f21e9f85e598be452b4817292bbe601efcd0 ......
	 orig commit -> 81e9fa8bab381f8b6eb04df7cdf0f71994099bd4 ......
checking 8ac4ad063e1a32e321a7a0e6ea9fd305a6ecd033 ......
	 orig commit -> e4849aff1e169b86c561738daf8ff020e9de1011 ......
checking 1871002dd214db617f2e9db15224938130abb14a ......
	 orig commit -> fba43f454cdf9caa3185219d116bd2a6e6354552 ......
checking e97701602266079b8c99cf97c553790908d9c86a ......
	 orig commit -> 646097940ad35aa2c1f2012af932d55976a9f255 ......
checking db16eb55395dc14da29a3e385140f195e57be546 ......
	 orig commit -> 347a28b586802d09604a149c1a1f6de5dccbe6fa ......
checking de390c264e9c31ab3b8c1be0e4db464c3da9a5c5 ......
	 orig commit -> e1f65b0d70e9e5c80e15105cd96fa00174d7c436 ......
checking dfc711a4483991e174f989711b869aaf5df93e8b ......
	 orig commit -> 78f3ac76d9e5219589718b9e4733bee21627b3f5 ......
checking 2af7450e84355619396a9c7c5c3caac2231d3565 ......
	 orig commit -> d4a7e9bb74b5aaf07b89f6531c080b1130bdf019 ......
checking dbbbd01ea8aef42c26215f6c749955a006b9801b ......
	 orig commit -> ec90ad334986fa5856d11dd272f7f22fa86c55c4 ......
		 ec90ad334986fa5856d11dd272f7f22fa86c55c4 has problem. Fixes commit -> d4a7e9bb74b5aaf07b89f6531c080b1130bdf019
commit 2af7450e84355619396a9c7c5c3caac2231d3565
Author: David Ahern <dsahern@gmail.com>
Date:   Sat Jan 5 07:35:04 2019 -0800

    ipv6: Take rcu_read_lock in __inet6_bind for mapped addresses
    
    [ Upstream commit d4a7e9bb74b5aaf07b89f6531c080b1130bdf019 ]
    
    I realized the last patch calls dev_get_by_index_rcu in a branch not
    holding the rcu lock. Add the calls to rcu_read_lock and rcu_read_unlock.
    
    Fixes: ec90ad334986 ("ipv6: Consider sk_bound_dev_if when binding a socket to a v4 mapped address")
    Signed-off-by: David Ahern <dsahern@gmail.com>
    Signed-off-by: David S. Miller <davem@davemloft.net>
    Signed-off-by: Greg Kroah-Hartman <gregkh@linuxfoundation.org>
checking eb0e073f07bdb97226681e4e7e41457e72f2f4ae ......
	 orig commit -> 36352991835ce99e46b4441dd0eb6980f9a83e8f ......
