Check from v4.9.63 to v4.9.64
Commit count: 73
checking 563c24f65f4fb009047cf4702dd16c7c592fd2b2 ......
checking 6fbd42df92170ed24688ed35d95d54c4b42e0c33 ......
	 orig commit -> 770b03c2ca4aa44d226cf248f86aa23e546147d0 ......
checking d8b5d88d219522877b0bed1b5114dddedf042d70 ......
	 orig commit -> 9ea0c307609fd20e03f53546b9cefbb20b96785d ......
checking 54a5155afa84d39d4fa92b775213f46f334625b9 ......
	 orig commit -> d65dfc81bb3894fdb68cbc74bbf5fb48d2354071 ......
checking f6643fc829e03dae653106c981c7edfa4a356162 ......
	 orig commit -> 74d471b598444b7f2d964930f7234779c80960a0 ......
checking 579cf722f8c10858ef6ce46154d950d40feb6ddb ......
	 orig commit -> 19a565d9af6e0d828bd0d521d3bafd5017f4ce52 ......
checking 1f9688d551e3b0c524e65905ea6d56008e7a32a1 ......
	 orig commit -> 771394a54148f18926ca86414e51c69eda27d0cd ......
checking fd6a742d8bf7eac61d6351cb5d77f97a71f099bd ......
	 orig commit -> cdafb6d8b8da7fde266f79b3287ac221aa841879 ......
checking 599973738e282af0f3f78682ce4ef4908dda6a2c ......
	 orig commit -> a0fea6027f19c62727315aba1a7fae75a9caa842 ......
checking 87ff414178cb2fc5ab30b636a3505efe248f6882 ......
	 orig commit -> 2ef47001b3ee3ded579b7532ebdcf8680e4d8c54 ......
checking 11fdb41a1faac5635f9646149b4027809259ce89 ......
	 orig commit -> ccd9888f14a8019c0bbdeeae758aba1f58693712 ......
checking 2d3a0d9501566876ce0d1d9200402eb457e072e0 ......
	 orig commit -> 199512b1234f09e44d592153ec82b44212b2f0c4 ......
checking e38fe6397f732b892f1cf60ea74024839d1a1291 ......
checking a9a3cb25d9c1cd1fd69d4d72d9ba746434936ed2 ......
checking f95d6058d5cca34687efc76dff7998f82ee98534 ......
	 orig commit -> feb0869d90e51ce8b6fd8a46588465b1b5a26d09 ......
checking 3323d07612b20fa59a7dd9a46add880b04f6c37a ......
	 orig commit -> 1786dbf3702e33ce3afd2d3dbe630bd04b1d2e58 ......
checking 3f0cc54226ca6e14ae855907253aa2674aea566b ......
checking d8ce2b0874a762ccc2d68aecf7700b6003e13e87 ......
checking d7df7af5b9b62de017b21573ca57680b9f5d9845 ......
	 orig commit -> 9799270affc53414da96e77e454a5616b39cdab0 ......
checking ade4b22d47bbd8f48f18bd2decac8efe6245b528 ......
	 orig commit -> 35e6de38858f59b6b65dcfeaf700b5d06fc2b93d ......
checking 73b6038950cdfede71a0b2137aeb44f70f7eae55 ......
	 orig commit -> e89ef66d7682f031f026eee6bba03c8c2248d2a9 ......
checking 6539d1ca4fc9e8c11cf77e90828a048b3fa1213b ......
	 orig commit -> d9b5b658210f28ed9f70c757d553e679d76e2986 ......
checking 3b0f619cd4b9674f2e2126c5c9dbc886412f01ab ......
	 orig commit -> 08889582b8aa0bbc01a1e5a0033b9f98d2e11caa ......
checking b53bab72b9d8f1f07a30774c06685cd6e57e8f69 ......
	 orig commit -> f05a88a39c5b5f226e08e626998bb920723b7d85 ......
checking 1f5a7caba79eb47207c94bb43c645714bf3e8ebe ......
	 orig commit -> 94500d5667386119c27725fe314f6882f68580a9 ......
checking ca24e702ccfa7e4eb5cea019ef85823b394a38d4 ......
	 orig commit -> 502c80744fcac6b16f28699469c70db499fe2f69 ......
checking ef417b59c222b5cbdc079184e8170b5c87fadac1 ......
	 orig commit -> 1fe954b2097bb907b4578e6a74e4c1d23785a601 ......
checking bc656fda2442493419c9bd63810dfbb2e9c2cdbf ......
	 orig commit -> 2bf1a87b903bd81b1448a1cef73de59fb6c4d340 ......
checking 7316fb33f0a5df4d4bbfa53c487c5454069cb783 ......
	 orig commit -> 3f0d646b720d541309b11e190db58086f446f41e ......
checking e15dad31b10b156f9d8c23b160f586d0e0f347d2 ......
	 orig commit -> f215266470dfe86196a31fe0725a86cea77f9a18 ......
checking 3bed7d680acf89f231c1724ebac588c8637c2b60 ......
	 orig commit -> f7f37e7ff2b9b7eff7fbd035569cab35896869a3 ......
checking 6a4ef8b6ceeb45dd089b3f7e2771bdcc0d822919 ......
	 orig commit -> 126db13fa0e6d05c9f94e0125f61e773bd5ab079 ......
checking 6c7999904f32630027f80c40ceaff38ca0c60ae0 ......
	 orig commit -> 54f6d4c42451dbd2cc7e0f0bd8fc3eddcab511fe ......
checking 5d820f84e169fa3e83e1f28a0cc4ca5a1770a9c4 ......
	 orig commit -> 0cc878d678444392ca2a31350f89f489593ef5bb ......
checking f6e94c2c16feee9954379744e7a6c3b45c264223 ......
	 orig commit -> 28f1f9b26cee161ddd3985b3eb78e3ffada08dda ......
		 28f1f9b26cee161ddd3985b3eb78e3ffada08dda has problem. Fixes commit -> fa16b69f1299004b60b625f181143500a246e5cb
commit ddf39e0f3cc2fada80d2795ca60777ec77fe6a7d
Author: Takashi Iwai <tiwai@suse.de>
Date:   Tue May 16 09:11:33 2017 +0200

    ALSA: hda - No loopback on ALC299 codec
    
    [ Upstream commit fa16b69f1299004b60b625f181143500a246e5cb ]
    
    ALC299 has no loopback mixer, but the driver still tries to add a beep
    control over the mixer NID which leads to the error at accessing it.
    This patch fixes it by properly declaring mixer_nid=0 for this codec.
    
    Bugzilla: https://bugzilla.kernel.org/show_bug.cgi?id=195775
    Fixes: 28f1f9b26cee ("ALSA: hda/realtek - Add new codec ID ALC299")
    Cc: stable@vger.kernel.org
    Signed-off-by: Takashi Iwai <tiwai@suse.de>
    Signed-off-by: Sasha Levin <sashal@kernel.org>
checking 0e2245ab6901c5ca2757e5cb9bd5242a092ca3b0 ......
	 orig commit -> 4b0ea93f250afc6c1128e201b0a8a115ae613e47 ......
checking 473286bdd58d820118ebef8a2c0733cef33ec432 ......
	 orig commit -> 0eb3fba8c68275f0122f65f7316efaaf86448016 ......
checking 6aaf9ba9bde78e784bca8aaa81e1eb7b1006b98b ......
	 orig commit -> cc21942bce652d1a92dae85b785378256e1df1f7 ......
checking acc365c028597c2811480762a2cd30cdd6d0c8ac ......
	 orig commit -> 42f7f3c4811b3149253ecf2e133832c969884466 ......
checking 5d1d893d31cec53c438407f48b314faaf405c558 ......
	 orig commit -> 874e1f6fad9a5184b67f4cee37c1335cd2cc5677 ......
checking 0f4ea85748bfcd3c64910bae4ff18f94849ae3f8 ......
	 orig commit -> ed3c177d960bb5881b945ca6f784868126bb90db ......
checking 9dc7637700e5157df88ab7f536f40c85c23b9160 ......
	 orig commit -> 248efcf00602f0282587999bcc221a872bd72530 ......
checking 0010542d3f79ed2c2e3be382f89201c77bcd3bc2 ......
	 orig commit -> 4949fc5e071f8e8d8122e0b16cf6a2ec1ca36258 ......
checking d9a5790b214527e2a73b602f1ded4f509e3fe04b ......
	 orig commit -> 666b5d1e9f8762300a410f9548b6e370d71dd382 ......
checking cb341679a5b4301008bbcfe49f9a35c328fb1856 ......
	 orig commit -> e0165f20447c8ca1d367725ee94d8ec9f38ca275 ......
checking 235d82cb46d240fcb237ad1ab5c31a55930df97a ......
	 orig commit -> e6c6acc0e0223ddaf867628d420ee196349c6fae ......
checking f89885d40a5f8d8294c17661be2b7359449c9752 ......
	 orig commit -> 6c9231f604c2575be24c96d38deb70f145172f92 ......
checking b4e42f5d01160eacaa95047bdc087e0f403fa292 ......
	 orig commit -> 104450eb08ca662e6b1d02da11aca9598e978f3e ......
checking 01347f537f6c5ca08969fba8c2a67e8d335b6e9e ......
	 orig commit -> 6b3b3bdb83b4ad51252d21bb13596db879e51850 ......
checking d9b035e70426196130502ea0818ea30b5a36ae3b ......
	 orig commit -> c4158ff536439619fa342810cc575ae2c809f03f ......
checking f7d1861153d4199b5f032db4d424fe9abd0cb295 ......
	 orig commit -> 401579c22ccbcb54244494069973e64b1fe980d2 ......
checking fe975496da30e238ebb0292ebe7c35f67f4a8e33 ......
	 orig commit -> ad02c4f547826167a709dab8a89a1caefd2c1f50 ......
checking cfb09f0571a5fa16ae00f8291f6128d4cf5bf37a ......
	 orig commit -> 4e768e7645ec4ffa92ee163643777b261ae97142 ......
checking ea56533994fea513aac714b50a580cdcaccb0ef9 ......
	 orig commit -> ab3dabb3e8cf077850f20610f73a0def1fed10cb ......
checking 0ef1e72e73fe3ac6bf4b63f6aef24eba5ef648bd ......
	 orig commit -> 76ed5a8f47476e4984cc8c0c1bc4cee62650f7fd ......
checking 64da1e5ea30dab48355f24c4a2a4bfdc697297cf ......
	 orig commit -> 9474933caf21a4cb5147223dca1551f527aaac36 ......
		 9474933caf21a4cb5147223dca1551f527aaac36 has problem. Fixes commit -> 888f22931478a05bc81ceb7295c626e1292bf0ed
commit 30942f91b5a57a1ca7557998e901367901d1bccf
Author: Lyude Paul <lyude@redhat.com>
Date:   Tue Dec 12 14:31:30 2017 -0500

    igb: Free IRQs when device is hotplugged
    
    commit 888f22931478a05bc81ceb7295c626e1292bf0ed upstream.
    
    Recently I got a Caldigit TS3 Thunderbolt 3 dock, and noticed that upon
    hotplugging my kernel would immediately crash due to igb:
    
    [  680.825801] kernel BUG at drivers/pci/msi.c:352!
    [  680.828388] invalid opcode: 0000 [#1] SMP
    [  680.829194] Modules linked in: igb(O) thunderbolt i2c_algo_bit joydev vfat fat btusb btrtl btbcm btintel bluetooth ecdh_generic hp_wmi sparse_keymap rfkill wmi_bmof iTCO_wdt intel_rapl x86_pkg_temp_thermal coretemp crc32_pclmul snd_pcm rtsx_pci_ms mei_me snd_timer memstick snd pcspkr mei soundcore i2c_i801 tpm_tis psmouse shpchp wmi tpm_tis_core tpm video hp_wireless acpi_pad rtsx_pci_sdmmc mmc_core crc32c_intel serio_raw rtsx_pci mfd_core xhci_pci xhci_hcd i2c_hid i2c_core [last unloaded: igb]
    [  680.831085] CPU: 1 PID: 78 Comm: kworker/u16:1 Tainted: G           O     4.15.0-rc3Lyude-Test+ #6
    [  680.831596] Hardware name: HP HP ZBook Studio G4/826B, BIOS P71 Ver. 01.03 06/09/2017
    [  680.832168] Workqueue: kacpi_hotplug acpi_hotplug_work_fn
    [  680.832687] RIP: 0010:free_msi_irqs+0x180/0x1b0
    [  680.833271] RSP: 0018:ffffc9000030fbf0 EFLAGS: 00010286
    [  680.833761] RAX: ffff8803405f9c00 RBX: ffff88033e3d2e40 RCX: 000000000000002c
    [  680.834278] RDX: 0000000000000000 RSI: 00000000000000ac RDI: ffff880340be2178
    [  680.834832] RBP: 0000000000000000 R08: ffff880340be1ff0 R09: ffff8803405f9c00
    [  680.835342] R10: 0000000000000000 R11: 0000000000000040 R12: ffff88033d63a298
    [  680.835822] R13: ffff88033d63a000 R14: 0000000000000060 R15: ffff880341959000
    [  680.836332] FS:  0000000000000000(0000) GS:ffff88034f440000(0000) knlGS:0000000000000000
    [  680.836817] CS:  0010 DS: 0000 ES: 0000 CR0: 0000000080050033
    [  680.837360] CR2: 000055e64044afdf CR3: 0000000001c09002 CR4: 00000000003606e0
    [  680.837954] Call Trace:
    [  680.838853]  pci_disable_msix+0xce/0xf0
    [  680.839616]  igb_reset_interrupt_capability+0x5d/0x60 [igb]
    [  680.840278]  igb_remove+0x9d/0x110 [igb]
    [  680.840764]  pci_device_remove+0x36/0xb0
    [  680.841279]  device_release_driver_internal+0x157/0x220
    [  680.841739]  pci_stop_bus_device+0x7d/0xa0
    [  680.842255]  pci_stop_bus_device+0x2b/0xa0
    [  680.842722]  pci_stop_bus_device+0x3d/0xa0
    [  680.843189]  pci_stop_and_remove_bus_device+0xe/0x20
    [  680.843627]  trim_stale_devices+0xf3/0x140
    [  680.844086]  trim_stale_devices+0x94/0x140
    [  680.844532]  trim_stale_devices+0xa6/0x140
    [  680.845031]  ? get_slot_status+0x90/0xc0
    [  680.845536]  acpiphp_check_bridge.part.5+0xfe/0x140
    [  680.846021]  acpiphp_hotplug_notify+0x175/0x200
    [  680.846581]  ? free_bridge+0x100/0x100
    [  680.847113]  acpi_device_hotplug+0x8a/0x490
    [  680.847535]  acpi_hotplug_work_fn+0x1a/0x30
    [  680.848076]  process_one_work+0x182/0x3a0
    [  680.848543]  worker_thread+0x2e/0x380
    [  680.848963]  ? process_one_work+0x3a0/0x3a0
    [  680.849373]  kthread+0x111/0x130
    [  680.849776]  ? kthread_create_worker_on_cpu+0x50/0x50
    [  680.850188]  ret_from_fork+0x1f/0x30
    [  680.850601] Code: 43 14 85 c0 0f 84 d5 fe ff ff 31 ed eb 0f 83 c5 01 39 6b 14 0f 86 c5 fe ff ff 8b 7b 10 01 ef e8 b7 e4 d2 ff 48 83 78 70 00 74 e3 <0f> 0b 49 8d b5 a0 00 00 00 e8 62 6f d3 ff e9 c7 fe ff ff 48 8b
    [  680.851497] RIP: free_msi_irqs+0x180/0x1b0 RSP: ffffc9000030fbf0
    
    As it turns out, normally the freeing of IRQs that would fix this is called
    inside of the scope of __igb_close(). However, since the device is
    already gone by the point we try to unregister the netdevice from the
    driver due to a hotplug we end up seeing that the netif isn't present
    and thus, forget to free any of the device IRQs.
    
    So: make sure that if we're in the process of dismantling the netdev, we
    always allow __igb_close() to be called so that IRQs may be freed
    normally. Additionally, only allow igb_close() to be called from
    __igb_close() if it hasn't already been called for the given adapter.
    
    Signed-off-by: Lyude Paul <lyude@redhat.com>
    Fixes: 9474933caf21 ("igb: close/suspend race in netif_device_detach")
    Cc: Todd Fujinaka <todd.fujinaka@intel.com>
    Cc: Stephen Hemminger <stephen@networkplumber.org>
    Tested-by: Aaron Brown <aaron.f.brown@intel.com>
    Signed-off-by: Jeff Kirsher <jeffrey.t.kirsher@intel.com>
    Signed-off-by: Greg Kroah-Hartman <gregkh@linuxfoundation.org>
checking 2aed3814969b4568d2f3f5a00e0c264bd63a5c61 ......
	 orig commit -> 182785335447957409282ca745aa5bc3968facee ......
	 orig commit -> 2a3cdead8b408351fa1e3079b220fa331480ffbc ......
checking 38fa955da2516bb8bf5f0a75041856016e524d7c ......
	 orig commit -> 1ae0d5af347df224a6e76334683f13a96d915a44 ......
checking 02c7292bb7eeb03f08358ceb0fe5061846a4ec33 ......
	 orig commit -> 62989cebd367a1aae1e009e1a5b1ec046a4c8fdc ......
checking cece64a6107c4b311c63ac0b450577ddb0057459 ......
	 orig commit -> 2a736e0585e585c2566b5119af8381910a170e44 ......
checking 1122c15f0a96c9d7bc631e92c0b47a20be480f7e ......
	 orig commit -> 7bc7ab1e63dfe004931502f90ce7020e375623da ......
checking 15a65b946c611fd1d57e9965964158b57b7a3209 ......
	 orig commit -> e13a22a406f20322651b8c0847f4210bdef246d1 ......
checking c26fa1306c80f37dcd0f64423067598b3a7da0e7 ......
	 orig commit -> d97556c8012015901a3ce77f46960078139cd79d ......
checking e96a11f64b8181bd0f947864f1387e1b38256d03 ......
	 orig commit -> 6e613ebf4405fc09e2a8c16ed193b47f80a3cbed ......
checking db458f6e6110a3d568bfdf1ff350e0fe55a84170 ......
	 orig commit -> 1aa09df0854efe16b7a80358a18f0a0bebafd246 ......
checking f022fa1b61e5b769dd9409e92fa3ef34ae5914ad ......
	 orig commit -> f62280efe8934a1275fd148ef302d1afec8cd3df ......
checking e17a5a8fc0bdda6ce9e18d3bf339d4dd69ad5e37 ......
	 orig commit -> 2f3fc1e6200309ccf87f61dea56e57e563c4f800 ......
checking 6202042b7428cc1b539c04dacba232d6c48d9981 ......
	 orig commit -> 9fe172b9be532acc23e35ba693700383ab775e66 ......
checking c4a77534ce2bbc5cb0b6d8b16a10dbe9157c58e1 ......
	 orig commit -> 01b4c9a1ae07a25d208cad0da7dd288007a22984 ......
checking ee61d06653fda94176813c852a547567a7887d21 ......
	 orig commit -> fd865802c66bc451dc515ed89360f84376ce1a56 ......
checking a5bd3edda619965bdaeb198f49b3713b4051ef39 ......
checking 49c1e5f032382713933a86fa1077c438b430f6fc ......
	 orig commit -> eb0c19942288569e0ae492476534d5a485fb8ab4 ......
checking ca98a5c721703de77f7fb8bbafd0673e4a60a841 ......
	 orig commit -> 58fd55e838276a0c13d1dc7c387f90f25063cbf3 ......
