Check from v4.9.23 to v4.9.24
Commit count: 70
checking 2f5e58ec793f56f9ac1c6736b4638a4b81d6f099 ......
checking 35b9d61ea910c1ebd4652b32cc7d713f6689b4f4 ......
	 orig commit -> dfcb9f4f99f1e9a49e43398a7bfbf56927544af1 ......
checking c67c2be735b143422db69ba2012b2c93edb92baa ......
	 orig commit -> c2ed1880fd61a998e3ce40254a99a2ad000f1a7d ......
		 c2ed1880fd61a998e3ce40254a99a2ad000f1a7d has problem. Fixes commit -> b91d532928dff2141ea9c107c3e73104d9843767
commit 23e983e27aaff6357bb851d91b593d83a9a6552c
Author: Xin Long <lucien.xin@gmail.com>
Date:   Thu Aug 3 14:13:46 2017 +0800

    ipv6: set rt6i_protocol properly in the route when it is installed
    
    [ Upstream commit b91d532928dff2141ea9c107c3e73104d9843767 ]
    
    After commit c2ed1880fd61 ("net: ipv6: check route protocol when
    deleting routes"), ipv6 route checks rt protocol when trying to
    remove a rt entry.
    
    It introduced a side effect causing 'ip -6 route flush cache' not
    to work well. When flushing caches with iproute, all route caches
    get dumped from kernel then removed one by one by sending DELROUTE
    requests to kernel for each cache.
    
    The thing is iproute sends the request with the cache whose proto
    is set with RTPROT_REDIRECT by rt6_fill_node() when kernel dumps
    it. But in kernel the rt_cache protocol is still 0, which causes
    the cache not to be matched and removed.
    
    So the real reason is rt6i_protocol in the route is not set when
    it is allocated. As David Ahern's suggestion, this patch is to
    set rt6i_protocol properly in the route when it is installed and
    remove the codes setting rtm_protocol according to rt6i_flags in
    rt6_fill_node.
    
    This is also an improvement to keep rt6i_protocol consistent with
    rtm_protocol.
    
    Fixes: c2ed1880fd61 ("net: ipv6: check route protocol when deleting routes")
    Reported-by: Jianlin Shi <jishi@redhat.com>
    Suggested-by: David Ahern <dsahern@gmail.com>
    Signed-off-by: Xin Long <lucien.xin@gmail.com>
    Signed-off-by: David S. Miller <davem@davemloft.net>
    Signed-off-by: Sasha Levin <sashal@kernel.org>
commit 961323dd94783fd78507ad04eac3a90d95b1fa8f
Author: Greg Kroah-Hartman <gregkh@linuxfoundation.org>
Date:   Fri Nov 23 12:42:42 2018 +0100

    Revert "ipv6: set rt6i_protocol properly in the route when it is installed"
    
    This reverts commit 23e983e27aaff6357bb851d91b593d83a9a6552c which is
    commit b91d532928dff2141ea9c107c3e73104d9843767 upstream.
    
    It breaks the Android networking test suite, which works fine with the
    backported patch in 4.14.  So something must be off for 4.9 for this
    patch, so just revert it.
    
    Cc: Jianlin Shi <jishi@redhat.com>
    Cc: David Ahern <dsahern@gmail.com>
    Cc: Xin Long <lucien.xin@gmail.com>
    Cc: David S. Miller <davem@davemloft.net>
    Cc: Sasha Levin <sashal@kernel.org>
    Signed-off-by: Greg Kroah-Hartman <gregkh@linuxfoundation.org>
checking 86c6667f6a5f6bdb392d8ffbe58fbcbcf6db2704 ......
	 orig commit -> c4baad50297d84bde1a7ad45e50c73adae4a2192 ......
checking fb00319317c152bf3528df13a54c28bf8c5daa55 ......
	 orig commit -> 3f190e3aec212fc8c61e202c51400afa7384d4bc ......
checking 28d1e8b7ef81d254583f68627095f8a85e39597d ......
	 orig commit -> 67b0503db9c29b04eadfeede6bebbfe5ddad94ef ......
checking 36b62c08e72b9cff822d8d8e007d75302c71d68c ......
	 orig commit -> 43fab9793c1f44e665b4f98035a14942edf03ddc ......
		 43fab9793c1f44e665b4f98035a14942edf03ddc has problem. Fixes commit -> 67b0503db9c29b04eadfeede6bebbfe5ddad94ef
f9fa0f2bebaa629aff839b7b992298b1fce453d2
commit 28d1e8b7ef81d254583f68627095f8a85e39597d
Author: Stefan Brüns <stefan.bruens@rwth-aachen.de>
Date:   Sun Feb 12 13:02:13 2017 -0200

    dvb-usb-firmware: don't do DMA on stack
    
    commit 67b0503db9c29b04eadfeede6bebbfe5ddad94ef upstream.
    
    The buffer allocation for the firmware data was changed in
    commit 43fab9793c1f ("[media] dvb-usb: don't use stack for firmware load")
    but the same applies for the reset value.
    
    Fixes: 43fab9793c1f ("[media] dvb-usb: don't use stack for firmware load")
    Signed-off-by: Stefan Brüns <stefan.bruens@rwth-aachen.de>
    Signed-off-by: Mauro Carvalho Chehab <mchehab@s-opensource.com>
    Cc: Ben Hutchings <ben@decadent.org.uk>
    Cc: Brad Spengler <spender@grsecurity.net>
    Signed-off-by: Greg Kroah-Hartman <gregkh@linuxfoundation.org>
checking 2c0ad235ac77f2fc2eee593bf06822cad772e0e2 ......
	 orig commit -> a4866aa812518ed1a37d8ea0c881dc946409de94 ......
checking ef793e6e113473f7cb08edf1ca4a8737c57ce51c ......
	 orig commit -> 5fa4086987506b2ab8c92f8f99f2295db9918856 ......
checking 0dd962118a201a19d8c5c01e4909bfc07c288d6c ......
	 orig commit -> c3a696b6e8f8f75f9f75e556a9f9f6472eae2655 ......
		 c3a696b6e8f8f75f9f75e556a9f9f6472eae2655 has problem. Fixes commit -> 662591461c4b9a1e3b9b159dbf37648a585ebaae
commit b2966b109b1a2c23e626ad35fc03d4a52efd1aa4
Author: Lv Zheng <lv.zheng@intel.com>
Date:   Wed Jul 12 11:09:09 2017 +0800

    ACPI / EC: Drop EC noirq hooks to fix a regression
    
    commit 662591461c4b9a1e3b9b159dbf37648a585ebaae upstream.
    
    According to bug reports, although the busy polling mode can make
    noirq stages execute faster, it causes abnormal fan blowing up after
    system resume (see the first link below for a video demonstration)
    on Lenovo ThinkPad X1 Carbon - the 5th Generation.  The problem can
    be fixed by upgrading the EC firmware on that machine.
    
    However, many reporters confirm that the problem can be fixed by
    stopping busy polling during suspend/resume and for some of them
    upgrading the EC firmware is not an option.
    
    For this reason, drop the noirq stage hooks from the EC driver
    to fix the regression.
    
    Fixes: c3a696b6e8f8 (ACPI / EC: Use busy polling mode when GPE is not enabled)
    Link: https://youtu.be/9NQ9x-Jm99Q
    Link: https://bugzilla.kernel.org/show_bug.cgi?id=196129
    Reported-by: Andreas Lindhe <andreas@lindhe.io>
    Tested-by: Gjorgji Jankovski <j.gjorgji@gmail.com>
    Tested-by: Damjan Georgievski <gdamjan@gmail.com>
    Tested-by: Fernando Chaves <nanochaves@gmail.com>
    Tested-by: Tomislav Ivek <tomislav.ivek@gmail.com>
    Tested-by: Denis P. <theoriginal.skullburner@gmail.com>
    Signed-off-by: Lv Zheng <lv.zheng@intel.com>
    Signed-off-by: Rafael J. Wysocki <rafael.j.wysocki@intel.com>
    Signed-off-by: Greg Kroah-Hartman <gregkh@linuxfoundation.org>
checking c07479f4b10ac3faa5168881e7751681d59de7e7 ......
	 orig commit -> cc272163ea554a97dac180fa8dd6cd54c2810bd1 ......
checking 03470ba96a96754573db076b2700544843be8aa9 ......
	 orig commit -> 98d610c3739ac354319a6590b915f4624d9151e6 ......
		 98d610c3739ac354319a6590b915f4624d9151e6 has problem. Fixes commit -> f9ac89f5ad613b462339e845aeb8494646fd9be2
commit c5a92c4b4b077e7d8b55e13eb357059ba82d13de
Author: Lee, Chun-Yi <joeyli.kernel@gmail.com>
Date:   Fri Apr 28 16:23:59 2017 +0800

    platform/x86: acer-wmi: setup accelerometer when ACPI device was found
    
    [ Upstream commit f9ac89f5ad613b462339e845aeb8494646fd9be2 ]
    
    The 98d610c3739a patch was introduced since v4.11-rc1 that it causes
    that the accelerometer input device will not be created on workable
    machines because the HID string comparing logic is wrong.
    
    And, the patch doesn't prevent that the accelerometer input device
    be created on the machines that have no BST0001. That's because
    the acpi_get_devices() returns success even it didn't find any
    match device.
    
    This patch fixed the HID string comparing logic of BST0001 device.
    And, it also makes sure that the acpi_get_devices() returns
    acpi_handle for BST0001.
    
    Fixes: 98d610c3739a ("acer-wmi: setup accelerometer when machine has appropriate notify event")
    Reference: https://bugzilla.kernel.org/show_bug.cgi?id=193761
    Reported-by: Samuel Sieb <samuel-kbugs@sieb.net>
    Signed-off-by: "Lee, Chun-Yi" <jlee@suse.com>
    Signed-off-by: Andy Shevchenko <andriy.shevchenko@linux.intel.com>
    Signed-off-by: Sasha Levin <sashal@kernel.org>
checking a6ca4946676b8855ebc81b72a9ced3f64dc5f1d4 ......
	 orig commit -> ebf79091bf85d9b2270ab29191de9cd3aaf888c5 ......
checking 25640e792f1a938f4cda99b86c43998cb70c2d27 ......
	 orig commit -> e88f72cb9f54f6d244e55f629fe5e2f34ca6f9ed ......
checking 7599166d785552bd8b4abff6eb222fa9efc616fa ......
	 orig commit -> ef77b515243b3499d62cf446eda6ca7e0a0b079c ......
		 ef77b515243b3499d62cf446eda6ca7e0a0b079c has problem. Fixes commit -> e88f72cb9f54f6d244e55f629fe5e2f34ca6f9ed
commit 25640e792f1a938f4cda99b86c43998cb70c2d27
Author: Jens Axboe <axboe@fb.com>
Date:   Sat Dec 3 12:08:03 2016 -0700

    nbd: fix 64-bit division
    
    commit e88f72cb9f54f6d244e55f629fe5e2f34ca6f9ed upstream.
    
    We have this:
    
    ERROR: "__aeabi_ldivmod" [drivers/block/nbd.ko] undefined!
    ERROR: "__divdi3" [drivers/block/nbd.ko] undefined!
    nbd.c:(.text+0x247c72): undefined reference to `__divdi3'
    
    due to a recent commit, that did 64-bit division. Use the proper
    divider function so that 32-bit compiles don't break.
    
    Fixes: ef77b515243b ("nbd: use loff_t for blocksize and nbd_set_size args")
    Signed-off-by: Jens Axboe <axboe@fb.com>
    Cc: Ben Hutchings <ben@decadent.org.uk>
    Signed-off-by: Greg Kroah-Hartman <gregkh@linuxfoundation.org>
checking 9c0c4352726368fca2760b9b9a7d808ce86871c7 ......
	 orig commit -> 7dfee6827780d4228148263545af936d0cae8930 ......
checking 754ae7efb383690785265c8e9b032fda63be00ce ......
	 orig commit -> 13583c3d3224508582ec03d881d0b68dd3ee8e10 ......
checking b1574caf96642113d1507ec637cc986acc4b61af ......
	 orig commit -> 05ac5aa18abd7db341e54df4ae2b4c98ea0e43b7 ......
checking 1992564156b5dc4ac73418e5b95e1a43f12f3cb1 ......
	 orig commit -> 005145378c9ad7575a01b6ce1ba118fb427f583a ......
checking de75264ee112b8c7353fc7ba13096690a6d3bcbe ......
	 orig commit -> 40bea976c72b9ee60f8d097852deb53ccbeaffbe ......
checking a28acecbaf25b0ab71d62b6b64b6bd75f9892bb1 ......
	 orig commit -> 3f795cef0ecdf9bc980dd058d49bdab4b19af1d3 ......
checking c10479591869177ae7ac0570b54ace6fbdeb57c2 ......
	 orig commit -> ef0579b64e93188710d48667cb5e014926af9f1b ......
checking 64ba06dc8a1d5c8e70b7b79a709bd1c90ec23afc ......
	 orig commit -> e6534aebb26e32fbab14df9c713c65e8507d17e4 ......
checking 7da0f8e547c2d3cac939da24458a88cce550af11 ......
	 orig commit -> d879d0b8c183aabeb9a65eba91f3f9e3c7e7b905 ......
checking e3c7258bb4fe5b509621ce643f096502dceec8a4 ......
	 orig commit -> d72e9a7a93e4f8e9e52491921d99e0c8aa89eb4e ......
checking 75465e71ec3139b958d06d48dfc85720aed69b6a ......
	 orig commit -> 06ce521af9558814b8606c0476c54497cf83a653 ......
checking 5a4c0738998a037f4d29dc3f25215f4e2cc98919 ......
	 orig commit -> 362721c4957dcda7b1fbd45380e7a6617a1d077c ......
	 orig commit -> 6c356eda225e3ee134ed4176b9ae3a76f793f4dd ......
checking a9da1ac37ccfc29e8b29855604477a09c9b7b114 ......
	 orig commit -> f2cfa58b136e4b06a9b9db7af5ef62fbb5992f62 ......
checking 666452ffdbf700d8ca15d0b75070f3487ccae4fc ......
	 orig commit -> 82cc4fc2e70ec5baeff8f776f2773abc8b2cc0ae ......
checking fdaa36c75c5a1bf7cdd2f463f8d320c98c6f0761 ......
	 orig commit -> 75eb5e1e7b4edbc8e8f930de59004d21cb46961f ......
checking 5dda157006bc29986f4f168f485ecbb6f5cf5b3d ......
	 orig commit -> c4a3fa261b16858416f1fd7db03a33d7ef5fc0b3 ......
checking 5f48cacaa72c110b048b73ab928abf70f6ee163e ......
	 orig commit -> a900152b5c29aea8134cc7a4c5db25552b3cd8f7 ......
checking 088e5800500e30632b11c4332bcf5923994dc22f ......
	 orig commit -> 57c1d4c33e8f7ec90976d79127059c1919cc0651 ......
checking 5ac50e714f6040904496fae508a2cdb9b6e8a210 ......
	 orig commit -> 0beb2012a1722633515c8aaa263c73449636c893 ......
checking 5f377c4ad27190523099bfd0ac69197961ed2637 ......
	 orig commit -> fe514739d8538783749d3ce72f78e5a999ea5668 ......
checking 0c6172ccbb59e7fab17c19dc7c9a753c3429cfd7 ......
	 orig commit -> 3278682123811dd8ef07de5eb701fc4548fcebf2 ......
		 3278682123811dd8ef07de5eb701fc4548fcebf2 has problem. Fixes commit -> a6a5993243550b09f620941dea741b7421fdf79c
commit 377178321690105cd4d42b33486881843ea6f8e8
Author: Ding Tianhong <dingtianhong@huawei.com>
Date:   Sat Apr 29 10:38:48 2017 +0800

    iov_iter: don't revert iov buffer if csum error
    
    commit a6a5993243550b09f620941dea741b7421fdf79c upstream.
    
    The patch 327868212381 (make skb_copy_datagram_msg() et.al. preserve
    ->msg_iter on error) will revert the iov buffer if copy to iter
    failed, but it didn't copy any datagram if the skb_checksum_complete
    error, so no need to revert any data at this place.
    
    v2: Sabrina notice that return -EFAULT when checksum error is not correct
        here, it would confuse the caller about the return value, so fix it.
    
    Fixes: 327868212381 ("make skb_copy_datagram_msg() et.al. preserve->msg_iter on error")
    Signed-off-by: Ding Tianhong <dingtianhong@huawei.com>
    Acked-by: Al Viro <viro@zeniv.linux.org.uk>
    Signed-off-by: Wei Yongjun <weiyongjun1@huawei.com>
    Signed-off-by: Al Viro <viro@zeniv.linux.org.uk>
    Signed-off-by: Greg Kroah-Hartman <gregkh@linuxfoundation.org>
checking ff76ab9e03a50a4df26329e547e75f865a2bfa9f ......
	 orig commit -> 27c0e3748e41ca79171ffa3e97415a20af6facd0 ......
		 27c0e3748e41ca79171ffa3e97415a20af6facd0 has problem. Fixes commit -> 4fa55cefee1bbecadb4c9f47d40a92f65dc44351
checking e485875dff38c79479ba42f80f0230d181a77a56 ......
	 orig commit -> 9121b15b5628b38b4695282dc18c553440e0f79b ......
checking 92f8aa7bb825eafc3686cdda6dbbce44d8b35e75 ......
	 orig commit -> 49cb77e297dc611a1b795cfeb79452b3002bd331 ......
checking 08383b004426591502b86bfacdc638d85cedf26c ......
	 orig commit -> 7c856152cb92f8eee2df29ef325a1b1f43161aff ......
checking 64e746983c4c8c88393866485cbca1782071aeb1 ......
	 orig commit -> bf6061b17a8d47ef0d9344d3ef576a4ff0edf793 ......
checking 82d181d7540fed18ee48487d252dc60920c16d18 ......
	 orig commit -> 6780414519f91c2a84da9baa963a940ac916f803 ......
checking c80c158bfe613d346d48803462bf55d8f35d228e ......
	 orig commit -> a00a7862513089f17209b732f230922f1942e0b9 ......
checking 281e36cbaf4395bf036a8301d20906d0fcbdfc72 ......
	 orig commit -> 1c99de981f30b3e7868b8d20ce5479fa1c0fea46 ......
checking 0ae3c95e3a31958bfb44bffe0beed12663700ba5 ......
	 orig commit -> efb2ea770bb3b0f40007530bc8b0c22f36e1c5eb ......
checking eff58f9084a099fd7afe54b0bdcb68d4fbdbdd89 ......
	 orig commit -> 55d728a40d368ba80443be85c02e641fc9082a3f ......
		 55d728a40d368ba80443be85c02e641fc9082a3f has problem. Fixes commit -> 92a16c86299c64f58f320e491977408ba31b8c3c
commit 2d4260b280d0c3666a3e5f348e83e85735678eb4
Author: Bjorn Helgaas <bhelgaas@google.com>
Date:   Fri May 19 14:37:53 2017 -0500

    efi/fb: Correct PCI_STD_RESOURCE_END usage
    
    [ Upstream commit 92a16c86299c64f58f320e491977408ba31b8c3c ]
    
    PCI_STD_RESOURCE_END is (confusingly) the index of the last valid BAR, not
    the *number* of BARs.  To iterate through all possible BARs, we need to
    include PCI_STD_RESOURCE_END.
    
    Fixes: 55d728a40d36 ("efi/fb: Avoid reconfiguration of BAR that covers the framebuffer")
    Signed-off-by: Bjorn Helgaas <bhelgaas@google.com>
    Signed-off-by: Sasha Levin <sashal@kernel.org>
checking 60174fb3eaa6c84273f282125c4cccdc701549a8 ......
	 orig commit -> 540f4c0e894f7e46a66dfa424b16424cbdc12c38 ......
checking 1681bab7c450508b26f33368a8d1ec57d3fabfcc ......
	 orig commit -> 409c1b250e30ad0e48b4d15d7319b4e18c046c4f ......
checking 6ef2f0178649b3d3c502217c22c2dfe365c74091 ......
	 orig commit -> f406270bf73d71ea7b35ee3f7a08a44f6594c9b1 ......
		 f406270bf73d71ea7b35ee3f7a08a44f6594c9b1 has problem. Fixes commit -> e4330d8bf669139a983255d1801733b64c2ae841
checking 0b914aa8cdc68c4e97ee48e5143cecd514cf1e6d ......
	 orig commit -> b03b99a329a14b7302f37c3ea6da3848db41c8c5 ......
checking 5e29a45f1ef042a87933c0a72eb84fbc490358fa ......
	 orig commit -> 6fdc6dd90272ce7e75d744f71535cfbd8d77da81 ......
checking ec980b6f7dcc006f6859c0871c0d7298281f0394 ......
	 orig commit -> c06989da39cdb10604d572c8c7ea8c8c97f3c483 ......
checking a9826aa4860a9ca1268a9ab5c10fc5e65a72b4ef ......
	 orig commit -> 11e63f6d920d6f2dfd3cd421e939a4aec9a58dcd ......
		 11e63f6d920d6f2dfd3cd421e939a4aec9a58dcd has problem. Fixes commit -> 8376efd31d3d7c44bd05be337adde023cc531fa1
commit e0c871792cc6f1ded64ec087779b08c825d76170
Author: Ben Hutchings <ben.hutchings@codethink.co.uk>
Date:   Tue May 9 18:00:43 2017 +0100

    x86, pmem: Fix cache flushing for iovec write < 8 bytes
    
    commit 8376efd31d3d7c44bd05be337adde023cc531fa1 upstream.
    
    Commit 11e63f6d920d added cache flushing for unaligned writes from an
    iovec, covering the first and last cache line of a >= 8 byte write and
    the first cache line of a < 8 byte write.  But an unaligned write of
    2-7 bytes can still cover two cache lines, so make sure we flush both
    in that case.
    
    Fixes: 11e63f6d920d ("x86, pmem: fix broken __copy_user_nocache ...")
    Signed-off-by: Ben Hutchings <ben.hutchings@codethink.co.uk>
    Signed-off-by: Dan Williams <dan.j.williams@intel.com>
    Signed-off-by: Greg Kroah-Hartman <gregkh@linuxfoundation.org>
checking 59bf2308895337fdf70b3a183e7f3c8723030982 ......
	 orig commit -> cfac6dfa42bddfa9711b20d486e521d1a41ab09f ......
checking 41d8b02f6448af73203720c5ecf52eab798b1a40 ......
	 orig commit -> 6f6266a561306e206e0e31a5038f029b6a7b1d89 ......
checking 085656dad4b0aa530ecd8730c00381abbd01e2c6 ......
	 orig commit -> f2200ac311302fcdca6556fd0c5127eab6c65a3e ......
checking 0ea2dcf1f9e691645c22d9103d699e834a7fb8e6 ......
	 orig commit -> 5376366886251e2f8f248704adb620a4bc4c0937 ......
checking 730fecb3401f8a7cc84e8d7b454976efdfdc65c9 ......
	 orig commit -> 1fa839b4986d648b907d117275869a0e46c324b9 ......
checking 3d8d2f2344767cbab597027e2cde21d1a8b32cca ......
	 orig commit -> 18ea43113f5b74a97dd4be9bddbac10d68b1a6ce ......
checking fd3be7eaff1441cbc5c0a3abf50b519d721d6c0c ......
	 orig commit -> 45abdf35cf82e4270328c7237e7812de960ac560 ......
checking e6bcbdc59356b8c6e01df435bacf0aec452122e6 ......
	 orig commit -> f94773b9f5ecd1df7c88c2e921924dd41d2020cc ......
checking b29a17524bc11e4a8b0a688eae535491bac18001 ......
	 orig commit -> 83bce9c2baa51e439480a713119a73d3c8b61083 ......
checking 975a7ea950c6d9bcb3666505c6ca9df9b404105c ......
	 orig commit -> 1ec1688c5360e14dde4094d6acbf7516bf6db37e ......
checking d19f745ea3a989f9d037dfbc26abcccfe7710723 ......
	 orig commit -> 85d492f28d056c40629fc25d79f54da618a29dc4 ......
checking 5c9d0832022959a8879e082c745281865f5336f0 ......
	 orig commit -> 5b7abeae3af8c08c577e599dd0578b9e3ee6687b ......
checking f584803c49427ba9623adf93d7078cbe9775b027 ......
	 orig commit -> 58ceeb6bec86d9140f9d91d71a710e963523d063 ......
checking 5ef6f4dec559007650c762b11ca30dd74866299a ......
	 orig commit -> a5d68ba85801a78c892a0eb8efb711e293ed314b ......
checking 890aec8eae096624763bc3de313d154a3ba9d9d6 ......
	 orig commit -> abe342a5b4b5aa579f6bf40ba73447c699e6b579 ......
checking ef599fa52429f7f8fea2d1bf83a49b0377c7dc24 ......
	 orig commit -> ab22d2604c86ceb01bb2725c9860b88a7dd383bb ......
checking f44236a1b05b583862eb8b06dd8412660fdc7fad ......
	 orig commit -> 77f88796cee819b9c4562b0b6b44691b3b7755b1 ......
