Check from v4.9.61 to v4.9.62
Commit count: 87
checking 9b609ba2c2df8290054e5c62be69101b43e2a976 ......
checking e45d93b48c930a2c3de556b9dbffc818ec9dd1e3 ......
	 orig commit -> a743bbeef27b9176987ec0cb7f906ab0ab52d1da ......
checking 9d5e5994c5f90121ac09efd04ee565aa8bddc049 ......
	 orig commit -> 76ce7cfe35ef58f34e6ba85327afb5fbf6c3ff9b ......
checking 9313d039c4d00c0552fc03c63f5228f2dc6f452a ......
	 orig commit -> fb5f0b3ef69b95e665e4bbe8a3de7201f09f1071 ......
checking 5e01a9f94e5911ae115ddd38930c8cab5d1389e9 ......
	 orig commit -> 4f7116757b4bd99e4ef2636c7d957a6d63035d11 ......
checking f45c1b09261b1f02019e422846e2545ea61ce89d ......
	 orig commit -> 4dcf924c2eda0c47a5c53b7703e3dc65ddaa8920 ......
checking bad4c8f1bc25970895aee312c93130cff7cdcf0f ......
	 orig commit -> 3587c856675c45809010c2cee5b21096f6e8e938 ......
checking 6731d54c78684e49f713d9a5dac6dee181be9c46 ......
	 orig commit -> 4226d9b127cf4758ba0e07931b3f0d59f1b1a50c ......
checking efc6d340e41096518f2c2dc6a45821bb484c8455 ......
	 orig commit -> 651e4769ba2a9f20c4b8a823ae2727bf7fa9c9f0 ......
checking 55e7e521381788ec6395bdc917ac1fcd3a03b47e ......
	 orig commit -> cef75036c40408ba3bc308bcb00a3d440da713fc ......
checking 4f027e3c7b62120bde3a11ade489bb77df20c830 ......
	 orig commit -> 1e37f2f84680fa7f8394fd444b6928e334495ccc ......
checking 9f2ac3d8cb3146ce102814464cd63cd3cfef43ed ......
	 orig commit -> cdea6a30c2689cc33b34c6691b57cca277f0c5dc ......
checking 1331af440ad2c7d34555233863c730f66cad7a19 ......
	 orig commit -> b084116f8587b222a2c5ef6dcd846f40f24b9420 ......
checking 76aaa788e92ab55fb9bc553560a01867b8406edf ......
	 orig commit -> e6b03ab63b4d270e0249f96536fde632409dc1dc ......
checking b17e663e150cd97728a270195695cac25910782f ......
	 orig commit -> ea4b3afe1eac8f88bb453798a084fba47a1f155a ......
checking bbc62fb031a69581d11a72684de12f4bb6f23742 ......
	 orig commit -> 96e53c41e1f81c9e9d1ce38d3f28b95668b71dcf ......
checking fb705ebf996e180024d6f1b2342da61e33c2302f ......
	 orig commit -> afb999cdef69148f366839e74470d8f5375ba5f1 ......
checking ebf95a6f0286c0a77ba3c540f41e3d0bbc754e2a ......
	 orig commit -> 880444e214cfd293a2e8cc4bd3505f7ffa6ce33a ......
checking b98220399dc42a81405a4f7962d00fd658fd4cfc ......
	 orig commit -> 9e8c399a88f0b87e41a894911475ed2a8f8dff9e ......
checking 3b9fd3333aaf78e5d5209f4fed053101dd8fa5db ......
	 orig commit -> 6f542ebeaee0ee552a902ce3892220fc22c7ec8e ......
		 6f542ebeaee0ee552a902ce3892220fc22c7ec8e has problem. Fixes commit -> 9e8c399a88f0b87e41a894911475ed2a8f8dff9e
commit b98220399dc42a81405a4f7962d00fd658fd4cfc
Author: Matt Redfearn <matt.redfearn@imgtec.com>
Date:   Wed Sep 27 10:13:25 2017 +0100

    MIPS: SMP: Fix deadlock & online race
    
    commit 9e8c399a88f0b87e41a894911475ed2a8f8dff9e upstream.
    
    Commit 6f542ebeaee0 ("MIPS: Fix race on setting and getting
    cpu_online_mask") effectively reverted commit 8f46cca1e6c06 ("MIPS: SMP:
    Fix possibility of deadlock when bringing CPUs online") and thus has
    reinstated the possibility of deadlock.
    
    The commit was based on testing of kernel v4.4, where the CPU hotplug
    core code issued a BUG() if the starting CPU is not marked online when
    the boot CPU returns from __cpu_up. The commit fixes this race (in
    v4.4), but re-introduces the deadlock situation.
    
    As noted in the commit message, upstream differs in this area. Commit
    8df3e07e7f21f ("cpu/hotplug: Let upcoming cpu bring itself fully up")
    adds a completion event in the CPU hotplug core code, making this race
    impossible. However, people were unhappy with relying on the core code
    to do the right thing.
    
    To address the issues both commits were trying to fix, add a second
    completion event in the MIPS smp hotplug path. It removes the
    possibility of a race, since the MIPS smp hotplug code now synchronises
    both the boot and secondary CPUs before they return to the hotplug core
    code. It also addresses the deadlock by ensuring that the secondary CPU
    is not marked online before it's counters are synchronised.
    
    This fix should also be backported to fix the race condition introduced
    by the backport of commit 8f46cca1e6c06 ("MIPS: SMP: Fix possibility of
    deadlock when bringing CPUs online"), through really that race only
    existed before commit 8df3e07e7f21f ("cpu/hotplug: Let upcoming cpu
    bring itself fully up").
    
    Signed-off-by: Matt Redfearn <matt.redfearn@imgtec.com>
    Fixes: 6f542ebeaee0 ("MIPS: Fix race on setting and getting cpu_online_mask")
    CC: Matija Glavinic Pecotic <matija.glavinic-pecotic.ext@nokia.com>
    Patchwork: https://patchwork.linux-mips.org/patch/17376/
    Signed-off-by: James Hogan <jhogan@kernel.org>
    [jhogan@kernel.org: Backported 4.1..4.9]
    Signed-off-by: Greg Kroah-Hartman <gregkh@linuxfoundation.org>
checking d99db83cafbf4648694ade77bac109cbdbd1bf9a ......
	 orig commit -> a00eeede507c975087b7b8df8cf2c9f88ba285de ......
checking 71bcb37ff5fa6d4dd5ba91aab06c90ac08827377 ......
	 orig commit -> 6a6cba1d945a7511cdfaf338526871195e420762 ......
checking 16d5634e882798965f74ba8eb6f376fc9b9e4f11 ......
	 orig commit -> 77238e76b9156d28d86c1e31c00ed2960df0e4de ......
checking 7de694782cbe7840f2c0de6f1e70f41fc1b8b6e8 ......
	 orig commit -> 8777b927b92cf5b6c29f9f9d3c737addea9ac8a7 ......
checking b35783871190a8fcf31c2216638b92bcb2bf152e ......
	 orig commit -> 3510c7aa069aa83a2de6dab2b41401a198317bdc ......
checking 4b52c3170bd82bb905531c3f745be9f64f6af9ba ......
	 orig commit -> 132d358b183ac6ad8b3fea32ad5e0663456d18d1 ......
checking 1541afbfb4a250e6b571801d85c834e2880834b2 ......
	 orig commit -> b9dd05c7002ee0ca8b676428b2268c26399b5e31 ......
checking 8ea52a683f816d65c1c89b78c500814f6e06a01d ......
	 orig commit -> 624f5ab8720b3371367327a822c267699c1823b8 ......
checking 2822bbb53269eec5d2cc1b39c236ca5c5e20c59e ......
	 orig commit -> 5dfeaac15f2b1abb5a53c9146041c7235eb9aa04 ......
checking ca6c028e2fe40488b28e7776f99a5d06f454a4a4 ......
	 orig commit -> d041b557792c85677f17e08eee535eafbd6b9aa2 ......
checking 58ed8a47e450310a673c20a10153d0c5cddfaa08 ......
	 orig commit -> 441f99c90497e15aa3ad1dbabd56187e29614348 ......
checking 46f15501c5b7debd6aa952de754f13de17fadb8b ......
	 orig commit -> cef572ad9bd7f85035ba8272e5352040e8be0152 ......
checking 2715f6841a08a016c188a810fdb6fbae06c150a4 ......
	 orig commit -> 7c4788950ba5922fde976d80b72baf46f14dee8d ......
checking 07e415ac5ca1161d078cc02348dd0df58d88679b ......
	 orig commit -> d313876925f3e7a480a02773fd333bcab9202d5e ......
checking 0a18a94af43f934e00b438d466996c37769d5daf ......
	 orig commit -> c7dfc2facbd69dad89b75e13c608da709668dcd0 ......
checking 419ec342d312197f0f570a52f237915fb92c8826 ......
	 orig commit -> a3c812f7cfd80cf51e8f5b7034f7418f6beb56c1 ......
checking 64a234537a8850aeba8fa65b1bf81d04bc5ae946 ......
	 orig commit -> ee618b4619b72527aaed765f0f0b74072b281159 ......
checking bddc61e7732be12d2f09391a2434253d9cb34f52 ......
	 orig commit -> 2b02c20ce0c28974b44e69a2e2f5ddc6a470ad6f ......
		 2b02c20ce0c28974b44e69a2e2f5ddc6a470ad6f has problem. Fixes commit -> 6314dab4b8fb8493d810e175cb340376052c69b6
commit 0ef75f51c5d5b7cc10df4f3ec0db5ef3f9ad6253
Author: Bjørn Mork <bjorn@mork.no>
Date:   Wed Nov 15 09:35:02 2017 +0100

    net: cdc_ncm: GetNtbFormat endian fix
    
    [ Upstream commit 6314dab4b8fb8493d810e175cb340376052c69b6 ]
    
    The GetNtbFormat and SetNtbFormat requests operate on 16 bit little
    endian values. We get away with ignoring this most of the time, because
    we only care about USB_CDC_NCM_NTB16_FORMAT which is 0x0000.  This
    fails for USB_CDC_NCM_NTB32_FORMAT.
    
    Fix comparison between LE value from device and constant by converting
    the constant to LE.
    
    Reported-by: Ben Hutchings <ben.hutchings@codethink.co.uk>
    Fixes: 2b02c20ce0c2 ("cdc_ncm: Set NTB format again after altsetting switch for Huawei devices")
    Cc: Enrico Mioso <mrkiko.rs@gmail.com>
    Cc: Christian Panton <christian@panton.org>
    Signed-off-by: Bjørn Mork <bjorn@mork.no>
    Acked-By: Enrico Mioso <mrkiko.rs@gmail.com>
    Signed-off-by: David S. Miller <davem@davemloft.net>
    Signed-off-by: Sasha Levin <sashal@kernel.org>
checking 047b67372d7bff1822db5bf66258fb18a50b3075 ......
	 orig commit -> 298747b7579f5bbbced793d997b333fd10a24921 ......
checking 0e1cfde447fe6f879e5a4be0a5fcca1f616948d1 ......
	 orig commit -> 3a89eaa65db68bf53bf92dedc60084f810e1779a ......
checking fa8f3a67b9a82d82caf4dd2cca19cd9762cf54a5 ......
	 orig commit -> 0c70ffc5f300e7c3a1a76ca0530860574afc890b ......
checking 326ef0fd4fb2d4a494ff87cb5971cf38ebf8c97b ......
	 orig commit -> ab17654476a11a1ed7d89f1104e2acdb7ed1c9ed ......
checking 93e1956dddf5bfea3a4de0da63f06a2a950965e6 ......
	 orig commit -> d53628882255481b710641dd0118fbd80af6e983 ......
checking 72eff92d84f089223e2e97bf2fd9807391c4b9c0 ......
	 orig commit -> 1034051045d125579ab1e8fcd5a724eeb0e70149 ......
checking c4d567ef164eefc7b5fbae1a634b160faee6cbf7 ......
	 orig commit -> e48b9eaaa29a0a7d5da2df136b07eefa0180d584 ......
checking e793ad50d151c482b38e4e8851ff66c2a86e089b ......
	 orig commit -> b9ec866d223f38eb0bf2a7c836e10031ee17f7af ......
checking d369bba84410d7c141226bfbbdd2c7be5d97d8f9 ......
	 orig commit -> 27d41d29c7f093f6f77843624fbb080c1b4a8b9c ......
checking 8b93cbd12547f5cc01b676d3316342b7ffc7061f ......
	 orig commit -> 90d08ba2b9b4be4aeca6a5b5a4b09fbcde30194d ......
checking a3a76ea2c072dda34d1ad1e5bf40cdfa51157e35 ......
	 orig commit -> 9723ddc8fe0d76ce41fe0dc16afb241ec7d0a29d ......
checking 260e2e82c247a6f8601f3546b6f05c55b6dc0734 ......
	 orig commit -> 08fea55e37f58371bffc5336a59e55d1f155955a ......
checking 0ddb64c1485668f0866892903e0218a838173b49 ......
	 orig commit -> 68cc795d1933285705ced6d841ef66c00ce98cbe ......
		 68cc795d1933285705ced6d841ef66c00ce98cbe has problem. Fixes commit -> 4fd4dd8bffb112d1e6549e0ff09e9fa3c8cc2b96
commit 58a1452cef23409aa42b67acf5c3e4284f88dba3
Author: Heiko Carstens <heiko.carstens@de.ibm.com>
Date:   Mon Mar 13 13:36:10 2017 +0100

    s390/topology: fix typo in early topology code
    
    
    [ Upstream commit 4fd4dd8bffb112d1e6549e0ff09e9fa3c8cc2b96 ]
    
    Use MACHINE_FLAG_TOPOLOGY instead of MACHINE_HAS_TOPOLOGY when
    clearing the bit that indicates if the machine provides topology
    information (and if it should be used). Currently works anyway.
    
    Fixes: 68cc795d1933 ("s390/topology: make "topology=off" parameter work")
    Signed-off-by: Heiko Carstens <heiko.carstens@de.ibm.com>
    Signed-off-by: Martin Schwidefsky <schwidefsky@de.ibm.com>
    Signed-off-by: Sasha Levin <alexander.levin@microsoft.com>
    Signed-off-by: Greg Kroah-Hartman <gregkh@linuxfoundation.org>
checking 8b45f832b33bce58fcad1632a794eee8eac4ce44 ......
	 orig commit -> 2287c63643f0f52d9d5452b9dc4079aec0889fe8 ......
checking e41c105195ca7577154af8942b4f19301d4cb961 ......
	 orig commit -> ebd89a2d0675f1325c2be5b7576fd8cb7e8defd0 ......
checking ab71bee531fd7f760fc919a3fa8801261f91b4c8 ......
	 orig commit -> 3ccb76c5dfe0d25c1d0168d5b726d0b43d19a485 ......
checking c944dc7aedfbff5a4fd2fd666442d8d267292ec4 ......
	 orig commit -> 1701221696764b6861d0ee66850812a8900b9b9b ......
checking be5125d4fa9e5280b061195251cd581822f0faa2 ......
	 orig commit -> ab99063f873749b3c3b1e5d44038559883465e74 ......
checking c5493c6e4a6ac9f0ce5bd95ea16d2867d1c89c76 ......
	 orig commit -> f169fd695b192dd7b23aff8e69d25a1bc881bbfa ......
checking a7eba17c44f38683e5544405670cb39807e76e1e ......
	 orig commit -> 76b8db0d480e8045e1a1902fc9ab143b3b9ef115 ......
checking 397b6e5d7bbe23ee8f0973b42fc273940e3bd0d1 ......
	 orig commit -> 259010c509b6f28b3b851ae45238cf526f52e185 ......
checking 2ae9f47ce114680dbbc2c56b00ed85eade4f6328 ......
	 orig commit -> a752ba18af8285e3eeda572f40dddaebff0c3621 ......
checking a88a90128888dba8754db5a194dba84e9703b93f ......
	 orig commit -> 4567d686f5c6d955e57a3afa1741944c1e7f4033 ......
		 4567d686f5c6d955e57a3afa1741944c1e7f4033 has problem. Fixes commit -> 3c880eb0205222bb062970085ebedc73ec8dfd14
checking 04e13a5ec96db94c1cc8ce7b0b1e1b626e0c00c7 ......
	 orig commit -> 7dcc31e2e68a386a29070384b51683ece80982bf ......
checking 852bf68b7a62195c3c0c63f3b11f3f30958fc220 ......
	 orig commit -> 21078ab174c99885ca83a5c32db0d33b1617745e ......
checking f89e669323adfc43ac881f7c38904c911140f983 ......
	 orig commit -> 6b2e7589b82ff534dd5c6d67dd83c53f13691bec ......
checking 6d8897645b984fee86d260b1b0ad7044b27e6d59 ......
	 orig commit -> 80dea21f95a4672cce545f48dc2ca500b69a2584 ......
checking 87e4965cec6156351892ecf45251c8dec03cc752 ......
	 orig commit -> 3bc1abcddb24f55b9c251e03caa4f9bd22ff748b ......
checking 19d0541bd2c22a1413017465069f4aa4cae00b43 ......
	 orig commit -> 10e840dfb0b7fc345082dd9e5fff3c1c02e7690e ......
checking 6bcd1787b587fcfd857ca0938cdc09d4776d9520 ......
	 orig commit -> c7ffa59cf03c38b91d6ef01e42c1b52fd7a4f285 ......
checking 9c9040a85966211de3ce1a53d3a9547b5615ff04 ......
	 orig commit -> 7dede913fc2ab9c0d3bff3a49e26fa9e858b0c13 ......
checking dea9c75f3f624056b666fa9d9b931cd09715b3dd ......
	 orig commit -> 4a8d8a14c0d08c2437cb80c05e88f6cc1ca3fb2c ......
checking d2e589f305b005ff7ca34922c9323eec0a47c48a ......
	 orig commit -> 4cd6a59f5c1a9b0cca0da09fbba42b9450ffc899 ......
checking 870b502a02086d22274403df7d39f1cd693594f7 ......
	 orig commit -> d7b1946c7925a270062b2e0718aa57b42ba619c0 ......
checking f88f299a94e02d6beee034d5421016a974783ee2 ......
	 orig commit -> a674c7d470bb47e82f4eb1fa944eadeac2f6bbaf ......
checking a4193ceee266e3fe5c0046fcbd1966d78bd0dc84 ......
	 orig commit -> 3655a1ca6bd8e7300f2bb196208d5139aa6b2eda ......
checking 3a8ab788bf01af231eaccce4b92168888da521cd ......
	 orig commit -> 810871c57011eb3e89e6768932757f169d666cd2 ......
checking 6f51c8a58397979d8cb38616b51da4d54c7e9e54 ......
	 orig commit -> 37451bc95dee0e666927d6ffdda302dbbaaae6fa ......
checking 61fdf68034a9d8d725a98720d79fa55f5f8e0435 ......
	 orig commit -> a67834f8bfa1e2f48bb27d07b9a552ba7c3af82a ......
checking 872c075b6cb225f446450d7a8018abd238bf9431 ......
	 orig commit -> 5ccb58968bf7f46dbd128df88f71838a5a9750b8 ......
checking a276210915d50a4bc3f4cdef19cf7ced15b78a52 ......
	 orig commit -> 04a86a84c42ca18f37ab446127dc619b41dd3b23 ......
checking 7422c5813a9d8b78d95091ac69c9a51111c17a43 ......
	 orig commit -> 1bd9900b8301fc505f032c90ea487824cf824e99 ......
checking 2f945e749ee21aa9a48c8c9bb4d9eeb43135d805 ......
	 orig commit -> 73447f68d7b2bc1df870da88b0e21d2bc1afc025 ......
checking 62b9fa2c436ffd9b87e6ed81df7f86c29fee092b ......
	 orig commit -> 8b649e426336d7d4800ff9c82858328f4215ba01 ......
checking a1644f9c78e401b985923e13f866b397b8a787a0 ......
	 orig commit -> 56dd5af9bc23d0d5d23bb207c477715b4c2216c5 ......
checking 6da1c989cccef3f5268dc634b9adf39d80a4b4e9 ......
	 orig commit -> 1b1d62254df0fe42a711eb71948f915918987790 ......
checking 7ac8a10c8a50a73bb739c6f23a067857fe474d36 ......
	 orig commit -> d9bf28e2650fe3eeefed7e34841aea07d10c6543 ......
checking bf41c17c2266cbfda1b76daea39ce81c5b61867d ......
	 orig commit -> 879e5a0df626f39cbb3c61bb90373e56d67012c4 ......
checking 95e5e7ed5a8a64be3fffa56c1fdeae243f69e19c ......
	 orig commit -> da8892d410db224d9a24104529794e6e37e0c100 ......
