Check from v4.9.5 to v4.9.6
Commit count: 131
checking 09f886dc5a6945679ed35e6acfbc746f472f0f34 ......
checking f77ef5348d4bfb498062930bd9af828f3ef2947e ......
	 orig commit -> 7af3ea189a9a13f090de51c97f676215dabc1205 ......
		 7af3ea189a9a13f090de51c97f676215dabc1205 has problem. Fixes commit -> b11270853fa3654f08d4a6a03b23ddb220512d8d
commit a1e25420a47a55784f277363ee0b76b2e2ea981d
Author: Eric Biggers <ebiggers@google.com>
Date:   Mon Nov 6 21:57:26 2017 -0800

    libceph: don't WARN() if user tries to add invalid key
    
    commit b11270853fa3654f08d4a6a03b23ddb220512d8d upstream.
    
    The WARN_ON(!key->len) in set_secret() in net/ceph/crypto.c is hit if a
    user tries to add a key of type "ceph" with an invalid payload as
    follows (assuming CONFIG_CEPH_LIB=y):
    
        echo -e -n '\x01\x00\x00\x00\x00\x00\x00\x00\x00\x00\x00\x00' \
            | keyctl padd ceph desc @s
    
    This can be hit by fuzzers.  As this is merely bad input and not a
    kernel bug, replace the WARN_ON() with return -EINVAL.
    
    Fixes: 7af3ea189a9a ("libceph: stop allocating a new cipher on every crypto request")
    Signed-off-by: Eric Biggers <ebiggers@google.com>
    Reviewed-by: Ilya Dryomov <idryomov@gmail.com>
    Signed-off-by: Ilya Dryomov <idryomov@gmail.com>
    Signed-off-by: Greg Kroah-Hartman <gregkh@linuxfoundation.org>
checking 5b482bf5886855be44e89653f88297aab423dee6 ......
	 orig commit -> 6db2304aabb070261ad34923bfd83c43dfb000e3 ......
checking 12274f2c17f2f7d5c0a0cfdc649410c9a37bb66c ......
	 orig commit -> 21f5eda9b8671744539c8295b9df62991fffb2ce ......
checking fa555d021d2b87faffe156e642c781ce20b05932 ......
	 orig commit -> df21d2fa733035e4d414379960f94b2516b41296 ......
checking f37b7a3004bbf49d76ed170e720293752e74a06f ......
	 orig commit -> 36b29eb30ee0f6c99f06bea406c23a3fd4cbb80b ......
checking 97d5e2057564dc21aba1506ee30d869d691e3830 ......
	 orig commit -> a2dd8af00ca7fff4972425a4a6b19dd1840dc807 ......
checking d21814a8068ae5a006453f6c2c0b687a87249b24 ......
	 orig commit -> 5c9e6c2b2ba3ec3a442e2fb5b4286498f8b4dcb7 ......
checking 172270c743487ec24cc145949a77bd57136ffff9 ......
	 orig commit -> 3139dc8ded6f27552a248d23fe9f086e3027fa12 ......
checking 3bef7578e05f8188743641da8bc7ddfdbb64d268 ......
	 orig commit -> c0026c7bfb95c250c3e34fde59f96ad72fd730d6 ......
checking d47e1e7c46fed13f6e9d60c98f8352c714db695e ......
	 orig commit -> eadf081146ec327d6fbbb6aff28e3d9aac329dc6 ......
checking dfe8e5730fa1a91129c65dacf85783fa796d7e0a ......
	 orig commit -> 6b2bed891253c08e7f4c17dbd46b71fc87f22eef ......
checking b9dc16170dbf5385a273019175c0576d3224cd36 ......
	 orig commit -> 7ec03e60ef81c19b5d3a46dd070ee966774b860f ......
checking 278997a8e002ba1cedf132e86b12acf00137c28a ......
	 orig commit -> df94121f02ecce435d6b5277071eb94b764caa89 ......
checking cec5ef6ac5202c79d0a95e65d41511a770e8607b ......
	 orig commit -> ff681022c6639c194fbb6893c50ace9e52a44788 ......
checking 2a306053176853c785d48dfe27da8d1c544723b5 ......
	 orig commit -> c9205e18b41a6ef5ad73e1c4b86a78b2ea3ccb9b ......
checking fcdab6ca9c31bc4d2abfa931d9ebde986515dedd ......
	 orig commit -> 63447646ac657fde00bb658ce21a3431940ae0ad ......
checking 0f3418442d7bc8050426c733022fd111d8ae1375 ......
	 orig commit -> 10ad1d754a434c024ce7eeb1cec9f69fd3ecc863 ......
checking e55e6c026b7c49c4dcc33f4ebc330e660ecf3963 ......
	 orig commit -> 193e87143c290ec16838f5368adc0e0bc94eb931 ......
checking ebdfcaa14eef97ae0711823524fd8c8865c05933 ......
	 orig commit -> 73613b16cb5c5d5a659fc8832eff99eead3f9afb ......
checking 7959835473173638527f3d294fcccb1b1697bd92 ......
	 orig commit -> 32dd7731699765f21dbe6df9020e613d4ed73fc3 ......
checking 16236802bfecb1082144a48b7d6fa60997824662 ......
	 orig commit -> ffb58456589443ca572221fabbdef3db8483a779 ......
	 orig commit -> 669f044170d8933c3d66d231b69ea97cb8447338 ......
checking a07a122ad2a2e03209155fe907bf8b1e6ae4c915 ......
	 orig commit -> 9373eba6cfae48911b977d14323032cd5d161aae ......
checking 41c6b3e8989e79772a50429d92cf91959bcce96d ......
	 orig commit -> fff5d99225107f5f13fe4a9805adc2a1c4b5fb00 ......
checking 1fd1e6cd63143cf5d198a536d875dfc88ce179bc ......
	 orig commit -> ae7871be189cb41184f1e05742b4a99e2c59774d ......
checking 776c2b2d165dc64397f3f9b39839920a08578e8f ......
	 orig commit -> 524dabe1c68e0bca25ce7b108099e5d89472a101 ......
checking 962957889d74c161d797dbf418d8d7ded241aaa1 ......
	 orig commit -> 1c8a946bf3754a59cba1fc373949a8114bfe5aaa ......
checking d34b6684e60f25ae1e5c189b00f42ed65c5cdbc0 ......
	 orig commit -> 6d6bf72de914059b304f7b99530a7856e5c846aa ......
checking 8ade1c2b453019997e9cd367790366a4366491e8 ......
	 orig commit -> 8d38de65644d900199f035277aa5f3da4aa9fc17 ......
checking a193c72475960dfb98a37d0fc7739a10ccd95111 ......
	 orig commit -> 124f930b8cbc4ac11236e6eb1c5f008318864588 ......
checking 6e9fa67c58ccd59df9cc21a8e9a4c4f9aea15fa8 ......
	 orig commit -> fe2ed42517533068ac03eed5630fffafff27eacf ......
checking 2e4f2131b66ffe64ef90d1e85223ef347e355b65 ......
	 orig commit -> 1097680d759918ce4a8705381c0ab2ed7bd60cf1 ......
checking 8934e069674a09c4ce4a0858e1aee5474784df92 ......
	 orig commit -> 6e09d0fb64402cec579f029ca4c7f39f5c48fc60 ......
checking 48baa924108e124bc5221ca73b72562a8479c11c ......
	 orig commit -> 5c341ee32881c554727ec14b71ec3e8832f01989 ......
checking 04c9fe63166fa9a3004e770c36ec1eb7cdfd5465 ......
	 orig commit -> 90f92c631b210c1e97080b53a9d863783281a932 ......
checking dd8334a5e17e291f503cada56a0d6aed3ddb3c12 ......
	 orig commit -> f0e8faa7a5e894b0fc99d24be1b18685a92ea466 ......
checking cd9601caa2fa45e768ec6bf1fa1375bbb566466f ......
	 orig commit -> 1ea6af3216b092ec97129ac81bd95cf254c4b140 ......
checking a075ac9c0a40f20ad14f052ee34e88922703ed20 ......
	 orig commit -> 6ab5c2b662e2dcbb964099bf7f19e9dbc9ae5a41 ......
checking cfcb94b3a498108364db1ad1c36742e86d0c5c4c ......
	 orig commit -> 3d37d41a148c32389ed360e10a9f8a7cd37ce166 ......
checking 5921b26bf7445591055bbe385b91d2ea866e7278 ......
	 orig commit -> 23ab4c6183ac0679d80888b5c4cc1d528fcc21c2 ......
checking bec062cd47bd0184ec88a80c06f695acae8999ff ......
	 orig commit -> ce95077d0cdfcc8e40dea10a1680249831ccec77 ......
checking c3f7ca43b2d4eaf797d11d815326f78d092371ea ......
	 orig commit -> c9faa84cb9c34852ad70cb175457ae21fc06f39b ......
checking 835bf872d924a8442ef6d9c8fb078a5eed48c8a1 ......
	 orig commit -> 6c565d1a63ce241a0100f5d327c48dde87b4df76 ......
checking 355a8fced2bf8d0c242b8a9baffa7f07abc6ca12 ......
	 orig commit -> 1d8d6d3f2f7d553c479f24ab93767974a8c2dfad ......
checking 3e1c70972204add48a338ee9170a6c0358304e9a ......
	 orig commit -> 9536fd30d41ae4f30d04762676e5f5f602e16aa8 ......
checking ab6dc01db1f7df8957e451af93ece9327135bbac ......
	 orig commit -> 6ed80b3a232e61da6d0189bbbe2b2b9afaefe3b3 ......
checking d4f12aa133dbac336925ce7c1929b141819dcebf ......
	 orig commit -> 7f6c857b12911ed56b2056f9d5491e16b5fc95ea ......
checking b8add6715c9ada1619e6db6d4e106c03df94267c ......
	 orig commit -> 2b1e1a7cd0a615d57455567a549f9965023321b5 ......
checking 2982b9c92a66604ffb9fb2db54cf735133d1ef56 ......
	 orig commit -> e15fd0a11db00fc7f470a9fc804657ec3f6d04a5 ......
checking 717a145bd5a92e3aae1dae1535b83ec38a85fa1b ......
	 orig commit -> d03857c63bb036edff0aa7a107276360173aca4e ......
checking 6e371f9a4144c1097a675ca482fc90cbcb0fb4e7 ......
	 orig commit -> 4eb4517ce7c9c573b6c823de403aeccb40018cfc ......
checking 788a0bbc70115d2964d1b708720b30fd9f91b6ae ......
	 orig commit -> 7882a26d2e2e520099e2961d5e2e870f8e4172dc ......
checking ecf7ced8562811576cd02158d6ae8e44c1fb4671 ......
	 orig commit -> a45f795c65b479b4ba107b6ccde29b896d51ee98 ......
checking 0548b82989384a58e749f0c04781b2c823c6c1b9 ......
	 orig commit -> 55d9cc834f933698fc864f0d36f3cca533d30a8d ......
checking be60457612a22a040103bc98b1ebc72d95d4d6e0 ......
	 orig commit -> 462e650451c577d15eeb4d883d70fa9e4e529fad ......
checking 2e62bf3c6fe94b9c7fd37beac4b8b8fcd3f72d71 ......
	 orig commit -> 36721ece1e84a25130c4befb930509b3f96de020 ......
checking 6d9b544d88a4a697211062fc2ab2eb0e28c01b13 ......
	 orig commit -> 864db9295b06837d11a260e5dacf99a3fdf6bce2 ......
checking 6e53a62a0d529fb5cf8df8304ef02b691fb2736c ......
	 orig commit -> ad9e202aa1ce571b1d7fed969d06f66067f8a086 ......
checking f9081dd0c8be396428e04cd1e9ca5e4c86e375d4 ......
	 orig commit -> aeb1f39d814b2e21e5e5706a48834bfd553d0059 ......
checking 5c5839be08423b8a76d40beb59165e7993b4d455 ......
	 orig commit -> a672401c00f82e4e19704aff361d9bad18003714 ......
checking a4aafb8c4204c3a672b3340ae66e731148a30cd1 ......
	 orig commit -> 9dd73f72f218320c6c90da5f834996e7360dc227 ......
checking 357cfd6c83ee601f88f741b026c3301d6ca564e0 ......
	 orig commit -> 9a17b876b573441bfb3387ad55d98bf7184daf9d ......
checking de327948c009792ea49b07139c21e3a953137344 ......
	 orig commit -> 7d9e8f71b989230bc613d121ca38507d34ada849 ......
checking 71c49649551460f484c97f79c4fd51728ae55495 ......
	 orig commit -> 43849785e1079f6606a31cb7fda92d1200849728 ......
checking 5b66186152158076de6a1405329b255a327dd538 ......
	 orig commit -> 87cb12910a2ab6ed41ae951ea4d9c1cc1120199a ......
checking 1f75575aca7be589881cda14344b978b42cbceb5 ......
	 orig commit -> 6df8c9d80a27cb587f61b4f06b57e248d8bc3f86 ......
checking a14aeccb65e5dacdd8b47eafc2778b1bfce8978b ......
	 orig commit -> 387b978cb0d12cf3720ecb17e652e0a9991a08e2 ......
checking 51cff2c64d20ba65af768b4d922b98cb7baf947e ......
	 orig commit -> a5b0e4062fb225155189e593699bbfcd0597f8b5 ......
checking df35a8f51fcbad255df9ac541eef2e84182a4c50 ......
	 orig commit -> ddc37832a1349f474c4532de381498020ed71d31 ......
checking 73a2e2405d300931f9e30ae439dcda21f592d110 ......
	 orig commit -> ce1ca7d2d140a1f4aaffd297ac487f246963dd2f ......
checking c49b31b585a17fd59227a23bd98b7c834947e851 ......
	 orig commit -> bc7c36eedb0c7004aa06c2afc3c5385adada8fa3 ......
checking ce5c52f039cf886ac1f2a2535bb4e02ebcefe043 ......
	 orig commit -> 1cb51a15b576ee325d527726afff40947218fd5e ......
checking bab10a549fd64e36f06c995d6adf22c0413e9379 ......
	 orig commit -> eeb0d56fab4cd7848cf2be6704fa48900dbc1381 ......
checking beecb1e72cc5af0921c9daf75c404408744822cd ......
	 orig commit -> fc1ffd6cb38a1c1af625b9833c41928039e733f5 ......
checking 33038189bcabe9fecfef79adf985539b954e0c7c ......
	 orig commit -> 020eb3daaba2857b32c4cf4c82f503d6a00a67de ......
checking bf15e45eee7ab5df30cc9ec0f7030fbccf1d55b0 ......
	 orig commit -> 178f358208ceb8b38e5cff3f815e0db4a6a70a07 ......
checking e097785467134635a99a223168ff3825c6fb9d01 ......
	 orig commit -> b34ca60148c53971d373643195cc5c4d5d20be78 ......
checking 9e10a0fc73122e90544875ec8375f1e9a187bb25 ......
	 orig commit -> 99dfe80a2a246c600440a815741fd2e74a8b4977 ......
checking 98e60a8345ae93fc5e5a9c9f30879a1da53aabad ......
	 orig commit -> d89f473ff6f84872e761419f7233d6e00f99c340 ......
		 d89f473ff6f84872e761419f7233d6e00f99c340 has problem. Fixes commit -> 24bedcb7c811375a962a621613ad152d95bc28ba
checking 09187cdf50c17a5f537b78a3154c4b1014d9a36e ......
	 orig commit -> 9728a7c8ab2f7a1c8d5c95278d2e4f4ac1285385 ......
checking 26c4d513b6af730941bb4ff4c237789a4d190c27 ......
	 orig commit -> 1193e6aeecb36c74c48c7cd0f641acbbed9ddeef ......
checking e0641f201114700dceac729babc89991ebb4b3ef ......
	 orig commit -> 04478197416e3a302e9ebc917ba1aa884ef9bfab ......
checking 001ed27d088a4f66de05d440a2e7c8dd018be457 ......
	 orig commit -> a2724663494f7313f53da10d8c0a729c5e3c4dea ......
checking c8dce6e0ef2c3641be81639fbfe4f10b6d411c41 ......
	 orig commit -> 73529c872a189c747bdb528ce9b85b67b0e28dec ......
checking d8d82ac42e27a0312193364193139aa1917efe11 ......
	 orig commit -> cf9e1672a66c49ed8903c01b4c380a2f2dc91b40 ......
checking 86249aef233e6e05ba84f6c9aab9e6b890fc6ba7 ......
	 orig commit -> 05a974efa4bdf6e2a150e3f27dc6fcf0a9ad5655 ......
checking ad17175732ca7b368b654c5736ef488a064c52a4 ......
	 orig commit -> 01167c7b9cbf099c69fe411a228e4e9c7104e123 ......
checking c1274eeb2fe3524ed075d3343213923262c845c8 ......
	 orig commit -> e1d070c3793a2766122865a7c2142853b48808c5 ......
checking 35028599bc8884f33e36a9353be6f1401940aa29 ......
	 orig commit -> 7a546af50eb78ab99840903083231eb635c8a566 ......
checking 63df1ccb937f67fbefa0a77415b3a4d10434a09b ......
	 orig commit -> 6d104af38b570d37aa32a5803b04c354f8ed513d ......
checking 4922a6a5cfa7ff25622f07860d840e6b9c49f6a1 ......
	 orig commit -> 51ebfc92b72b4f7dac1ab45683bf56741e454b8c ......
		 51ebfc92b72b4f7dac1ab45683bf56741e454b8c has problem. Fixes commit -> 030305d69fc6963c16003f50d7e8d74b02d0a143
commit 610c2b7ff8f6d5cbad76bbe522f7f367d7116b0f
Author: Bjorn Helgaas <bhelgaas@google.com>
Date:   Fri Jan 27 15:00:45 2017 -0600

    PCI/ASPM: Handle PCI-to-PCIe bridges as roots of PCIe hierarchies
    
    commit 030305d69fc6963c16003f50d7e8d74b02d0a143 upstream.
    
    In a struct pcie_link_state, link->root points to the pcie_link_state of
    the root of the PCIe hierarchy.  For the topmost link, this points to
    itself (link->root = link).  For others, we copy the pointer from the
    parent (link->root = link->parent->root).
    
    Previously we recognized that Root Ports originated PCIe hierarchies, but
    we treated PCI/PCI-X to PCIe Bridges as being in the middle of the
    hierarchy, and when we tried to copy the pointer from link->parent->root,
    there was no parent, and we dereferenced a NULL pointer:
    
      BUG: unable to handle kernel NULL pointer dereference at 0000000000000090
      IP: [<ffffffff9e424350>] pcie_aspm_init_link_state+0x170/0x820
    
    Recognize that PCI/PCI-X to PCIe Bridges originate PCIe hierarchies just
    like Root Ports do, so link->root for these devices should also point to
    itself.
    
    Fixes: 51ebfc92b72b ("PCI: Enumerate switches below PCI-to-PCIe bridges")
    Link: https://bugzilla.kernel.org/show_bug.cgi?id=193411
    Link: https://bugzilla.opensuse.org/show_bug.cgi?id=1022181
    Tested-by: lists@ssl-mail.com
    Tested-by: Jayachandran C. <jnair@caviumnetworks.com>
    Signed-off-by: Bjorn Helgaas <bhelgaas@google.com>
    Signed-off-by: Greg Kroah-Hartman <gregkh@linuxfoundation.org>
checking c6bdc450fe93b54c394143a3e564a6730f3350ff ......
	 orig commit -> a782b5f986c3fa1cfa7f2b57941200c6a5809242 ......
checking 07f0267561c6cbe4a87c9a05134d2070f8b4a2ee ......
	 orig commit -> 210675270caa33253e4c33f3c5e657e7d6060812 ......
checking 0181b3603681d03e5753079cef8b17d2905faee5 ......
	 orig commit -> a8a86d78d673b1c99fe9b0064739fde9e9774184 ......
checking bb82fb48df8cab8f902052ce03f6d51b9b8f1bcd ......
	 orig commit -> eb1357d942e5d96de6b4c20a8ffa55acf96233a2 ......
checking 3c4d83a1a41efdf2c191d0072e6545e6bf8ecc94 ......
	 orig commit -> 1f19b983a8877f81763fab3e693c6befe212736d ......
checking f29f3616b9328e17f902f1839634b2440ca07982 ......
	 orig commit -> 78794d1890708cf94e3961261e52dcec2cc34722 ......
checking a297ed84b92846963b4a7c5efd90910cea9c39a5 ......
	 orig commit -> 546125d1614264d26080817d0c8cddb9b25081fa ......
checking 90687fc3c8c386a16326089d68cf616b8049440f ......
	 orig commit -> 52d7e48b86fc108e45a656d8e53e4237993c481d ......
checking bdeaa468e22171497b289c2f31d20ab6b318d53c ......
	 orig commit -> f466ae66fa6a599f9a53b5f9bafea4b8cfffa7fb ......
checking f779e00d2e86df2c9409c7cc8c054113c5086d1b ......
	 orig commit -> 89e9f7bcd8744ea25fcf0ac671b8d72c10d7d790 ......
checking 782b361c93062f083bbc9a78928498218f950399 ......
	 orig commit -> 497de07d89c1410d76a15bec2bb41f24a2a89f31 ......
checking 9170948a24b7ad73ea6511c5d37984f9475b699f ......
	 orig commit -> 7245f67f86e847769f41dacad26bb8f5b5d74bf4 ......
checking efba7a37efe28ea53ccecbb377983d11a938df10 ......
	 orig commit -> af92305e567b7f4c9cf48b9e46c1f48ec9ffb1fb ......
checking 173470b1b10a853a0b11cbf363c8b50087aa3962 ......
	 orig commit -> 1f87aee6a2e55eda466a43ba6248a8b75eede153 ......
checking 979f63227c98004635b6c329749618372a3ff4bf ......
	 orig commit -> 2e575cbc930901718cc18e084566ecbb9a4b5ebb ......
checking e95bd2ca11a9b680a46ac4af6167d5299753a1f5 ......
	 orig commit -> 72649a46067903d00f46e2ebef6543768224f1a0 ......
checking 387812143cbede75658d267ad224e653b83b498b ......
	 orig commit -> 68cc085a4daaa32f7138de1e918331c05165a484 ......
checking 57a10f29e0b3b407336293139459012259885ce2 ......
	 orig commit -> 24b2d930a50662c11918fd0c22931f1448488da4 ......
checking 97136d1ef47aa2bd5efc4061fbca364ba4e6a138 ......
	 orig commit -> 7d891a685dd46b925cf25b74ada0280a2531c34f ......
checking 03f5be20ec9befe477e9978bdba2b1f4f2ca9e42 ......
	 orig commit -> 621cb4e7837e39d25a5af5a785ad282cdd2b4ce8 ......
checking 3ef6a3c0136b2005ff887e777f51200938ac3214 ......
	 orig commit -> cf346d5bd4b9d61656df2f72565c9b354ef3ca0d ......
checking ea738532666a465d0a7fc0546e35d6acb9242a29 ......
	 orig commit -> c56cb33b56c13493eeb95612f80e4dd6e35cd109 ......
checking a1d308914090d689973af1b4cb8d0141a91d7a46 ......
	 orig commit -> ed6c166cc7dc329736cace3affd2df984fb22ec8 ......
checking 0f242c0ae0a6d414bab8aa7aa6ad0e55fb669bb0 ......
	 orig commit -> 2bd42f3aaa53ebe78b9be6f898b7945dd61f9773 ......
checking 8b5484fab145d4c03c8afff7223d687668abf5d9 ......
	 orig commit -> 631ac41b46d293fb3ee43a809776c1663de8d9c6 ......
checking 567eea578016f181968f76f9e81bc98ecf231ae9 ......
	 orig commit -> ecf1e2253ea79c6204f4d6a5e756e8fb4aed5a7e ......
checking d622b626270ae58c0d40c55a97170ac464c9063a ......
	 orig commit -> 0b59970e7d96edcb3c7f651d9d48e1a59af3c3b0 ......
checking 656a7d6575336348000bcf42e9827b3b4ff95102 ......
	 orig commit -> bf08e884bfd5be068fd2ccf2bc450f085d8dd853 ......
checking 661600ff77f142b26338eb795e5694a17a6df699 ......
	 orig commit -> 1f22e454df2eb99ba6b7ace3f594f6805cdf5cbc ......
checking 8f95735412ad8d9327cb890ac11a89a4b911c41b ......
	 orig commit -> 6fa26208206c406fa529cd73f7ae6bf4181e270b ......
checking 1039b7f5c7ef027279a2f554e31bcb529163d335 ......
	 orig commit -> befcabcd530e4ffb6f016638f693b7d94986d2ba ......
checking 618d14b01a45cb0fbfe5ad1177699e4a49dec237 ......
	 orig commit -> c482af646d0809a8d5e1b7f4398cce3592589b98 ......
checking 970f6806c2b17054ab47cfa0751d8e4150a92c1f ......
	 orig commit -> af4295c117b82a521b05d0daf39ce879d26e6cb1 ......
checking 0d64860aa6389e4cd23da3ef1eb648fbeded1060 ......
	 orig commit -> acbda523884dcf45613bf6818d8ead5180df35c2 ......
checking 7c8441c89043d9914a441e5589bb76148f1a93da ......
	 orig commit -> c73b7911de97fad3ab9032a110af48d6ab2da48f ......
checking dae9f4f144119229e4218f92ec0876549460ed45 ......
	 orig commit -> 288c01b746aab484651391ca6d64b585d3eb5ec6 ......
checking 4db097fe49ea9dc608e614fbf46bc7463be0eb76 ......
	 orig commit -> afd02cd3a9b6c04b41d946b5d7f6e17b3fc30c6b ......
checking 45f3a7eb2ca05a8cd0e56889fba96b548077f7a3 ......
	 orig commit -> a0fa72683e78979ef1123d679b1c40ae28bd9096 ......
checking 25c72b518734ec5d4dfb7ad90d785ff8efc04eb7 ......
	 orig commit -> d680ebed91e0b45c43ae03a880a0b43211096161 ......
checking b7c55155983403fe654324e4828e79bd7aab8d76 ......
	 orig commit -> aa6aae38f7fb2c030f326a6dd10b58fff1851dfa ......
