Check from v4.9.155 to v4.9.156
Commit count: 134
checking 8278355efb01231cb6739fe9576d5d5b0977d8e1 ......
checking f87140275ee63a0170d43e5db4eab53ddfb557ec ......
	 orig commit -> 9d3d65a91f027b8a9af5e63752d9b78cb10eb92d ......
checking e7b2ead55ac758757c86d81097a304a6ea67e774 ......
	 orig commit -> 0c60c490830a1a756c80f8de8d33d9c6359d4a36 ......
checking bd10eb88e3d0ad4d140b397f1509bc37bbaa2c27 ......
	 orig commit -> 602cae04c4864bb3487dfe4c2126c8d9e7e1614a ......
checking 2a469758223ee56a7c4b9d871f0919eca6b355b8 ......
	 orig commit -> 09ce351dff8e7636af0beb72cd4a86c3904a0500 ......
checking b6666764b6a0a99308a126a8314523763d31978b ......
	 orig commit -> e2b1820bd5d0962d6f271b0d47c3a0e38647df2f ......
checking 7f3829912e0ca5cfdca0fe6164fca4142ad87a9e ......
	 orig commit -> 9bcdeb51bd7d2ae9fe65ea4d60643d2aeef5bfe3 ......
checking d13ed61172034ca603cc640b052217c42d2e4f84 ......
	 orig commit -> fedb5760648a291e949f2380d383b5b2d2749b5e ......
checking 7231ec1770e52b45a305356d40630e51f21a4f98 ......
	 orig commit -> 489338a717a0dfbbd5a3fabccf172b78f0ac9015 ......
		 489338a717a0dfbbd5a3fabccf172b78f0ac9015 has problem. Fixes commit -> 03d309711d687460d1345de8a0363f45b1c8cd11
commit e07e9b10d6658e4cbff0fe1c88c04291edcca17d
Author: Thomas Richter <tmricht@linux.ibm.com>
Date:   Tue Feb 19 16:36:39 2019 +0100

    perf test: Fix failure of 'evsel-tp-sched' test on s390
    
    [ Upstream commit 03d309711d687460d1345de8a0363f45b1c8cd11 ]
    
    Commit 489338a717a0 ("perf tests evsel-tp-sched: Fix bitwise operator")
    causes test case 14 "Parse sched tracepoints fields" to fail on s390.
    
    This test succeeds on x86.
    
    In fact this test now fails on all architectures with type char treated
    as type unsigned char.
    
    The root cause is the signed-ness of character arrays in the tracepoints
    sched_switch for structure members prev_comm and next_comm.
    
    On s390 the output of:
    
     [root@m35lp76 perf]# cat /sys/kernel/debug/tracing/events/sched/sched_switch/format
     name: sched_switch
     ID: 287
     format:
       field:unsigned short common_type; offset:0; size:2;  signed:0;
       ...
       field:char prev_comm[16]; offset:8; size:16; signed:0;
       ...
       field:char next_comm[16]; offset:40; size:16; signed:0;
    
    reveals the character arrays prev_comm and next_comm are per
    default unsigned char and have values in the range of 0..255.
    
    On x86 both fields are signed as this output shows:
     [root@f29]# cat /sys/kernel/debug/tracing/events/sched/sched_switch/format
     name: sched_switch
     ID: 287
     format:
       field:unsigned short common_type; offset:0; size:2;  signed:0;
       ...
       field:char prev_comm[16]; offset:8; size:16; signed:1;
       ...
       field:char next_comm[16]; offset:40; size:16; signed:1;
    
    and the character arrays prev_comm and next_comm are per default signed
    char and have values in the range of -1..127.  The implementation of
    type char is architecture specific.
    
    Since the character arrays in both tracepoints sched_switch and
    sched_wakeup should contain ascii characters, simply omit the check for
    signedness in the test case.
    
    Output before:
    
      [root@m35lp76 perf]# ./perf test -F 14
      14: Parse sched tracepoints fields                        :
      --- start ---
      sched:sched_switch: "prev_comm" signedness(0) is wrong, should be 1
      sched:sched_switch: "next_comm" signedness(0) is wrong, should be 1
      sched:sched_wakeup: "comm" signedness(0) is wrong, should be 1
      ---- end ----
      14: Parse sched tracepoints fields                        : FAILED!
      [root@m35lp76 perf]#
    
    Output after:
    
      [root@m35lp76 perf]# ./perf test -Fv 14
      14: Parse sched tracepoints fields                        :
      --- start ---
      ---- end ----
      Parse sched tracepoints fields: Ok
      [root@m35lp76 perf]#
    
    Fixes: 489338a717a0 ("perf tests evsel-tp-sched: Fix bitwise operator")
    
    Signed-off-by: Thomas Richter <tmricht@linux.ibm.com>
    Cc: Heiko Carstens <heiko.carstens@de.ibm.com>
    Cc: Hendrik Brueckner <brueckner@linux.vnet.ibm.com>
    Cc: Martin Schwidefsky <schwidefsky@de.ibm.com>
    Link: http://lkml.kernel.org/r/20190219153639.31267-1-tmricht@linux.ibm.com
    Signed-off-by: Arnaldo Carvalho de Melo <acme@redhat.com>
    Signed-off-by: Sasha Levin <sashal@kernel.org>
checking 9269ba3cb74c97cea89c9347042a0d89e4f4b0fc ......
	 orig commit -> 9dff0aa95a324e262ffb03f425d00e4751f3294e ......
		 9dff0aa95a324e262ffb03f425d00e4751f3294e has problem. Fixes commit -> 528871b456026e6127d95b1b2bd8e3a003dc1614
commit 01d16f0159ff27ccd92019a0d232260d6da01ad5
Author: Ingo Molnar <mingo@kernel.org>
Date:   Wed Feb 13 07:57:02 2019 +0100

    perf/core: Fix impossible ring-buffer sizes warning
    
    commit 528871b456026e6127d95b1b2bd8e3a003dc1614 upstream.
    
    The following commit:
    
      9dff0aa95a32 ("perf/core: Don't WARN() for impossible ring-buffer sizes")
    
    results in perf recording failures with larger mmap areas:
    
      root@skl:/tmp# perf record -g -a
      failed to mmap with 12 (Cannot allocate memory)
    
    The root cause is that the following condition is buggy:
    
            if (order_base_2(size) >= MAX_ORDER)
                    goto fail;
    
    The problem is that @size is in bytes and MAX_ORDER is in pages,
    so the right test is:
    
            if (order_base_2(size) >= PAGE_SHIFT+MAX_ORDER)
                    goto fail;
    
    Fix it.
    
    Reported-by: "Jin, Yao" <yao.jin@linux.intel.com>
    Bisected-by: Borislav Petkov <bp@alien8.de>
    Analyzed-by: Peter Zijlstra <peterz@infradead.org>
    Cc: Julien Thierry <julien.thierry@arm.com>
    Cc: Mark Rutland <mark.rutland@arm.com>
    Cc: Alexander Shishkin <alexander.shishkin@linux.intel.com>
    Cc: Arnaldo Carvalho de Melo <acme@redhat.com>
    Cc: Jiri Olsa <jolsa@redhat.com>
    Cc: Linus Torvalds <torvalds@linux-foundation.org>
    Cc: Namhyung Kim <namhyung@kernel.org>
    Cc: Peter Zijlstra <peterz@infradead.org>
    Cc: Thomas Gleixner <tglx@linutronix.de>
    Cc: Greg Kroah-Hartman <gregkh@linuxfoundation.org>
    Cc: <stable@vger.kernel.org>
    Fixes: 9dff0aa95a32 ("perf/core: Don't WARN() for impossible ring-buffer sizes")
    Signed-off-by: Ingo Molnar <mingo@kernel.org>
    Signed-off-by: Greg Kroah-Hartman <gregkh@linuxfoundation.org>
checking c2e3f4e632991fa8b6e8f00aae6ae0cb635bd67b ......
	 orig commit -> d28af26faa0b1daf3c692603d46bc4687c16f19e ......
checking 296c2f019a4bf230b4bc5f21bf0fbdc76584c102 ......
	 orig commit -> 9e63a7894fd302082cf3627fe90844421a6cbe7f ......
checking a2c34d20660f24a40b46d0d341547b84f3fff3b0 ......
	 orig commit -> ecec76885bcfe3294685dc363fd1273df0d5d65f ......
checking 0c42df1f9f82f73ebc6c0f54b1df295ffc5a7b4b ......
	 orig commit -> cfa39381173d5f969daf43582c95ad679189cbc9 ......
checking f5c61e4f6b5a1cc66c61eb68334f725031948a7e ......
	 orig commit -> 353c0956a618a07ba4bbe7ad00ff29fe70e8412a ......
checking d26358590bb2be063453412cfeec5afefe55d030 ......
	 orig commit -> 42caa0edabd6a0a392ec36a5f0943924e4954311 ......
checking 27d8c602413d0ec3a55cb21eef6a3f768b77d7c7 ......
	 orig commit -> c418fd6c01fbc5516a2cd1eaf1df1ec86869028a ......
checking c74a4d36f353ea795f5da0c328f9b60de60e9106 ......
	 orig commit -> 07c69f1148da7de3978686d3af9263325d9d60bd ......
checking 2fc78043df925fb2501cadc77a798f72bf21208e ......
	 orig commit -> a53469a68eb886e84dd8b69a1458a623d3591793 ......
checking d9f82def817a91b5c7f66844fc94397056c61792 ......
	 orig commit -> 341198eda723c8c1cddbb006a89ad9e362502ea2 ......
checking 3c8307940e46e772e39694178776c73ec9be8f77 ......
	 orig commit -> 9e528c799d17a4ac37d788c81440b50377dd592d ......
checking 277242cc2cc9c4a3a29e5605ca322a47adcd0c1e ......
	 orig commit -> f7da7782aba92593f7b82f03d2409a1c5f4db91b ......
checking 64702dea060005ff835f4aa25bdce335be9d88f7 ......
	 orig commit -> 97e1532ef81acb31c30f9e75bf00306c33a77812 ......
checking 4f3d69898e1a4838efbfa593b2953533a0c86657 ......
	 orig commit -> a2ebba824106dabe79937a9f29a875f837e1b6d4 ......
checking 50449aafb818a55a012985d2412a34a4c624f7f2 ......
	 orig commit -> 9509941e9c534920ccc4771ae70bd6cbbe79df1c ......
checking 18c071d41fda1e17a93aeb831e2f44d6c97ad02d ......
	 orig commit -> 305a0ade180981686eec1f92aa6252a7c6ebb1cf ......
checking 001828f80ca69153acd618921915641084dc81b3 ......
	 orig commit -> 4f2ab5e1d13d6aa77c55f4914659784efd776eb4 ......
checking f10e046ee3605c79fc5f2805800bf8cba1aa0650 ......
	 orig commit -> 7596175e99b3d4bce28022193efd954c201a782a ......
checking 072e11e73d95fa92060a53aa9f62bf8ab45dc8c0 ......
	 orig commit -> 17ab4f61b8cd6f9c38e9d0b935d86d73b5d0d2b5 ......
checking d524f3521b5fcb67bed8d794c759a444f4f31dd6 ......
	 orig commit -> e8c8b53ccaff568fef4c13a6ccaf08bf241aa01a ......
checking 05648cbaf2dd6c19b6ef7795095b3afba0a65581 ......
	 orig commit -> 8dfb8d2cceb76b74ad5b58cc65c75994329b4d5e ......
checking 44476fdd1504272d54ac44858b4aff8cb7689202 ......
	 orig commit -> 6fa19f5637a6c22bc0999596bcc83bdcac8a4fa6 ......
checking bfeb312c242798b9c3cc174b085ff275e0b8c2d2 ......
	 orig commit -> 294c149a209c6196c2de85f512b52ef50f519949 ......
checking 1c23c2941712bb6ddce3715b7def5c74253732ad ......
	 orig commit -> 6dce3c20ac429e7a651d728e375853370c796e8d ......
checking 4efc10360691b4823b3067020e32d0d88e727ed3 ......
	 orig commit -> 53bc8d2af08654659abfadfd3e98eb9922ff787c ......
checking 2dd6c1155d5c018b98686571e4a45b41d501dfca ......
	 orig commit -> 9b1f19d810e92d6cdc68455fbc22d9f961a58ce1 ......
checking 5bf9ca73e8beeb3948afeb062e688328496ece65 ......
	 orig commit -> 03334ba8b425b2ad275c8f390cf83c7b081c3095 ......
checking 9e5229ebb00d75bd4fc6dd473fd64d9679e0de6d ......
	 orig commit -> 8099b047ecc431518b9bb6bdbba3549bbecdc343 ......
checking cf96e963958b05df4d2b2b84df41eb328f8d36f7 ......
	 orig commit -> 76699a67f3041ff4c7af6d6ee9be2bfbf1ffb671 ......
checking 0e5c7505a9f532c4f890882e4bc4adebaeb0437e ......
	 orig commit -> 09be178400829dddc1189b50a7888495dd26aa84 ......
checking 629e457d163b6b1ef80faeb4a5a145d4d05fc88c ......
	 orig commit -> 304ae42739b108305f8d7b3eb3c1aec7c2b643a9 ......
checking 683f5f8b386210bfb983d2d097313f64ab24e94f ......
	 orig commit -> 6ae16dfb61bce538d48b7fe98160fada446056c5 ......
checking 5b4b5b96872fab94a22b0b2097045ac6fea7ab10 ......
	 orig commit -> 9d216211fded20fff301d0317af3238d8383634c ......
checking 343962e03de7344f0619df9974cec9ecd67f7233 ......
	 orig commit -> 296dcc40f2f2e402facf7cd26cf3f2c8f4b17d47 ......
checking b40ef2ccedd9a279095187cf1475d1e8decc192e ......
	 orig commit -> 0d9c9a238faf925823bde866182c663b6d734f2e ......
checking 69a1580320bf505ce51e06763e36b0596872d3d0 ......
	 orig commit -> 093c48213ee37c3c3ff1cf5ac1aa2a9d8bc66017 ......
checking d5c411b55d2d2d0f8fd6608e380bf3f4cd6ee9a5 ......
	 orig commit -> 7418e6520f22a2e35815122fa5a53d5bbfa2c10f ......
checking bc51a8ac6ce39910455385384625db2b3beeaf09 ......
	 orig commit -> 70306d9dce75abde855cefaf32b3f71eed8602a3 ......
checking 998baad903091e43ba565bd64c82fc98ba678b68 ......
	 orig commit -> 67a28de47faa83585dd644bd4c31e5a1d9346c50 ......
checking 564651f1cb8e4d96b1b6ad443f9d7806188348f2 ......
	 orig commit -> e4589fa545e0020dbbc3c9bde35f35f949901392 ......
checking 63e311153b66fb36eb448e65b8bca5c1dbf1c28e ......
	 orig commit -> 26fd962bde0b15e54234fe762d86bc0349df1de4 ......
checking 5eb9de20b9cc44e58ae83ec37a8791814d37a1ce ......
	 orig commit -> 8892d8545f2d0342b9c550defbfb165db237044b ......
checking 5c61a608d8e186415e4665b9087faeb8255abdb9 ......
	 orig commit -> 59a63e479ce36a3f24444c3a36efe82b78e4a8e0 ......
checking b82eaa2815935d4326d5042e27f08498176f31dd ......
	 orig commit -> 0b15394475e3bcaf35ca4bf22fc55d56df67224e ......
checking 9b364a8a8e3f1bea2ec0ec6b609834073db5f83c ......
	 orig commit -> 5ac93f808338f4dd465402e91869702eb87db241 ......
checking 00af9ea68da2f61df5d83f7941614b75ac4ebd1d ......
	 orig commit -> 9d880c5945c748d8edcac30965f3349a602158c4 ......
checking cb56da64ce84d5efadeda294938421f9ee98dcc9 ......
	 orig commit -> 0464ed24380905d640030d368cd84a4e4d1e15e2 ......
checking ecbf70b1586786ad84eead30246ecc2ef87de417 ......
	 orig commit -> 9aa3aa15f4c2f74f47afd6c5db4b420fadf3f315 ......
checking 0138dfb7b3325dcd7347ccaa0c256c6fd9239b8d ......
	 orig commit -> c9c63915519b1def7043b184680f33c24cd49d7b ......
		 c9c63915519b1def7043b184680f33c24cd49d7b has problem. Fixes commit -> 07bd14ccc3049f9c0147a91a4227a571f981601a
commit 986ac4c8f1e895da075f369d6306c40469931501
Author: Wei Yongjun <weiyongjun1@huawei.com>
Date:   Wed Dec 26 11:28:24 2018 +0000

    hwmon: (lm80) Fix missing unlock on error in set_fan_div()
    
    [ Upstream commit 07bd14ccc3049f9c0147a91a4227a571f981601a ]
    
    Add the missing unlock before return from function set_fan_div()
    in the error handling case.
    
    Fixes: c9c63915519b ("hwmon: (lm80) fix a missing check of the status of SMBus read")
    Signed-off-by: Wei Yongjun <weiyongjun1@huawei.com>
    Signed-off-by: Guenter Roeck <linux@roeck-us.net>
    Signed-off-by: Sasha Levin <sashal@kernel.org>
checking a37706aca54c46b9ea11b3a53ea0e91e3ada1a22 ......
	 orig commit -> 594d1644cd59447f4fceb592448d5cd09eb09b5e ......
checking 3b3db169bf10d34fb7d3852c5222c925e3952269 ......
	 orig commit -> e87555e550cef4941579cd879759a7c0dee24e68 ......
checking d3e7df5eca8bfc9ee0d234c403ef79e68de073f4 ......
	 orig commit -> 2b745ac3cceb8fc1d9985990c8241a821ea97e53 ......
checking 4d485769afb25fd6aba37781649a77dcec60a2da ......
	 orig commit -> 42f9b48cc5402be11d2364275eb18c257d2a79e8 ......
checking 38e753847b70d6eb0f68e4d48b95c32ff042718d ......
	 orig commit -> 2122b40580dd9d0620398739c773d07a7b7939d0 ......
checking 8ae94cd54cd8d7f8802ae22a988bdd5d8b8bf204 ......
	 orig commit -> 1fb3a7a75e2efcc83ef21f2434069cddd6fae6f5 ......
checking 5037c6ff109d72d6a7b33ae4b8f78a5279f080d0 ......
	 orig commit -> 31389b53b3e0b535867af9090a5d19ec64768d55 ......
checking 06df6307c6e4a6735be96ee515b9a80f3a9ae051 ......
	 orig commit -> f75df8d4b4fabfad7e3cba2debfad12741c6fde7 ......
checking 55e7919907f076f585edab28a99dc83bd0971dcd ......
	 orig commit -> fdac751355cd76e049f628afe6acb8ff4b1399f7 ......
checking c9fd3741c4c70554ae2758a5f3f6d70b29c32270 ......
	 orig commit -> a52c5a16cf19d8a85831bb1b915a221dd4ffae3c ......
checking 0de45bfea6076710a64a9937a1bf6a64fd66b319 ......
	 orig commit -> 9848b6ddd8c92305252f94592c5e278574e7a6ac ......
checking 1db8ab808e4e77a7bd7adf1ff871328f8ad7a28a ......
	 orig commit -> b17b59602b6dcf8f97a7dc7bc489a48388d7063a ......
checking b1ceaab5968bebcb3deac7a4bec93bbbc8ad3b3a ......
	 orig commit -> d29e89e34952a9ad02c77109c71a80043544296e ......
checking 806d99ef0e0939ad1fb3f5a2dcacd660b9a64e4e ......
	 orig commit -> 4f68ef64cd7feb1220232bd8f501d8aad340a099 ......
		 4f68ef64cd7feb1220232bd8f501d8aad340a099 has problem. Fixes commit -> 51c8d24101c79ffce3e79137e2cee5dfeb956dd7
checking a3e537395c49fb559535439f0bd1ff904540a680 ......
	 orig commit -> 7ff44499bafbd376115f0bb6b578d980f56ee13b ......
checking 07b3f3c56837cb9249cfda444e5119188388503a ......
	 orig commit -> b2346b5030cf9458f30a84028d9fe904b8c942a7 ......
checking 11c7fac20807db62f1f910df2285ca3e5c5cfb57 ......
	 orig commit -> 1629db9c75342325868243d6bca5853017d91cf8 ......
checking a1708a81baac5c48423a65500e174775cb261cc7 ......
	 orig commit -> fa89a4593b927b3f59c3b69379f31d3b22272e4e ......
checking 4470e51361ffc06262cc835a5764f34260aa7311 ......
	 orig commit -> efc38dd7d5fa5c8cdd0c917c5d00947aa0539443 ......
checking f4365d40238f2e889071ab7d6cfdc5a91c532fbc ......
	 orig commit -> 05a4ab823983d9136a460b7b5e0d49ee709a6f86 ......
checking d74450c936ede1024ef8b775e9b91131bd71bedc ......
	 orig commit -> 0d640732dbebed0f10f18526de21652931f0b2f2 ......
checking beeda95079ab74a55a97cece850c4b5c56b99501 ......
	 orig commit -> bef0b8970f27da5ca223e522a174d03e2587761d ......
checking 769d74be45bb9c23d2083fd1269320ab3a1289e5 ......
	 orig commit -> 7572588085a13d5db02bf159542189f52fdb507e ......
checking 13d7112b4bca18c9bf507b00c150b6df043d754c ......
	 orig commit -> 31e933645742ee6719d37573a27cce0761dcf92b ......
checking 4bde07d81d6680486af7d4136f0e19b20b8bd43e ......
	 orig commit -> e03e303edf1c63e6dd455ccd568c74e93ef3ba8c ......
checking 53276cf018cb0e72f484fda07c3cf4b9b75b50d0 ......
	 orig commit -> add6883619a9e3bf9658eaff1a547354131bbcd9 ......
checking cefe66c3aa8ef71f596cc41164f8ea150be5bb53 ......
	 orig commit -> 88af3209aa0881aa5ffd99664b6080a4be5f24e5 ......
checking 46171c3288228a0200f677d166080fd856f21980 ......
	 orig commit -> d288d95842f1503414b7eebce3773bac3390457e ......
checking f12dcce8351907abffc6a4b6b4f39629ee4b274d ......
	 orig commit -> 4f5c85fe3a60ace555d09898166af372547f97fc ......
checking da048fe9b871346d179d1f91122d9700e8b384d6 ......
	 orig commit -> 9456823c842f346c74265fcd98d008d87a7eb6f5 ......
checking f2ea36e1f20289eca47aa23e9daf4fdc94e06940 ......
	 orig commit -> 0efcc2c0fd2001a83240a8c3d71f67770484917e ......
checking b4f5424d387b9ca5bbae072730593266fd8adf47 ......
	 orig commit -> 9f83cfdb1ace3ef268ecc6fda50058d2ec37d603 ......
checking d1069fc14266851c1e5eae4a33a5da864387c093 ......
	 orig commit -> a868e8530441286342f90c1fd9c5f24de3aa2880 ......
checking 98e089c8b7b4b851d231826d7c814b20a969cde3 ......
	 orig commit -> 89cddc563743cb1e0068867ac97013b2a5bf86aa ......
checking c53fcd538a2ad7e916ce47e5f4db026f9bb7eb96 ......
	 orig commit -> 17f6c83fb5ebf7db4fcc94a5be4c22d5a7bfe428 ......
checking a56fd13b0f5319fcba0980fd65779638330c96a9 ......
	 orig commit -> 84fb6c7feb1494ebb7d1ec8b95cfb7ada0264465 ......
checking d4ccfcea3786ae828a1f6b5a02ff57e9ace3cb13 ......
	 orig commit -> c12b08ebbe16f0d3a96a116d86709b04c1ee8e74 ......
checking 23f2b811bec6147c1fcb96a5593a313f99826354 ......
	 orig commit -> 6e6da2039c82271dd873b9ad2b902a692a7dd554 ......
checking b6fc5a5108b410d7cb1a160b40845c943427b7d2 ......
	 orig commit -> ce10a5b3954f2514af726beb78ed8d7350c5e41c ......
checking 1fbecf8e70c85ab4c4d487573e8a6248d2efd40d ......
	 orig commit -> e86108940e541febf35813402ff29fa6f4a9ac0b ......
checking f096edebd1525d1f67c9a78912d9229d00739ac7 ......
	 orig commit -> 5b841bfab695e3b8ae793172a9ff7990f99cc3e2 ......
checking afdbbc9a27477c8c34c0518e924be287aca93614 ......
	 orig commit -> aa35dc3c71950e3fec3e230c06c27c0fbd0067f8 ......
checking 42584b2b8051373772b6dcacc5231922bf541e5e ......
	 orig commit -> 6637401c35b2f327a35d27f44bda05e327f2f017 ......
checking d1b10aea0e3729253a87363eb27bb34b2a98b7f0 ......
	 orig commit -> 1147e05ac9fc2ef86a3691e7ca5c2db7602d81dd ......
checking 5623da06565dca03de8037b084b0854ec7795581 ......
	 orig commit -> 6e803e2e6e367db9a0d6ecae1bd24bb5752011bd ......
checking 1773543ea9bac92670a2e84ced14839c8f8a8399 ......
	 orig commit -> ab2180a15ce54739fed381efb4cb12e78dfb1561 ......
checking a61cdb8ebcee13ec0ce1c9ea4e274a2d44a3bdf2 ......
	 orig commit -> 964f4843a455d2ffb199512b08be8d5f077c4cac ......
checking 60846115bbedc018f66dbdee61f5880c96ca15ad ......
	 orig commit -> 62a063b8e7d1db684db3f207261a466fa3194e72 ......
		 62a063b8e7d1db684db3f207261a466fa3194e72 has problem. Fixes commit -> dd838821f0a29781b185cd8fb8e48d5c177bd838
commit 33c164d59f3cead1b8a42441e0abc8d7788a202b
Author: Yihao Wu <wuyihao@linux.alibaba.com>
Date:   Wed Mar 6 21:03:50 2019 +0800

    nfsd: fix wrong check in write_v4_end_grace()
    
    commit dd838821f0a29781b185cd8fb8e48d5c177bd838 upstream.
    
    Commit 62a063b8e7d1 "nfsd4: fix crash on writing v4_end_grace before
    nfsd startup" is trying to fix a NULL dereference issue, but it
    mistakenly checks if the nfsd server is started. So fix it.
    
    Fixes: 62a063b8e7d1 "nfsd4: fix crash on writing v4_end_grace before nfsd startup"
    Cc: stable@vger.kernel.org
    Reviewed-by: Joseph Qi <joseph.qi@linux.alibaba.com>
    Signed-off-by: Yihao Wu <wuyihao@linux.alibaba.com>
    Signed-off-by: J. Bruce Fields <bfields@redhat.com>
    Signed-off-by: Greg Kroah-Hartman <gregkh@linuxfoundation.org>
checking fa24ad75cfafdc4bdf4f947d25b1af438e70f1c6 ......
	 orig commit -> 1861a7f07e02292830a1ca256328d370deefea30 ......
checking a1ef7d5da9b2c145f811a80bb8197df6037a7572 ......
	 orig commit -> a11f6ca9aef989b56cd31ff4ee2af4fb31a172ec ......
checking 5415d1a3dcb621ee8740a5e26ad3393fc395c789 ......
	 orig commit -> f6176473a0c7472380eef72ebeb330cf9485bf0a ......
checking 6b4eec8a3512dc488b84672a58edbf737d07db1b ......
	 orig commit -> b61ac5b720146c619c7cdf17eff2551b934399e5 ......
checking ac71285b663ccbd15d51e3c3a78068aa0eb82eae ......
	 orig commit -> 2912289a518077ddb8214e05336700148e97e235 ......
checking b3476f29d0d76850d89158194dbb1a1b38ce0b79 ......
	 orig commit -> 7f6232e69539971cf9eaed07a6c14ab4a2361133 ......
checking 6f76b5a8f7e1c875001625513680b721efde1673 ......
	 orig commit -> aeaebcc17cdf37065d2693865eeb1ff1c7dc5bf3 ......
checking 426a61bfe4360f74d1fc6a14c94c3cda0dc987d1 ......
	 orig commit -> 8ea0f2ba0fa3f91ea1b8d823a54b042026ada6b3 ......
checking 05461ec758b9c4b4ee56517b05cd7392daca494b ......
	 orig commit -> 9eb40fa2cd2d1f6829e7b49bb22692f754b9cfe0 ......
checking 1e3981011876dd36d09ab8e81a87f725529b14d8 ......
	 orig commit -> 4787eff3fa88f62fede6ed7afa06477ae6bf984d ......
checking ab70d98b39f2f8e222a1e67c8447d09c48c9b8b0 ......
	 orig commit -> 5818c683a619c534c113e1f66d24f636defc29bc ......
checking 4f42f234ad1f78f8b2cec2a2c1560df8789d2492 ......
	 orig commit -> c10b26abeb53cabc1e6271a167d3f3d396ce0218 ......
checking d755ae852b97dd5e7f29d9f685a74e4948cb18e6 ......
	 orig commit -> 336650c785b62c3bea7c8cf6061c933a90241f67 ......
checking 8a9cf43e72a5b8b3721657a8601aaefaac14287a ......
	 orig commit -> b3a3eafeef769c6982e15f83631dcbf8d1794efb ......
checking dd57ad3e75034499bd862cbe76fe444397ac0a36 ......
	 orig commit -> 83d0bdc7390b890905634186baaa294475cd6a06 ......
checking 15750c190432d5a61a3ae7bd91f807cc38d985cc ......
	 orig commit -> 397bd9211fe014b347ca8f95a8f4e1017bac1aeb ......
checking c9e666af54729a767e0ad010c1bcaf63aba52566 ......
	 orig commit -> 0560054da5673b25d56bea6c57c8d069673af73b ......
checking c3777e6bb05a6d7f3c73868cae8705caf05cd521 ......
	 orig commit -> 5b3f5c408d8cc59b87e47f1ab9803dbd006e4a91 ......
checking cf974855c5c931128d36d9023ca4ad9fe2af303d ......
	 orig commit -> 53bb565fc5439f2c8c57a786feea5946804aa3e9 ......
checking 035801540c962a393e5f54d876f58800861e76fb ......
	 orig commit -> 216f0efd19b9cc32207934fd1b87a45f2c4c593e ......
checking 13198d8023f763095fbd174976959e6885fe76c2 ......
	 orig commit -> 82c08c3e7f171aa7f579b231d0abbc1d62e91974 ......
checking 778508831ab7d14d985df1f0904a97ed01a55275 ......
	 orig commit -> b114d9009d386276bfc3352289fc235781ae3353 ......
checking 8ab6b5cd8768845217ab3879e08c7c9a52877a89 ......
	 orig commit -> 3831a2a0010c72e3956020cbf1057a1701a2e469 ......
checking eef25b07bad1ed9bace5790c8f7a1e568778796a ......
	 orig commit -> 819bec35c8c9706185498c9222bd244e0781ad35 ......
checking 8c25e7a4ed6fa51b597572f464adf415bf88802c ......
	 orig commit -> 1539c7f23f256120f89f8b9ec53160790bce9ed2 ......
checking e31bc4df038b8b3ce07b2039ec7db64b97a925a3 ......
	 orig commit -> 0559ef7fde67bc6c83c6eb6329dbd6649528263e ......
checking 9b3e959d46e37597fd2b9c68e3133a5b49d6da6c ......
	 orig commit -> a37805098900a6e73a55b3a43b7d3bcd987bb3f4 ......
