Check from v4.9.57 to v4.9.58
Commit count: 52
checking 4d4a6a3f8a12602ce8dc800123715fe7b5c1c3a1 ......
checking 480fd4fb29c596bf669a864ceda00dec7f0c2134 ......
	 orig commit -> 40d829fb2ec636b6b4b0cc95e2546ab9aca04cc9 ......
checking 9b9843154cd1d6916f49a1a95c9b49c7cee9c477 ......
	 orig commit -> a578884fa0d2768f13d37c6591a9e1ed600482d3 ......
checking 2ee4d596e44599f894386223848bf27a51d5fbef ......
	 orig commit -> 75bf2f6478cab9b0c1d7f5f674a765d1e2ad530e ......
checking 8a7a752441a95b861079707cb7467ecc70b4836e ......
	 orig commit -> 9af02d86e11dc409e5c3de46e81c0a492ba58905 ......
checking a127483e9ee2d9229723ce6ccbf1bd7d18f3f2b0 ......
	 orig commit -> 3827b64dba27ebadb4faf51f2c91143e01ba1f6d ......
checking 16ee696eed67f9c08424161f1424842e061147a9 ......
	 orig commit -> 1894054dc1b6e4395048b2c0f28832a3f4320fd3 ......
checking 62a3af1f1bc0338d642992f8e2d8601221cbf02e ......
	 orig commit -> 8d911904f3ce412b20874a9c95f82009dcbb007c ......
		 8d911904f3ce412b20874a9c95f82009dcbb007c has problem. Fixes commit -> 8c218578fcbbbdb10416c8614658bf32e3bf1655
checking d4bda742831e0ee5f1d313cf915fa467f346f3b0 ......
	 orig commit -> f7d1ddbe7648af7460d23688c8c131342eb43b3a ......
checking 0c92e732937c8b159c73ba3c244d29eed5be9f57 ......
	 orig commit -> 336a9cde10d641e70bac67d90ae91b3190c3edca ......
checking b200b6dc7f3953aa8bd6fba7f7e07b460e4c72eb ......
	 orig commit -> 4d65491c269729a1e3b375c45e73213f49103d33 ......
checking e0fcd1e40db4d8c5a9711f76caa4ea2362f01b26 ......
	 orig commit -> b448bf9a0df6093dbadac36979a55ce4e012a677 ......
checking 06f2d879c308615ecf81870e672c40144453eb18 ......
	 orig commit -> 39e2afa8d042a53d855137d4c5a689a6f5492b39 ......
checking 939f4f6ec7414246d7a6ff3cafc0eea42c699eac ......
	 orig commit -> 72aa107df6a275cf03359934ca5799a2be7a1bf7 ......
checking ad50561ba7a664bc581826c9d57d137fcf17bfa5 ......
	 orig commit -> feb0869d90e51ce8b6fd8a46588465b1b5a26d09 ......
checking bd530852210d9a9bb96cb4c08adc13a6b116c75e ......
	 orig commit -> c6b0b656ca24ede6657abb4a2cd910fa9c1879ba ......
checking 6839ad59f9d5058b3b7e2c608b4a9d08619134a3 ......
	 orig commit -> 24c149ad6914d349d8b64749f20f3f8ea5031fe0 ......
checking df37e8fadf749d2bd7010e420baef11542ecaca9 ......
	 orig commit -> 80d025ffede88969f6adf7266fbdedfd5641148a ......
checking b025eb5d2678af7e2d40ffa715e173b81a5a7972 ......
	 orig commit -> e3ccc921b7d8fd1fcd10a00720e09823d8078666 ......
checking 1226f6993357300042faae9e379cafcdfe0292d3 ......
	 orig commit -> c5212b943d4b52a7d9e0d9f747e7ad59c50d31f1 ......
checking 7f8ea2674b447db447830c21a195955183ff0b23 ......
	 orig commit -> c2dedf8773e873474535bd4a158609b9eda5403d ......
checking a506d326cbec565f2871e376c9702f9f9a047a37 ......
	 orig commit -> afe981d664aeeebc8d1bcbd7d2070b5432edaecb ......
checking f6a72741241f27ccc880b89d3923e7c829facd9a ......
	 orig commit -> 36fb7435b6ac4d288a2d4deea8934f9456ab46b6 ......
checking 0ea82b90d8448d6a74650c6891bc07ad20689b1f ......
	 orig commit -> 4694335dad7357e9b3d7822ab13049014d74d8b0 ......
checking b01eb463130675a03a89ea8ca97b06ad6710fde5 ......
	 orig commit -> 72cedf599fcebfd6cd2550274d7855838068d28c ......
checking 10ae48453347f7b11c76b7dd64ea469b61434d1b ......
	 orig commit -> 4d7d39a18b8b81511f0b893b7d2203790bf8a58b ......
checking 076a6220bc0198983432704e03ed993b2230ba7b ......
	 orig commit -> c6e28895a4372992961888ffaadc9efc643b5bfe ......
checking 2ada592fc8e53998c7b383af23e2e794bfe571bf ......
	 orig commit -> 439a36b8ef38657f765b80b775e2885338d72451 ......
checking a5f043b2419e09d9f40758fb4627f524f7755c8f ......
	 orig commit -> ddffe98d166f4a93d996d5aa628fd745311fc1e7 ......
checking 6145171a6bc0abdc3eca7a4b795ede467d2ba569 ......
	 orig commit -> 12cb3a1c4184f891d965d1f39f8cfcc9ef617647 ......
	 orig commit -> f1c131b45410a202eb45cc55980a7a9e4e4b4f40 ......
		 f1c131b45410a202eb45cc55980a7a9e4e4b4f40 has problem. Fixes commit -> 5125e4e867ab888f2d4b443a1ce463adefb370db
aa4a829bdaced81e70c215a84ef6595ce8bd4308
9df0eb180c2074451f25556eb566d89c7057c2ac
89027579bc6c2febbcc9c2f9d5069adf71539e4b
fe4f6c801c03bc13113d0dc32f02d4ea8ed89ffd
checking 8909b26a51fc7e47b8f4094c39c6b0f38676b02b ......
	 orig commit -> 95f1ba9a24af9769f6e20dfe9a77c863f253f311 ......
checking 84a66ca775438dc3f9918a977a169f49a9700e2d ......
	 orig commit -> 7dd4fcf5b70694dc961eb6b954673e4fc9730dbd ......
checking cf368c29f5ac57c798eb99c1fba04314588e8566 ......
	 orig commit -> d939cdfde34f50b95254b375f498447c82190b3e ......
checking e9afe7c8641ab23a060799f19f1aeb5b84d1807a ......
	 orig commit -> 86d54795c94532075d862aa0a79f0c981dab4bdd ......
checking e215b6bb2dfeb34cf3aba0feab8c5c62f477a7b5 ......
	 orig commit -> 4dd9920d991745c4a16f53a8f615f706fbe4b3f7 ......
checking ab3d531745cf6cbbbf3a42679d50168d455dbbe4 ......
	 orig commit -> a499c3ead88ccf147fc50689e85a530ad923ce36 ......
checking e5226e92bed86880c52454fc8ed7f8e5e48ac5bb ......
	 orig commit -> 035e97adab26c1121cedaeb9bd04cf48a8e8cf51 ......
checking 90a8dfa5ae7a1589d9c99503ce160334a474b8a0 ......
	 orig commit -> ca1c39ef76376b67303d01f94fe98bb68bb3861a ......
checking f107c6ddf8db81bda0f784c57c9d26ca87cc3c38 ......
	 orig commit -> 4b86c459c7bee3acaf92f0e2b4c6ac803eaa1a58 ......
checking 0500fcd885561a41d49ef635453247df41a80df5 ......
	 orig commit -> 6cf1bf636a067eb308cb3a8322b9d6b1844a075d ......
checking b1b73cc0460837f328d091de2746040e30fbd808 ......
	 orig commit -> 47d3a07528ecbbccf53bc4390d70b4e3d1c04fcf ......
checking c1bc62d729f46be9dae02a68a7e7b867cb8af25f ......
	 orig commit -> d98937f4ea713d21e0fcc345919f86c877dd8d6f ......
checking fff654b43e12d41db0a0918ac08ddd2e76bf1579 ......
	 orig commit -> 6f437d431930ff86e4a971d29321951faadb97c7 ......
checking 145ded700722eef2a9992bc7435f302c5c91b6e0 ......
	 orig commit -> 126cfa2f5e15ae2ca7f70be71b07e6cd8d2b44d1 ......
		 126cfa2f5e15ae2ca7f70be71b07e6cd8d2b44d1 has problem. Fixes commit -> a87a4d23e86b7ff9b3f1300774c942de139ba16a
12ee4022f67f8854061b46e5c0a7ad6258ab66c2
commit 1ab6efa2d4d6e785e6701fd319cc3044ede2fadf
Author: Subhransu S. Prusty <subhransu.s.prusty@intel.com>
Date:   Wed Apr 12 09:54:00 2017 +0530

    ALSA: hda: Add Geminilake id to SKL_PLUS
    
    
    [ Upstream commit 12ee4022f67f8854061b46e5c0a7ad6258ab66c2 ]
    
    Geminilake is Skylake family platform. So add it's id to skl_plus check.
    
    Fixes: 126cfa2f5e15 ("ALSA: hda: Add Geminilake HDMI codec ID")
    Signed-off-by: Subhransu S. Prusty <subhransu.s.prusty@intel.com>
    Cc: Senthilnathan Veppur <senthilnathanx.veppur@intel.com>
    Cc: Vinod Koul <vinod.koul@intel.com>
    Cc: Takashi Iwai <tiwai@suse.de>
    Signed-off-by: Takashi Iwai <tiwai@suse.de>
    Signed-off-by: Sasha Levin <alexander.levin@microsoft.com>
    Signed-off-by: Greg Kroah-Hartman <gregkh@linuxfoundation.org>
checking 4799163a7a19499678327a04d65ce0394492632a ......
	 orig commit -> ff4dd73dd2b4806419f8ff65cbce11d5019548d0 ......
		 ff4dd73dd2b4806419f8ff65cbce11d5019548d0 has problem. Fixes commit -> 0ddcff49b672239dda94d70d0fcf50317a9f4b51
67bd52386125ce1159c0581cbcd2740addf33cd4
commit 7e6d77dfca838d6ef31f1d78ad4288b11908d86d
Author: weiyongjun (A) <weiyongjun1@huawei.com>
Date:   Thu Jan 18 02:23:34 2018 +0000

    mac80211_hwsim: fix possible memory leak in hwsim_new_radio_nl()
    
    [ Upstream commit 0ddcff49b672239dda94d70d0fcf50317a9f4b51 ]
    
    'hwname' is malloced in hwsim_new_radio_nl() and should be freed
    before leaving from the error handling cases, otherwise it will cause
    memory leak.
    
    Fixes: ff4dd73dd2b4 ("mac80211_hwsim: check HWSIM_ATTR_RADIO_NAME length")
    Signed-off-by: Wei Yongjun <weiyongjun1@huawei.com>
    Reviewed-by: Ben Hutchings <ben.hutchings@codethink.co.uk>
    Signed-off-by: Johannes Berg <johannes.berg@intel.com>
    Signed-off-by: Sasha Levin <alexander.levin@microsoft.com>
    Signed-off-by: Greg Kroah-Hartman <gregkh@linuxfoundation.org>

commit 6a8ab06660dccd42cdba409c3b1af045304a9ff7
Author: Ben Hutchings <ben.hutchings@codethink.co.uk>
Date:   Fri Nov 10 18:48:50 2017 +0000

    mac80211_hwsim: Fix memory leak in hwsim_new_radio_nl()
    
    
    [ Upstream commit 67bd52386125ce1159c0581cbcd2740addf33cd4 ]
    
    hwsim_new_radio_nl() now copies the name attribute in order to add a
    null-terminator.  mac80211_hwsim_new_radio() (indirectly) copies it
    again into the net_device structure, so the first copy is not used or
    freed later.  Free the first copy before returning.
    
    Fixes: ff4dd73dd2b4 ("mac80211_hwsim: check HWSIM_ATTR_RADIO_NAME length")
    Signed-off-by: Ben Hutchings <ben.hutchings@codethink.co.uk>
    Signed-off-by: Johannes Berg <johannes.berg@intel.com>
    Signed-off-by: Sasha Levin <alexander.levin@verizon.com>
    Signed-off-by: Greg Kroah-Hartman <gregkh@linuxfoundation.org>
commit 7e6d77dfca838d6ef31f1d78ad4288b11908d86d
Author: weiyongjun (A) <weiyongjun1@huawei.com>
Date:   Thu Jan 18 02:23:34 2018 +0000

    mac80211_hwsim: fix possible memory leak in hwsim_new_radio_nl()
    
    [ Upstream commit 0ddcff49b672239dda94d70d0fcf50317a9f4b51 ]
    
    'hwname' is malloced in hwsim_new_radio_nl() and should be freed
    before leaving from the error handling cases, otherwise it will cause
    memory leak.
    
    Fixes: ff4dd73dd2b4 ("mac80211_hwsim: check HWSIM_ATTR_RADIO_NAME length")
    Signed-off-by: Wei Yongjun <weiyongjun1@huawei.com>
    Reviewed-by: Ben Hutchings <ben.hutchings@codethink.co.uk>
    Signed-off-by: Johannes Berg <johannes.berg@intel.com>
    Signed-off-by: Sasha Levin <alexander.levin@microsoft.com>
    Signed-off-by: Greg Kroah-Hartman <gregkh@linuxfoundation.org>
checking aaf54d40b83fa6ebcdccdd895f97cd86b8f67406 ......
	 orig commit -> 08865514805d2de8e7002fa8149c5de3e391f412 ......
		 08865514805d2de8e7002fa8149c5de3e391f412 has problem. Fixes commit -> 17a9be31747535184f2af156b1f080ec4c92a952
checking d413c3f0bd6fc515a2b8bff889b80728941d0d7c ......
	 orig commit -> b28ace12661fbcfd90959c1e84ff5a85113a82a1 ......
checking bbb5f0062b74505e654bd516cb8114d54c4c2db1 ......
	 orig commit -> 3736d4eb6af37492aeded7fec0072dedd959c842 ......
checking 8b0be545deba980344915b67ee39dd6b5b0b2e76 ......
	 orig commit -> 7fb4a2cea6b18dab56d609530d077f168169ed6b ......
checking 43588be0735f78b4fbbcbae1e8234a5d4620c191 ......
	 orig commit -> 9f674e48c13dcbc31ac903433727837795b81efe ......
checking ebbd5ac4acdbfd8e4286a96286b057e49287133a ......
	 orig commit -> eb4375e1969c48d454998b2a284c2e6a5dc9eb68 ......
	 orig commit -> f507b54dccfd8000c517d740bc45f20c74532d18 ......
checking 0054c0bca32190ccaa283ecaef1c970e4610b7da ......
	 orig commit -> 5fdc66e046206306bf61ff2d626bfa52ca087f7b ......
