Check from v4.9.125 to v4.9.126
Commit count: 65
checking 66f5a871e5987c8f4bff333b66c361a53cdcd350 ......
checking 0515258e4776912b53a7772b208fc130837380fb ......
	 orig commit -> 7b6924d94a60c6b8c1279ca003e8744e6cd9e8b1 ......
checking ac617410962fcdd6b4675865a4469a8a54abb584 ......
	 orig commit -> cc98963dbaaea93d17608641b8d6942a5327fc31 ......
checking 4a219e41a9dbf14a17d0056e7a1a148196117ba5 ......
	 orig commit -> 0522236d4f9c5ab2e79889cb020d1acbe5da416e ......
checking e0ec112e7eb158de714f37a444a4eb861f839c10 ......
	 orig commit -> 99cbbe56eb8bede625f410ab62ba34673ffa7d21 ......
checking 3ddf06cdf05aab898a10cc1c1d28f2ecc43a6f34 ......
	 orig commit -> 3943b040f11ed0cc6d4585fd286a623ca8634547 ......
checking 6c6d17485d2daeb6c455a65d05d21cb285ec6699 ......
	 orig commit -> d1c392c9e2a301f38998a353f467f76414e38725 ......
checking 05a085c7c501b7bec772eafb421d19be15b8e7e1 ......
	 orig commit -> 286e87718103acdf85f4ed323a37e4839a8a7c05 ......
checking 6fdad64a14f541e6f11f93cec9e6802549dd2821 ......
	 orig commit -> 82c9a927bc5df6e06b72d206d24a9d10cced4eb5 ......
checking a328c4cec0346a390819ce3283aca70307db90ee ......
	 orig commit -> bb24153a3f13dd0dbc1f8055ad97fe346d598f66 ......
checking 3752de782d5b59b8a379d4d51f9fb454beed8f19 ......
	 orig commit -> 8c5b044299951acd91e830a688dd920477ea1eda ......
checking 8001317c0bdfbdc462033da788c429859f39b1a3 ......
	 orig commit -> 38dabd91ff0bde33352ca3cc65ef515599b77a05 ......
		 38dabd91ff0bde33352ca3cc65ef515599b77a05 has problem. Fixes commit -> b00ef53053191d3025c15e8041699f8c9d132daf
checking 36ac3a0116a5229d2ff4d1b12e7f81408d07ae5e ......
	 orig commit -> 59965593205fa4044850d35ee3557cf0b7edcd14 ......
checking 1bc1f0f72992c97d99bb50b231592750199db02a ......
	 orig commit -> 95a22d2084d72ea067d8323cc85677dba5d97cae ......
checking 48e1148488b6d88e3d0b803867db249bc5568d42 ......
	 orig commit -> 08acbdd6fd736b90f8d725da5a0de4de2dd6de62 ......
checking 0d1694b185ca2e7d4b0491ea2ce135b391878eea ......
	 orig commit -> eef19816ada3abd56d9f20c88794cc2fea83ebb2 ......
checking a56a15432ac808d63d7c3b24fa81dfa6afbab067 ......
	 orig commit -> 5820f140edef111a9ea2ef414ab2428b8cb805b1 ......
checking 55463c60b7d56e98936abfd092b4983dd010df50 ......
	 orig commit -> 42a0cc3478584d4d63f68f2f5af021ddbea771fa ......
		 42a0cc3478584d4d63f68f2f5af021ddbea771fa has problem. Fixes commit -> 1c3243f61fa7daea78de9866af2625f559ebf456
checking d2f96e17ca75f183cfd50ff0b6655fb74e502a1e ......
	 orig commit -> 9ba3eb5103cf56f0daaf07de4507df76e7813ed7 ......
checking b68377cb57f248cafc3b118e78adeb60a6d442d5 ......
	 orig commit -> 1c48db44924298ad0cb5a6386b88017539be8822 ......
checking eada1b2246fcc2be26d49108c680ebd199954fb6 ......
	 orig commit -> 0f725561e168485eff7277d683405c05b192f537 ......
checking 04d1d58c274996163c7c7d659336cedbade30761 ......
	 orig commit -> a6f572084fbee8b30f91465f4a085d7a90901c57 ......
checking 7c439bc2220d624fc7edba4c9bdc1d65b4f47f26 ......
	 orig commit -> ea93102f32244e3f45c8b26260be77ed0cc1d16c ......
checking 40b08cdac9ae0877dd39d2dcfe2f8c7c68c8ce59 ......
	 orig commit -> 817aef260037f33ee0f44c17fe341323d3aebd6d ......
checking ba99ff79ac84a768cc9163897ec6b616bd14858f ......
	 orig commit -> 6e1811900b6fe6f2b4665dba6bd6ed32c6b98575 ......
checking b5bc39d4ffb53b0fb335d96d3abf1a4585019c0a ......
	 orig commit -> 0f90be132cbf1537d87a6a8b9e80867adac892f6 ......
checking 9ba1a9ea7cb781fa293831ad77b4632b6db90f8c ......
	 orig commit -> 0914bb965e38a055e9245637aed117efbe976e91 ......
checking 7f2163b56e5eab5d63aa68084fecd63052389999 ......
	 orig commit -> fec3259c9f747c039f90e99570540114c8d81a14 ......
checking e996a24db2087ce1b3ad2e41fa2c2b05d1de8652 ......
	 orig commit -> be75de25251f7cf3e399ca1f584716a95510d24a ......
checking 8729412ca3527c82e6daae2ab3c3e7e929c1b5de ......
	 orig commit -> 0027ff2a75f9dcf0537ac0a65c5840b0e21a4950 ......
checking 18c5d285a9d4a878313116c1e7095ea1c0869ebe ......
	 orig commit -> 3df6f61fff49632492490fb6e42646b803a9958a ......
checking 3ac733eb641d974b6072c9817bd382838139979d ......
	 orig commit -> 10aa14527f458e9867cf3d2cc6b8cb0f6704448b ......
checking 262f38faadc43e844d849b65337c535023ccd388 ......
	 orig commit -> 6afebb70ee7a4bde106dc1a875e7ac7997248f84 ......
checking 0ef606320567f081475f57224639efb40bfddd69 ......
	 orig commit -> 016f8ffc48cb01d1e7701649c728c5d2e737d295 ......
checking 941ca8dbf7748d0998858a6e0623b6b9b9b0de7a ......
	 orig commit -> 757d9140072054528b13bbe291583d9823cde195 ......
checking dc697314056cbf0f4b9ff2432c617edbebce1107 ......
	 orig commit -> f143641bfef9a4a60c57af30de26c63057e7e695 ......
checking 4e935c2eaec5182ade1bac3d12b115e2f195a069 ......
	 orig commit -> 5c8b84f410b3819d14cb1ebf32e4b3714b5a6e0b ......
checking 604c8018bedad856c1d6477496616190be05db10 ......
	 orig commit -> c3cc1b0fc27508da53fe955a3b23d03964410682 ......
checking 1893974d5dd4578e21ca9132b17f67a83b1d7a3f ......
	 orig commit -> ce664331b2487a5d244a51cbdd8cb54f866fbe5d ......
checking fa51177bbc27a63d64af2a3547018ff1033a160f ......
	 orig commit -> 5081efd112560d3febb328e627176235b250d59d ......
checking 0e0dd1a2298e91acab08bf3667fc6081c6371b04 ......
	 orig commit -> 09755690c6b7c1eabdc4651eb3b276f8feb1e447 ......
checking d4e5a9eda9174c3c68d6ef05264d5746bbc29569 ......
	 orig commit -> 9a5094ca29ea9b1da301b31fd377c0c0c4c23034 ......
checking 4e834c730df6dc887d1a7c5ed607aaa7aa991fb5 ......
	 orig commit -> 5a4e33c1c53ae7d4425f7d94e60e4458a37b349e ......
checking e5147bbfc3201df384b8ddd774dd45e322598dc7 ......
	 orig commit -> a5ba1d95e46ecaea638ddd7cd144107c783acb5d ......
		 a5ba1d95e46ecaea638ddd7cd144107c783acb5d has problem. Fixes commit -> aff9cf5955185d1f183227e46c5f8673fa483813
commit b7bd4a2b4263853043ab2033cbc796da3d75f0f1
Author: Samir Virmani <samir@embedur.com>
Date:   Wed Jan 16 10:28:07 2019 -0800

    uart: Fix crash in uart_write and uart_put_char
    
    commit aff9cf5955185d1f183227e46c5f8673fa483813 upstream.
    
    We were experiencing a crash similar to the one reported as part of
    commit:a5ba1d95e46e ("uart: fix race between uart_put_char() and
    uart_shutdown()") in our testbed as well. We continue to observe the same
    crash after integrating the commit a5ba1d95e46e ("uart: fix race between
    uart_put_char() and uart_shutdown()")
    
    On reviewing the change, the port lock should be taken prior to checking for
    if (!circ->buf) in fn. __uart_put_char and other fns. that update the buffer
    uart_state->xmit.
    
    Traceback:
    
    [11/27/2018 06:24:32.4870] Unable to handle kernel NULL pointer dereference
                               at virtual address 0000003b
    
    [11/27/2018 06:24:32.4950] PC is at memcpy+0x48/0x180
    [11/27/2018 06:24:32.4950] LR is at uart_write+0x74/0x120
    [11/27/2018 06:24:32.4950] pc : [<ffffffc0002e6808>]
                               lr : [<ffffffc0003747cc>] pstate: 000001c5
    [11/27/2018 06:24:32.4950] sp : ffffffc076433d30
    [11/27/2018 06:24:32.4950] x29: ffffffc076433d30 x28: 0000000000000140
    [11/27/2018 06:24:32.4950] x27: ffffffc0009b9d5e x26: ffffffc07ce36580
    [11/27/2018 06:24:32.4950] x25: 0000000000000000 x24: 0000000000000140
    [11/27/2018 06:24:32.4950] x23: ffffffc000891200 x22: ffffffc01fc34000
    [11/27/2018 06:24:32.4950] x21: 0000000000000fff x20: 0000000000000076
    [11/27/2018 06:24:32.4950] x19: 0000000000000076 x18: 0000000000000000
    [11/27/2018 06:24:32.4950] x17: 000000000047cf08 x16: ffffffc000099e68
    [11/27/2018 06:24:32.4950] x15: 0000000000000018 x14: 776d726966205948
    [11/27/2018 06:24:32.4950] x13: 50203a6c6974755f x12: 74647075205d3333
    [11/27/2018 06:24:32.4950] x11: 3a35323a36203831 x10: 30322f37322f3131
    [11/27/2018 06:24:32.4950] x9 : 5b205d303638342e x8 : 746164206f742070
    [11/27/2018 06:24:32.4950] x7 : 7520736920657261 x6 : 000000000000003b
    [11/27/2018 06:24:32.4950] x5 : 000000000000817a x4 : 0000000000000008
    [11/27/2018 06:24:32.4950] x3 : 2f37322f31312a5b x2 : 000000000000006e
    [11/27/2018 06:24:32.4950] x1 : ffffffc0009b9cf0 x0 : 000000000000003b
    
    [11/27/2018 06:24:32.4950] CPU2: stopping
    [11/27/2018 06:24:32.4950] CPU: 2 PID: 0 Comm: swapper/2 Tainted: P      D    O    4.1.51 #3
    [11/27/2018 06:24:32.4950] Hardware name: Broadcom-v8A (DT)
    [11/27/2018 06:24:32.4950] Call trace:
    [11/27/2018 06:24:32.4950] [<ffffffc0000883b8>] dump_backtrace+0x0/0x150
    [11/27/2018 06:24:32.4950] [<ffffffc00008851c>] show_stack+0x14/0x20
    [11/27/2018 06:24:32.4950] [<ffffffc0005ee810>] dump_stack+0x90/0xb0
    [11/27/2018 06:24:32.4950] [<ffffffc00008e844>] handle_IPI+0x18c/0x1a0
    [11/27/2018 06:24:32.4950] [<ffffffc000080c68>] gic_handle_irq+0x88/0x90
    
    Fixes: a5ba1d95e46e ("uart: fix race between uart_put_char() and uart_shutdown()")
    Cc: stable <stable@vger.kernel.org>
    Signed-off-by: Samir Virmani <samir@embedur.com>
    Acked-by: Tycho Andersen <tycho@tycho.ws>
    Signed-off-by: Greg Kroah-Hartman <gregkh@linuxfoundation.org>
checking d08b58b5c3ca41fa65a03a7c11398d48bf803079 ......
	 orig commit -> fd2fa95416188a767a63979296fa3e169a9ef5ec ......
		 fd2fa95416188a767a63979296fa3e169a9ef5ec has problem. Fixes commit -> 4561ffca88c546f96367f94b8f1e4715a9c62314
commit 8bf0cc33eddc8d1c5267115f460a3bc4a714ea88
Author: Joe Thornber <ejt@redhat.com>
Date:   Mon Sep 24 16:19:30 2018 -0400

    dm cache metadata: ignore hints array being too small during resize
    
    commit 4561ffca88c546f96367f94b8f1e4715a9c62314 upstream.
    
    Commit fd2fa9541 ("dm cache metadata: save in-core policy_hint_size to
    on-disk superblock") enabled previously written policy hints to be
    used after a cache is reactivated.  But in doing so the cache
    metadata's hint array was left exposed to out of bounds access because
    on resize the metadata's on-disk hint array wasn't ever extended.
    
    Fix this by ignoring that there are no on-disk hints associated with the
    newly added cache blocks.  An expanded on-disk hint array is later
    rewritten upon the next clean shutdown of the cache.
    
    Fixes: fd2fa9541 ("dm cache metadata: save in-core policy_hint_size to on-disk superblock")
    Cc: stable@vger.kernel.org
    Signed-off-by: Joe Thornber <ejt@redhat.com>
    Signed-off-by: Mike Snitzer <snitzer@redhat.com>
    Signed-off-by: Greg Kroah-Hartman <gregkh@linuxfoundation.org>
checking 9a3f8fd5bd75b8bc96e435cc973c2cd9e25c6c17 ......
	 orig commit -> 75294442d896f2767be34f75aca7cc2b0d01301f ......
checking 35c740d17746e5d9c401040663a32d0b669f209d ......
	 orig commit -> 430ac66eb4c5b5c4eb846b78ebf65747510b30f1 ......
checking c53310d06c6ad74a0bd72883e07fe837ef840111 ......
	 orig commit -> 7913690dcc5e18e235769fd87c34143072f5dbea ......
checking b69ef7c90e84135347f824f7a670b622f7a87989 ......
	 orig commit -> 23cba9cbde0bba05d772b335fe5f66aa82b9ad19 ......
checking 684f5d9a1d98eb44b1b253d4e779f4d78598b5cf ......
	 orig commit -> 3111784bee81591ea2815011688d28b65df03627 ......
checking e4f531212d7be8f9878768dfdaeaccda090171fe ......
	 orig commit -> 61b717d041b1976530f68f8b539b2e3a7dd8e39c ......
checking 2c3c284b44ac21370c5e8dbe0365ef935953ec3b ......
	 orig commit -> 995250959d22fc341b5424e3343b0ce5df672461 ......
checking 6f329f2767460f97dd56a54a1511aea84287f5ae ......
	 orig commit -> ef6cb5f1a048fdf91ccee6d63d2bfa293338502d ......
checking f8700e03c86c9d81483339a2d4fd33777a6debd8 ......
	 orig commit -> db2173198b9513f7add8009f225afa1f1c79bcc6 ......
checking 0eb725c141ace79026c4f8430db302c028eed98d ......
	 orig commit -> 7506dc7989933235e6fc23f3d0516bdbf0f7d1a8 ......
checking 89bdde28076710535713d7100670e53613555bb2 ......
	 orig commit -> cd813e1cd7122f2c261dce5b54d1e0c97f80e1a5 ......
checking 1ae3174fb80704dfd8bbd7e6d73cf4fef033c2f4 ......
	 orig commit -> 1bd6a1c4b80a28d975287630644e6b47d0f977a5 ......
		 1bd6a1c4b80a28d975287630644e6b47d0f977a5 has problem. Fixes commit -> a58183138cb72059a0c278f8370a47f41dae9afa
checking 0fdb739af29eccf31d8dae1b7f294c38a5960eb2 ......
	 orig commit -> 3512a18cbd8d09e22a790540cb9624c3c49827ba ......
checking 64a2af0e69a599475ff71b740409191e1954e9b8 ......
	 orig commit -> 7444a8092906ed44c09459780c56ba57043e39b1 ......
		 7444a8092906ed44c09459780c56ba57043e39b1 has problem. Fixes commit -> 4f666675cdff0b986195413215eb062b7da6586f
commit 97d34e8ea0719828c723e333d97918e9a4590cb2
Author: Daniel Mack <daniel@zonque.org>
Date:   Mon Oct 8 22:03:57 2018 +0200

    libertas: call into generic suspend code before turning off power
    
    [ Upstream commit 4f666675cdff0b986195413215eb062b7da6586f ]
    
    When powering down a SDIO connected card during suspend, make sure to call
    into the generic lbs_suspend() function before pulling the plug. This will
    make sure the card is successfully deregistered from the system to avoid
    communication to the card starving out.
    
    Fixes: 7444a8092906 ("libertas: fix suspend and resume for SDIO connected cards")
    Signed-off-by: Daniel Mack <daniel@zonque.org>
    Reviewed-by: Ulf Hansson <ulf.hansson@linaro.org>
    Acked-by: Kalle Valo <kvalo@codeaurora.org>
    Signed-off-by: Ulf Hansson <ulf.hansson@linaro.org>
    Signed-off-by: Sasha Levin <sashal@kernel.org>
checking f916daa615e1c0d67fb3b7a65572fbc56c6aaea6 ......
	 orig commit -> c11c7bfd213495784b22ef82a69b6489f8d0092f ......
checking 9f16a87ffe0029afe7c22293965ada8b409ab502 ......
	 orig commit -> d8ffee2f551a627ffb7b216e2da322cb9a037f77 ......
checking ae8f22ed6f92c3e1a7d0d4edb2d6dfbea51406b4 ......
	 orig commit -> 563a53f3906a6b43692498e5b3ae891fac93a4af ......
checking 5c45154990d557575cfa74b0b14b8a16f36af31f ......
	 orig commit -> d28c756caee6e414d9ba367d0b92da24145af2a8 ......
checking 41b2e6eff1da435174fe9c01b23b50f60b718ea1 ......
	 orig commit -> f9c52831133050c6b82aa8b6831c92da2bbf2a0b ......
checking 6aa4a723bd99ab424325426c7461ad95f8bdb7ef ......
	 orig commit -> ac74f87c789af40936a80131c4759f3e72579c3a ......
