Check from v4.9.120 to v4.9.121
Commit count: 16
checking d0e3227f31c5cf6d063f956f37d8948959b60d08 ......
checking e853786d3c72e1e1445cfd144f44fb9ba3b211f4 ......
	 orig commit -> 5e0fb5df2ee871b841f96f9cb6a7f2784e96aa4e ......
checking 6e6b637779d78fd7d32e4e19d59cfe815e68857c ......
	 orig commit -> 785a19f9d1dd8a4ab2d0633be4656653bd3de1fc ......
checking 7c7940ffbaefdbb189f78a48b4e64b6f268b1dbf ......
	 orig commit -> 7992c18810e568b95c869b227137a2215702a805 ......
checking 5daf24711f653f695352c3f916b70fa227bf9a78 ......
	 orig commit -> 3bbda5a38601f7675a214be2044e41d7749e6c7b ......
		 3bbda5a38601f7675a214be2044e41d7749e6c7b has problem. Fixes commit -> 0087f2013188d8b332cee2f74fd3c6754a49f620
checking b7c2b69911f84b6819d300c8b2849c04a1b782f0 ......
	 orig commit -> 318abdfbe708aaaa652c79fb500e9bd60521f9dc ......
checking afd5c42dea3f17932059471ce80cfd6d8fa93dfb ......
	 orig commit -> 0868def3e4100591e7a1fdbf3eed1439cc8f7ca3 ......
checking 81ad8a8e866755385a216cebbb9ae54ad0b31ea2 ......
	 orig commit -> bb29648102335586e9a66289a1d98a0cb392b6e5 ......
checking 371c35cb8c77578528cad01f0e0c6dd369dbc730 ......
	 orig commit -> 73bf20ef3df262026c3470241ae4ac8196943ffa ......
checking e87485a5542882280ce06c6aac1970a8c4881d73 ......
	 orig commit -> af839b4e546613aed1fbd64def73956aa98631e7 ......
checking 2d43ff0ffcf4b4c6587f292fbda4b27786e5e8ba ......
	 orig commit -> 934193a654c1f4d0643ddbf4b2529b508cae926e ......
		 934193a654c1f4d0643ddbf4b2529b508cae926e has problem. Fixes commit -> 914b087ff9e0e9a399a4927fa30793064afc0178
commit a75228044ef6f99b057784d46b98df0cd0dd8a5b
Author: Randy Dunlap <rdunlap@infradead.org>
Date:   Tue Aug 28 12:59:10 2018 -0700

    kbuild: make missing $DEPMOD a Warning instead of an Error
    
    commit 914b087ff9e0e9a399a4927fa30793064afc0178 upstream.
    
    When $DEPMOD is not found, only print a warning instead of exiting
    with an error message and error status:
    
    Warning: 'make modules_install' requires /sbin/depmod. Please install it.
    This is probably in the kmod package.
    
    Change the Error to a Warning because "not all build hosts for cross
    compiling Linux are Linux systems and are able to provide a working
    port of depmod, especially at the file patch /sbin/depmod."
    
    I.e., "make modules_install" may be used to copy/install the
    loadable modules files to a target directory on a build system and
    then transferred to an embedded device where /sbin/depmod is run
    instead of it being run on the build system.
    
    Fixes: 934193a654c1 ("kbuild: verify that $DEPMOD is installed")
    Signed-off-by: Randy Dunlap <rdunlap@infradead.org>
    Reported-by: H. Nikolaus Schaller <hns@goldelico.com>
    Cc: stable@vger.kernel.org
    Cc: Lucas De Marchi <lucas.demarchi@profusion.mobi>
    Cc: Lucas De Marchi <lucas.de.marchi@gmail.com>
    Cc: Michal Marek <michal.lkml@markovi.net>
    Cc: Jessica Yu <jeyu@kernel.org>
    Cc: Chih-Wei Huang <cwhuang@linux.org.tw>
    Signed-off-by: Masahiro Yamada <yamada.masahiro@socionext.com>
    Signed-off-by: Maxim Zhukov <mussitantesmortem@gmail.com>
    Signed-off-by: Greg Kroah-Hartman <gregkh@linuxfoundation.org>
checking 52b9b51a5f4f55d80ef7ccb4558520464d7be076 ......
	 orig commit -> 17e83549e199d89aace7788a9f11c108671eecf5 ......
checking 76b6f30f9443f57683d2bf428e5cba54ce9b1267 ......
	 orig commit -> 0e410e158e5baa1300bdf678cea4f4e0cf9d8b94 ......
checking 2130e543ff1aa0885ac4fc5f4ecd98cfccdeed00 ......
	 orig commit -> f967db0b9ed44ec3057a28f3b28efc51df51b835 ......
checking cc83ba490ddae49dc2c8ccdf2f32ae2ac4aeb562 ......
	 orig commit -> 0a957467c5fd46142bc9c52758ffc552d4c5e2f7 ......
checking 61341a364d5594352f6e11b2254cb2e540d0c476 ......
	 orig commit -> 1eb46908b35dfbac0ec1848d4b1e39667e0187e9 ......
