Check from v4.9.118 to v4.9.119
Commit count: 18
checking 8f21ecb4249a0914aea08bef1befca9019a3b44b ......
checking 240d46556d5961c7100febbee0e058185b3c8d4f ......
	 orig commit -> 92d34134193e5b129dc24f8d79cb9196626e8d7a ......
checking 34a5bbbb6ded0f1195cefc8d041bb51c99d3c242 ......
	 orig commit -> b697d7d8c741f27b728a878fc55852b06d0f6f5e ......
checking 6a19e26f11fb4192ec92d1f22ae8a1c252ebc272 ......
	 orig commit -> e01e80634ecdde1dd113ac43b3adad21b47f3957 ......
checking 885b49b4f31fdec212e6c5e9ad0845fab266d3cf ......
	 orig commit -> ca182551857cc2c1e6a2b7f1e72090a137a15008 ......
checking 36ee106e844187e3fc612c9b87f12e5e23e9d8a5 ......
	 orig commit -> 58152ecbbcc6a0ce7fddd5bf5f6ee535834ece0c ......
checking b2486a81f6c1d8c79960574c06c1da31a034a95b ......
	 orig commit -> bd3599a0e142cd73edd3b6801068ac3f48ac771a ......
checking 7f8d5ff5eadc9cb90c8af1a3b4177ee6abe5eed3 ......
	 orig commit -> 9f9e3e0d4dd3338b3f3dde080789f71901e1e4ff ......
checking a26030a63e041c5d81df356d0f8a5d8e7bad25e3 ......
	 orig commit -> 73c8d8945505acdcbae137c2e00a1232e0be709f ......
checking b209a097ca39ea586588d77ce680826103020af7 ......
	 orig commit -> a0040c0145945d3bd203df8fa97f6dfa819f3f7d ......
checking 9bf8d5bf50510a6898943dbb397b7cb529301614 ......
	 orig commit -> 44de022c4382541cebdd6de4465d1f4f465ff1dd ......
checking c68c772262d9b460ddd1b1d68e06ebe3254d0ead ......
	 orig commit -> 91874ecf32e41b5d86a4cb9d60e0bee50d828058 ......
checking 4d502572ea7da97550891c2b0bcd36fa4eb33401 ......
	 orig commit -> 61f4b23769f0cc72ae62c9a81cf08f0397d40da8 ......
		 61f4b23769f0cc72ae62c9a81cf08f0397d40da8 has problem. Fixes commit -> 91874ecf32e41b5d86a4cb9d60e0bee50d828058
commit c68c772262d9b460ddd1b1d68e06ebe3254d0ead
Author: Dmitry Safonov <dima@arista.com>
Date:   Sun Aug 5 01:35:53 2018 +0100

    netlink: Don't shift on 64 for ngroups
    
    commit 91874ecf32e41b5d86a4cb9d60e0bee50d828058 upstream.
    
    It's legal to have 64 groups for netlink_sock.
    
    As user-supplied nladdr->nl_groups is __u32, it's possible to subscribe
    only to first 32 groups.
    
    The check for correctness of .bind() userspace supplied parameter
    is done by applying mask made from ngroups shift. Which broke Android
    as they have 64 groups and the shift for mask resulted in an overflow.
    
    Fixes: 61f4b23769f0 ("netlink: Don't shift with UB on nlk->ngroups")
    Cc: "David S. Miller" <davem@davemloft.net>
    Cc: Herbert Xu <herbert@gondor.apana.org.au>
    Cc: Steffen Klassert <steffen.klassert@secunet.com>
    Cc: netdev@vger.kernel.org
    Cc: stable@vger.kernel.org
    Reported-and-Tested-by: Nathan Chancellor <natechancellor@gmail.com>
    Signed-off-by: Dmitry Safonov <dima@arista.com>
    Signed-off-by: David S. Miller <davem@davemloft.net>
    Signed-off-by: Greg Kroah-Hartman <gregkh@linuxfoundation.org>
checking 4f08437d6cc3c243c868207a474496fb253c10ff ......
	 orig commit -> 7acf9d4237c46894e0fa0492dd96314a41742e84 ......
		 7acf9d4237c46894e0fa0492dd96314a41742e84 has problem. Fixes commit -> 61f4b23769f0cc72ae62c9a81cf08f0397d40da8
commit 4d502572ea7da97550891c2b0bcd36fa4eb33401
Author: Dmitry Safonov <dima@arista.com>
Date:   Mon Jul 30 18:32:36 2018 +0100

    netlink: Don't shift with UB on nlk->ngroups
    
    [ Upstream commit 61f4b23769f0cc72ae62c9a81cf08f0397d40da8 ]
    
    On i386 nlk->ngroups might be 32 or 0. Which leads to UB, resulting in
    hang during boot.
    Check for 0 ngroups and use (unsigned long long) as a type to shift.
    
    Fixes: 7acf9d4237c4 ("netlink: Do not subscribe to non-existent groups").
    Reported-by: kernel test robot <rong.a.chen@intel.com>
    Signed-off-by: Dmitry Safonov <dima@arista.com>
    Signed-off-by: David S. Miller <davem@davemloft.net>
    Signed-off-by: Greg Kroah-Hartman <gregkh@linuxfoundation.org>
checking f4a9db57e7dbf929f5262a01c4f5fa240ff79688 ......
	 orig commit -> 80d20d35af1edd632a5e7a3b9c0ab7ceff92769e ......
checking eecd08afb0d49eaf5efb54a5deffdf72ada40feb ......
	 orig commit -> d1f0301b3333eef5efbfa1fe0f0edbea01863d5d ......
checking 24b79a95b2cb2d8cc5e65e76aecc334bb71e3523 ......
	 orig commit -> b4146c4929ef61d5afca011474d59d0918a0cd82 ......
checking f71d13c397b2133d5e5183e5db3547af271d04d6 ......
	 orig commit -> b08abbd9f5996309f021684f9ca74da30dcca36a ......
