Check from v4.9.138 to v4.9.139
Commit count: 59
checking 44caf8b34625267f5b7227391551a4064e5fa0f7 ......
checking 861f5387585e2dcf7e2e611e62751dd3fe1abecb ......
checking f4438f29bfbd105a4208cf194cd7f1f3e01fd666 ......
checking bdf0f17e4e1103af74239cfea553b8ab3c4fd29f ......
checking d609e4aa5086e2c20a7767f70401af0e2400989a ......
checking 9c91b9687904d28ad29974ce9028bb6a6088527f ......
checking 50f032cc506a0f8c5a44c2f19950ae0f287b43db ......
checking 49b853905b9afc4a6898ce37f4be8721273badc3 ......
checking 8a4ae2876f6c03e3def6fb1d438cc5f01932cdc1 ......
checking abdeed7e61be1b3a92c7dc02762b36f49d14d7fa ......
checking 3aa01740a26ec5b568f6b22a6fbced76cbf1db0f ......
checking b8940544118bdcab5da92ca76f527784cab882ce ......
checking 10c7b397cf5d35bdaf8a99a0e0dc4f02fdd05118 ......
checking b7888c6a365aae8e7ac9974f514a776ef60c372d ......
checking 51836963fa6f41d12a5baff7a01faea2a0ce7d90 ......
checking 47571a90791114c429eb71d070b168f6bdaf32b6 ......
checking bf92464b7ede0ed578349137996506a39b79796b ......
checking 26892e74dfd9acba30b24dbf31e2f64fd5ae3b83 ......
checking 9bc1ec1beb8c4e27c63485430f038d2584d45556 ......
checking 33efd46a0c02047678dde378a756695003975905 ......
checking eed96a3ce0a3b9de900f4cfb8f3519c429ba8b28 ......
checking 901e325f772f5e4cf9afc314f4bf70b8c9a97594 ......
checking 35293cc54366e4a9e3c1c5186541383dd4bcc2ff ......
checking b26c3c4bcdadc709bd5161c553f590633ff972b7 ......
checking 183a0d21e436d37184196b7c6e144aa56f9b3f23 ......
checking 134db5b955b8dfef54a9d319706f04093289d1e0 ......
	 orig commit -> d135b8b5060ea91dd751ff172d179eb4eab1e966 ......
checking 86e514306bfb147287ea7e597a0ef9d7039e8b5b ......
	 orig commit -> 8c97023cf0518f172b8cb7a9fffc28b89401abbf ......
checking 52c3adecfb2f5cf6e94b9bbe689fab20cae64d79 ......
	 orig commit -> 9e8730b178a2472fca3123e909d6e69cc8127778 ......
checking 1f200e87ef3f14bbe272d0d140529c9f06b38699 ......
	 orig commit -> 8f91869766c00622b2eaa8ee567db4f333b78c1a ......
		 8f91869766c00622b2eaa8ee567db4f333b78c1a has problem. Fixes commit -> 9e8730b178a2472fca3123e909d6e69cc8127778
commit 52c3adecfb2f5cf6e94b9bbe689fab20cae64d79
Author: Matthias Kaehlcke <mka@chromium.org>
Date:   Thu Aug 17 11:20:47 2017 -0700

    x86/build: Use cc-option to validate stack alignment parameter
    
    commit 9e8730b178a2472fca3123e909d6e69cc8127778 upstream.
    
    With the following commit:
    
      8f91869766c0 ("x86/build: Fix stack alignment for CLang")
    
    cc-option is only used to determine the name of the stack alignment option
    supported by the compiler, but not to verify that the actual parameter
    <option>=N is valid in combination with the other CFLAGS.
    
    This causes problems (as reported by the kbuild robot) with older GCC versions
    which only support stack alignment on a boundary of 16 bytes or higher.
    
    Also use (__)cc_option to add the stack alignment option to CFLAGS to
    make sure only valid options are added.
    
    Reported-by: kbuild test robot <fengguang.wu@intel.com>
    Signed-off-by: Matthias Kaehlcke <mka@chromium.org>
    Cc: Arnd Bergmann <arnd@arndb.de>
    Cc: Bernhard.Rosenkranzer@linaro.org
    Cc: Greg Hackmann <ghackmann@google.com>
    Cc: Kees Cook <keescook@chromium.org>
    Cc: Linus Torvalds <torvalds@linux-foundation.org>
    Cc: Masahiro Yamada <yamada.masahiro@socionext.com>
    Cc: Michael Davidson <md@google.com>
    Cc: Nick Desaulniers <ndesaulniers@google.com>
    Cc: Peter Zijlstra <peterz@infradead.org>
    Cc: Stephen Hines <srhines@google.com>
    Cc: Thomas Gleixner <tglx@linutronix.de>
    Cc: dianders@chromium.org
    Fixes: 8f91869766c0 ("x86/build: Fix stack alignment for CLang")
    Link: http://lkml.kernel.org/r/20170817182047.176752-1-mka@chromium.org
    Signed-off-by: Ingo Molnar <mingo@kernel.org>
    Signed-off-by: Nick Desaulniers <ndesaulniers@google.com>
    Signed-off-by: Greg Kroah-Hartman <gregkh@linuxfoundation.org>
checking 27b5ebf61818749b3568354c64a8ec2d9cd5ecca ......
	 orig commit -> 91ee5b21ee026c49e4e7483de69b55b8b47042be ......
checking 6b66b2d89e8dde45e92337f7e48e1677748a8c50 ......
	 orig commit -> 696204faa6e8a318320ebb49d9fa69bc8275644d ......
checking 94c47d4190575403145cca7ef2080c8087ee7ca6 ......
	 orig commit -> 0426a4e68f18d75515414361de9e3e1445d2644e ......
checking 61d920c3b21c9b3facacfc49aa73f6dc3fcf234c ......
	 orig commit -> 760b61d76da6d6a99eb245ab61abf71ca5415cea ......
checking 78e96f647d1082aecc3cd3ac42f0f75d98ba9b63 ......
	 orig commit -> 18d5e6c34a8eda438d5ad8b3b15f42dab01bf05d ......
checking 0a953c058f7355c0077867d33cdfa7aa929f4b81 ......
	 orig commit -> f4857f4c2ee9aa4e2aacac1a845352b00197fb57 ......
checking ebcc69a97a2463271c20a0ea09906903c3295f3e ......
	 orig commit -> bfb38988c51e440fd7062ddf3157f7d8b1dd5d70 ......
checking cf42c0b73444ab27e37e7c125852aa99f441d621 ......
	 orig commit -> d77698df39a512911586834d303275ea5fda74d0 ......
checking 0dc4460a8364117d3806beac91a76843e32a09b8 ......
	 orig commit -> 032a2c4f65a2f81c93e161a11197ba19bc14a909 ......
checking 0605d5ebde70db5bd184f3bcacb4d11de3914df1 ......
	 orig commit -> 9f3f1fd299768782465cb32cdf0dd4528d11f26b ......
checking 83e0e2f16c659e9873f5c66886363a1a7ba132c6 ......
	 orig commit -> fdb2726f4e61c5e3abc052f547d5a5f6c0dc5504 ......
checking a5819f2b08a73babd60455c5913c844e1b71bf11 ......
	 orig commit -> 2c4fd1ac3ff167c91272dc43c7bfd2269ef61557 ......
checking e21538812d96eab9782116b514047947d69554b3 ......
	 orig commit -> 1f318a8bafcfba9f0d623f4870c4e890fd22e659 ......
checking 85ab13ffcc69fbe93c3a9d38857795cba79a4c35 ......
	 orig commit -> 433db3e260bc8134d4a46ddf20b3668937e12556 ......
checking d438cec0737451e3615c4665592b6df0858de41a ......
	 orig commit -> 6748cb3c299de1ffbe56733647b01dbcc398c419 ......
checking 14635231f81c94c2a820349a7b96d032cdc02494 ......
	 orig commit -> c3f0d0bc5b01ad90c45276952802455750444b4f ......
checking c466d17e3ab1044d6cfe4d682add5c1c199ae683 ......
	 orig commit -> a0ae981eba8f07dbc74bce38fd3a462b69a5bc8e ......
checking b53c7372d667767420cf86a1f02708e7bacfdb12 ......
	 orig commit -> cf0c3e68aa81f992b0301f62e341b710d385bf68 ......
checking c36ae15ceb627305a063e60d005c592f46bc7806 ......
	 orig commit -> 7dd47b95b0f54f2057d40af6e66d477e3fe95d13 ......
checking 89794183eea094b997271f677310cc2f658dbfb1 ......
	 orig commit -> ebf003f0cfb3705e60d40dedc3ec949176c741af ......
checking cd9a7644a3ea1f7a3fe01e7db1fe728a66a123da ......
	 orig commit -> a37c45cd82e62a361706b9688a984a3a63957321 ......
checking 7135c75e00ed4ab625330bc981e7eb4b7c0a28fc ......
	 orig commit -> 785f11aa595bc3d4e74096cbd598ada54ecc0d81 ......
		 785f11aa595bc3d4e74096cbd598ada54ecc0d81 has problem. Fixes commit -> ad15006cc78459d059af56729c4d9bed7c7fd860
commit 1347aa2a4d9a5ebd6b4fb7720c43e5e5be68c198
Author: Nick Desaulniers <ndesaulniers@google.com>
Date:   Mon Feb 11 11:30:04 2019 -0800

    kbuild: clang: choose GCC_TOOLCHAIN_DIR not on LD
    
    commit ad15006cc78459d059af56729c4d9bed7c7fd860 upstream.
    
    This causes an issue when trying to build with `make LD=ld.lld` if
    ld.lld and the rest of your cross tools aren't in the same directory
    (ex. /usr/local/bin) (as is the case for Android's build system), as the
    GCC_TOOLCHAIN_DIR then gets set based on `which $(LD)` which will point
    where LLVM tools are, not GCC/binutils tools are located.
    
    Instead, select the GCC_TOOLCHAIN_DIR based on another tool provided by
    binutils for which LLVM does not provide a substitute for, such as
    elfedit.
    
    Fixes: 785f11aa595b ("kbuild: Add better clang cross build support")
    Link: https://github.com/ClangBuiltLinux/linux/issues/341
    Suggested-by: Nathan Chancellor <natechancellor@gmail.com>
    Reviewed-by: Nathan Chancellor <natechancellor@gmail.com>
    Tested-by: Nathan Chancellor <natechancellor@gmail.com>
    Signed-off-by: Nick Desaulniers <ndesaulniers@google.com>
    Signed-off-by: Masahiro Yamada <yamada.masahiro@socionext.com>
    Signed-off-by: Nathan Chancellor <natechancellor@gmail.com>
    Signed-off-by: Sasha Levin <sashal@kernel.org>
checking 3d26b729ddb28e86bbbd8d89070f3af7699efb79 ......
	 orig commit -> 7ddacfa564870cdd97275fd87decb6174abc6380 ......
checking eb18330f4d7aef3ff8f14ceba58fcad0e2eaadfb ......
	 orig commit -> 0d5b9311baf27bb545f187f12ecfd558220c607d ......
checking 262e7c9940e9d16543021b6f40084749f35d58a6 ......
	 orig commit -> 7b900ead6cc66b2ee873cb042dfba169aa68b56c ......
checking 91d3ddb8cb5fd507048ed3fa4d7bba431fe038bc ......
	 orig commit -> 59663e42199c93d1d7314d1446f6782fc4b1eb81 ......
checking 6bab51ff62cea6c9e0455aa748cb097a4a4ccd0a ......
	 orig commit -> cc3ccf26f0649089b3a34a2781977755ea36e72c ......
checking 4a80b1feaee77c9108765cf696c1bc2196393126 ......
	 orig commit -> 33d9a2c72f086cbf1087b2fd2d1a15aa9df14a7f ......
checking 5367cdf3e1587f1c58af0d5be98a1e9fb46eea68 ......
	 orig commit -> 16f7eb2b77b55da816c4e207f3f9440a8cafc00a ......
checking a09bd930e90a5c13a9f7367da76af1fe0ee1f8ca ......
	 orig commit -> 62230715fd2453b3ba948c9d83cfb3ada9169169 ......
