Check from v4.9.111 to v4.9.112
Commit count: 53
checking 060744011e93679f03932f050619744be895b772 ......
checking e31cd420e1be4e701292078e0840df0fe4c0cd8b ......
	 orig commit -> 1376b0a2160319125c3a2822e8c09bd283cd8141 ......
checking 1712fae9489eaf16de9592e654d2d92a863fc06e ......
	 orig commit -> ce00bf07cc95a57cd20b208e02b3c2604e532ae8 ......
checking a0239d83e1cb60de5e78452d4708c083b9e3dcbe ......
	 orig commit -> 79ca484b613041ca223f74b34608bb6f5221724b ......
checking ed1746148b3eabb8d9019dfdbbfc8f59f2917980 ......
	 orig commit -> 45f75b8a919a4255f52df454f1ffdee0e42443b2 ......
checking c2f163e35f2eab7d38c5e3fb14d5a7e902fb6d8a ......
	 orig commit -> 85a82e28b023de9b259a86824afbd6ba07bd6475 ......
checking 4779184af75437c83c7ac5f257fa0db1fe1ed9b7 ......
	 orig commit -> d12067f428c037b4575aaeb2be00847fc214c24a ......
checking 9d1304f5816db4cc96cab6e5cceb75054cb841c5 ......
	 orig commit -> 3f77f244d8ec28e3a0a81240ffac7d626390060c ......
checking 34d2fe724aeed1d61dd524d1062cf428f5bca2f1 ......
	 orig commit -> 41c73a49df31151f4ff868f28fe4f129f113fa2c ......
checking 0758c35b535fc166e743b05287bf395e2241fa60 ......
	 orig commit -> 9ea61cac0b1ad0c09022f39fd97e9b99a2cfc2dc ......
checking 6cfbbdd2bcc950e21c293019a1f9c40458405891 ......
	 orig commit -> 7810e6781e0fcbca78b91cf65053f895bf59e85f ......
checking d96a0d3cd5395aa0e4deb20e06e1ec2d723c426c ......
	 orig commit -> 3ee9bc12342cf546313d300808ff47d7dbb8e7db ......
checking b5d7d7d919f1708f2645739d37dc19747ac0ab5b ......
	 orig commit -> 9564a8cf422d7b58f6e857e3546d346fa970191e ......
checking 6989d4079d60c20753413d1fc01547e098417cc7 ......
	 orig commit -> c5c2a97b3ac7d1ec19e7cff9e38caca6afefc3de ......
checking 4a30c12542290f1def08b9ef0d677c024c500589 ......
	 orig commit -> 717adfdaf14704fd3ec7fa2c04520c0723247eac ......
		 717adfdaf14704fd3ec7fa2c04520c0723247eac has problem. Fixes commit -> 13054abbaa4f1fd4e6f3b4b63439ec033b4c8035
commit 64a9f5f2e45b7241bd753b6cd57a8249a7e52639
Author: Vladis Dronov <vdronov@redhat.com>
Date:   Tue Jan 29 11:58:35 2019 +0100

    HID: debug: fix the ring buffer implementation
    
    commit 13054abbaa4f1fd4e6f3b4b63439ec033b4c8035 upstream.
    
    Ring buffer implementation in hid_debug_event() and hid_debug_events_read()
    is strange allowing lost or corrupted data. After commit 717adfdaf147
    ("HID: debug: check length before copy_to_user()") it is possible to enter
    an infinite loop in hid_debug_events_read() by providing 0 as count, this
    locks up a system. Fix this by rewriting the ring buffer implementation
    with kfifo and simplify the code.
    
    This fixes CVE-2019-3819.
    
    v2: fix an execution logic and add a comment
    v3: use __set_current_state() instead of set_current_state()
    
    Backport to v4.9: some tree-wide patches are missing in v4.9 so
    cherry-pick relevant pieces from:
     * 6396bb22151 ("treewide: kzalloc() -> kcalloc()")
     * a9a08845e9ac ("vfs: do bulk POLL* -> EPOLL* replacement")
     * 174cd4b1e5fb ("sched/headers: Prepare to move signal wakeup & sigpending
       methods from <linux/sched.h> into <linux/sched/signal.h>")
    
    Link: https://bugzilla.redhat.com/show_bug.cgi?id=1669187
    Cc: stable@vger.kernel.org # v4.18+
    Fixes: cd667ce24796 ("HID: use debugfs for events/reports dumping")
    Fixes: 717adfdaf147 ("HID: debug: check length before copy_to_user()")
    Signed-off-by: Vladis Dronov <vdronov@redhat.com>
    Reviewed-by: Oleg Nesterov <oleg@redhat.com>
    Signed-off-by: Benjamin Tissoires <benjamin.tissoires@redhat.com>
    Signed-off-by: Greg Kroah-Hartman <gregkh@linuxfoundation.org>
checking 82e360cd6fb2055cb178f92934eb71d511b1aa47 ......
	 orig commit -> 4f65245f2d178b9cba48350620d76faa4a098841 ......
checking 814b4302fda0c4fc09b023e18ca813d88c3350b6 ......
	 orig commit -> ef6eaf27274c0351f7059163918f3795da13199c ......
checking 2f1a56ef237d91bb649526292434fd60220d6b41 ......
checking 917692c9cdf5ea62e783d08dfef40bfb982a9dca ......
	 orig commit -> a17712c8e4be4fa5404d20e9cd3b2b21eae7bc56 ......
checking eb13a42605ab8560b02fdeb117f119f327e4776d ......
	 orig commit -> bfe0a5f47ada40d7984de67e59a7d3390b9b9ecc ......
		 bfe0a5f47ada40d7984de67e59a7d3390b9b9ecc has problem. Fixes commit -> 9e463084cdb22e0b56b2dfbc50461020409a5fd3
commit 8547ff5d14c2317f3a8719d39be5df0162da062e
Author: Theodore Ts'o <tytso@mit.edu>
Date:   Wed Nov 7 10:32:53 2018 -0500

    ext4: fix possible leak of sbi->s_group_desc_leak in error path
    
    commit 9e463084cdb22e0b56b2dfbc50461020409a5fd3 upstream.
    
    Fixes: bfe0a5f47ada ("ext4: add more mount time checks of the superblock")
    Reported-by: Vasily Averin <vvs@virtuozzo.com>
    Signed-off-by: Theodore Ts'o <tytso@mit.edu>
    Cc: stable@kernel.org # 4.18
    Signed-off-by: Greg Kroah-Hartman <gregkh@linuxfoundation.org>
checking 425dc465de3725210162da9b1e9062e86cc2de27 ......
	 orig commit -> c37e9e013469521d9adb932d17a1795c139b36db ......
checking a5e063d348bd2ef14fff96b129749409a8991ea5 ......
	 orig commit -> 6e8ab72a812396996035a37e5ca4b3b99b5d214b ......
checking 2f135cc8c094152d361b3172d3f757369de28a08 ......
	 orig commit -> bdbd6ce01a70f02e9373a584d0ae9538dcf0a121 ......
checking 87dad44faabd45683fba94443471298f8809e8a8 ......
	 orig commit -> bc890a60247171294acc0bd67d211fa4b88d40ba ......
checking 5ae57329580d6ceca97559ff030a5f0e91fa66fe ......
	 orig commit -> 8844618d8aa7a9973e7b527d038a2a589665002c ......
		 8844618d8aa7a9973e7b527d038a2a589665002c has problem. Fixes commit -> 5012284700775a4e6e3fbe7eac4c543c4874b559
commit 954e572ae2f26ec98a4d8c1c04ab91798ccace75
Author: Theodore Ts'o <tytso@mit.edu>
Date:   Sat Jul 28 08:12:04 2018 -0400

    ext4: fix check to prevent initializing reserved inodes
    
    commit 5012284700775a4e6e3fbe7eac4c543c4874b559 upstream.
    
    Commit 8844618d8aa7: "ext4: only look at the bg_flags field if it is
    valid" will complain if block group zero does not have the
    EXT4_BG_INODE_ZEROED flag set.  Unfortunately, this is not correct,
    since a freshly created file system has this flag cleared.  It gets
    almost immediately after the file system is mounted read-write --- but
    the following somewhat unlikely sequence will end up triggering a
    false positive report of a corrupted file system:
    
       mkfs.ext4 /dev/vdc
       mount -o ro /dev/vdc /vdc
       mount -o remount,rw /dev/vdc
    
    Instead, when initializing the inode table for block group zero, test
    to make sure that itable_unused count is not too large, since that is
    the case that will result in some or all of the reserved inodes
    getting cleared.
    
    This fixes the failures reported by Eric Whiteney when running
    generic/230 and generic/231 in the the nojournal test case.
    
    Fixes: 8844618d8aa7 ("ext4: only look at the bg_flags field if it is valid")
    Reported-by: Eric Whitney <enwlinux@gmail.com>
    Signed-off-by: Theodore Ts'o <tytso@mit.edu>
    Signed-off-by: Greg Kroah-Hartman <gregkh@linuxfoundation.org>
checking cdde876fce2501828af33d5e4faa36c8919fc96a ......
	 orig commit -> 819b23f1c501b17b9694325471789e6b5cc2d0d2 ......
checking 9e4842f2aa6c4b4340669730c90cb6fbf630ee42 ......
	 orig commit -> 77260807d1170a8cf35dbb06e07461a655f67eee ......
checking 8ef97ef67ce0f8fc3d32c7218e6b412e479ee2ab ......
	 orig commit -> e09463f220ca9a1a1ecfda84fcda658f99a1f12a ......
checking 0f80447d031d91748878e002b9506e323d932467 ......
	 orig commit -> 99ec9e77511dea55d81729fc80b6c63a61bfa8e0 ......
checking 2c4f6b710bcc109d9d7063ee8114bbd1ac7dc45b ......
	 orig commit -> 7ffbe65578b44fafdef577a360eb0583929f7c6e ......
checking f9b1cd6e7490e3aed85b915cd4a5e3a10ac2bd58 ......
	 orig commit -> 64dafbc9530c10300acffc57fae3269d95fa8f93 ......
checking 0cab67a1ed6bbae481dae0ea7047f880a43fd017 ......
	 orig commit -> 891f6a726cacbb87e5b06076693ffab53bd378d7 ......
checking b6db8af7e34edfa1bf1d7b0797da15c3811a2a98 ......
	 orig commit -> 26b5b874aff5659a7e26e5b1997e3df2c41fa7fd ......
checking 07cd8167aa703efc15fe01da8211d585ac6d3be0 ......
	 orig commit -> 1fe4293f4b8de75824935f8d8e9a99c7fc6873da ......
checking 433c183fa2478055e7c6171184e1c72e23836700 ......
	 orig commit -> 520495fe96d74e05db585fc748351e0504d8f40d ......
checking 1adc34adc3447c34926994b87db5d929f5ab45b5 ......
	 orig commit -> 60d3450167433f2d099ce2869dc52dd9e7dc9b29 ......
checking 05a5d4baac9eb67de53df12d7c287492d80d674a ......
	 orig commit -> 74899d92e66663dc7671a8017b3146dcd4735f3b ......
checking 389a3fcb3472c58ed13a7a5421cdf870f2b7b013 ......
	 orig commit -> 1bc0299d976e000ececc6acd76e33b4582646cb7 ......
checking 0e76f4db40893ca36a184d8921777194704cf81a ......
	 orig commit -> df07101e1c4a29e820df02f9989a066988b160e6 ......
checking 7dafda5bf29f06c1d62f1a25bd4c1f13d0242b3f ......
	 orig commit -> bfe72442578bb112626e476ffe1f276504d85b95 ......
checking 5b8fcc075714b86fb8fe194bb463fed2998a8e85 ......
	 orig commit -> f4eb17e1efe538d4da7d574bedb00a8dafcc26b7 ......
checking 440bf5ac49c578a0c56070573a28a522a87e75df ......
	 orig commit -> adc972c5b88829d38ede08b1069718661c7330ae ......
checking 8391d38ca80ed3a6c0c769196351cb496b353aa8 ......
	 orig commit -> 804dec5bda9b4fcdab5f67fe61db4a0498af5221 ......
checking 58d7ac7d3078e64c787350985c76bdd14f2d3557 ......
checking e581746bc737ce8d72982359bf479f19d84bee09 ......
	 orig commit -> ae481cc139658e89eb3ea671dd00b67bd87f01a3 ......
		 ae481cc139658e89eb3ea671dd00b67bd87f01a3 has problem. Fixes commit -> 0b57436f15bf40e432487086c4f2d01fd3529393
checking 3bf351b89186181f9869612bd502ff115209abf0 ......
	 orig commit -> 21eff69aaaa0e766ca0ce445b477698dc6a9f55a ......
checking 06bef9eebec3aa9543ac6196d983632d5fafe6f0 ......
	 orig commit -> 0a2bc00341dcfcc793c0dbf4f8d43adf60458b05 ......
checking 9264e9864a6175259cf94177facbbe1a67b6ce49 ......
	 orig commit -> ebec3f8f5271139df618ebdf8427e24ba102ba94 ......
checking 947dead99ef1f1ee0aa41b3ccde99bbd9900cd9d ......
	 orig commit -> 3d63b7e4ae0dc5e02d28ddd2fa1f945defc68d81 ......
checking 42525f7a25067b78dfa8ed4f899ebcec6636b476 ......
	 orig commit -> 8760675932ddb614e83702117d36ea644050c609 ......
checking 1b9f7d27057bb310e97aa5602da53cc6fff86b99 ......
	 orig commit -> 2f839823382748664b643daa73f41ee0cc01ced6 ......
checking b9a0ce3b8422a1043192bf6b9ba6106a06fc0d43 ......
	 orig commit -> 24160628a34af962ac99f2f58e547ac3c4cbd26f ......
checking e8aa3b401dd803e6ea444803e2e5a29efb6c06cc ......
	 orig commit -> 4a762569a2722b8a48066c7bacf0e1dc67d17fa1 ......
