Check from v4.9.145 to v4.9.146
Commit count: 51
checking 0cff89461d557239296735d18b5a144c8f4b151b ......
checking df62280ba8ac8d2d66e5d93ab76c8cbc9c1a319f ......
	 orig commit -> fd29edc7232bc19f969e8f463138afc5472b3d5f ......
checking 5c35dc008c6bf990f18226c4a1a455ec98d4cc43 ......
	 orig commit -> 70ad35db3321a6d129245979de4ac9d06eed897c ......
		 70ad35db3321a6d129245979de4ac9d06eed897c has problem. Fixes commit -> b77fa617a2ff4d6beccad3d3d4b3a1f2d10368aa
checking 1b5620ca618f02319a26fec8cebd4e337c3f7d48 ......
	 orig commit -> 164f7e586739d07eb56af6f6d66acebb11f315c8 ......
checking f4d2afe28f53f68c069afc8a7b42ecda003ac7af ......
	 orig commit -> 8de456cf87ba863e028c4dd01bae44255ce3d835 ......
checking 7f0a62fb6ee30def068a91faae290fc2bcc772cb ......
	 orig commit -> c7d7d620dcbd2a1c595092280ca943f2fced7bbd ......
checking 5cf41549e60a458b72295715de6f3ed5b9216361 ......
	 orig commit -> ce96a407adef126870b3f4a1b73529dd8aa80f49 ......
checking 12daef1de3584e4dd1f6785202dbb441afb48bf8 ......
	 orig commit -> e21e57445a64598b29a6f629688f9b9a39e7242a ......
checking f23fc42a3d4c416411b155f6d678a9a07db418b9 ......
	 orig commit -> 31ffa563833576bd49a8bf53120568312755e6e2 ......
checking 7a821a9a2f86796157ce3a04fe8135cc82b8bfcc ......
	 orig commit -> c5a94f434c82529afda290df3235e4d85873c5b4 ......
checking c5ca49a59f62a5b7535adb7f620f4d7d44f0a90f ......
	 orig commit -> 72791ac854fea36034fa7976b748fde585008e78 ......
checking 9e5c74f0c372fbf306f5c6a34746d170b513fcd9 ......
	 orig commit -> 300625620314194d9e6d4f6dda71f2dc9cf62d9f ......
checking 1bb6e0ccbc4d42280d997b1e4a527e59bc14904f ......
	 orig commit -> c758940158bf29fe14e9d0f89d5848f227b48134 ......
checking 992963c693c56bef8c08e400f52cfdeda53f79af ......
	 orig commit -> a8bf879af7b1999eba36303ce9cc60e0e7dd816c ......
checking f30f32d609b5938832e24dbb089edc9f90855bea ......
	 orig commit -> e4c39f7926b4de355f7df75651d75003806aae09 ......
checking 5e3cd966e61e8cda21ae7feb157d15b3513f42f4 ......
	 orig commit -> 9a24ce5b66f9c8190d63b15f4473600db4935f1f ......
checking f05ca3e46f0ece702b7dda2c6a90b54b1e21e164 ......
	 orig commit -> 24a6d2dd263bc910de018c78d1148b3e33b94512 ......
checking 0c4d57aa1869d89c918f1d4ab9ee700732b521c4 ......
	 orig commit -> 1e4329ee2c52692ea42cc677fb2133519718b34a ......
checking eadd535720603c208bf7fdc9526975f8f796cf62 ......
	 orig commit -> 354cb410d87314e2eda344feea84809e4261570a ......
checking def38db5290b708cd36da475d5ee2ac9bebd027a ......
	 orig commit -> 2c2322fbcab8102b8cadc09d66714700a2da42c2 ......
checking 42aea74fcc4d8fcc60982bb83077f1cc33cf4668 ......
	 orig commit -> 6ca6695f576b8453fe68865e84d25946d63b10ad ......
checking a2aa761a5cd6a91f5886b83bc441d661c6a8e0b6 ......
	 orig commit -> 99f700366fcea1aa2fa3c49c99f371670c3c62f8 ......
checking 2c37b2f49ba7225785a066fa5a477faf7d3fc530 ......
	 orig commit -> 286afdde1640d8ea8916a0f05e811441fbbf4b9d ......
checking 3d7eec166f65282c625d95289cb04ee61407ebfe ......
	 orig commit -> 2a31e4bd9ad255ee40809b5c798c4b1c2b09703b ......
checking 98547af247681d9c6ae354a75e8839b1ef88abc1 ......
	 orig commit -> 1efb6ee3edea57f57f9fb05dba8dcb3f7333f61f ......
checking d2139ee71c89345e946f4df175d87bfce3dbe363 ......
	 orig commit -> 2084ac6c505a58f7efdec13eba633c6aaa085ca5 ......
checking 476a607331b7cc51a5283e344b11b19ac04ef72f ......
	 orig commit -> ffdcc3638c58d55a6fa68b6e5dfd4fb4109652eb ......
checking 0dbabe0fb231df1e213fa02d07d604ebf3ecb78a ......
	 orig commit -> 373a500e34aea97971c9d71e45edad458d3da98f ......
checking 454892c34bb833097a21dbb693757765d1d1bb40 ......
	 orig commit -> 074fca3a18e7e1e0d4d7dcc9d7badc43b90232f4 ......
checking aeda9163eb665bba0657db7695b1cd71ec2bff85 ......
	 orig commit -> a4390aee72713d9e73f1132bcdeb17d72fbbf974 ......
checking 779f4eecbcecc941cfa93d135570eb45c61ee7e6 ......
	 orig commit -> 22566c1603030f0a036ad564634b064ad1a55db2 ......
checking 63bc6364fb5730ed4ace8886697d92b186a5eb64 ......
	 orig commit -> 0b9301fb632f7111a3293a30cc5b20f1b82ed08d ......
checking da7e373e0478eafa049379f33640ca2cdf508820 ......
	 orig commit -> 09aaf6813cfca4c18034fda7a43e68763f34abb1 ......
checking 4c4ab8d5fa2e71cb80160c06d6a0bb28ca393e5e ......
	 orig commit -> 882eab6c28d23a970ae73b7eb831b169a672d456 ......
checking fd92adfbfdcd96d691930366d0c0c4eeb096ef77 ......
	 orig commit -> 76836fd354922ebe4798a64fda01f8dc6a8b0984 ......
checking 526bbd2c6a18548076cf0b14ac2003f02e24166e ......
	 orig commit -> 38cd989ee38c16388cde89db5b734f9d55b905f9 ......
checking 696c3ede894e5842ce681b92dbe918e60a9bae98 ......
	 orig commit -> 613a41b0d16e617f46776a93b975a1eeea96417c ......
checking fc000b5374db0fce7b8faabb373a05fa11cbee98 ......
	 orig commit -> 25d8bcedbf4329895dbaf9dd67baa6f18dad918c ......
checking c36dff34c4ee2faddce25fde00ba9c63a6b4b228 ......
	 orig commit -> c4b7d1ba7d263b74bb72e9325262a67139605cde ......
checking e0242093e59a57e965e9649089274ebed04a52cd ......
	 orig commit -> cec83ff1241ec98113a19385ea9e9cfa9aa4125b ......
checking 2e6ef7e360b00152d59a38d206f50d91933b1ffb ......
	 orig commit -> 3d8b804bc528d3720ec0c39c212af92dafaf6e84 ......
checking e6b4f360d2fce962f8f0323c4fa3512752118777 ......
	 orig commit -> eef3dc34a1e0b01d53328b88c25237bcc7323777 ......
checking 5873b2c7b5e354e7b15c6255629df0240a34d6ee ......
	 orig commit -> e6ac64d4c4d095085d7dd71cbd05704ac99829b2 ......
checking b28c2c74a50374a5e8a4fbe605f6095adebbe252 ......
	 orig commit -> 35b827b6d06199841a83839e8bb69c0cd13a28be ......
checking bd3fa7e1a6032de0cb59a1532f4da8c385660824 ......
	 orig commit -> b2b7af861122a0c0f6260155c29a1b2e594cd5b5 ......
checking fe25279da73b084eeaf243c71d3e161172f902a2 ......
	 orig commit -> 688838934c231bb08f46db687e57f6d8bf82709c ......
checking 8dd57cc3007ae71f8bd5cd2030718856e0043f38 ......
	 orig commit -> 9410d386d0a829ace9558336263086c2fbbe8aed ......
checking 4f384d9427385d42a97200fbb22998bfffb2ad10 ......
	 orig commit -> d2a36971ef595069b7a600d1144c2e0881a930a1 ......
checking 5765610c932df91cc3b93f8e069a02e946fa44bd ......
	 orig commit -> bd5122cd1e0644d8bd8dd84517c932773e999766 ......
checking 25a445d3292b3783c106985e63b594c7368d6a03 ......
	 orig commit -> a5d4a89245ead1f37ed135213653c5beebea4237 ......
checking 901936a1eab8575f94f2ee1a18fad83fa0546735 ......
	 orig commit -> 66033f47ca60294a95fc85ec3a3cc909dab7b765 ......
