Check from v4.9.128 to v4.9.129
Commit count: 108
checking 6ceccdf5ca9e8a41a581e059e9a98f17e14e99c4 ......
checking 16d550a772db7e1511ac76b999fa4f4a282875aa ......
	 orig commit -> e2710dbf0dc1e37d85368e2404049dadda848d5a ......
checking f0e0b2cc8972f05d9a17b3f37bccafd0f11df355 ......
	 orig commit -> 3016e0a0c91246e55418825ba9aae271be267522 ......
checking 8f3fec813d11d53a32827a1cd1e7d9c9ebc2181e ......
	 orig commit -> 116f4a640b3197401bc93b8adc6c35040308ceff ......
checking 22a10b606f62e9c68f91dca378da2db6b9578dd1 ......
	 orig commit -> 361a954e6a7215de11a6179ad9bdc07d7e394b04 ......
checking dee927647b1764c81b2ca8eedf7d1e4405e31500 ......
	 orig commit -> 1f0ea19722ef9dfa229a9540f70b8d1c34a98a6a ......
checking 265d94561cb822880e02d5057065f0840186bb7e ......
	 orig commit -> 745d0bd3af99ccc8c5f5822f808cd133eadad6ac ......
checking bd65d7bf59d966cdc6c56f141bf059678cec89e6 ......
	 orig commit -> 0f02cfbc3d9e413d450d8d0fd660077c23f67eff ......
checking aad783193f92076d6733475cd4d7f6d0d48afc47 ......
	 orig commit -> b40b3e9358fbafff6a4ba0f4b9658f6617146f9c ......
checking e8c398a69458d4cea85ee73df2bdb6299d15f5d3 ......
	 orig commit -> 1cf86bc21257a330e3af51f2a4e885f1a705f6a5 ......
checking 2c814276d1ef9b3fb44a48916f16664ab8c54e5f ......
	 orig commit -> cd0e0ca69109d025b1a1b6609f70682db62138b0 ......
checking 18e589f6a0591296a9483aa91187f2ccc4e0b616 ......
	 orig commit -> 1416270f4a1ae83ea84156ceba19a66a8f88be1f ......
checking 7b07e3d9855cb555aa5c8483a6197444d11dedb4 ......
	 orig commit -> ff2d6acdf6f13d9f8fdcd890844c6d7535ac1f10 ......
		 ff2d6acdf6f13d9f8fdcd890844c6d7535ac1f10 has problem. Fixes commit -> 5363857b916c1f48027e9b96ee8be8376bf20811
commit 1474395b4f97fbdde1bf13c835469678b01bf6f5
Author: Takashi Iwai <tiwai@suse.de>
Date:   Thu Nov 29 12:05:19 2018 +0100

    ALSA: pcm: Fix interval evaluation with openmin/max
    
    commit 5363857b916c1f48027e9b96ee8be8376bf20811 upstream.
    
    As addressed in alsa-lib (commit b420056604f0), we need to fix the
    case where the evaluation of PCM interval "(x x+1]" leading to
    -EINVAL.  After applying rules, such an interval may be translated as
    "(x x+1)".
    
    Fixes: ff2d6acdf6f1 ("ALSA: pcm: Fix snd_interval_refine first/last with open min/max")
    Cc: <stable@vger.kernel.org>
    Signed-off-by: Takashi Iwai <tiwai@suse.de>
    Signed-off-by: Greg Kroah-Hartman <gregkh@linuxfoundation.org>
checking 8e16e060a86f0c340346b8269c57faa069bfe545 ......
	 orig commit -> 7874b919866ba91bac253fa219d3d4c82bb944df ......
checking 4dfa5ee4defd6783f33fa69c02d7e346494ebe8e ......
	 orig commit -> e47cb828eb3fca3e8999a0b9aa053dda18552071 ......
checking 5cea0d30174384257379f92bc9813f7043bec7e4 ......
	 orig commit -> 193c2a07cfaacb9249ab0e3d34bce32490879355 ......
checking 57da414000905913c77a523013d28f32260c6b6c ......
	 orig commit -> 8c8f74f327a76604a499fad8c54c15e1c0ee8051 ......
checking 6dc47c5894c9f26014adc17f0b7ba998d3fc6499 ......
	 orig commit -> b23ec59926faf05b0c43680d05671c484e810ac4 ......
checking 9667a5eb5b1254d3c39052aff3459df3080f6cd3 ......
	 orig commit -> 9506755633d0b32ef76f67c345000178e9b0dfc4 ......
checking eb543ccfb0bf456f1507725b56960e51890beaa1 ......
	 orig commit -> ccff2dfaceaca4517432f5c149594215fe9098cc ......
checking 2887d528b19cf61df68f2bb529f1d4217d354988 ......
	 orig commit -> fe470f5f7f684ed15bc49b6183a64237547910ff ......
checking 96fda059e606a6eb455810c39154c39d50d2a12d ......
	 orig commit -> faa1a47388b33623e4d504c23569188907b039a0 ......
checking c940c2c450e5b4e928ed31c5d08dbc2e355b8fd3 ......
	 orig commit -> b59fb482b52269977ee5de205308e5b236a03917 ......
checking 7cca66510abdeca27e78016af71c0a48d156a05b ......
	 orig commit -> 1b5190c2e74c47ebe4bcecf7a072358ad9f1feaa ......
checking 330b72fc294d0f03ca70a01fda9890b0c9539db9 ......
	 orig commit -> 127407e36f4fe3a1d5e8b9998b479956ce83a7dc ......
checking 57726dfe96e8ed236def7e126fc76ba1c9836e2c ......
	 orig commit -> d36d0e6309dd8137cf438cbb680e72eb63c81425 ......
checking 99bc75c304216415723f8682d04386df77d1aa46 ......
	 orig commit -> 81646a3d39ef14749301374a3a0b8311384cd412 ......
checking edce8b372f7a56ef61d225044ad45a09af8b05a3 ......
	 orig commit -> 9f30b5ae0585ca5234fe979294b8f897299dec99 ......
checking 38ee03553f50a84b28def4c20d69beec2a7a7949 ......
	 orig commit -> d396cb185c0337aae5664b250cdd9a73f6eb1503 ......
checking a2a380bcf446d005954a4f7a5095f2831bfa0b74 ......
	 orig commit -> 61f0d55569463a1af897117ff47d202b0ccb2e24 ......
checking 5e790d7b09662e2f53db17d6f8e2a3db31d6ec2a ......
	 orig commit -> cc57c07343bd071cdf1915a91a24ab7d40c9b590 ......
checking bffe67b9fe9d887420ebd08822c898730b13ba95 ......
	 orig commit -> cd87668d601f622e0ebcfea4f78d116d5f572f4d ......
checking eddbab1384841db30b270bc791ad623ad0cd5a38 ......
	 orig commit -> e2861fa71641c6414831d628a1f4f793b6562580 ......
checking 23bd97eaebc55d5eef9d3cd41e3bd6189a0e9dd6 ......
	 orig commit -> 6c6bc9ea84d0008024606bf5ba10519e20d851bf ......
checking 4fe4e6d65f97cc428748fa1f75b747d51d676bf9 ......
	 orig commit -> baa2a4fdd525c8c4b0f704d20457195b29437839 ......
checking e0c7634f7370cca15535fde950c9baf6512373ca ......
	 orig commit -> 2f819db565e82e5f73cd42b39925098986693378 ......
checking af412413c1d00bd10740007c2a499207f4343ba3 ......
	 orig commit -> 994b15b983a72e1148a173b61e5b279219bb45ae ......
checking a64fbecec98a4aa9d53eac307e057c630e702ad8 ......
	 orig commit -> 02e184476eff848273826c1d6617bb37e5bcc7ad ......
checking fe6198c278540430238955f8e9de0e71bfce712d ......
	 orig commit -> 56446f218af1133c802dad8e9e116f07f381846c ......
checking ca453b2406a6d64b97b165b19eaf6848d2516153 ......
	 orig commit -> 8ad8aa353524d89fa2e09522f3078166ff78ec42 ......
checking 2c8adbfa328384986452fd64e1ad93b24729d418 ......
	 orig commit -> df3aa13c7bbb307e172c37f193f9a7aa058d4739 ......
checking f7bf6ac324290ccd193e7d9afdef0f9fa228de48 ......
	 orig commit -> 6e22e3af7bb3a7b9dc53cb4687659f6e63fca427 ......
		 6e22e3af7bb3a7b9dc53cb4687659f6e63fca427 has problem. Fixes commit -> e871db8d78df1c411032cbb3acfdf8930509360e
commit 5c82d4a60c2f0315a8a550a54a79c80a64101a80
Author: Sebastian Andrzej Siewior <bigeasy@linutronix.de>
Date:   Tue Sep 11 10:00:44 2018 +0200

    Revert "usb: cdc-wdm: Fix a sleep-in-atomic-context bug in service_outstanding_interrupt()"
    
    commit e871db8d78df1c411032cbb3acfdf8930509360e upstream.
    
    This reverts commit 6e22e3af7bb3a7b9dc53cb4687659f6e63fca427.
    
    The bug the patch describes to, has been already fixed in commit
    2df6948428542 ("USB: cdc-wdm: don't enable interrupts in USB-giveback")
    so need to this, revert it.
    
    Fixes: 6e22e3af7bb3 ("usb: cdc-wdm: Fix a sleep-in-atomic-context bug in service_outstanding_interrupt()")
    Cc: stable <stable@vger.kernel.org>
    Signed-off-by: Sebastian Andrzej Siewior <bigeasy@linutronix.de>
    Signed-off-by: Greg Kroah-Hartman <gregkh@linuxfoundation.org>
checking 71d2d4790cbd4052d5f7f504d347088d9c242a4b ......
	 orig commit -> 7e10f14ebface44a48275c8d6dc1caae3668d5a9 ......
checking cd3005db7518d05e2e7b55fbcbe5ce6966db5ace ......
	 orig commit -> 5dfdd24eb3d39d815bc952ae98128e967c9bba49 ......
checking 2ccd62789ef0ec1bd8efd52d9581b84331f6004d ......
	 orig commit -> bc8acc214d3f1cafebcbcd101a695bbac716595d ......
checking b1507f458d22fe86334ebc53b8f26de74598c37a ......
	 orig commit -> 691a03cfe8ca483f9c48153b869d354e4ae3abef ......
checking 4236e40a9d4facd4b3e6c67ccc1e486d6254cf50 ......
	 orig commit -> dec3c23c9aa1815f07d98ae0375b4cbc10971e13 ......
checking 63af1f400f4dd74cd39c84a40239aec5f9127f10 ......
	 orig commit -> dfe1a51d2a36647f74cbad478801efa7cf394376 ......
checking 09ab91a521dbf9c5ff05c0549483630855893cad ......
	 orig commit -> 9b83a1c301ad6d24988a128c69b42cbaaf537d82 ......
checking 734893b83e300968aa9ba4519a2ac64e60f0d3ec ......
	 orig commit -> 6d4f268fa132742fe96dad22307c68d237356d88 ......
checking c531c70d9e05166d1f683eefb57918be4cd7e596 ......
	 orig commit -> f9a5b4f58b280c1d26255376713c132f93837621 ......
checking cdddc62b2f0f64f8c60a9bbb673452cd3bd4e62e ......
	 orig commit -> 42d1c6d4a06a77b3ab206a919b9050c3080f3a71 ......
checking d1a18f6e206971bea60f6ffb3ddabd58c2175ef7 ......
	 orig commit -> f45681f9becaa65111ed0a691ccf080a0cd5feb8 ......
checking 0737cf682a34599cb395090138864cfaccad9a42 ......
	 orig commit -> 8d2d8935d30cc2acc57a3196dc10dfa8d5cbcdab ......
checking 286a01c5d42899b3e46b1cfc16652b1cafbde193 ......
	 orig commit -> f3dc41c5d22b2ca14a0802a65d8cdc33a3882d4e ......
checking 76b61ead8f4d913cc0493db624f3ac3ca8986a71 ......
	 orig commit -> de916736aaaadddbd6061472969f667b14204aa9 ......
checking 2516ead0aaf8145c155ff7d19c32038b8de099d8 ......
	 orig commit -> 86503bd35dec0ce363e9fdbf5299927422ed3899 ......
checking 590872d2010931b745101e287eb2b1507e1a44ef ......
	 orig commit -> 3c398f3c3bef21961eaaeb93227fa66d440dc83d ......
checking 542d6faada88f271de907f8b6f103a2cc3d9fba1 ......
	 orig commit -> 816e846c2eb9129a3e0afa5f920c8bbc71efecaa ......
checking 03ae5ff3460b4240cff9af8083aafba0380f5971 ......
	 orig commit -> 8edfe2e992b75aee3da9316e9697c531194c2f53 ......
checking 7026e2457c5b0c0e8a81e65a8209b8420a437b4d ......
	 orig commit -> 831b624df1b420c8f9281ed1307a8db23afb72df ......
checking 422013e4ee41a87a8e4047f70d48f6bda2f52418 ......
	 orig commit -> 954a8e3aea87e896e320cf648c1a5bbe47de443e ......
checking 9d47d0301ef568b8a41b38605a5654e9f867b1b4 ......
	 orig commit -> 21f2706b20100bb3db378461ab9b8e2035309b5b ......
checking fd758513e8d65abf3332ae959a14629edcef9f1d ......
	 orig commit -> 0e7d4d932ffc23f75efb31a8c2ac2396c1b81c55 ......
checking 0c8706ef5033de7120bc37695d6cd5e3dde98113 ......
	 orig commit -> 8bbafed8dd5cfa81071b50ead5cb60367fdef3a9 ......
checking e6f55802bac406cd1894351ac8b13aa5d5459da6 ......
	 orig commit -> 3297c8fc65af5d40501ea7cddff1b195cae57e4e ......
checking 0a10ce961bb34a0a42e60534479d8a79fc46d927 ......
	 orig commit -> 1d47191de7e15900f8fbfe7cccd7c6e1c2d7c31a ......
checking f51c345732ef8e3983b64aaf65b833e14b233ba7 ......
	 orig commit -> c2e2a618eb7104e18fdcf739d4d911563812a81c ......
checking d3638df9649bd2d01a63da125db925d743a7ccef ......
	 orig commit -> 70551dc46ffa3555a0b5f3545b0cd87ab67fd002 ......
checking 09d5c14156791b4433c8663fe1e42888f3ecdeba ......
	 orig commit -> a702349a4099cd5a7bab0904689d8e0bf8dcd622 ......
checking ededee86c683b0a520e6b26bf8c433c05a77a191 ......
	 orig commit -> 03864e57770a9541e7ff3990bacf2d9a2fffcd5d ......
checking 68bfa6eb2fb6f67ea7b349b282ce52ffdb831b3a ......
	 orig commit -> e53db018315b7660bb7000a29e79faff2496c2c2 ......
checking 21fa748862123528c12acc29c495066d0f635d8f ......
	 orig commit -> 2d408c0d4574b01b9ed45e02516888bf925e11a9 ......
checking 8e824a3c7ede194620bc23ba458f01b561e5bd00 ......
	 orig commit -> 07300f774fec9519663a597987a4083225588be4 ......
checking be2338f3a57f004a9b33ac6c23ab062061d37b7d ......
	 orig commit -> 3ea86495aef2f6de26b7cb1599ba350dd6a0c521 ......
		 3ea86495aef2f6de26b7cb1599ba350dd6a0c521 has problem. Fixes commit -> 33412b8673135b18ea42beb7f5117ed0091798b6
commit b57951ed2b6d5a064be3956dbc0c0271ca13657a
Author: Ard Biesheuvel <ard.biesheuvel@linaro.org>
Date:   Wed Nov 14 09:55:41 2018 -0800

    efi/arm: Revert deferred unmap of early memmap mapping
    
    [ Upstream commit 33412b8673135b18ea42beb7f5117ed0091798b6 ]
    
    Commit:
    
      3ea86495aef2 ("efi/arm: preserve early mapping of UEFI memory map longer for BGRT")
    
    deferred the unmap of the early mapping of the UEFI memory map to
    accommodate the ACPI BGRT code, which looks up the memory type that
    backs the BGRT table to validate it against the requirements of the UEFI spec.
    
    Unfortunately, this causes problems on ARM, which does not permit
    early mappings to persist after paging_init() is called, resulting
    in a WARN() splat. Since we don't support the BGRT table on ARM anway,
    let's revert ARM to the old behaviour, which is to take down the
    early mapping at the end of efi_init().
    
    Signed-off-by: Ard Biesheuvel <ard.biesheuvel@linaro.org>
    Cc: Linus Torvalds <torvalds@linux-foundation.org>
    Cc: Peter Zijlstra <peterz@infradead.org>
    Cc: Thomas Gleixner <tglx@linutronix.de>
    Cc: linux-efi@vger.kernel.org
    Fixes: 3ea86495aef2 ("efi/arm: preserve early mapping of UEFI memory ...")
    Link: http://lkml.kernel.org/r/20181114175544.12860-3-ard.biesheuvel@linaro.org
    Signed-off-by: Ingo Molnar <mingo@kernel.org>
    Signed-off-by: Sasha Levin <sashal@kernel.org>
checking f42caeadf02ca374182849614614321bb7b62586 ......
	 orig commit -> fd800f646402c0f85547166b59ca065175928b7b ......
checking a64fa2731c6012410de4c7921a77741f8ea78bdc ......
	 orig commit -> 129a99890936766f4b69b9da7ed88366313a9210 ......
checking 03758ba70b1727b0480d680fe06be6b78831361a ......
	 orig commit -> 133bf90dbb8b873286f8ec2e81ba26e863114b8c ......
checking f3f1e43809130421cab16c6cf363ee69b9d22833 ......
	 orig commit -> c6ea7e9747318e5a6774995f4f8e3e0f7c0fa8ba ......
checking e15407a2a8fb346e3c5ab8bc739807d40e85d50d ......
	 orig commit -> bd90284cc6c1c9e8e48c8eadd0c79574fcce0b81 ......
checking 24dc2f57053a7cd78584e481a5420d6c05e0d687 ......
	 orig commit -> c715fcfda5a08edabaa15508742be926b7ee51db ......
checking 7aea78a5ae0b5e54167dbfe31936f0d32acfbda0 ......
	 orig commit -> cd4806911cee3901bc2b5eb95603cf1958720b57 ......
checking 6431fb7b5e549f6427d43924881f1ee38276f5ea ......
	 orig commit -> 1ba0a59cea41ea05fda92daaf2a2958a2246b9cf ......
checking 1e5d820bc8d9373d82f72e1ea26ad7c3428daa07 ......
	 orig commit -> b951d80aaf224b1f774e10def672f5e37488e4ee ......
checking 14f3d6519417676db893e937167cf3f76f4efe3c ......
	 orig commit -> 9068533e4f470daf2b0f29c71d865990acd8826e ......
checking e97220e28fe9a125459e4ac64b88020dea622623 ......
	 orig commit -> b6566b47a67e07fdca44cf51abb14e2fbe17d3eb ......
checking d9f6ae2f49c8f614a877291a4e8a6a08c73a53c2 ......
	 orig commit -> 5958fde72d04e7b8c6de3669d1f794a90997e3eb ......
checking 85d6635b637e395358aa87c4747cedbbed9d2dc1 ......
	 orig commit -> 5ec1ec35b2979b59d0b33381e7c9aac17e159d16 ......
checking ddeb9cb46166f0dc6f0d5a1b510af5663f1c0dad ......
	 orig commit -> e79e0e1428188b24c3b57309ffa54a33c4ae40c4 ......
checking 48c37aa37355e166de84abd735a17ad31b10e50d ......
	 orig commit -> 9ef0112442bdddef5fb55adf20b3a5464b33de75 ......
		 9ef0112442bdddef5fb55adf20b3a5464b33de75 has problem. Fixes commit -> aa90f9f9554616d5738f7bedb4a8f0e5e14d1bc6
commit 2fc0fb03319a9576197427986633a7da91a310cf
Author: Sandipan Das <sandipan@linux.ibm.com>
Date:   Thu Jul 26 22:47:33 2018 +0530

    perf tests: Fix indexing when invoking subtests
    
    [ Upstream commit aa90f9f9554616d5738f7bedb4a8f0e5e14d1bc6 ]
    
    Recently, the subtest numbering was changed to start from 1.  While it
    is fine for displaying results, this should not be the case when the
    subtests are actually invoked.
    
    Typically, the subtests are stored in zero-indexed arrays and invoked
    based on the index passed to the main test function.  Since the index
    now starts from 1, the second subtest in the array (index 1) gets
    invoked instead of the first (index 0).  This applies to all of the
    following subtests but for the last one, the subtest always fails
    because it does not meet the boundary condition of the subtest index
    being lesser than the number of subtests.
    
    This can be observed on powerpc64 and x86_64 systems running Fedora 28
    as shown below.
    
    Before:
    
      # perf test "builtin clang support"
      55: builtin clang support                                 :
      55.1: builtin clang compile C source to IR                : Ok
      55.2: builtin clang compile C source to ELF object        : FAILED!
    
      # perf test "LLVM search and compile"
      38: LLVM search and compile                               :
      38.1: Basic BPF llvm compile                              : Ok
      38.2: kbuild searching                                    : Ok
      38.3: Compile source for BPF prologue generation          : Ok
      38.4: Compile source for BPF relocation                   : FAILED!
    
      # perf test "BPF filter"
      40: BPF filter                                            :
      40.1: Basic BPF filtering                                 : Ok
      40.2: BPF pinning                                         : Ok
      40.3: BPF prologue generation                             : Ok
      40.4: BPF relocation checker                              : FAILED!
    
    After:
    
      # perf test "builtin clang support"
      55: builtin clang support                                 :
      55.1: builtin clang compile C source to IR                : Ok
      55.2: builtin clang compile C source to ELF object        : Ok
    
      # perf test "LLVM search and compile"
      38: LLVM search and compile                               :
      38.1: Basic BPF llvm compile                              : Ok
      38.2: kbuild searching                                    : Ok
      38.3: Compile source for BPF prologue generation          : Ok
      38.4: Compile source for BPF relocation                   : Ok
    
      # perf test "BPF filter"
      40: BPF filter                                            :
      40.1: Basic BPF filtering                                 : Ok
      40.2: BPF pinning                                         : Ok
      40.3: BPF prologue generation                             : Ok
      40.4: BPF relocation checker                              : Ok
    
    Signed-off-by: Sandipan Das <sandipan@linux.ibm.com>
    Reported-by: Arnaldo Carvalho de Melo <acme@redhat.com>
    Tested-by: Arnaldo Carvalho de Melo <acme@redhat.com>
    Cc: Heiko Carstens <heiko.carstens@de.ibm.com>
    Cc: Hendrik Brueckner <brueckner@linux.ibm.com>
    Cc: Jiri Olsa <jolsa@redhat.com>
    Cc: Martin Schwidefsky <schwidefsky@de.ibm.com>
    Cc: Naveen N. Rao <naveen.n.rao@linux.vnet.ibm.com>
    Cc: Ravi Bangoria <ravi.bangoria@linux.ibm.com>
    Cc: Thomas Richter <tmricht@linux.ibm.com>
    Fixes: 9ef0112442bd ("perf test: Fix subtest number when showing results")
    Link: http://lkml.kernel.org/r/20180726171733.33208-1-sandipan@linux.ibm.com
    Signed-off-by: Arnaldo Carvalho de Melo <acme@redhat.com>
    Signed-off-by: Sasha Levin <sashal@kernel.org>
checking 4223d4b9a433b0f6733c6a92fb470cf968b94a2b ......
	 orig commit -> 1d25e3eeed1d987404e2d2e451eebac8c15cecc1 ......
checking a43cbd9b220be7e08cabe14edbdd8a71cb8654d5 ......
	 orig commit -> 536ca245c512aedfd84cde072d7b3ca14b6e1792 ......
		 536ca245c512aedfd84cde072d7b3ca14b6e1792 has problem. Fixes commit -> 8b7b59d030cc0d34b83b0c556bb6365c9ae6ba77
checking 77e59fa1bffe55f7a306bdc3b15394819be46eb9 ......
	 orig commit -> b509d733d337417bcb7fa4a35be3b9a49332b724 ......
checking 70ea6147c8ff2d46db295ad80700f97f09d731d0 ......
	 orig commit -> f8a7bfe1cb2c1ebfa07775c9c8ac0ad3ba8e5ff5 ......
checking ddf00feadd40a5901e9e491b6fc953c47d794e66 ......
	 orig commit -> e49756544a21f5625b379b3871d27d8500764670 ......
checking 8992a70297ed01f7c898f854b1edcf4a0ad4521c ......
	 orig commit -> 5a1a2f63d840dc2631505b607e11ff65ac1b7d3c ......
checking 48a90a9e56a37d9b0fbc81ca08411c84040d5918 ......
	 orig commit -> 9c2af1c7377a8a6ef86e5cabf80978f3dbbb25c0 ......
checking c033654d34c39facad100906ed39b47e87a49206 ......
	 orig commit -> f6dab4233d6b64d719109040503b567f71fbfa01 ......
checking 59d4d41f46084bccc6716a31bdc19af1595aff28 ......
	 orig commit -> 11177e7a7aaef95935592072985526ebf0a3df43 ......
checking 1a1742883d492a7632e95bce5c4a4214ef74c0f5 ......
	 orig commit -> 776125785a87ff05d49938bd5b9f336f2a05bff6 ......
checking af322ba0eb11572dc78bf6879ec7b256b3c09064 ......
	 orig commit -> 934ffce1343f22ed5e2d0bd6da4440f4848074de ......
checking f075b4bd3db71187a0b8aa874d75b6ae9b987182 ......
	 orig commit -> bd1cd0eb2ce9141100628d476ead4de485501b29 ......
checking 5993f94d351d07e2abe462dd6f8f40c90742a3a2 ......
	 orig commit -> 7c500f9ea139d0c9b80fdea5a9c911db3166ea54 ......
checking bd08974f90fbcee93e4807696175bc8e09d9e624 ......
	 orig commit -> 0d535967ac658966c6ade8f82b5799092f7d5441 ......
checking 6d1659b35cd1590960dee2049e9d134610c55392 ......
	 orig commit -> 5df816e7f43f1297c40021ef17ec6e722b45c82f ......
checking ccb89610b3aa6b327c11ca8558fd544b63890538 ......
	 orig commit -> 76d5581c870454be5f1f1a106c57985902e7ea20 ......
checking 53a3bad7e9e713b2734637bf21c0473c60372355 ......
	 orig commit -> cc4dfb7f70a344f24c1c71e298deea0771dadcb2 ......
		 cc4dfb7f70a344f24c1c71e298deea0771dadcb2 has problem. Fixes commit -> 6fa19f5637a6c22bc0999596bcc83bdcac8a4fa6
commit 44476fdd1504272d54ac44858b4aff8cb7689202
Author: Eric Dumazet <edumazet@google.com>
Date:   Thu Jan 31 08:47:10 2019 -0800

    rds: fix refcount bug in rds_sock_addref
    
    [ Upstream commit 6fa19f5637a6c22bc0999596bcc83bdcac8a4fa6 ]
    
    syzbot was able to catch a bug in rds [1]
    
    The issue here is that the socket might be found in a hash table
    but that its refcount has already be set to 0 by another cpu.
    
    We need to use refcount_inc_not_zero() to be safe here.
    
    [1]
    
    refcount_t: increment on 0; use-after-free.
    WARNING: CPU: 1 PID: 23129 at lib/refcount.c:153 refcount_inc_checked lib/refcount.c:153 [inline]
    WARNING: CPU: 1 PID: 23129 at lib/refcount.c:153 refcount_inc_checked+0x61/0x70 lib/refcount.c:151
    Kernel panic - not syncing: panic_on_warn set ...
    CPU: 1 PID: 23129 Comm: syz-executor3 Not tainted 5.0.0-rc4+ #53
    Hardware name: Google Google Compute Engine/Google Compute Engine, BIOS Google 01/01/2011
    Call Trace:
     __dump_stack lib/dump_stack.c:77 [inline]
     dump_stack+0x1db/0x2d0 lib/dump_stack.c:113
     panic+0x2cb/0x65c kernel/panic.c:214
     __warn.cold+0x20/0x48 kernel/panic.c:571
     report_bug+0x263/0x2b0 lib/bug.c:186
     fixup_bug arch/x86/kernel/traps.c:178 [inline]
     fixup_bug arch/x86/kernel/traps.c:173 [inline]
     do_error_trap+0x11b/0x200 arch/x86/kernel/traps.c:271
     do_invalid_op+0x37/0x50 arch/x86/kernel/traps.c:290
     invalid_op+0x14/0x20 arch/x86/entry/entry_64.S:973
    RIP: 0010:refcount_inc_checked lib/refcount.c:153 [inline]
    RIP: 0010:refcount_inc_checked+0x61/0x70 lib/refcount.c:151
    Code: 1d 51 63 c8 06 31 ff 89 de e8 eb 1b f2 fd 84 db 75 dd e8 a2 1a f2 fd 48 c7 c7 60 9f 81 88 c6 05 31 63 c8 06 01 e8 af 65 bb fd <0f> 0b eb c1 90 66 2e 0f 1f 84 00 00 00 00 00 55 48 89 e5 41 54 49
    RSP: 0018:ffff8880a0cbf1e8 EFLAGS: 00010282
    RAX: 0000000000000000 RBX: 0000000000000000 RCX: ffffc90006113000
    RDX: 000000000001047d RSI: ffffffff81685776 RDI: 0000000000000005
    RBP: ffff8880a0cbf1f8 R08: ffff888097c9e100 R09: ffffed1015ce5021
    R10: ffffed1015ce5020 R11: ffff8880ae728107 R12: ffff8880723c20c0
    R13: ffff8880723c24b0 R14: dffffc0000000000 R15: ffffed1014197e64
     sock_hold include/net/sock.h:647 [inline]
     rds_sock_addref+0x19/0x20 net/rds/af_rds.c:675
     rds_find_bound+0x97c/0x1080 net/rds/bind.c:82
     rds_recv_incoming+0x3be/0x1430 net/rds/recv.c:362
     rds_loop_xmit+0xf3/0x2a0 net/rds/loop.c:96
     rds_send_xmit+0x1355/0x2a10 net/rds/send.c:355
     rds_sendmsg+0x323c/0x44e0 net/rds/send.c:1368
     sock_sendmsg_nosec net/socket.c:621 [inline]
     sock_sendmsg+0xdd/0x130 net/socket.c:631
     __sys_sendto+0x387/0x5f0 net/socket.c:1788
     __do_sys_sendto net/socket.c:1800 [inline]
     __se_sys_sendto net/socket.c:1796 [inline]
     __x64_sys_sendto+0xe1/0x1a0 net/socket.c:1796
     do_syscall_64+0x1a3/0x800 arch/x86/entry/common.c:290
     entry_SYSCALL_64_after_hwframe+0x49/0xbe
    RIP: 0033:0x458089
    Code: 6d b7 fb ff c3 66 2e 0f 1f 84 00 00 00 00 00 66 90 48 89 f8 48 89 f7 48 89 d6 48 89 ca 4d 89 c2 4d 89 c8 4c 8b 4c 24 08 0f 05 <48> 3d 01 f0 ff ff 0f 83 3b b7 fb ff c3 66 2e 0f 1f 84 00 00 00 00
    RSP: 002b:00007fc266df8c78 EFLAGS: 00000246 ORIG_RAX: 000000000000002c
    RAX: ffffffffffffffda RBX: 0000000000000006 RCX: 0000000000458089
    RDX: 0000000000000000 RSI: 00000000204b3fff RDI: 0000000000000005
    RBP: 000000000073bf00 R08: 00000000202b4000 R09: 0000000000000010
    R10: 0000000000000000 R11: 0000000000000246 R12: 00007fc266df96d4
    R13: 00000000004c56e4 R14: 00000000004d94a8 R15: 00000000ffffffff
    
    Fixes: cc4dfb7f70a3 ("rds: fix two RCU related problems")
    Signed-off-by: Eric Dumazet <edumazet@google.com>
    Reported-by: syzbot <syzkaller@googlegroups.com>
    Cc: Sowmini Varadhan <sowmini.varadhan@oracle.com>
    Cc: Santosh Shilimkar <santosh.shilimkar@oracle.com>
    Cc: rds-devel@oss.oracle.com
    Cc: Cong Wang <xiyou.wangcong@gmail.com>
    Acked-by: Santosh Shilimkar <santosh.shilimkar@oracle.com>
    Signed-off-by: David S. Miller <davem@davemloft.net>
    Signed-off-by: Greg Kroah-Hartman <gregkh@linuxfoundation.org>
checking bfb8799ab575c6076ca2ee1738453643d5ef6bfa ......
	 orig commit -> 9d7f19dc4673fbafebfcbf30eb90e09fa7d1c037 ......
