Check from v4.9.45 to v4.9.46
Commit count: 85
checking 0eed54bdbd1b922004fe05dc8bf3815f2e5723d7 ......
checking 5aa523a994d1e2850115dac11c3ea69e332a97ae ......
	 orig commit -> 1a92a80ad386a1a6e3b36d576d52a1a456394b70 ......
checking 5906715b93da2923d7fced66a90f45145959ab33 ......
	 orig commit -> 98529b9272e06a7767034fb8a32e43cdecda240a ......
checking 3bc8e4f96fe906c4a872f84c7d9cf053e5786bfe ......
	 orig commit -> 7d64f82cceb21e6d95db312d284f5f195e120154 ......
checking 454cac5d0891494dd2050a4da4fa64a9173c38af ......
	 orig commit -> e3d5092b6756b9e0b08f94bbeafcc7afe19f0996 ......
checking c1628774f0c807944478684b97cf258da8f7c10a ......
	 orig commit -> f3fd2afed8eee91620d05b69ab94c14793c849d7 ......
checking 4d4f35473d8f77f1df508f5bb87cc89513a843d9 ......
	 orig commit -> 0eb46345364d7318b11068c46e8a68d5dc10f65e ......
checking 7592db555524b5d0dfe92a1d3069f450f31291fe ......
	 orig commit -> 88931ec3dc11e7dbceb3b0df455693873b508fbe ......
checking bff04a462da3b1e4ae588bcbbe2e318d7fbada28 ......
	 orig commit -> 07b0b22b3e58824f70b9188d085d400069ca3240 ......
checking 471954c313c57e09839f1381bd4897283d8e6537 ......
	 orig commit -> 8e8496e0e9564b66165f5219a4e8ed20b0d3fc6b ......
checking 4743d1b37a38c36ce2b01741edd33bbaaea9a1b4 ......
	 orig commit -> cb827ee6ccc3e480f0d9c0e8e53eef55be5b0414 ......
checking b8fce38266dbf3fdc1e100a0c2ffd555b336f03d ......
	 orig commit -> 0cc3b0ec23ce4c69e1e890ed2b8d2fa932b14aad ......
checking ab4be3a64d06e790f1aeae671569bd910e7995e3 ......
	 orig commit -> f299aec6ebd747298e35934cff7709c6b119ca52 ......
checking 23caaf2f216c2120e72705d7b297ce95724c97ae ......
	 orig commit -> f1664eaacec31035450132c46ed2915fd2b2049a ......
checking b150ee066af7dac804f92a44452bb2b862a6bc15 ......
	 orig commit -> fdd0d32eb95f135041236a6885d9006315aa9a1d ......
checking cbd854d993546a38d8d5ee46361715c2119cd613 ......
	 orig commit -> b2a6d1b999a4c13e5997bb864694e77172d45250 ......
checking 8fb0b0ce288d38d78685a9d6f6320339afadf709 ......
	 orig commit -> 00b40d613352c623aaae88a44e5ded7c912909d7 ......
checking 51050750181c791410a7e8dc405cc909e264587b ......
	 orig commit -> c4ea41ba195d01c9af66fb28711a16cc97caa9c5 ......
checking eda70a559187ebc33b8019a50bcc4077030f2ed3 ......
	 orig commit -> a2b18708ee14baec4ef9c0fba96070bba14d0081 ......
checking 242cea2d666f9e9a61513f8d96d549122589daca ......
	 orig commit -> 25717382c1dd0ddced2059053e3ca5088665f7a5 ......
checking ffb7640acbc3f8a3366258ae0f281b1e98472ad4 ......
	 orig commit -> f06d977309d09253c744e54e75c5295ecc52b7b4 ......
checking 1b5fcb3b25f794957acbeec78800a18d4d0903b3 ......
	 orig commit -> 5da8e47d849d3d37b14129f038782a095b9ad049 ......
checking 5f81b1f51b9cfcbfbe7a1abea09962c91bf485e7 ......
	 orig commit -> 97772bcd56efa21d9d8976db6f205574ea602f51 ......
checking 090911a22c7b3bef0726737369532d0105e3f20d ......
	 orig commit -> 436c4c45b5b9562b59cedbb51b7343ab4a6dd8cc ......
checking d4c5c26c5f0905f7582291f78e64a0a250cb0fc2 ......
	 orig commit -> eebe53e87f97975ee58a21693e44797608bf679c ......
checking 3559de45c99a68c0b8c4956fc35367837df9161c ......
	 orig commit -> ccd5b3235180eef3cfec337df1c8554ab151b5cc ......
checking 70b3fd5ce2ce1dfe8f563e93d31c124b84593af4 ......
	 orig commit -> 2fe59f507a65dbd734b990a11ebc7488f6f87a24 ......
checking 3df3b2efc065e71ba5edda9fa9b3cab1933d131c ......
	 orig commit -> dd86e373e09fb16b83e8adf5c48c421a4ca76468 ......
checking bac83e5ce85e64e02a3133ce275154779d97281c ......
	 orig commit -> eebc509b20881b92d62e317b2c073e57c5f200f0 ......
checking bde6608dd6385a10c1f749d11458d96c54114a5c ......
	 orig commit -> 64aee2a965cf2954a038b5522f11d2cd2f0f8f3e ......
checking 741397d16a3d65e1629e9be75f5d64687d767664 ......
	 orig commit -> a8f0f9e49956a74718874b800251455680085600 ......
checking fd8235e721ef8bb15ba390d9f2f806f794368536 ......
	 orig commit -> fc788f64f1f3eb31e87d4f53bcf1ab76590d5838 ......
checking 5ed70f7db9afe5e4e5cc1fa2239676e3b2d2c5b2 ......
	 orig commit -> d3edede29f74d335f81d95a4588f5f136a9f7dcf ......
checking 8b053290ee20cce2a082c80fd2e654e3e533f802 ......
	 orig commit -> 42bec214d8bd432be6d32a1acb0a9079ecd4d142 ......
checking 1fdee09116db0de46c3a3077357f6f3531e10205 ......
	 orig commit -> cb87481ee89dbd6609e227afbf64900fb4e5c930 ......
checking 8838cd5c543f649ffd5ffd2e6da5aabbcc25ff65 ......
	 orig commit -> 8b0db1a5bdfcee0dbfa89607672598ae203c9045 ......
checking 2818a7659f0ac7dd8f12908dcde01f024d311b20 ......
	 orig commit -> 475bb3c69ab05df2a6ecef6acc2393703d134180 ......
checking 3170d9abc5d0ba56bb1eb4a924fab5b41ee546eb ......
	 orig commit -> 4bb0f0e73c8c30917d169c4a0f1ac083690c545b ......
checking 46cd0a3b93a5b4b124f898ca4851888926f00993 ......
	 orig commit -> fd1adef3bff0663c5ac31b45bc4a05fafd43d19b ......
checking 1fb8ff8b92bd1335e036e3187797136348fe0029 ......
	 orig commit -> 9cdced8a39c04cf798ddb2a27cb5952f7d39f633 ......
checking 35fd2b840b6c02da9c0e8a31f52ebb89f51692e2 ......
	 orig commit -> 05ee29e94acf0d4b3998c3f93374952de8f90176 ......
checking eed96e7595339858ce8e17f8c2ce60fae0c23a7a ......
	 orig commit -> a0ffc51e20e90e0c1c2491de2b4b03f48b6caaba ......
checking ce66f629ad828168ed13250eaa7d3a60124d753e ......
	 orig commit -> fe4600a548f2763dec91b3b27a1245c370ceee2a ......
checking 9d263321d7a2c1cb5c9b226316640d5066047a7a ......
	 orig commit -> 91b540f98872a206ea1c49e4aa6ea8eed0886644 ......
checking b65b6ac52e0f8694aa3a4402d5f766b2bb9e94ef ......
	 orig commit -> 2b7e8665b4ff51c034c55df3cff76518d1a9ee3a ......
checking 0f49b0519f1190858f36e0bdafd4a139c9c2e34a ......
	 orig commit -> 263630e8d176d87308481ebdcd78ef9426739c6b ......
checking 036c100b58f742289dfab088a60e35717ec056f4 ......
	 orig commit -> a23318feeff662c8d25d21623daebdd2e55ec221 ......
checking 5d8b3cc24688efbca6062bf8f5712edcf05a2132 ......
	 orig commit -> 435c0b87d661da83771c30ed775f7c37eed193fb ......
checking 8d362cb3bfbbaea8f3ea44d785408c719b5f6cef ......
	 orig commit -> 7d79cee2c6540ea64dd917a14e2fd63d4ac3d3c0 ......
checking 6cba07468521d4ffbebd59363a7d0bc5962b1002 ......
	 orig commit -> 0c264af7be2013266c5b4c644f3f366399ee490a ......
checking b52bce93db99794689cb5af7398aa47c57b343e8 ......
	 orig commit -> bbba6f9d3da357bbabc6fda81e99ff5584500e76 ......
checking 8989c70d30b60749dccb549ed66f915b646ef038 ......
	 orig commit -> 88c54cdf61f508ebcf8da2d819f5dfc03e954d1d ......
checking 9767a4567831aa897e71474014a6e903345b8d0a ......
	 orig commit -> 07b3b5e9ed807a0d2077319b8e43a42e941db818 ......
checking 275f3033ccf6114f3c7d4535665fcf7bdcc9f04e ......
	 orig commit -> c469268cd523245cc58255f6696e0c295485cb0b ......
checking cfb917a17d3df75243199ad8bad7e9505fd79468 ......
	 orig commit -> 857b8de96795646c5891cf44ae6fb19b9ff74bf9 ......
checking a745333fa924b26c916e7b21d8e5177ca597b532 ......
	 orig commit -> 4a4eefcd0e49f9f339933324c1bde431186a0a7d ......
checking 963068b1ff1c640ea54026c918d6616079e22bed ......
	 orig commit -> 4a646580f793d19717f7e034c8d473b509c27d49 ......
		 4a646580f793d19717f7e034c8d473b509c27d49 has problem. Fixes commit -> 4d94e776bd29670f01befa27e12df784fa05fa2e
commit 607b86e173522b806d6721a4dba0b291178d5e4c
Author: Nir Perry <nirperry@gmail.com>
Date:   Thu Jan 11 23:43:26 2018 -0800

    Input: ALPS - fix multi-touch decoding on SS4 plus touchpads
    
    commit 4d94e776bd29670f01befa27e12df784fa05fa2e upstream.
    
    The fix for handling two-finger scroll (i4a646580f793 - "Input: ALPS -
    fix two-finger scroll breakage in right side on ALPS touchpad")
    introduced a minor "typo" that broke decoding of multi-touch events are
    decoded on some ALPS touchpads.  For example, tapping with three-fingers
    can no longer be used to emulate middle-mouse-button (the kernel doesn't
    recognize this as the proper event, and doesn't report it correctly to
    userspace).  This affects touchpads that use SS4 "plus" protocol
    variant, like those found on Dell E7270 & E7470 laptops (tested on
    E7270).
    
    First, probably the code in alps_decode_ss4_v2() for case
    SS4_PACKET_ID_MULTI used inconsistent indices to "f->mt[]". You can see
    0 & 1 are used for the "if" part but 2 & 3 are used for the "else" part.
    
    Second, in the previous patch, new macros were introduced to decode X
    coordinates specific to the SS4 "plus" variant, but the macro to
    define the maximum X value wasn't changed accordingly. The macros to
    decode X values for "plus" variant are effectively shifted right by 1
    bit, but the max wasn't shifted too. This causes the driver to
    incorrectly handle "no data" cases, which also interfered with how
    multi-touch was handled.
    
    Fixes: 4a646580f793 ("Input: ALPS - fix two-finger scroll breakage...")
    Signed-off-by: Nir Perry <nirperry@gmail.com>
    Reviewed-by: Masaki Ota <masaki.ota@jp.alps.com>
    Signed-off-by: Dmitry Torokhov <dmitry.torokhov@gmail.com>
    Signed-off-by: Greg Kroah-Hartman <gregkh@linuxfoundation.org>
checking 9ab605d2bb6fe43c57da8fd79120d7ef7b20b32f ......
	 orig commit -> 1d2226e45040ed4aee95b633cbd64702bf7fc2a1 ......
checking a00a9cd7daf9cbb3359bb69ee8c4df426b5be738 ......
	 orig commit -> ec667683c532c93fb41e100e5d61a518971060e2 ......
checking 655da3da9bb3e35b1b4b57d7914d91fd33efde8b ......
	 orig commit -> 9305706c2e808ae59f1eb201867f82f1ddf6d7a6 ......
checking bf5b91b782e8975ec1021139c5e3bd6d3afeb980 ......
	 orig commit -> 4cabc5b186b5427b9ee5a7495172542af105f02b ......
checking 8d674bee8f66c4796e396fe69355669e164ab179 ......
	 orig commit -> fce366a9dd0ddc47e7ce05611c266e8574a45116 ......
checking 577aa83b2896b9c92780c8594d4b7d2cec5f7abb ......
	 orig commit -> 3c2ce60bdd3d57051bf85615deec04a694473840 ......
checking e37bdeee95a4a714dadc9743c86d8822c87038ac ......
	 orig commit -> 43188702b3d98d2792969a3377a30957f05695e6 ......
checking 7fa2fdf9f19e3b4bc71051c115271741369b5e7f ......
	 orig commit -> 68a66d149a8c78ec6720f268597302883e48e9fa ......
checking 3e00bf91fefced104ba91721674efe4502cb416a ......
	 orig commit -> 4f8a881acc9d1adaf1e552349a0b1df28933a04c ......
checking f3f5bf2755c75d43930aab28f1affd0602e6fd27 ......
	 orig commit -> b024d949a3c24255a7ef1a470420eb478949aa4c ......
checking 19f433a9ce9d37ff3817b67dd6d8cb7a504aef62 ......
	 orig commit -> ca3d89a3ebe79367bd41b6b8ba37664478ae2dba ......
checking aadbe1fe91e785c95f12308b1e1589cfb3984984 ......
	 orig commit -> cdbeb633ca71a02b7b63bfeb94994bf4e1a0b894 ......
checking 1c18f93675202d2327932dbfc060e67796238d89 ......
	 orig commit -> 348a4002729ccab8b888b38cbc099efa2f2a2036 ......
checking 62e9a28baa283a510d31cecc157d9e4270ca3126 ......
	 orig commit -> 383143f31d7d3525a1dbff733d52fff917f82f15 ......
checking 7ad5fb9594ee3341ce4a01dc5dbe3a51932b8e8c ......
	 orig commit -> 5bfd37b4de5c98e86b12bd13be5aa46c7484a125 ......
checking 0f5ecc79194dd7d6f0ed1e99e3832aa7578673c0 ......
	 orig commit -> 15339e441ec46fbc3bf3486bb1ae4845b0f1bb8d ......
checking 57406e7373220412437a025d6abc10031e9acafd ......
	 orig commit -> eac2c68d663effb077210218788952b5a0c1f60e ......
checking f29c9f46af4ac2540713e43981ded8588e03ae3b ......
	 orig commit -> c780a049f9bf442314335372c9abc4548bfe3e44 ......
checking 59af5b87695de8e2c772827798938d8e35b49d05 ......
	 orig commit -> 81fbfe8adaf38d4f5a98c19bebfd41c5d6acaee8 ......
		 81fbfe8adaf38d4f5a98c19bebfd41c5d6acaee8 has problem. Fixes commit -> 5790eabc6e7c3ce2d6ca2e3bbf4de467ce2b64b3
commit 7334e28569550a9e6bc62070c3ce1d80e39d2cbe
Author: Michael S. Tsirkin <mst@redhat.com>
Date:   Fri Dec 8 17:31:37 2017 +0200

    ptr_ring: fix up after recent ptr_ring changes
    
    [ Upstream commit 5790eabc6e7c3ce2d6ca2e3bbf4de467ce2b64b3 ]
    
    Add more stubs to make it build.
    
    Fixes: 81fbfe8a ("ptr_ring: use kmalloc_array()")
    Signed-off-by: Michael S. Tsirkin <mst@redhat.com>
    Signed-off-by: Sasha Levin <sashal@kernel.org>
checking 3c7af814def8daf25d827c8ed9e75ddc949e52d2 ......
	 orig commit -> 494bea39f3201776cdfddc232705f54a0bd210c4 ......
checking d6a6b6b4c3bac13e83c8bd18711a86b09410c0ac ......
	 orig commit -> 88a5c690b66110ad255380d8f629c629cf6ca559 ......
checking 792c0707bd3fe4f7c25e4e748d20e1e54eccf547 ......
	 orig commit -> c90e95147c27b1780e76c6e8fea1b5c78d7d387f ......
checking 38530f6e6dae4fdcd7ae5d48174b62a0f7858cbd ......
	 orig commit -> 325d5dc3f7e7c2840b65e4a2988c082c2c0025c5 ......
checking 71501d9b61902d8ddf0e782a2e6763afd2aa0c96 ......
	 orig commit -> 187e5b3ac84d3421d2de3aca949b2791fbcad554 ......
checking 236b0d939b05e100a70ab20c402bf10e10269051 ......
	 orig commit -> 120e9dabaf551c6dc03d3a10a1f026376cb1811c ......
checking b31cbe2c3916ebc4404b2bc1a231edf1391d465f ......
	 orig commit -> 7749d4ff88d31b0be17c8683143135adaaadc6a7 ......
checking 2e3f17f81029bc35b0f1f8d934e46e6d86876a00 ......
	 orig commit -> 36f41f8fc6d8aa9f8c9072d66ff7cf9055f5e69b ......
checking d0526eef0bf7b2e6695d3e554433fe7a64d204d9 ......
	 orig commit -> 6170a506899aee3dd4934c928426505e47b1b466 ......
