Check from v4.9.60 to v4.9.61
Commit count: 68
checking 5caae9d1419914177994363218616b869659e871 ......
checking be3390d86bc24dc1ceb38e677f8ea2a1cf78d309 ......
	 orig commit -> cda80a82ac3e89309706c027ada6ab232be1d640 ......
checking 26fc85a0113d5a61c62b6c40a21be2c579c1c526 ......
	 orig commit -> 07222e535831b916221dd2a48a3047ec7e45dc72 ......
checking 244cff7066f6b517ef30bba757e1837d5b8b3aa7 ......
	 orig commit -> 4e93b6481c87ea5afde944a32b4908357ec58992 ......
checking c90b65d8b8fb664aa6b50ecbe0fad19ca249b54b ......
	 orig commit -> 18569c1f134e1c5c88228f043c09678ae6052b7c ......
checking df0c2d409e9d3159724b206da7e7e697fb5874eb ......
	 orig commit -> cdcb33f9824429a926b971bf041a6cec238f91ff ......
checking 8e5ca01ac966b91818c9612cc3f988538a261ef2 ......
	 orig commit -> e41456bfc811f12b5dcda6f2d6849bdff68f6c0a ......
checking 2a6576f56eabb84a1e0fe1a6d62a46c106688bae ......
	 orig commit -> 6792eb0cf9310ec240b7e7c9bfa86dff4c758c68 ......
checking c31f5651aed76791782e7a0c74fe301ed8f9391e ......
	 orig commit -> a4f2779ecf2f42b0997fedef6fd20a931c40a3e3 ......
checking aa7a7e92e08e1f096a0eb63fb535d03c323b32e5 ......
	 orig commit -> d34b1acb78af41b8b8d5c60972b6555ea19f7564 ......
checking ba56e6cd9741c8f7454e7712ec5f81c988e5cb9e ......
	 orig commit -> 2202134e48a3b50320aeb9e3dd1186833e9d7e66 ......
checking 0b5cdee7df7645b842ef10bebe35b16bd69ab953 ......
	 orig commit -> 7c47d2ca0feca767479329da23523ed798acb854 ......
checking ad1267a0c9f7ba7f8a134ef0c9e4110b4778c0dc ......
	 orig commit -> 4742575cde1f3cee0ea6b41af42781672315b04b ......
checking bfcbe6cd155114d63364e8d3b5e7d7d46cbb8b05 ......
	 orig commit -> 3639ac1cd5177685a5c8abb7230096b680e1d497 ......
checking 2e727b8abeeb0e4144902cbb485311ad54272601 ......
	 orig commit -> 1328c727004d432bbdfba0ffa02a166df04c7305 ......
checking 7ec661f585785ffe20f8dd2849fbde7bf77b24bb ......
	 orig commit -> f4737a62033d7f3e0db740c449fc62119da7ab8a ......
checking a69bec9bd3a4342067d68cb4a63fa64c025c8507 ......
	 orig commit -> 30af99db7ab3483f5ce83ccb890533c9378c2ced ......
checking 758d3ea8247e321a6a125b063dd3a193a21dfd1f ......
	 orig commit -> 4c43c27ddc461d8473cedd70f2549614641dfbc7 ......
checking 091f48a6644026950eef116301a5be65e2c060d4 ......
	 orig commit -> 22aadb91c0a0055935109c175f5446abfb130702 ......
checking a513df5968ad2bb58c783979a541c9159b00e44f ......
	 orig commit -> 77759771fb95420d23876cb104ab65c022613325 ......
checking c3f0c2c140005fc041eb6eb5364af46d5ca47e27 ......
	 orig commit -> a93151a72061e944a4915458b1b1d6d505c03bbf ......
checking db5323e5088c2df03673c528c9243b723186910e ......
	 orig commit -> 4ec57fb4edaec523f0f78a0449a3b063749ac58b ......
checking b469d5c393c24a3b1edb3c88e61d2d8c1bc0a38a ......
	 orig commit -> 4fed1b125eb6252bde478665fc05d4819f774fa8 ......
checking b1a38567a9ed04d0c235023d5b2a70cce1a3bc4c ......
	 orig commit -> e8e1a5b5679b1ae1ff03a3883b011b84e7226171 ......
checking 293c98f15d048148a0130da293cc855721dd4fd8 ......
	 orig commit -> 19649e2c16fbc94b664f7074ec4fa9f15292fdce ......
checking ceec8374d790f55315deda0cd076b2a556a808c0 ......
	 orig commit -> 5d806f9fc8e63d7a44e0fd1ef26a7c27efae0e51 ......
checking d3b56161e0a35ac64203b01a77e3afbc6ae732f7 ......
	 orig commit -> 7f622593cc5add77a99cd39404e8a851be9de792 ......
checking 90400ec14408d06d20538782543151dea613ae68 ......
	 orig commit -> 6c5da8031a3abfad259190d35f83d89568b72ee2 ......
checking 64674bc8eeadb532cfc18e19a500294447d4bb2b ......
	 orig commit -> ac6e058b75be71208e98a5808453aae9a17be480 ......
checking 227afd93a6ad921a89171422b60b91b9aa1d9af1 ......
	 orig commit -> 729e55225b1f6225ee7a2a358d5141a3264627c4 ......
checking 35c309e4c44686df7d0e776a8b095efc1d6d5641 ......
	 orig commit -> ef15d36154cc741d7ded4ae4fa0cf7987354e313 ......
checking 2b462a38bfeae50ebf1df120e1a7b2300d767188 ......
	 orig commit -> d45cb20e123c5d7d6cd56301bc98f0bfd725cd77 ......
checking 195fe2ec8631f426203cfaef5376f5e7e96b731c ......
	 orig commit -> 75fc5ae5cc53fff71041ecadeb3354a2b4c9fe42 ......
checking 24cca20a09885765422142dcbe91ed102a305459 ......
	 orig commit -> 28ed5504ab4b211a4e589e648e5ebd1e0caa7a6a ......
checking f04d92e10580f9d8240457624e89c97b015ec0d6 ......
	 orig commit -> 71ccea095ea1d4efd004dab971be6d599e06fc3f ......
		 71ccea095ea1d4efd004dab971be6d599e06fc3f has problem. Fixes commit -> 2501c1bb054290679baad0ff7f4f07c714251f4c
commit 567df7459e127ded8e50add7ab938335b2dfd92f
Author: Chris Brandt <chris.brandt@renesas.com>
Date:   Mon Mar 6 15:20:51 2017 -0500

    i2c: riic: fix restart condition
    
    
    [ Upstream commit 2501c1bb054290679baad0ff7f4f07c714251f4c ]
    
    While modifying the driver to use the STOP interrupt, the completion of the
    intermediate transfers need to wake the driver back up in order to initiate
    the next transfer (restart condition). Otherwise you get never ending
    interrupts and only the first transfer sent.
    
    Fixes: 71ccea095ea1 ("i2c: riic: correctly finish transfers")
    Reported-by: Simon Horman <horms@verge.net.au>
    Signed-off-by: Chris Brandt <chris.brandt@renesas.com>
    Tested-by: Simon Horman <horms+renesas@verge.net.au>
    Signed-off-by: Wolfram Sang <wsa@the-dreams.de>
    Signed-off-by: Sasha Levin <alexander.levin@verizon.com>
    Signed-off-by: Greg Kroah-Hartman <gregkh@linuxfoundation.org>
checking 46d515488a0766968e9ab25423ac7746dfb568cd ......
	 orig commit -> 7102a18ac3f323805e3cd8f3dc64907644608c1e ......
checking 16d65c0c01815f45e3ff5bd20dcabfc808dee597 ......
	 orig commit -> 5469d7c3087ecaf760f54b447f11af6061b7c897 ......
checking 0e9deca480c30d78c0b922bff9abe2f81284d8fc ......
	 orig commit -> d9b22cf9f5466a057f2a4f1e642b469fa9d73117 ......
checking a418b2fd8e53bc297288f6dcd5e8ea37297f3e70 ......
	 orig commit -> 9303ab2b3402b60f6c39abfdbfa4ce00fce8bee4 ......
checking c16283db12e179e34c159941f5bec0aa279529ba ......
	 orig commit -> 3adfb572f2978a980b250a9e1a56f84f3a031001 ......
checking a624515184da142dbd583ec9d1e01019ac317b17 ......
	 orig commit -> 221c46d28957bd6e2158abc2179ce4a8c9ce07d3 ......
checking 47d7bc22c054ad38c6170ea2f182fe7aef3eb6b9 ......
	 orig commit -> 32b40798c1b40343641f04cdfd09652af70ea0e9 ......
checking e6f3caf3bf81d2ace575109aca7d5d547cd3719b ......
	 orig commit -> 1af468ebe45591651ec3bafc2e9ddc6fdef70ae0 ......
checking b15965b00686e3fb7c489f5cf10bba11ad74339a ......
	 orig commit -> 7e9c40c63933a643908d686bd89dfc2315e8c70a ......
checking 1bd47ceafbd72aa91a3ec00140bb35d495daf837 ......
	 orig commit -> e1c6ec26b853e9062f0b3daaf695c546d0702953 ......
checking 31a8b19dbe6a449d0a0e8d0cee209911ba0b6389 ......
	 orig commit -> 1d6dbd1752fb4347a4a5db06c8f5cd35dd1919f4 ......
checking 7da4cd97f58be693edb2f7b89f3c58ded51f5ad2 ......
	 orig commit -> 09bb6e93956ae5175b96905b723ec879c3ca0765 ......
checking 80eabac6c53aeca0447934bec65fb97449c6b85f ......
	 orig commit -> ed88451e1f2d400fd6a743d0a481631cf9f97550 ......
checking 733ab05adc1eb37e828bdd51b65704413ca25154 ......
	 orig commit -> 07e9ef146071adf316312b3dd4abfe41c9a45a7d ......
checking 58b9a54ae03d9fecaaaea83a08098b2aeae41201 ......
	 orig commit -> f7cc02b3c3a33a10dd5bb9e5dfd22e47e09503a2 ......
checking 5208153038d3a75bf196869498ffd2926b848b8b ......
	 orig commit -> f451014692ae34e587b00de6745e16661cf734d8 ......
checking f1e7f9dc11983c9bbc615ef1002df65fb8d8ccd4 ......
	 orig commit -> a0cb2b5c390151837b08e5f7bca4a6ecddbcd39c ......
checking 86b0853f73912805d96b87d016599f59b64965f5 ......
	 orig commit -> 6575257c60e1a26a5319ccf2b5ce5b6449001017 ......
		 6575257c60e1a26a5319ccf2b5ce5b6449001017 has problem. Fixes commit -> a0cb2b5c390151837b08e5f7bca4a6ecddbcd39c
commit f1e7f9dc11983c9bbc615ef1002df65fb8d8ccd4
Author: Linus Torvalds <torvalds@linux-foundation.org>
Date:   Fri Oct 27 20:35:31 2017 -0700

    Fix tracing sample code warning.
    
    commit a0cb2b5c390151837b08e5f7bca4a6ecddbcd39c upstream.
    
    Commit 6575257c60e1 ("tracing/samples: Fix creation and deletion of
    simple_thread_fn creation") introduced a new warning due to using a
    boolean as a counter.
    
    Just make it "int".
    
    Fixes: 6575257c60e1 ("tracing/samples: Fix creation and deletion of simple_thread_fn creation")
    Cc: Steven Rostedt <rostedt@goodmis.org>
    Signed-off-by: Linus Torvalds <torvalds@linux-foundation.org>
    Signed-off-by: Greg Kroah-Hartman <gregkh@linuxfoundation.org>
checking 8b2653de6f78741b6e5217fc74b538a7f67f1a82 ......
	 orig commit -> 65e93108891e571f177c202add9288eda9ac4100 ......
checking 06bf74cdbdbeb0035c337f5fd090b15d99e690c4 ......
	 orig commit -> 4a630fadbb29d9efaedb525f1a8f7449ad107641 ......
		 4a630fadbb29d9efaedb525f1a8f7449ad107641 has problem. Fixes commit -> 65e93108891e571f177c202add9288eda9ac4100
commit 8b2653de6f78741b6e5217fc74b538a7f67f1a82
Author: Dan Carpenter <dan.carpenter@oracle.com>
Date:   Fri Jun 30 10:59:15 2017 +0300

    drm/msm: fix an integer overflow test
    
    commit 65e93108891e571f177c202add9288eda9ac4100 upstream.
    
    We recently added an integer overflow check but it needs an additional
    tweak to work properly on 32 bit systems.
    
    The problem is that we're doing the right hand side of the assignment as
    type unsigned long so the max it will have an integer overflow instead
    of being larger than SIZE_MAX.  That means the "sz > SIZE_MAX" condition
    is never true even on 32 bit systems.  We need to first cast it to u64
    and then do the math.
    
    Fixes: 4a630fadbb29 ("drm/msm: Fix potential buffer overflow issue")
    Signed-off-by: Dan Carpenter <dan.carpenter@oracle.com>
    Acked-by: Jordan Crouse <jcrouse@codeaurora.org>
    Signed-off-by: Rob Clark <robdclark@gmail.com>
    Cc: Ben Hutchings <ben@decadent.org.uk>
    Signed-off-by: Greg Kroah-Hartman <gregkh@linuxfoundation.org>
checking 984dcb32ffd03e852644330edf0220dc16eef1dd ......
	 orig commit -> 7c838e2a9be5ab79b11c7f1520813bfdf0f45462 ......
checking f2fd2d945446f37402ec727b1f3c1ee610b105fe ......
	 orig commit -> 105ddc93f06ebe3e553f58563d11ed63dbcd59f0 ......
checking 09907f0cbe61f65d9dba6ad1a3bbb9f5ca31c2c9 ......
	 orig commit -> cb4b02d7cac56a69d8137d8d843507cca9182aed ......
checking b3937f55c725894d03ca6592a8dd29662e85251d ......
	 orig commit -> 1cce91dfc8f7990ca3aea896bfb148f240b12860 ......
checking e059fc3c36c01cf7c67e3177132e18d16278630a ......
	 orig commit -> f9b269f3098121b5d54aaf822e0898c8ed1d3fec ......
checking d7d5a30e23a2e10210ec9cd92ea64af6649557be ......
	 orig commit -> fd6c8c206fc5d0717b0433b191de0715122f33bb ......
checking 011b44af00774e76903e9f6356b206a8f9d9d6ce ......
	 orig commit -> 7a7003b1da010d2b0d1dc8bf21c10f5c73b389f1 ......
checking 43f69519e9f9948b0a5db2840f25ba555586c558 ......
	 orig commit -> 1e6f4fc06f6411adf98bbbe7fcd79442cd2b2a75 ......
checking cb14a0dd1f74fc2eb2125d200ef785685fc1098a ......
	 orig commit -> 2eb9eabf1e868fda15808954fb29b0f105ed65f1 ......
checking 0be72aebbff3d71851dd7ee98ec9f20018456448 ......
	 orig commit -> 3239b6f29bdfb4b0a2ba59df995fc9e6f4df7f1f ......
checking 5e8b028abaf85502c53fb3af795f3c61d7cbcdc8 ......
	 orig commit -> f74bc7c6679200a4a83156bb89cbf6c229fe8ec0 ......
checking ffb76bb8aa9e18e97b40cd60f9cb0670cc1b8096 ......
	 orig commit -> 1f20f9ff57ca23b9f5502fca85ce3977e8496cb1 ......
		 1f20f9ff57ca23b9f5502fca85ce3977e8496cb1 has problem. Fixes commit -> 3510c7aa069aa83a2de6dab2b41401a198317bdc
commit b35783871190a8fcf31c2216638b92bcb2bf152e
Author: Takashi Iwai <tiwai@suse.de>
Date:   Mon Nov 6 20:16:50 2017 +0100

    ALSA: seq: Avoid invalid lockdep class warning
    
    commit 3510c7aa069aa83a2de6dab2b41401a198317bdc upstream.
    
    The recent fix for adding rwsem nesting annotation was using the given
    "hop" argument as the lock subclass key.  Although the idea itself
    works, it may trigger a kernel warning like:
      BUG: looking up invalid subclass: 8
      ....
    since the lockdep has a smaller number of subclasses (8) than we
    currently allow for the hops there (10).
    
    The current definition is merely a sanity check for avoiding the too
    deep delivery paths, and the 8 hops are already enough.  So, as a
    quick fix, just follow the max hops as same as the max lockdep
    subclasses.
    
    Fixes: 1f20f9ff57ca ("ALSA: seq: Fix nested rwsem annotation for lockdep splat")
    Reported-by: syzbot <syzkaller@googlegroups.com>
    Signed-off-by: Takashi Iwai <tiwai@suse.de>
    Signed-off-by: Greg Kroah-Hartman <gregkh@linuxfoundation.org>
checking c778c8187e442f6f5d111ae41c4730e265dcf084 ......
	 orig commit -> 79fb0518fec8c8b4ea7f1729f54f293724b3dbb0 ......
