Check from v4.9.47 to v4.9.48
Commit count: 19
checking 8a697a50c090053cf6c53a096972dd841332fe59 ......
checking d325f1f1e245f3fc19fa4008018a19d224328a63 ......
	 orig commit -> 138e4ad67afd5c6c318b056b4d17c17f2c0ca5c0 ......
checking dd2342ad66659e759da0cba023fb13acb4b27406 ......
	 orig commit -> 2952a6070e07ebdd5896f1f5b861acad677caded ......
checking 70df301a083c73353b2951e74f9ff6d682f72d63 ......
	 orig commit -> 9afae2719273fa1d406829bf3498f82dbdba71c7 ......
checking 12a70ccaa6868163487f9a5ad97e1a91a397b453 ......
	 orig commit -> 7bab09631c2a303f87a7eb7e3d69e888673b9b7e ......
checking 31decdcd83695b6a0e84794ecc470c454b4088f7 ......
	 orig commit -> dea3eb8b452e36cf2dd572b0a797915ccf452ae6 ......
checking 9e2788ce8f17485ddd506b639eeea38b729baf2e ......
	 orig commit -> f581a0dd744fe32b0a8805e279c59ec1ac676d60 ......
checking e2ae90bb85f83918c667942d9fff587c73cc1a8c ......
	 orig commit -> 6e3c1529c39e92ed64ca41d53abadabbaa1d5393 ......
checking c5e76654a9e5e63781e722c3de835a8496e4e6e5 ......
	 orig commit -> 9e37b1784f2be9397a903307574ee565bbadfd75 ......
checking d4e7dfda905ec08abd303068f22afd714dbda8d6 ......
	 orig commit -> cec80d82142ab25c71eee24b529cfeaf17c43062 ......
checking 309e4dbfaf3da435644b6d9c96a43c50ce9598be ......
	 orig commit -> 1c08c22c874ac88799cab1f78c40f46110274915 ......
checking da16ed52c36aa200e60230de54271a8556dc8674 ......
	 orig commit -> b339752d054fb32863418452dff350a1086885b1 ......
checking 715849268b3418a94ee1330be2c4ca966df83d90 ......
	 orig commit -> dd2bc473482eedc60c29cf00ad12568ce40ce511 ......
checking 8cc3acff5f1a99b153146643c6dd322edef11e21 ......
	 orig commit -> c461ad6a63b37ba74632e90c063d14823c884247 ......
checking 17c564f629f436fb357b88398e1834f442c28ced ......
	 orig commit -> 355627f518978b5167256d27492fe0b343aaf2f2 ......
checking 9e0a64330ce5ef4be20391fdf7c95a1d7ac67538 ......
	 orig commit -> 445a582738de6802669aeed9c33ca406c23c3b1f ......
checking 91a0e1edb80a3cdeaa7b8810b65cc7abf6b85af8 ......
	 orig commit -> ba201c4f5ebe13d7819081756378777d8153f23e ......
checking d22f6da47355b6547427838d67054c51bca0c011 ......
	 orig commit -> b6c159a9cb69c2cf0bf59d4e12c3a2da77e4d994 ......
		 b6c159a9cb69c2cf0bf59d4e12c3a2da77e4d994 has problem. Fixes commit -> c6ebcedbab7ca78984959386012a17b21183e1a3
commit 4d4f527029e290d8e67703409518af9b4a71edb1
Author: Pontus Andersson <epontan@gmail.com>
Date:   Mon Oct 2 14:45:19 2017 +0200

    i2c: ismt: Separate I2C block read from SMBus block read
    
    commit c6ebcedbab7ca78984959386012a17b21183e1a3 upstream.
    
    Commit b6c159a9cb69 ("i2c: ismt: Don't duplicate the receive length for
    block reads") broke I2C block reads. It aimed to fix normal SMBus block
    read, but changed the correct behavior of I2C block read in the process.
    
    According to Documentation/i2c/smbus-protocol, one vital difference
    between normal SMBus block read and I2C block read is that there is no
    byte count prefixed in the data sent on the wire:
    
     SMBus Block Read:  i2c_smbus_read_block_data()
     S Addr Wr [A] Comm [A]
                S Addr Rd [A] [Count] A [Data] A [Data] A ... A [Data] NA P
    
     I2C Block Read:  i2c_smbus_read_i2c_block_data()
     S Addr Wr [A] Comm [A]
                S Addr Rd [A] [Data] A [Data] A ... A [Data] NA P
    
    Therefore the two transaction types need to be processed differently in
    the driver by copying of the dma_buffer as done previously for the
    I2C_SMBUS_I2C_BLOCK_DATA case.
    
    Fixes: b6c159a9cb69 ("i2c: ismt: Don't duplicate the receive length for block reads")
    Signed-off-by: Pontus Andersson <epontan@gmail.com>
    Tested-by: Stephen Douthit <stephend@adiengineering.com>
    Signed-off-by: Wolfram Sang <wsa@the-dreams.de>
    Signed-off-by: Greg Kroah-Hartman <gregkh@linuxfoundation.org>
checking 31562136c8d4ed60f2b6bc1c6c349c176432470f ......
	 orig commit -> 2c0e8382386f618c85d20cb05e7cf7df8cdd382c ......
