Check from v4.9.71 to v4.9.72
Commit count: 109
checking 2df397931072ff4e66f9e42ae1f1630c03513ce7 ......
checking 6430e166aee863d293a9a3c083af7a64fec57d13 ......
	 orig commit -> 9d262d95114cf2e2ac5e0ff358347fa2e214eda5 ......
checking 3695b3b18519099224efbc5875569d2cb6da256d ......
	 orig commit -> 95a762e2c8c942780948091f8f2a4f32fce1ac6f ......
checking d75d3ee237cee9068022117e059b64bbab617f3d ......
checking 7b5b73ea87a06236fa124bdebed1390d362d3439 ......
	 orig commit -> c131187db2d3fa2f8bf32fdf4e9a4ef805168467 ......
checking 565f012f5abb2d2bba8e03efcd1dba7577245011 ......
	 orig commit -> 8041902dae5299c1f194ba42d14383f734631009 ......
checking 3b6c84bc64490529c33bd5f0f9e2c6256031f398 ......
	 orig commit -> 7336f5481f6cf913a2d29d98c6e11f4bbe19d3b2 ......
	 orig commit -> a0085f2510e8976614ad8f766b209448b385492f ......
checking dbeb719e24c333a5e4067de1e9a0833ba63e2c75 ......
	 orig commit -> bff5bf9db1c9453ffd0a78abed3e2d040c092fd9 ......
checking 00ecb4b1a5991a67e58c44b2572c87534f0939cc ......
	 orig commit -> 409fcace9963c1e8d2cb0f7ac62e8b34d47ef979 ......
checking 3cff90788e289eb9b24aa4d6c9de78a689402b0d ......
	 orig commit -> db2b0332608c8e648ea1e44727d36ad37cdb56cb ......
checking 1b2c46a6be45a36c64230cc23859e2113ab1cc49 ......
	 orig commit -> 48880b979cdc9ef5a70af020f42b8ba1e51dbd34 ......
checking 2dac559df962c064d13a14610e81535c55fcf33d ......
	 orig commit -> 2cb4de785c40d4a2132cfc13e63828f5a28c3351 ......
checking b679b8d7bad06765dde62c1bc2f378d5461928f3 ......
	 orig commit -> c176b10b025acee4dc8f2ab1cd64eb73b5ccef53 ......
checking 82bf76afa8affad676ba6442bd4656f842312988 ......
	 orig commit -> 919054fdfc8adf58c5512fe9872eb53ea0f5525d ......
checking b86c7b8c5dfb2a68bce79e1ad3fe50e06022d1f6 ......
	 orig commit -> f187851b9b4a76952b1158b86434563dd2031103 ......
checking 15319d2a49ca1df37d83c868e2c301fcbc87c059 ......
	 orig commit -> 74717b28cb32e1ad3c1042cafd76b264c8c0f68d ......
checking acc96729e1d8d088e8e4cecdbef05f0c0b5e367b ......
	 orig commit -> cf5d74b85ef40c202c76d90959db4d850f301b95 ......
checking 5859027994f91d13fc3c4e99a8420ecbf8193729 ......
	 orig commit -> 7f3ed79188f2f094d0ee366fa858857fb7f511ba ......
checking bb0618ac2302316d924aff2e653ef8e4f1dd753b ......
	 orig commit -> 04820da21050b35eed68aa046115d810163ead0c ......
checking 4bf42a2ec12a78a5638b64be54a7a35230575032 ......
	 orig commit -> 1f372c7bfb23286d2bf4ce0423ab488e86b74bb2 ......
checking 52d0a601aec443088ced2530f3538a6276e8d255 ......
	 orig commit -> 17a91809942ca32c70026d2d5ba3348a2c4fdf8f ......
checking 76d83bfc1158a0995d327ee39926688c8a08d9c9 ......
	 orig commit -> 523184972b282cd9ca17a76f6ca4742394856818 ......
checking de5a4c816d312b137db36fe2e74b8fd486ca04df ......
	 orig commit -> e8bcf0ae4c0346fdc78ebefe0eefcaa6a6622d38 ......
checking b438d2f7e23c4697f8ba954d451bf1e65af3ac85 ......
	 orig commit -> 184fc2b9a8bcbda9c14d0a1e7fbecfc028c7702e ......
checking fc9d6386a9a36c63d3a91f0573a4f7714725c282 ......
	 orig commit -> 3e256ac5b1ec307e5dd5a4c99fbdbc651446c738 ......
checking bd0feaac155f589237495d058bab6f5fca5a0c5f ......
	 orig commit -> c70458890ff15d858bd347fa9f563818bcd6e457 ......
checking 6af9b18a2e485dae8f837e0194bfc6937dff69e1 ......
	 orig commit -> a15f7fc20389a8827d5859907568b201234d4b79 ......
checking fbb2d72a54c6402192df22bf0c35e41f750ba188 ......
	 orig commit -> 86acc790717fb60fb51ea3095084e331d8711c74 ......
checking 1d4b32bee9c79f1f4f434d20b9a75a4a69fa159b ......
	 orig commit -> 4831ca9e4a8e48cb27e0a792f73250390827a228 ......
		 4831ca9e4a8e48cb27e0a792f73250390827a228 has problem. Fixes commit -> 6b9f8970cd30929cb6b372fa44fa66da9e59c650
commit 150b28b45a35d9f056abaf047760cb906b35fca3
Author: Doug Ledford <dledford@redhat.com>
Date:   Mon Oct 9 09:11:32 2017 -0400

    IB/rxe: put the pool on allocation failure
    
    [ Upstream commit 6b9f8970cd30929cb6b372fa44fa66da9e59c650 ]
    
    If the allocation of elem fails, it is not sufficient to simply check
    for NULL and return.  We need to also put our reference on the pool or
    else we will leave the pool with a permanent ref count and we will never
    be able to free it.
    
    Fixes: 4831ca9e4a8e ("IB/rxe: check for allocation failure on elem")
    Suggested-by: Leon Romanovsky <leon@kernel.org>
    Signed-off-by: Doug Ledford <dledford@redhat.com>
    Signed-off-by: Sasha Levin <sashal@kernel.org>
checking 2141182852b804c5f7a0e199c4456c91db639189 ......
	 orig commit -> dcfd6b839c998bc9838e2a47f44f37afbdf3099c ......
checking 700053c8733e3bbc48dc78643d9bdb21f406e570 ......
	 orig commit -> 18eb86362a52f0af933cc0fd5e37027317eb2d1c ......
checking c236525bae023e43121ce1f1672aa100629e1c72 ......
	 orig commit -> 035ed07208dc501d023873447113f3f178592156 ......
checking 164a941c031bc32e990abaa042367047d6d97975 ......
	 orig commit -> 27d6162944b9b34c32cd5841acd21786637ee743 ......
checking b40eeea31afd1c07f37734fa19ef1c45f5e98011 ......
	 orig commit -> 2ce9a3645299ba1752873d333d73f67620f4550b ......
checking fd1d9dccc01d2a72d9e2fabb9903615b7956e55a ......
	 orig commit -> 9b3a081fb62158b50bcc90522ca2423017544367 ......
checking 241833a3a90da1b82d7d93e223da8d60a5ebfffd ......
	 orig commit -> 357027786f3523d26f42391aa4c075b8495e5d28 ......
checking d3469e6166686f35892f7bea52e6a8938e942c9c ......
	 orig commit -> fc7556877d1748ac00958822a0a3bba1d4bd9e0d ......
checking 206e1621ba721bf4bb4b71938a867ba5b8305bcb ......
	 orig commit -> 46bea48ac241fe0b413805952dda74dd0c09ba8b ......
checking bdb33bb5e2cea11bb94907e6ca9666c067fc9fd3 ......
	 orig commit -> 5b64a2965dfdfca8039e93303c64e2b15c19ff0c ......
checking 1525e330d6464fd28c4b26b8490cf910d2ccff99 ......
	 orig commit -> 778f81d6cdb7d25360f082ac0384d5103f04eca5 ......
checking 291c7e488f64acb314d34f7081f6aca31b06894b ......
	 orig commit -> 5d0c49acebc9488e37db95f1d4a55644e545ffe7 ......
checking d14718c9f434b27af41f5ecabc382d89ddc861cd ......
	 orig commit -> 2247925f0942dc4e7c09b1cde45ca18461d94c5f ......
checking 9e1771368a9835ba21999bebf58496428d7d5443 ......
	 orig commit -> 293d264f13cbde328d5477f49e3103edbc1dc191 ......
checking 5460e4672b81980a2f05ab3e9bb64d9303e11215 ......
	 orig commit -> 916a008b4b8ecc02fbd035cfb133773dba1ff3d7 ......
checking 9c1433b5dd2b4f7bef192bc07d976f11616d7a29 ......
	 orig commit -> 457ae7268b29c33dee1c0feb143a15f6029d177b ......
checking 0708a476810d1a37422cb84ed3367be68045478f ......
	 orig commit -> 77c1c03c5b8ef28e55bb0aff29b1e006037ca645 ......
checking 54420c1ac4211cba7ac57e14a0971d4ad3105729 ......
	 orig commit -> b07c12517f2aed0add8ce18146bb426b14099392 ......
checking 55b6a5d080aaf42aad34a4866c27a185b91f7a26 ......
	 orig commit -> c2b341a620018d4eaeb0e85c16274ac4e5f153d4 ......
checking ce19146a0de06d512c6565e7374f01335d87bf65 ......
	 orig commit -> af109a2cf6a9a6271fa420ae2d64d72d86c92b7d ......
checking bb011a45138765020c1322b4d1b7b8b640da9c38 ......
	 orig commit -> f0bb2d50dfcc519f06f901aac88502be6ff1df2c ......
checking c6f9090929dca3fd1208e636f60860f4a7e421a2 ......
	 orig commit -> 9646b26e85896ef0256e66649f7937f774dc18a6 ......
checking 808ed3bd9d42823e00ab2d3dc4c9899437fa3c8a ......
	 orig commit -> 0292e169b2d9c8377a168778f0b16eadb1f578fd ......
checking 29c4f517ff5bb2f81750295418c8397755817d4c ......
	 orig commit -> ffefb6f4d6ad699a2b5484241bc46745a53235d0 ......
checking e9a1ba292fffc07d177e340944bb506d57105bce ......
	 orig commit -> 2f0ba790df51721794c11abc7a076d407392f648 ......
checking e0d13153057e3c9782e5f0ebb87ddd502ca58d94 ......
	 orig commit -> 9bcf53f34a2c1cebc45cc12e273dcd5f51fbc099 ......
checking b5ed572a1b7d2d95d7bf1ddcac07c1c8961e405c ......
	 orig commit -> 75c689dca98851d65ef5a27e5ce26b625b68751c ......
checking 01060acf6aabea3ce3e362b0c29eeb6ab5fdfa63 ......
	 orig commit -> 83d90219a5df8d950855ce73229a97b63605c317 ......
checking 9e6398184a4d6f6bbca891592e86fac8525fc211 ......
	 orig commit -> 6ac3b77a6ffff7513ff86b684aa256ea01c0e5b5 ......
checking 37f41dac70ca7e7be3fc50769df0ad566c44e389 ......
	 orig commit -> ea174c9573b0e0c8bc1a7a90fe9360ccb7aa9cbb ......
checking 661f5348696a39ace18fcc028513ef7527a036e3 ......
	 orig commit -> 13a8cd191a2b470cfd435b3b57dbd21aa65ff78c ......
checking 2eb783a705b054067d0c652f4afc73db32a1d6b9 ......
	 orig commit -> 9fcd67d1772c43d2f23e8fca56acc7219e991676 ......
checking 2f0e39f2e3d77eb086995a99c8361d7f13020120 ......
	 orig commit -> ded260235308f340b979258a4c736e06ba12c747 ......
checking 7f077afe94d90bae3262da5e39ba75e40f9c4607 ......
	 orig commit -> 95f255211396958c718aef8c45e3923b5211ea7b ......
checking 521a7e3dad6b216eb0058db5c64a1e706e514fc0 ......
	 orig commit -> f8586855031a1d6b243f013c3082631346fddfad ......
checking f4fcc56632cfd6d204ca6d64ad0912e626016b65 ......
	 orig commit -> cb8864559631754ac93d5734b165ccd0cad4728c ......
		 cb8864559631754ac93d5734b165ccd0cad4728c has problem. Fixes commit -> 9d262d95114cf2e2ac5e0ff358347fa2e214eda5
commit 6430e166aee863d293a9a3c083af7a64fec57d13
Author: Guenter Roeck <linux@roeck-us.net>
Date:   Sat Apr 1 13:47:44 2017 -0700

    sparc32: Export vac_cache_size to fix build error
    
    commit 9d262d95114cf2e2ac5e0ff358347fa2e214eda5 upstream.
    
    sparc32:allmodconfig fails to build with the following error.
    
    ERROR: "vac_cache_size" [drivers/infiniband/sw/rxe/rdma_rxe.ko] undefined!
    
    Fixes: cb8864559631 ("infiniband: Fix alignment of mmap cookies ...")
    Cc: Jason Gunthorpe <jgunthorpe@obsidianresearch.com>
    Cc: Doug Ledford <dledford@redhat.com>
    Signed-off-by: Guenter Roeck <linux@roeck-us.net>
    Signed-off-by: David S. Miller <davem@davemloft.net>
    Signed-off-by: Greg Kroah-Hartman <gregkh@linuxfoundation.org>
checking cd083d5bcafdc17e6192ddaed96f6744746c984b ......
	 orig commit -> 86f46aba8d1ac3ed0904542158a9b9cb9c7a143c ......
checking 26452a5033dc4fd3792bed60ba85fddfe9ef7a5b ......
	 orig commit -> 871a8623d3b40221ad1103aff715dfee0aa4dacf ......
checking 102a8a1634496d53fcf0b5fae92f7729a1d17f76 ......
	 orig commit -> a5af83925363eb85d467933e3d6ec5a87001eb7c ......
checking 51533c4bf1442afd9b54747cd3d47d698940d624 ......
	 orig commit -> acd9776b5c45ef02d1a210969a6fcc058afb76e3 ......
checking 118b0404d68d4019ff7906175b3b85fb50f06e84 ......
	 orig commit -> 7d969d2e8890f546c8cec634b3aa5f57d4eef883 ......
checking 60d59823046a7cfbfb6fe13ed9d320aafe1338a2 ......
	 orig commit -> 2f25abe6bac573928a990ccbdac75873add8127e ......
checking b89e229112c0277d73f41196c2b90397d4fdadd2 ......
	 orig commit -> 3c9d3f1bc2defd418b5933bbc928096c9c686d3b ......
checking 347848e0bb9956e070f8cfdee63ef5b8bb09af52 ......
	 orig commit -> 9257821c5a1dc57ef3a37f7cbcebaf548395c964 ......
checking afa055f2a1d0ffcb51cc2b38eb610752c60fdb48 ......
	 orig commit -> a2125d02443e9a4e68bcfd9f8004fa23239e8329 ......
checking 5700ffc4accb9df36999fdf4cef5778160f34236 ......
	 orig commit -> 7d79f6098d82f8c09914d7799bc96891ad9c3baf ......
checking 2df19698db73552428a47c47166a16b9c16d19ba ......
	 orig commit -> 08d839c4b134b8328ec42f2157a9ca4b93227c03 ......
checking e0249c023448333d2a9f2e385d036237b48c67fe ......
	 orig commit -> 24dccf83a121b8a4ad5c2ad383a8184ef6c266ee ......
checking 8386ff5203e04f1b720582eec7eaab63712403f4 ......
	 orig commit -> fb6c8198431311027c3434d4e94ab8bc040f7aea ......
checking 3bd2017b6a205092de4d65d2fc67b8cfca6b676f ......
	 orig commit -> a71e3cdcfce4880a4578915e110e3eaed1659765 ......
checking 0f4aa1f0f576b4a4706eb0f419a23922c45deb31 ......
	 orig commit -> e855fa9a65c40788b5069abb0d094537daa22e05 ......
checking 7656871eff6ae5957394767a08ee0ce581023ed7 ......
	 orig commit -> ec4fbd64751de18729eaa816ec69e4b504b5a7a2 ......
checking e6e8067ec34ad422125a54f88a0884dbb296009f ......
	 orig commit -> 557d054c01da0337ca81de9e9d9206d57245b57e ......
checking bfb38fbd868d5780f7a57d9ec46979041d387172 ......
	 orig commit -> b20cb60e2b865638459e6ec82ad3536d3734e555 ......
checking 7171aa2680b2ff7c946c89ec36aa82a41f6fce55 ......
	 orig commit -> cd37a296a9f890586665bb8974a8b17ee2f17d6d ......
checking 0f0ac218057f9a08c28083c11dd315ff21686d22 ......
	 orig commit -> f83bf8da1135ca635aac8f062cad3f001fcf3a26 ......
checking ec38fb443a091ac99d0d8bc3867db690c8f07fe4 ......
	 orig commit -> 2c422257550f123049552b39f7af6e3428a60f43 ......
checking 02197d86c56db3819832b1fb97aa86501d767c99 ......
	 orig commit -> 1f459262b0e1649a1e5ad12fa4c66eb76c2220ce ......
checking 2b943bed33e78216eaf191173d0f23e622cd27ab ......
	 orig commit -> 16bb05d98c904a4f6c5ce7e2d992299f794acbf2 ......
checking 2101ccbc2a91490fd160946291f09417fbc17b18 ......
	 orig commit -> dd7406dd334a98ada3ff5371847a3eeb4ba16313 ......
checking 4ee082a72731bc279a69b60d2e085a960686962d ......
	 orig commit -> 4071898bf0f4d79ff353db327af2a15123272548 ......
checking 9ed8f0fabae57cd0dd993e815fbe15135f2070fd ......
	 orig commit -> 23bb09cfbe04076ef647da3889a5a5ab6cbe6f15 ......
checking b4cf187a1bc533839e75278dca74dfbb31d32d82 ......
	 orig commit -> 13e2d5187f6b965ba3556caedb914baf81b98ed2 ......
checking b3f662ccd3677915f79861bd19854250836aea4b ......
	 orig commit -> aea92fb2e09e29653b023d4254ac9fbf94221538 ......
checking 98d20e5902667f9b44a75116041a630823f81e46 ......
	 orig commit -> 380feae0def7e6a115124a3219c3ec9b654dca32 ......
checking 482b3f92aea249b031ba0bc24df73f3c48f1f5c2 ......
	 orig commit -> 16320f363ae128d9b9c70e60f00f2a572f57c23d ......
checking 6f1848e778d9a9f9dd89abee53d2a688277d1784 ......
	 orig commit -> 36d277bac8080202684e67162ebb157f16631581 ......
checking 7ff28d3307b6238765c6ec05bcfa016ea7f7f1ec ......
	 orig commit -> 8a0f5ccfb33b0b8b51de65b7b3bf342ba10b4fb6 ......
checking ddfc9f75993e1bb48719045ba20831b70d92a72c ......
	 orig commit -> 98d068ab52b4b11d403995ed14154660797e7136 ......
checking 9712b2b73d7c61f811f08c9a59c7b2b61f20a3fe ......
	 orig commit -> ad0a45fd9c14feebd000b6e84189d0edff265170 ......
checking 8f21b63c9dcf5a9242cecaa6289b8ce19026cb66 ......
	 orig commit -> 945dd5bacc8978439af276976b5dcbbd42333dbc ......
checking c9bbd2727d1e02584ee98efe075e3483c287adb0 ......
	 orig commit -> 974310d047f3c7788a51d10c8d255eebdb1fa857 ......
checking d0ee8d5b86b81d5e1cd282efb9b6e3cde221cc0d ......
	 orig commit -> 06553175f585b52509c7df37d6f4a50aacb7b211 ......
checking 6e2a6941fa4ba76ffdd02006ff2d156455b4ef61 ......
	 orig commit -> 01adc47e885f1127b29d76d0dfb21d8262f9d6b4 ......
checking e93ea3a50cc674f28c1f0634baf0ab4afd07ec1b ......
	 orig commit -> deaba636997557fce46ca7bcb509bff5ea1b0558 ......
checking 2a7eee3d72b043d68af4098665eee89893386445 ......
	 orig commit -> 3863dff0c3dd72984395c93b12383b393c5c3989 ......
checking 2d9a34c064ad3f4296b5a00e29a75a4280e797c0 ......
	 orig commit -> cc3a47a248d7791ef0d2c81a35c46769e55e4c6c ......
checking 52c3323e41417ace0094ff1a70f548d94ffb6a49 ......
	 orig commit -> 04d5466a976b096364a39a63ac264c1b3a5f8fa1 ......
checking bb95f1caee6177da78c8fa9a54bcd3695c903b97 ......
	 orig commit -> f24e5834a2c3f6c5f814a417f858226f0a010ade ......
checking 76fcdc8cbbce8b62d8f799eb87a22ff4ac6ec16d ......
	 orig commit -> 12841f87b7a8ceb3d54f171660f72a86941bfcb3 ......
