Check from v4.9.92 to v4.9.93
Commit count: 103
checking d32da5bd9fd2e6eafa25c82318b55124c54d3a66 ......
checking bf7eb32f77e2b509942feff4bdf124a962e3ab52 ......
	 orig commit -> 8aedbf580d21121d2a032e4c8ea12d8d2d85e275 ......
checking 0151aaf5dd738460ef2d21a5579d56df09cc4e51 ......
	 orig commit -> 1139d77d8a7f9aa6b6ae0a1c902f94775dad2f52 ......
	 orig commit -> 53c81e95df1793933f87748d36070a721f6cb287 ......
		 53c81e95df1793933f87748d36070a721f6cb287 has problem. Fixes commit -> b4331a681822b420511b3258f1c3db35001fde48
7a67e69a339a6824be2fc483073782ab2f47fcd2
c6741fbed6dc0f183d26c4b6bca4517672f92e6c
checking 39639c49bc5046b3279d8dd400defb5d32884ff3 ......
	 orig commit -> db54facd56a40e7766bf7f7cda1ae138e72a691c ......
	 orig commit -> a4e84aae8139aca9fbfbced1f45c51ca81b57488 ......
		 a4e84aae8139aca9fbfbced1f45c51ca81b57488 has problem. Fixes commit -> 8a05aa4ce3bf767b7bd72851da89c23d084d1ecb
checking 182ab70f61d18ed231ab4357bb2059a2be27f257 ......
checking c201211feaa089699bc28356899ed0a6a01db8e7 ......
	 orig commit -> e5ca83f556925b86133af12ef7f17c1a52c39d7e ......
	 orig commit -> 7be4b5dc7ffa9499ac6ef33a5ffa9ff43f9b7057 ......
checking 95563efd4578250d8b85906cdab8e7dcb83d4cca ......
	 orig commit -> 272b5eef085c23cd71eec30fe040fb1592682508 ......
checking 6bae91221eea93a2a7d9a9dda22cf28c1c392db0 ......
	 orig commit -> bd5c4facf59648581d2f1692dad7b107bf429954 ......
checking 83216cbbfda8c7091fffa8260e4436355f1d49a7 ......
	 orig commit -> d61d263c8d82db7c4404a29ebc29674b1c0c05c9 ......
checking 4e4321c232c75230bd1579eba6c5b3f54571328d ......
	 orig commit -> 6f287ca6046edd34ed83aafb7f9033c9c2e809e2 ......
checking afda607daa76f3991ca256b9e10ee4a3727ca8cd ......
	 orig commit -> 8804755bfb1f3cbc003e4ebe99eac491672f354c ......
checking e284effe33905be28268bebe6d0c7de3d5283a2f ......
	 orig commit -> 1f166499ce006b3770a3166122eda64e160736ab ......
checking 4cae986d2b5eb5cbe43f02688e495684f068da0a ......
	 orig commit -> 7c62de5f3fc92291decc0dac5f36949bdc3fb575 ......
checking 98a7f813e9c984afaf09c651b160dd3c2a66b22e ......
	 orig commit -> 0ea66f76ba17a4b229caaadd77de694111b21769 ......
checking 4d2e98ce445b10b2f1f4f44ff096a6a9381726e1 ......
	 orig commit -> 65d9982d7e523a1a8e7c9af012da0d166f72fc56 ......
checking 8f662f40fce81d7a5d7f0a14f6e0ab4a01321cc2 ......
	 orig commit -> 04bb1719c4de94700056241d4c0fe3c1413f5aff ......
checking 8f00faad73188d1a4d628658bbc47aafeee2f495 ......
	 orig commit -> b56af54ac78c54a519d82813836f305d7f76ef27 ......
checking 61981aa00364a3b52c217a3150038ecebc5abdec ......
	 orig commit -> 567b9b549cfa1cbc202762ae97b5385c29ade1e3 ......
checking baa392b075f84359c79264a2482be434313ba25d ......
	 orig commit -> e1d9fc04c41840a4688ef6ce90b6dcca157ea4d7 ......
checking 27bb1e0ce8c15e175867ef25f8ac111af5b2faf1 ......
	 orig commit -> 8f461b1e02ed546fbd0f11611138da67fd85a30f ......
checking 7246bf30088f570aaa87b6de6bfbe3cd7510e4c6 ......
	 orig commit -> 900a081f6912a8985dc15380ec912752cb66025a ......
		 900a081f6912a8985dc15380ec912752cb66025a has problem. Fixes commit -> 77568e535af7c4f97eaef1e555bf0af83772456c
commit 38605cc68bc66f86d163d06ab0d70037a43b001e
Author: Eric Biggers <ebiggers@google.com>
Date:   Thu Jan 31 23:51:41 2019 -0800

    crypto: ahash - fix another early termination in hash walk
    
    commit 77568e535af7c4f97eaef1e555bf0af83772456c upstream.
    
    Hash algorithms with an alignmask set, e.g. "xcbc(aes-aesni)" and
    "michael_mic", fail the improved hash tests because they sometimes
    produce the wrong digest.  The bug is that in the case where a
    scatterlist element crosses pages, not all the data is actually hashed
    because the scatterlist walk terminates too early.  This happens because
    the 'nbytes' variable in crypto_hash_walk_done() is assigned the number
    of bytes remaining in the page, then later interpreted as the number of
    bytes remaining in the scatterlist element.  Fix it.
    
    Fixes: 900a081f6912 ("crypto: ahash - Fix early termination in hash walk")
    Cc: stable@vger.kernel.org
    Signed-off-by: Eric Biggers <ebiggers@google.com>
    Signed-off-by: Herbert Xu <herbert@gondor.apana.org.au>
    Signed-off-by: Greg Kroah-Hartman <gregkh@linuxfoundation.org>
checking 5104b330e75be2fafd65e4affdd2c70691677817 ......
	 orig commit -> 823f7923833c6cc2b16e601546d607dcfb368004 ......
checking 50cd7759a34104c3acb510e644355d4ae8010851 ......
	 orig commit -> 50e7044535537b2a54c7ab798cd34c7f6d900bd2 ......
checking 666dc4c8378f77b9815fd8b317339f22025bcc3c ......
	 orig commit -> bb0829a741792b56c908d7745bc0b2b540293bcc ......
checking f213d151e8927d3486a0a21e7031179a358e52bf ......
	 orig commit -> 1f1e82f74c0947e40144688c9e36abe4b3999f49 ......
checking 6424b64c8a6dcf505242b18286dce5d0931c6ee4 ......
	 orig commit -> 6555ad13a01952c16485c82a52ad1f3e07e34b3a ......
checking 04e624e76153d65541a062d82b851e95b3eae581 ......
	 orig commit -> 9608e5c0f079390473b484ef92334dfd3431bb89 ......
checking 574e44dc36676a13af084a9d5f42cc71a59b8066 ......
checking a80d8e2979f32113df09b844d5e12e771162db40 ......
checking da93510bae26c62cc6171d8cdbe177a091a1ab79 ......
checking 4025fe1291e4d0b1de6a12c4e5fa68fadd388f3d ......
checking fefeffe1973f7a5ee57ad4b593f270747b4c784b ......
checking 2adcb1fb389f1e4d650ecbd25b9ecace0fe5d014 ......
checking f93aea3da223df5a79b4d103b1e4e6d30296b527 ......
checking 1e0946de6224fd8fdea333f6523100e9625cb26e ......
checking 1d648e44e902e063f8a34c1acdd1fbe06df19cb0 ......
	 orig commit -> 8f4137588261d7504f4aa022dc9d1a1fd1940e8e ......
checking 7354772afe1bfdcabc1eb218bedf736516daff50 ......
checking ded98c668a71e28a769a04051df7973cafad73f2 ......
checking 531a0eb24fb70137714b33956cab71a26d408fcd ......
checking f6af5324fbda14e56247c60f1fd7d6a50abe32cf ......
checking 96750422f84e74dfac4e4572fd9fa9fc274d5dc5 ......
checking bfca15762de353a87ebca2fe39ff6d769cebf0b2 ......
checking 6e7fb7cc6bc4053382477f64322251717d110d83 ......
checking ded93ce56e9a96f94397699be447ba8e9e4b45c3 ......
checking d0b3c71fbc87a8db3f2f841287bfcb6e7d78635c ......
checking 1809afd71b9c419ab8b57c3ea5c870b5285f442a ......
checking 78a0cec5fe4399dced66e70cdec793618590d932 ......
checking 7f9a93b30bcb7d78f09c86ed47aa86f7340e42e8 ......
checking e355d4b6a2757a72826383c32b88eb2e76e77f66 ......
checking 0e800ba7a62e5f204d87782c2f0a823512e9d5f3 ......
checking 93116842895ec062e3e700f00477bb6c7f3b09ee ......
checking 8919d317bb7f3f7d0e26aae9eb6e430f0f821ca9 ......
checking 984e60a9d110ef00938e3fc8d74831893f7cab7d ......
checking 8e4e9770667fc96e50b2bf69377333b587834fae ......
checking 7e59524527a5ce0cbca047f3ad0fb8f7997713fe ......
	 orig commit -> d2471d4a24dfbff5e463d382e2c6fec7d7e25a09 ......
checking cfde23842ab214e3de39beb7e68970c502e849e8 ......
	 orig commit -> a680f1d463aeaeb00d22af257a56e111967c2f18 ......
checking ecd508abb0fa6716a6b397e9bf9e3efbfa4c5864 ......
	 orig commit -> beaec533fc2701a28a4d667f67c9f59c6e4e0d13 ......
checking 24382a60331d6be571b09eb2165815dbab2457cc ......
	 orig commit -> 64e759f58f128730b97a3c3a26d283c075ad7c86 ......
checking c6ab7c6ceba551319e968e46d82f745d9ca1535a ......
	 orig commit -> b1d0a5d0cba4597c0394997b2d5fced3e3841b4e ......
checking ccf38b31223edd9dd1852e43dafe347308629a46 ......
	 orig commit -> c8d70a700a5b486bfa8e5a7d33d805389f6e59f9 ......
checking 02a5b414bf929922d84bb2289c7ef78eb060a426 ......
	 orig commit -> 19d7df69fdb2636856dc8919de72fc1bf8f79598 ......
checking 30df7fb50d323c05ae7913c404753047335cf0fa ......
	 orig commit -> 0dcd7876029b58770f769cbb7b484e88e4a305e5 ......
checking d0253af4a15b81f7f9d033917c3fd64b65df0154 ......
	 orig commit -> 84652aefb347297aa08e91e283adf7b18f77c2d5 ......
checking 5eaa1b1e089708c1afab79bca3950fe93e7c3b35 ......
	 orig commit -> c8d3bcbfc5eab3f01cf373d039af725f3b488813 ......
checking 269f3734f20cf1ffe97f54db5e822a381b6994b7 ......
	 orig commit -> 4b658d1bbc16605330694bb3ef2570c465ef383d ......
checking a6cd10d9940282804d45a139bc14ccf93bd34769 ......
	 orig commit -> e8980d67d6017c8eee8f9c35f782c4bd68e004c9 ......
checking a7d0333a87b3a9b68c9d4351fbd9e0f76f6ac913 ......
	 orig commit -> ed65a4dc22083e73bac599ded6a262318cad7baf ......
checking 510d52da02ae6c8ebaa8c760bde50f141906ac87 ......
	 orig commit -> 2975d5de6428ff6d9317e9948f0968f7d42e5d74 ......
		 2975d5de6428ff6d9317e9948f0968f7d42e5d74 has problem. Fixes commit -> 09abfe7b5b2f442a85f4c4d59ecf582ad76088d7
commit aa2fb1f929c5dcfdcafd1456a029874c7a2f75c5
Author: Roland Dreier <roland@purestorage.com>
Date:   Thu Apr 19 08:28:11 2018 -0700

    RDMA/ucma: Allow resolving address w/o specifying source address
    
    commit 09abfe7b5b2f442a85f4c4d59ecf582ad76088d7 upstream.
    
    The RDMA CM will select a source device and address by consulting
    the routing table if no source address is passed into
    rdma_resolve_address().  Userspace will ask for this by passing an
    all-zero source address in the RESOLVE_IP command.  Unfortunately
    the new check for non-zero address size rejects this with EINVAL,
    which breaks valid userspace applications.
    
    Fix this by explicitly allowing a zero address family for the source.
    
    Fixes: 2975d5de6428 ("RDMA/ucma: Check AF family prior resolving address")
    Cc: <stable@vger.kernel.org>
    Signed-off-by: Roland Dreier <roland@purestorage.com>
    Signed-off-by: Doug Ledford <dledford@redhat.com>
    Signed-off-by: Greg Kroah-Hartman <gregkh@linuxfoundation.org>
checking 0355a9f6d8bad8dfbe36f9081e9767263a206d78 ......
	 orig commit -> d97ca5d714a5334aecadadf696875da40f1fbf3e ......
checking c2a3e4f77de1c99f26d3454530da8f9066a03c03 ......
	 orig commit -> f2f43e566a02a3bdde0a65e6a2e88d707c212a29 ......
checking 1978d829a63177b1cc679da74b5dbddef3264636 ......
	 orig commit -> 270e8573145a26de924e2dc644596332d400445b ......
checking a29152831bb2906f486501ff309a15a35e81a24f ......
	 orig commit -> 82cd588052815eb4146f9f7c5347ca5e32c56360 ......
checking e7f42b03fbfb8309a2169aa7c1917b366a886506 ......
	 orig commit -> 0dde10bed2c44a4024eb446cc72fe4e0cb97ec06 ......
checking 471d4a48d8d19cce4afcb02072b19108cbbf2571 ......
	 orig commit -> a4ac6f2e53e568a77a2eb3710efd99ca08634c0a ......
checking 2bb306460188d3200e42e1431d24d19df4159505 ......
	 orig commit -> 93f56de259376d7e4fff2b2d104082e1fa66e237 ......
checking 3e8f962da78c89b96c7ed718d77e35a1caf469da ......
	 orig commit -> a2b7cbdd2559aff06cebc28a7150f81c307a90d3 ......
checking e6061c11c3b5a8f1bba97bfe3cd1af5f95cfca95 ......
	 orig commit -> 765a1077c85e5f2efcc43582f80caf43a052e903 ......
checking 4bb797afd7ba5d76fa6fa5a8d4fe930c2c2e029d ......
	 orig commit -> aa1702dd162f420bf85ecef0c77686ef0dbc1496 ......
checking 7164cb7360fe981fc4748afec4528f5c46091c86 ......
	 orig commit -> bbf67e450a5dc2a595e1e7a67b4869f1a7f5a338 ......
checking 54af0282954055bc5f866a6a449864ca61a86282 ......
	 orig commit -> 1f3d62090d3ba4d0c14e5271be87812fc577b197 ......
checking 17af7983691f9394e5e3619e910570f8897b5ab0 ......
	 orig commit -> 8a8b161df5ce06ef5a315899f83978e765be09e8 ......
checking fc7a9eb0f88375fc27e2454b256dc19ebc283ac8 ......
	 orig commit -> 60b0a8c3d2480f3b57282b47b7cae7ee71c48635 ......
checking bbc5d42d5ec735a3716882ef87a9f57aceac8590 ......
	 orig commit -> 7c30f352c852bae2715ad65ac4a38ca9af7d7696 ......
		 7c30f352c852bae2715ad65ac4a38ca9af7d7696 has problem. Fixes commit -> 53c13ba8ed39e89f21a0b98f4c8a241bb44e483d
60b0a8c3d2480f3b57282b47b7cae7ee71c48635
commit fc7a9eb0f88375fc27e2454b256dc19ebc283ac8
Author: Matthias Kaehlcke <mka@chromium.org>
Date:   Fri Jun 2 14:46:16 2017 -0700

    frv: declare jiffies to be located in the .data section
    
    commit 60b0a8c3d2480f3b57282b47b7cae7ee71c48635 upstream.
    
    Commit 7c30f352c852 ("jiffies.h: declare jiffies and jiffies_64 with
    ____cacheline_aligned_in_smp") removed a section specification from the
    jiffies declaration that caused conflicts on some platforms.
    
    Unfortunately this change broke the build for frv:
    
      kernel/built-in.o: In function `__do_softirq': (.text+0x6460): relocation truncated to fit: R_FRV_GPREL12 against symbol
          `jiffies' defined in *ABS* section in .tmp_vmlinux1
      kernel/built-in.o: In function `__do_softirq': (.text+0x6574): relocation truncated to fit: R_FRV_GPREL12 against symbol
          `jiffies' defined in *ABS* section in .tmp_vmlinux1
      kernel/built-in.o: In function `pwq_activate_delayed_work': workqueue.c:(.text+0x15b9c): relocation truncated to fit: R_FRV_GPREL12 against
          symbol `jiffies' defined in *ABS* section in .tmp_vmlinux1
      ...
    
    Add __jiffy_arch_data to the declaration of jiffies and use it on frv to
    include the section specification.  For all other platforms
    __jiffy_arch_data (currently) has no effect.
    
    Fixes: 7c30f352c852 ("jiffies.h: declare jiffies and jiffies_64 with ____cacheline_aligned_in_smp")
    Link: http://lkml.kernel.org/r/20170516221333.177280-1-mka@chromium.org
    Signed-off-by: Matthias Kaehlcke <mka@chromium.org>
    Reported-by: Guenter Roeck <linux@roeck-us.net>
    Tested-by: Guenter Roeck <linux@roeck-us.net>
    Reviewed-by: David Howells <dhowells@redhat.com>
    Cc: Sudip Mukherjee <sudipm.mukherjee@gmail.com>
    Signed-off-by: Andrew Morton <akpm@linux-foundation.org>
    Signed-off-by: Linus Torvalds <torvalds@linux-foundation.org>
    Signed-off-by: Greg Kroah-Hartman <gregkh@linuxfoundation.org>
commit b462075e089d30fd37a5c44a5cda3a25907bbe5a
Author: Nathan Chancellor <natechancellor@gmail.com>
Date:   Fri Oct 12 17:53:12 2018 -0700

    x86/time: Correct the attribute on jiffies' definition
    
    commit 53c13ba8ed39e89f21a0b98f4c8a241bb44e483d upstream.
    
    Clang warns that the declaration of jiffies in include/linux/jiffies.h
    doesn't match the definition in arch/x86/time/kernel.c:
    
    arch/x86/kernel/time.c:29:42: warning: section does not match previous declaration [-Wsection]
    __visible volatile unsigned long jiffies __cacheline_aligned = INITIAL_JIFFIES;
                                             ^
    ./include/linux/cache.h:49:4: note: expanded from macro '__cacheline_aligned'
                     __section__(".data..cacheline_aligned")))
                     ^
    ./include/linux/jiffies.h:81:31: note: previous attribute is here
    extern unsigned long volatile __cacheline_aligned_in_smp __jiffy_arch_data jiffies;
                                  ^
    ./arch/x86/include/asm/cache.h:20:2: note: expanded from macro '__cacheline_aligned_in_smp'
            __page_aligned_data
            ^
    ./include/linux/linkage.h:39:29: note: expanded from macro '__page_aligned_data'
    #define __page_aligned_data     __section(.data..page_aligned) __aligned(PAGE_SIZE)
                                    ^
    ./include/linux/compiler_attributes.h:233:56: note: expanded from macro '__section'
    #define __section(S)                    __attribute__((__section__(#S)))
                                                           ^
    1 warning generated.
    
    The declaration was changed in commit 7c30f352c852 ("jiffies.h: declare
    jiffies and jiffies_64 with ____cacheline_aligned_in_smp") but wasn't
    updated here. Make them match so Clang no longer warns.
    
    Fixes: 7c30f352c852 ("jiffies.h: declare jiffies and jiffies_64 with ____cacheline_aligned_in_smp")
    Signed-off-by: Nathan Chancellor <natechancellor@gmail.com>
    Signed-off-by: Thomas Gleixner <tglx@linutronix.de>
    Cc: Borislav Petkov <bp@alien8.de>
    Cc: "H. Peter Anvin" <hpa@zytor.com>
    Cc: Nick Desaulniers <ndesaulniers@google.com>
    Cc: stable@vger.kernel.org
    Link: https://lkml.kernel.org/r/20181013005311.28617-1-natechancellor@gmail.com
    Signed-off-by: Greg Kroah-Hartman <gregkh@linuxfoundation.org>

commit fc7a9eb0f88375fc27e2454b256dc19ebc283ac8
Author: Matthias Kaehlcke <mka@chromium.org>
Date:   Fri Jun 2 14:46:16 2017 -0700

    frv: declare jiffies to be located in the .data section
    
    commit 60b0a8c3d2480f3b57282b47b7cae7ee71c48635 upstream.
    
    Commit 7c30f352c852 ("jiffies.h: declare jiffies and jiffies_64 with
    ____cacheline_aligned_in_smp") removed a section specification from the
    jiffies declaration that caused conflicts on some platforms.
    
    Unfortunately this change broke the build for frv:
    
      kernel/built-in.o: In function `__do_softirq': (.text+0x6460): relocation truncated to fit: R_FRV_GPREL12 against symbol
          `jiffies' defined in *ABS* section in .tmp_vmlinux1
      kernel/built-in.o: In function `__do_softirq': (.text+0x6574): relocation truncated to fit: R_FRV_GPREL12 against symbol
          `jiffies' defined in *ABS* section in .tmp_vmlinux1
      kernel/built-in.o: In function `pwq_activate_delayed_work': workqueue.c:(.text+0x15b9c): relocation truncated to fit: R_FRV_GPREL12 against
          symbol `jiffies' defined in *ABS* section in .tmp_vmlinux1
      ...
    
    Add __jiffy_arch_data to the declaration of jiffies and use it on frv to
    include the section specification.  For all other platforms
    __jiffy_arch_data (currently) has no effect.
    
    Fixes: 7c30f352c852 ("jiffies.h: declare jiffies and jiffies_64 with ____cacheline_aligned_in_smp")
    Link: http://lkml.kernel.org/r/20170516221333.177280-1-mka@chromium.org
    Signed-off-by: Matthias Kaehlcke <mka@chromium.org>
    Reported-by: Guenter Roeck <linux@roeck-us.net>
    Tested-by: Guenter Roeck <linux@roeck-us.net>
    Reviewed-by: David Howells <dhowells@redhat.com>
    Cc: Sudip Mukherjee <sudipm.mukherjee@gmail.com>
    Signed-off-by: Andrew Morton <akpm@linux-foundation.org>
    Signed-off-by: Linus Torvalds <torvalds@linux-foundation.org>
    Signed-off-by: Greg Kroah-Hartman <gregkh@linuxfoundation.org>
checking a9b2c4a8f4bfd960d8c2dbe70e73c903309050a3 ......
	 orig commit -> 9280cdd6fe5b8287a726d24cc1d558b96c8491d7 ......
checking 00972acdcf70f21548d9aa7915f7ceacf87dcf05 ......
	 orig commit -> 342e91578eb6909529bc7095964cd44b9c057c4e ......
checking e78c59fda86c61b5c2a79ad9c4a52cd72a9c88ef ......
	 orig commit -> f7e30f01a9e221067bb4b579e3cfc25cd2617467 ......
checking 02e3a7d445c30d56d825599a7dea67cdc2bd3288 ......
	 orig commit -> d170fe7dd992b313d4851ae5ab77ee7a51ed8c72 ......
checking 4d1fc27f41b24cdfa69413e1c03a50c591cbae9a ......
	 orig commit -> eee6ebbac18a189ef33d25ea9b8bcae176515e49 ......
checking b4361da43816836e2a28b266dc7ae4c12d754edb ......
	 orig commit -> dae1a432ab1fe79ae53129ededeaece35a2dc14d ......
checking 6be48fd6991f14f46f041fcd82614e3b2f5172f5 ......
	 orig commit -> e36215d87f301f9567c8c99fd34e6c3521a94ddf ......
checking 4d9a121dc9b3c0907bc8bc23dd5445cea1192fb3 ......
	 orig commit -> 76dc52684d0f72971d9f6cc7d5ae198061b715bd ......
checking fd2f070985ea0eefdd503efbb9a5b9275161b893 ......
	 orig commit -> c93f5cf571e7795f97d49ef51b766cf25e328545 ......
checking bd94a2c744246617623c3d67a2511d5493250688 ......
	 orig commit -> 5f15684bd5e5ef39d4337988864fec8012471dda ......
checking e522e2ea300e2345d287478fe034d995fecf96e2 ......
	 orig commit -> 52396500f97c53860164debc7d4f759077853423 ......
checking 812d42a5a9b64ac929fa24ee352908601a910fa3 ......
	 orig commit -> ff6781fd1bb404d8a551c02c35c70cec1da17ff1 ......
checking 86c8c892d38fd80c8acc4b44b75213758eb5d9de ......
	 orig commit -> 3d942ee079b917b24e2a0c5f18d35ac8ec9fee48 ......
checking ff1c42b0c60a11dc0272ea02bcc01eafe1652964 ......
	 orig commit -> 85784f9395987a422fa04263e7c0fb13da11eb5c ......
checking 7614f7db9bee160c5e8d298919af3f28941fc703 ......
	 orig commit -> f67b15037a7a50c57f72e69a6d59941ad90a0f0f ......
checking 43320b2902ab09647bab768ba00fbfdee14b66b6 ......
	 orig commit -> 5607dddbfca774fb38bffadcb077fe03aa4ac5c6 ......
checking d5a2bcb8db37ba9b9502dd94c646ef36ad6a2ef7 ......
	 orig commit -> 9066ae7ff5d89c0b5daa271e2d573540097a94fa ......
checking c7200152be3f185202ec263dbb050cb88d99053f ......
	 orig commit -> b00214865d65100163574ba250008f182cf90869 ......
checking 760adf5cc0e042ad1f0cd54c267c0377d4b40b1e ......
	 orig commit -> 87a73eb5b56fd6e07c8e499fe8608ef2d8912b82 ......
checking da789f7d683cbce7da4c008c62668cd5912f2dec ......
	 orig commit -> 1328f02005bbbaed15b9d5b7f3ab5ec9d4d5268a ......
