Check from v4.9.17 to v4.9.18
Commit count: 25
checking 2a486264b736de1c1d938c9c781efbadbf9fd794 ......
checking c2eeabe94145ea1c8b767162ede02cc8f55f4106 ......
	 orig commit -> 2ba3e6e8afc9b6188b471f27cf2b5e3cf34e7af2 ......
checking dea2f1e0c5e9a325ae997b920cdc50bcefae804b ......
	 orig commit -> 18a8de1bc37e97dff1c96ee6cf49adbd02a0f775 ......
checking 228514bf243036ab932f7e669db6299023616956 ......
	 orig commit -> 1d18c2747f937f1b5ec65ce6bf4ccb9ca1aea9e8 ......
checking 3f406ecddf8a8d4b6c2de195336ae1c6b56722c1 ......
	 orig commit -> 320661b08dd6f1746d5c7ab4eb435ec64b97cd45 ......
checking a33e71c5f0cbbf9d5f25ebad90ed2b2b117444bb ......
	 orig commit -> 28ea06c46fbcab63fd9a55531387b7928a18a590 ......
checking c795d8780cc85403a32e92b5cc55e35cefcaf360 ......
	 orig commit -> 68c32f9c2a36d410aa242e661506e5b2c2764179 ......
checking 033850b953004b7398466effbaec77bc2e404f6f ......
	 orig commit -> 13603685c1f12c67a7a2427f00b63f39a2b6f7c9 ......
checking de1ff848c74fcc5b172323c1d5fac88dc1ab0281 ......
	 orig commit -> 6f8830f5bbab16e54f261de187f3df4644a5b977 ......
checking 42ba2c265b085a83a3b18ddb6e087f231c97e02e ......
	 orig commit -> 85e8a23936ab3442de0c42da97d53b29f004ece1 ......
checking f8e24eab9bcd8aded3e5940cf5baaa4512645ecc ......
	 orig commit -> a04e54f2c35823ca32d56afcd5cea5b783e2f51a ......
checking ad5166415ff3178cc75331dc6366ea8f4e48207d ......
	 orig commit -> 61eb2b43b99ebdc9bc6bc83d9792257b243e7cb3 ......
checking 4265e0b487da6427105e8238679a237704557945 ......
	 orig commit -> 97ee351b50a49717543533cfb85b4bf9d88c9680 ......
checking bb8c61ad784d71620e234ac02f8550f405cb9d33 ......
	 orig commit -> 9b4f603e7a9f4282aec451063ffbbb8bb410dcd9 ......
checking b76d4fb2d9445e29f003308607c65b882b117b26 ......
	 orig commit -> 63513232f8cd219dcaa5eafae028740ed3067d83 ......
checking 87144ec25091a516c1674494bd95f8966a480eec ......
	 orig commit -> eed50879d64ab1b9f76445dbab822e43a098b309 ......
checking 69efd8e21246b56125e94dc4292d02423c14b49e ......
	 orig commit -> e7cc4865f0f31698ef2f7aac01a50e78968985b7 ......
checking c04a938229e79ff52c4b9f027b89f544aeb3234a ......
	 orig commit -> e552a8389aa409e257b7dcba74f67f128f979ccc ......
checking 13695ce5b1024b38cfecbd334ec5ddcaac1b6807 ......
	 orig commit -> 73580dac7618e4bcd21679f553cf3c97323fec46 ......
		 73580dac7618e4bcd21679f553cf3c97323fec46 has problem. Fixes commit -> 476e75a44b56038bee9207242d4bc718f6b4de06
commit 99e354a59ac5e7920166e68903b4ad031ef933e3
Author: Helge Deller <deller@gmx.de>
Date:   Wed Mar 29 08:25:30 2017 +0200

    parisc: Avoid stalled CPU warnings after system shutdown
    
    commit 476e75a44b56038bee9207242d4bc718f6b4de06 upstream.
    
    Commit 73580dac7618 ("parisc: Fix system shutdown halt") introduced an endless
    loop for systems which don't provide a software power off function.  But the
    soft lockup detector will detect this and report stalled CPUs after some time.
    Avoid those unwanted warnings by disabling the soft lockup detector.
    
    Fixes: 73580dac7618 ("parisc: Fix system shutdown halt")
    Signed-off-by: Helge Deller <deller@gmx.de>
    Signed-off-by: Greg Kroah-Hartman <gregkh@linuxfoundation.org>
checking a690a42ae7b90ceb761816fb33ee39058962d58e ......
	 orig commit -> 316ec0624f951166daedbe446988ef92ae72b59f ......
checking 66e70bdca599abd2dc42c5849ae21895de141bfe ......
	 orig commit -> 8b666809e10cda9814af3e8be339d35b83909056 ......
checking c5ad350d61441ea18869f910e60ae1b58a57d850 ......
	 orig commit -> ae940f2c472a62904dc18234de5cf3ed28f195ee ......
checking 85f687708c811563df33c70c9cec9b5c2733acf8 ......
	 orig commit -> 474c90156c8dcc2fa815e6716cc9394d7930cb9c ......
checking 2bbcbc24474e3e0726bdff893b8a586da44d9b12 ......
	 orig commit -> 3a62234680d86efa0239665ed8a0e908f1aef147 ......
checking dd0b0e22a58875e0ea9f41fc177f2286dddc95ab ......
	 orig commit -> 457e67a728696c4f8e6423c64e93def50530db9a ......
