Check from v4.9.48 to v4.9.49
Commit count: 33
checking f07cb3489cff38984a8df4d3a0fea5d0858c1eb0 ......
checking 8bc67f67b7631122f1047cd8f3c7edbda106d48d ......
	 orig commit -> 6d5104c5a6b56385426e15047050584794bb6254 ......
checking 8b5a7e4436228c98d6fc97071f3bddcd6a614915 ......
	 orig commit -> 518cb7057a59b9441336d2e88a396d52b6ab0cce ......
checking 7791b59153cb2adfe2fa4273b2f9c8925c3238ed ......
	 orig commit -> 8d26f491116feaa0b16de370b6a7ba40a40fa0b4 ......
checking b06e1abf1ff26046f0f3369b7abe8a221dadf26b ......
	 orig commit -> 6a8dadcca81fceff9976e8828cceb072873b7bd5 ......
checking 5b9c6a54c629e38271acf833f75154f2f8333365 ......
	 orig commit -> 591b6bb605785c12a21e8b07a08a277065b655a5 ......
checking ec552ece1f25e8ecadf0afafe87ce314d13dc3e7 ......
	 orig commit -> fbf1c41fc0f4d3574ac2377245efd666c1fa3075 ......
checking 25bdc516b58e84b96d3755b55c73674778055a41 ......
	 orig commit -> bc60c90f472b6e762ea96ef384072145adc8d4af ......
checking 078866740e3503825e8717c7f7f0cecf55817e09 ......
	 orig commit -> fa41ba0d08de7c975c3e94d0067553f9b934221f ......
checking c193becad9add8bb170e525872f95b80c99caca6 ......
	 orig commit -> acf5e051ac44d5dc60b21bc4734ef1b844d55551 ......
checking 0e720cd70631968e506e13fa366da77d4cf770e1 ......
	 orig commit -> 4b5dde2d6234ff5bc68e97e6901d1f2a0a7f3749 ......
checking 5c23d3ed1190eb91ebb208d2fb8414b92b566a37 ......
	 orig commit -> 55acdd926f6b21a5cdba23da98a48aedf19ac9c3 ......
checking 23b7d4f52b694a0d25ad1f619e90a482898efc85 ......
	 orig commit -> 3f7a5e13e85026b6e460bbd6e87f87379421d272 ......
checking 747562619512d1fd9ad99d0836f692d47f9b2853 ......
	 orig commit -> a81d72d2002d6a932bd83022cbf8c442b1b97512 ......
checking b48f7183c64cd12b7451ea677f964e10acd6a52b ......
	 orig commit -> fc81bab5eeb103711925d7510157cf5cd2b153f4 ......
checking ed7a384a904f1d5031b4d10173ef32ab405333a1 ......
	 orig commit -> 293b915fd9bebf33cdc906516fb28d54649a25ac ......
checking 90a1e2e19ed731d66f95f5471c99d0e16a92021d ......
	 orig commit -> f35a7f91f66af528b3ee1921de16bea31d347ab0 ......
checking d8b992d93555af94d31264be3fbe73aca1945947 ......
	 orig commit -> efb3669e14fe17d0ec4ecf57d0365039fe726f59 ......
checking a22d561178ee2e96ca4bf519669d533144e7145c ......
	 orig commit -> 84331e1390b6378a5129a3678c87a42c6f697d29 ......
checking 5555eb956edc3c89f59ed7636b29a3a4d0dd8063 ......
	 orig commit -> 0f9b011d3321ca1079c7a46c18cb1956fbdb7bcb ......
checking ffb58b875d241f4121335a7668da743f26c0514b ......
	 orig commit -> 4744d4e2afebf9644a439da9ca73d822fdd67bd9 ......
checking ff4a98e3bcb3756544b31a2610a24db77f5a20b4 ......
	 orig commit -> a6fe5e52d5ecfc98530034d6c9db73777cf41ede ......
checking 1ed4565b7c7bb73d802800c333244498f0993274 ......
	 orig commit -> 73e3e3fc50de50cfd68e945d85679c983ed31bd9 ......
checking c72ad1a4fdf044c5253a72bc413e1869d6b16f39 ......
	 orig commit -> e8245c68350104b6022b6783719e843d69ea7c43 ......
checking 115af6c3b155a2e6d1d9c7b3e1db81fbf8d48727 ......
	 orig commit -> 8d0e8e795623bd6229cf48bb7777a1c456c370ed ......
checking 177d84e3a72abfc646fcc63e331b03dafa0ac943 ......
	 orig commit -> 0d106b74c558e3000aa0e058b4725cacb70ce77a ......
checking e58b04fb5b0bf2847f28b8e0cd879fabfec1355b ......
	 orig commit -> 34ff1bf4920471cff66775dc39537b15c5f0feff ......
checking afcfe0661a747bf1f447dd9f24be4ad67f1cf018 ......
	 orig commit -> ed62ca2f4f51c17841ea39d98c0c409cb53a3e10 ......
checking 80cdcd7f533585a62fa31f87a25ab5dbfd5e0e1a ......
	 orig commit -> 082df8be455ade361748f0385aa6c9c8d07be167 ......
checking 6b3b3a22ef206ba9c141e04c50b0f48762571bc9 ......
	 orig commit -> e6b422b88b46353cf596e0db6dc0e39d50d90d6e ......
checking 99a22c84f51d9fff570beef1a8c788e0dc7a3a4d ......
	 orig commit -> a1279ef74eeeb5f627f091c71d80dd7ac766c99d ......
checking 773b93f4255f899fdfa417239f7b9ae2107f9793 ......
	 orig commit -> 169e86546f5712179709de23cd64bbb15f199fab ......
checking 2ea91c52ff5f8df5df3d5e2e16926049583c4cff ......
	 orig commit -> de3af5bf259d7a0bfaac70441c8568ab5998d80c ......
		 de3af5bf259d7a0bfaac70441c8568ab5998d80c has problem. Fixes commit -> cb88a0588717ba6c756cb5972d75766b273a6817
commit b2708e1e30e02ef4170266d20d90774cce4419e8
Author: Danilo Krummrich <danilokrummrich@dk-develop.de>
Date:   Tue Mar 6 09:38:49 2018 +0100

    usb: quirks: add control message delay for 1b1c:1b20
    
    commit cb88a0588717ba6c756cb5972d75766b273a6817 upstream.
    
    Corsair Strafe RGB keyboard does not respond to usb control messages
    sometimes and hence generates timeouts.
    
    Commit de3af5bf259d ("usb: quirks: add delay init quirk for Corsair
    Strafe RGB keyboard") tried to fix those timeouts by adding
    USB_QUIRK_DELAY_INIT.
    
    Unfortunately, even with this quirk timeouts of usb_control_msg()
    can still be seen, but with a lower frequency (approx. 1 out of 15):
    
    [   29.103520] usb 1-8: string descriptor 0 read error: -110
    [   34.363097] usb 1-8: can't set config #1, error -110
    
    Adding further delays to different locations where usb control
    messages are issued just moves the timeouts to other locations,
    e.g.:
    
    [   35.400533] usbhid 1-8:1.0: can't add hid device: -110
    [   35.401014] usbhid: probe of 1-8:1.0 failed with error -110
    
    The only way to reliably avoid those issues is having a pause after
    each usb control message. In approx. 200 boot cycles no more timeouts
    were seen.
    
    Addionaly, keep USB_QUIRK_DELAY_INIT as it turned out to be necessary
    to have the delay in hub_port_connect() after hub_port_init().
    
    The overall boot time seems not to be influenced by these additional
    delays, even on fast machines and lightweight distributions.
    
    Fixes: de3af5bf259d ("usb: quirks: add delay init quirk for Corsair Strafe RGB keyboard")
    Cc: stable@vger.kernel.org
    Signed-off-by: Danilo Krummrich <danilokrummrich@dk-develop.de>
    Signed-off-by: Greg Kroah-Hartman <gregkh@linuxfoundation.org>
