Check from v4.9.170 to v4.9.171
Commit count: 47
checking 6bff0bba4664c5577a50d7e636c7160399a74941 ......
checking 3141fcc89f6695e75633e434fe93784cd31d0d22 ......
	 orig commit -> 9002b21465fa4d829edfc94a5a441005cffaa972 ......
checking 7f21387276e70f7ef2cdfe631c9c53b589ad8a47 ......
	 orig commit -> 670d934a1ea178d7543e6f50b515c76cebeb2fcf ......
	 orig commit -> 71492580571467fb7177aade19c18ce7486267f5 ......
checking 981a4798b5c41d02989c29edc3ff6ddca5ecc404 ......
	 orig commit -> b59dfdaef173677b0b7e10f375226c0a1114fd20 ......
checking 2c4ae3a694fabfc19b0fc6e65d530a7cdb542bda ......
	 orig commit -> 00206a69ee32f03e6f40837684dcbe475ea02266 ......
checking a9f62dc69942e2a9aeedd9f5d238674cf1882138 ......
	 orig commit -> 8c2f870890fd28e023b0fcf49dcee333f2c8bad7 ......
checking e1d536177bf2a0484a91abe77e36bf007f2a4364 ......
	 orig commit -> e8277b3b52240ec1caad8e6df278863e4bf42eac ......
checking b2b28629c69321ed59fdeaa6514691e04318cf13 ......
	 orig commit -> 0fcc4c8c044e117ac126ab6df4138ea9a67fa2a9 ......
checking 33f2a3e176bd508e369e34d171909acada064704 ......
	 orig commit -> 2e8e19226398db8265a8e675fcc0118b9e80c9e8 ......
checking 6950577c4fc80f6da5f6c2e4b138d51b73b51e83 ......
	 orig commit -> a75bb4eb9e565b9f5115e2e8c07377ce32cbe69a ......
checking 8a384d38baf58f39c432e32a04a32436e0e7d9d8 ......
	 orig commit -> 3fe3331bb285700ab2253dbb07f8e478fcea2f1b ......
checking 56e74ed14925ae525ff51aeeba6774da04e7d2db ......
	 orig commit -> 4856bfd230985e43e84c26473c91028ff0a533bd ......
checking e7a998ea71d5e906ac5563fb6f5bfa339be72c78 ......
	 orig commit -> 746ba11f170603bf1eaade817553a6c2e9135bbe ......
checking 8a779c448061870ec3b99df20dd4a542ed4668d7 ......
	 orig commit -> 5f843ed415581cfad4ef8fefe31c138a8346ca8a ......
checking 25f467dcd3a362fd3377d689b8db72cab6393595 ......
	 orig commit -> fabe38ab6b2bd9418350284c63825f13b8a6abba ......
checking c9c83bb2adc468d745dc0dd19ce44814e3696951 ......
	 orig commit -> 3ff9c075cc767b3060bdac12da72fc94dd7da1b8 ......
checking 8e6a1efbdb2e749130015aeadc61330355b4c491 ......
	 orig commit -> ff8acf929014b7f87315588e0daf8597c8aa9d1c ......
checking 4bd24d8f415021ee9348eaf2fe956cc6d9b322ad ......
	 orig commit -> 678cce4019d746da6c680c48ba9e6d417803e127 ......
checking db773fc411922d52c4fa46b218f89c66ed625dec ......
	 orig commit -> 4a58038b9e420276157785afa0a0bbb4b9bc2265 ......
checking 5976d8f266f1559b2c3abe2536bf51629217f6c8 ......
	 orig commit -> 0228034d8e5915b98c33db35a98f5e909e848ae9 ......
checking d944299e7a6fce01db3603bc55d51ef336c19cc4 ......
	 orig commit -> 2a3f7221acddfe1caa9ff09b3a8158c39b2fdeac ......
checking 4430d935ed1b2d0142fa4bdb18c9c9687f2bf471 ......
	 orig commit -> af4b54a2e5ba18259ff9aac445bf546dd60d037e ......
checking 96acbd415cd08c89c52ca587f25d668c909340b0 ......
	 orig commit -> 660cf4ce9d0f3497cc7456eaa6d74c8b71d6282c ......
checking a149cded351445fb220eec23efc464ad58fe964c ......
	 orig commit -> 663d294b4768bfd89e529e069bffa544a830b5bf ......
checking 3392795a3ebcf4e8a0a1bce787ba236c4e579dc5 ......
	 orig commit -> 08b7c2f9208f0e2a32159e4e7a4831b7adb10a3e ......
checking d38f661e8c816bf170304e74231ae416631f2d8d ......
	 orig commit -> fe2d3df639a7940a125a33d6460529b9689c5406 ......
checking b36557f8fa5ae8dedf43d8b390af38ebdb7b96b2 ......
	 orig commit -> 09c6bdee51183a575bf7546890c8c137a75a2b44 ......
checking 0d34d43b07c55d3f5b2ca83826393a98ffda78b1 ......
	 orig commit -> fccfb9ce70ed4ea7a145f77b86de62e38178517f ......
checking db0609c9a59ef8e256ab4e50a59aea12823fa286 ......
	 orig commit -> 40a7198a4a01037003c7ca714f0d048a61e729ac ......
checking d93322278d48056c011ea5cd021068ae7c7efbe3 ......
	 orig commit -> 7ce0f216221856a17fc4934b39284678a5fef2e9 ......
checking 0c5243f24e41d2ade871d9019be989898d2eb984 ......
	 orig commit -> 8f4dc2e77cdfaf7e644ef29693fa229db29ee1de ......
checking 1ee4f2d7cdcd4508cc3cbe3b2622d7177b89da12 ......
	 orig commit -> b98749cac4a695f084a5ff076f4510b23e353ecd ......
checking 0bde343e2921fc3596316a01ae887d38ae98a20b ......
	 orig commit -> 442601e87a4769a8daba4976ec3afa5222ca211d ......
checking 2cf247d6b2da21c44cd4ae6be999cbb75cdf97ca ......
	 orig commit -> f880eea68fe593342fa6e09be9bb661f3c297aec ......
checking 897c6d2979a144cfb8b8ec6dc9e17855b3799617 ......
	 orig commit -> ec91e78d378cc5d4b43805a1227d8e04e5dfa17d ......
checking 110f1242df966255594d58e3aa8e2b35458f8042 ......
	 orig commit -> 4bf780996669280171c9cd58196512849b93434e ......
checking 862b70177babb6533aaac56b86ba4b946f53ada9 ......
	 orig commit -> fc340115ffb8235c1bbd200c28855e6373d0dd1a ......
checking aec9cfdd09278d9c9c074fa6fef17a44233dae64 ......
	 orig commit -> c543cb4a5f07e09237ec0fc2c60c9f131b2c79ad ......
checking ff71f99d5fb2daf54340e8b290d0bc4e6b4c1d38 ......
	 orig commit -> ed0de45a1008991fdaa27a0152befcb74d126a8b ......
		 ed0de45a1008991fdaa27a0152befcb74d126a8b has problem. Fixes commit -> 20ff83f10f113c88d0bb74589389b05250994c16
c543cb4a5f07e09237ec0fc2c60c9f131b2c79ad
commit cd55c74c4ef213a62f933b3e204501ecd63d88df
Author: Eric Dumazet <edumazet@google.com>
Date:   Wed Apr 24 08:04:05 2019 -0700

    ipv4: add sanity checks in ipv4_link_failure()
    
    [ Upstream commit 20ff83f10f113c88d0bb74589389b05250994c16 ]
    
    Before calling __ip_options_compile(), we need to ensure the network
    header is a an IPv4 one, and that it is already pulled in skb->head.
    
    RAW sockets going through a tunnel can end up calling ipv4_link_failure()
    with total garbage in the skb, or arbitrary lengthes.
    
    syzbot report :
    
    BUG: KASAN: stack-out-of-bounds in memcpy include/linux/string.h:355 [inline]
    BUG: KASAN: stack-out-of-bounds in __ip_options_echo+0x294/0x1120 net/ipv4/ip_options.c:123
    Write of size 69 at addr ffff888096abf068 by task syz-executor.4/9204
    
    CPU: 0 PID: 9204 Comm: syz-executor.4 Not tainted 5.1.0-rc5+ #77
    Hardware name: Google Google Compute Engine/Google Compute Engine, BIOS Google 01/01/2011
    Call Trace:
     __dump_stack lib/dump_stack.c:77 [inline]
     dump_stack+0x172/0x1f0 lib/dump_stack.c:113
     print_address_description.cold+0x7c/0x20d mm/kasan/report.c:187
     kasan_report.cold+0x1b/0x40 mm/kasan/report.c:317
     check_memory_region_inline mm/kasan/generic.c:185 [inline]
     check_memory_region+0x123/0x190 mm/kasan/generic.c:191
     memcpy+0x38/0x50 mm/kasan/common.c:133
     memcpy include/linux/string.h:355 [inline]
     __ip_options_echo+0x294/0x1120 net/ipv4/ip_options.c:123
     __icmp_send+0x725/0x1400 net/ipv4/icmp.c:695
     ipv4_link_failure+0x29f/0x550 net/ipv4/route.c:1204
     dst_link_failure include/net/dst.h:427 [inline]
     vti6_xmit net/ipv6/ip6_vti.c:514 [inline]
     vti6_tnl_xmit+0x10d4/0x1c0c net/ipv6/ip6_vti.c:553
     __netdev_start_xmit include/linux/netdevice.h:4414 [inline]
     netdev_start_xmit include/linux/netdevice.h:4423 [inline]
     xmit_one net/core/dev.c:3292 [inline]
     dev_hard_start_xmit+0x1b2/0x980 net/core/dev.c:3308
     __dev_queue_xmit+0x271d/0x3060 net/core/dev.c:3878
     dev_queue_xmit+0x18/0x20 net/core/dev.c:3911
     neigh_direct_output+0x16/0x20 net/core/neighbour.c:1527
     neigh_output include/net/neighbour.h:508 [inline]
     ip_finish_output2+0x949/0x1740 net/ipv4/ip_output.c:229
     ip_finish_output+0x73c/0xd50 net/ipv4/ip_output.c:317
     NF_HOOK_COND include/linux/netfilter.h:278 [inline]
     ip_output+0x21f/0x670 net/ipv4/ip_output.c:405
     dst_output include/net/dst.h:444 [inline]
     NF_HOOK include/linux/netfilter.h:289 [inline]
     raw_send_hdrinc net/ipv4/raw.c:432 [inline]
     raw_sendmsg+0x1d2b/0x2f20 net/ipv4/raw.c:663
     inet_sendmsg+0x147/0x5d0 net/ipv4/af_inet.c:798
     sock_sendmsg_nosec net/socket.c:651 [inline]
     sock_sendmsg+0xdd/0x130 net/socket.c:661
     sock_write_iter+0x27c/0x3e0 net/socket.c:988
     call_write_iter include/linux/fs.h:1866 [inline]
     new_sync_write+0x4c7/0x760 fs/read_write.c:474
     __vfs_write+0xe4/0x110 fs/read_write.c:487
     vfs_write+0x20c/0x580 fs/read_write.c:549
     ksys_write+0x14f/0x2d0 fs/read_write.c:599
     __do_sys_write fs/read_write.c:611 [inline]
     __se_sys_write fs/read_write.c:608 [inline]
     __x64_sys_write+0x73/0xb0 fs/read_write.c:608
     do_syscall_64+0x103/0x610 arch/x86/entry/common.c:290
     entry_SYSCALL_64_after_hwframe+0x49/0xbe
    RIP: 0033:0x458c29
    Code: ad b8 fb ff c3 66 2e 0f 1f 84 00 00 00 00 00 66 90 48 89 f8 48 89 f7 48 89 d6 48 89 ca 4d 89 c2 4d 89 c8 4c 8b 4c 24 08 0f 05 <48> 3d 01 f0 ff ff 0f 83 7b b8 fb ff c3 66 2e 0f 1f 84 00 00 00 00
    RSP: 002b:00007f293b44bc78 EFLAGS: 00000246 ORIG_RAX: 0000000000000001
    RAX: ffffffffffffffda RBX: 0000000000000003 RCX: 0000000000458c29
    RDX: 0000000000000014 RSI: 00000000200002c0 RDI: 0000000000000003
    RBP: 000000000073bf00 R08: 0000000000000000 R09: 0000000000000000
    R10: 0000000000000000 R11: 0000000000000246 R12: 00007f293b44c6d4
    R13: 00000000004c8623 R14: 00000000004ded68 R15: 00000000ffffffff
    
    The buggy address belongs to the page:
    page:ffffea00025aafc0 count:0 mapcount:0 mapping:0000000000000000 index:0x0
    flags: 0x1fffc0000000000()
    raw: 01fffc0000000000 0000000000000000 ffffffff025a0101 0000000000000000
    raw: 0000000000000000 0000000000000000 00000000ffffffff 0000000000000000
    page dumped because: kasan: bad access detected
    
    Memory state around the buggy address:
     ffff888096abef80: 00 00 00 f2 f2 f2 f2 f2 00 00 00 00 00 00 00 f2
     ffff888096abf000: f2 f2 f2 f2 00 00 00 00 00 00 00 00 00 00 00 00
    >ffff888096abf080: 00 00 f3 f3 f3 f3 00 00 00 00 00 00 00 00 00 00
                             ^
     ffff888096abf100: 00 00 00 00 f1 f1 f1 f1 00 00 f3 f3 00 00 00 00
     ffff888096abf180: 00 00 00 00 00 00 00 00 00 00 00 00 00 00 00 00
    
    Fixes: ed0de45a1008 ("ipv4: recompile ip options in ipv4_link_failure")
    Signed-off-by: Eric Dumazet <edumazet@google.com>
    Cc: Stephen Suryaputra <ssuryaextr@gmail.com>
    Acked-by: Willem de Bruijn <willemb@google.com>
    Signed-off-by: David S. Miller <davem@davemloft.net>
    Signed-off-by: Greg Kroah-Hartman <gregkh@linuxfoundation.org>

commit aec9cfdd09278d9c9c074fa6fef17a44233dae64
Author: Eric Dumazet <edumazet@google.com>
Date:   Sat Apr 13 17:32:21 2019 -0700

    ipv4: ensure rcu_read_lock() in ipv4_link_failure()
    
    [ Upstream commit c543cb4a5f07e09237ec0fc2c60c9f131b2c79ad ]
    
    fib_compute_spec_dst() needs to be called under rcu protection.
    
    syzbot reported :
    
    WARNING: suspicious RCU usage
    5.1.0-rc4+ #165 Not tainted
    include/linux/inetdevice.h:220 suspicious rcu_dereference_check() usage!
    
    other info that might help us debug this:
    
    rcu_scheduler_active = 2, debug_locks = 1
    1 lock held by swapper/0/0:
     #0: 0000000051b67925 ((&n->timer)){+.-.}, at: lockdep_copy_map include/linux/lockdep.h:170 [inline]
     #0: 0000000051b67925 ((&n->timer)){+.-.}, at: call_timer_fn+0xda/0x720 kernel/time/timer.c:1315
    
    stack backtrace:
    CPU: 0 PID: 0 Comm: swapper/0 Not tainted 5.1.0-rc4+ #165
    Hardware name: Google Google Compute Engine/Google Compute Engine, BIOS Google 01/01/2011
    Call Trace:
     <IRQ>
     __dump_stack lib/dump_stack.c:77 [inline]
     dump_stack+0x172/0x1f0 lib/dump_stack.c:113
     lockdep_rcu_suspicious+0x153/0x15d kernel/locking/lockdep.c:5162
     __in_dev_get_rcu include/linux/inetdevice.h:220 [inline]
     fib_compute_spec_dst+0xbbd/0x1030 net/ipv4/fib_frontend.c:294
     spec_dst_fill net/ipv4/ip_options.c:245 [inline]
     __ip_options_compile+0x15a7/0x1a10 net/ipv4/ip_options.c:343
     ipv4_link_failure+0x172/0x400 net/ipv4/route.c:1195
     dst_link_failure include/net/dst.h:427 [inline]
     arp_error_report+0xd1/0x1c0 net/ipv4/arp.c:297
     neigh_invalidate+0x24b/0x570 net/core/neighbour.c:995
     neigh_timer_handler+0xc35/0xf30 net/core/neighbour.c:1081
     call_timer_fn+0x190/0x720 kernel/time/timer.c:1325
     expire_timers kernel/time/timer.c:1362 [inline]
     __run_timers kernel/time/timer.c:1681 [inline]
     __run_timers kernel/time/timer.c:1649 [inline]
     run_timer_softirq+0x652/0x1700 kernel/time/timer.c:1694
     __do_softirq+0x266/0x95a kernel/softirq.c:293
     invoke_softirq kernel/softirq.c:374 [inline]
     irq_exit+0x180/0x1d0 kernel/softirq.c:414
     exiting_irq arch/x86/include/asm/apic.h:536 [inline]
     smp_apic_timer_interrupt+0x14a/0x570 arch/x86/kernel/apic/apic.c:1062
     apic_timer_interrupt+0xf/0x20 arch/x86/entry/entry_64.S:807
    
    Fixes: ed0de45a1008 ("ipv4: recompile ip options in ipv4_link_failure")
    Signed-off-by: Eric Dumazet <edumazet@google.com>
    Reported-by: syzbot <syzkaller@googlegroups.com>
    Cc: Stephen Suryaputra <ssuryaextr@gmail.com>
    Signed-off-by: David S. Miller <davem@davemloft.net>
    Signed-off-by: Greg Kroah-Hartman <gregkh@linuxfoundation.org>
commit cd55c74c4ef213a62f933b3e204501ecd63d88df
Author: Eric Dumazet <edumazet@google.com>
Date:   Wed Apr 24 08:04:05 2019 -0700

    ipv4: add sanity checks in ipv4_link_failure()
    
    [ Upstream commit 20ff83f10f113c88d0bb74589389b05250994c16 ]
    
    Before calling __ip_options_compile(), we need to ensure the network
    header is a an IPv4 one, and that it is already pulled in skb->head.
    
    RAW sockets going through a tunnel can end up calling ipv4_link_failure()
    with total garbage in the skb, or arbitrary lengthes.
    
    syzbot report :
    
    BUG: KASAN: stack-out-of-bounds in memcpy include/linux/string.h:355 [inline]
    BUG: KASAN: stack-out-of-bounds in __ip_options_echo+0x294/0x1120 net/ipv4/ip_options.c:123
    Write of size 69 at addr ffff888096abf068 by task syz-executor.4/9204
    
    CPU: 0 PID: 9204 Comm: syz-executor.4 Not tainted 5.1.0-rc5+ #77
    Hardware name: Google Google Compute Engine/Google Compute Engine, BIOS Google 01/01/2011
    Call Trace:
     __dump_stack lib/dump_stack.c:77 [inline]
     dump_stack+0x172/0x1f0 lib/dump_stack.c:113
     print_address_description.cold+0x7c/0x20d mm/kasan/report.c:187
     kasan_report.cold+0x1b/0x40 mm/kasan/report.c:317
     check_memory_region_inline mm/kasan/generic.c:185 [inline]
     check_memory_region+0x123/0x190 mm/kasan/generic.c:191
     memcpy+0x38/0x50 mm/kasan/common.c:133
     memcpy include/linux/string.h:355 [inline]
     __ip_options_echo+0x294/0x1120 net/ipv4/ip_options.c:123
     __icmp_send+0x725/0x1400 net/ipv4/icmp.c:695
     ipv4_link_failure+0x29f/0x550 net/ipv4/route.c:1204
     dst_link_failure include/net/dst.h:427 [inline]
     vti6_xmit net/ipv6/ip6_vti.c:514 [inline]
     vti6_tnl_xmit+0x10d4/0x1c0c net/ipv6/ip6_vti.c:553
     __netdev_start_xmit include/linux/netdevice.h:4414 [inline]
     netdev_start_xmit include/linux/netdevice.h:4423 [inline]
     xmit_one net/core/dev.c:3292 [inline]
     dev_hard_start_xmit+0x1b2/0x980 net/core/dev.c:3308
     __dev_queue_xmit+0x271d/0x3060 net/core/dev.c:3878
     dev_queue_xmit+0x18/0x20 net/core/dev.c:3911
     neigh_direct_output+0x16/0x20 net/core/neighbour.c:1527
     neigh_output include/net/neighbour.h:508 [inline]
     ip_finish_output2+0x949/0x1740 net/ipv4/ip_output.c:229
     ip_finish_output+0x73c/0xd50 net/ipv4/ip_output.c:317
     NF_HOOK_COND include/linux/netfilter.h:278 [inline]
     ip_output+0x21f/0x670 net/ipv4/ip_output.c:405
     dst_output include/net/dst.h:444 [inline]
     NF_HOOK include/linux/netfilter.h:289 [inline]
     raw_send_hdrinc net/ipv4/raw.c:432 [inline]
     raw_sendmsg+0x1d2b/0x2f20 net/ipv4/raw.c:663
     inet_sendmsg+0x147/0x5d0 net/ipv4/af_inet.c:798
     sock_sendmsg_nosec net/socket.c:651 [inline]
     sock_sendmsg+0xdd/0x130 net/socket.c:661
     sock_write_iter+0x27c/0x3e0 net/socket.c:988
     call_write_iter include/linux/fs.h:1866 [inline]
     new_sync_write+0x4c7/0x760 fs/read_write.c:474
     __vfs_write+0xe4/0x110 fs/read_write.c:487
     vfs_write+0x20c/0x580 fs/read_write.c:549
     ksys_write+0x14f/0x2d0 fs/read_write.c:599
     __do_sys_write fs/read_write.c:611 [inline]
     __se_sys_write fs/read_write.c:608 [inline]
     __x64_sys_write+0x73/0xb0 fs/read_write.c:608
     do_syscall_64+0x103/0x610 arch/x86/entry/common.c:290
     entry_SYSCALL_64_after_hwframe+0x49/0xbe
    RIP: 0033:0x458c29
    Code: ad b8 fb ff c3 66 2e 0f 1f 84 00 00 00 00 00 66 90 48 89 f8 48 89 f7 48 89 d6 48 89 ca 4d 89 c2 4d 89 c8 4c 8b 4c 24 08 0f 05 <48> 3d 01 f0 ff ff 0f 83 7b b8 fb ff c3 66 2e 0f 1f 84 00 00 00 00
    RSP: 002b:00007f293b44bc78 EFLAGS: 00000246 ORIG_RAX: 0000000000000001
    RAX: ffffffffffffffda RBX: 0000000000000003 RCX: 0000000000458c29
    RDX: 0000000000000014 RSI: 00000000200002c0 RDI: 0000000000000003
    RBP: 000000000073bf00 R08: 0000000000000000 R09: 0000000000000000
    R10: 0000000000000000 R11: 0000000000000246 R12: 00007f293b44c6d4
    R13: 00000000004c8623 R14: 00000000004ded68 R15: 00000000ffffffff
    
    The buggy address belongs to the page:
    page:ffffea00025aafc0 count:0 mapcount:0 mapping:0000000000000000 index:0x0
    flags: 0x1fffc0000000000()
    raw: 01fffc0000000000 0000000000000000 ffffffff025a0101 0000000000000000
    raw: 0000000000000000 0000000000000000 00000000ffffffff 0000000000000000
    page dumped because: kasan: bad access detected
    
    Memory state around the buggy address:
     ffff888096abef80: 00 00 00 f2 f2 f2 f2 f2 00 00 00 00 00 00 00 f2
     ffff888096abf000: f2 f2 f2 f2 00 00 00 00 00 00 00 00 00 00 00 00
    >ffff888096abf080: 00 00 f3 f3 f3 f3 00 00 00 00 00 00 00 00 00 00
                             ^
     ffff888096abf100: 00 00 00 00 f1 f1 f1 f1 00 00 f3 f3 00 00 00 00
     ffff888096abf180: 00 00 00 00 00 00 00 00 00 00 00 00 00 00 00 00
    
    Fixes: ed0de45a1008 ("ipv4: recompile ip options in ipv4_link_failure")
    Signed-off-by: Eric Dumazet <edumazet@google.com>
    Cc: Stephen Suryaputra <ssuryaextr@gmail.com>
    Acked-by: Willem de Bruijn <willemb@google.com>
    Signed-off-by: David S. Miller <davem@davemloft.net>
    Signed-off-by: Greg Kroah-Hartman <gregkh@linuxfoundation.org>
checking c5bbedac8a3315aaa1951df8cf85da7527b55313 ......
	 orig commit -> 813dbeb656d6c90266f251d8bd2b02d445afa63f ......
checking 8530cf625d2139dea4598048157faa80952fa7e2 ......
	 orig commit -> 43c2adb9df7ddd6560fd3546d925b42cef92daa0 ......
checking 80eae5e569da8b2a6e474e87a9a8b08e64700749 ......
	 orig commit -> 50ce163a72d817a99e8974222dcf2886d5deb1ae ......
checking d55ff2f0b34ce8b8cb165bc68e054f51b2740ee5 ......
	 orig commit -> 988dc4a9a3b66be75b30405a5494faf0dc7cffb6 ......
checking 7953e6a921ddcba5e3cb0c953e8eb07d9dbdfe2d ......
	 orig commit -> c5b493ce192bd7a4e7bd073b5685aad121eeef82 ......
checking 809d689e650f8e386e53fef8bdb4c016405b78ff ......
	 orig commit -> 3b2e2904deb314cc77a2192f506f2fd44e3d10d0 ......
checking 79bce00dfdf34eddc17f5ac73d92defdfe62106c ......
	 orig commit -> 899537b73557aafbdd11050b501cf54b4f5c45af ......
checking 489b99b95efd9d74a5a1650ac96c2f7fcf8833f5 ......
	 orig commit -> 92480b3977fd3884649d404cbbaf839b70035699 ......
