Check from v4.9.158 to v4.9.159
Commit count: 61
checking b9d7a53e4e7407166081463977edbbf026b3b727 ......
checking 01f9a347b49f8d1aee600fe4cc6252da18b68b24 ......
	 orig commit -> d26358590bb2be063453412cfeec5afefe55d030 ......
	 orig commit -> 42caa0edabd6a0a392ec36a5f0943924e4954311 ......
checking 162a93c20de1342da783ea3b53e38ba3bab598aa ......
	 orig commit -> da360299b6734135a5f66d7db458dcc7801c826a ......
checking eede34e949df8eb511a690110543deb4eed5af8f ......
	 orig commit -> b0b9b3df27d100a975b4e8818f35382b64a5e35c ......
checking 43b0861aeee29440b70dfcb3fd6478c76933f928 ......
	 orig commit -> a86caa9ba5d70696ceb35d1d39caa20d8b641387 ......
checking 1894d7cb6997c906ec3108e49944e35b084141fa ......
	 orig commit -> 10596608c4d62cb8c1c2b806debcbd32fe657e71 ......
checking 4b42bdfa8bd2797605136bf83569c46a4f98c2c2 ......
	 orig commit -> cd4b1e34655d46950c065d9284b596cd8d7b28cd ......
checking 6db331eb294b7d782782acf5646faa75658cab25 ......
	 orig commit -> 39fba7835aacda65284a86e611774cbba71dac20 ......
checking af9ef8f6eb55ce5798de98a3078bc7492a2b1677 ......
	 orig commit -> 6bc6895bdd6744e0136eaa4a11fbdb20a7db4e40 ......
checking 0ae3bc117c859c9956c0d6f1fb3c3a853c2f5f64 ......
	 orig commit -> e9156cd26a495a18706e796f02a81fee41ec14f4 ......
checking 5b3b651fe952fd114b7cb151cee53c2aaaf1ab2c ......
	 orig commit -> 2e7bd10e05afb866b5fb13eda25095c35d7a27cc ......
checking 8934c92efdbcb9bc167bd7b4d23a22470407d80c ......
	 orig commit -> 4ae280b4ee3463fa57bbe6eede26b97daff8a0f1 ......
checking 838c19cf03da8489b8baa44efe577b7e7c6bf5db ......
	 orig commit -> 10970e1b4be9c74fce8ab6e3c34a7d718f063f2c ......
checking aa74f266c064f10e05d65b2f2ea271787425f112 ......
	 orig commit -> cf43a757fd49442bc38f76088b70c2299eed2c2f ......
checking 967859281fd18e54ff233393cdc15616d00a3453 ......
	 orig commit -> f331e766c4be33f4338574f3c9f7f77e98ab4571 ......
checking 61621b5008c0da6fa0b8e5f11969c77cb667a2ee ......
	 orig commit -> 0722069a5374b904ec1a67f91249f90e1cfae259 ......
checking 597613d1bcb287251e729103d595c15c45d6d35c ......
	 orig commit -> bfc913682464f45bc4d6044084e370f9048de9d5 ......
checking 7ef531f45fdb53ea34beb3800182cabc1e28dce2 ......
	 orig commit -> 491af60ffb848b59e82f7c9145833222e0bf27a5 ......
checking 89eae13404eb1d579d8af34453d11f80d26e8ab5 ......
	 orig commit -> e8b22d0a329f0fb5c7ef95406872d268f01ee3b1 ......
checking 45d401fb7168188c22944ff2052f1bb0caa4f501 ......
	 orig commit -> 90cc55f067f6ca0e64e5e52883ece47d8af7b67b ......
checking acd744b4d6cbb2bec09eae3350c1b7cf53a643bd ......
	 orig commit -> 98ae70cc476e833332a2c6bb72f941a25f0de226 ......
checking c504b84d7fecaa1f0864d4925a1c47ad24eac56f ......
	 orig commit -> 2bc16b9f3223d049b57202ee702fcb5b9b507019 ......
checking adeb5603aba091634974a07af535abff290c1d2e ......
	 orig commit -> 4cd3016ce996494f78fdfd87ea35c8ca5d0b413e ......
checking e62e3b61e39dd217c3b9ea21dad85bb2f5b0ca9e ......
	 orig commit -> 81ec3f3c4c4d78f2d3b6689c9816bfbdf7417dbb ......
checking 01d16f0159ff27ccd92019a0d232260d6da01ad5 ......
	 orig commit -> 528871b456026e6127d95b1b2bd8e3a003dc1614 ......
checking 23b4fb38fb04e84326184c68fa394256444d2522 ......
	 orig commit -> 7ad222b3aed350adfc27ee7eec4587ffe55dfdce ......
checking 01c774bd6f05c847a4dff47f3d9a69f3c21b5b9d ......
	 orig commit -> f420c54e4b12c1361c6ed313002ee7bd7ac58362 ......
	 orig commit -> 7db54c89f0b30a101584e09d3729144e6170059d ......
checking 255ace32f2daa1c4455e7aada31b8f3d63ff98db ......
	 orig commit -> 5ea0416f51cc93436bbe497c62ab49fd9cb245b6 ......
checking 04d7680c0f8b45b0cfc18fd21c06ec84a22231bc ......
	 orig commit -> 92a8109e4d3a34fb6b115c9098b51767dc933444 ......
checking 420070af36da0f76d0c9acbd1de1fb7d9761160f ......
	 orig commit -> df209c43a0e8258e096fb722dfbdae4f0dd13fde ......
checking a119bf637f877f35bf89cffebfa482bbb7097eb5 ......
	 orig commit -> b5f034845e70916fd33e172fad5ad530a29c10ab ......
checking 2293ddf691b4ef1de4b1eacd5f184057d18c13fe ......
	 orig commit -> c25748acc5c20786ecb7518bfeae8fcef93472d6 ......
checking 92ee00f6bb5fd2d14774cfc3abe24fe45678e842 ......
	 orig commit -> 7fca69d4e43fa1ae9cb4f652772c132dc5a659c6 ......
checking 946527149a0693c34bf970366b0c398878927749 ......
	 orig commit -> 7923e09c7a766e2d58de7fc395bb84c18e5bc625 ......
checking 09439d6427769c464d83f4e2378b5367c4d4eeae ......
	 orig commit -> 51b9e62eb6950c762162ab7eb8390990179be067 ......
checking 29bcecd9f4e6138887694ca63f51ee352836a3a5 ......
	 orig commit -> 9a63bd6fe1b5590ffa42ae2ed22ee21363293e31 ......
checking 64cea428b151c84309cc861d20cf4e9b8617e886 ......
	 orig commit -> 4d9d54a730434cc068dd3515ba6116697196f77b ......
checking e82a795e99bb8c059507134fb915e83ea72c63ca ......
	 orig commit -> adf4109896bbee27fd2ac3b48d22d6a0062fe517 ......
checking dbb43fb98a1c5296e909056bd8afe8eb45cb25c4 ......
	 orig commit -> 2f66196208c98b3d1b4294edffb2c5a8197be899 ......
checking 3555798a5dc1589fa9016feb0a0da2c92ff7183e ......
	 orig commit -> b9ced18acf68dffebe6888c7ec765a2b1db7a039 ......
checking f3fe2c72a7b7361a306ca1b51387bb2f995216a2 ......
	 orig commit -> 8914a595110a6eca69a5e275b323f5d09e18f4f9 ......
checking 84d8c3a7e1a48df8d21d100181b1d97a3adc50e5 ......
	 orig commit -> 2b16f048729bf35e6c28a40cbfad07239f9dcd90 ......
checking b788fedf38f5ac282e0b6761e034d1e43dda1665 ......
checking 2307923f865c500b3b05ff131f00a9388bd442dd ......
checking ab6c39771d579350bcd9c46514831b05430bd51a ......
checking 2dbc7e3efe2ca2e9eb614c66ea725c2116103b56 ......
checking 15a669ff9b4c6ec66b2efed82428f596f2d19bbd ......
checking b0525e4b808ccfaa1017872c5902b504d4991e95 ......
checking 8d13b444f4eba07327ccd626282fb1048210cc1e ......
checking c3ef8953d83c8043dcfa496e241c5d01bb05fe6e ......
	 orig commit -> 3aa2df6ec2ca6bc143a65351cca4266d03a8bc41 ......
checking e4a6ea8a33301760580f17d1e2fd7789e20d1fe8 ......
checking b5d788516d936b3eabaed9d2df492eac95ac7e17 ......
checking 17e3a84090784f814096f8c41cd21fbe40dcf565 ......
checking 0cb3209d8819b58ff85bee7e4cf14a5367c00c1a ......
checking c4fa56d36e8af8376bf6f1829a16a12e3cdfb284 ......
checking bb35d3dcd5254999d688ed1dfc855acc6b4f1a18 ......
checking 6f86d531974af18e090969ab68a47d10b8895a72 ......
checking 31ac7816a46854f3ac0d072dbcef91db5c14f490 ......
checking 0432fed9f48d6671124e19bc1b783bab2783740d ......
	 orig commit -> 6926e041a8920c8ec27e4e155efa760aa01551fd ......
		 6926e041a8920c8ec27e4e155efa760aa01551fd has problem. Fixes commit -> da360299b6734135a5f66d7db458dcc7801c826a
commit 162a93c20de1342da783ea3b53e38ba3bab598aa
Author: Hauke Mehrtens <hauke@hauke-m.de>
Date:   Mon Feb 12 23:59:51 2018 +0100

    uapi/if_ether.h: move __UAPI_DEF_ETHHDR libc define
    
    commit da360299b6734135a5f66d7db458dcc7801c826a upstream.
    
    This fixes a compile problem of some user space applications by not
    including linux/libc-compat.h in uapi/if_ether.h.
    
    linux/libc-compat.h checks which "features" the header files, included
    from the libc, provide to make the Linux kernel uapi header files only
    provide no conflicting structures and enums. If a user application mixes
    kernel headers and libc headers it could happen that linux/libc-compat.h
    gets included too early where not all other libc headers are included
    yet. Then the linux/libc-compat.h would not prevent all the
    redefinitions and we run into compile problems.
    This patch removes the include of linux/libc-compat.h from
    uapi/if_ether.h to fix the recently introduced case, but not all as this
    is more or less impossible.
    
    It is no problem to do the check directly in the if_ether.h file and not
    in libc-compat.h as this does not need any fancy glibc header detection
    as glibc never provided struct ethhdr and should define
    __UAPI_DEF_ETHHDR by them self when they will provide this.
    
    The following test program did not compile correctly any more:
    
    #include <linux/if_ether.h>
    #include <netinet/in.h>
    #include <linux/in.h>
    
    int main(void)
    {
            return 0;
    }
    
    Fixes: 6926e041a892 ("uapi/if_ether.h: prevent redefinition of struct ethhdr")
    Reported-by: Guillaume Nault <g.nault@alphalink.fr>
    Cc: <stable@vger.kernel.org> # 4.15
    Signed-off-by: Hauke Mehrtens <hauke@hauke-m.de>
    Signed-off-by: David S. Miller <davem@davemloft.net>
    Cc: Sudip Mukherjee <sudipm.mukherjee@gmail.com>
    Signed-off-by: Greg Kroah-Hartman <gregkh@linuxfoundation.org>
checking bc6f7dc0b2e8bf9ad6f192d718c014e2c07ef2f1 ......
	 orig commit -> 37cf28d3b5bca1b532a0b6aac722e7f2788a9294 ......
checking 852cd5cd0dfe2a3fd93414f32e4d6b41a5ec264a ......
	 orig commit -> 6c0c5dc33ff42af49243e94842d0ebdb153189ea ......
