Check from v4.9.29 to v4.9.30
Commit count: 163
checking db3fd4527ed32be44cbd8ffa6dd6a301c89d0d6d ......
checking 5a597b225d48023bb10e38ea64adb277fc559247 ......
	 orig commit -> 04a68a35ce6d7b54749989f943993020f48fed62 ......
checking 1489183c2005676b2231fec00aced800093008ed ......
	 orig commit -> b299cde245b0b76c977f4291162cf668e087b408 ......
		 b299cde245b0b76c977f4291162cf668e087b408 has problem. Fixes commit -> 32829da54d9368103a2f03269a5120aa9ee4d5da
commit 9ff4a1a36a587b0343a02518dbc1d5bf4c0c99e8
Author: Julius Werner <jwerner@chromium.org>
Date:   Fri Jun 2 15:36:39 2017 -0700

    drivers: char: mem: Fix wraparound check to allow mappings up to the end
    
    commit 32829da54d9368103a2f03269a5120aa9ee4d5da upstream.
    
    A recent fix to /dev/mem prevents mappings from wrapping around the end
    of physical address space. However, the check was written in a way that
    also prevents a mapping reaching just up to the end of physical address
    space, which may be a valid use case (especially on 32-bit systems).
    This patch fixes it by checking the last mapped address (instead of the
    first address behind that) for overflow.
    
    Fixes: b299cde245 ("drivers: char: mem: Check for address space wraparound with mmap()")
    Reported-by: Nico Huber <nico.h@gmx.de>
    Signed-off-by: Julius Werner <jwerner@chromium.org>
    Signed-off-by: Greg Kroah-Hartman <gregkh@linuxfoundation.org>
checking 51d9c51523ec6927a068ee54280b5a4ff3bf401d ......
	 orig commit -> f961e3f2acae94b727380c0b74e2d3954d0edf79 ......
checking ea465551af30146efea215da58786ff732da70fb ......
	 orig commit -> b550a32e60a4941994b437a8d662432a486235a5 ......
checking f2b6f508c5417bc5f2a5a30268b5b75ae3b4a754 ......
	 orig commit -> ae97aa524ef495b6276fd26f5d5449fb22975d7c ......
checking a8c35e5c88def2c07cd0ff1aca1af2b06363b293 ......
	 orig commit -> 1f84ccdf37d0db3a70714d02d51b0b6d45887fb8 ......
checking 88ac6b7e0c82b4d825e560d3c4512d540fe4231d ......
	 orig commit -> 56e0d71ef12f026d96213e45a662bde6bbff4676 ......
checking 5438f89529065a936f31803e263adfd843f09bf8 ......
	 orig commit -> e345da82bd6bdfa8492f80b3ce4370acfd868d95 ......
checking 5956b2815f90e0749d98ea0baedc49b1792f598b ......
	 orig commit -> 6a623e07694437ad09f382a13f76cffc32239a7f ......
		 6a623e07694437ad09f382a13f76cffc32239a7f has problem. Fixes commit -> ea56fb282368ea08c2a313af6b55cb597aec4db1
commit 921f860ade863666b8b4be9ec5d0347bb8891ea4
Author: Stefan Agner <stefan@agner.ch>
Date:   Fri Feb 9 13:21:42 2018 +0100

    mtd: nand: vf610: set correct ooblayout
    
    commit ea56fb282368ea08c2a313af6b55cb597aec4db1 upstream.
    
    With commit 3cf32d180227 ("mtd: nand: vf610: switch to
    mtd_ooblayout_ops") the driver started to use the NAND cores
    default large page ooblayout. However, shortly after commit
    6a623e076944 ("mtd: nand: add ooblayout for old hamming layout")
    changed the default layout to the old hamming layout, which is
    not what vf610_nfc is using. Specify the default large page
    layout explicitly.
    
    Fixes: 6a623e076944 ("mtd: nand: add ooblayout for old hamming layout")
    Cc: <stable@vger.kernel.org> # v4.12+
    Signed-off-by: Stefan Agner <stefan@agner.ch>
    Signed-off-by: Boris Brezillon <boris.brezillon@bootlin.com>
    Signed-off-by: Greg Kroah-Hartman <gregkh@linuxfoundation.org>
checking 6639b27f5a4c5425a46b2f1039d390dd1ad7b94f ......
	 orig commit -> 2d283ede59869159f4bb84ae689258c5caffce54 ......
checking e437af936a49680ac509b9d51f1b51b11c8da605 ......
	 orig commit -> 675b11d94ce9baa5eb365a51b35d2793f77c8ab8 ......
checking db663641619558c9a1b8b77f5bfd351e131b57a7 ......
	 orig commit -> ea00353f36b64375518662a8ad15e39218a1f324 ......
checking 9ad81ecb28d611a07b59d8e899e0bd79a423aee2 ......
	 orig commit -> cef4d02305a06be581bb7f4353446717a1b319ec ......
checking 6bec009a2f690c69239ab8c002aa1f5eca8c480e ......
	 orig commit -> 17caf56731311c9596e7d38a70c88fcb6afa6a1b ......
checking fa3bbb1c7f06e4e09f3c72ef42622ba260c77dc4 ......
	 orig commit -> 6bccc7f426abd640f08d8c75fb22f99483f201b4 ......
checking 87e7dc97c8a0544553aacf8705c6772db55f6691 ......
	 orig commit -> 433fcf6b7b31f1f233dd50aeb9d066a0f6ed4b9d ......
checking d1d63f97dd76f7d90f801bcc9a6334d5df96367a ......
	 orig commit -> 59c58ceeea9cdc6144d7b0303753e6bd26d87455 ......
checking dd0023d7105c4266adeb14881c479950d6a9ef2a ......
	 orig commit -> 30e7d894c1478c88d50ce94ddcdbd7f9763d9cdd ......
checking cc0aa21de47c64f7eb557bd41447a9ebe312c0ab ......
	 orig commit -> 5b4236e17cc1bd9fa14b2b0c7a4ae632d41f2e20 ......
checking 541c678441980b48d3600d1bda0737219eb81f61 ......
	 orig commit -> a8c39544a6eb2093c04afd5005b6192bd0e880c6 ......
checking 07d8aabff4903065bb472df9b040b8688fdc75a2 ......
	 orig commit -> 17c99d9421695a0e0de18bf1e7091d859e20ec1d ......
checking 6d6a43a086117930b5acd79c9350e00ef56027fa ......
	 orig commit -> f63572dff1421b6ca6abce71d46e03411e605c94 ......
		 f63572dff1421b6ca6abce71d46e03411e605c94 has problem. Fixes commit -> 815c6704bf9f1c59f3a6be380a4032b9c57b12f1
1c78f7735b2bdd0afbe5d14c5c8b6d8d381b6f13
commit 3cd731e952df562312ea1a7c459807382acb9f8b
Author: Max Gurtovoy <maxg@mellanox.com>
Date:   Sun Jul 30 01:45:08 2017 +0300

    nvme-pci: fix CMB sysfs file removal in reset path
    
    [ Upstream commit 1c78f7735b2bdd0afbe5d14c5c8b6d8d381b6f13 ]
    
    Currently we create the sysfs entry even if we fail mapping
    it. In that case, the unmapping will not remove the sysfs created
    file. There is no good reason to create a sysfs entry for a non
    working CMB and show his characteristics.
    
    Fixes: f63572dff ("nvme: unmap CMB and remove sysfs file in reset path")
    Signed-off-by: Max Gurtovoy <maxg@mellanox.com>
    Reviewed-by: Stephen Bates <sbates@raithlin.com>
    Signed-off-by: Christoph Hellwig <hch@lst.de>
    Signed-off-by: Sasha Levin <sashal@kernel.org>
commit 062c4965a1e66361f3840fe8234871500af3549e
Author: Keith Busch <keith.busch@intel.com>
Date:   Tue Feb 13 05:44:44 2018 -0700

    nvme-pci: Remap CMB SQ entries on every controller reset
    
    commit 815c6704bf9f1c59f3a6be380a4032b9c57b12f1 upstream.
    
    The controller memory buffer is remapped into a kernel address on each
    reset, but the driver was setting the submission queue base address
    only on the very first queue creation. The remapped address is likely to
    change after a reset, so accessing the old address will hit a kernel bug.
    
    This patch fixes that by setting the queue's CMB base address each time
    the queue is created.
    
    Fixes: f63572dff1421 ("nvme: unmap CMB and remove sysfs file in reset path")
    Reported-by: Christian Black <christian.d.black@intel.com>
    Cc: Jon Derrick <jonathan.derrick@intel.com>
    Cc: <stable@vger.kernel.org> # 4.9+
    Signed-off-by: Keith Busch <keith.busch@intel.com>
    Reviewed-by: Christoph Hellwig <hch@lst.de>
    Signed-off-by: Scott Bauer <scott.bauer@intel.com>
    Reviewed-by: Jon Derrick <jonathan.derrick@intel.com>
    Signed-off-by: Greg Kroah-Hartman <gregkh@linuxfoundation.org>
checking 423f1752a0283b3f54f175be893f610f51b3aaf5 ......
	 orig commit -> 2c4569ca26986d18243f282dd727da27e9adae4c ......
checking 3fe116563d5ddc2e3a506eb4b227164e5ccaed23 ......
	 orig commit -> 41318a2b82f5d5fe1fb408f6d6e0b22aa557111d ......
checking f157261b55a40a5fe38259d1dcc0a9ff30987b3c ......
	 orig commit -> 5ea30e4e58040cfd6434c2f33dc3ea76e2c15b05 ......
checking e8a8a6972c5075e6057264c45614d13f9e0307e5 ......
	 orig commit -> 3a158a62da0673db918b53ac1440845a5b64fd90 ......
checking 9fefcb947ec2c2b6900b4c10aface329af0fd9c5 ......
	 orig commit -> 8a8b56638bcac4e64cccc88bf95a0f9f4b19a2fb ......
checking 21f2950f91ff080b0d3f13f2983b9b39c95b8714 ......
	 orig commit -> f73a7eee900e95404b61408a23a1df5c5811704c ......
checking 58e36d6f7f11815d3be279f58fd44da1203b4aa1 ......
	 orig commit -> 95d93e271d920dfda369d4740b1cc1061d41fe7f ......
checking 93a46fe4eb41e7fa575b9b995659af52c2241868 ......
	 orig commit -> 90be652c9f157d44b9c2803f902a8839796c090d ......
checking d0226f9adaf86597176dde4c794c935bb5d25656 ......
	 orig commit -> 867510bde14e7b7fc6dd0f50b48f6753cfbd227a ......
checking f4205502948b5825254e31d9c82d377beb85d100 ......
	 orig commit -> baabd567f87be05330faa5140f72a91960e7405a ......
checking e6b8f5ade3059be9cf8ab5a290c312d463b54a39 ......
	 orig commit -> f0e421b1bf7af97f026e1bb8bfe4c5a7a8c08f42 ......
checking e817a7fb2f31c2fafc8e6e2dbf649bbd65b2f604 ......
	 orig commit -> a06040d7a791a9177581dcf7293941bd92400856 ......
checking 4775fbcc92d79be414046dd208beb767ed5168e2 ......
	 orig commit -> 55de49f9aa17b0b2b144dd2af587177b9aadf429 ......
checking f2e4f4e538f073029e672d057e574ca8ba4c9c32 ......
	 orig commit -> 994870bead4ab19087a79492400a5478e2906196 ......
checking 88675139a81dcc1305270de5f22205668a1ea796 ......
	 orig commit -> fee960bed5e857eb126c4e56dd9ff85938356579 ......
checking 31a331c8cf2643b36c651fc94eccedcbf0de10c6 ......
	 orig commit -> 0fbdf9953b41c28845fe8d05007ff09634ee3000 ......
checking 5ee1c675ab92d3c8e25f35b5a4a83aa9d62d741d ......
	 orig commit -> d8581c7c8be172dac156a19d261f988a72ce596f ......
checking 03d8b264bcb9187a7127efc0bc18eb5dabdb4ce9 ......
	 orig commit -> d3df1ec06353e51fc44563d2e7e18d42811af290 ......
checking 086ea4b9510c5157e7ec168e977a40cdb5e3d14b ......
	 orig commit -> 9cdd31e5913c1f86dce7e201b086155b3f24896b ......
checking 9f6cea2e3bbd6f90b6328423c384083b4572069f ......
	 orig commit -> 6d80594936914e798b1b54b3bfe4bd68d8418966 ......
checking 3304f5a1cb874c63fcc48f9021320510a73c03f9 ......
	 orig commit -> b7ede5a1f5905ac394cc8e61712a13e3c5cb7b8f ......
checking ee773459557d2242ddf6a2289e4615b4eb0668ae ......
	 orig commit -> 661e6b02b5aa82db31897f36e96324b77450fd7a ......
checking 0ba7e8e3419363c279f8cf68f3b3d3e1e14eb3bc ......
	 orig commit -> 501ad27c67ed0b90df465f23d33e9aed64058a47 ......
checking d0fb4b7d00bba1e11d05aa39bd7db50cb8cfed53 ......
	 orig commit -> cde13b5dad60471886a3bccb4f4134c647c4a9dc ......
checking a685601f85331ec7f8cda1975bddba311441f333 ......
	 orig commit -> f48e91e87e67b56bef63393d1a02c6e22c1d7078 ......
checking 018b91870856035f9bdff45f690b933d67f6efc3 ......
	 orig commit -> fd615f69a18a9d4aa5ef02a1dc83f319f75da8e7 ......
checking 3915c566ea9427947ddc1849c68f64c401a3d5c9 ......
	 orig commit -> e889e96e98e8da97bd39e46b7253615eabe14397 ......
checking 5ba5685a26b1e89e5fccd0373f614fd5d13253a6 ......
	 orig commit -> 68baf692c435339e6295cb470ea5545cbc28160e ......
checking a0da3e00df38673db6f311bb38d31a30de87e6c6 ......
	 orig commit -> d93b0ac01a9ce276ec39644be47001873d3d183c ......
checking 222f1d668d0004612360495a40e0cc003e27e8bc ......
	 orig commit -> daeba2956f32f91f3493788ff6ee02fb1b2f02fa ......
checking 690f09eb52bcedb9853878c98c4e90860f05d99f ......
	 orig commit -> 9765ad134a00a01cbcc69c78ff6defbfad209bc5 ......
checking 2338de43e234d7144c1dff900bf3422b1523ac00 ......
	 orig commit -> 0cd273bb5e4d1828efaaa8dfd11b7928131ed149 ......
checking 8ebb884009b60f662024630a6df8e565ed5956f1 ......
	 orig commit -> 65f921647f4c89a2068478c89691f39b309b58f7 ......
checking 1b24b8c070230d4a539063ca3291233fa0cd80a6 ......
	 orig commit -> fff1abc4d54e469140a699612b4db8d6397bfcba ......
checking 40616929f87e1bb236f5daa0dffa3a95553ac76a ......
	 orig commit -> 950e252cb469f323740d78e4907843acef89eedb ......
checking e42a6715d26bc777b545018d585333ee91cdbbe9 ......
	 orig commit -> 821117dc21083a99dd99174c10848d70ff43de29 ......
checking 28590f1bb601862c663c1e95158ffcc452593ff9 ......
	 orig commit -> 158f0328af86a99d64073851967a02694bff987d ......
checking 64579fcc57fd00e1e9f021eba90d01d3371dc6b7 ......
	 orig commit -> ee0fe833d96793853335844b6d99fb76bd12cbeb ......
checking 466b45af50fd27754dff2982c65396c5ca9d461c ......
	 orig commit -> d5823511c0f8719a39e72ede1bce65411ac653b7 ......
checking 074912daab5584e79e3e8d8291f4cc33b14ac9d3 ......
	 orig commit -> a5cb00eb4223458250b55daf03ac7ea5f424d601 ......
checking 4a9c54250492a1a8c5fa62885c7f3dcd3eefb76b ......
	 orig commit -> aa58fedb8c7b6cf2f05941d238495f9e2f29655c ......
checking e2f95f88106f32b1e82898d0a2a757366e2cbc5f ......
	 orig commit -> 0c32b8ec02832df167e16ad659cb11dc148f2ddf ......
checking 6bee0b1fe4eda64055cbf48a556fd77211f63078 ......
	 orig commit -> 5d9854eaea776441b38a9a45b4e6879524c4f48c ......
		 5d9854eaea776441b38a9a45b4e6879524c4f48c has problem. Fixes commit -> c894acc7bf400d039bf740420b22f0b71b7fb504
commit 3a0c4d9778df57772d07ea241a2cc1f734dee986
Author: Colin Ian King <colin.king@canonical.com>
Date:   Wed Apr 19 15:35:48 2017 +0100

    iio: hid-sensor: fix return of -EINVAL on invalid values in ret or value
    
    
    [ Upstream commit c894acc7bf400d039bf740420b22f0b71b7fb504 ]
    
    Ensure that when an invalid value in ret or value is found -EINVAL
    is returned. A previous commit broke the way the return error is
    being returned and instead caused the return code in ret to be
    re-assigned rather than be returned.
    
    Fixes: 5d9854eaea776 ("iio: hid-sensor: Store restore poll and hysteresis on S3")
    Signed-off-by: Colin Ian King <colin.king@canonical.com>
    Signed-off-by: Jonathan Cameron <jic23@kernel.org>
    Signed-off-by: Sasha Levin <alexander.levin@microsoft.com>
    Signed-off-by: Greg Kroah-Hartman <gregkh@linuxfoundation.org>
checking a99462b13dff9de2aa7941aaad8b4ed10edbb629 ......
	 orig commit -> 84ca8e364acb26aba3292bc113ca8ed4335380fd ......
checking 820adccd0e3be9bdd2384ca8fc4712108cfdf28b ......
	 orig commit -> ee0d8d8482345ff97a75a7d747efc309f13b0d80 ......
checking c67e87a22dd8b39ea1c9864336f7c17175053744 ......
	 orig commit -> bec444cd1c94c48df409a35ad4e5b143c245c3f7 ......
checking 3e4a4e68df087008be9686a9d5cefd90d5341587 ......
	 orig commit -> 2c25a2c818023df64463aac3288a9f969491e507 ......
checking f9cd79e0ad1fa620ff34715d24ae1b671c97bc91 ......
	 orig commit -> 6aeb75e6adfaed16e58780309613a578fe1ee90b ......
checking c3e024ff91806856059c2fad64ad535bf6bf37eb ......
	 orig commit -> 26cede343656c0bc2c33cdc783771282405c7fb2 ......
checking d8fc44d6748862d70d716c2cadd294660563e74e ......
	 orig commit -> 8d7a10dd323993cc40bd37bce8bc570133b0c396 ......
checking 7e5407600663fd7612a46a787063e09c99fc5be6 ......
	 orig commit -> 40dd46048c155b8f0683f468c950a1c107f77a7c ......
checking ee0f3a89842ea7adab3f42d08d98f77f13fa0357 ......
	 orig commit -> dd5ca753fa92fb736b1395db892bd29f78e6d408 ......
checking dbb127332abf38e6df266b9cabee7d73ef6ea6da ......
	 orig commit -> 3c50ffef25855a9d9e4b07b02d756a8cdd653069 ......
checking 08c735a15d5b420879cd096b6c417837e1dbe8fa ......
	 orig commit -> 6df2b42f7c040d57d9ecb67244e04e905ab87ac6 ......
checking ff9177b158c3cf1420846d1114aec4e2b1cb76e5 ......
	 orig commit -> d325a1de49d61ee11aca58a529571c91ecea7879 ......
checking 653cd31a2ca536915dd7e4f68e37d36069f9627a ......
	 orig commit -> bf05b65a9fe5f6a6dd3e72cab2aacd8b5b96e41d ......
checking 4f93054d9b45857cc68bb7f5e8010e086be656ce ......
	 orig commit -> a12b8ab8c5ff7ccd7b107a564743507c850a441d ......
checking c71b5040632f90131e62ecdc83063179cc2ae7af ......
	 orig commit -> 03eb2a557ed552e920a0942b774aaf931596eec1 ......
checking 736f41a47442c164e3cdc8d2a980d3155130163f ......
	 orig commit -> eacb975b48272f54532b62f515a3cf7eefa35123 ......
checking a3adb4721ae2af534b1adf74dfb7f54329fa448c ......
	 orig commit -> 75cf067953d5ee543b3bda90bbfcbee5e1f94ae8 ......
checking 1046d6a51f570cba480077aa9f22b5fe6efe6cc6 ......
	 orig commit -> 7480d912d549f414e0ce39331870899e89a5598c ......
checking 219628bb0c052b95523dfc526aa0027ff0de3a9d ......
	 orig commit -> a0c16630d35a874e82bdf2088f58ecaca1024315 ......
checking 1a926919364fc1840ad3e47b3d900f62483f424b ......
	 orig commit -> 4b148d5144d64ee135b8924350cb0b3a7fd21150 ......
checking 374a3fb5c3b0934cfda09bcf6362058249e7869b ......
	 orig commit -> 5db851cf20857c5504b146046e97cb7781f2a743 ......
checking fa313fd6673e498b6d0b2c87bb3bfedab556c122 ......
	 orig commit -> 8d13c0290655b883df9083a2a0af0d782bc38aef ......
checking af9bd521885569799475fefcf3333a9ace5ce51f ......
	 orig commit -> 6b06cdee81d68a8a829ad8e8d0f31d6836744af9 ......
checking 8daed21dbce1d28fd082ef6f2faf8990ccebfd6f ......
	 orig commit -> 6332cd32c8290a80e929fc044dc5bdba77396e33 ......
checking b9c0da6219e19901c5bea6e5c19514929dae9e18 ......
	 orig commit -> 63afd5cc78775018ea2dec4004428dafa5283e93 ......
checking 545a3171d37fdb5b9390a0852093309dd03ba2a5 ......
	 orig commit -> 5f63424ab7daac840df2b12dd5bcc5b38d50f779 ......
checking 038ccaa5d50e7b338fd6c4b1293d1e2aa0b3d8da ......
	 orig commit -> bb246681b3ed0967489a7401ad528c1aaa1a4c2e ......
checking 2ea2f891fa85a6b8fd2fd6991e16844be39da888 ......
	 orig commit -> 3fd37226216620c1a468afa999739d5016fbc349 ......
checking 6dc6a2700b6a0dd755027654b85bd614d8d3d52b ......
	 orig commit -> b9a985db98961ae1ba0be169f19df1c567e4ffe0 ......
checking 5e40ac3fbd0d733bf32447b44f50ca32efb05e20 ......
	 orig commit -> 224d71f910102c966cdcd782c97e096d5e26e4da ......
checking b894ea8263caee43d90c2f956361f280bc32990d ......
	 orig commit -> 94679061dcdddbafcf24e3bfb526e54dedcc2f2f ......
checking dfb450b2b66e4271c63c10f72c17e2a9967e511c ......
	 orig commit -> ed3730c435f1a9f9559ed7762035d22d8a95adfe ......
checking a03176f92a02f0e1d1965c32b95d65a8bdbd6ac4 ......
	 orig commit -> ce420fd4251809b4c3119b3b20c8b13bd8eba150 ......
checking 05a36277a195264427d5af5718e444bafd75cb44 ......
	 orig commit -> 25e78531268e9240fc594ce76587601b873d37c9 ......
checking 9907c838fc0700de8a614587cc58490c54fd4551 ......
	 orig commit -> 49e67dd17649b60b4d54966e18ec9c80198227f0 ......
checking 80cdf2065bf0e10862b400715672555ef3e49a3e ......
	 orig commit -> b8475cbee5ab2eac05f9cd5dbcc94c453d3cbf10 ......
checking ae5074ba9ef8043e17a13c32402e7a80ef7aafb4 ......
	 orig commit -> eb3100365791b06242b8bb5c3c2854ba41dabfbc ......
checking d10b21d6e56261f5d815b8783f944cae8c6369c1 ......
	 orig commit -> d66bb1607e2d8d384e53f3d93db5c18483c8c4f7 ......
checking 168b2bfaa235e91c2f7a76ac693435e530f486b3 ......
	 orig commit -> 4f58f0bf155e87dda31a3088b1e107fa9dd79f0e ......
checking 3935312995473ce0abc40582d5cda31da3594294 ......
	 orig commit -> ea9a26d117cf0637c71d3e0076f4a124bf5859df ......
checking fc6b678ab1d47085ee0ab3fae4d5289959b45552 ......
	 orig commit -> 21a60f6e65181cad64fd66ccc8080d413721ba27 ......
checking 809ae061d998359783c1bb0c52bba14f4a6397c4 ......
	 orig commit -> 1bb9914e1730417d530de9ed37e59efdc647146b ......
checking 198ab4031873b5511d6ef9b4777cabc4eebcaf18 ......
	 orig commit -> 83977443938122baeed28dc9f078db3da9855f7c ......
checking b77adf29b85687fd593d4dc294fb5cb946b3c0e2 ......
	 orig commit -> 1b0f84380b10ee97f7d2dd191294de9017e94d1d ......
checking 1ec3c712e231468ac1b1024b9747882c444d4b19 ......
	 orig commit -> 330bdf62fe6a6c5b99a647f7bf7157107c9348b3 ......
checking 6445a49a8c592f891ea38fa307d2617e15b2d524 ......
	 orig commit -> 9fc64667ee48c9a25e7dca1a6bcb6906fec5bcc5 ......
checking 16e10490d260493cec30c5e7adacf99ba304d8b9 ......
	 orig commit -> 3733bd8b407211739e72d051e5f30ad82a52c4bc ......
checking e8ee630591963610dd1b5ed9fdfb730c791bd52b ......
	 orig commit -> e4311ee51d1e2676001b2d8fcefd92bdd79aad85 ......
checking d1f006efde1fa224a52a93a0d21eb389bdea851d ......
	 orig commit -> effaf848b957fbf72a3b6a1ad87f5e031eda0b75 ......
checking b334b3492888068a4ae8373f4e813cf7364d4a61 ......
	 orig commit -> e190ed1ea7458e446230de4113cc5d53b8dc4ec8 ......
checking ebf3cf5b9a67c694070ba93d8c31469aeb793266 ......
	 orig commit -> d63c277dc672e0c568481af043359420fa9d4736 ......
		 d63c277dc672e0c568481af043359420fa9d4736 has problem. Fixes commit -> bea10413934dcf98cb9b2dfcdc56e1d28f192897
commit 7f7bb1173db826a292727ee6d7a499cef4e6e0bc
Author: Mario Kleiner <mario.kleiner.de@gmail.com>
Date:   Tue Jun 13 07:17:10 2017 +0200

    drm/amdgpu: Fix overflow of watermark calcs at > 4k resolutions.
    
    commit bea10413934dcf98cb9b2dfcdc56e1d28f192897 upstream.
    
    Commit d63c277dc672e0
    ("drm/amdgpu: Make display watermark calculations more accurate")
    made watermark calculations more accurate, but not for > 4k
    resolutions on 32-Bit architectures, as it introduced an integer
    overflow for those setups and resolutions.
    
    Fix this by proper u64 casting and division.
    
    Signed-off-by: Mario Kleiner <mario.kleiner.de@gmail.com>
    Reported-by: Ben Hutchings <ben.hutchings@codethink.co.uk>
    Fixes: d63c277dc672 ("drm/amdgpu: Make display watermark calculations more accurate")
    Cc: Ben Hutchings <ben.hutchings@codethink.co.uk>
    Cc: Alex Deucher <alexander.deucher@amd.com>
    Signed-off-by: Alex Deucher <alexander.deucher@amd.com>
    Signed-off-by: Greg Kroah-Hartman <gregkh@linuxfoundation.org>
checking adc6647c4f0f6f7f3d838d1ccd7398695b6b0702 ......
	 orig commit -> ebeb36670ecac36c179b5fb5d5c88ff03ba191ec ......
checking c39bafb9ee7a2aaaf71cdcac7bd583ee741b3da2 ......
	 orig commit -> 16ff1fb0e32f76a5d285a6f23b82d21aa52813c6 ......
checking 768ae64b2ab2201cf3d13ecbdc0948e2601f6fd2 ......
	 orig commit -> 07a63cbe8bcb6ba72fb989dcab1ec55ec6c36c7e ......
checking 8c5157c1967e58e1cb83c7d3178284afa98502d4 ......
	 orig commit -> dcc00b79fc3d076832f7240de8870f492629b171 ......
checking c849b4fa8e106f91cfb2750ddd13fa1e399f8234 ......
	 orig commit -> c90722b54a4f5e21ac59301ed9a6dbaa439bdb16 ......
checking 5b00d6c85a92076076da408b50cc4ddb323fc59c ......
	 orig commit -> 75f88115391156b3f0fecbbae76bf870c89bcab8 ......
checking ae382caa96f7fecea180b5879e133605a07ef88a ......
	 orig commit -> 33c9e9729033387ef0521324c62e7eba529294af ......
checking 54e385430e127634cc959955588fa5ee01488494 ......
	 orig commit -> cbfc6c9184ce71b52df4b1d82af5afc81a709178 ......
checking c996ad7568c0ed3be135a5369078a4db30398a6d ......
	 orig commit -> e2c2206a18993bc9f62393d49c7b2066c3845b25 ......
checking b64ecb25b1d5e13f02a5ec8ce3dc031e53bcfdaf ......
	 orig commit -> a575813bfe4bc15aba511a5e91e61d242bff8b9d ......
checking 91034255e42f6026bafb8e8e2b707eb937104bc8 ......
	 orig commit -> 1ac202e978e18f045006d75bd549612620c6ec3a ......
		 1ac202e978e18f045006d75bd549612620c6ec3a has problem. Fixes commit -> b7e27bc1d42e8e0cc58b602b529c25cd0071b336
commit 27a0856c212bd6a741bf058f3e5aed6964feba87
Author: Mimi Zohar <zohar@linux.vnet.ibm.com>
Date:   Wed Nov 8 07:38:28 2017 -0500

    ima: relax requiring a file signature for new files with zero length
    
    
    [ Upstream commit b7e27bc1d42e8e0cc58b602b529c25cd0071b336 ]
    
    Custom policies can require file signatures based on LSM labels.  These
    files are normally created and only afterwards labeled, requiring them
    to be signed.
    
    Instead of requiring file signatures based on LSM labels, entire
    filesystems could require file signatures.  In this case, we need the
    ability of writing new files without requiring file signatures.
    
    The definition of a "new" file was originally defined as any file with
    a length of zero.  Subsequent patches redefined a "new" file to be based
    on the FILE_CREATE open flag.  By combining the open flag with a file
    size of zero, this patch relaxes the file signature requirement.
    
    Fixes: 1ac202e978e1 ima: accept previously set IMA_NEW_FILE
    Signed-off-by: Mimi Zohar <zohar@linux.vnet.ibm.com>
    Signed-off-by: Sasha Levin <alexander.levin@microsoft.com>
    Signed-off-by: Greg Kroah-Hartman <gregkh@linuxfoundation.org>
checking ce7146cf9bdf490b9380af2a5d60bc65c68dbcb9 ......
	 orig commit -> 3c8cb9ad032d737b874e402c59eb51e3c991a144 ......
checking 385eb9b33e1d67704c66f2ac2632ebf723e87892 ......
	 orig commit -> 7e2f18f06408ff56d7f75e68de8064777137b319 ......
checking 444df795edf433aa75f10fc62ae171996dbd833c ......
	 orig commit -> 46cfa2148e7371c537efff1a1c693e58f523089d ......
checking 7e789787878321fc2b1b7869963fa5eeede7402e ......
	 orig commit -> 065e519e71b2c1f41936cce75b46b5ab34adb588 ......
checking fa9a4a9c6d6ffb21c220418384ed9d89f8c18e35 ......
	 orig commit -> 583da48e388f472e8818d9bb60ef6a1d40ee9f9d ......
checking f2bb8bcbc09dfe32138efc44105be9a58fad5cef ......
	 orig commit -> 0377a07c7a035e0d033cd8b29f0cb15244c0916a ......
checking cc681811a92cd7cae589b5026b3d9d3bb1850365 ......
	 orig commit -> 91bcdb92d39711d1adb40c26b653b7978d93eb98 ......
checking eeaf13394d32763d75d3314ca47264e5078076cd ......
	 orig commit -> 13840d38016203f0095cd547b90352812d24b787 ......
checking e69242436b6b086a6f342f715c68389596a9a7ac ......
	 orig commit -> 10add84e276432d9dd8044679a1028dd4084117e ......
checking 042d8dbf69c6ca0d542eaf41480d9303c36c56a9 ......
	 orig commit -> 89bfce763e43fa4897e0d3af6b29ed909df64cfd ......
checking e08047c90c8aa2c0bb2403c30b0692c7f147f200 ......
	 orig commit -> 390020ad2af9ca04844c4f3b1f299ad8746d84c8 ......
checking 98e7b9d45bf443b02a7b8aacb2e502042ea88441 ......
	 orig commit -> 1b0fb5a5b2dc0dddcfa575060441a7176ba7ac37 ......
checking c5066c4c1b7ee20538eebd48e79a93cd4963b72c ......
	 orig commit -> 7b81ef8b14f80033e4a4168d199a0f5fd79b9426 ......
checking 4de8eceefbeabbf367b143cd29108a5ddcfab0e8 ......
	 orig commit -> 7d1fedb6e96a960aa91e4ff70714c3fb09195a5a ......
checking 5db8f42b62daab43666a358d03c98f7a7310a5d6 ......
	 orig commit -> eea40b8f624f25cbc02d55f2d93203f60cee9341 ......
		 eea40b8f624f25cbc02d55f2d93203f60cee9341 has problem. Fixes commit -> 79e25959403e6a79552db28a87abed34de32a1df
24b43c99647bf9be4995e6a6c9c3a923c147770a
commit 2f8b06f906fd5e7b71a001c9f8766550d6992331
Author: Roland Dreier <roland@purestorage.com>
Date:   Tue Jun 6 09:22:00 2017 -0700

    IB/addr: Fix setting source address in addr6_resolve()
    
    commit 79e25959403e6a79552db28a87abed34de32a1df upstream.
    
    Commit eea40b8f624f ("infiniband: call ipv6 route lookup via the stub
    interface") introduced a regression in address resolution when connecting
    to IPv6 destination addresses.  The old code called ip6_route_output(),
    while the new code calls ipv6_stub->ipv6_dst_lookup().  The two are almost
    the same, except that ipv6_dst_lookup() also calls ip6_route_get_saddr()
    if the source address is in6addr_any.
    
    This means that the test of ipv6_addr_any(&fl6.saddr) now never succeeds,
    and so we never copy the source address out.  This ends up causing
    rdma_resolve_addr() to fail, because without a resolved source address,
    cma_acquire_dev() will fail to find an RDMA device to use.  For me, this
    causes connecting to an NVMe over Fabrics target via RoCE / IPv6 to fail.
    
    Fix this by copying out fl6.saddr if ipv6_addr_any() is true for the original
    source address passed into addr6_resolve().  We can drop our call to
    ipv6_dev_get_saddr() because ipv6_dst_lookup() already does that work.
    
    Fixes: eea40b8f624 ("infiniband: call ipv6 route lookup via the stub interface")
    Signed-off-by: Roland Dreier <roland@purestorage.com>
    Acked-by: Paolo Abeni <pabeni@redhat.com>
    Signed-off-by: Doug Ledford <dledford@redhat.com>
    Signed-off-by: Raju Rangoju <rajur@chelsio.com>
    Signed-off-by: Greg Kroah-Hartman <gregkh@linuxfoundation.org>
checking cb5cf8aaba2ede15fd13b52029bf4e5915e6096f ......
	 orig commit -> 0a49f2c31c3efbeb0de3e4b5598764887f629be2 ......
checking ece453e8b0ca45e1b36317042c8aa7f3ef59e440 ......
	 orig commit -> 49b2e27ab9f66b0a22c21980ad8118a4038324ae ......
checking cc15d340ec6a63aec4b0f68465f79b79add847eb ......
	 orig commit -> 8569defde8057258835c51ce01a33de82e14b148 ......
checking 0c150305212b7afc3c8f90d3fe165ba902cc28f9 ......
	 orig commit -> 0afb7118ae021e80ecf70f5a3336e0935505518a ......
checking 40ca1fd38e110d26a7d4f268425550aceb453471 ......
	 orig commit -> a233a0289cf9a96ef9b42c730a7621ccbf9a6f98 ......
checking 568ea0dcc27ed8855361a204cd0cdb7c38189268 ......
	 orig commit -> 5cc0101d1f88500f8901d01b035af743215d4c3a ......
checking c4b3779c978339a5b169ed08d773f9f98e15aa99 ......
	 orig commit -> 591e48c26ced7c455751eef27fb5963e902c2137 ......
checking d513cf24e240f8c7a9127b566b915ce9730fd23e ......
	 orig commit -> e110cc69dc2ad679d6d478df636b99b14e6fbbc9 ......
checking daa432c1a65a541b413111328f8aea61161ad372 ......
	 orig commit -> 975094ddc369a32f27210248bdd9bbd153061b00 ......
checking aad1e5c81cbb0617ef544f65d2e4b41fed05484f ......
	 orig commit -> f848f2143ae42dc0918400039257a893835254d1 ......
checking cc0f994c205df817b9ed4a29fd712fa0da82c68b ......
	 orig commit -> 4ff33aafd32e084f5ee7faa54ba06e95f8b1b8af ......
checking e8b6d43ce3ea4afd8aecf2ac6a8523b085058db0 ......
	 orig commit -> 0c18927f51f4d390abdcf385bff5f995407ee732 ......
checking 0251f6affb1170a3c3364651a1c2757526cbfb88 ......
	 orig commit -> 960013762df0a214b57f2fce655422fb52bdfd2c ......
checking 5c1bd0cb49929e84bfafc2c442dfa9b54e26a4a4 ......
	 orig commit -> 302a6ad7fc77146191126a1f3e2c5d724fd72416 ......
checking 3888f62943bbc77496dc919080296c3a954b56a9 ......
	 orig commit -> 2f964780c03b73de269b08d12aff96a9618d13f3 ......
checking 5d263d94a870a774a24acb2a2cc1e79ef39c2416 ......
	 orig commit -> 3e21f4af170bebf47c187c1ff8bf155583c9f3b1 ......
checking 7a2b8471ab1243437215468b4da6c5ddfd4d80da ......
	 orig commit -> 46c319b848268dab3f0e7c4a5b6e9146d3bca8a4 ......
checking 6e2078c100929be9e21229c6c6732bd8ff0d88c2 ......
	 orig commit -> 628c2893d44876ddd11602400c70606ade62e129 ......
checking 7d96e4a404c1eec5a4f941d2af572a252028b462 ......
	 orig commit -> 0bd193d62b4270a2a7a09da43ad1034c7ca5b3d3 ......
checking 810b7c5599540d4f17c4fbda2a5c03b5e0e39a11 ......
	 orig commit -> 942a48730faf149ccbf3e12ac718aee120bb3529 ......
		 942a48730faf149ccbf3e12ac718aee120bb3529 has problem. Fixes commit -> 0bd193d62b4270a2a7a09da43ad1034c7ca5b3d3
commit 7d96e4a404c1eec5a4f941d2af572a252028b462
Author: Maksim Salau <maksim.salau@gmail.com>
Date:   Sat May 13 23:49:26 2017 +0300

    usb: misc: legousbtower: Fix memory leak
    
    commit 0bd193d62b4270a2a7a09da43ad1034c7ca5b3d3 upstream.
    
    get_version_reply is not freed if function returns with success.
    
    Fixes: 942a48730faf ("usb: misc: legousbtower: Fix buffers on stack")
    Reported-by: Heikki Krogerus <heikki.krogerus@linux.intel.com>
    Signed-off-by: Maksim Salau <maksim.salau@gmail.com>
    Signed-off-by: Greg Kroah-Hartman <gregkh@linuxfoundation.org>
