Check from v4.9.141 to v4.9.142
Commit count: 91
checking 68ae960f6d2aac4289d8872cbc4e1d79d4934e70 ......
checking 1f89834896bb627dd54931519e148ea74ef53d05 ......
	 orig commit -> e2598077dc6a26c9644393e5c21f22a90dbdccdb ......
checking 166f4542ec59d1856a558f3b1ec482730c2a9b7f ......
	 orig commit -> 0d73a55208e94fc9fb6deaeea61438cd3280d4c0 ......
checking 87043e4ca018a4bc667aa4285f2d4f588e999a84 ......
	 orig commit -> 50b977481fce90aa5fbda55e330b9d722733e358 ......
checking 5f9fb1a0a59a94c431e5f3b215e7c6697aaf9cc3 ......
	 orig commit -> f3cc6b25dcc5616f0d5c720009b2ac66f97df2ff ......
checking 5fed1ff84587669fa55c21233ccb621f1c81369f ......
	 orig commit -> 19339c251607a3defc7f089511ce8561936fee45 ......
checking a49f03472b50a2e52be939b2ba0da2d8b3af5c40 ......
	 orig commit -> f18fa5de5ba7f1d6650951502bb96a6e4715a948 ......
checking 2188cf062e566e1d8c350ccafd5f29c9be97e506 ......
	 orig commit -> 1843abd03250115af6cec0892683e70cf2297c25 ......
checking a1b53b1b06be2e46f17d6330cc1721d0752042df ......
	 orig commit -> 760db29bdc97b73ff60b091315ad787b1deb5cf5 ......
checking 0c41beebcdf9b0142eb774eae13352c76c9eea9f ......
	 orig commit -> 30aba6656f61ed44cba445a3c0d38b296fa9e8f5 ......
checking 5a416ed93d0b6a1a8cb83cc036154e66fd83d042 ......
	 orig commit -> 896bbb2522587e3b8eb2a0d204d43ccc1042a00d ......
checking 0c9aa4da453033461b4cb8387def8111b83c424b ......
	 orig commit -> 958c0bd86075d4ef1c936998deefe1947e539240 ......
checking e2e3a814194c453ca8bac45f42f8c9f43a475ced ......
	 orig commit -> b97b3d9fb57860a60592859e332de7759fd54c2e ......
checking 3540460e924b3fd975c2a824d33776ed04ba445e ......
	 orig commit -> c9a8e5fce009e3c601a43c49ea9dbcb25d1ffac5 ......
checking 674004e6c4fcf6b7a9a70cdefec2f2fd0069fa0a ......
	 orig commit -> 4d54954a197175c0dcb3c82af0c0740d0c5f827a ......
checking f8c66aba27fa9aef4aa0560bea3e6ba48a546f63 ......
	 orig commit -> afa3dfd42d205b106787476647735aa1de1a5d02 ......
checking 99a3bd3d00a1bd6e583149cf36460e3e4c505012 ......
	 orig commit -> 30fc33f1ef475480dc5bea4fe1bda84b003b992c ......
checking 0967f4de8e46f8e0767855ef5320feeffd3bc2de ......
	 orig commit -> f2a785ac23125fa0774327d39e837e45cf28fe92 ......
checking 675d91966d1ab9ea0371c66b126d1427aaac0415 ......
	 orig commit -> e3ce73d69aff44421d7899b235fec5ac2c306ff4 ......
checking 6bea268e0c3c6807db4c67f37a883aeabebef12a ......
	 orig commit -> 3d8bd85c2c9e47ed2c82348aa5b6029ed48376ae ......
checking c8144277c0ad48c5633e91f979874632a0032084 ......
	 orig commit -> c44c040300d7afd79294710313a4989683e2afb1 ......
checking c34774ea1bc322560d401e55f5cc1438c2c3cf30 ......
	 orig commit -> 5190f2e405919cd30ba2f12c58129fb2d71cd6b6 ......
checking b4f8e4c870b73f3f48a2951584c739cc40ccf366 ......
	 orig commit -> ec815dd2a5f110f627d7955e0027a3a008f68166 ......
checking 2091b8cd4b4b702b7057e2eeb64e73ce3706cc58 ......
	 orig commit -> 9afdd6128c39f42398041bb2e017d8df0dcebcd1 ......
checking bf390abe940e4678d83a6f5924b4b2f396e7d3cf ......
	 orig commit -> 9735082a7cbae572c2eabdc45acecc8c9fa0759b ......
checking 29956d84355e0b42cedc2287567be79190f85d16 ......
	 orig commit -> dd6bee81c942c0ea01030da9356026afb88f9d18 ......
checking dd15a17fd023d318230f960ed98743dab7cc5159 ......
	 orig commit -> c1ba08390a8bb13c927e699330896adc15b78205 ......
		 c1ba08390a8bb13c927e699330896adc15b78205 has problem. Fixes commit -> dd6bee81c942c0ea01030da9356026afb88f9d18
commit 29956d84355e0b42cedc2287567be79190f85d16
Author: Enno Boland <gottox@voidlinux.eu>
Date:   Tue Jun 19 11:55:33 2018 -0700

    Input: xpad - fix GPD Win 2 controller name
    
    [ Upstream commit dd6bee81c942c0ea01030da9356026afb88f9d18 ]
    
    This fixes using the controller with SDL2.
    
    SDL2 has a naive algorithm to apply the correct settings to a controller.
    For X-Box compatible controllers it expects that the controller name
    contains a variation of a 'XBOX'-string.
    
    This patch changes the identifier to contain "X-Box" as substring.  Tested
    with Steam and C-Dogs-SDL which both detect the controller properly after
    adding this patch.
    
    Fixes: c1ba08390a8b ("Input: xpad - add GPD Win 2 Controller USB IDs")
    Cc: stable@vger.kernel.org
    Signed-off-by: Enno Boland <gottox@voidlinux.eu>
    Signed-off-by: Dmitry Torokhov <dmitry.torokhov@gmail.com>
    Signed-off-by: Sasha Levin <sashal@kernel.org>
checking ad897a4649dfb3bd467daba2ad5f801ed906fb51 ......
	 orig commit -> a01308031c2647ed5f1c845104b73a8820a958a9 ......
checking cade531f0a82b7e016dac62bf029f1bb3fde610e ......
	 orig commit -> 68c78d0155e37992268664e134996d2b140ddf38 ......
checking 7044e32b333fc2be4b14438281b58b4216a9a6ea ......
	 orig commit -> c6c848572f4da0e34ffe0a35364b4db871e13e42 ......
checking edcfecdc9a3d7efd845853ad9557bd8145ad2f7e ......
	 orig commit -> e5c9c6a885fad00aa559b49d8fc23a60e290824e ......
		 e5c9c6a885fad00aa559b49d8fc23a60e290824e has problem. Fixes commit -> a6754fae1e66e9a40fed406290d7ca3f2b4d227c
commit 3ea71da2203dc62adeb4e0007a9f64ea3a4c8c3a
Author: Cameron Gutman <aicommander@gmail.com>
Date:   Thu Nov 29 10:09:33 2018 -0800

    Input: xpad - quirk all PDP Xbox One gamepads
    
    commit a6754fae1e66e9a40fed406290d7ca3f2b4d227c upstream.
    
    Since we continue to find tons of new variants [0,1,2,3,4,5,6] that
    need the PDP quirk, let's just quirk all devices from PDP.
    
    [0]: https://github.com/paroj/xpad/pull/104
    [1]: https://github.com/paroj/xpad/pull/105
    [2]: https://github.com/paroj/xpad/pull/108
    [3]: https://github.com/paroj/xpad/pull/109
    [4]: https://github.com/paroj/xpad/pull/112
    [5]: https://github.com/paroj/xpad/pull/115
    [6]: https://github.com/paroj/xpad/pull/116
    
    Fixes: e5c9c6a885fa ("Input: xpad - add support for PDP Xbox One controllers")
    Cc: stable@vger.kernel.org
    Signed-off-by: Cameron Gutman <aicommander@gmail.com>
    Signed-off-by: Dmitry Torokhov <dmitry.torokhov@gmail.com>
    Signed-off-by: Greg Kroah-Hartman <gregkh@linuxfoundation.org>
checking ac8f836e6d6d200a23849c7642a709e80d03c880 ......
	 orig commit -> 122d6a347329818419b032c5a1776e6b3866d9b9 ......
checking 7d6d5fc8b6575080970416c0a9ae1f055fb0ffdd ......
	 orig commit -> f5308d1b83eba20e69df5e0926ba7257c8dd9074 ......
checking 8b20c25842c9db2b0146b6b4a51a13230473fd8d ......
	 orig commit -> 94aef061c796d3d47f1a2eed41e651ffaaade402 ......
checking 70f356afc4651f0c77aacb3eb1b248f4ce072788 ......
	 orig commit -> be19788c73d382f66dd3fba3c5ccef59cf12a126 ......
checking e7bb7516b6d8cfe968fab0f0fe775e9ba6d1cd82 ......
	 orig commit -> c225370e01b87d3c4ef40d98295ac0bb1e5a3116 ......
checking 34784d6d7ec701618f2928b1d05dbfaa7115c245 ......
	 orig commit -> 4706aa075662fe3cad29c3f49b50878de53f4f3b ......
checking c5b83f357f303fdabb40a2d142aca4f76a0f3bb8 ......
	 orig commit -> 44bc722593201da43862b7200ee0b98155410b07 ......
checking 5ff2a1a88102be773796ccdf3ecf3f3b40323a47 ......
	 orig commit -> 873cb582738fde338ecaeaca594560cde2ba42c3 ......
checking 574d843969d4cd267bcd0eb2f7154df6d86cdd22 ......
	 orig commit -> 81093c9848a781b85163d06de92ef8f84528cf6a ......
		 81093c9848a781b85163d06de92ef8f84528cf6a has problem. Fixes commit -> f5308d1b83eba20e69df5e0926ba7257c8dd9074
commit 7d6d5fc8b6575080970416c0a9ae1f055fb0ffdd
Author: Cameron Gutman <aicommander@gmail.com>
Date:   Thu Aug 31 11:52:20 2017 -0700

    Input: xpad - fix PowerA init quirk for some gamepad models
    
    [ Upstream commit f5308d1b83eba20e69df5e0926ba7257c8dd9074 ]
    
    The PowerA gamepad initialization quirk worked with the PowerA
    wired gamepad I had around (0x24c6:0x543a), but a user reported [0]
    that it didn't work for him, even though our gamepads shared the
    same vendor and product IDs.
    
    When I initially implemented the PowerA quirk, I wanted to avoid
    actually triggering the rumble action during init. My tests showed
    that my gamepad would work correctly even if it received a rumble
    of 0 intensity, so that's what I went with.
    
    Unfortunately, this apparently isn't true for all models (perhaps
    a firmware difference?). This non-working gamepad seems to require
    the real magic rumble packet that the Microsoft driver sends, which
    actually vibrates the gamepad. To counteract this effect, I still
    send the old zero-rumble PowerA quirk packet which cancels the
    rumble effect before the motors can spin up enough to vibrate.
    
    [0]: https://github.com/paroj/xpad/issues/48#issuecomment-313904867
    
    Reported-by: Kyle Beauchamp <kyleabeauchamp@gmail.com>
    Tested-by: Kyle Beauchamp <kyleabeauchamp@gmail.com>
    Fixes: 81093c9848a7 ("Input: xpad - support some quirky Xbox One pads")
    Cc: stable@vger.kernel.org # v4.12
    Signed-off-by: Cameron Gutman <aicommander@gmail.com>
    Signed-off-by: Dmitry Torokhov <dmitry.torokhov@gmail.com>
    Signed-off-by: Sasha Levin <sashal@kernel.org>
checking 51b54b80fbc06790f10b34b5fb0e85e9d4eda5b9 ......
	 orig commit -> a1fbf5bbef025b4844162b3b8868888003a7ee9c ......
checking e9c7ce1389f0e52959ad5a7360aa5c7b542a041c ......
	 orig commit -> 57b8443d3e5bd046a519ff714ca31c64c7f04309 ......
checking 82e3ce0fd874a54dfe15da32bb092bc3558b17d2 ......
	 orig commit -> c01b5e7464f0cf20936d7467c7528163c4e2782d ......
checking 31abdb63b18584aee54a610468dc790e8fa822fb ......
	 orig commit -> a8c34e27fb1ece928ec728bfe596aa6ca0b1928a ......
checking 69f7143da0507677b78c3d62f1479ea9df6d74aa ......
	 orig commit -> 4f88476c75429ba9ab71c428b4cd2f67575bc9c1 ......
checking b05c3b911eb551f16fca565baba5b946ead469fe ......
	 orig commit -> c02fc1d9e5d9f093296e43e13ec7f35f140784bd ......
checking cf82f5ff44828f5bf8ec808962130600e00f5117 ......
	 orig commit -> ae3b4469dbcd3b842a9fd20940946e4d092d8731 ......
checking d6418e12132768320ed571b1f3e47cd8d8ae466b ......
	 orig commit -> 599b8c09d974d6e4d85a8f7bc8ed7442977866a8 ......
checking 5f0de882e77fd578d7c5bb5fbc8c92c1169e80c0 ......
	 orig commit -> ebaa4b1620bf69f2bc43cb45ea85fbafdaec23c3 ......
checking 272991176af2335b37be8fc3f0ab17ff96cace9d ......
checking ab076d20c28cc0b8a5db5a81148aa93acd7888ba ......
	 orig commit -> d397dbe606120a1ea1b11b0020c3f7a3852da5ac ......
checking b694d8d9ece3644d9e99d821564fc90e017a79d0 ......
	 orig commit -> 5bf59773aaf36dd62117dc83d50e1bbf9ef432da ......
checking 95cd1aacf9cea9b9ec86a24493a021e08356b5d0 ......
	 orig commit -> 36156f9241cb0f9e37d998052873ca7501ad4b36 ......
checking d77eacdb1e30fbed315c2e09ba7a4e919d5f3348 ......
	 orig commit -> 1a413646931cb14442065cfc17561e50f5b5bb44 ......
checking b57951ed2b6d5a064be3956dbc0c0271ca13657a ......
	 orig commit -> 33412b8673135b18ea42beb7f5117ed0091798b6 ......
checking 636374c50312db9d6cebab8466dbfc7dbb2a5591 ......
	 orig commit -> 437ccdc8ce629470babdda1a7086e2f477048cbd ......
checking 8f9b3dd5a72de54958523d8096ab60b2bae96d38 ......
	 orig commit -> c2b94c72d93d0929f48157eef128c4f9d2e603ce ......
checking 35a0620fec6b6bf07914710b71f1580327c0317d ......
	 orig commit -> e3d5e573a54dabdc0f9f3cb039d799323372b251 ......
checking 19b7cd1bc134ba7c2db982f3d3e462e81c68dda4 ......
	 orig commit -> c10a8de0d32e95b0b8c7c17b6dc09baea5a5a899 ......
checking 99bfbe579c19d91917a81f4d2b9f092cf8bb7278 ......
	 orig commit -> 43c6494fa1499912c8177e71450c0279041152a6 ......
checking 03781eb59c0872d6a60602f06a5bfe59c0b271fb ......
	 orig commit -> de7b75d82f70c5469675b99ad632983c50b6f7e7 ......
checking ab509b4f9507c208148fe5bbbc234989729f1d7d ......
	 orig commit -> 9bde0afb7a906f1dabdba37162551565740b862d ......
checking 3955562527ee530e88c3197d1809f90b5dcc45f5 ......
	 orig commit -> 6ef28a04d1ccf718eee069b72132ce4aa1e52ab9 ......
checking c57911f06591a2255c66d37880078d202d568f9e ......
	 orig commit -> 28c5bcf74fa07c25d5bd118d1271920f51ce2a98 ......
checking 0c7c4c4ae9fef2806ff0c4f5a57e51e3e778b5ac ......
	 orig commit -> e39f9dd8206ad66992ac0e6218ef1ba746f2cce9 ......
		 e39f9dd8206ad66992ac0e6218ef1ba746f2cce9 has problem. Fixes commit -> 614b1868a125a0ba24be08f3a7fa832ddcde6bca
commit 609a4c7977ff44269a04a2b71ad991c2feb9f849
Author: Jerome Brunet <jbrunet@baylibre.com>
Date:   Tue Nov 13 11:55:36 2018 +0100

    pinctrl: meson: fix pull enable register calculation
    
    [ Upstream commit 614b1868a125a0ba24be08f3a7fa832ddcde6bca ]
    
    We just changed the code so we apply bias disable on the correct
    register but forgot to align the register calculation. The result
    is that we apply the change on the correct register, but possibly
    at the incorrect offset/bit
    
    This went undetected because offsets tends to be the same between
    REG_PULL and REG_PULLEN for a given pin the EE controller. This
    is not true for the AO controller.
    
    Fixes: e39f9dd8206a ("pinctrl: meson: fix pinconf bias disable")
    Signed-off-by: Jerome Brunet <jbrunet@baylibre.com>
    Acked-by: Neil Armstrong <narmstrong@baylibre.com>
    Signed-off-by: Linus Walleij <linus.walleij@linaro.org>
    Signed-off-by: Sasha Levin <sashal@kernel.org>
checking 1a8174028d894936a21260975047bff64a392f1f ......
	 orig commit -> 2f31a67f01a8beb22cae754c53522cb61a005750 ......
		 2f31a67f01a8beb22cae754c53522cb61a005750 has problem. Fixes commit -> d92f2c59cc2cbca6bfb2cc54882b58ba76b15fd4
45f750c16cae3625014c14c77bd9005eda975d35
commit e953031c6d837511b8316e9a979f872cc2509d38
Author: Mathias Nyman <mathias.nyman@linux.intel.com>
Date:   Fri Dec 14 10:54:43 2018 +0200

    xhci: Don't prevent USB2 bus suspend in state check intended for USB3 only
    
    commit 45f750c16cae3625014c14c77bd9005eda975d35 upstream.
    
    The code to prevent a bus suspend if a USB3 port was still in link training
    also reacted to USB2 port polling state.
    This caused bus suspend to busyloop in some cases.
    USB2 polling state is different from USB3, and should not prevent bus
    suspend.
    
    Limit the USB3 link training state check to USB3 root hub ports only.
    The origial commit went to stable so this need to be applied there as well
    
    Fixes: 2f31a67f01a8 ("usb: xhci: Prevent bus suspend if a port connect change or polling state is detected")
    Cc: stable@vger.kernel.org
    Signed-off-by: Mathias Nyman <mathias.nyman@linux.intel.com>
    Signed-off-by: Greg Kroah-Hartman <gregkh@linuxfoundation.org>
commit e953031c6d837511b8316e9a979f872cc2509d38
Author: Mathias Nyman <mathias.nyman@linux.intel.com>
Date:   Fri Dec 14 10:54:43 2018 +0200

    xhci: Don't prevent USB2 bus suspend in state check intended for USB3 only
    
    commit 45f750c16cae3625014c14c77bd9005eda975d35 upstream.
    
    The code to prevent a bus suspend if a USB3 port was still in link training
    also reacted to USB2 port polling state.
    This caused bus suspend to busyloop in some cases.
    USB2 polling state is different from USB3, and should not prevent bus
    suspend.
    
    Limit the USB3 link training state check to USB3 root hub ports only.
    The origial commit went to stable so this need to be applied there as well
    
    Fixes: 2f31a67f01a8 ("usb: xhci: Prevent bus suspend if a port connect change or polling state is detected")
    Cc: stable@vger.kernel.org
    Signed-off-by: Mathias Nyman <mathias.nyman@linux.intel.com>
    Signed-off-by: Greg Kroah-Hartman <gregkh@linuxfoundation.org>
checking 415592434d912ef06109149d6b480e5911b55eb8 ......
	 orig commit -> a0e0cb82804a6a21d9067022c2dfdf80d11da429 ......
checking 7f6a5410f5419d8144988b6b31ffe0b300fd341e ......
	 orig commit -> e6f9bc34d3779cb7b6a337afed5de8be3f0fab77 ......
checking c4c2c2870a8c0ba25b7871ec2f3d573031e8429a ......
	 orig commit -> 7da11ba5c5066dadc2e96835a6233d56d7b7764a ......
		 7da11ba5c5066dadc2e96835a6233d56d7b7764a has problem. Fixes commit -> 7b12c8189a3dc50638e7d53714c88007268d47ef
commit 69129bcefbf9172507b5d783645c35b442e1ceb8
Author: Manfred Schlaegl <manfred.schlaegl@ginzinger.com>
Date:   Wed Dec 19 19:39:58 2018 +0100

    can: dev: __can_get_echo_skb(): fix bogous check for non-existing skb by removing it
    
    commit 7b12c8189a3dc50638e7d53714c88007268d47ef upstream.
    
    This patch revert commit 7da11ba5c506
    ("can: dev: __can_get_echo_skb(): print error message, if trying to echo non existing skb")
    
    After introduction of this change we encountered following new error
    message on various i.MX plattforms (flexcan):
    
    | flexcan 53fc8000.can can0: __can_get_echo_skb: BUG! Trying to echo non
    | existing skb: can_priv::echo_skb[0]
    
    The introduction of the message was a mistake because
    priv->echo_skb[idx] = NULL is a perfectly valid in following case: If
    CAN_RAW_LOOPBACK is disabled (setsockopt) in applications, the pkt_type
    of the tx skb's given to can_put_echo_skb is set to PACKET_LOOPBACK. In
    this case can_put_echo_skb will not set priv->echo_skb[idx]. It is
    therefore kept NULL.
    
    As additional argument for revert: The order of check and usage of idx
    was changed. idx is used to access an array element before checking it's
    boundaries.
    
    Signed-off-by: Manfred Schlaegl <manfred.schlaegl@ginzinger.com>
    Fixes: 7da11ba5c506 ("can: dev: __can_get_echo_skb(): print error message, if trying to echo non existing skb")
    Cc: linux-stable <stable@vger.kernel.org>
    Signed-off-by: Marc Kleine-Budde <mkl@pengutronix.de>
    Signed-off-by: Greg Kroah-Hartman <gregkh@linuxfoundation.org>
checking 8aa60a6d605d1598fc3a3a36c37d9f568db5b0fc ......
	 orig commit -> e7a6994d043a1e31d5b17706a22ce33d2a3e4cdc ......
checking 5adc1c548aa5e684fd312c8a7c822f2f47a04b4e ......
	 orig commit -> 200f5c49f7a2cd694436bfc6cb0662b794c96736 ......
checking 8bcd10db1c4f8ee531407ad8b200fc9a79b49e3b ......
	 orig commit -> a4310fa2f24687888ce80fdb0e88583561a23700 ......
checking 0bf67de5daa4c6de5ad8bb9f4349de98d94d9b82 ......
	 orig commit -> 5478ad10e7850ce3d8b7056db05ddfa3c9ddad9a ......
checking 7fdaacc08451580b4dc2514e37d08ea5b4f09ef3 ......
	 orig commit -> 7989b9ee8bafe5cc625381dd0c3c4586de27ca26 ......
checking f1c32bab45f366b268b10c8a00ef15d3a699b4f3 ......
	 orig commit -> 1a37bd823891568f8721989aed0615835632d81a ......
checking 789c6944efa0e39bbad9d91b7f7c2632e871823d ......
	 orig commit -> 61448479a9f2c954cde0cfe778cb6bec5d0a748d ......
checking 2a1220041c3d819fee7f61e198f012bb19baa212 ......
	 orig commit -> 604d415e2bd642b7e02c80e719e0396b9d4a77a6 ......
checking 50c00054ebd9096fc2232c65d1ba11575c16e13c ......
	 orig commit -> 4c62bd9cea7bcf10292f7e4c57a2bca332942697 ......
checking e044554e97e812eb257d073bcc130e0ea653858f ......
	 orig commit -> df132eff463873e14e019a07f387b4d577d6d1f9 ......
checking ecfcb85cd637e1c6e855323e7195cd7242faa894 ......
	 orig commit -> 9f2df09a33aa2c76ce6385d382693f98d7f2f07e ......
checking 47ff7629822ee2e1767f9c2886a47b1b075549f5 ......
	 orig commit -> 4458bba09788e70e8fb39ad003f087cd9dfbd6ac ......
checking 3a0e8e3587454c5f1c02b8450a4b71e517a7a1be ......
	 orig commit -> 81c99089bce693b94b775b6eb888115d2d540086 ......
checking 8af78a66b255b80c5ffd2c6ce3bb7f2f48ec4437 ......
	 orig commit -> 9de9aa45e9bd67232e000cca42ceb134b8ae51b6 ......
checking a62e87afaaa8d4915062540e5bef69ec426754d8 ......
	 orig commit -> d1fe6ad6f6bd61c84788d3a7b11e459a439c6169 ......
checking 3d44c295310216685a12023d910b474dff38799d ......
	 orig commit -> 82715ac71e6b94a2c2136e31f3a8e6748e33aa8c ......
checking 91a292b850cbb8ccfffb6ef66402ff452cdab48c ......
	 orig commit -> ec484d03ef0df8d34086b95710e355a259cbe1f2 ......
checking 2e668d7f1ab5963375798157e8d45c982b1f3d89 ......
	 orig commit -> a05a14049999598a3bb6fab12db6b768a0215522 ......
checking 1b90193990ac928c58f282cc26e7c75e34f20c28 ......
	 orig commit -> cb5d21946d2a2f4687c482ab4604af1d29dac35a ......
checking 43bc9c671e5e6fe4d994972f2c5b981b78bc7115 ......
	 orig commit -> a5baeaeabcca3244782a9b6382ebab6f8a58f583 ......
checking 6d5da206d6fa16ba75ea22a7e2a31b180f4e7b02 ......
	 orig commit -> 08fd9a82fda86529bb2f2af3c2f7cb657b4d3066 ......
checking b7e04483ba7c3f5c9da0bf83da3f7ffdb4f60fb3 ......
	 orig commit -> 22454b79e6de05fa61a2a72d00d2eed798abbb75 ......
