Check from v4.9.27 to v4.9.28
Commit count: 102
checking 58cd97ff374b7c6c39c9a78595a5eb75a56a08ac ......
checking 6a7620744e89c99b5f9aeaf083766d48b0500d87 ......
	 orig commit -> 19b7ccf8651df09d274671b53039c672a52ad84d ......
checking 48d9fa1ece5ee453d4c08a7feec74c966939a25c ......
	 orig commit -> 3089c1df10e2931b1d72d2ffa7d86431084c86b3 ......
checking 347d07bf3add9bc1a7d52fad2f8efea61aa75c38 ......
	 orig commit -> e7ee74b56f23ba447d3124f2eccc32033cca501d ......
checking bbd839a40dde64d9cffee083225415f94f9a8106 ......
	 orig commit -> 42c7372a111630dab200c2f959424f5ec3bf79a4 ......
checking 5d7ab8339a9a9e745c672279437657654268be81 ......
	 orig commit -> 84d582d236dc1f9085e741affc72e9ba061a67c2 ......
checking 93862955cbf485215f0677229292d0f358af55fc ......
	 orig commit -> b9dd46188edc2f0d1f37328637860bb65a771124 ......
checking 265d382cc8db2ad14eba3398041606cf44e7ec89 ......
	 orig commit -> 922c60e89d52730050c6ccca218bff40cc8bcd8e ......
checking ced0a31e667fbf618591f0a76a8213018407cde0 ......
	 orig commit -> 0d0e57697f162da4aa218b5feafe614fb666db07 ......
checking e37aab9c63b87dd4ece0b570d3886f7c6c03b549 ......
	 orig commit -> ac45bd93a5035c2f39c9862b8b6ed692db0fdc87 ......
checking 8795ee7bed243c291d30830efe925966253aa2d6 ......
	 orig commit -> 242d3a49a2a1a71d8eb9f953db1bcaa9d698ce00 ......
		 242d3a49a2a1a71d8eb9f953db1bcaa9d698ce00 has problem. Fixes commit -> 76da0704507bbc51875013f6557877ab308cfd0a
commit 41e4fbdf24c844fe6a568eb789691dc9184bee9e
Author: WANG Cong <xiyou.wangcong@gmail.com>
Date:   Tue Jun 20 11:42:27 2017 -0700

    ipv6: only call ip6_route_dev_notify() once for NETDEV_UNREGISTER
    
    commit 76da0704507bbc51875013f6557877ab308cfd0a upstream.
    
    In commit 242d3a49a2a1 ("ipv6: reorder ip6_route_dev_notifier after ipv6_dev_notf")
    I assumed NETDEV_REGISTER and NETDEV_UNREGISTER are paired,
    unfortunately, as reported by jeffy, netdev_wait_allrefs()
    could rebroadcast NETDEV_UNREGISTER event until all refs are
    gone.
    
    We have to add an additional check to avoid this corner case.
    For netdev_wait_allrefs() dev->reg_state is NETREG_UNREGISTERED,
    for dev_change_net_namespace(), dev->reg_state is
    NETREG_REGISTERED. So check for dev->reg_state != NETREG_UNREGISTERED.
    
    Fixes: 242d3a49a2a1 ("ipv6: reorder ip6_route_dev_notifier after ipv6_dev_notf")
    Reported-by: jeffy <jeffy.chen@rock-chips.com>
    Cc: David Ahern <dsahern@gmail.com>
    Signed-off-by: Cong Wang <xiyou.wangcong@gmail.com>
    Acked-by: David Ahern <dsahern@gmail.com>
    Signed-off-by: David S. Miller <davem@davemloft.net>
    Cc: Konstantin Khlebnikov <khlebnikov@yandex-team.ru>
    Signed-off-by: Greg Kroah-Hartman <gregkh@linuxfoundation.org>
checking ecbd3ed2ddfe5fbae4db6aa3a0903af479e0543d ......
	 orig commit -> 2f460933f58eee3393aba64f0f6d14acb08d1724 ......
checking 5d8e07740c69fac6ebd6cc0657a41e561e50d124 ......
	 orig commit -> 77ef033b687c3e030017c94a29bf6ea3aaaef678 ......
checking f1906530860104b9c7e1b66302fc2029f6a92461 ......
	 orig commit -> 86f4c90a1c5c1493f07f2d12c1079f5bf01936f2 ......
checking 747a00193f261f952c9dac86621441ba53e20f58 ......
	 orig commit -> 8b485ce69876c65db12ed390e7f9c0d2a64eff2c ......
checking 78f032b071c170999b1485bc9d11c1a29414060e ......
	 orig commit -> 4c54dc0277d0d55a9248c43aebd31858f926a056 ......
checking 0f4ac291a7687ad4a26cbef573aeb184e341a822 ......
	 orig commit -> 6d717134a1a6e1b34a7d0d70e953037bc2642046 ......
checking 91260baa9d673bc7b4e0ca95d94e2b086a597773 ......
	 orig commit -> a9f11f963a546fea9144f6a6d1a307e814a387e7 ......
checking 493d0a7be31caba12734942d14fa28bed389862a ......
	 orig commit -> ddc665a4bb4b728b4e6ecec8db1b64efa9184b9c ......
checking 7bca0a9702edfc8d0e7e46f984ca422ffdbe0498 ......
	 orig commit -> 332270fdc8b6fba07d059a9ad44df9e1a2ad4529 ......
checking f3235cbd5be15aa084d5561c2eb8492ed68cd7e5 ......
	 orig commit -> 7162fb242cb8322beb558828fd26b33c3e9fc805 ......
checking 3b0129d4111e53927c2bc3c6b78a2b12ad71268b ......
	 orig commit -> 5294b83086cc1c35b4efeca03644cf9d12282e5b ......
checking 22d6b013ffcf4809b4fe03b240855c6f8eb54599 ......
	 orig commit -> 3c7f62212018b904ae17f5636ead18a4dca3a88f ......
checking 7aa0e14336d977101193bef85af69b203bfba24f ......
	 orig commit -> ab949d519601880fd46e8bc1445d6a453bf2dc09 ......
checking 170e0abd886bd0ce5676e6393aab4b0148549d50 ......
	 orig commit -> 4f3445067d5f78fb8d1970b02610f85c2f377ea4 ......
checking d8e94d091376302064c85c60e922065fca1c2c6b ......
	 orig commit -> 2c474b8579e9b67ff72b2bcefce9f53c7f4469d4 ......
checking 47b7257fc20fd7977325babbb13b9610ffca82a9 ......
	 orig commit -> 4c13990e35b9f053857d4ad83bf0f58e612ec414 ......
checking 0b77c687d4e0bdc6db9bedace1e6886504ea43ef ......
	 orig commit -> 9cc4b7cb86cbcc6330a3faa8cd65268cd2d3c227 ......
checking f73dfc29afa6b366158a0f3cc0844bca5fd9ca8f ......
	 orig commit -> 455a1eb4654c24560eb9dfc634f29cba3d87601e ......
checking b0e2e3acfe8ebe95e9d6189b94e75d685c7f6d15 ......
	 orig commit -> d65e5677ad5b3a49c43f60ec07644dc1f87bbd2e ......
checking 2d652d0abd3ccda1097345d13d728b8ba1b7c68f ......
	 orig commit -> ed10858eadd4988260c6bc7d75fc25176342b5a7 ......
checking a46d03e3517990375bc4aafe7df969309245f068 ......
	 orig commit -> 2559a1ef688f933835912c731bed2254146a9b04 ......
checking 76aa65a2c0fd075c71a93ea93b67f101d187fce5 ......
	 orig commit -> 5f7c2beef819d9ea2d1b814edf6f5981420e9cf8 ......
checking 71fd9a94bd3fd35277c9e1cf6a373c1f7a8ec4cd ......
	 orig commit -> 4e0f5cc65098ea32a1e77baae74215b9bd5276b1 ......
checking 115fb7ec22b5422adabcd48232b68b6d2882e7f7 ......
	 orig commit -> 1a09b6a7c10e22c489a8b212dd6862b1fd9674ad ......
checking 52dd14d76812be2c98f0ad54be2fd8d375f5d627 ......
	 orig commit -> 9b1b23f03abdd25ffde8bbfe5824b89bc0448c28 ......
checking 6fa44d4ba2126f3e56c6cd39cf54991bbf3bbc46 ......
	 orig commit -> 3c0e25d883d06a1fbd1ad35257e8abaa57befb37 ......
checking 62b8b773ebde042ef7e016c9bed6327306885fee ......
	 orig commit -> 36356a669eddb32917fc4b5c2b9b8bf80ede69de ......
checking e17c48c3280e70dc5c8a9d579613ea732591dedf ......
	 orig commit -> 8c34cb8ddfe808d557b51da983ff10c02793beb2 ......
checking 594c9b4b0acb9e3091c583958ee144b58d0e7bdd ......
	 orig commit -> e3e574ad85a208cb179f33720bb5f12b453de33c ......
checking ca4e6525df053f0e023195b571c9d6241197bc09 ......
	 orig commit -> b631433b175f1002a31020e09bbfc2e5caecf290 ......
checking 94bbbfe21b5a592dc5306f2203d6716734cf9b67 ......
	 orig commit -> 39712e8bfa8d3aa6ce1e60fc9d62c9b076c17a30 ......
checking b07e930d1f498e3cc3677fdf89665918aa44e244 ......
	 orig commit -> e4457d9798adb96272468e93da663de9bd0a4198 ......
checking 4d32e36d62627ad9730338e6f603c8b996aaf7eb ......
	 orig commit -> 1eac5c244f705182d1552a53e2f74e2775ed95d6 ......
checking 9ca3010675025a512db998b1421ad0b60963c790 ......
	 orig commit -> 1b0aed2b1600f6e5c7b9acfbd610a4e351ef5232 ......
checking 84443215cf54861f3013253817afaf156efb1453 ......
	 orig commit -> c528fcb116e61afc379a2e0a0f70906b937f1e2c ......
checking b6c17077e05673b9f4f59b682dd3c48394b415fd ......
	 orig commit -> a89b94b53371bbfa582787c2fa3378000ea4263d ......
checking 8eb8c9b16fddec79abc084b0e9b677f66de42fcf ......
	 orig commit -> f60f8ccd54e03c1afafb2b20ceb029a0eaf7a134 ......
checking 4a36b6a7ee882cd0ffdbfb8c9ce8097b8abea973 ......
	 orig commit -> 68bd6fc3cfa98ef253e17307ccafd8ef907b5556 ......
checking 8f50cb88d862d2aaa084fedc34c75b04ae4a4b16 ......
	 orig commit -> 3f6026b1dcb3c8ee71198c485a72ac674c6890dd ......
checking 30643b5ac754eb985110e5ebad33664f1d88a32f ......
	 orig commit -> d3fe81d2ccc41b355e494413115c0c7c18426fa1 ......
checking d0ee36354f7749ff6034d78c28b6fc2e20c3d968 ......
	 orig commit -> ab007cc94ff9d82f5a8db8363b3becbd946e58cf ......
checking 560a979735f49f0ba2fa28117acdfb861f05cd97 ......
	 orig commit -> 1fb883bb827ee8efc1cc9ea0154f953f8a219d38 ......
checking 39058adebbb1fa2e7eedbfa138f4abf978fede77 ......
	 orig commit -> 0b4c208d443ba2af82b4c70f99ca8df31e9a0020 ......
checking b6cd52a0eeaf4e5dfc73d962b8a62211afa3f1bd ......
	 orig commit -> 80354c29025833acd72ddac1ffa21c6cb50128cd ......
checking 1eae95d4bc031553562c970b49e895bfc60860f5 ......
	 orig commit -> 75013fb16f8484898eaa8d0b08fed942d790f029 ......
checking c9f6172239042b3fcc8239aee4f67172c91c7681 ......
	 orig commit -> f35b6542c3ac3f28056d298348a81f7d56d3a041 ......
checking 1f0c69cfb2ada893fdb82d96e26911e5c98c69d1 ......
	 orig commit -> e64d5fbe56259c94df504af8ce804cfc6a022adb ......
checking 56e524a8c305a7eff1a8898e1e4e765904dfb42a ......
	 orig commit -> 68dee8e2f2cacc54d038394e70d22411dee89da2 ......
checking 5ed26fad2d083ada4da3591f8039a6e47983c756 ......
	 orig commit -> a9b4f08770b415f30f2fb0f8329a370c8f554aa3 ......
checking 3b141e2965a7bcb7b0699ad2aa30c2fb5f0ef303 ......
	 orig commit -> 251fe09f13bfb54c1ede66ee8bf8ddd0061c4f7c ......
checking 1fb264cf7d54d8ac69adb72aec26933c1a7b8895 ......
	 orig commit -> 4b70f07686d75d1eb5d956812cc810944e0b29b2 ......
checking 495f91630205b441ead5461580703575c18324ec ......
	 orig commit -> c56108b58ab870892277940a1def0d6b153f3e26 ......
checking 4d6f2ac95bc55bd78c415006a67c03e787d79989 ......
	 orig commit -> 94c3e614df2117626fccfac8f821c66e30556384 ......
checking 48aa5ec292f3eba8f22a5b4d3a8eee123e7680dc ......
	 orig commit -> 05e5a7e58d3f8f597ebe6f78aaa13a2656b78239 ......
checking 04dd401a5145da42a040a622bac2eb9a96c01308 ......
	 orig commit -> 6574dc943fc32a2fce69fab14891abca7eecb67c ......
checking a6fe39262c518c105f7003dca5eb5ae45b72713e ......
	 orig commit -> 5351f9ab254c30d41659924265f1ecd7b4758d9e ......
checking 20a9de99a0da9021e9d00db635bab47eeb3ca978 ......
	 orig commit -> 2c6262b754f3c3338cb40b23880a3ac1f4693b25 ......
checking 562c868d94a87af8595541c5b9f2f8944e9bf850 ......
	 orig commit -> 3ce4a03852d6dd3fd28c2fb2ee9f89bb9ccf9a9b ......
checking 9c8655c0a86099a45669f5ed38120584a9e13b11 ......
	 orig commit -> 04fa3e680b4dd2fdd11d0152fb9b6067e7aac140 ......
checking 948634492b4069a208934a64781b85cfa70e198b ......
	 orig commit -> bd05a5bd6b11d7fd26a668de83c5cb996de05f8f ......
checking 45dad03aca5596cc8c1ba71b7644b5859377b823 ......
	 orig commit -> bac453ab3745eaa64137ea6e77e009b45954f0ae ......
checking d0a8075ffe0572819e19aac9110e1913cef754d4 ......
	 orig commit -> d8320d75b59ecdc1b8e60ac793d3a54d84333a18 ......
checking 9291cabe094b2504c4d14c4ed0b77c4edfb538e7 ......
	 orig commit -> a5b60de6972decc6b50a39abb376077c3c3621c8 ......
checking dcdeaa74334299fd98c29703aa82deec3ae6b37a ......
	 orig commit -> 5f0a221f59ad6b72202ef9c6e232086de8c336f2 ......
checking 525fda9221a8f78d214e42a6e18d1fd13d73dc11 ......
	 orig commit -> 6183468a23fc6b6903f8597982017ad2c7fdefcf ......
checking 1d61da618969a2f51503003075683a72f75f2142 ......
	 orig commit -> 0cdefd5b5485ee6eb3512a75739d09a4090176ed ......
checking ebae7681697dada6ca0afce8cbad57f2e96a451a ......
	 orig commit -> 448c077eeb02240c430db2a2c3bf5285a4c65d66 ......
checking f4bff2c44dc9e366e93734741021bf19d0f5604f ......
	 orig commit -> acfa28b3649ec07775efaac0c00de2db39d71634 ......
checking 329607b4864d5b55bb3add768787360ad6f9ebfe ......
	 orig commit -> cbe99c538d1776009e8710755bb6e726f7fffa9b ......
checking f46fdb8a2611b4ffe9dda5b712ac02add90e930f ......
	 orig commit -> ec663d967b2276448a416406ca59ff247c0c80c5 ......
checking aadb7e073e813a447ba6c5f5636702f07e8805dd ......
	 orig commit -> 06dbf468a2c42bf6c327a8eaf11ecb3ea96196f9 ......
checking e33fb57428a11d5285b959ed263a15264cf6585b ......
	 orig commit -> 0d1390ff283f6c38595288e7f74da6829896b8b7 ......
checking e7b34f4a74f607e6ad67763ef47c26b762b8dd34 ......
	 orig commit -> ba52e75718784fda1b683ee0bfded72a0b83b047 ......
checking 7f2b4ad9c07af5291ff4b18548160b2816cda849 ......
	 orig commit -> 68abfb8015832ddf728b911769659468efaf8bd9 ......
checking 4b7dac0a23b7c416b30962362268e8e55da9eaff ......
	 orig commit -> 2d9fee6a42ea170e4378b3363a7ad385d0e67281 ......
checking 63e1acc84d28d73107e72482e33dcca152bb5ea4 ......
	 orig commit -> d62acc5ef0621463446091ebd7a345e06e9ab80c ......
checking 20e448f2251c0a78421889267b3709758c544ff2 ......
	 orig commit -> e05ad7e0741ce0505e1df157c62b22b95172bb97 ......
checking d8d6aedd54ce583b31aceef491adb2419f2b4ac6 ......
	 orig commit -> 767eee362fd72bb2ca44cc80419ca4b38c6d8369 ......
checking 89e8bd3add69debe228842e73b1df9925b44eb6e ......
	 orig commit -> 5443624bedd0d23e112d5f2a919435182875bce9 ......
checking 1641bb14e8be44579b5854f7b89e145d95a291ab ......
	 orig commit -> eac6f8b0c7adb003776dbad9d037ee2fc64f9d62 ......
checking b47a6b40655b56bd4e578cb079013b666c9626fd ......
	 orig commit -> 496e9cb5b2aa2ba303d2bbd08518f9be2219ab4b ......
checking 50e027728915ead0551e09ed238e33d2b2784344 ......
	 orig commit -> a7e0fb6c2029a780444d09560f739e020d54fe4d ......
checking 754a2bcfd8b10e70784169b08fca70255d4e5838 ......
	 orig commit -> 4ab2537c4204b976e4ca350bbdc193b4649cad28 ......
checking a19718bd0b199c0431579d4cc9cf2b4e894d1831 ......
	 orig commit -> 4cca0457686e4ee1677d69469e4ddfd94d389a80 ......
checking 4f39fcce99d7acd5712347a0bde57352a5abc8a9 ......
	 orig commit -> bdd9968d35f7fcdb76089347d1529bf079534214 ......
checking ccef31d22e802f98bd161aa7e54f2ad98bc5ba17 ......
	 orig commit -> 87ec02e7409d787348c244039aa3536a812dfa8b ......
checking 819e3601d3c5e483d8c42839a2acfbfb2eafe784 ......
	 orig commit -> 2998b02b2fb58f36ccbc318b00513174e9947d8e ......
checking 326f9b0a39d3a27221dafc46e9862c7a1aa8fb19 ......
	 orig commit -> 7d761119a914ec0ac05ec2a5378d1f86e680967d ......
checking a941f261c8f16faa22d3fcd16842f6d8c2723eac ......
	 orig commit -> d66777caa57ffade6061782f3a4d4056f0b0c1ac ......
checking 898c6bbfc88de33ceabcee6545bda3bbe12d3e5c ......
	 orig commit -> 2f410f88c0a1c7e19762918d2614f506a7b63a82 ......
checking f5ca890f138d010e26a56e622316d4065add67f0 ......
	 orig commit -> b5c66bab72a6a65edb15beb60b90d3cb84c5763b ......
