Check from v4.9.135 to v4.9.136
Commit count: 172
checking 0bb1a5e5aa1728a2c501cdd916923ef44fc07e2f ......
checking 65cb24de03f1c8e00a4fedf416b80a4e8f8a6ef2 ......
	 orig commit -> 78c9c4dfbf8c04883941445a195276bb4bb92c76 ......
checking b0b77fb6c9912d0b97a3c468c52b18d1447062c4 ......
	 orig commit -> f8b39039cbf2a15f2b8c9f081e1cbd5dee00aaf5 ......
checking b462075e089d30fd37a5c44a5cda3a25907bbe5a ......
	 orig commit -> 53c13ba8ed39e89f21a0b98f4c8a241bb44e483d ......
checking 4fad9fd1a6cc4d020438952820a4da85156e6a27 ......
	 orig commit -> b59167ac7bafd804c91e49ad53c6d33a7394d4c8 ......
checking bc1fccc7cd0af546fc1732e0128aa711c857b4fe ......
	 orig commit -> baa9be4ffb55876923dc9716abc0a448e510ba30 ......
checking 3ddf3c21ef274532c4d3d835ef12dd4df77f13f7 ......
	 orig commit -> 13c1c5e4d7f887cba36c5e3df3faa22071c1469f ......
checking bdbb426f6e1c397ae567f1d38a522270d9cfe2e9 ......
	 orig commit -> 665c365a77fbfeabe52694aedf3446d5f2f1ce42 ......
checking 4121be5950ead355c4c3e08543f585e9e7100a20 ......
	 orig commit -> 9ae24af3669111d418242caec8dd4ebd9ba26860 ......
checking 25c1b59c21dddc85d15c9e8610547f8f6816ade9 ......
	 orig commit -> f976d0e5747ca65ccd0fb2a4118b193d70aa1836 ......
checking 1fcfb1d41f8d70dfd23cb0d91a9f061f53847b0c ......
	 orig commit -> 0295e39595e1146522f2722715dba7f7fba42217 ......
checking eacbd9c55f743b0940fe2d8cf27ef72ac2725f44 ......
	 orig commit -> a3671a4f973ee9d9621d60166cc3b037c397d604 ......
checking f1b2b8680bce0c989d79ba970d9293536f5a938d ......
	 orig commit -> 0711a43b6d84ff9189adfbf83c8bbf56eef794bf ......
checking 4dd400eda5dbcfea6d05b19deedfcf5cab4ceb9c ......
	 orig commit -> efa61c8cf2950ab5c0e66cff3cabe2a2b24e81ba ......
checking 186c5856dc5ac1f80655c58a2dfefa1d187f6417 ......
	 orig commit -> 169b803397499be85bdd1e3d07d6f5e3d4bd669e ......
checking 9bb68aaf6436ef43f2f4ceb00149aaa82474648c ......
	 orig commit -> a606ebdb859e78beb757dfefa08001df366e2ef5 ......
checking ee74e3561a026785521ded15211f619ba1f5da49 ......
	 orig commit -> 833eacc7b5913da9896bacd30db7d490aa777868 ......
checking 29872c3eb6f76bbbe690bc890d3db7a9cf224153 ......
	 orig commit -> d312fefea8387503375f728855c9a62de20c9665 ......
checking 79d47dd686d09ad32af1ad2f9191dbc43909bf86 ......
	 orig commit -> 9039f3ef446e9ffa200200c934f049add9e58426 ......
checking eba69ae2afef955377e17b746ef14c5a245f4bdb ......
checking ced272d8da2029f488edc12dd03b354a88c6cbc5 ......
	 orig commit -> d4d576f5ab7edcb757bb33e6a5600666a0b1232d ......
checking 9819741aeec7ac15c4428b32fe97fe9f40218917 ......
	 orig commit -> da71577545a52be3e0e9225a946e5fd79cfab015 ......
checking 0c49b5e584e0927d02770e37304d89032a65b269 ......
	 orig commit -> d55bef5059dd057bd077155375c581b49d25be7e ......
checking 0376b839cc55eca3c66de48f2a39788dfc97e2ab ......
	 orig commit -> 7de414a9dd91426318df7b63da024b2b07e53df5 ......
checking 210c21f1ffe1d07dbb2ea2f874923b3b1959a6c2 ......
	 orig commit -> 414dd6fb9a1a1b59983aea7bf0f79f0085ecc5b8 ......
checking f0223d1f78f50770b4455c106b96c820fd45f1f7 ......
	 orig commit -> 58f5bbe331c566f49c9559568f982202a278aa78 ......
checking 242e6f52a0cd1b5526a093e6bb39cec2b76b0284 ......
	 orig commit -> ff002269a4ee9c769dbf9365acef633ebcbd6cbe ......
checking 1b0bb7e515b2292da2be1286b994ad1cf1096af3 ......
	 orig commit -> b336decab22158937975293aea79396525f92bb3 ......
checking 01a2ff110120315b768f63a10cffb7ae48d68902 ......
	 orig commit -> 6b839b6cf9eada30b086effb51e5d6076bafc761 ......
checking 33424e7ca00c657a1eba09ca6da54f0f45d8f5b6 ......
	 orig commit -> db4f1be3ca9b0ef7330763d07bf4ace83ad6f913 ......
checking 8b9a62c58d4d6493bac8e6130ccb67cc8c8bb4c5 ......
	 orig commit -> 30549aab146ccb1275230c3b4b4bc6b4181fd54e ......
checking f57ef24f811ccca74df04cc39b30e023654d9e99 ......
	 orig commit -> b6168562c8ce2bd5a30e213021650422e08764dc ......
checking 3628c3dddaf68e792cd311a2654dacf7136c72a5 ......
	 orig commit -> 38b4f18d56372e1e21771ab7b0357b853330186c ......
checking f86c55c6d0d8293917ca88347384480c321e3825 ......
	 orig commit -> 4ba4c566ba8448a05e6257e0b98a21f1a0d55315 ......
checking aa23c2207d2911d04df76001cd98d212cedfe69b ......
	 orig commit -> 5a8e7aea953bdb6d4da13aff6f1e7f9c62023499 ......
checking 510e6c3bd51ac59c0ff2296c2ce84529ac7cfbfc ......
	 orig commit -> ee1abcf689353f36d9322231b4320926096bdee0 ......
checking 36521206587218e1883c865496c80f48112a746a ......
	 orig commit -> dc012f3628eaecfb5ba68404a5c30ef501daf63d ......
checking 5f2d007016f36f6844a6d2a442c305d68aeb5f61 ......
	 orig commit -> 0fe5119e267f3e3d8ac206895f5922195ec55a8a ......
		 0fe5119e267f3e3d8ac206895f5922195ec55a8a has problem. Fixes commit -> 278e2148c07559dd4ad8602f22366d61eb2ee7b7
commit 0b6633d1f19b7dc99066b96731daf451dbe9aaf7
Author: Hangbin Liu <liuhangbin@gmail.com>
Date:   Fri Feb 22 21:22:32 2019 +0800

    Revert "bridge: do not add port to router list when receives query with source 0.0.0.0"
    
    commit 278e2148c07559dd4ad8602f22366d61eb2ee7b7 upstream.
    
    This reverts commit 5a2de63fd1a5 ("bridge: do not add port to router list
    when receives query with source 0.0.0.0") and commit 0fe5119e267f ("net:
    bridge: remove ipv6 zero address check in mcast queries")
    
    The reason is RFC 4541 is not a standard but suggestive. Currently we
    will elect 0.0.0.0 as Querier if there is no ip address configured on
    bridge. If we do not add the port which recives query with source
    0.0.0.0 to router list, the IGMP reports will not be about to forward
    to Querier, IGMP data will also not be able to forward to dest.
    
    As Nikolay suggested, revert this change first and add a boolopt api
    to disable none-zero election in future if needed.
    
    Reported-by: Linus Lüssing <linus.luessing@c0d3.blue>
    Reported-by: Sebastian Gottschall <s.gottschall@newmedia-net.de>
    Fixes: 5a2de63fd1a5 ("bridge: do not add port to router list when receives query with source 0.0.0.0")
    Fixes: 0fe5119e267f ("net: bridge: remove ipv6 zero address check in mcast queries")
    Signed-off-by: Hangbin Liu <liuhangbin@gmail.com>
    Acked-by: Nikolay Aleksandrov <nikolay@cumulusnetworks.com>
    Signed-off-by: David S. Miller <davem@davemloft.net>
    Signed-off-by: Greg Kroah-Hartman <gregkh@linuxfoundation.org>
checking a4959af07741c892846d450028daf0e5cb2a9eac ......
	 orig commit -> 5a2de63fd1a59c30c02526d427bc014b98adf508 ......
		 5a2de63fd1a59c30c02526d427bc014b98adf508 has problem. Fixes commit -> 278e2148c07559dd4ad8602f22366d61eb2ee7b7
0fe5119e267f3e3d8ac206895f5922195ec55a8a
commit 5f2d007016f36f6844a6d2a442c305d68aeb5f61
Author: Nikolay Aleksandrov <nikolay@cumulusnetworks.com>
Date:   Sat Oct 27 12:07:47 2018 +0300

    net: bridge: remove ipv6 zero address check in mcast queries
    
    commit 0fe5119e267f3e3d8ac206895f5922195ec55a8a upstream.
    
    Recently a check was added which prevents marking of routers with zero
    source address, but for IPv6 that cannot happen as the relevant RFCs
    actually forbid such packets:
    RFC 2710 (MLDv1):
    "To be valid, the Query message MUST
     come from a link-local IPv6 Source Address, be at least 24 octets
     long, and have a correct MLD checksum."
    
    Same goes for RFC 3810.
    
    And also it can be seen as a requirement in ipv6_mc_check_mld_query()
    which is used by the bridge to validate the message before processing
    it. Thus any queries with :: source address won't be processed anyway.
    So just remove the check for zero IPv6 source address from the query
    processing function.
    
    Fixes: 5a2de63fd1a5 ("bridge: do not add port to router list when receives query with source 0.0.0.0")
    Signed-off-by: Nikolay Aleksandrov <nikolay@cumulusnetworks.com>
    Signed-off-by: David S. Miller <davem@davemloft.net>
    Cc: Hangbin Liu <liuhangbin@gmail.com>
    Signed-off-by: Greg Kroah-Hartman <gregkh@linuxfoundation.org>
commit 0b6633d1f19b7dc99066b96731daf451dbe9aaf7
Author: Hangbin Liu <liuhangbin@gmail.com>
Date:   Fri Feb 22 21:22:32 2019 +0800

    Revert "bridge: do not add port to router list when receives query with source 0.0.0.0"
    
    commit 278e2148c07559dd4ad8602f22366d61eb2ee7b7 upstream.
    
    This reverts commit 5a2de63fd1a5 ("bridge: do not add port to router list
    when receives query with source 0.0.0.0") and commit 0fe5119e267f ("net:
    bridge: remove ipv6 zero address check in mcast queries")
    
    The reason is RFC 4541 is not a standard but suggestive. Currently we
    will elect 0.0.0.0 as Querier if there is no ip address configured on
    bridge. If we do not add the port which recives query with source
    0.0.0.0 to router list, the IGMP reports will not be about to forward
    to Querier, IGMP data will also not be able to forward to dest.
    
    As Nikolay suggested, revert this change first and add a boolopt api
    to disable none-zero election in future if needed.
    
    Reported-by: Linus Lüssing <linus.luessing@c0d3.blue>
    Reported-by: Sebastian Gottschall <s.gottschall@newmedia-net.de>
    Fixes: 5a2de63fd1a5 ("bridge: do not add port to router list when receives query with source 0.0.0.0")
    Fixes: 0fe5119e267f ("net: bridge: remove ipv6 zero address check in mcast queries")
    Signed-off-by: Hangbin Liu <liuhangbin@gmail.com>
    Acked-by: Nikolay Aleksandrov <nikolay@cumulusnetworks.com>
    Signed-off-by: David S. Miller <davem@davemloft.net>
    Signed-off-by: Greg Kroah-Hartman <gregkh@linuxfoundation.org>

commit 5f2d007016f36f6844a6d2a442c305d68aeb5f61
Author: Nikolay Aleksandrov <nikolay@cumulusnetworks.com>
Date:   Sat Oct 27 12:07:47 2018 +0300

    net: bridge: remove ipv6 zero address check in mcast queries
    
    commit 0fe5119e267f3e3d8ac206895f5922195ec55a8a upstream.
    
    Recently a check was added which prevents marking of routers with zero
    source address, but for IPv6 that cannot happen as the relevant RFCs
    actually forbid such packets:
    RFC 2710 (MLDv1):
    "To be valid, the Query message MUST
     come from a link-local IPv6 Source Address, be at least 24 octets
     long, and have a correct MLD checksum."
    
    Same goes for RFC 3810.
    
    And also it can be seen as a requirement in ipv6_mc_check_mld_query()
    which is used by the bridge to validate the message before processing
    it. Thus any queries with :: source address won't be processed anyway.
    So just remove the check for zero IPv6 source address from the query
    processing function.
    
    Fixes: 5a2de63fd1a5 ("bridge: do not add port to router list when receives query with source 0.0.0.0")
    Signed-off-by: Nikolay Aleksandrov <nikolay@cumulusnetworks.com>
    Signed-off-by: David S. Miller <davem@davemloft.net>
    Cc: Hangbin Liu <liuhangbin@gmail.com>
    Signed-off-by: Greg Kroah-Hartman <gregkh@linuxfoundation.org>
checking 9a7f15eacc1f0ed17913c9bf2a77b606e3eee37d ......
	 orig commit -> da15fc2fa9c07b23db8f5e479bd8a9f0d741ca07 ......
checking 2edec22d18758c9b29301ded2291f051d65422e9 ......
checking 31e29bafe9148f0e509119e826b7f453055bcbb0 ......
	 orig commit -> d616f81cdd2a21edfa90a595a4e9b143f5ba8414 ......
checking 9dbac7caac2d7137dd9ecb9a02025f3cf1ad55d6 ......
	 orig commit -> ac081c3be3fae6d0cc3e1862507fca3862d30b67 ......
checking 7bdb3af6a9538de3bc04939adc952347062c6a0e ......
	 orig commit -> 78a55d05def95144ca5fa9a64c49b2a0636a9866 ......
checking 2daa0b5ec29630377c6d14b3d943e1c5c2a65577 ......
	 orig commit -> 298bc15b2079c324e82d0a6fda39c3d762af7282 ......
		 298bc15b2079c324e82d0a6fda39c3d762af7282 has problem. Fixes commit -> 1a2391c30c0b9d041bc340f68df81d49c53546cc
checking d9ec661f2dc887eb13a81a1d61538c5d3ed27a66 ......
	 orig commit -> c479d5f2c2e1ce609da08c075054440d97ddff52 ......
checking fb1083d83fb5cd02b2f472502723d776878a3675 ......
	 orig commit -> eea96566c189c77e5272585984eb2729881a2f1d ......
checking 2fc0fb03319a9576197427986633a7da91a310cf ......
	 orig commit -> aa90f9f9554616d5738f7bedb4a8f0e5e14d1bc6 ......
checking 52f305530ab6e5915b5e5ee0cb9525df42f2b691 ......
	 orig commit -> 2278446e2b7cd33ad894b32e7eb63afc7db6c86e ......
checking 97d34e8ea0719828c723e333d97918e9a4590cb2 ......
	 orig commit -> 4f666675cdff0b986195413215eb062b7da6586f ......
checking 43832bec7647dd6f16ea2af92d44d12a474494c6 ......
	 orig commit -> 3dc7c7badb7502ec3e3aa817a8bdd9e53aa54c52 ......
checking 72b33231a7146da003205e080769d4d4db44fd71 ......
	 orig commit -> 571d0563c8881595f4ab027aef9ed1c55e3e7b7c ......
checking f11f358460c96a0c2eb37c906a05b6d6f35be24a ......
	 orig commit -> 92397a6c38d139d50fabbe9e2dc09b61d53b2377 ......
checking f9dde4194610916019ce87172b06dddc428738c3 ......
	 orig commit -> c73996984902516745bc587d5e8a0b2e034aea05 ......
checking ba559a578e7f7b4c095a2589208c3e7ae5cd0e1d ......
	 orig commit -> 11e9d7829dd08dbafb24517fe922f11c3a8a9dc2 ......
checking 8576adcc101dc5d3308c2dbd81dbc651ce70b0b4 ......
	 orig commit -> 56f772279a762984f6e9ebbf24a7c829faba5712 ......
checking 8e697f95532ddb0e6ae93ed01c276030655d36b4 ......
	 orig commit -> cb257783c2927b73614b20f915a91ff78aa6f3e8 ......
checking 24b71d1895f591f3779895c206e6d1ae29462e11 ......
	 orig commit -> cfb61b5e3e09f8b49bc4d685429df75f45127adc ......
checking 43bbab662dc99fdfef6d8928a204d103651d54f8 ......
	 orig commit -> 45c8184c1bed1ca8a7f02918552063a00b909bf5 ......
checking acfbd2866fe960eaca671b20329927c7a5697acc ......
	 orig commit -> 52fda36d63bfc8c8e8ae5eda8eb5ac6f52cd67ed ......
checking dba8e960a541d7d81e9237065b5116f144e15077 ......
	 orig commit -> 6a30abaa40b62aed46ef12ea4c16c48565bdb376 ......
checking da92e8a2d986ac1c3a8c613b4760b6dccd359bb3 ......
	 orig commit -> e78c38f6bdd900b2ad9ac9df8eff58b745dc5b3c ......
checking a2b9a0def3e99bfa064364dc6c21b5eccb06db2e ......
	 orig commit -> 3995bbf53bd2047f2720c6fdd4bf38f6d942a0c0 ......
checking 6279fc56944b4d244aaa96a7da0cd3c413dd2ac4 ......
	 orig commit -> 2aeb1883547626d82c597cce2c99f0b9c62e2425 ......
checking 5f6590d6fa992e6218d8b0c6329374fb36503242 ......
	 orig commit -> 5aba2ba5030b66a6f8c93049b718556f9aacd7c6 ......
checking 65b05d03a57830691900451b902d37c383a9224b ......
	 orig commit -> 900631ee6a2651dc4fbaecb8ef9fa5f1e3378853 ......
checking 1680ca362dad7f0ae4db4ab8b20629dc015a85ba ......
	 orig commit -> f61dfff2f5b9fcb087bf5c444bc44b444709588f ......
checking dfdf8be7dcc2fa84be2f6560e414f82d0176baa7 ......
	 orig commit -> 4d217a5adccf5e806790c37c61cc374a08bd7381 ......
checking c87dd592a7660b510f633384f184fe7d711964e9 ......
	 orig commit -> 3976626ea3d2011f8fd3f3a47070a8b792018253 ......
checking 97d65c1b6e73e1e8ade19713a981bc55003bd798 ......
	 orig commit -> 24e52b11e0ca788513b945a87b57cc0522a92933 ......
checking 9629cf8ef9ad67f685d5367ede20a3573c4a15de ......
	 orig commit -> 612601d0013f03de9dc134809f242ba6da9ca252 ......
checking 78ba91de8325aebe39dce2a389511e1e704e00d4 ......
	 orig commit -> 09f79fd49d94cda5837e9bfd0cb222232b3b6d9f ......
		 09f79fd49d94cda5837e9bfd0cb222232b3b6d9f has problem. Fixes commit -> e836e3211229d7307660239cc957f2ab60e6aa00
2c4d36b7087538704fc9e3464d185dcc4d04e863
checking 1e6abb88d03e6f2cc0c0b374bc729a95035b332f ......
	 orig commit -> 4fa13dbe8c86382a846584e65c47bce09297f75b ......
checking 9388bd235b271f0c67084d6dd52a80440550e585 ......
	 orig commit -> 3a9910d7b686546dcc9986e790af17e148f1c888 ......
checking d287f1dab98c20bb9fd3c044b7f913ed17b4ad22 ......
	 orig commit -> e7b169f34403becd3c9fd3b6e46614ab788f2187 ......
checking a96406d4394498dab805beca195d41e0e34f5d87 ......
	 orig commit -> 1f704fd0d14043e76e80f6b8b2251b9b2cedcca6 ......
checking 4b7c09a5f74ad25dd2e3ee6d43732f9a0e0c1ff3 ......
	 orig commit -> d61b7f972dab2a7d187c38254845546dfc8eed85 ......
checking 150b28b45a35d9f056abaf047760cb906b35fca3 ......
	 orig commit -> 6b9f8970cd30929cb6b372fa44fa66da9e59c650 ......
checking 2e6474b253556343e9b0f685a5824c86aebae763 ......
	 orig commit -> 1f80bd6a6cc8358b81194e1f5fc16449947396ec ......
checking 4a4d2c93ed19c8a5fbad95b95c0c91e3f0d84f8d ......
	 orig commit -> afe49de44c27a89e8e9631c44b5ffadf6ace65e2 ......
checking 16bcf48aa374e3d17d83f2b06c39a414d131a70f ......
	 orig commit -> 7be52c03bbf7c8f53211ed13810d64dcb2bc7168 ......
checking ddf39e0f3cc2fada80d2795ca60777ec77fe6a7d ......
	 orig commit -> fa16b69f1299004b60b625f181143500a246e5cb ......
checking 54ad2bbe34800024bebadfa9141da298af37bf86 ......
	 orig commit -> a8dd397903a6e57157f6265911f7d35681364427 ......
checking 0ef75f51c5d5b7cc10df4f3ec0db5ef3f9ad6253 ......
	 orig commit -> 6314dab4b8fb8493d810e175cb340376052c69b6 ......
checking 855bf147245c294ff9ed54a04b242f4a6976269b ......
	 orig commit -> 8818efaaacb78c60a9d90c5705b6c99b75d7d442 ......
checking 5f3005096fae363c4536958850322375ad657968 ......
	 orig commit -> 3a50d3518dcba44f8a0f9356b7140fe1499984ea ......
checking d0136b8acfeebe0d31a679c8311524b92d5cc987 ......
	 orig commit -> 631b010abc5b57009c6a8328f51492665f6ef310 ......
checking 271b4a840228a810202d154354328b8e83a91846 ......
	 orig commit -> 91a825290ca4eae88603bc811bf74a45f94a3f46 ......
checking c2c87f5bf2121cfd2337e75ab75dc384c6410226 ......
	 orig commit -> 0e490657c7214cce33fbca3d88227298c5c968ae ......
		 0e490657c7214cce33fbca3d88227298c5c968ae has problem. Fixes commit -> dda037057a572f5c82ac2499eb4e6fb17600ba3e
commit 5762d86d5b8c398bf929f26df3b149f0348779ff
Author: Ajay Singh <ajay.kathat@microchip.com>
Date:   Thu Feb 7 11:28:58 2019 +0000

    staging: wilc1000: fix to set correct value for 'vif_num'
    
    commit dda037057a572f5c82ac2499eb4e6fb17600ba3e upstream.
    
    Set correct value in '->vif_num' for the total number of interfaces and
    set '->idx' value using 'i'.
    
    Fixes: 735bb39ca3be ("staging: wilc1000: simplify vif[i]->ndev accesses")
    Fixes: 0e490657c721 ("staging: wilc1000: Fix problem with wrong vif index")
    Cc: <stable@vger.kernel.org>
    Suggested-by: Dan Carpenter <dan.carpenter@oracle.com>
    Reviewed-by: Dan Carpenter <dan.carpenter@oracle.com>
    Signed-off-by: Greg Kroah-Hartman <gregkh@linuxfoundation.org>
    Signed-off-by: Greg Kroah-Hartman <gregkh@linuxfoundation.org>
checking 7334e28569550a9e6bc62070c3ce1d80e39d2cbe ......
	 orig commit -> 5790eabc6e7c3ce2d6ca2e3bbf4de467ce2b64b3 ......
checking 503c394139c94e263401ea59b1553e1916e110f2 ......
	 orig commit -> c07c1a0f68d0f2f7ca9aff924e2772526027b019 ......
checking a34dcf51b8a6a05dc544349c5b2e23097bbdbdce ......
	 orig commit -> ee249b4554947de3be77be4e9e6077b20c0fe055 ......
checking 7bbba613477faee424f98e0df95b63b7cbee4cbd ......
	 orig commit -> b7d44c36a6f6d956e1539e0dd42f98b26e5a4684 ......
checking 3dd952b45b3b6547b2f029035832e4845fccbbf7 ......
	 orig commit -> 14a8d4bfc2102f85ce097563d151370c91c1898a ......
checking 3dde6c974c50107e6166a9dd3964ab48898e05e7 ......
	 orig commit -> 6377ed0bbae6fa28853e1679d068a9106c8a8908 ......
checking 2cdc70f39bda78afacf11065ae5cca2adcbf0008 ......
	 orig commit -> 7598f8bc1383ffd77686cb4e92e749bef3c75937 ......
checking 4d19a505207edee6f6b2c214c7c11e9a8294fd2c ......
	 orig commit -> 7a1ac110c22eb726684c837544a2d42c33e07be7 ......
checking 3d28f9a3aeee9529d5890d4164931c4d668ea8f6 ......
	 orig commit -> 8ce59b16b4b6eacedaec1f7b652b4781cdbfe15f ......
checking 6fdeb3e0bb1d513828aec374749958ccb5ab8922 ......
	 orig commit -> 46f8cd9d2fc1e4e8b82b53a0007f6c92e80c930b ......
checking 8013d43a0bf15cd9bf17acb827ae9f8d1b720708 ......
	 orig commit -> e58edaa4863583b54409444f11b4f80dff0af1cd ......
checking 538f9d939030ea535ace82cf2d3d4cc061e60713 ......
	 orig commit -> 67a70017fa0a152657bc7e337e69bb9c9f5549bf ......
checking f33ed8438676d4731e0ea66f592ea4cd0e8fa96b ......
	 orig commit -> 452e62b71fbbefe2646fad3a968371a026936c6d ......
checking 30037edd16f4b43eafdaf8bbfd5c00fb9666004f ......
	 orig commit -> 594238158bf748c285f0a73222cd9b7ccf3c525d ......
checking 03a1d0be64ba74b50252e32944b42967d98d155a ......
	 orig commit -> 9bd2bbc01d17ddd567cc0f81f77fe1163e497462 ......
checking 6b51100d8ac51c85301e23be31b1515136dc4ddd ......
	 orig commit -> b7dfee2433576f1f030cb84cdb04b70f36554992 ......
checking 7b5407843691b119e5af6a53c0826bd2719f7648 ......
	 orig commit -> 06a4b6d009a1b74a6ec46c5418b46cc53a79fcb8 ......
		 06a4b6d009a1b74a6ec46c5418b46cc53a79fcb8 has problem. Fixes commit -> 60ce2858514ed9ccaf00dc7e9f4dc219537e9855
commit bac7cbc738160d1f34f1c883f6103813bd77f8de
Author: Ard Biesheuvel <ard.biesheuvel@linaro.org>
Date:   Fri Jun 9 10:14:53 2017 +0100

    ARM: 8680/1: boot/compressed: fix inappropriate Thumb2 mnemonic for __nop
    
    [ Upstream commit 60ce2858514ed9ccaf00dc7e9f4dc219537e9855 ]
    
    Commit 06a4b6d009a1 ("ARM: 8677/1: boot/compressed: fix decompressor
    header layout for v7-M") fixed an issue in the layout of the header
    of the compressed kernel image that was caused by the assembler
    emitting narrow opcodes for 'mov r0, r0', and for this reason, the
    mnemonic was updated to use the W() macro, which will append the .w
    suffix (which forces a wide encoding) if required, i.e., when building
    the kernel in Thumb2 mode.
    
    However, this failed to take into account that on Thumb2 kernels built
    for CPUs that are also ARM capable, the entry point is entered in ARM
    mode, and so the instructions emitted here will be ARM instructions
    that only exist in a wide encoding to begin with, which is why the
    assembler rejects the .w suffix here and aborts the build with the
    following message:
    
      head.S: Assembler messages:
      head.S:132: Error: width suffixes are invalid in ARM mode -- `mov.w r0,r0'
    
    So replace the W(mov) with separate ARM and Thumb2 instructions, where
    the latter will only be used for THUMB2_ONLY builds.
    
    Fixes: 06a4b6d009a1 ("ARM: 8677/1: boot/compressed: fix decompressor ...")
    Reported-by: Arnd Bergmann <arnd@arndb.de>
    Acked-by: Arnd Bergmann <arnd@arndb.de>
    Signed-off-by: Ard Biesheuvel <ard.biesheuvel@linaro.org>
    Signed-off-by: Russell King <rmk+kernel@armlinux.org.uk>
    Signed-off-by: Sasha Levin <sashal@kernel.org>
checking d58f0b059948ac33abcf9ea6ea9623aab71169f1 ......
	 orig commit -> ae1d557d8f30cb097b4d1f2ab04fa294588ee1cf ......
checking 2ba5909c8c7b9b8853734fcc2fa1299bae24ec46 ......
	 orig commit -> 4bd7ef0b033721b659b9357057e76d1ced95c1da ......
checking 23bf0b4ab024a7eff1469b0f9ceb8ce3d60c6b8a ......
	 orig commit -> 77032732d0e89b83c3bca75b857a1f63e9efb44b ......
checking f9f4be67be832d6b8917e70ea45c2683bf0f4913 ......
	 orig commit -> f7cf69ae171592d133c69b9adaa5de7cfb6038ea ......
checking fd500b357b81df3b0827fe1e6a7d0debe6506494 ......
	 orig commit -> 7a7c0a6438b8e7636d5a22e572892cc234f68297 ......
checking 942630bb4c9e7a69b08c939de470e174f8ce8a82 ......
	 orig commit -> 7485af89a6fd48f7e6fab2505d2364d1817723e6 ......
checking c375d28caa735bf1987a4cf225d7d89e7f5bb8dc ......
	 orig commit -> 0a716776914ed9d7ca90b48041e6767693bfb672 ......
checking 5cb2faefc12acc7757f8bec803c7ac6e336e0295 ......
	 orig commit -> 4497a224f759cd8350e07382307b55f870ef0df2 ......
checking fa0b7f94ce43f0859690ef9755b94fc9121634e2 ......
	 orig commit -> 5dc63fdcc09f47fb226b8bc7d83a61feb787d817 ......
checking 4b1cfa2e9db6168bcbccafa1e3c0dce32e0d33ee ......
	 orig commit -> 4751832da990a927c37526ae67b9226ea01eb99e ......
		 4751832da990a927c37526ae67b9226ea01eb99e has problem. Fixes commit -> 848c23b78fafdcd3270b06a30737f8dbd70c347f
commit de5f88f8885d434523b9bc8a89c59c0027e46265
Author: Qu Wenruo <quwenruo@cn.fujitsu.com>
Date:   Thu Jun 22 10:01:21 2017 +0800

    btrfs: Remove false alert when fiemap range is smaller than on-disk extent
    
    commit 848c23b78fafdcd3270b06a30737f8dbd70c347f upstream.
    
    Commit 4751832da990 ("btrfs: fiemap: Cache and merge fiemap extent before
    submit it to user") introduced a warning to catch unemitted cached
    fiemap extent.
    
    However such warning doesn't take the following case into consideration:
    
    0                       4K                      8K
    |<---- fiemap range --->|
    |<----------- On-disk extent ------------------>|
    
    In this case, the whole 0~8K is cached, and since it's larger than
    fiemap range, it break the fiemap extent emit loop.
    This leaves the fiemap extent cached but not emitted, and caught by the
    final fiemap extent sanity check, causing kernel warning.
    
    This patch removes the kernel warning and renames the sanity check to
    emit_last_fiemap_cache() since it's possible and valid to have cached
    fiemap extent.
    
    Reported-by: David Sterba <dsterba@suse.cz>
    Reported-by: Adam Borowski <kilobyte@angband.pl>
    Fixes: 4751832da990 ("btrfs: fiemap: Cache and merge fiemap extent ...")
    Signed-off-by: Qu Wenruo <quwenruo@cn.fujitsu.com>
    Signed-off-by: David Sterba <dsterba@suse.com>
    Signed-off-by: Greg Kroah-Hartman <gregkh@linuxfoundation.org>
checking 311058153732dc691ca973ee16f6e6901bbb36ab ......
	 orig commit -> b0804ed0cadd7e38d94d2f15cdcc0d9695818856 ......
checking 451d498b7b10160155bf3fd4d25cee5ae5a129d7 ......
	 orig commit -> a7595a820b07db9ac0d8f479ff62002bdd32a05a ......
checking 3e6250bcd163d96062d156c1d6c2cbd83f2e66ad ......
	 orig commit -> e2dc9b6e38fa3919e63d6d7905da70ca41cbf908 ......
checking 2f48581af308e6007e306b5b97744cbc7250e42a ......
	 orig commit -> fd849b7c41f0fabfe783d0691a63c5518e8ebc99 ......
checking 2185dbac9e81c1b757bc41bb77e7dd97edbf78e1 ......
	 orig commit -> 6c7e983b220f89e03286dc70a41c7ef3a8b409df ......
checking b06b7882f7b43b2add69cd0389f94df2f54f55d0 ......
	 orig commit -> 061870800efb4e3d1ad4082a2569363629bdfcfc ......
checking e35f290445948076088975a2578b015e46d33408 ......
	 orig commit -> c505873eaece2b4aefd07d339dc7e1400e0235ac ......
checking 3cd731e952df562312ea1a7c459807382acb9f8b ......
	 orig commit -> 1c78f7735b2bdd0afbe5d14c5c8b6d8d381b6f13 ......
checking e7d5fa96ef7bee036b751af01f62ade7d482b13d ......
	 orig commit -> 07d432bb97f19dd5e784175152f9fce3b2646133 ......
checking 0da0e51729959e047e2e6f4a8e3554826b8cc607 ......
	 orig commit -> 5f13e58767a53ebb54265e03c0c4a67650286263 ......
checking 01acd933d6184a7626f5e0dac1ad0cb794aa74a5 ......
	 orig commit -> 5236333592244557a19694a51337df6ac018f0a7 ......
		 5236333592244557a19694a51337df6ac018f0a7 has problem. Fixes commit -> e6f9bc34d3779cb7b6a337afed5de8be3f0fab77
commit 7f6a5410f5419d8144988b6b31ffe0b300fd341e
Author: Alex Estrin <alex.estrin@intel.com>
Date:   Thu Aug 31 09:30:34 2017 -0700

    IB/core: Fix for core panic
    
    commit e6f9bc34d3779cb7b6a337afed5de8be3f0fab77 upstream.
    
    Build with the latest patches resulted in panic:
    11384.486289] BUG: unable to handle kernel NULL pointer dereference at
             (null)
    [11384.486293] IP:           (null)
    [11384.486295] PGD 0
    [11384.486295] P4D 0
    [11384.486296]
    [11384.486299] Oops: 0010 [#1] SMP
    ......... snip ......
    [11384.486401] CPU: 0 PID: 968 Comm: kworker/0:1H Tainted: G        W  O
        4.13.0-a-stream-20170825 #1
    [11384.486402] Hardware name: Intel Corporation S2600WT2R/S2600WT2R,
    BIOS SE5C610.86B.01.01.0014.121820151719 12/18/2015
    [11384.486418] Workqueue: ib-comp-wq ib_cq_poll_work [ib_core]
    [11384.486419] task: ffff880850579680 task.stack: ffffc90007fec000
    [11384.486420] RIP: 0010:          (null)
    [11384.486420] RSP: 0018:ffffc90007fef970 EFLAGS: 00010206
    [11384.486421] RAX: ffff88084cfe8000 RBX: ffff88084dce4000 RCX:
    ffffc90007fef978
    [11384.486422] RDX: 0000000000000000 RSI: 0000000000000001 RDI:
    ffff88084cfe8000
    [11384.486422] RBP: ffffc90007fefab0 R08: 0000000000000000 R09:
    ffff88084dce4080
    [11384.486423] R10: ffffffffa02d7f60 R11: 0000000000000000 R12:
    ffff88105af65a00
    [11384.486423] R13: ffff88084dce4000 R14: 000000000000c000 R15:
    000000000000c000
    [11384.486424] FS:  0000000000000000(0000) GS:ffff88085f400000(0000)
    knlGS:0000000000000000
    [11384.486425] CS:  0010 DS: 0000 ES: 0000 CR0: 0000000080050033
    [11384.486425] CR2: 0000000000000000 CR3: 0000000001c09000 CR4:
    00000000001406f0
    [11384.486426] Call Trace:
    [11384.486431]  ? is_valid_mcast_lid.isra.21+0xfb/0x110 [ib_core]
    [11384.486436]  ib_attach_mcast+0x6f/0xa0 [ib_core]
    [11384.486441]  ipoib_mcast_attach+0x81/0x190 [ib_ipoib]
    [11384.486443]  ipoib_mcast_join_complete+0x354/0xb40 [ib_ipoib]
    [11384.486448]  mcast_work_handler+0x330/0x6c0 [ib_core]
    [11384.486452]  join_handler+0x101/0x220 [ib_core]
    [11384.486455]  ib_sa_mcmember_rec_callback+0x54/0x80 [ib_core]
    [11384.486459]  recv_handler+0x3a/0x60 [ib_core]
    [11384.486462]  ib_mad_recv_done+0x423/0x9b0 [ib_core]
    [11384.486466]  __ib_process_cq+0x5d/0xb0 [ib_core]
    [11384.486469]  ib_cq_poll_work+0x20/0x60 [ib_core]
    [11384.486472]  process_one_work+0x149/0x360
    [11384.486474]  worker_thread+0x4d/0x3c0
    [11384.486487]  kthread+0x109/0x140
    [11384.486488]  ? rescuer_thread+0x380/0x380
    [11384.486489]  ? kthread_park+0x60/0x60
    [11384.486490]  ? kthread_park+0x60/0x60
    [11384.486493]  ret_from_fork+0x25/0x30
    [11384.486493] Code:  Bad RIP value.
    [11384.486493] Code:  Bad RIP value.
    [11384.486496] RIP:           (null) RSP: ffffc90007fef970
    [11384.486497] CR2: 0000000000000000
    [11384.486531] ---[ end trace b1acec6fb4ff6e75 ]---
    [11384.532133] Kernel panic - not syncing: Fatal exception
    [11384.536541] Kernel Offset: disabled
    [11384.969491] ---[ end Kernel panic - not syncing: Fatal exception
    [11384.976875] sched: Unexpected reschedule of offline CPU#1!
    [11384.983646] ------------[ cut here ]------------
    
    Rdma device driver may not have implemented (*get_link_layer)()
    so it can not be called directly. Should use appropriate helper function.
    
    Reviewed-by: Yuval Shaia <yuval.shaia@oracle.com>
    Fixes: 523633359224 ("IB/core: Fix the validations of a multicast LID in attach or detach operations")
    Cc: stable@kernel.org # 4.13
    Reviewed-by: Dennis Dalessandro <dennis.dalessandro@intel.com>
    Signed-off-by: Alex Estrin <alex.estrin@intel.com>
    Signed-off-by: Dennis Dalessandro <dennis.dalessandro@intel.com>
    Reviewed-by: Leon Romanovsky <leonro@mellanox.com>
    Signed-off-by: Doug Ledford <dledford@redhat.com>
    Cc: Mike Marciniszyn <mike.marciniszyn@intel.com>
    Signed-off-by: Greg Kroah-Hartman <gregkh@linuxfoundation.org>
checking 9fd3be2cbb16f871a1e66faab3ac6d408bf7f644 ......
	 orig commit -> 14fa91e0fef8e4d6feb8b1fa2a807828e0abe815 ......
checking c5a92c4b4b077e7d8b55e13eb357059ba82d13de ......
	 orig commit -> f9ac89f5ad613b462339e845aeb8494646fd9be2 ......
checking 23e983e27aaff6357bb851d91b593d83a9a6552c ......
	 orig commit -> b91d532928dff2141ea9c107c3e73104d9843767 ......
checking 2d4260b280d0c3666a3e5f348e83e85735678eb4 ......
	 orig commit -> 92a16c86299c64f58f320e491977408ba31b8c3c ......
checking 08ae439c95d164e9c0022e0511f4fbb4deffd220 ......
	 orig commit -> ababb08938df7ac245d30a58b95b94ecf8dc04fc ......
checking 9e431e0ca94716a5470f81da2e9cc9aeed3a2d09 ......
	 orig commit -> deb86999323661c019ef2740eb9d479d1e526b5c ......
checking ccebc75e2e519ecf0e0e7ad3a9172e8a81445ab3 ......
	 orig commit -> 0f27cff8597d86f881ea8274b49b63b678c14a3c ......
checking 8c9e873c73b1f4d371204f82e8ff5ed44df32ff7 ......
	 orig commit -> 2a83fba6cae89dd9c0625e68ff8ffff791c67ac0 ......
	 orig commit -> 182785335447957409282ca745aa5bc3968facee ......
	 orig commit -> 440aeca4b9858248d8f16d724d9fa87a4f65fa33 ......
	 orig commit -> 4e684f59d760a2c7c716bb60190783546e2d08a1 ......
checking adb298bcf45ec26a20e7302fb2b7c646bcf85cea ......
	 orig commit -> d3bb910c15d75ee3340311c64a1c05985bb663a3 ......
checking a7e08447c3d89d310c755f1606ae58aabaf44405 ......
	 orig commit -> 934767c56b0d9dbb95a40e9e6e4d9dcdc3a165ad ......
checking 8ca11792acbabf6cb2fdef8ab8fcf1a887892127 ......
	 orig commit -> 11887ed172a6960673f130dad8f8fb42778f64d7 ......
checking 416ca41754e2d7bfb08ae12b28a4b926f22d7356 ......
	 orig commit -> cea8cd498f4f1c30ea27e3664b3c671e495c4fce ......
checking de4c175c6359ee791ecdb3a86c760afc286b5e5e ......
	 orig commit -> d6d8c8a48291b929b2e039f220f0b62958cccfea ......
checking 698f6acd22d3944f67cc54ae881f34aeafae96c5 ......
	 orig commit -> 331c7cb307971eac38e9470340e10c87855bf4bc ......
checking 063cc21634ce9755b999aaa275594796d30f2c47 ......
	 orig commit -> 2c05d88818ab6571816b93edce4d53703870d7ae ......
checking d130c0b8b9747e16b163110c4d3f4ab1153a1d93 ......
	 orig commit -> fe3a83af6a50199bf250fa331e94216912f79395 ......
checking 2cdc244ad907a640a107aaebafe0d9ff9472603f ......
	 orig commit -> 657ade07df72847f591ccdb36bd9b91ed0edbac3 ......
checking c1db12c42ad3db0fcc004c26c9e68d72b95a21e3 ......
	 orig commit -> 9d92cfeaf5215158d26d2991be7f7ff865cb98f3 ......
checking 4d0836664071f1bbe891efb342b815b6b0738ba4 ......
	 orig commit -> cd6fb677ce7e460c25bdd66f689734102ec7d642 ......
checking 9752f87b5851c0142e8fa59a79a648d736164682 ......
	 orig commit -> c530c471ba37bdd9fe1c7185b01455c00ae606fb ......
checking 8a1e903398bf6d10053f5d9f51828ca320ed8b2a ......
	 orig commit -> 9c734b2769a73eea2e9e9767c0e0bf839ff23679 ......
checking abbb3f1081f39fe5fe00b2bfda9478c744a048b3 ......
	 orig commit -> f2750df1548bd8a2b060eb609fc43ca82811af4c ......
checking 2ee87afc5b9bb992569e2bb87cea54304dc0cdb7 ......
	 orig commit -> c5cb93e994ffb43b7b3b1ff10b9f928f54574a36 ......
checking 6226d311cd15696e520bf9567ff22df07d5c4842 ......
	 orig commit -> eb9ad088f96653a26b340f7c447c44cf023d5cdc ......
checking 4a0b24576e9d9e8e02e4aed7464bdd653e5b2d94 ......
	 orig commit -> 5ba6b4aa9a410c5e2c6417df52b5e2118ea9b467 ......
checking 0da7461884057f8876cf4bd448415af6ebaf7e97 ......
	 orig commit -> c4ce446e33d7a0e978256ac6fea4c80e59d9de5f ......
checking 207928c6345176d7663131295710081b0419e0fe ......
	 orig commit -> 1c492a9d55ba99079210ed901dd8a5423f980487 ......
checking 9afd2a2dbb084d6ac03c959edbe1a5d3ab53ad96 ......
	 orig commit -> d3a315795b4ce8b105a64a90699103121bde04a8 ......
checking 8641700477533c354d6733aeafc97f5ac5ca21e6 ......
	 orig commit -> d85536cde91fcfed6fb8d983783bd2b92c843939 ......
checking 83e158f93d6628ff4a94294b2ae1f83b9152bcd6 ......
	 orig commit -> cb28c306b93b71f2741ce1a5a66289db26715f4d ......
checking 5dfa0f7fd953c3e097ccfd520005b504cee19841 ......
	 orig commit -> 28ef8b49a338dc1844e86b7954cfffc7dfa2660a ......
checking 6e93cd9e17e0c101b7203d69be3f1d7f51f6b5a1 ......
	 orig commit -> 30fe6d50eb088783c8729c7d930f65296b2b3fa7 ......
checking 83eb6dd71d241f9e84a087a539c91623e971cff7 ......
	 orig commit -> 96fc74333f84cfdf8d434c6c07254e215e2aad00 ......
checking fce84f75e518f9368d371f05e5f48e9b48496e42 ......
	 orig commit -> 64e9e22e68512da8df3c9a7430f07621e48db3c2 ......
checking 05bdb6d96456e36fe962dc62856d9aab3a87b70b ......
	 orig commit -> e1e5d8a9fe737d94ccc0ccbaf0c97f69a8f3e000 ......
checking 8114c2b2806584d01f9c98c64765be3e3df4527f ......
	 orig commit -> 3ab97942d0213b6583a5408630a8cbbfbf54730f ......
checking de500b94790b9ddcc2cf24621a2c4c6a371c544c ......
	 orig commit -> 32bf94fb5c2ec4ec842152d0e5937cd4bb6738fa ......
checking 27171e1e33ce6616e0406bb929a978a34ba24214 ......
	 orig commit -> 3a58ac65e2d7969bcdf1b6acb70fa4d12a88e53e ......
checking e36e7b024a86145de12c771ec8b6e5ef65033187 ......
	 orig commit -> cb59bc14e830028d2244861216df038165d7625d ......
checking 48741cac1a885e922877d80c76b6176b34251f0f ......
	 orig commit -> 119f94a6fefcc76d47075b83d2b73d04c895df78 ......
checking 147953b66723a592bf97d565088b2411fde9cf57 ......
	 orig commit -> 6eae4a6c2be387fec41b0d2782c4fffb57159498 ......
checking 411a3f2588d18741c1aece86c377edd69445c888 ......
	 orig commit -> 24f33e64fcd0d50a4b1a8e5b41bd0257aa66b0e8 ......
checking 1e97d6b1f751bdd377ff175e2d2e0ef892904d0e ......
	 orig commit -> 8682250b3c1b75a45feb7452bc413d004cfe3778 ......
checking 7faa369673bd9198f2a512017dc94747b2a14c41 ......
	 orig commit -> 215ab0f021c9fea3c18b75e7d522400ee6a49990 ......
	 orig commit -> d6990976af7c5d8f55903bfb4289b6fb030bf754 ......
checking 89cb86e9d42e1676840ca791ac233f51bceb9d4f ......
	 orig commit -> 07bf7908950a8b14e81aa1807e3c667eab39287a ......
