Check from v4.4.148 to v4.4.149
Commit count: 14
checking 45cf1802a1057650768430cf3168ff7a02163338 ......
checking 5b9b4a8cca9c9fd9a035edbbe6eea3d1cf687981 ......
	 orig commit -> 5e0fb5df2ee871b841f96f9cb6a7f2784e96aa4e ......
checking 29f475cbff9b56c83821344b02d5152847839bc2 ......
	 orig commit -> 785a19f9d1dd8a4ab2d0633be4656653bd3de1fc ......
checking 17c1e0b1f6a161cc4f533d4869ff574273dbfe8d ......
	 orig commit -> 7992c18810e568b95c869b227137a2215702a805 ......
checking 59e68641add22a2b6847b653f8e823ccb4042d0a ......
	 orig commit -> 3bbda5a38601f7675a214be2044e41d7749e6c7b ......
		 3bbda5a38601f7675a214be2044e41d7749e6c7b has problem. Fixes commit -> 0087f2013188d8b332cee2f74fd3c6754a49f620
checking 930787c9cdd7179025f10ef45d9957f1ef38880b ......
	 orig commit -> 318abdfbe708aaaa652c79fb500e9bd60521f9dc ......
checking a55a2512827fde609f4844be33d7e6dce7b2a4cd ......
	 orig commit -> 0868def3e4100591e7a1fdbf3eed1439cc8f7ca3 ......
checking 335e988310f9bf17b94001945f0c6985e54c88b4 ......
	 orig commit -> bb29648102335586e9a66289a1d98a0cb392b6e5 ......
checking 9054a54766f7cd3e33086c47701ad19eb1d0d404 ......
	 orig commit -> 73bf20ef3df262026c3470241ae4ac8196943ffa ......
checking 293cce718b133959f04b94148326334c9bfab5ad ......
	 orig commit -> 934193a654c1f4d0643ddbf4b2529b508cae926e ......
		 934193a654c1f4d0643ddbf4b2529b508cae926e has problem. Fixes commit -> 914b087ff9e0e9a399a4927fa30793064afc0178
commit accf294af41897950d1c83318c44a032d755188d
Author: Randy Dunlap <rdunlap@infradead.org>
Date:   Tue Aug 28 12:59:10 2018 -0700

    kbuild: make missing $DEPMOD a Warning instead of an Error
    
    commit 914b087ff9e0e9a399a4927fa30793064afc0178 upstream.
    
    When $DEPMOD is not found, only print a warning instead of exiting
    with an error message and error status:
    
    Warning: 'make modules_install' requires /sbin/depmod. Please install it.
    This is probably in the kmod package.
    
    Change the Error to a Warning because "not all build hosts for cross
    compiling Linux are Linux systems and are able to provide a working
    port of depmod, especially at the file patch /sbin/depmod."
    
    I.e., "make modules_install" may be used to copy/install the
    loadable modules files to a target directory on a build system and
    then transferred to an embedded device where /sbin/depmod is run
    instead of it being run on the build system.
    
    Fixes: 934193a654c1 ("kbuild: verify that $DEPMOD is installed")
    Signed-off-by: Randy Dunlap <rdunlap@infradead.org>
    Reported-by: H. Nikolaus Schaller <hns@goldelico.com>
    Cc: stable@vger.kernel.org
    Cc: Lucas De Marchi <lucas.demarchi@profusion.mobi>
    Cc: Lucas De Marchi <lucas.de.marchi@gmail.com>
    Cc: Michal Marek <michal.lkml@markovi.net>
    Cc: Jessica Yu <jeyu@kernel.org>
    Cc: Chih-Wei Huang <cwhuang@linux.org.tw>
    Signed-off-by: Masahiro Yamada <yamada.masahiro@socionext.com>
    Signed-off-by: Maxim Zhukov <mussitantesmortem@gmail.com>
    Signed-off-by: Greg Kroah-Hartman <gregkh@linuxfoundation.org>
checking 3abc229cfc033612acf27a9efbe9a44ea9004592 ......
	 orig commit -> 17e83549e199d89aace7788a9f11c108671eecf5 ......
checking dcb852a7db98fb702878e811425063cd00e688b2 ......
	 orig commit -> 0e410e158e5baa1300bdf678cea4f4e0cf9d8b94 ......
checking 42962538cd9fe281a6e8602f22c7b1e218ed812a ......
checking 438604aa025a449e5c994ba4c824cc7267b8ccd2 ......
	 orig commit -> f967db0b9ed44ec3057a28f3b28efc51df51b835 ......
