Check from v4.4.22 to v4.4.23
Commit count: 74
checking d19e48fe5da7b83d02ed4aec3567f08ae02a168c ......
checking 7b251d3404dfd0384274b7493722f65a1ceaa724 ......
	 orig commit -> 8a545f185145e3c09348cd74326268ecfc6715a3 ......
checking 69b10e10f5a8c99d8df4769053be1bd71a97f770 ......
	 orig commit -> f4cceb2affcd1285d4ce498089e8a79f4cd2fa66 ......
checking 97f9aa7c027126e9cb024d95a45b00505198746e ......
	 orig commit -> 5381cfb6f0422da24cfa9da35b0433c0415830e0 ......
checking a596ebc52657e2b7840c5d1a8adffe4393156604 ......
	 orig commit -> 33e7664a0af6e9a516f01014f39737aaa119b6d9 ......
checking 116fcd882e3b6dc3aeb0fd29f7c93b5628337bc3 ......
	 orig commit -> 924d8696751c4b9e58263bc82efdafcf875596a6 ......
checking 119c348a8ef2765fb19c96f76480d4aaefdcae23 ......
	 orig commit -> 62822e2ec4ad091ba31f823f577ef80db52e3c2c ......
checking da40055ecfbc0244f1e2906d627f0dda54b685df ......
	 orig commit -> 951c39cd3bc0aedf67fbd8fb4b9380287e6205d1 ......
checking aebd3358fdb6f74b53ebd17d4eac5e67269dd9ab ......
	 orig commit -> 3cbc6fc9c99f1709203711f125bc3b79487aba06 ......
checking 49cded2ae19b0624be81bbf6ba3badd51c1375a8 ......
	 orig commit -> b244614a60ab7ce54c12a9cbe15cfbf8d79d0967 ......
checking 9b30cac4946a74a25f2569e6929bcd081cfbdeac ......
	 orig commit -> b03c1e3b8eed9026733c473071d1f528358a0e50 ......
checking 450abddb1cb4d5f3e1cde42670348ead50a25b91 ......
	 orig commit -> 554af0c396380baf416f54c439b99b495180b2f4 ......
checking b8a84b8488fbdf38b27fc14bd9e5d49211a38fc7 ......
	 orig commit -> 8f46cca1e6c06a058374816887059bcc017b382f ......
checking 18720392db1b57693beb130d37ce9d9201efb58b ......
	 orig commit -> 7e956304eb8a285304a78582e4537e72c6365f20 ......
checking 05e5e96324402c5066a763315d8159c9b8c94e22 ......
	 orig commit -> 331dcf421c34d227784d07943eb01e4023a42b0a ......
checking bbf1c4d2ea4a299d38874646e441327006d52c14 ......
	 orig commit -> 371a015344b6e270e7e3632107d9554ec6d27a6b ......
checking e944e69815ec4d6212514e658a4c7d155793c8f0 ......
	 orig commit -> 325c50e3cebb9208009083e841550f98a863bfa0 ......
checking f1b01a340b2b4bc18e90fe5e5a3e99d7d3cffe32 ......
	 orig commit -> ad5987b47e96a0fb6d13fea250e936aed000093c ......
checking a68022d9b59c2fc1ebe3c4133f0e2f32b4cde065 ......
	 orig commit -> 4de349e786a3a2d51bd02d56f3de151bbc3c3df9 ......
checking 7af3e4e129072b33ae95625555d38150f181adc3 ......
	 orig commit -> b385d21f27d86426472f6ae92a231095f7de2a8d ......
checking 8b275b4522af2b19072df7aee87fd659e09d29bc ......
	 orig commit -> 1245800c0f96eb6ebb368593e251d66c01e61022 ......
checking 369796a8843ec9fce05129c6a80bee9e4b90978b ......
	 orig commit -> 1ae2293dd6d2f5c823cf97e60b70d03631cd622f ......
checking 3ee1b560e735449509791698d4772462a9205bda ......
	 orig commit -> bae170efd6c42bf116f513a1dd07639d68fa71b9 ......
checking a52c63ade338cfddb7a5e779cef913624b25fded ......
	 orig commit -> 79ad07d45743721010e766e65dc004ad249bd429 ......
checking 45987838305b660f44b6edffc8b653361bef7390 ......
	 orig commit -> dc01a28d80a42cef08c94dfc595565aaebe46d15 ......
checking 3f5d8326a870729ae21aa0a6b132cf8d9e9fcc1e ......
	 orig commit -> e23d4159b109167126e5bcd7f3775c95de7fee47 ......
checking 6e67de3922f25ae43fc86be362d740d88167ae7f ......
	 orig commit -> 96d41019e3ac55f6f0115b0ce97e4f24a3d636d2 ......
checking af426ec184a38d257457a22554542d4f9bb7eecd ......
	 orig commit -> 12703dbfeb15402260e7554d32a34ac40c233990 ......
checking fc4edddc5186b74442933c4399cdd6fff914c683 ......
	 orig commit -> 800b2694f890cc35a1bda63501fc71c94389d517 ......
checking 2ccb99b272a23b2f32327002f715b10d815a86f3 ......
	 orig commit -> 7cbdb4a286a60c5d519cb9223fe2134d26870d39 ......
checking 30b54a26af73c470395dd7f2b621e2a6a20a6a7c ......
	 orig commit -> ea01a18494b3d7a91b2f1f2a6a5aaef4741bc294 ......
checking 9aea5e0ded7355172d751cdcacf59aa06d0d036e ......
	 orig commit -> ff01c944cfa939f3474c28d88223213494aedf0b ......
checking fd2e3102adb91a481e34923633b1c0fd0fa77f0b ......
	 orig commit -> 9264251ee2a55bce8fb93826b3f581fb9eb7e2c2 ......
checking 8c945f5aac28a81f20f6a5208a6ccab43b8e7a89 ......
	 orig commit -> 2fb04fdf30192ff1e2b5834e9b7745889ea8bbcb ......
checking 339d61ab09bbb7fae7416ec025eb9a9509d5e818 ......
	 orig commit -> c3e70edd7c2eed6acd234627a6007627f5c76e8e ......
checking a3fb2b3bd4f095327a98c484260fb63851d3bb14 ......
	 orig commit -> 4f101c47791cdcb831b3ef1f831b1cc51e4fe03c ......
checking c03c024fd36db587cb0797408d5c64adf096f678 ......
	 orig commit -> 2c0f8ce1b584a4d7b8ff53140d21dfed99834940 ......
checking 4be4511af7966b7b0f93d9f129a876458794f2f3 ......
	 orig commit -> d2fbdf76b85bcdfe57b8ef2ba09d20e8ada79abd ......
checking 8d0d2ce6c81ddba2cc9ba7f7dc04c32b2f2812bb ......
	 orig commit -> 5ba092efc7ddff040777ae7162f1d195f513571b ......
checking 0bb225a04dc3b730844a9d2acb5b4f9307b6e1f9 ......
	 orig commit -> a5d0dc810abf3d6b241777467ee1d6efb02575fc ......
checking 9b5390d7b6abf1fe04ccc6437691881c369f7ff9 ......
	 orig commit -> 6e1ce3c3451291142a57c4f3f6f999a29fb5b3bc ......
checking 941f6995440400a67cebce678e612459ea60b96b ......
	 orig commit -> 38f7bd94a97b542de86a2be9229289717e33a7a4 ......
checking f357a79839f95f5ea7baf1c1366d64796d833bca ......
	 orig commit -> 24b27fc4cdf9e10c5e79e5923b6b7c2c5c95096c ......
checking 56e5ad1e1d7a2ab2d79ef004a29d15e0a137a0d0 ......
	 orig commit -> 546e559c79b1a8d27c23262907a00fc209e392a0 ......
checking e3718ed1df970f743f9f20cb4234dd56ed6f18da ......
	 orig commit -> 86d65b7e7a0c927d07d18605c276d0f142438ead ......
checking 2c4e9913a114c01991dc3ae455a1d126e440251e ......
	 orig commit -> b6acb0cfc21293a1bfc283e9217f58f7474ef728 ......
checking 682c360eb26f819be942956ce404064839123337 ......
	 orig commit -> 2cce76c3fab410520610a7d2f52faebc3cfcf843 ......
checking 1fff631e5218df89c508ac2a5cceb7c693ebde68 ......
	 orig commit -> 362210e0dff4eb7bb36a9b34dbef3b39d779d95e ......
checking 7fb33fb721dcc75b523af322c3724e5cbf7f382c ......
	 orig commit -> 0fb504001192c1df62c847a8bb6558753c36ebef ......
checking c48692f59bca5792245bf723bc484bebd444a4f2 ......
	 orig commit -> 194dc870a5890e855ecffb30f3b80ba7c88f96d6 ......
checking bc43ac8bd632ea7ea3dc210ab8ed11e723e28afd ......
	 orig commit -> 8e0cc8c326d99e41468c96fea9785ab78883a281 ......
checking a52031beb067ed3318c3ef226af5fa7223a7787d ......
	 orig commit -> 377ccbb483738f84400ddf5840c7dd8825716985 ......
checking a521e942bd9b903935d4c79993bf6d0b6d5154c7 ......
	 orig commit -> 124a3d88fa20e1869fc229d7d8c740cc81944264 ......
checking 3da2a4cb6e909dd45be3009379f0d29b9a9e369d ......
	 orig commit -> 6e8d666e925333c55378e8d5540a8a9ee0eea9c5 ......
checking 7cd4d22328dc4a019e00508c66ecd4cd837597b5 ......
	 orig commit -> e72e2dfe7c16ffbfbabf9cb24adc6d9f93a4fe37 ......
		 e72e2dfe7c16ffbfbabf9cb24adc6d9f93a4fe37 has problem. Fixes commit -> b334e19ae9381f12a7521976883022385d2b7eef
checking 605623774e714a460bec332d81ab3da194a26ae3 ......
	 orig commit -> 815eb71e7149ecce40db9dd0ad09c4dd9d33c60f ......
checking d772ec1314f80de536aafc729855bcf3e691f997 ......
	 orig commit -> 51193b76bfff5027cf96ba63effae808ad67cca7 ......
checking 9b6bbc3d96729c18eef9a3c39021967220bcc5e4 ......
	 orig commit -> e17cf3a80d4ba0c4e40bf1a89deb1354c2e10e14 ......
checking 97283248f58444a1b64c24b7ee1be5e708906e86 ......
	 orig commit -> 40ab87a4003c7952976ce901a2b9ece5ed833168 ......
checking 252644d83bf7c46d199687c4af2f0ee125ca7f62 ......
	 orig commit -> a85a41ed69f27c4c667d8c418df14b4fb220c4ad ......
checking cf5fa7b898f487def896acaf79f3ea3bc4827e8c ......
	 orig commit -> d21c353d5e99c56cdd5b5c1183ffbcaf23b8b960 ......
checking f1ce664e687d3d0f83b9e0a4014b96353a641c93 ......
	 orig commit -> e6f0c6e6170fec175fe676495f29029aecdf486c ......
checking 2426cdb3f4a33704f1a8f9ee167f82ef5be516ba ......
	 orig commit -> 53a5d5ddccf849dbc27a8c1bba0b43c3a45fb792 ......
checking 1c95a8a481efa5716b847b75f9c8b26f65844362 ......
	 orig commit -> acdb04d0b36769b3e05990c488dc74d8b7ac8060 ......
checking 9246fd26f99d70c81d3ec90a4b8dece0c2d7b930 ......
	 orig commit -> f82e90b28654804ab72881d577d87c3d5c65e2bc ......
checking 3e2d986d8b2f95cfd4c2c0528cff74ce42a4e2a8 ......
	 orig commit -> 2db34e78f126c6001d79d3b66ab1abb482dc7caa ......
checking c867a11289ee74c4594a96ccccac16f4cc29519e ......
	 orig commit -> 20a2b49fc538540819a0c552877086548cff8d8d ......
checking 0f55fa7541d7ff34a6690438bb00b78521b98b54 ......
	 orig commit -> bb1fceca22492109be12640d49f5ea5a544c6bb4 ......
checking 98418550e124ec047918df8b3bb587e60bd39a8a ......
	 orig commit -> db7196a0d0984b933ccf2cd6a60e26abf466e8a3 ......
checking ea7dd213c1e3be9eeb6786affb7766aeca232439 ......
	 orig commit -> 03c2778a938aaba0893f6d6cdc29511d91a79848 ......
checking 6b8076b8a76bc7f3d51e51b9fb5b35853cc74138 ......
	 orig commit -> 94d9f1c5906b20053efe375b6d66610bca4b8b64 ......
checking daef25aa900236a25d1cadc272beefc86713ca9f ......
	 orig commit -> 0a11b9aae49adf1f952427ef1a1d9e793dd6ffb6 ......
checking 29bd03596e9511fa2f1a199d3a7603da28b32899 ......
checking df127725783f45e0f7681f7def2ca259ee9ef4ae ......
	 orig commit -> 8f57e4d930d48217268315898212518d4d3e0773 ......
