Check from v4.4.95 to v4.4.96
Commit count: 21
checking 27e68f1bca91a7f69808c8641f03c66cca2bb365 ......
checking b3d04695be526b0fc0578538417e807cdbd84541 ......
	 orig commit -> 11bf4a8e1d5a300b38ca4bbe1156716b0174f2da ......
	 orig commit -> 2e644be30fcc08c736f66b60f4898d274d4873ab ......
checking 50044e419e83cb4cab63375541f9c099a0d059a5 ......
	 orig commit -> f66665c09ab489a11ca490d6a82df57cfc1bea3e ......
checking da0933ceec963ee0e9d477535901cd9a696362b1 ......
	 orig commit -> 723f2828a98c8ca19842042f418fb30dd8cfc0f7 ......
		 723f2828a98c8ca19842042f418fb30dd8cfc0f7 has problem. Fixes commit -> b94b7373317164402ff7728d10f7023127a02b60
commit 7d1bef0f6037f4cb3380cc41596ec1b6ecfb19a7
Author: Jia Zhang <qianyue.zj@alibaba-inc.com>
Date:   Mon Jan 1 10:04:47 2018 +0800

    x86/microcode/intel: Extend BDW late-loading with a revision check
    
    commit b94b7373317164402ff7728d10f7023127a02b60 upstream.
    
    Instead of blacklisting all model 79 CPUs when attempting a late
    microcode loading, limit that only to CPUs with microcode revisions <
    0x0b000021 because only on those late loading may cause a system hang.
    
    For such processors either:
    
    a) a BIOS update which might contain a newer microcode revision
    
    or
    
    b) the early microcode loading method
    
    should be considered.
    
    Processors with revisions 0x0b000021 or higher will not experience such
    hangs.
    
    For more details, see erratum BDF90 in document #334165 (Intel Xeon
    Processor E7-8800/4800 v4 Product Family Specification Update) from
    September 2017.
    
    [ bp: Heavily massage commit message and pr_* statements. ]
    
    Fixes: 723f2828a98c ("x86/microcode/intel: Disable late loading on model 79")
    Signed-off-by: Jia Zhang <qianyue.zj@alibaba-inc.com>
    Signed-off-by: Borislav Petkov <bp@suse.de>
    Signed-off-by: Thomas Gleixner <tglx@linutronix.de>
    Acked-by: Tony Luck <tony.luck@intel.com>
    Cc: x86-ml <x86@kernel.org>
    Link: http://lkml.kernel.org/r/1514772287-92959-1-git-send-email-qianyue.zj@alibaba-inc.com
    Signed-off-by: Greg Kroah-Hartman <gregkh@linuxfoundation.org>
checking a272dc770f7d180e2284ce947d51126a69be8188 ......
	 orig commit -> fc1111b885437f374ed54aadda44d8b241ebd2a3 ......
checking 120ef1a38f79e7c51a43df811e0e1e3fc40ed6ce ......
	 orig commit -> e1d2d1329a5722dbecc9c278303fcc4aa01f8790 ......
checking c1b0921021246a07e7b47f71f35fe89935fb385c ......
	 orig commit -> 8f65a923e6b628e187d5e791cf49393dd5e8c2f9 ......
checking 0c3cdb4536d150facef886fe2b82763b0ac36b03 ......
	 orig commit -> 3a379f5b36ae039dfeb6f73316e47ab1af4945df ......
checking 62b54cc63a1c5b0de07a52a8ac7ac1bfe66d10f2 ......
	 orig commit -> 587c3c9f286cee5c9cac38d28c8ae1875f4ec85b ......
checking 6e9abbc96411ba65236dd363949c5106f7845e88 ......
	 orig commit -> ab31fd0ce65ec93828b617123792c1bb7c6dcc42 ......
checking 1cbbd99f3bfe27115c05332e7db73e23651b9f8b ......
	 orig commit -> ea6789980fdaa610d7eb63602c746bf6ec70cd2b ......
checking 2c99438cf66d585ba939068c8b8562e9104cd5c4 ......
	 orig commit -> a50829479f58416a013a4ccca791336af3c584c7 ......
checking 31d770a8b887787e0e11d55f96469fac58494f4b ......
	 orig commit -> 57a95b41869b8f0d1949c24df2a9dac1ca7082ee ......
checking 8b396ff8eee76dcbcfb52904061f24ed25c52493 ......
	 orig commit -> 298d275d4d9bea3524ff4bc76678c140611d8a8d ......
checking 82e05e935ffd3f8335cb57bf8cff0e0d89c06e50 ......
	 orig commit -> c6cdd51404b7ac12dd95173ddfc548c59ecf037f ......
checking 7d74eecca960bdc1e6d42bd9f863ef9aa222cc2e ......
	 orig commit -> a2b4a79b88b24c49d98d45a06a014ffd22ada1a4 ......
checking 3505478d6fecc760f4f276a590e209c8afc72af3 ......
	 orig commit -> b3207c65dfafae27e7c492cb9188c0dc0eeaf3fd ......
checking da0345d723f00b0544fe2b7aff3a4858ef5c38fa ......
	 orig commit -> 6c2838fbdedb9b72a81c931d49e56b229b6cdbca ......
checking 5f1d33ab4d5364a892b0a687fd477e763d4e1088 ......
	 orig commit -> f265788c336979090ac80b9ae173aa817c4fe40d ......
checking 8c812f0335dd6a02607106b0dc4f2f999fb9f7b5 ......
	 orig commit -> 736f20a7060857ff569e9e9586ae6c1204a73e07 ......
checking fce67b31c7cd5a6599fe9cf1b2c398b8f2b874cb ......
	 orig commit -> 692b48258dda7c302e777d7d5f4217244478f1f6 ......
