Check from v4.4.43 to v4.4.44
Commit count: 49
checking a7dd347a67c0ee738dda3c421d82ce8414be8c38 ......
checking 45611fb9e0afe4d9ee1236ab68d3f51c7edc55f9 ......
	 orig commit -> 5d7400c4acbf7fe633a976a89ee845f7333de3e4 ......
checking ef6eadbf7b169d0eb1ee7c82431443802f97d189 ......
	 orig commit -> fe0f3168169f7c34c29b0cf0c489f126a7f29643 ......
checking 488e7b2c5b6a0abad4b22452e40d688836a4b2c0 ......
	 orig commit -> 815a7141c4d1b11610dccb7fcbb38633759824f2 ......
checking 4d1b5086f7e2f4708621b30dd7c0f92e05e0aeca ......
	 orig commit -> c090959b9dd8c87703e275079aa4b4a824ba3f8e ......
checking 6e8210ad2585ba8292d91374e2d0750dd45773e9 ......
	 orig commit -> c02ebfdddbafa9a6a0f52fbd715e6bfa229af9d3 ......
checking ddf0c377bf8204848cec783b6dd3b5c809ed00cd ......
	 orig commit -> a545715d2dae8d071c5b06af947b07ffa846b288 ......
checking 4af7970b35930775124b307460e17cf426e19531 ......
	 orig commit -> ebc4ff661fbe76781c6b16dfb7b754a5d5073f8e ......
checking 2c1dd423a5671f6301b583cc0edd0069263c7157 ......
	 orig commit -> 8a10c06a20ec8097a68fd7a4a1c0e285095b4d2f ......
checking 33ebdfe913fd6dd3dc8522a6ab4bb5719df5efde ......
	 orig commit -> cfd278c280f997cf2fe4662e0acab0fe465f637b ......
checking 11804232d1ad3405e0729217bcaa368b7a64b587 ......
	 orig commit -> 79f687a3de9e3ba2518b4ea33f38ca6cbe9133eb ......
checking 8ff851bf2240d877aaeec92795142535e07c3328 ......
	 orig commit -> ee284e35d8c71bf5d4d807eaff6f67a17134b359 ......
checking 7aae6e3c0c529e736d45322d7ad97cef33d63120 ......
	 orig commit -> f24d311f92b516a8aadef5056424ccabb4068e7b ......
checking f0382c090a207f9beae1ab2e76883ea304031ae0 ......
	 orig commit -> aa7c8da35d1905d80e840d075f07d26ec90144b5 ......
checking 205e997acde7546eae7d78a0618dd9ed10046987 ......
	 orig commit -> d0280996437081dd12ed1e982ac8aeaa62835ec4 ......
checking 68b97d287e2853f96cb641baef739353dc96509c ......
	 orig commit -> dd853fd216d1485ed3045ff772079cc8689a9a4a ......
checking 0cf23324af1c318c87fb2ea98be2443bc6a80835 ......
	 orig commit -> 030ee7ae52a46a2be52ccc8242c4a330aba8d38e ......
checking 1d25a05642c8f69d0a31a40b8f2ac3189bf5dcb7 ......
	 orig commit -> ce5e292828117d1b71cbd3edf9e9137cf31acd30 ......
checking a1a0612b7ddefdef9e4bfad71f002252f5c21371 ......
	 orig commit -> 8a08403bcb39f5d0e733bcf59a8a74f16b538f6e ......
checking b9d6631395a1e25b210ce112b1bc10f3c665ea20 ......
	 orig commit -> 93362fa47fe98b62e4a34ab408c4a418432e7939 ......
checking ca81117b7432da2d154cb65411d115d445c787de ......
	 orig commit -> 802c03881f29844af0252b6e22be5d2f65f93fd0 ......
checking 075f493a974e390ba7664cef0b17994999705150 ......
	 orig commit -> 89d8232411a85b9a6b12fd5da4d07d8a138a8e0c ......
		 89d8232411a85b9a6b12fd5da4d07d8a138a8e0c has problem. Fixes commit -> 497e1e16f45c70574dc9922c7f75c642c2162119
commit 0a1757cfa5ba3b46f6ee7a74ddb7a5c0bd5d7c2f
Author: Nicolas Ferre <nicolas.ferre@microchip.com>
Date:   Mon Mar 20 16:38:57 2017 +0100

    tty/serial: atmel: fix TX path in atmel_console_write()
    
    commit 497e1e16f45c70574dc9922c7f75c642c2162119 upstream.
    
    A side effect of 89d8232411a8 ("tty/serial: atmel_serial: BUG: stop DMA
    from transmitting in stop_tx") is that the console can be called with
    TX path disabled. Then the system would hang trying to push charecters
    out in atmel_console_putchar().
    
    Signed-off-by: Nicolas Ferre <nicolas.ferre@microchip.com>
    Fixes: 89d8232411a8 ("tty/serial: atmel_serial: BUG: stop DMA from transmitting in stop_tx")
    Signed-off-by: Greg Kroah-Hartman <gregkh@linuxfoundation.org>
    Signed-off-by: Greg Kroah-Hartman <gregkh@linuxfoundation.org>
checking 4a6716f165179679ee418b79445aa4031118ecd1 ......
	 orig commit -> 3895dbf8985f656675b5bde610723a29cbce3fa7 ......
checking 836fd7c9e6e6bf18d8d0ced59019455de648cd31 ......
	 orig commit -> c8a6a09c1c617402cc9254b2bc8da359a0347d75 ......
checking d5fcd719e889213265311da4322821906c02a644 ......
	 orig commit -> d6169d04097fd9ddf811e63eae4e5cd71e6666e2 ......
checking ae76af2518067cfbd9c3912f3c2558e5235b6e02 ......
	 orig commit -> 30f939feaeee23e21391cfc7b484f012eb189c3c ......
checking f64b9acc368c3a535510291aaf4e86787f8d10d3 ......
	 orig commit -> 6f724fb3039522486fce2e32e4c0fbe238a6ab02 ......
checking 085f4ebec7978329fadff1241d81583996248811 ......
	 orig commit -> 1c3415a06b1016a596bfe59e0cfee56c773aa958 ......
checking 214a8e98e6bcec725aa5ba1eff210b2df030bf6e ......
	 orig commit -> a20047f36e2f6a1eea4f1fd261aaa55882369868 ......
checking 802b4ef3b9898c5485ebb4185ba9131518bb9efd ......
	 orig commit -> 2d5a9c72d0c4ac73cf97f4b7814ed6c44b1e49ae ......
		 2d5a9c72d0c4ac73cf97f4b7814ed6c44b1e49ae has problem. Fixes commit -> e33eab9ded328ccc14308afa51b5be7cbe78d30b
commit a82597e92e47980261f8cfb37008026730a3a585
Author: Dan Carpenter <dan.carpenter@oracle.com>
Date:   Wed Jul 4 12:29:38 2018 +0300

    USB: serial: ch341: fix type promotion bug in ch341_control_in()
    
    commit e33eab9ded328ccc14308afa51b5be7cbe78d30b upstream.
    
    The "r" variable is an int and "bufsize" is an unsigned int so the
    comparison is type promoted to unsigned.  If usb_control_msg() returns a
    negative that is treated as a high positive value and the error handling
    doesn't work.
    
    Fixes: 2d5a9c72d0c4 ("USB: serial: ch341: fix control-message error handling")
    Signed-off-by: Dan Carpenter <dan.carpenter@oracle.com>
    Cc: stable <stable@vger.kernel.org>
    Signed-off-by: Johan Hovold <johan@kernel.org>
    Signed-off-by: Greg Kroah-Hartman <gregkh@linuxfoundation.org>
checking bc74606d8d80c188ba1ef676a6859510b3c65bf9 ......
	 orig commit -> f2950b78547ffb8475297ada6b92bc2d774d5461 ......
checking e29f709c2f56c7ad589fd2de42fe395b1c6fadd6 ......
	 orig commit -> 4e2da44691cffbfffb1535f478d19bc2dca3e62b ......
checking 3ef5bc0b385f81e88574c29a13edf80f092d515f ......
	 orig commit -> 146cc8a17a3b4996f6805ee5c080e7101277c410 ......
checking 4a1ecf37a59f8e59e1eef75dfe885462ceda5ec4 ......
	 orig commit -> 753aacfd2e95df6a0caf23c03dc309020765bea9 ......
checking 9d3875c0c462808f4d59dfa18a79d4b5b235acbd ......
	 orig commit -> 129a72a0d3c8e139a04512325384fe5ac119e74d ......
		 129a72a0d3c8e139a04512325384fe5ac119e74d has problem. Fixes commit -> 3c9fa24ca7c9c47605672916491f79e8ccacb9e6
ce14e868a54edeb2e30cb7a7b104a2fc4b9d76ca
79367a65743975e5cac8d24d08eccc7fdae832b0
commit 326908105f21d20eba5d8887a040ebc56bda8af3
Author: Paolo Bonzini <pbonzini@redhat.com>
Date:   Wed Jun 6 17:37:49 2018 +0200

    KVM: x86: pass kvm_vcpu to kvm_read_guest_virt and kvm_write_guest_virt_system
    
    commit ce14e868a54edeb2e30cb7a7b104a2fc4b9d76ca upstream.
    
    Int the next patch the emulator's .read_std and .write_std callbacks will
    grow another argument, which is not needed in kvm_read_guest_virt and
    kvm_write_guest_virt_system's callers.  Since we have to make separate
    functions, let's give the currently existing names a nicer interface, too.
    
    Fixes: 129a72a0d3c8 ("KVM: x86: Introduce segmented_write_std", 2017-01-12)
    Cc: stable@vger.kernel.org
    Signed-off-by: Paolo Bonzini <pbonzini@redhat.com>
    Signed-off-by: Greg Kroah-Hartman <gregkh@linuxfoundation.org>

commit 8417244a3aac8dd083dd1cb4407f1e1e77b2bd24
Author: Paolo Bonzini <pbonzini@redhat.com>
Date:   Wed Jun 6 16:43:02 2018 +0200

    KVM: x86: introduce linear_{read,write}_system
    
    commit 79367a65743975e5cac8d24d08eccc7fdae832b0 upstream.
    
    Wrap the common invocation of ctxt->ops->read_std and ctxt->ops->write_std, so
    as to have a smaller patch when the functions grow another argument.
    
    Fixes: 129a72a0d3c8 ("KVM: x86: Introduce segmented_write_std", 2017-01-12)
    Cc: stable@vger.kernel.org
    Signed-off-by: Paolo Bonzini <pbonzini@redhat.com>
    Signed-off-by: Greg Kroah-Hartman <gregkh@linuxfoundation.org>
commit 25bdf0807b52fc99c3e7a6b424a9e847510dab15
Author: Paolo Bonzini <pbonzini@redhat.com>
Date:   Wed Jun 6 17:38:09 2018 +0200

    kvm: x86: use correct privilege level for sgdt/sidt/fxsave/fxrstor access
    
    commit 3c9fa24ca7c9c47605672916491f79e8ccacb9e6 upstream.
    
    The functions that were used in the emulation of fxrstor, fxsave, sgdt and
    sidt were originally meant for task switching, and as such they did not
    check privilege levels.  This is very bad when the same functions are used
    in the emulation of unprivileged instructions.  This is CVE-2018-10853.
    
    The obvious fix is to add a new argument to ops->read_std and ops->write_std,
    which decides whether the access is a "system" access or should use the
    processor's CPL.
    
    Fixes: 129a72a0d3c8 ("KVM: x86: Introduce segmented_write_std", 2017-01-12)
    Signed-off-by: Paolo Bonzini <pbonzini@redhat.com>
    Signed-off-by: Greg Kroah-Hartman <gregkh@linuxfoundation.org>

commit 326908105f21d20eba5d8887a040ebc56bda8af3
Author: Paolo Bonzini <pbonzini@redhat.com>
Date:   Wed Jun 6 17:37:49 2018 +0200

    KVM: x86: pass kvm_vcpu to kvm_read_guest_virt and kvm_write_guest_virt_system
    
    commit ce14e868a54edeb2e30cb7a7b104a2fc4b9d76ca upstream.
    
    Int the next patch the emulator's .read_std and .write_std callbacks will
    grow another argument, which is not needed in kvm_read_guest_virt and
    kvm_write_guest_virt_system's callers.  Since we have to make separate
    functions, let's give the currently existing names a nicer interface, too.
    
    Fixes: 129a72a0d3c8 ("KVM: x86: Introduce segmented_write_std", 2017-01-12)
    Cc: stable@vger.kernel.org
    Signed-off-by: Paolo Bonzini <pbonzini@redhat.com>
    Signed-off-by: Greg Kroah-Hartman <gregkh@linuxfoundation.org>

commit 8417244a3aac8dd083dd1cb4407f1e1e77b2bd24
Author: Paolo Bonzini <pbonzini@redhat.com>
Date:   Wed Jun 6 16:43:02 2018 +0200

    KVM: x86: introduce linear_{read,write}_system
    
    commit 79367a65743975e5cac8d24d08eccc7fdae832b0 upstream.
    
    Wrap the common invocation of ctxt->ops->read_std and ctxt->ops->write_std, so
    as to have a smaller patch when the functions grow another argument.
    
    Fixes: 129a72a0d3c8 ("KVM: x86: Introduce segmented_write_std", 2017-01-12)
    Cc: stable@vger.kernel.org
    Signed-off-by: Paolo Bonzini <pbonzini@redhat.com>
    Signed-off-by: Greg Kroah-Hartman <gregkh@linuxfoundation.org>
checking 3490e72ad6d02cf396894d1139dc800e1d9fca83 ......
	 orig commit -> 283c95d0e3891b64087706b344a4b545d04a6e62 ......
		 283c95d0e3891b64087706b344a4b545d04a6e62 has problem. Fixes commit -> 129a72a0d3c8e139a04512325384fe5ac119e74d
commit 9d3875c0c462808f4d59dfa18a79d4b5b235acbd
Author: Steve Rutherford <srutherford@google.com>
Date:   Wed Jan 11 18:28:29 2017 -0800

    KVM: x86: Introduce segmented_write_std
    
    commit 129a72a0d3c8e139a04512325384fe5ac119e74d upstream.
    
    Introduces segemented_write_std.
    
    Switches from emulated reads/writes to standard read/writes in fxsave,
    fxrstor, sgdt, and sidt.  This fixes CVE-2017-2584, a longstanding
    kernel memory leak.
    
    Since commit 283c95d0e389 ("KVM: x86: emulate FXSAVE and FXRSTOR",
    2016-11-09), which is luckily not yet in any final release, this would
    also be an exploitable kernel memory *write*!
    
    Reported-by: Dmitry Vyukov <dvyukov@google.com>
    Fixes: 96051572c819194c37a8367624b285be10297eca
    Fixes: 283c95d0e3891b64087706b344a4b545d04a6e62
    Suggested-by: Paolo Bonzini <pbonzini@redhat.com>
    Signed-off-by: Steve Rutherford <srutherford@google.com>
    Signed-off-by: Paolo Bonzini <pbonzini@redhat.com>
    Signed-off-by: Greg Kroah-Hartman <gregkh@linuxfoundation.org>
checking d9c4c1e7c2cf4feed8b86e508fb76ac14607f131 ......
	 orig commit -> aabba3c6abd50b05b1fc2c6ec44244aa6bcda576 ......
checking 4fa0090249fb3b5d12b8207900cbea8ff23cfd8b ......
	 orig commit -> d3fe959f81024072068e9ed86b39c2acfd7462a9 ......
checking 1fc673d96f9dba0e4e1ad102995bef70e4a2e7cb ......
	 orig commit -> cef84c302fe051744b983a92764d3fcca933415d ......
checking 3d27cd4b25272943300d125b20d315fd96ae0794 ......
	 orig commit -> b6416e61012429e0277bd15a229222fd17afc1c1 ......
checking 34a55c9d4a2dc04b3e8b78e3d242c809cf5f729e ......
	 orig commit -> 4f3dbdf47e150016aacd734e663347fcaa768303 ......
checking 816307c80d4ddad5414a05ff5861f063d29cda6f ......
	 orig commit -> 33ab91103b3415e12457e3104f0e4517ce12d0f3 ......
checking 1a46e6ecf8967ec7c8491bae10f90498b01f9fde ......
	 orig commit -> e5bbc8a6c992901058bc09e2ce01d16c111ff047 ......
checking 6bbb8ff3b68e65cd2ad936b32ce01df2c4ec215b ......
	 orig commit -> e7ee2c089e94067d68475990bdeed211c8852917 ......
checking 70429b970bde30e386790a83a97fc01ed7dbfd3b ......
	 orig commit -> f931ab479dd24cf7a2c6e2df19778406892591fb ......
		 f931ab479dd24cf7a2c6e2df19778406892591fb has problem. Fixes commit -> b5d24fda9c3dce51fcb4eee459550a458eaaf1e2
checking 6de62ec07d2af2f0d3f786a0676cd783484da99d ......
	 orig commit -> a2b1e8a20c992b01eeb76de00d4f534cbe9f3822 ......
checking 2deaeea23fbd4efe8bbcf500fcec1f688ce370ec ......
	 orig commit -> 3659f98b5375d195f1870c3e508fe51e52206839 ......
checking 2e2679a168fe1a0a9089e4e401d6a51b26c4f557 ......
	 orig commit -> 41c567a5d7d1a986763e58c3394782813c3bcb03 ......
checking 51377793758ae7bb1163c8e19b149bb05420aa19 ......
	 orig commit -> b6fc513da50c5dbc457a8ad6b58b046a6a68fd9d ......
