Check from v4.4.44 to v4.4.45
Commit count: 43
checking ef30573ef2b13c0ecbd0302ee00b6921cf0a4aa0 ......
checking 8323d0555fe332e35d052d7c1185d299bd8724d9 ......
	 orig commit -> 7d9e8f71b989230bc613d121ca38507d34ada849 ......
checking 6e65a4c698cf8a296f042ab3b9d7b459564ffcd9 ......
	 orig commit -> df21d2fa733035e4d414379960f94b2516b41296 ......
checking a5291c1a9eae0d357983a797913670d95034360c ......
	 orig commit -> 5c9e6c2b2ba3ec3a442e2fb5b4286498f8b4dcb7 ......
checking 238623ce487f33832f7464cb104fb4837b7c01de ......
	 orig commit -> 7ec03e60ef81c19b5d3a46dd070ee966774b860f ......
checking b02d7a8219bc80b9091e2534532b5ea5f4ebd2a6 ......
	 orig commit -> c9205e18b41a6ef5ad73e1c4b86a78b2ea3ccb9b ......
checking a4d2fa085b9a7e78aa6cdf22b59d759175b82531 ......
	 orig commit -> 90f92c631b210c1e97080b53a9d863783281a932 ......
checking baa2610c496292b887be89065fbb72c462ac3c1e ......
	 orig commit -> f0e8faa7a5e894b0fc99d24be1b18685a92ea466 ......
checking 68664ae145351568041d43056477e900111f0dc4 ......
	 orig commit -> 6ab5c2b662e2dcbb964099bf7f19e9dbc9ae5a41 ......
checking c55f8aaf4a197c8bfeb9932d6d11ed2536d0b9b7 ......
	 orig commit -> ad9e202aa1ce571b1d7fed969d06f66067f8a086 ......
checking 4c87fc7f20591ce8c4b6867b8ce3380c2caaaaac ......
	 orig commit -> aeb1f39d814b2e21e5e5706a48834bfd553d0059 ......
checking 03ee97d68d8b1d95e57fa5a9db55c5fb9495507f ......
	 orig commit -> a672401c00f82e4e19704aff361d9bad18003714 ......
checking d8263f1753ce362638760e66065c55a7136698eb ......
	 orig commit -> 9dd73f72f218320c6c90da5f834996e7360dc227 ......
checking 76e08d2966a9c25be3dcbbe9312548a17462dd0d ......
	 orig commit -> 9a17b876b573441bfb3387ad55d98bf7184daf9d ......
checking 41a9abb0e06b50732f6ce4105bd431e1b467c923 ......
	 orig commit -> 43849785e1079f6606a31cb7fda92d1200849728 ......
checking 62c3d36309d328235ce3fbb39dbf00061bf5262b ......
	 orig commit -> 6df8c9d80a27cb587f61b4f06b57e248d8bc3f86 ......
checking abfa5e8ae937e1e562a474d06e4036468758aec6 ......
	 orig commit -> ddc37832a1349f474c4532de381498020ed71d31 ......
checking 294b0aadc8c286073b951e2fce7e79bbb0230640 ......
	 orig commit -> ce1ca7d2d140a1f4aaffd297ac487f246963dd2f ......
checking 098b62b757a4303f576a6d2bb8f11d0ad93797d1 ......
	 orig commit -> bc7c36eedb0c7004aa06c2afc3c5385adada8fa3 ......
checking a07563c3cf05ead6e08c50513a386261c93b8f33 ......
	 orig commit -> 1cb51a15b576ee325d527726afff40947218fd5e ......
checking 7ea1eb7314537ba5b8340fcf4c0149da4580c342 ......
	 orig commit -> fc1ffd6cb38a1c1af625b9833c41928039e733f5 ......
checking 86915782ff6579deba21932f8e4fb4ff9eaf3f41 ......
	 orig commit -> 020eb3daaba2857b32c4cf4c82f503d6a00a67de ......
checking 212bab3c5b0bf11b1730f08c6ebdb5e639876ffa ......
	 orig commit -> 73529c872a189c747bdb528ce9b85b67b0e28dec ......
checking 80aeb7bf5ca070b5a04873cfd54ed5a0a8fac4a2 ......
	 orig commit -> 05a974efa4bdf6e2a150e3f27dc6fcf0a9ad5655 ......
checking 8f6f508f70fff722631cbef1729db3d96aa9dbdd ......
	 orig commit -> 01167c7b9cbf099c69fe411a228e4e9c7104e123 ......
checking 75c60df15c8579ec08fe0c840b8fa5b5a5be1155 ......
	 orig commit -> 7a546af50eb78ab99840903083231eb635c8a566 ......
checking 0f37d20fdc70ee54f002bd77ce54a2a303ad0437 ......
	 orig commit -> 6d104af38b570d37aa32a5803b04c354f8ed513d ......
checking 4740d1d7d429d362661d86b165b5c88175338ef5 ......
	 orig commit -> 51ebfc92b72b4f7dac1ab45683bf56741e454b8c ......
		 51ebfc92b72b4f7dac1ab45683bf56741e454b8c has problem. Fixes commit -> 030305d69fc6963c16003f50d7e8d74b02d0a143
commit 62e546b2d3a0c67f6faed9a0d15f317d0a4a1b9a
Author: Bjorn Helgaas <bhelgaas@google.com>
Date:   Fri Jan 27 15:00:45 2017 -0600

    PCI/ASPM: Handle PCI-to-PCIe bridges as roots of PCIe hierarchies
    
    commit 030305d69fc6963c16003f50d7e8d74b02d0a143 upstream.
    
    In a struct pcie_link_state, link->root points to the pcie_link_state of
    the root of the PCIe hierarchy.  For the topmost link, this points to
    itself (link->root = link).  For others, we copy the pointer from the
    parent (link->root = link->parent->root).
    
    Previously we recognized that Root Ports originated PCIe hierarchies, but
    we treated PCI/PCI-X to PCIe Bridges as being in the middle of the
    hierarchy, and when we tried to copy the pointer from link->parent->root,
    there was no parent, and we dereferenced a NULL pointer:
    
      BUG: unable to handle kernel NULL pointer dereference at 0000000000000090
      IP: [<ffffffff9e424350>] pcie_aspm_init_link_state+0x170/0x820
    
    Recognize that PCI/PCI-X to PCIe Bridges originate PCIe hierarchies just
    like Root Ports do, so link->root for these devices should also point to
    itself.
    
    Fixes: 51ebfc92b72b ("PCI: Enumerate switches below PCI-to-PCIe bridges")
    Link: https://bugzilla.kernel.org/show_bug.cgi?id=193411
    Link: https://bugzilla.opensuse.org/show_bug.cgi?id=1022181
    Tested-by: lists@ssl-mail.com
    Tested-by: Jayachandran C. <jnair@caviumnetworks.com>
    Signed-off-by: Bjorn Helgaas <bhelgaas@google.com>
    Signed-off-by: Greg Kroah-Hartman <gregkh@linuxfoundation.org>
checking dc4e372f9a4732ad3ef3270cdb8a08f1a0b70890 ......
	 orig commit -> a8a86d78d673b1c99fe9b0064739fde9e9774184 ......
checking 6f3002c22087b068fa656650f9c1319626e8f84c ......
	 orig commit -> 78794d1890708cf94e3961261e52dcec2cc34722 ......
checking 3b434ca8592a1ef2a7f5f31920641089a9e9f47b ......
	 orig commit -> 89e9f7bcd8744ea25fcf0ac671b8d72c10d7d790 ......
checking 36672b8b99e2cf2ab0587f08a19f394f8f65a861 ......
	 orig commit -> 497de07d89c1410d76a15bec2bb41f24a2a89f31 ......
checking 39d7c9ce35a1279bf84f81fe6dc351b5c6271a34 ......
	 orig commit -> af92305e567b7f4c9cf48b9e46c1f48ec9ffb1fb ......
checking d2e4968e3c0d62706b987dcf99c4702b5d7d8d0b ......
	 orig commit -> 1f87aee6a2e55eda466a43ba6248a8b75eede153 ......
checking 280d00a94293508cf1a91892e6ad5c94b0d33862 ......
	 orig commit -> 2e575cbc930901718cc18e084566ecbb9a4b5ebb ......
checking 2ba399c693c0c09403860d67091f96cf6de405af ......
	 orig commit -> cf346d5bd4b9d61656df2f72565c9b354ef3ca0d ......
checking aa02f29e95f3a1c0a797c950662e88c57763167b ......
	 orig commit -> 0b59970e7d96edcb3c7f651d9d48e1a59af3c3b0 ......
checking ea470497eb31664d6230dacf5c9bd982e14baca3 ......
	 orig commit -> 1f22e454df2eb99ba6b7ace3f594f6805cdf5cbc ......
checking f1c9169478ca89bbd8f6b01f30f1df48e212f781 ......
	 orig commit -> 6fa26208206c406fa529cd73f7ae6bf4181e270b ......
checking c7a40c48f7a5c9148ee42ce9e312d0e2cf56e462 ......
	 orig commit -> c482af646d0809a8d5e1b7f4398cce3592589b98 ......
checking 1be54a4ec45afb6c56d8802f238fd8c0a69e8029 ......
	 orig commit -> af4295c117b82a521b05d0daf39ce879d26e6cb1 ......
checking 4ffb36efe22cb035ddc02b421b5584a56a1aa859 ......
	 orig commit -> acbda523884dcf45613bf6818d8ead5180df35c2 ......
checking 97085e2a386af4614c9fbc0079314ef9f2db91c9 ......
	 orig commit -> 8329e818f14926a6040df86b2668568bde342ebf ......
	 orig commit -> 8dcea93252a9ea7dff57e85220a719e2a5e8ab41 ......
