checking c40a7b3592b3b7519eadc130c5583db2aaf70f68 ......
checking a632d2d1849f9370d87e397319304f3787b5d05b ......
	 orig commit -> d814a49198eafa6163698bdd93961302f3a877a4 ......
checking 116a6ad749e5acb59ba478663bb0de395edc4d26 ......
	 orig commit -> ad0eaee6195db1db1749dd46b9e6f4466793d178 ......
checking 280880cebc339fea7e92fcb7c16914c593d176c9 ......
	 orig commit -> 5eda25b10297684c1f46a14199ec00210f3c346e ......
checking 5597719733b819bea7cc919188c39726382b1e05 ......
	 orig commit -> cc365dcf0e56271bedf3de95f88922abe248e951 ......
checking aa5d14953152307414b3039b02b3b5acf26d03bc ......
	 orig commit -> c2d6511e6a4f1f3673d711569c00c3849549e9b0 ......
checking 7a4eae7ae6f47f23aba15eca83f3798a6bc1b855 ......
	 orig commit -> 634576a1844dba15bc5e6fc61d72f37e13a21615 ......
checking 9dafa62c875599b077445866d2bd903afdc7e60e ......
	 orig commit -> 32db864d33c21fd70a217ba53cb7224889354ffb ......
checking 68858be0c1b5a2387c93f5bd4de8efddac149cbb ......
	 orig commit -> e89d469e3be3ed3d7124a803211a463ff83d0964 ......
checking 7edd04ddb3f37d8bdecae07f05aae5bb48416211 ......
	 orig commit -> 88c2ace69dbef696edba77712882af03879abc9c ......
checking 89f15c6e8212ab97dbdcaf561709357cd0b398f5 ......
	 orig commit -> eea2fb4851e9dcbab6b991aaf47e2e024f1f55a0 ......
checking 121b09d30d48a59a0ae621b130f3b4e42e724e68 ......
	 orig commit -> 3fe6e52f062643676eb4518d68cee3bc1272091b ......
		 3fe6e52f062643676eb4518d68cee3bc1272091b has problem. Fixes commit -> 8fc646b44385ff0a9853f6590497e43049eeb311
d0e13f5bbe4be7c8f27736fc40503dcec04b7de0
commit 54a07fff4b217607e862b2e1e3fcec32919ad583
Author: Miklos Szeredi <mszeredi@redhat.com>
Date:   Wed Jun 15 14:18:59 2016 +0200

    ovl: fix uid/gid when creating over whiteout
    
    [ Upstream commit d0e13f5bbe4be7c8f27736fc40503dcec04b7de0 ]
    
    Fix a regression when creating a file over a whiteout.  The new
    file/directory needs to use the current fsuid/fsgid, not the ones from the
    mounter's credentials.
    
    The refcounting is a bit tricky: prepare_creds() sets an original refcount,
    override_creds() gets one more, which revert_cred() drops.  So
    
      1) we need to expicitly put the mounter's credentials when overriding
         with the updated one
    
      2) we need to put the original ref to the updated creds (and this can
         safely be done before revert_creds(), since we'll still have the ref
         from override_creds()).
    
    Reported-by: Stephen Smalley <sds@tycho.nsa.gov>
    Fixes: 3fe6e52f0626 ("ovl: override creds with the ones from the superblock mounter")
    Signed-off-by: Miklos Szeredi <mszeredi@redhat.com>
    Signed-off-by: Sasha Levin (Microsoft) <sashal@kernel.org>
checking 6586f61ab5bb8f216d79c40a9997920c1ed01544 ......
	 orig commit -> 56656e960b555cb98bc414382566dcb59aae99a2 ......
checking eadbe44f3978fcb2ac7cd98e91ce2d986a7ae1b8 ......
	 orig commit -> 327ebe1f3a9b7e20e298b39d0cff627169a28012 ......
checking 3107eb31aba1367111d0243fa376536dd451c6d6 ......
	 orig commit -> 8f318526a292c5e7cebb82f3f766b83c22343293 ......
checking 5e56ddc78f0e3669205ca50acee64fc6c75887b0 ......
	 orig commit -> 2eca0d6ceea1f108b2d3ac81fb34698c4fd41006 ......
checking 4a0c7f6afea7d76ce53ca1f9517c2f9ac9ea13ea ......
	 orig commit -> 1a485f4d2e28efd77075b2952926683d6c245633 ......
checking ad37cd79428ee7206be05edba64de6aa3397587e ......
	 orig commit -> 18aa60ce2751c95d3412ed06a58b8b6cfb6f88f2 ......
checking 27e83f7dd91dee0d7d4a8289db3de4c12f0436bd ......
	 orig commit -> a946e8c717f9355d1abd5408ed0adc0002d1aed1 ......
checking e72977e87482759dba7181e0ec210c2db00c6124 ......
checking a50422747502a5f3b925a96f36f85e2412e798ec ......
	 orig commit -> cb5c6568867325f9905e80c96531d963bec8e5ea ......
checking a37c70426caa22b59e82c598e9795bead06fd9a9 ......
checking 131a3b82c853483b1809cad06f8997421dd49500 ......
checking 4a7811bb3ae10d76d9e76c2b0ce7b27bc02a9370 ......
checking accf294af41897950d1c83318c44a032d755188d ......
	 orig commit -> 914b087ff9e0e9a399a4927fa30793064afc0178 ......
checking f46d2b99a6acd87d56822c600fd2587a37e4d56c ......
	 orig commit -> b2d7a075a1ccef2fb321d595802190c8e9b39004 ......
checking 98d122a4a74667ffc16d50baa086e9616fb44f28 ......
	 orig commit -> fc91a3c4c27acdca0bc13af6fbb68c35cfd519f2 ......
checking 02e48c4d57ccaa89ad1d9fbf39ae6a4bb20aa4e5 ......
	 orig commit -> 43794446548730ac8461be30bbe47d5d027d1d16 ......
checking 510825b3f8c1f5dc29b81660e1eb68e7fb0b8d50 ......
	 orig commit -> 389305b2aa68723c754f88d9dbd268a400e10664 ......
checking accb3e424b8b6b9fa51b77fcf7e6673f40d182a6 ......
	 orig commit -> 1e7e1f9e3aba00c9b9c323bfeeddafe69ff21ff6 ......
checking 2dc310f837540defcae83edde8bad940e12abcd1 ......
	 orig commit -> 74e96bf44f430cf7a01de19ba6cf49b361cdfd6e ......
checking a9997f8873511a1b50d1b1afdb645fe0f23e2b65 ......
	 orig commit -> 289131e1f1e6ad8c661ec05e176b8f0915672059 ......
checking d6773f4061ceb8a4dbc655c386b2531b2db44b04 ......
	 orig commit -> c281bc0c7412308c7ec0888904f7c99353da4796 ......
checking 8e676abeaf4b0c2dc46b5b47f78e72dcc66a9f9f ......
	 orig commit -> 7c27a26e1ed5a7dd709aa19685d2c98f64e1cf0c ......
checking 9ad681c4ba53e507a11de6a5ee9af89d6c6de7e2 ......
	 orig commit -> e083926b3e269d4064825dcf2ad50c636fddf8cf ......
checking 66236f1b06f6d2564fa49247cb4d26612fd6c23f ......
	 orig commit -> 784c9a29e99eb40b842c29ecf1cc3a79e00fb629 ......
checking d07bbe50d1b7e98fb1afeed62506c28dd1a21700 ......
	 orig commit -> dfd0309fd7b30a5baffaf47b2fccb88b46d64d69 ......
checking 242343ebf645ca5c89aac3ee9503484177c7bb6a ......
	 orig commit -> 0756c57bce3d26da2592d834d8910b6887021701 ......
checking 4057a20078fe3259f6e898ce41968928966f0116 ......
	 orig commit -> 669f3765b755fd8739ab46ce3a9c6292ce8b3d2a ......
checking f675ab001e78e6bff87bfd0018175119c3a5796b ......
	 orig commit -> c42d3be0c06f0c1c416054022aa535c08a1f9b39 ......
checking 75c55cbd46b15113f74a31ddfc8fa0930826e371 ......
	 orig commit -> 92aef4675d5b1b55404e1532379e343bed0e5cf2 ......
checking 3537179891cae88b1f115af01b10c57594a31d71 ......
	 orig commit -> 0702bc4d2fe793018ad9aa0eb14bff7f526c4095 ......
checking ad09041e9335398ab36fcaaf50fa3c4e7b8a29f7 ......
	 orig commit -> 880b29ac107d15644bf4da228376ba3cd6af6d71 ......
checking a429a299eb4836e03d40683d7cc723b07d3ad6bd ......
	 orig commit -> 2f606da78230f09cf1a71fde6ee91d0c710fa2b2 ......
checking 4ebf605de623c307db846463892267671db6b58b ......
	 orig commit -> a53b42c11815d2357e31a9403ae3950517525894 ......
checking 90d91af021986c31f14591e5e343fcf7293adda2 ......
	 orig commit -> 6cd00a01f0c1ae6a852b09c59b8dd55cc6c35d1d ......
checking 4ca3b3df6d52aff8b42271a23d7f2218672cfbf8 ......
	 orig commit -> a718e28f538441a3b6612da9ff226973376cdf0f ......
checking af25dc4cf354bee251a422c4c7ed1bb6b7dd1649 ......
	 orig commit -> 1f3aa9002dc6a0d59a4b599b4fc8f01cf43ef014 ......
checking 192710dab763194ca62d2169cf282a88888291a0 ......
	 orig commit -> 0afa9626667c3659ef8bd82d42a11e39fedf235c ......
checking fed5bd3352a3fbf9494449ffee3b4bab5e8cc3a6 ......
	 orig commit -> a7ec7a4193a2eb3b5341243fc0b621c1ac9e4ec4 ......
checking ccbe4990bb1bf84a425015f68d7e7a2b9d1b3f8a ......
	 orig commit -> 8b73ce6a4bae4fe12bcb2c361c0da4183c2e1b6f ......
checking b7befd11e0b259699ed1ee69dd3ee66da25b2d5e ......
	 orig commit -> 06e62a46bbba20aa5286102016a04214bb446141 ......
checking 189ff5b00004072b63969ea28b8d1512a651892c ......
	 orig commit -> dc2572791d3a41bab94400af2b6bca9d71ccd303 ......
checking 14957e348e78a760f70b7c31ed8573fd8b1c5e9e ......
	 orig commit -> 7464726cb5998846306ed0a7d6714afb2e37b25d ......
checking d98ec8a9e205f885f66b5a0890daa3ce3d2cac74 ......
	 orig commit -> e6c47dd0da1e3a484e778046fc10da0b20606a86 ......
checking 4890349d7902027cd7380c7a0e23f429907473e9 ......
	 orig commit -> 9f2895461439fda2801a7906fb4c5fb3dbb37a0a ......
checking 86a0a00794c21b35c72d767a98fb917b5b76b513 ......
	 orig commit -> 63cc357f7bba6729869565a12df08441a5995d9a ......
checking 375e88743c94e9b9871b9e50c66e11b40667530f ......
	 orig commit -> 6750c87074c5b534d82fdaabb1deb45b8f1f57de ......
checking e1e4b0be0dec7bd5fb1f125c942770903f7d6eb1 ......
	 orig commit -> c3c397c1f16c51601a3fac4fe0c63ad8aa85a904 ......
checking 2c155709e4ef2d86d0176aac82e44c048a7e0255 ......
checking e3dea38fc8528c9d04acd9a28bcdd7dab3b461fa ......
	 orig commit -> e14d7dfb41f5807a0c1c26a13f2b8ef16af24935 ......
