Check from v4.4.179 to stable-rc/linux-4.4.y
Commit count: 267
checking be756dada5b771fe51be37a77ad0bdfba543fdae ......
checking 2d2691d4401cdd3e482b13c2d374c8928f78e9ca ......
	 orig commit -> 5266e58d6cd90ac85c187d673093ad9cb649e16d ......
checking 19c3027d8cc14d8f581464bad82d755bb4a9dab2 ......
	 orig commit -> 6a024330650e24556b8a18cc654ad00cfecf6c6c ......
checking 82f3c3e3c71f8f5cee9d59cd09814b8142ad2b68 ......
	 orig commit -> c8ea3663f7a8e6996d44500ee818c9330ac4fd88 ......
checking 72597d59fe59dd246213bec616751b9896c463d7 ......
	 orig commit -> a9b8a2b39ce65df45687cf9ef648885c2a99fe75 ......
checking ce03e2c0e8100a88852512ba30e5d9127e5d595f ......
	 orig commit -> 19e4e768064a87b073a4b4c138b55db70e0cfb9f ......
checking 4230b5a931b70ca7326b34704c9046ad3c7d3179 ......
	 orig commit -> ff6ab32bd4e073976e4d8797b4d514a172cfe6cb ......
checking c5c0e6e2522394931286b0ccd94ba542d4937954 ......
	 orig commit -> 873017af778439f2f8e3d87f28ddb1fcaf244a76 ......
checking 6dd2ce0dcd8f5dc9bb55df57a9a848b596a0c84b ......
	 orig commit -> 36096f2f4fa05f7678bc87397665491700bae757 ......
checking 79977e4a59d06cb0e25c086de290fbb64c6f25f3 ......
	 orig commit -> ee0df19305d9fabd9479b785918966f6e25b733b ......
checking d89f2fc577804f0b23cc5308d2419f4a1af54387 ......
	 orig commit -> bdfad5aec1392b93495b77b864d58d7f101dc1c1 ......
checking 0388c9643d46a3aff8b055c4355c093fe5eb52d2 ......
	 orig commit -> 42e2acde1237878462b028f5a27d9cc5bea7502c ......
checking 6324e6487cc0878050a9865979b830229c02ffcf ......
	 orig commit -> 3f5edd58d040bfa4b74fb89bc02f0bc6b9cd06ab ......
checking 49df3655b147b7a7553659182452e17cf48c74f4 ......
	 orig commit -> 3161da970d38cd6ed2ba8cadec93874d1d06e11e ......
checking e9a43208e10b974c89a00a37fa45cdbd27a3f72f ......
checking 33b072d07a34b712d2600d1b300d6d3ce72bb7ea ......
	 orig commit -> 95310e348a321b45fb746c176961d4da72344282 ......
checking da11eed1fc016268def0ccd23f78b965c1bb32f9 ......
	 orig commit -> ea01668f9f43021b28b3f4d5ffad50106a1e1301 ......
checking 500a09c35a78016c60a6c8a82f4200e4c7ff146e ......
	 orig commit -> e672f8bf71c66253197e503f75c771dd28ada4a0 ......
checking e41dfd461bc828f9307000dbfba8622bb288d3f2 ......
	 orig commit -> 5c14068f87d04adc73ba3f41c2a303d3c3d1fa12 ......
checking 27e80c6c62d9fb5a07088223be1f894e4fb69806 ......
	 orig commit -> d68be4c4d31295ff6ae34a8ddfaa4c1a8ff42812 ......
checking 86900b5347db30b2f1eff1a4707b518e6a161588 ......
	 orig commit -> 98af8452945c55652de68536afdde3b520fec429 ......
checking 77911d6999332c96b44af9d3931c583c5a507554 ......
	 orig commit -> e2c3c94788b08891dcf3dbe608f9880523ecd71b ......
checking 214d9866a02e34705c1e12a5f4efb20336c07de7 ......
	 orig commit -> cae5ec342645746d617dd420d206e1588d47768a ......
checking 49a8cf2038f220007b6bb674018434d5ee947ebb ......
	 orig commit -> 39226ef02bfb43248b7db12a4fdccb39d95318e3 ......
checking 32157246eb90e6d2aa0681775fa94832eb6cb56d ......
	 orig commit -> 7c3658b20194a5b3209a143f63bc9c643c6a3ae2 ......
checking 5b73884374a8692c6fa93ac4520b17e73e667869 ......
	 orig commit -> 1de7edbb59c8f1b46071f66c5c97b8a59569eb51 ......
checking 301356e3b59eadb6f39846939b2bd04cf43783dd ......
	 orig commit -> 5999bbe7a6ea3c62029532ec84dc06003a1fa258 ......
checking 76a2e01b417c697441ecaafbddedaeaa8bf8259e ......
	 orig commit -> 65fd4cb65b2dad97feb8330b6690445910b56d6a ......
checking b159e5e84c4d69b5dfa799d1adec6d87f435641c ......
	 orig commit -> 22dd8365088b6403630b82423cf906491859b65e ......
checking 4aa1c922d090128ea3749570db3337b557cd0042 ......
	 orig commit -> 8a4b06d391b0a42a373808979b5028f5c84d9c6a ......
checking f2c31fa8fe08c069647acdc41b1d5ac9e64843d7 ......
checking 456be143c1f7a64c18149366e48966483486a4e0 ......
	 orig commit -> bc1241700acd82ec69fde98c5763ce51086269f8 ......
checking f7c99a04cc2fc6551e73787d834a65bde1a18a9c ......
	 orig commit -> 07f07f55a29cb705e221eda7894dd67ab81ef343 ......
checking e7a2cb62cb728cfd3f6efc01fbe56a03fdd54371 ......
	 orig commit -> 04dcbdb8057827b043b3c71aa397c4c63e67d086 ......
checking 4c0cbb3333d0bbbe22b77fcf13e9deed07ca6cee ......
	 orig commit -> 6a9e529272517755904b7afa639f6db59ddb793e ......
checking 4aaed31ba6ff0df817f14ab2e632d50a16852aeb ......
	 orig commit -> 6c4dbbd14730c43f4ed808a9c42ca41625925c22 ......
checking d8f2165f0e6b0df209fdce3310f7dde79e1ade01 ......
	 orig commit -> e261f209c3666e842fd645a1e31f001c3a26def9 ......
checking 6ed196719476dc27f110dbe21f19f5eed3a4a3c9 ......
	 orig commit -> ed5194c2732c8084af9fd159c146ea92bf137128 ......
checking 207b800560be551698dc264fb5142789df7fe41c ......
	 orig commit -> 36ad35131adacc29b328b9c8b6277a8bf0d6fd5d ......
checking 7267218c0b866db621605895db070c1087062612 ......
	 orig commit -> d8eabc37310a92df40d07c5a8afc53cebf996716 ......
checking 8899673f104cc2cafe406b90d1233d32d1e6ccd0 ......
	 orig commit -> d7b09c827a6cf291f66637a36f46928dd1423184 ......
checking 7fee1a2fd928a9cd379f4b4df44da4846eed3c13 ......
	 orig commit -> 55a974021ec952ee460dc31ca08722158639de72 ......
checking cd1693d03790e36ac0321e8cc26fdc1af7bd060a ......
	 orig commit -> 6b3e64c237c072797a9ec918654a60e3a46488e2 ......
checking 6bdb207d06550436b8346ce62d6a162f8d0786e0 ......
	 orig commit -> 7cc765a67d8e04ef7d772425ca5a2a1e2b894c15 ......
checking 166595f6d0bc2d74d3e815c0ea2273e6433d30bb ......
	 orig commit -> 9137bb27e60e554dab694eafa4cca241fa3a694f ......
checking 7fc7b5f41bfe39311ee46d09cf1451d06a6fd284 ......
	 orig commit -> 6d991ba509ebcfcc908e009d1db51972a4f7a064 ......
checking c6168fa73feeb93ad97526fbeace810718353270 ......
	 orig commit -> 6893a959d7fdebbab5f5aa112c277d5a44435ba1 ......
checking 15a63f99bfdea8bac759576403b0fe345c9715e1 ......
	 orig commit -> e6da8bb6f9abb2628381904b24163c770e630bac ......
checking 8a49ae24c5605434ced1c49b071600a2a40e8229 ......
	 orig commit -> 4c71a2b6fd7e42814aa68a6dec88abf3b42ea573 ......
checking 2112e414bcf24f0c531a4085a0bfbbf8b0fe6f0c ......
	 orig commit -> 5635d99953f04b550738f6f4c1c532667c3fd872 ......
checking a1c68976fc4219b90078883d003b148ff1648db6 ......
	 orig commit -> ff16701a29cba3aafa0bd1656d766813b2d0a811 ......
checking e9960e864f302203385f0dbe26e559cfabea691a ......
	 orig commit -> 5bfbe3ad5840d941b89bcac54b821ba14f50a0ba ......
checking a576b14e275a6a51e2025ea45bc9ab42ef47c4b3 ......
	 orig commit -> fa1202ef224391b6f5b26cdd44cc50495e8fab54 ......
		 fa1202ef224391b6f5b26cdd44cc50495e8fab54 has problem. Fixes commit -> 1de7edbb59c8f1b46071f66c5c97b8a59569eb51
commit 5b73884374a8692c6fa93ac4520b17e73e667869
Author: Andi Kleen <ak@linux.intel.com>
Date:   Fri Mar 29 17:47:43 2019 -0700

    x86/cpu/bugs: Use __initconst for 'const' init data
    
    commit 1de7edbb59c8f1b46071f66c5c97b8a59569eb51 upstream.
    
    Some of the recently added const tables use __initdata which causes section
    attribute conflicts.
    
    Use __initconst instead.
    
    Fixes: fa1202ef2243 ("x86/speculation: Add command line control")
    Signed-off-by: Andi Kleen <ak@linux.intel.com>
    Signed-off-by: Thomas Gleixner <tglx@linutronix.de>
    Link: https://lkml.kernel.org/r/20190330004743.29541-9-andi@firstfloor.org
    Signed-off-by: Ben Hutchings <ben@decadent.org.uk>
    Signed-off-by: Greg Kroah-Hartman <gregkh@linuxfoundation.org>
checking 3ed10043f009aa24cda8d36df13a9f6ca66563a2 ......
	 orig commit -> 495d470e9828500e0155027f230449ac5e29c025 ......
checking cc76535435fb8362c7118e26b7ca3789c41ef38d ......
	 orig commit -> 30ba72a990f5096ae08f284de17986461efcc408 ......
checking e924d41d69a759b1cebfb8c926b1e806682afc01 ......
	 orig commit -> 8770709f411763884535662744a3786a1806afd3 ......
checking fd7f3e1dc06cc0f575fede3ef90bdda05534bcda ......
	 orig commit -> 15d6b7aab0793b2de8a05d8a828777dd24db424e ......
checking 2adea377963efd7e28f0fdea273893350a972afc ......
	 orig commit -> a74cfffb03b73d41e08f84c2e5c87dec0ce3db9f ......
		 a74cfffb03b73d41e08f84c2e5c87dec0ce3db9f has problem. Fixes commit -> 34d66caf251df91ff27b24a3a786810d29989eca
checking a940ed9c3b558de0a4c3f897f0bb561bb4211f11 ......
checking 423cba543945ad235ffc2bc083256e6e5472b8ff ......
	 orig commit -> dbe733642e01dd108f71436aaea7b328cb28fd87 ......
checking dd1c80cc8e88b6b5b2669fe7afdcb8711df40e7d ......
	 orig commit -> 01daf56875ee0cd50ed496a09b20eb369b45dfa5 ......
checking 2465f8220c9671e6392311bf92759fb794235263 ......
	 orig commit -> 26c4d75b234040c11728a8acb796b3a85ba7507c ......
checking 7e7bde9edf70b27df17391cbab40e60a7c7c9997 ......
	 orig commit -> 34bce7c9690b1d897686aac89604ba7adc365556 ......
checking 8a57ed196adf4a71e6550d1595821fa0d940d617 ......
	 orig commit -> a8f76ae41cd633ac00be1b3019b1eb4741be3828 ......
checking 080f9d11fbe08be082afd15b91cc860e7e4955ea ......
	 orig commit -> b86bda0426853bfe8a3506c7d2a5b332760ae46b ......
checking d61d9dcb0f9f46a214fe5122d6d63df6d64a5b3d ......
	 orig commit -> 24848509aa55eac39d524b587b051f4e86df3c12 ......
checking f805d18be82c01a7bddaa0ba719b2df191bf4b6c ......
	 orig commit -> 8eb729b77faf83ac4c1f363a9ad68d042415f24c ......
checking ac7bcaf2bb890636f65cd609adabce15bc260b73 ......
	 orig commit -> bb4b3b7762735cdaba5a40fd94c9303d9ffa147a ......
checking ea954ca641da1f39072bf91b7df0ef4bc05b4d06 ......
	 orig commit -> 53c613fe6349994f023245519265999eed75957f ......
checking 54ea742c13e04d1b44dabbb030dc03a14b4271d8 ......
	 orig commit -> dbfe2953f63c640463c630746cd5d9de8b2f63ae ......
checking 536bf66c9c5754721059b1e7c056b807862a332e ......
	 orig commit -> 9bc4f28af75a91aea0ae383f50b0a430c4509303 ......
checking 4395b30594df3f637d1b83c2c96c01bdae66749a ......
	 orig commit -> 024d83cadc6b2af027e473720f3c3da97496c318 ......
checking fce4bd952020a136561bd15bbddca08ffeba5d53 ......
	 orig commit -> f2c4db1bd80720cd8cb2a5aa220d9bc9f374f04e ......
checking bf2fc63623d8ebcf2a4c359477ee2495d0c35b6c ......
	 orig commit -> 8da38ebaad23fe1b0c4a205438676f6356607cfc ......
checking 7209db2061cd73d1a914df52605dfe3ee2e2b03d ......
	 orig commit -> 370a132bb2227ff76278f98370e0e701d86ff752 ......
checking d5736fa404eb1f440818053a48d08a7535bb8039 ......
	 orig commit -> d9f4426c73002957be5dd39936f44a09498f7560 ......
checking add45944cabc67ef0beb38a6319234ccdfbc4841 ......
	 orig commit -> 612bc3b3d4be749f73a513a17d9b3ee1330d3487 ......
checking f6b01b3bd623ee867d65e5373744d066d2216917 ......
	 orig commit -> 8bd9cb51daac89337295b6f037b0486911e1b408 ......
checking 1c4b954f5dbfbf7de623aa1829faa715bd28039f ......
	 orig commit -> 108fab4b5c8f12064ef86e02cb0459992affb30f ......
checking f6d1cdbcdb9e9d2cdced1f85d3d9fca74a8e8dab ......
	 orig commit -> 6ac2f49edb1ef5446089c7c660017732886d62d6 ......
		 6ac2f49edb1ef5446089c7c660017732886d62d6 has problem. Fixes commit -> 612bc3b3d4be749f73a513a17d9b3ee1330d3487
commit add45944cabc67ef0beb38a6319234ccdfbc4841
Author: Tom Lendacky <thomas.lendacky@amd.com>
Date:   Mon Jul 2 16:36:02 2018 -0500

    x86/bugs: Fix the AMD SSBD usage of the SPEC_CTRL MSR
    
    commit 612bc3b3d4be749f73a513a17d9b3ee1330d3487 upstream.
    
    On AMD, the presence of the MSR_SPEC_CTRL feature does not imply that the
    SSBD mitigation support should use the SPEC_CTRL MSR. Other features could
    have caused the MSR_SPEC_CTRL feature to be set, while a different SSBD
    mitigation option is in place.
    
    Update the SSBD support to check for the actual SSBD features that will
    use the SPEC_CTRL MSR.
    
    Signed-off-by: Tom Lendacky <thomas.lendacky@amd.com>
    Cc: Borislav Petkov <bpetkov@suse.de>
    Cc: David Woodhouse <dwmw@amazon.co.uk>
    Cc: Konrad Rzeszutek Wilk <konrad.wilk@oracle.com>
    Cc: Linus Torvalds <torvalds@linux-foundation.org>
    Cc: Peter Zijlstra <peterz@infradead.org>
    Cc: Thomas Gleixner <tglx@linutronix.de>
    Fixes: 6ac2f49edb1e ("x86/bugs: Add AMD's SPEC_CTRL MSR usage")
    Link: http://lkml.kernel.org/r/20180702213602.29202.33151.stgit@tlendack-t1.amdoffice.net
    Signed-off-by: Ingo Molnar <mingo@kernel.org>
    Signed-off-by: Ben Hutchings <ben@decadent.org.uk>
    Signed-off-by: Greg Kroah-Hartman <gregkh@linuxfoundation.org>
checking ce207d69fe8e81f725bc6fc568ba74804cbc9c52 ......
	 orig commit -> 24809860012e0130fbafe536709e08a22b3e959e ......
checking 8cfa1d87186a2aa2b7b043a70dbc779c1350aada ......
	 orig commit -> 8ecc4979b1bd9c94168e6fc92960033b7a951336 ......
checking 7d870f93978f7b9a9173be3f7d42f6f3114f1103 ......
	 orig commit -> 706d51681d636a0c4a5ef53395ec3b803e45ed4d ......
checking b0ae324e332e20b4ec120e7382bd192393c52cd0 ......
checking 042946cce576b40e63542685d163d4247ae19baa ......
	 orig commit -> fa94d0c6e0f3431523f5701084d799c77c7d4a4f ......
		 fa94d0c6e0f3431523f5701084d799c77c7d4a4f has problem. Fixes commit -> 370a132bb2227ff76278f98370e0e701d86ff752
commit 7209db2061cd73d1a914df52605dfe3ee2e2b03d
Author: Prarit Bhargava <prarit@redhat.com>
Date:   Tue Jul 31 07:27:39 2018 -0400

    x86/microcode: Make sure boot_cpu_data.microcode is up-to-date
    
    commit 370a132bb2227ff76278f98370e0e701d86ff752 upstream.
    
    When preparing an MCE record for logging, boot_cpu_data.microcode is used
    to read out the microcode revision on the box.
    
    However, on systems where late microcode update has happened, the microcode
    revision output in a MCE log record is wrong because
    boot_cpu_data.microcode is not updated when the microcode gets updated.
    
    But, the microcode revision saved in boot_cpu_data's microcode member
    should be kept up-to-date, regardless, for consistency.
    
    Make it so.
    
    Fixes: fa94d0c6e0f3 ("x86/MCE: Save microcode revision in machine check records")
    Signed-off-by: Prarit Bhargava <prarit@redhat.com>
    Signed-off-by: Borislav Petkov <bp@suse.de>
    Signed-off-by: Thomas Gleixner <tglx@linutronix.de>
    Cc: Tony Luck <tony.luck@intel.com>
    Cc: sironi@amazon.de
    Link: http://lkml.kernel.org/r/20180731112739.32338-1-prarit@redhat.com
    [bwh: Backported to 4.4: adjust context]
    Signed-off-by: Ben Hutchings <ben@decadent.org.uk>
    Signed-off-by: Greg Kroah-Hartman <gregkh@linuxfoundation.org>
checking 17b7ec92d027d1dc3a2ff9d5907b2bfa37c31f8e ......
	 orig commit -> c182d2b7d0ca48e0d6ff16f7d883161238c447ed ......
checking c8af1381ab2ce8cf89c42df3f76b87d709da087c ......
	 orig commit -> c32ee3d9abd284b4fcaacc250b101f93829c7bae ......
checking 653b409783269da638c016e922097d9ce5d2c3b3 ......
	 orig commit -> 25dc1d6cc3082aab293e5dad47623b550f7ddd2a ......
checking d0fdc6aaf7d99f1e85b43d8326013b814c339a5e ......
	 orig commit -> 4167709bbf826512a52ebd6aafda2be104adaec9 ......
checking beb8a5f2ec2865863c39285f05687a8b6a05c9ee ......
	 orig commit -> b8fb03785d4de097507d0cf45873525e0ac4d2b2 ......
checking aa322a4d43d624423aa149efd1f0c7d0126d6644 ......
	 orig commit -> 4f4fd7c5798bbdd5a03a60f6269cf1177fbd11ef ......
checking 56dfbd1364ccce5aebac8f11ecf455d0336fe526 ......
	 orig commit -> cd01544a268ad8ee5b1dfe42c4393f1095f86879 ......
checking 6d94a60a7f87aac1ab3b2a2aaac356d236ebb728 ......
	 orig commit -> 51c8d24101c79ffce3e79137e2cee5dfeb956dd7 ......
checking dc14162c58150b23208845339ab143fa345bf490 ......
	 orig commit -> d4fad0a426c6e26f48c9a7cdd21a7fe9c198d645 ......
checking 9d5fccf0794ce05402a7c0f1d07ead5a49be26b4 ......
	 orig commit -> 30c04d796b693e22405c38e9b78e9a364e4c77e6 ......
checking 7b2ed3e904c8e18b0219758112766d1af53bcfd5 ......
	 orig commit -> 27b141fc234a3670d21bd742c35d7205d03cbb3a ......
checking 2d1ff41b664923e4e1c8cb2b80d0c3e928cb8a23 ......
	 orig commit -> 0261ea1bd1eb0da5c0792a9119b8655cf33c80a3 ......
checking 03a71d05b7b1dc0d1a277d7f148b59338d879bfd ......
	 orig commit -> 6041186a32585fc7a1d0f6cfe2f138b05fdc3c82 ......
checking 1666b3e70e836f49ec5878bf91674a5647fdd2db ......
	 orig commit -> f32c2877bcb068a718bb70094cd59ccc29d4d082 ......
checking e1e67bd2964f8775d3c45bcaad2133b63d08dc44 ......
	 orig commit -> 7a223e06b1a411cef6c4cd7a9b9a33c8d225b10e ......
checking 7bc03c4eb3ab2dd7cd99c98d94ac8b083cf22910 ......
	 orig commit -> 5712f3301a12c0c3de9cc423484496b0464f2faf ......
checking b8c087fd937fc67c4ad0ae04fc4e052f878aed54 ......
	 orig commit -> 2cc9637ce825f3a9f51f8f78af7474e9e85bfa5f ......
checking f371bac1103abf11c2dfec31d75bda287e92fe78 ......
	 orig commit -> 486fa92df4707b5df58d6508728bdb9321a59766 ......
checking 67ad1384a4a0a2947c956170066b4066507d7e64 ......
	 orig commit -> 7975a1d6a7afeb3eb61c971a153d24dd8fa032f3 ......
checking 64d2d0fbb3bf4292faa392cf92af36f20481fee9 ......
	 orig commit -> 96dd86871e1fffbc39e4fa61c9c75ec54ee9af0f ......
checking 7fd9b238eaf869f68d8a0c6ea1dbad776dfbf454 ......
	 orig commit -> 62039b6aef63380ba7a37c113bbaeee8a55c5342 ......
checking e69a8bf6ee44d8e0c2932ba11bc4993bf1f17d1a ......
	 orig commit -> 1cbd7a64959d33e7a2a1fa2bf36a62b350a9fcbd ......
checking 7849d64a1700ddae1963ff22a77292e9fb5c2983 ......
	 orig commit -> f01f17d3705bb6081c9e5728078f64067982be36 ......
checking 5047d4ab48a107594b4b658318ca1847fa9f52b4 ......
	 orig commit -> 8d29d16d21342a0c86405d46de0c4ac5daf1760f ......
checking 9858fc617273ad8f0d44ad5aa3ca5cbddd38a792 ......
checking 8da3c23f43dad776f3353368f6ca508fcbf70ee3 ......
	 orig commit -> 0efa3334d65b7f421ba12382dfa58f6ff5bf83c4 ......
checking cbcabcc3bc89e0f0a3f5a4d54632faad08c83fd8 ......
	 orig commit -> 8651be8f14a12d24f203f283601d9b0418c389ff ......
checking f90c749578eb704e64897137846fe3a1a837d3c8 ......
	 orig commit -> 3ae62a42090f1ed48e2313ed256a1182a85fb575 ......
checking e1928927e38749b5e2105723a51ef6801418d746 ......
	 orig commit -> d5bb334a8e171b262e48f378bd2096c0ea458265 ......
checking d6a7ed10e66d7c064d8c85a81569649b243574c1 ......
	 orig commit -> a1616a5ac99ede5d605047a9012481ce7ff18b16 ......
checking c12ce845198ec6c00782a9d4e69e74bbe0a9b2ff ......
	 orig commit -> 5cbdae10bf11f96e30b4d14de7b08c8b490e903c ......
checking 56d881196a7c56ecdd5f382d4adc3b4bd6e0fbd3 ......
	 orig commit -> 8d791929b2fbdf7734c1596d808e55cb457f4562 ......
checking 89f7bcbd24f44e5fad1a5482388f73bb67becdea ......
	 orig commit -> 59c39840f5abf4a71e1810a8da71aaccd6c17d26 ......
checking 17a24527da0491f7db11c0ff1287d704a1683e5d ......
	 orig commit -> 3c677d206210f53a4be972211066c0f1cd47fe12 ......
checking e5b61a4e2d408cfc393da9f01dc6de59bc83fd03 ......
	 orig commit -> 5c2442fd78998af60e13aba506d103f7f43f8701 ......
checking 19629b3157aa6917561adb10ea5bfe75800a81d4 ......
	 orig commit -> 583feb08e7f7ac9d533b446882eb3a54737a6dbb ......
checking fd6712356b9aa6fff68ae3b0bf98ff9810e7ba59 ......
	 orig commit -> c63adb28f6d913310430f14c69f0a2ea55eed0cc ......
checking 8d0e2694a4129e5939acf53355f60b4864bda7e0 ......
	 orig commit -> f0f2338a9cfaf71db895fa989ea7234e8a9b471d ......
checking 9c65ce3b3650f0edf47b8198c3f531ca3dba4f68 ......
	 orig commit -> 570f18b6a8d1f0e60e8caf30e66161b6438dcc91 ......
checking dfdd112f4f2a72c6083d6b81f7a6611a2d05ceee ......
	 orig commit -> b90cd6f2b905905fb42671009dc0e27c310a16ae ......
checking aa57653c1921f8a122885a463f301627030db797 ......
	 orig commit -> 61da76beef1e4f0b6ba7be4f8d0cf0dac7ce1f55 ......
checking 8d3aafece35977d7db5f905bc6a520b25882d3b5 ......
	 orig commit -> 41f035a86b5b72a4f947c38e94239d20d595352a ......
checking c0a245e65fd1a4b9c5580ad2f1a71ee82944ca84 ......
	 orig commit -> a83d6ddaebe541570291205cb538e35ad4ff94f9 ......
checking fb13dd9288970cf14831c2d5647571de0ab44d2c ......
	 orig commit -> bf2a7ca39fd3ab47ef71c621a7ee69d1813b1f97 ......
checking eed84dd2ed27e5f0c0c46f96552436c96a7746fb ......
	 orig commit -> 78accaea117c1ae878774974fab91ac4a0b0e2b0 ......
checking e45e4f3f8314750e3c29859e8c3f292dbf06d529 ......
	 orig commit -> 45130fb030aec26ac28b4bb23344901df3ec3b7f ......
checking ccc6a315b54b4f8ce4729bca643f9d0cf7bb0abc ......
	 orig commit -> 10bfe7cc1739c22f0aa296b39e53f61e9e3f4d99 ......
checking 32d94b81f9e96cef067f618cc6cdb690cab2c77a ......
	 orig commit -> c409ca3be3c6ff3a1eeb303b191184e80d412862 ......
checking e936852f8425dcb57aa27927298ed97770ff8f60 ......
	 orig commit -> 2125801ccce19249708ca3245d48998e70569ab8 ......
checking 19decfcc7e05a372b3412b4398f777df5100f12c ......
	 orig commit -> cd92d74d67c811dc22544430b9ac3029f5bd64c5 ......
checking b850243a708bff5b8069f0980b8a474b9aeb56b3 ......
	 orig commit -> 47b16820c490149c2923e8474048f2c6e7557cab ......
checking 7bed8b8b17c12a940670fb8ea53e5a8552442ddd ......
	 orig commit -> 58b6e5e8f1addd44583d61b0a03c0f5519527e35 ......
checking 5c2d4be390eade9ac214b7da52d3150b1a1a03c7 ......
	 orig commit -> 8601a99d7c0256b7a7fdd1ab14cf6c1f1dfcadc6 ......
checking c0617cfcff643d4ba94bc2767c7d4774a9e55d34 ......
	 orig commit -> acb1ce15a61154aa501891d67ebf79bc9ea26818 ......
checking c168ef3a18ce0abe749730a81afe63fbba69285f ......
	 orig commit -> 382e06d11e075a40b4094b6ef809f8d4bcc7ab2a ......
checking ee0e10b26fe0a10240192a27f1c42f2cb2bbc58d ......
	 orig commit -> 426b046b748d1f47e096e05bdcc6fb4172791307 ......
checking 080947e5322f66c6e0bff0be49a35d434ce87ac4 ......
	 orig commit -> 882c5e552ffd06856de42261460f46e18319d259 ......
checking 54f4ab6925906414f2f1dd5c1b17e5d919754d64 ......
	 orig commit -> 93b919da64c15b90953f96a536e5e61df896ca57 ......
checking 1aed39c3e5773595b2fbb7fba72447e34110cd24 ......
	 orig commit -> 4fdcfab5b5537c21891e22e65996d4d0dd8ab4ca ......
checking aab1e3a424f1d741201ba452f63bea566296cb53 ......
	 orig commit -> 18bebc6dd3281955240062655a4df35eef2c46b3 ......
checking 5ac3ba56abe88e731e0c40cfa11ee2de058499a1 ......
	 orig commit -> dabb8338be533c18f50255cf39ff4f66d4dabdbe ......
checking 38b944050d1154cdecead500dd457b90e539690a ......
	 orig commit -> 15d82d22498784966df8e4696174a16b02cc1052 ......
checking abb6700ce9dbf8ef532101d41d71830b9a1fb005 ......
	 orig commit -> cef0d4948cb0a02db37ebfdc320e127c77ab1637 ......
checking d303ada138551ec3098e9597136da56a3141abc1 ......
	 orig commit -> c2b71462d294cf517a0bc6e4fd6424d7cee5596f ......
checking b6c5903d788febd6d6eced8ea5cb9a4a63b88f9b ......
	 orig commit -> c01c348ecdc66085e44912c97368809612231520 ......
checking f7a7c224c24c48016eb270b8e2f6bd7520dec8c2 ......
	 orig commit -> c114944d7d67f24e71562fcfc18d550ab787e4d4 ......
checking cf9eb7f8fe7302c075c2cde5ded349f3361b49f1 ......
	 orig commit -> ef61eb43ada6c1d6b94668f0f514e4c268093ff3 ......
checking 3c6b64cfc71e077c0564166dd30a16aef93f86bf ......
	 orig commit -> 486efdc8f6ce802b27e15921d2353cc740c55451 ......
checking 966b4c449d0b5868216a4043df4dc394472ac785 ......
	 orig commit -> b4e30e8e7ea1d1e35ffd64ca46f7d9a7f227b4bf ......
checking f6060dddc7d6f036c91b5cc44ef93b672dfdf26b ......
	 orig commit -> 95c169251bf734aa555a1e8043e4d88ec97a04ec ......
checking 8607cbc3004ebb2ea63e6521a7fbc008dd0d4b8c ......
	 orig commit -> 6c0afef5fb0c27758f4d52b2210c61b6bd8b4470 ......
checking 2bcddde16668285a0662cc8e0ec1b89af0ed43d8 ......
	 orig commit -> d2f0c961148f65bc73eda72b9fa3a4e80973cb49 ......
checking 4bc9dbb6d8cf8a705f000f42897e337960e770d7 ......
	 orig commit -> e5c812e84f0dece3400d5caf42522287e6ef139f ......
checking 53b801cfd146d6bd5919cf38759e1589bda85efd ......
	 orig commit -> 492855939bdb59c6f947b0b5b44af9ad82b7e38c ......
checking 2d40a5a528104eb91bf1625ee0aed0eae495e626 ......
	 orig commit -> 9c38f1f044080392603c497ecca4d7d09876ff99 ......
checking 222fcd8d80a6a4e2f1f28971e53fb4a4a8026744 ......
	 orig commit -> dd08a8d9a66de4b54575c294a92630299f7e0fe7 ......
checking a916362c0f75bddf23babd354d22a3bdda5cc5e2 ......
	 orig commit -> c8206579175c34a2546de8a74262456278a7795a ......
checking 045493bb647767f8e201f65f8650aad53b4d6034 ......
	 orig commit -> daf5cc27eed99afdea8d96e71b89ba41f5406ef6 ......
checking 35e3e642980f11501b7b389dc157175f3e1f0a06 ......
	 orig commit -> f276e002793cdb820862e8ea8f76769d56bba575 ......
checking 6ab244a882399251c40e52c1cd2908fc712359e7 ......
	 orig commit -> fba1bdd2a9a93f3e2181ec1936a3c2f6b37e7ed6 ......
checking 051afb502aa8357e4eecf4859320fc86d6216fd0 ......
	 orig commit -> 75eac7b5f68b0a0671e795ac636457ee27cc11d8 ......
checking 7ba9d35fae40c45a410bbfe745509410e9d73e91 ......
	 orig commit -> be693df3cf9dd113ff1d2c0d8150199efdba37f6 ......
checking 024fa079998995e4475bbacd41a4a1ff18a50923 ......
	 orig commit -> fa3a419d2f674b431d38748cb58fb7da17ee8949 ......
checking e6da6634585382253fe5e5d2193968d6789f93f9 ......
	 orig commit -> 9624bafa5f6418b9ca5b3f66d1f6a6a2e8bf6d4c ......
checking a13ddd03c39d7b373527f8b3203ace4bc742cce5 ......
	 orig commit -> d268f31552794abf5b6aa5af31021643411f25f5 ......
checking 8ca2950dfefabc62eb4e42ef3376c7b956b28f68 ......
	 orig commit -> 761cfa979a0c177d6c2d93ef5585cd79ae49a7d5 ......
checking a40016e13a85982e8d2761bfbef53db9cb35b883 ......
	 orig commit -> 536d3680fd2dab5c39857d62a3e084198fc74ff9 ......
checking 58925bfbabb51c0bbcd236dbbb62155928042907 ......
	 orig commit -> 032f85c9360fb1a08385c584c2c4ed114b33c260 ......
checking 6fd9678a66820e8f50aaac56d941c93b6f635958 ......
	 orig commit -> 091dacc3cc10979ab0422f0a9f7fcc27eee97e69 ......
checking d13e1857ad82752800931e12e097db57c994476e ......
	 orig commit -> f1d3fba17cd4eeea20397f1324b7b9c69a6a935c ......
checking 7ae8d53420c9c28a889e822c91d8b13beceea498 ......
	 orig commit -> 9d6a54c1430647355a5e23434881b2ca3d192b48 ......
checking 66ba6bc27ec5143ef7b59b9a9e2a9b549dec233b ......
	 orig commit -> ac0cdb3d990108df795b676cd0d0e65ac34b2273 ......
		 ac0cdb3d990108df795b676cd0d0e65ac34b2273 has problem. Fixes commit -> e00164a0f000de893944981f41a568c981aca658
checking 332d8dbe52d10fdbcb1abb2754cd589e003139f1 ......
	 orig commit -> e166e4fdaced850bee3d5ee12a5740258fb30587 ......
checking bf127961f61feea72029d90b06608de4212f7a23 ......
	 orig commit -> 5bf7295fe34a5251b1d241b9736af4697b590670 ......
checking b4221a8f8ec2bb2b30f40c772de5d1de58e69d30 ......
	 orig commit -> 61c59355e0154a938b28710dfa6c1d8be2ddcefa ......
checking 2b976211a546a0a0cb87b0be520926dbd8727096 ......
	 orig commit -> bb1b40c7cb863f0800a6410c7dcb86cf3f28d3b1 ......
		 bb1b40c7cb863f0800a6410c7dcb86cf3f28d3b1 has problem. Fixes commit -> 61c59355e0154a938b28710dfa6c1d8be2ddcefa
commit b4221a8f8ec2bb2b30f40c772de5d1de58e69d30
Author: Gustavo A. R. Silva <garsilva@embeddedor.com>
Date:   Fri Nov 17 14:02:09 2017 -0600

    usbnet: ipheth: fix potential null pointer dereference in ipheth_carrier_set
    
    commit 61c59355e0154a938b28710dfa6c1d8be2ddcefa upstream.
    
    _dev_ is being dereferenced before it is null checked, hence there
    is a potential null pointer dereference.
    
    Fix this by moving the pointer dereference after _dev_ has been null
    checked.
    
    Addresses-Coverity-ID: 1462020
    Fixes: bb1b40c7cb86 ("usbnet: ipheth: prevent TX queue timeouts when device not ready")
    Signed-off-by: Gustavo A. R. Silva <garsilva@embeddedor.com>
    Signed-off-by: David S. Miller <davem@davemloft.net>
    Signed-off-by: Guenter Roeck <linux@roeck-us.net>
    Signed-off-by: Greg Kroah-Hartman <gregkh@linuxfoundation.org>
checking 7aaaae1902d42173c9728ed65969b3187448046d ......
	 orig commit -> 26cb1f36c43ee6e89d2a9f48a5a7500d5248f836 ......
checking 1334b0193053c53e4caf1779d9a3a5ae87c5d2f7 ......
	 orig commit -> e59f5bd759b7dee57593c5b6c0441609bda5d530 ......
checking c6ace206b04c75455a3afabb218c0842bda260ea ......
	 orig commit -> 039daac5526932ec731e4499613018d263af8b3e ......
checking 3c0eb43c03dd36904126207ee9fd4dd4c81857e3 ......
	 orig commit -> c28218d4abbf4f2035495334d8bfcba64bda4787 ......
checking 222ffa729f9cb11b662f6e787beae72743f961a1 ......
	 orig commit -> 7fef436295bf6c05effe682c8797dfcb0deb112a ......
checking bfe2752b5a21326e8db9c1baaf5f7d7a7fe663b3 ......
	 orig commit -> 98518c4d8728656db349f875fcbbc7c126d4c973 ......
checking 663428500a184e81fcc19c8902966a43ebe8a231 ......
	 orig commit -> e7aa61f47b23afbec41031bc47ca8d6cb6516abc ......
checking 8a290896babf93db2efebe4fde85bb1c19b21534 ......
	 orig commit -> 3bc8ea8603ae4c1e09aca8de229ad38b8091fcb3 ......
checking eb1adc3c58c52253ff9f51649a91f8590fda3742 ......
	 orig commit -> 19fad20d15a6494f47f85d869f00b11343ee5c78 ......
checking cb68b8ea0887e8a21621da2b686cd78fb08d9b34 ......
	 orig commit -> b561af36b1841088552464cdc3f6371d92f17710 ......
checking a6dab2f4376e08000282ee08425c3ffd275077c6 ......
	 orig commit -> 925b0c841e066b488cc3a60272472b2c56300704 ......
checking dbe48b97e4a3d439348d5c964e930e7e02f914df ......
	 orig commit -> 20ff83f10f113c88d0bb74589389b05250994c16 ......
checking 6f95948533b9651efd4255deedf9fc455e2aa296 ......
	 orig commit -> b3f3107fbd928fed6e4fecbe3da2ed5f43216439 ......
	 orig commit -> 310ca162d779efee8a2dc3731439680f3e9c1e86 ......
checking c41c206216dbde22ab37b7f87bb48a2bca78555d ......
	 orig commit -> f7bd9e36ee4a4ce38e1cddd7effe6c0d9943285b ......
checking ece91cb1ac716f767cf3a6bf9db3a1514ced108a ......
	 orig commit -> 8c63bf9ab4be8b83bd8c34aacfd2f1d2c8901c8a ......
checking a1b522ac9fba8d17733fe97e15d7265e09c8c247 ......
	 orig commit -> 6f07e5f06c8712acc423485f657799fc8e11e56c ......
checking d7e5163971cfc66de47ca0e56f5b15db6a9ef222 ......
	 orig commit -> 7caa56f006e9d712b44f27b32520c66420d5cbc6 ......
checking d8114ffcd156750ff4f8fff7d771d46b6e8d6731 ......
	 orig commit -> 7c2bd9a39845bfb6d72ddb55ce737650271f6f96 ......
checking 347b25a854e71059b0b2e21adabdac9d2fcab823 ......
	 orig commit -> 89189557b47b35683a27c80ee78aef18248eefb4 ......
checking 7a4a596adfc86d5b0060a8940aea383a78a994dc ......
	 orig commit -> 91d3f8a629849968dc91d6ce54f2d46abf4feb7f ......
checking b4d3f2b02cb8ec02f1bb0a8b33428b8b43d671f6 ......
	 orig commit -> baf76f0c58aec435a3a864075b8f6d8ee5d1f17e ......
checking fac4a3354cf0d17190cf6b1668ba38ee22e9bb17 ......
	 orig commit -> 2ac695d1d602ce00b12170242f58c3d3a8e36d04 ......
checking 1361187b4be16a8ce4cfe9aa9fd2045a210895dc ......
	 orig commit -> 27da80719ef132cf8c80eb406d5aeb37dddf78cc ......
checking 43ad6b4c5317b3ada1c68cb7c12031fff29566cc ......
	 orig commit -> 92edf8df0ff2ae86cc632eeca0e651fd8431d40d ......
checking 43575c49ae687cd0b73c786fe3e5f4838f455834 ......
	 orig commit -> dfa88658fb0583abb92e062c7a9cd5a5b94f2a46 ......
checking 61d012593cb9ebc0132f1435db5972f1712d4208 ......
	 orig commit -> 10c5e83afd4a3f01712d97d3bb1ae34d5b74a185 ......
		 10c5e83afd4a3f01712d97d3bb1ae34d5b74a185 has problem. Fixes commit -> 27da80719ef132cf8c80eb406d5aeb37dddf78cc
commit 1361187b4be16a8ce4cfe9aa9fd2045a210895dc
Author: Christophe Leroy <christophe.leroy@c-s.fr>
Date:   Mon Apr 22 00:20:37 2019 +1000

    powerpc/fsl: Fix the flush of branch predictor.
    
    commit 27da80719ef132cf8c80eb406d5aeb37dddf78cc upstream.
    
    The commit identified below adds MC_BTB_FLUSH macro only when
    CONFIG_PPC_FSL_BOOK3E is defined. This results in the following error
    on some configs (seen several times with kisskb randconfig_defconfig)
    
    arch/powerpc/kernel/exceptions-64e.S:576: Error: Unrecognized opcode: `mc_btb_flush'
    make[3]: *** [scripts/Makefile.build:367: arch/powerpc/kernel/exceptions-64e.o] Error 1
    make[2]: *** [scripts/Makefile.build:492: arch/powerpc/kernel] Error 2
    make[1]: *** [Makefile:1043: arch/powerpc] Error 2
    make: *** [Makefile:152: sub-make] Error 2
    
    This patch adds a blank definition of MC_BTB_FLUSH for other cases.
    
    Fixes: 10c5e83afd4a ("powerpc/fsl: Flush the branch predictor at each kernel entry (64bit)")
    Cc: Diana Craciun <diana.craciun@nxp.com>
    Signed-off-by: Christophe Leroy <christophe.leroy@c-s.fr>
    Reviewed-by: Daniel Axtens <dja@axtens.net>
    Reviewed-by: Diana Craciun <diana.craciun@nxp.com>
    Signed-off-by: Michael Ellerman <mpe@ellerman.id.au>
    Signed-off-by: Greg Kroah-Hartman <gregkh@linuxfoundation.org>
checking 972eb26959123da982a4274b9466a867f144fb44 ......
	 orig commit -> f633a8ad636efb5d4bba1a047d4a0f1ef719aa06 ......
checking 73f2a5cf61de9a376ef648fce8d6d62b8395a9e1 ......
	 orig commit -> 7d8bad99ba5a22892f0cad6881289fdc3875a930 ......
checking 5b7a0bf503b3f5936ea0a0bc78a74c879a312b14 ......
	 orig commit -> 1cbf8990d79ff69da8ad09e8a3df014e1494462b ......
checking e61dc383c5ca4f5b0a71966c9e8a7e195e630d3a ......
	 orig commit -> 76a5eaa38b15dda92cd6964248c39b5a6f3a4e9d ......
checking de9f5e31943c12c6369583ea2e42d5d8fe420619 ......
	 orig commit -> 51c3c62b58b357e8d35e4cc32f7b4ec907426fe3 ......
		 51c3c62b58b357e8d35e4cc32f7b4ec907426fe3 has problem. Fixes commit -> b45ba4a51cde29b2939365ef0c07ad34c8321789
checking 58e5888d79cc44df75d0fb4b3fcf6859b624e83c ......
	 orig commit -> 99d54754d3d5f896a8f616b0b6520662bc99d66b ......
checking b5821c98c5345da735ae5873b24488cc4cd94e9a ......
	 orig commit -> ba72dc171954b782a79d25e0f4b3ed91090c3b1e ......
checking c866dba5a323e5df69528408b158703965c9557b ......
	 orig commit -> ee13cb249fabdff8b90aaff61add347749280087 ......
		 ee13cb249fabdff8b90aaff61add347749280087 has problem. Fixes commit -> 92edf8df0ff2ae86cc632eeca0e651fd8431d40d
7d8bad99ba5a22892f0cad6881289fdc3875a930
commit 73f2a5cf61de9a376ef648fce8d6d62b8395a9e1
Author: Diana Craciun <diana.craciun@nxp.com>
Date:   Mon Apr 22 00:20:32 2019 +1000

    powerpc/fsl: Fix spectre_v2 mitigations reporting
    
    commit 7d8bad99ba5a22892f0cad6881289fdc3875a930 upstream.
    
    Currently for CONFIG_PPC_FSL_BOOK3E the spectre_v2 file is incorrect:
    
      $ cat /sys/devices/system/cpu/vulnerabilities/spectre_v2
      "Mitigation: Software count cache flush"
    
    Which is wrong. Fix it to report vulnerable for now.
    
    Fixes: ee13cb249fab ("powerpc/64s: Add support for software count cache flush")
    Cc: stable@vger.kernel.org # v4.19+
    Signed-off-by: Diana Craciun <diana.craciun@nxp.com>
    Signed-off-by: Michael Ellerman <mpe@ellerman.id.au>
    Signed-off-by: Greg Kroah-Hartman <gregkh@linuxfoundation.org>
commit 43ad6b4c5317b3ada1c68cb7c12031fff29566cc
Author: Michael Ellerman <mpe@ellerman.id.au>
Date:   Mon Apr 22 00:20:36 2019 +1000

    powerpc/security: Fix spectre_v2 reporting
    
    commit 92edf8df0ff2ae86cc632eeca0e651fd8431d40d upstream.
    
    When I updated the spectre_v2 reporting to handle software count cache
    flush I got the logic wrong when there's no software count cache
    enabled at all.
    
    The result is that on systems with the software count cache flush
    disabled we print:
    
      Mitigation: Indirect branch cache disabled, Software count cache flush
    
    Which correctly indicates that the count cache is disabled, but
    incorrectly says the software count cache flush is enabled.
    
    The root of the problem is that we are trying to handle all
    combinations of options. But we know now that we only expect to see
    the software count cache flush enabled if the other options are false.
    
    So split the two cases, which simplifies the logic and fixes the bug.
    We were also missing a space before "(hardware accelerated)".
    
    The result is we see one of:
    
      Mitigation: Indirect branch serialisation (kernel only)
      Mitigation: Indirect branch cache disabled
      Mitigation: Software count cache flush
      Mitigation: Software count cache flush (hardware accelerated)
    
    Fixes: ee13cb249fab ("powerpc/64s: Add support for software count cache flush")
    Cc: stable@vger.kernel.org # v4.19+
    Signed-off-by: Michael Ellerman <mpe@ellerman.id.au>
    Reviewed-by: Michael Neuling <mikey@neuling.org>
    Reviewed-by: Diana Craciun <diana.craciun@nxp.com>
    Signed-off-by: Michael Ellerman <mpe@ellerman.id.au>
    Signed-off-by: Greg Kroah-Hartman <gregkh@linuxfoundation.org>

commit 73f2a5cf61de9a376ef648fce8d6d62b8395a9e1
Author: Diana Craciun <diana.craciun@nxp.com>
Date:   Mon Apr 22 00:20:32 2019 +1000

    powerpc/fsl: Fix spectre_v2 mitigations reporting
    
    commit 7d8bad99ba5a22892f0cad6881289fdc3875a930 upstream.
    
    Currently for CONFIG_PPC_FSL_BOOK3E the spectre_v2 file is incorrect:
    
      $ cat /sys/devices/system/cpu/vulnerabilities/spectre_v2
      "Mitigation: Software count cache flush"
    
    Which is wrong. Fix it to report vulnerable for now.
    
    Fixes: ee13cb249fab ("powerpc/64s: Add support for software count cache flush")
    Cc: stable@vger.kernel.org # v4.19+
    Signed-off-by: Diana Craciun <diana.craciun@nxp.com>
    Signed-off-by: Michael Ellerman <mpe@ellerman.id.au>
    Signed-off-by: Greg Kroah-Hartman <gregkh@linuxfoundation.org>
checking 29e6d5abd7a8c072bbb810422c92c5d252c72d58 ......
	 orig commit -> dc8c6cce9a26a51fc19961accb978217a3ba8c75 ......
checking 03647873c9b5bcfddbeb5fa7fe882a116fde4059 ......
	 orig commit -> 06d0bbc6d0f56dacac3a79900e9a9a0d5972d818 ......
checking d9b510fbb3d0a436e4168750ba0a2903fa025bf8 ......
	 orig commit -> ebcd1bfc33c7a90df941df68a6e5d4018c022fba ......
checking f59531103f1eb3d89bb01f4f3ab5660c983b18cb ......
	 orig commit -> 406d2b6ae3420f5bb2b3db6986dc6f0b6dbb637b ......
checking f278a8139d244b6afb95afe0331697b6d31da40c ......
	 orig commit -> af375eefbfb27cbb5b831984e66d724a40d26b5c ......
checking e906e9e441b1883911d0880c5acb1e1e932b6c31 ......
	 orig commit -> 179ab1cbf883575c3a585bcfc0f2160f1d22a149 ......
checking 6d053aa1fcf58bc31fdb740770f3c3625b13c667 ......
	 orig commit -> 6453b532f2c8856a80381e6b9a1f5ea2f12294df ......
checking 9fa0144333ec5a7749ae33e49e3feefb8e68cf35 ......
	 orig commit -> cf175dc315f90185128fb061dc05b6fbb211aa2f ......
checking 6bee332c901f2f0bee9f87ea7526a7367b7df4f7 ......
	 orig commit -> 6d44acae1937b81cf8115ada8958e04f601f3f2e ......
checking d48e80ddb3645cabc486fd0abdb253245adf2ff2 ......
	 orig commit -> a377514519b9a20fa1ea9adddbb4129573129cef ......
checking 9f5d02ed2cf12b7eff2db3b70a22054ebbd9c039 ......
	 orig commit -> ddf35cf3764b5a182b178105f57515b42e2634f8 ......
checking 90cf0c954b803057900ea39d05fd1ee890490618 ......
	 orig commit -> 51973a815c6b46d7b23b68d6af371ad1c9d503ca ......
checking 956f081578dfca9f60acfd190262a5bf5d23be2a ......
	 orig commit -> cb3d6759a93c6d0aea1c10deb6d00e111c29c19c ......
checking f86245184d3f9e419fa91a7d94a87aab5d7bb1dd ......
	 orig commit -> 815069ca57c142eb71d27439bc27f41a433a67b3 ......
checking 93c42b86700673b7dfa65eb734d7e0cb1d91463d ......
	 orig commit -> 2eea7f067f495e33b8b116b35b5988ab2b8aec55 ......
checking 437f78bf7a0c265e0a06394bd056c6eb39f73889 ......
	 orig commit -> a6b3964ad71a61bb7c61d80a60bea7d42187b2eb ......
checking 6d4c5d165d7fd8fc7aa5efe0c124cdeb241d0dd5 ......
	 orig commit -> a048a07d7f4535baa4cbad6bc024f175317ab938 ......
checking b88620d805dfc8cf1cad1ac6f84b58a7719eecb9 ......
	 orig commit -> 501a78cbc17c329fabf8e9750a1e9ab810c88a0e ......
checking b004c06e6962a5e27e764a2a0d75f3ac5da7cc76 ......
	 orig commit -> 6232774f1599028a15418179d17f7df47ede770a ......
checking 0b20c25112fa8f5924375467906d2630711db75e ......
	 orig commit -> e7347a86830f38dc3e40c8f7e28c04412b12a2e7 ......
checking 38e6da6de6bc31a9fcf9e3c4b172771f1f24a346 ......
	 orig commit -> 0f9bdfe3c77091e8704d2e510eb7c2c2c6cde524 ......
checking 7adcc77e66850f7acf9709a680d4ba3f7debfc27 ......
	 orig commit -> d6fbe1c55c55c6937cbea3531af7da84ab7473c3 ......
		 d6fbe1c55c55c6937cbea3531af7da84ab7473c3 has problem. Fixes commit -> 6d44acae1937b81cf8115ada8958e04f601f3f2e
commit 6bee332c901f2f0bee9f87ea7526a7367b7df4f7
Author: Michael Ellerman <mpe@ellerman.id.au>
Date:   Mon Apr 22 00:20:17 2019 +1000

    powerpc64s: Show ori31 availability in spectre_v1 sysfs file not v2
    
    commit 6d44acae1937b81cf8115ada8958e04f601f3f2e upstream.
    
    When I added the spectre_v2 information in sysfs, I included the
    availability of the ori31 speculation barrier.
    
    Although the ori31 barrier can be used to mitigate v2, it's primarily
    intended as a spectre v1 mitigation. Spectre v2 is mitigated by
    hardware changes.
    
    So rework the sysfs files to show the ori31 information in the
    spectre_v1 file, rather than v2.
    
    Currently we display eg:
    
      $ grep . spectre_v*
      spectre_v1:Mitigation: __user pointer sanitization
      spectre_v2:Mitigation: Indirect branch cache disabled, ori31 speculation barrier enabled
    
    After:
    
      $ grep . spectre_v*
      spectre_v1:Mitigation: __user pointer sanitization, ori31 speculation barrier enabled
      spectre_v2:Mitigation: Indirect branch cache disabled
    
    Fixes: d6fbe1c55c55 ("powerpc/64s: Wire up cpu_show_spectre_v2()")
    Cc: stable@vger.kernel.org # v4.17+
    Signed-off-by: Michael Ellerman <mpe@ellerman.id.au>
    Signed-off-by: Greg Kroah-Hartman <gregkh@linuxfoundation.org>
checking 3eb3f0ce369fe754911eaf246bfc040df4668818 ......
	 orig commit -> 56986016cb8cd9050e601831fe89f332b4e3c46e ......
checking 61ade12cb7172905ec4d307c6862a416502e6c40 ......
	 orig commit -> 2e4a16161fcd324b1f9bf6cb6856529f7eaf0689 ......
checking 4ee0948c30bf71170f8ec80351525a998376c51e ......
	 orig commit -> 37c0bdd00d3ae83369ab60a6712c28e11e6458d5 ......
checking 655d87faa105bb75b35ecaaaedc75f1fae90f95e ......
	 orig commit -> ff348355e9c72493947be337bb4fae4fc1a41eba ......
checking 77c252b64793f4ac4c34c72bb9954e6e90415ac4 ......
	 orig commit -> 8ad33041563a10b34988800c682ada14b2612533 ......
checking 5112ba5804ccc0900728214048a1ba366ed3a0fc ......
	 orig commit -> 77addf6e95c8689e478d607176b399a6242a777e ......
checking 48e1913d0d0cd81b7b923afd361ed8d759a7711d ......
	 orig commit -> f636c14790ead6cc22cf62279b1f8d7e11a67116 ......
		 f636c14790ead6cc22cf62279b1f8d7e11a67116 has problem. Fixes commit -> 6232774f1599028a15418179d17f7df47ede770a
0f9bdfe3c77091e8704d2e510eb7c2c2c6cde524
commit 38e6da6de6bc31a9fcf9e3c4b172771f1f24a346
Author: Mauricio Faria de Oliveira <mauricfo@linux.vnet.ibm.com>
Date:   Mon Apr 22 00:20:05 2019 +1000

    powerpc/pseries: Fix clearing of security feature flags
    
    commit 0f9bdfe3c77091e8704d2e510eb7c2c2c6cde524 upstream.
    
    The H_CPU_BEHAV_* flags should be checked for in the 'behaviour' field
    of 'struct h_cpu_char_result' -- 'character' is for H_CPU_CHAR_*
    flags.
    
    Found by playing around with QEMU's implementation of the hypercall:
    
      H_CPU_CHAR=0xf000000000000000
      H_CPU_BEHAV=0x0000000000000000
    
      This clears H_CPU_BEHAV_FAVOUR_SECURITY and H_CPU_BEHAV_L1D_FLUSH_PR
      so pseries_setup_rfi_flush() disables 'rfi_flush'; and it also
      clears H_CPU_CHAR_L1D_THREAD_PRIV flag. So there is no RFI flush
      mitigation at all for cpu_show_meltdown() to report; but currently
      it does:
    
      Original kernel:
    
        # cat /sys/devices/system/cpu/vulnerabilities/meltdown
        Mitigation: RFI Flush
    
      Patched kernel:
    
        # cat /sys/devices/system/cpu/vulnerabilities/meltdown
        Not affected
    
      H_CPU_CHAR=0x0000000000000000
      H_CPU_BEHAV=0xf000000000000000
    
      This sets H_CPU_BEHAV_BNDS_CHK_SPEC_BAR so cpu_show_spectre_v1() should
      report vulnerable; but currently it doesn't:
    
      Original kernel:
    
        # cat /sys/devices/system/cpu/vulnerabilities/spectre_v1
        Not affected
    
      Patched kernel:
    
        # cat /sys/devices/system/cpu/vulnerabilities/spectre_v1
        Vulnerable
    
    Brown-paper-bag-by: Michael Ellerman <mpe@ellerman.id.au>
    Fixes: f636c14790ea ("powerpc/pseries: Set or clear security feature flags")
    Signed-off-by: Mauricio Faria de Oliveira <mauricfo@linux.vnet.ibm.com>
    Signed-off-by: Michael Ellerman <mpe@ellerman.id.au>
    Signed-off-by: Greg Kroah-Hartman <gregkh@linuxfoundation.org>
commit b004c06e6962a5e27e764a2a0d75f3ac5da7cc76
Author: Mauricio Faria de Oliveira <mauricfo@linux.vnet.ibm.com>
Date:   Mon Apr 22 00:20:07 2019 +1000

    powerpc/pseries: Restore default security feature flags on setup
    
    commit 6232774f1599028a15418179d17f7df47ede770a upstream.
    
    After migration the security feature flags might have changed (e.g.,
    destination system with unpatched firmware), but some flags are not
    set/clear again in init_cpu_char_feature_flags() because it assumes
    the security flags to be the defaults.
    
    Additionally, if the H_GET_CPU_CHARACTERISTICS hypercall fails then
    init_cpu_char_feature_flags() does not run again, which potentially
    might leave the system in an insecure or sub-optimal configuration.
    
    So, just restore the security feature flags to the defaults assumed
    by init_cpu_char_feature_flags() so it can set/clear them correctly,
    and to ensure safe settings are in place in case the hypercall fail.
    
    Fixes: f636c14790ea ("powerpc/pseries: Set or clear security feature flags")
    Depends-on: 19887d6a28e2 ("powerpc: Move default security feature flags")
    Signed-off-by: Mauricio Faria de Oliveira <mauricfo@linux.vnet.ibm.com>
    Signed-off-by: Michael Ellerman <mpe@ellerman.id.au>
    Signed-off-by: Greg Kroah-Hartman <gregkh@linuxfoundation.org>

commit 38e6da6de6bc31a9fcf9e3c4b172771f1f24a346
Author: Mauricio Faria de Oliveira <mauricfo@linux.vnet.ibm.com>
Date:   Mon Apr 22 00:20:05 2019 +1000

    powerpc/pseries: Fix clearing of security feature flags
    
    commit 0f9bdfe3c77091e8704d2e510eb7c2c2c6cde524 upstream.
    
    The H_CPU_BEHAV_* flags should be checked for in the 'behaviour' field
    of 'struct h_cpu_char_result' -- 'character' is for H_CPU_CHAR_*
    flags.
    
    Found by playing around with QEMU's implementation of the hypercall:
    
      H_CPU_CHAR=0xf000000000000000
      H_CPU_BEHAV=0x0000000000000000
    
      This clears H_CPU_BEHAV_FAVOUR_SECURITY and H_CPU_BEHAV_L1D_FLUSH_PR
      so pseries_setup_rfi_flush() disables 'rfi_flush'; and it also
      clears H_CPU_CHAR_L1D_THREAD_PRIV flag. So there is no RFI flush
      mitigation at all for cpu_show_meltdown() to report; but currently
      it does:
    
      Original kernel:
    
        # cat /sys/devices/system/cpu/vulnerabilities/meltdown
        Mitigation: RFI Flush
    
      Patched kernel:
    
        # cat /sys/devices/system/cpu/vulnerabilities/meltdown
        Not affected
    
      H_CPU_CHAR=0x0000000000000000
      H_CPU_BEHAV=0xf000000000000000
    
      This sets H_CPU_BEHAV_BNDS_CHK_SPEC_BAR so cpu_show_spectre_v1() should
      report vulnerable; but currently it doesn't:
    
      Original kernel:
    
        # cat /sys/devices/system/cpu/vulnerabilities/spectre_v1
        Not affected
    
      Patched kernel:
    
        # cat /sys/devices/system/cpu/vulnerabilities/spectre_v1
        Vulnerable
    
    Brown-paper-bag-by: Michael Ellerman <mpe@ellerman.id.au>
    Fixes: f636c14790ea ("powerpc/pseries: Set or clear security feature flags")
    Signed-off-by: Mauricio Faria de Oliveira <mauricfo@linux.vnet.ibm.com>
    Signed-off-by: Michael Ellerman <mpe@ellerman.id.au>
    Signed-off-by: Greg Kroah-Hartman <gregkh@linuxfoundation.org>
checking b2d9aae4fb466ff1e534da3595a209c9c6cd4825 ......
	 orig commit -> 9a868f634349e62922c226834aa23e3d1329ae7f ......
checking 80b7791a6a9a959c1a78ae307fa5b009782ce7a0 ......
	 orig commit -> 921bc6cf807ceb2ab8005319cf39f33494d6b100 ......
checking 4c68d8ee62c16add22bc88d8d2be4f9996413bdc ......
	 orig commit -> c4bc36628d7f8b664657d8bd6ad1c44c177880b7 ......
checking 1bcc0b507130bf55eff421cde49908017ad62167 ......
	 orig commit -> 0063d61ccfc011f379a31acaeba6de7c926fed2c ......
checking e7961f573139aa62fe4d19a42ec34d51721141bc ......
	 orig commit -> 84749a58b6e382f109abf1e734bc4dd43c2c25bb ......
checking 5a395bed38c13c0601e8db6b543e319914683eec ......
	 orig commit -> abf110f3e1cea40f5ea15e85f5d67c39c14568a7 ......
		 abf110f3e1cea40f5ea15e85f5d67c39c14568a7 has problem. Fixes commit -> 501a78cbc17c329fabf8e9750a1e9ab810c88a0e
commit b88620d805dfc8cf1cad1ac6f84b58a7719eecb9
Author: Michael Ellerman <mpe@ellerman.id.au>
Date:   Mon Apr 22 00:20:08 2019 +1000

    powerpc/64s: Fix section mismatch warnings from setup_rfi_flush()
    
    commit 501a78cbc17c329fabf8e9750a1e9ab810c88a0e upstream.
    
    The recent LPM changes to setup_rfi_flush() are causing some section
    mismatch warnings because we removed the __init annotation on
    setup_rfi_flush():
    
      The function setup_rfi_flush() references
      the function __init ppc64_bolted_size().
      the function __init memblock_alloc_base().
    
    The references are actually in init_fallback_flush(), but that is
    inlined into setup_rfi_flush().
    
    These references are safe because:
     - only pseries calls setup_rfi_flush() at runtime
     - pseries always passes L1D_FLUSH_FALLBACK at boot
     - so the fallback flush area will always be allocated
     - so the check in init_fallback_flush() will always return early:
       /* Only allocate the fallback flush area once (at boot time). */
       if (l1d_flush_fallback_area)
            return;
    
     - and therefore we won't actually call the freed init routines.
    
    We should rework the code to make it safer by default rather than
    relying on the above, but for now as a quick-fix just add a __ref
    annotation to squash the warning.
    
    Fixes: abf110f3e1ce ("powerpc/rfi-flush: Make it possible to call setup_rfi_flush() again")
    Signed-off-by: Michael Ellerman <mpe@ellerman.id.au>
    Signed-off-by: Greg Kroah-Hartman <gregkh@linuxfoundation.org>
checking b0dab0b95279e982992a66221c590620617eb238 ......
	 orig commit -> 1e2a9fc7496955faacbbed49461d611b704a7505 ......
checking 54e203567d63df692ae59ce51cb2573b436b1754 ......
	 orig commit -> eb0a2d2620ae431c543963c8c7f08f597366fc60 ......
checking 18ec02325bb63801a3d51ae9a5daf1d047e67842 ......
	 orig commit -> 582605a429e20ae68fd0b041b2e840af296edd08 ......
checking 328cca118a82ce62fc77ba479de9641d9799d8c0 ......
	 orig commit -> bdcb1aefc5b3f7d0f1dc8b02673602bca2ff7a4b ......
checking 0767f49e40121b269e2b85a41daf24d79bffb9c4 ......
	 orig commit -> 274920a3ecd5f43af0cc380bc0a9ee73a52b9f8a ......
checking 780fd4b4ca4be24e0813ef2c75c72468f18d2741 ......
	 orig commit -> d7a6c0ce8d26412903c7981503bad9e1cc7c45d2 ......
checking 3e9819fdf7ccfb22fef14df6ee46c01456f7bdac ......
	 orig commit -> 7529b2574a7aaf902f1f8159fbc2a7caa74be559 ......
checking f40c34459a5b1fb0701ea1a1c5299f6eed36438b ......
	 orig commit -> d58431eacb226222430940134d97bfd72f292fcd ......
checking fbd304e16d1b27338cdd107686927acd54e17b91 ......
	 orig commit -> e6abc8caa6deb14be2a206253f7e1c5e37e9515b ......
checking f5662a117181a800c683cb39842c35fa5aa07eea ......
	 orig commit -> 37659182bff1eeaaeadcfc8f853c6d2b6dbc3f47 ......
checking 8ea63569e5127a32eb8038e575a1fee85ff68a4c ......
	 orig commit -> 76a495d666e5043ffc315695f8241f5e94a98849 ......
checking 30714ace6207b7eb76af39542a41268243630ecb ......
	 orig commit -> a860fa7b96e1a1c974556327aa1aee852d434c21 ......
checking 3aba62bd03a626fc4d2e935a593a477ea908e093 ......
	 orig commit -> d6097c9e4454adf1f8f2c9547c2fa6060d55d952 ......
checking 35449dc81798b00909b60593bf8700fd216c12eb ......
	 orig commit -> 79b4a9cf0e2ea8203ce777c8d5cfa86c71eae86e ......
checking 1f60e5bbf24ef6232784bafd25e609e235bf383e ......
	 orig commit -> 652727bbe1b17993636346716ae5867627793647 ......
checking beffd83bf3a18877e4ff3c17e2b00e129e8ebd7a ......
	 orig commit -> 78e546c824fa8f96d323b7edd6f5cad5b74af057 ......
checking 6bf3278659179eab2e37a20a71e84d7242321d3d ......
	 orig commit -> 0294e6f4a0006856e1f36b8cd8fa088d9e499e98 ......
