Check from v4.4.37 to v4.4.38
Commit count: 29
checking c95b7f1fab0c76882764a5196119237c8ad436ee ......
checking 52783ada69b4741cf0122bd593493cc6c3217b9b ......
	 orig commit -> a55e23864d381c5a4ef110df94b00b2fe121a70d ......
checking 3bf28ce9c7499477aff4e6ecf07071978c2cabcf ......
	 orig commit -> 7c7fedd51c02f4418e8b2eed64bdab601f882aa4 ......
checking 2176ec1c82eae70a9d43a974455d9bfe3dcd7bd2 ......
	 orig commit -> f4180439109aa720774baafdd798b3234ab1a0d2 ......
checking 25d8b7c105e13df4a0b14159a85c448158570909 ......
	 orig commit -> b4e479a96fc398ccf83bb1cffb4ffef8631beaf1 ......
checking d41fb2fbb28d3a1085960edada6c046becd1fafd ......
	 orig commit -> a0ac402cfcdc904f9772e1762b3fda112dcc56a0 ......
checking fd1aa12c63400ca7d5b6d189ae98570f47735180 ......
	 orig commit -> b57332b4105abf1d518d93886e547ee2f98cd414 ......
checking 899b60535a2af978cdd798932f688b887decf424 ......
	 orig commit -> 87a349f9cc0908bc0cfac0c9ece3179f650ae95a ......
checking ed7b60db00a17a3bc4705014ebec4c035577b9e5 ......
	 orig commit -> 74a5ed5c4f692df2ff0a2313ea71e81243525519 ......
checking 438e91da24fa63d3b52faafd7302081e9e79207a ......
	 orig commit -> 07b5ab3f71d318e52c18cc3b73c1d44c908aacfa ......
checking 06cdad2b6d921dee33c8efc84922533dfb1458c6 ......
	 orig commit -> 0eab121ef8750a5c8637d51534d5e9143fb0633f ......
checking 77125815f058d587cac9217ac2c468038a7285c4 ......
	 orig commit -> b98b0bc8c431e3ceb4b26b0dfc8db509518fb290 ......
checking 6e682c528b3ef046a03994b076d832b2ac029042 ......
	 orig commit -> 5b01014759991887b1e450c9def01e58c02ab81b ......
checking a89e2ff894bc317a49b9b46ef70eb62e05a8bf7c ......
	 orig commit -> 33d446dbba4d4d6a77e1e900d434fa99e0f02c86 ......
checking c36a2a14f26dd3ed95ce75ba69fb7435d7da9bf0 ......
	 orig commit -> 8c4799ac799665065f9bf1364fd71bf4f7dc6a4a ......
checking 5a01eaf19858278cc22525be118fe9c6a3c86e83 ......
	 orig commit -> 84ac7260236a49c79eede91617700174c2c19b0c ......
checking 1a15519fdcdb0f908ad1a3785178f9e18a2ebedb ......
	 orig commit -> 648f0c28df282636c0c8a7a19ca3ce5fc80a39c3 ......
checking baaf0c65bc8ea9c7a404b09bc8cc3b8a1e4f18df ......
	 orig commit -> ed5d7788a934a4b6d6d025e948ed4da496b4f12e ......
checking d1ed9c1dba632199c59bb8b1245c2f86e28c7380 ......
	 orig commit -> 707693c8a498697aa8db240b93eb76ec62e30892 ......
		 707693c8a498697aa8db240b93eb76ec62e30892 has problem. Fixes commit -> ed5d7788a934a4b6d6d025e948ed4da496b4f12e
commit baaf0c65bc8ea9c7a404b09bc8cc3b8a1e4f18df
Author: Herbert Xu <herbert@gondor.apana.org.au>
Date:   Mon Dec 5 15:28:21 2016 +0800

    netlink: Do not schedule work from sk_destruct
    
    [ Upstream commit ed5d7788a934a4b6d6d025e948ed4da496b4f12e ]
    
    It is wrong to schedule a work from sk_destruct using the socket
    as the memory reserve because the socket will be freed immediately
    after the return from sk_destruct.
    
    Instead we should do the deferral prior to sk_free.
    
    This patch does just that.
    
    Fixes: 707693c8a498 ("netlink: Call cb->done from a worker thread")
    Signed-off-by: Herbert Xu <herbert@gondor.apana.org.au>
    Tested-by: Andrey Konovalov <andreyknvl@google.com>
    Signed-off-by: David S. Miller <davem@davemloft.net>
    Signed-off-by: Greg Kroah-Hartman <gregkh@linuxfoundation.org>
checking 6c42bd6a393c3c7b3be24f9bf57a26608df14739 ......
	 orig commit -> 95c2027bfeda21a28eb245121e6a249f38d0788e ......
checking cfa7c16d4577a6e738bbd2bc83c6c8d7344e2d1a ......
	 orig commit -> d936377414fadbafb4d17148d222fe45ca5442d4 ......
checking 94de6f2ffb3de28f4a6c92a52e8f8cdcb7046847 ......
	 orig commit -> 76da8706d90d8641eeb9b8e579942ed80b6c0880 ......
checking 56366fa0ad46a59abe2460b8acb775f7f84fbf16 ......
	 orig commit -> 32c231164b762dddefa13af5a0101032c70b50ef ......
checking aece024e38cb38eb5307e35862c5876e817efd33 ......
	 orig commit -> f82ef3e10a870acc19fa04f80ef5877eaa26f41e ......
checking 6ef59b986190f07386b062884ab48006c16cf152 ......
	 orig commit -> 06a77b07e3b44aea2b3c0e64de420ea2cfdcbaa9 ......
checking acf9504ae220acbd1caa8ee4668c8a3a3b51d73a ......
	 orig commit -> 06ba3b2133dc203e1e9bc36cee7f0839b79a9e8b ......
checking 49695d1e3b817743a155e63d923e1e14b97e14eb ......
	 orig commit -> b5c2d49544e5930c96e2632a7eece3f4325a1888 ......
checking 2b54505c877f71155c7aba26550015bd1e30d3dc ......
	 orig commit -> cfc44a4d147ea605d66ccb917cc24467d15ff867 ......
checking 790fd11f9ed6d2558a516280c3bd1e25b0c64c90 ......
	 orig commit -> 963abe5c8a0273a1cf5913556da1b1189de0e57a ......
