Check from v4.4.4 to v4.4.5
Commit count: 75
checking 62e21959dc6f25c5fce0c1a0934e4a9d982bf99b ......
checking 53e609099daa023ad7771ec8351202f2a7bee1c1 ......
	 orig commit -> 429c45deae6e57f1bb91bfb05b671063fb0cef60 ......
checking 610dde5afb2dbf7182eb0e6d56daa7e8700d52c4 ......
	 orig commit -> 8244062ef1e54502ef55f54cced659913f244c3e ......
checking 74b2c72122a8145554afaeb6e98dda23b077387e ......
	 orig commit -> f2e305108faba0c85eb4ba4066599decb675117e ......
checking bdfa7f6e5338729b810b6a073d12addf4d85d7c4 ......
	 orig commit -> 39bfcd5235e07e95ad3e70eab8e0b85db181de9e ......
checking f4f0cca3c121f80706aa05b08f17f661df6396fc ......
	 orig commit -> 25e71a99f10e444cd00bb2ebccb11e1c9fb672b1 ......
checking 0528bdbc4448afd76ca54eb7b4f81dafdf3ba68a ......
	 orig commit -> e0af29171aa8912e1ca95023b75ef336cd70d661 ......
checking 7f74146b5f52660da8119a8fa47c3874363cc037 ......
	 orig commit -> 9571e1d84042f5670df9fabdcbe7dd5da3abe43e ......
checking e6f54e7f5770f91d3058902967ab995e802ba1c2 ......
	 orig commit -> a53b8394ec3c67255928df6ee9cc99dd1cd452e3 ......
checking b252f82aebb00e629203c4c685e41147c32f1226 ......
	 orig commit -> 7314d22a2f5bd40468d57768be368c3d9b4bd726 ......
checking c5c2ce3560b6b28666ef337fd33653165eb97b78 ......
	 orig commit -> e4f6daac20332448529b11f09388f1d55ef2084c ......
checking 816e8b31fceb50ebf0f4a9dea92fc64fc75b5999 ......
	 orig commit -> 923adb1646d5ba739d2a1e63ee20d60574d9da8e ......
checking 8eb8cd6c307984bdc568308f5853c4b4485156dd ......
	 orig commit -> e723e3f7f9591b79e8c56b3d7c5a204a9c571b55 ......
checking 75d46a71e0b86770c9f0f81d9745e16e04a27239 ......
	 orig commit -> 56fa81fc9a5445938f3aa2e63d15ab63dc938ad6 ......
checking 760b02ed4e71d2f0b48de6c1e7edc1a708f6cbbc ......
	 orig commit -> c0992d0f54847d0d1d85c60fcaa054f175ab1ccd ......
checking b642669e51cecdea70e5b8b5c55a93987556a5d4 ......
	 orig commit -> 5deef5551c77e488922cc4bf4bc76df63be650d0 ......
checking 48a485211fb8f1989736f4a272741a9143134d88 ......
	 orig commit -> 04fdbc825ffc02fb098964b92de802fff44e73fd ......
checking 505fefa9ce9c29ea936460f905c7b811bc7c4c67 ......
	 orig commit -> 013dd239d6220a4e0dfdf0d45a82c34f1fd73deb ......
checking 1f249cfb339c0e5fb9080d0e4c0c336f99f17f46 ......
	 orig commit -> 3c4c615d70c8cbdc8ba8c79ed702640930652a79 ......
checking 0ba460a5fd15673ad895a8fc51d378eb30f1922b ......
	 orig commit -> d144dfea8af7108f613139623e63952ed7e69c0c ......
checking 48ad515e8d652e8f03a35bf963eeb5360cf5e38f ......
	 orig commit -> 3a72494ac2a3bd229db941d51e7efe2f6ccd947b ......
checking 8a358d00c8732a110657904a108d022bd073f35d ......
	 orig commit -> c1099c3294c2344110085a38c50e478a5992b368 ......
checking eb390c30581b9a60dd30ae4c90842f43d3e1b095 ......
	 orig commit -> eab3c4db193f5fcccf70e884de9a922ca2c63d80 ......
checking 7483d67fba5928e855eb3c42d59fa040a92363e8 ......
	 orig commit -> 537e48136295c5860a92138c5ea3959b9542868b ......
checking 93e93ec18306c6a6be47196030c0be92c5865d1b ......
	 orig commit -> 197b958c1e76a575d77038cc98b4bebc2134279f ......
checking f9ed7db13ebd5c7723731228b190fe19ef255ba7 ......
	 orig commit -> 513ace79b657e2022a592e77f24074e088681ecc ......
checking 7c0fe28f45a58434011e8fe04fa09f595ed3a97f ......
	 orig commit -> b24e7ad1fdc22177eb3e51584e1cfcb45d818488 ......
checking 8a1faa9cd284d1d4f218099d8e478e05e5da142f ......
	 orig commit -> 2251fbbc1539f05b0b206b37a602d5776be37252 ......
checking b422823d27cd64a496aae0acb38eee1b50d796ba ......
	 orig commit -> 02322ac9dee9aff8d8862e8d6660ebe102f492ea ......
checking c223c645e9d843a5b80af8daaae6d84c512aa67e ......
	 orig commit -> 6236d8bb2afcfe71b88ecea554e0dc638090a45f ......
checking 020615e8192717e236a5bf6d162c2b35117bb4dc ......
	 orig commit -> 17e2df4613be57d0fab68df749f6b8114e453152 ......
checking f7591f1a02b5b896ba2da9855a9af24634cae2b9 ......
	 orig commit -> 0ba4581c84cfb39fd527f6b3457f1c97f6356c04 ......
checking 7abfb63f28e1fc56f39f0ef981035b6c9dbd9278 ......
	 orig commit -> f16921275cc3c2442d0b95225785a601603b990f ......
checking 3ef98fdea9a9bb8d0ba653faadcf16525d6e0f9c ......
	 orig commit -> be629c62a603e5935f8177fd8a19e014100a259e ......
checking 17d919c7379efbe5489243cd7ffa8a24fe09470b ......
	 orig commit -> 49e91e7079febe59a20ca885a87dd1c54240d0f1 ......
checking 17f9501631948e130b81aa7ff7a0bd8ef107e07c ......
	 orig commit -> 157078f64b8a9cd7011b6b900b2f2498df850748 ......
checking c8421505b80438ca8dbc1a54d3fb1348b2560599 ......
	 orig commit -> 909c3a22da3b8d2cfd3505ca5658f0176859d400 ......
checking 5667d50cc2acf4c67393602bc7d1f5f4018fb2d7 ......
	 orig commit -> 018361767a21fb2d5ebd3ac182c04baf8a8b4e08 ......
checking 180c86a4f06231a09a00b8e6d1c07775341c94b8 ......
	 orig commit -> e57cbaf0eb006eaa207395f3bfd7ce52c1b5539c ......
checking a55479ab637cda5ebbfdb9eb7c062bd99c13d5d9 ......
	 orig commit -> dc8b4afc4a04fac8ee55a19b59f2356a25e7e778 ......
checking af2d87aeac4fac50bcb5e0cf5a7d37edc72fed1f ......
	 orig commit -> 92f9e179a702a6adbc11e2fedc76ecd6ffc9e3f7 ......
checking e75c4b65150f099789821cb5e3f0efc964c1db05 ......
	 orig commit -> dfd55ad85e4a7fbaa82df12467515ac3c81e8a3e ......
		 dfd55ad85e4a7fbaa82df12467515ac3c81e8a3e has problem. Fixes commit -> 36e5cd6b897e17d03008f81e075625d8e43e52d0
commit 97142f3009557c27091c694f927041f28ef81573
Author: Ard Biesheuvel <ard.biesheuvel@linaro.org>
Date:   Tue Mar 8 21:09:29 2016 +0700

    arm64: account for sparsemem section alignment when choosing vmemmap offset
    
    commit 36e5cd6b897e17d03008f81e075625d8e43e52d0 upstream.
    
    Commit dfd55ad85e4a ("arm64: vmemmap: use virtual projection of linear
    region") fixed an issue where the struct page array would overflow into the
    adjacent virtual memory region if system RAM was placed so high up in
    physical memory that its addresses were not representable in the build time
    configured virtual address size.
    
    However, the fix failed to take into account that the vmemmap region needs
    to be relatively aligned with respect to the sparsemem section size, so that
    a sequence of page structs corresponding with a sparsemem section in the
    linear region appears naturally aligned in the vmemmap region.
    
    So round up vmemmap to sparsemem section size. Since this essentially moves
    the projection of the linear region up in memory, also revert the reduction
    of the size of the vmemmap region.
    
    Fixes: dfd55ad85e4a ("arm64: vmemmap: use virtual projection of linear region")
    Tested-by: Mark Langsdorf <mlangsdo@redhat.com>
    Tested-by: David Daney <david.daney@cavium.com>
    Tested-by: Robert Richter <rrichter@cavium.com>
    Acked-by: Catalin Marinas <catalin.marinas@arm.com>
    Signed-off-by: Ard Biesheuvel <ard.biesheuvel@linaro.org>
    Signed-off-by: Will Deacon <will.deacon@arm.com>
    Signed-off-by: Greg Kroah-Hartman <gregkh@linuxfoundation.org>
checking 419a2cd1f5ab18a14026fc15a626d49f2df80fdc ......
	 orig commit -> f5bdd66c705484b4bc77eb914be15c1b7881fae7 ......
checking c5cbbec54fe71c4de2d34f8c0ec8fbfdd7f17339 ......
	 orig commit -> a1a0e23e49037c23ea84bc8cc146a03584d13577 ......
checking 7adb5cc0f39be29c16fae035d9e30e332095bbbc ......
	 orig commit -> 7bcd79ac50d9d83350a835bdb91c04ac9e098412 ......
		 7bcd79ac50d9d83350a835bdb91c04ac9e098412 has problem. Fixes commit -> 90d0f0f11588ec692c12f9009089b398be395184
commit b59ea3efba4889ece81056883193d78b51db11d1
Author: Ming Lei <ming.lei@canonical.com>
Date:   Sat Mar 12 22:56:19 2016 +0800

    block: don't optimize for non-cloned bio in bio_get_last_bvec()
    
    commit 90d0f0f11588ec692c12f9009089b398be395184 upstream.
    
    For !BIO_CLONED bio, we can use .bi_vcnt safely, but it
    doesn't mean we can just simply return .bi_io_vec[.bi_vcnt - 1]
    because the start postion may have been moved in the middle of
    the bvec, such as splitting in the middle of bvec.
    
    Fixes: 7bcd79ac50d9(block: bio: introduce helpers to get the 1st and last bvec)
    Reported-by: Kent Overstreet <kent.overstreet@gmail.com>
    Signed-off-by: Ming Lei <ming.lei@canonical.com>
    Signed-off-by: Jens Axboe <axboe@fb.com>
    Signed-off-by: Greg Kroah-Hartman <gregkh@linuxfoundation.org>
checking cea2cbff57c5b65375adb6fe65612c10a7301327 ......
	 orig commit -> 4ee34ea3a12396f35b26d90a094c75db95080baa ......
checking b693f2ad0f7bf4b7080dc05da8d436eba8c47193 ......
	 orig commit -> 287e6611ab1eac76c2c5ebf6e345e04c80ca9c61 ......
checking f17a7e403d87e5ffb6c3598c9c562650ce70b392 ......
	 orig commit -> 0b39c531cfa12dad54eac238c2e303b994df1ef7 ......
checking 624a59a5d85f95c77fa99fd33ae7cea35bc062a5 ......
	 orig commit -> 9cac537332f5502c103415b25609548c276a09f8 ......
checking a46a700abc520bfadf5fa1cc371ba07d6d7f9230 ......
	 orig commit -> feebe91aa9a9d99d9ec157612a614fadb79beb99 ......
checking 3b0809af59ffd2b225c21514c105ea715f9116d8 ......
	 orig commit -> eda1d1cf8d18383f19cd2b752f786120efa4768f ......
checking 80e726c700c3ceb3c61c484654f6f4e5479351c0 ......
	 orig commit -> 5e031d9fe8b0741f11d49667dfc3ebf5454121fd ......
checking 598fc9b7d73e4b55c3aacfd6adf19e194308819e ......
	 orig commit -> 2d02b8bdba322b527c5f5168ce1ca10c2d982a78 ......
checking 3028963a2869a7b8794685c8a349d30528bfdf5c ......
	 orig commit -> 8a9ebe717a133ba7bc90b06047f43cc6b8bcb8b3 ......
checking 00548ecff548108ebd7a72fd55d135c70f8417e7 ......
	 orig commit -> e6a8c9b337eed56eb481e1b4dd2180c25a1e5310 ......
checking 44792d5c907c9afa03ac1f6a8ace7df4db500d85 ......
	 orig commit -> 38e45d02ea9f194b89d6bf41e52ccafc8e2c2b47 ......
checking ad0f9dade9912224326fcac1e09ed4846b41f7c9 ......
	 orig commit -> 358875fd52ab8f00f66328cbf1a1d2486f265829 ......
checking d1c623c9c264c6cb045015900f8ce1e60b4d2c7d ......
	 orig commit -> 4cad67fca3fc952d6f2ed9e799621f07666a560f ......
checking 25e8618619a5a46aae253e1cc68eeaa0d44d2f52 ......
	 orig commit -> 70e4da7a8ff62f2775337b705f45c804bb450454 ......
checking 7931825da8fd57ceb8bae86d3dbe555a506a7edd ......
	 orig commit -> 8160c4e455820d5008a1116d2dca35f0363bb062 ......
checking bbb3c5076be5c932609524db605e7911ecb95b47 ......
	 orig commit -> 1ee9f4bd1a97026a7b2d7ae9f1f74b45680d0003 ......
checking b52a395883fa5b793137d57d90e1fd980e42748f ......
	 orig commit -> 6cc3b24235929b54acd5ecc987ef11a425bd209e ......
checking 77f0cc0e5e9cd79f93acb3e7baae425638b8f293 ......
	 orig commit -> deb7deff2f00bdbbcb3d560dad2a89ef37df837d ......
checking 2f553b9b6fe7ef636353d80e22d45dbe76c61fb9 ......
	 orig commit -> a1e533ec07d583d01349ef13c0c965b8633e1b91 ......
	 orig commit -> 27a4c827c34ac4256a190cc9d24607f953c1c459 ......
checking 8cedd1c0796f849760ddd46fb45355c92e913c84 ......
	 orig commit -> 2680d6da455b636dd006636780c0f235c6561d70 ......
checking ce16d9cf0481aa71cf31fac9cd5826022c9f12fb ......
	 orig commit -> 0178fd7dcc4451fcb90bec5e91226586962478d2 ......
checking 59dc7ab2e8ab1a0fd0ff104a67f7827436435a46 ......
	 orig commit -> 98e8b6c9ac9d1b1e9d1122dfa6783d5d566bb8f7 ......
checking 5bbc2b412a22acbf614e71f74e327a7a63a754ac ......
	 orig commit -> 79e3f4a853ed161cd4c06d84b50beebf961a47c6 ......
checking 9ec190906d22e7d8bbe3234f37e31b3ce743a71b ......
	 orig commit -> 5f009d3f8e6685fe8c6215082c1696a08b411220 ......
checking 3b26135a8834b726d773e56cd37dd9ff6e43eb6b ......
	 orig commit -> a187f17f0e15a046aa5d7263b35df55230d92779 ......
checking d60a37490744e8dfc2dbd31319a658da7bd601c7 ......
	 orig commit -> 0a95b851370b84a4b9d92ee6d1fa0926901d0454 ......
checking 08acfd9dd845dc052c5eae33e6c3976338070069 ......
	 orig commit -> e1746e8381cd2af421f75557b5cae3604fc18b35 ......
checking 2232d6dc0017502b02157000afea6815a6810c2a ......
	 orig commit -> c2d6cb1636d235257086f939a8194ef0bf93af6e ......
checking ad1d8666ae4b68f5417afb4d990aef597e14206b ......
	 orig commit -> 0378ba4899d5fbd8494ed6580cbc81d7b44dbac6 ......
checking 53729dbbd20a517c4ecb994cfe994bc832b30523 ......
	 orig commit -> a528aca7f359f4b0b1d72ae406097e491a5ba9ea ......
