Check from v4.4.42 to v4.4.43
Commit count: 28
checking d9ea51a9bea4ed29f8fd9c59a8122c7aabcc5562 ......
checking e21901d7a5eb2d41109847dc0ae08c97bba933d7 ......
	 orig commit -> 90cae1fe1c3540f791d5b8e025985fa5e699b2bb ......
checking e3f77bb158f9cc18c5fae6b09523fb7ce05934a5 ......
	 orig commit -> 2e40795c3bf344cfb5220d94566205796e3ef19a ......
checking a1c81f839c6fbd73592be089106cceab948e6770 ......
	 orig commit -> 7243e0b20729d372e97763617a7a9c89f29b33e1 ......
checking dfd64d112a020c42e9fb9f42ff0c15dac961e070 ......
	 orig commit -> cbf2642872333547b56b8c4d943f5ed04ac9a4ee ......
checking 04dc1be104fee1df74c34a067c45d0e953a1d324 ......
	 orig commit -> 7a3cc2a7b2c723aa552028f4e66841cec183756d ......
checking bed280bbc995d0dc94e26f4935d35c3f257bdc7e ......
	 orig commit -> 8ae679c4bc2ea2d16d92620da8e3e9332fa4039f ......
checking fa48a16075809542225f703a5d01598c914d2502 ......
	 orig commit -> 6a2a2f45560a9cb7bc49820883b042e44f83726c ......
checking a2f727149ee4e746da55d209a0179b68d31d3915 ......
	 orig commit -> 1ebb71143758f45dc0fa76e2f48429e13b16d110 ......
checking 70e05a9f2f4fa19e5fad71ed990dd72f41638a1a ......
	 orig commit -> 24c63bbc18e25d5d8439422aa5fd2d66390b88eb ......
checking c177d491a9483a29fa6c58943e39a2f0a1c7b802 ......
	 orig commit -> 7a18c5b9fb31a999afc62b0e60978aa896fc89e9 ......
checking 67b21973ecf4775a5761a9d4ecc0fc9c7994ea78 ......
	 orig commit -> 57ea52a865144aedbcd619ee0081155e658b6f7d ......
checking db7119eaacf4653101723d1ff162f30f98267c23 ......
	 orig commit -> 7cfd5fd5a9813f1430290d20c0fead9b4582a307 ......
checking 5169043e972246aeeadb1c6a0b0298548616fe56 ......
	 orig commit -> 1272ce87fa017ca4cf32920764d879656b7a005a ......
		 1272ce87fa017ca4cf32920764d879656b7a005a has problem. Fixes commit -> 7cfd5fd5a9813f1430290d20c0fead9b4582a307
commit db7119eaacf4653101723d1ff162f30f98267c23
Author: Eric Dumazet <edumazet@google.com>
Date:   Tue Jan 10 19:52:43 2017 -0800

    gro: use min_t() in skb_gro_reset_offset()
    
    [ Upstream commit 7cfd5fd5a9813f1430290d20c0fead9b4582a307 ]
    
    On 32bit arches, (skb->end - skb->data) is not 'unsigned int',
    so we shall use min_t() instead of min() to avoid a compiler error.
    
    Fixes: 1272ce87fa01 ("gro: Enter slow-path if there is no tailroom")
    Reported-by: kernel test robot <fengguang.wu@intel.com>
    Signed-off-by: Eric Dumazet <edumazet@google.com>
    Signed-off-by: David S. Miller <davem@davemloft.net>
    Signed-off-by: Greg Kroah-Hartman <gregkh@linuxfoundation.org>
checking 0d3b9c2746d34a701f21c143c8f09a0887f5e203 ......
	 orig commit -> 75dc692eda114cb234a46cb11893a9c3ea520934 ......
checking c31a3c79928bee12a42f997c2f597d9fd68b1170 ......
	 orig commit -> 8fb280616878b81c0790a0c33acbeec59c5711f4 ......
checking 807cac887d958250874bde823bae90ddcd35cefb ......
	 orig commit -> 5350d54f6cd12eaff623e890744c79b700bd3f17 ......
checking 0d431f94c1815aee201238c1b0cb5e337241abbe ......
	 orig commit -> 7ababb782690e03b78657e27bd051e20163af2d6 ......
checking 14e8d568f14fff5adc899f6ba867bcc9e255a5a9 ......
	 orig commit -> 3b48ab2248e61408910e792fe84d6ec466084c1a ......
checking 81e7916476caa0c68c9442adeef90fe41cf0493b ......
	 orig commit -> 4200462d88f47f3759bdf4705f87e207b0f5b2e4 ......
checking 1ff0308f33ce35e9b347d4ce0bdb04fbb6cc6645 ......
	 orig commit -> d151d73dcc99de87c63bdefebcc4cb69de1cdc40 ......
checking 18d971f84c849fff0c51b95b6661b1fd836d8711 ......
	 orig commit -> 883371c453b937f9eb581fb4915210865982736f ......
checking 3f2847608cb9fc710bc43a9715334d3f32a808c3 ......
	 orig commit -> 5701659004d68085182d2fd4199c79172165fa65 ......
		 5701659004d68085182d2fd4199c79172165fa65 has problem. Fixes commit -> b2eb09af7370fedc6b9d9f05762f01625438467a
checking 67bce5821c9ac8ea52d83061434b029f7a00d93e ......
	 orig commit -> 628185cfddf1dfb701c4efe2cfd72cf5b09f5702 ......
checking 58d0d7a45ef8ae3ebc78314d2bb0bd0203c83769 ......
	 orig commit -> a98f91758995cb59611e61318dddd8a6956b52c3 ......
checking 6ac0b3810cdc518decf2609577af1b3ae8becefe ......
	 orig commit -> eb63ecc1706b3e094d0f57438b6c2067cfc299f2 ......
checking 1e5298d4c82be7ff1bc29e14298cb2366a28bc9d ......
	 orig commit -> 93a97c50cbf1c007caf12db5cc23e0d5b9c8473c ......
checking 33c7b0f74c57d1a3c0a623ce794d7f61e097d09c ......
	 orig commit -> a50af86dd49ee1851d1ccf06dd0019c05b95e297 ......
