checking 6b50202a4d53bf527c640467bcff68b50a5e38a2 ......
checking 5d8f03acc1a485f47775a41ab5af4e8d050b716e ......
	 orig commit -> bbeac2830f4de270bb48141681cb730aadf8dce1 ......
checking 8c7543e3b8eb160b8458390e424b315855ddf13e ......
	 orig commit -> 34333cc6c2cb021662fd32e24e618d1b86de95bf ......
checking 2866808ffc0f0147e84d5643f9f4731401303df3 ......
	 orig commit -> 946c522b603f281195af1df91837a1d4d1eb3bc9 ......
checking 71e005f009ffeb3372e41ed58cc4d3b6453cebfd ......
	 orig commit -> cc5034a5d293dd620484d1d836aa16c6764a1c8c ......
checking e4de142d0a07f12d122e1934f41470532b5cc82b ......
	 orig commit -> 9dd0627d8d62a7ddb001a75f63942d92b5336561 ......
checking 25c4c4519352b57c8fc02d7e1a2ff2c4407c1171 ......
	 orig commit -> 1d1f898df6586c5ea9aeaf349f13089c6fa37903 ......
checking 06a7cc29d18aa04c3bbac3f61f33376369ab73d1 ......
	 orig commit -> 1fad17fb1bbcd73159c2b992668a6957ecc5af8a ......
checking d18bcfe455106b23aa254d1da0c1a7f39b9b20fe ......
	 orig commit -> dd838821f0a29781b185cd8fb8e48d5c177bd838 ......
checking d2f777c50bfa42d0d04fd5fb301cf4ffaedb7dd4 ......
	 orig commit -> b602345da6cbb135ba68cf042df8ec9a73da7981 ......
checking 295aac3a5a371d5574c869a134e86188b458be4f ......
	 orig commit -> 8127d82705998568b52ac724e28e00941538083d ......
checking a853de72abbe3996e7e9eb787d2fef1adae7f950 ......
	 orig commit -> 4d91969ed4dbcefd0e78f77494f0cb8fada9048a ......
checking 128f60fe3bb0b759cf52548fcb15683f91bd7d00 ......
	 orig commit -> e406f12dde1a8375d77ea02d91f313fb1a9c6aec ......
checking 4426d5f7be8f4d7c675eb15d5d8707b7f1261a24 ......
	 orig commit -> 5a99d99e3310a565b0cf63f785b347be9ee0da45 ......
checking 5664e60dc0b1bff6ab8c05d2e0a800e73e27d047 ......
	 orig commit -> c3fcadf0bb765faf45d6d562246e1d08885466df ......
checking ecd307da77713bb86df567bc8047b4733b64c6f5 ......
	 orig commit -> 03997612904866abe7cdcc992784ef65cb3a4b81 ......
checking 58cc0b4098d342ed0d12050d97ce021c387b140e ......
	 orig commit -> d600ad1f2bdbf97c4818dcc85b174f72c90c21bd ......
checking cbb0f82ebbc46bd6c7a395636c57eddbc6316dfe ......
	 orig commit -> 0bdb50c531f7377a9da80d3ce2d61f389c84cb30 ......
checking fd2ebccb58843f76d5d5c552a7d2079d76790a7d ......
	 orig commit -> e2477233145f2156434afb799583bccd878f3e9f ......
checking 7ea0c2f9788a18a8cbd634a0ebfee0510aaabf78 ......
	 orig commit -> 36da5ff0bea2dc67298150ead8d8471575c54c7d ......
checking d9fbe055bc95027b03fc87aba1f88afab317017c ......
	 orig commit -> 7b62f9bd2246b7d3d086e571397c14ba52645ef1 ......
checking aa3995f04e39c6b7cb60ce66e8d20502a42bf78d ......
	 orig commit -> 6d183ca8baec983dc4208ca45ece3c36763df912 ......
checking 788b1a98f41511885ae432fca12df32fc4fb9473 ......
	 orig commit -> 9580b71b5a7863c24a9bd18bcd2ad759b86b1eff ......
checking 86ca0da1ddb050b8f81e08a51c3cb7a2ca529554 ......
	 orig commit -> 01215d3edb0f384ddeaa5e4a22c1ae5ff634149f ......
checking 1fb35b7eda3ddd9fc266458d8b0056a4ef564b5a ......
	 orig commit -> 904cdbd41d749a476863a0ca41f6f396774f26e4 ......
checking 98257572f7c71837dfdfb6e2977bf1c37423ec69 ......
	 orig commit -> 78d3820b9bd39028727c6aab7297b63c093db343 ......
checking 1a366cb3ae98013c1db9d498ce1a959f711d6f73 ......
	 orig commit -> b896b03bc7fce43a07012cc6bf5e2ab2fddf3364 ......
checking 7bc0cb4da25ea85a177451339637bfe08580f11d ......
	 orig commit -> 7d7d1bf1d1dabe435ef50efb051724b8664749cb ......
checking fefcb294a459a43104993a20b7215cd14793805c ......
	 orig commit -> f4e3f4ae1d9c9330de355f432b69952e8cef650c ......
checking ddc6521426c9581d258f286d32300c27690cfefe ......
	 orig commit -> 21698fd57984cd28207d841dbdaa026d6061bceb ......
checking dba3801e8dc83a5cadd171acf56b1d2ac98a20f7 ......
	 orig commit -> 9ed3f22223c33347ed963e7c7019cf2956dd4e37 ......
		 9ed3f22223c33347ed963e7c7019cf2956dd4e37 has problem. Fixes commit -> 91d3f8a629849968dc91d6ce54f2d46abf4feb7f
checking c8d2a21fdf518bea5cf72bf212df85ca50dcb156 ......
	 orig commit -> 8cf7630b29701d364f8df4a50e4f1f5e752b2778 ......
checking 49b3c4a292b0b7fe834ab19a39295398b784dc19 ......
	 orig commit -> 401592d2e095947344e10ec0623adbcd58934dd4 ......
checking f7572a4534b50e92fb7b71ef50d25d60acce6cb0 ......
	 orig commit -> d9140a0da4a230a03426d175145989667758aa6a ......
checking 96ad35532ccc3353c56800b4e4b0f020eca82344 ......
	 orig commit -> bc5d922c93491878c44c9216e9d227c7eeb81d7f ......
checking 64847df5bff163f4f0ded9dd29b0e9d8ce8832c6 ......
	 orig commit -> 1c2d14212b15a60300a2d4f6364753e87394c521 ......
checking 8b710dc8a5e2a4c3202f61e6cfa3bae07c70fec9 ......
	 orig commit -> f96c3ac8dfc24b4e38fc4c2eba5fea2107b929d1 ......
checking 0d97ba8b9a5fac7b577ab12b77819def430f1868 ......
	 orig commit -> 9505b98ccddc454008ca7efff90044e3e857c827 ......
checking b1485461297217cb88da894397d3768b72f300dc ......
	 orig commit -> 446fae2bb5395f3028d8e3aae1508737e5a72ea1 ......
checking 9bde9df79f24895e0b1be03b9f76a7ad8fa1cbba ......
	 orig commit -> 251b7aea34ba3c4d4fdfa9447695642eb8b8b098 ......
checking efe908169f4f57f653690faf35655e001f0734d9 ......
	 orig commit -> 8e928218780e2f1cf2f5891c7575e8f0b284fcce ......
checking eb4763b1bb4a417019fa4f4a29f9777782749587 ......
	 orig commit -> 349ae63f40638a28c6fce52e8447c2d14b84cc0c ......
checking 22058c290c9498dd9f0d507b6f0e1a0e8465d87a ......
	 orig commit -> 28713169d879b67be2ef2f84dcf54905de238294 ......
checking 5c6e7bd3a627edef58ad4480cd7cf323f2bca6ed ......
	 orig commit -> 32e36bfbcf31452a854263e7c7f32fbefc4b44d8 ......
checking 1cda5468c04a714e637d65e36245db1c09b0560a ......
	 orig commit -> 3722e6a52174d7c3a00e6f5efd006ca093f346c1 ......
checking 62a86906494db6a8cb0bf38de21d6ac0282269f3 ......
	 orig commit -> 3438b2c039b4bf26881786a1f3450f016d66ad11 ......
checking 185ca832f7d74c2bbb4001ea22a5ca0819caa991 ......
	 orig commit -> d2f276c8d3c224d5b493c42b6cf006ae4e64fb1c ......
checking 3e08ffef428689e452e169bd23ae7b35affb6f8f ......
	 orig commit -> a5719a40aef956ba704f2aa1c7b977224d60fa96 ......
checking 3f0edcec1da064584b322372f87677f652c6b2cd ......
	 orig commit -> 28c4f730d2a44f2591cb104091da29a38dac49fe ......
checking f20f5fca3b45828933e32d7518c1d689a08f944e ......
	 orig commit -> 56b5d4ea778c1b0989c5cdb5406d4a488144c416 ......
		 56b5d4ea778c1b0989c5cdb5406d4a488144c416 has problem. Fixes commit -> a3238924a820c1d7c977b632b769f3b5690cba09
checking 84d798497ea95a2cd606e9bcb17221942a6b5e46 ......
	 orig commit -> f16eb8a4b096514ac06fb25bf599dcc792899b3d ......
checking 19c53c1f817e1e04fe0a679b5b7790b7eaa3e1f9 ......
	 orig commit -> e7f0c424d0806b05d6f47be9f202b037eb701707 ......
checking b1faf3d2b5b4f81eeee6b367076d243adf87859f ......
	 orig commit -> 6dfbd84684700cb58b34e8602c01c12f3d2595c8 ......
checking a2ef87f9d268190e27580ec5ede7cbf7dd6702aa ......
	 orig commit -> eaf46edf6ea89675bd36245369c8de5063a0272c ......
checking aa9c7ee2922a557ff430651f2125c2eb28821db6 ......
	 orig commit -> bf7cbaae0831252b416f375ca9b1027ecd4642dd ......
checking 5f4c9964d10710659d6cd6b58134b3aba600dffc ......
	 orig commit -> 29b00e609960ae0fcff382f4c7079dd0874a5311 ......
checking 8bbb2ce3da911a527e4c60d9a5a0003f4c6bac70 ......
	 orig commit -> 4593403fa516a5a4cffe6883c5062d60932cbfbe ......
checking 8e91a0b4d5f1c5eebbc9aabb54e366bb96808708 ......
	 orig commit -> 17407715240456448e4989bee46ffc93991add83 ......
checking 5115ca2ba42837692fa9a24050fd07874045cdd9 ......
	 orig commit -> 6321aa197547da397753757bd84c6ce64b3e3d89 ......
checking 225bbd61b3ab4eb485dbc0ebd45a3968d400b3bf ......
	 orig commit -> d5e3c55e01d8b1774b37b4647c30fb22f1d39077 ......
checking f8f413336b0cc35f8d9cb49d322989ba92a0f794 ......
	 orig commit -> 1062af920c07f5b54cf5060fde3339da6df0cf6b ......
		 1062af920c07f5b54cf5060fde3339da6df0cf6b has problem. Fixes commit -> 29b00e609960ae0fcff382f4c7079dd0874a5311
commit 5f4c9964d10710659d6cd6b58134b3aba600dffc
Author: Darrick J. Wong <darrick.wong@oracle.com>
Date:   Fri Feb 22 22:35:32 2019 -0800

    tmpfs: fix uninitialized return value in shmem_link
    
    [ Upstream commit 29b00e609960ae0fcff382f4c7079dd0874a5311 ]
    
    When we made the shmem_reserve_inode call in shmem_link conditional, we
    forgot to update the declaration for ret so that it always has a known
    value.  Dan Carpenter pointed out this deficiency in the original patch.
    
    Fixes: 1062af920c07 ("tmpfs: fix link accounting when a tmpfile is linked in")
    Reported-by: Dan Carpenter <dan.carpenter@oracle.com>
    Signed-off-by: Darrick J. Wong <darrick.wong@oracle.com>
    Signed-off-by: Hugh Dickins <hughd@google.com>
    Cc: Matej Kupljen <matej.kupljen@gmail.com>
    Cc: Al Viro <viro@zeniv.linux.org.uk>
    Cc: Andrew Morton <akpm@linux-foundation.org>
    Signed-off-by: Linus Torvalds <torvalds@linux-foundation.org>
    Signed-off-by: Sasha Levin <sashal@kernel.org>
checking aa5740d660ac628b300af200e6a36c094b25fffa ......
	 orig commit -> 74698f6971f25d045301139413578865fc2bd8f9 ......
checking c8380f42e82ea2bde5208ba0477ce79db0006d2b ......
	 orig commit -> 304017d31df36fb61eb2ed3ebf65fb6870b3c731 ......
checking 764498fa2d2be92af6c9a80563c91a2206c02918 ......
	 orig commit -> e928b5d6b75e239feb9c6d5488974b6646a0ebc8 ......
checking 0b6f466dfc6200811a908ecde8741ea66a8e12f0 ......
	 orig commit -> c17abcfa93bf0be5e48bb011607d237ac2bfc839 ......
checking 3685be7cb47f292f3d95eca080ae7683b901264e ......
	 orig commit -> a40061ea2e39494104602b3048751341bda374a1 ......
checking 75330ce98d95a8657a552a12ea6625a1d4aa0dc2 ......
	 orig commit -> 79edd00dc6a96644d76b4a1cb97d94d49e026768 ......
checking 526efb1049bffc15fa7383494ebcec35cf3a216c ......
	 orig commit -> bb2ba2d75a2d673e76ddaf13a9bd30d6a8b1bb08 ......
checking 823c717dbf5d63433713e1daaea3578624926210 ......
	 orig commit -> 1b5ba350784242eb1f899bcffd95d2c7cff61e84 ......
checking 27bd1497181cadefa1d731770efb06a8dff1569c ......
	 orig commit -> 2439d37e1bf8a34d437573c086572abe0f3f1b15 ......
checking c18daf1bdae9b5edd9b3fa6404dd13f30488ba83 ......
	 orig commit -> d358def706880defa4c9e87381c5bf086a97d5f9 ......
checking 65513463874ca411a5febbd55d85827ac5065799 ......
	 orig commit -> a342083abe576db43594a32d458a61fa81f7cb32 ......
checking 4e873fa2105264ff7847798153a464761d34e126 ......
	 orig commit -> dc30e70391376ba3987aeb856ae6d9c0706534f1 ......
checking 21442c73253b3faca08461adcebcf823970c4811 ......
	 orig commit -> 4a8ef6999bce998fa5813023a9a6b56eea329dba ......
checking e212aa684767a43ed2fe3f0d468f2e982662d5fb ......
	 orig commit -> bb867d219fda7fbaabea3314702474c4eac2b91d ......
checking 8512f804fd88b43bb2f2bb67d17993fc57bd3d58 ......
	 orig commit -> 2c0408dd0d8906b26fe8023889af7adf5e68b2c2 ......
checking 82351c83b1c5a4c4052207cffaf2423a4c5e7871 ......
	 orig commit -> 77568e535af7c4f97eaef1e555bf0af83772456c ......
checking ef3e805c9476e17743b8eeaa9c8fa5b0c7cbf9c0 ......
	 orig commit -> 42e95d1f10dcf8b18b1d7f52f7068985b3dc5b79 ......
checking 5672988e09e1f82f76a368e1672478de20c26ce5 ......
	 orig commit -> a1d75dad3a2c689e70a1c4e0214cca9de741d0aa ......
checking fdeefd2af1f382d4e8f174269c4a46ea00708902 ......
	 orig commit -> cc29ea007347f39f4c5a4d27b0b555955a0277f9 ......
checking d96e50a53ba106ff845fe8d17300f38f1d3d4536 ......
	 orig commit -> bb06c388fa20ae24cfe80c52488de718a7e3a53f ......
checking f289ac1f6eb2d024793732ddb629595ab85674b7 ......
	 orig commit -> 5e3cc1ee1405a7eb3487ed24f786dec01b4cbe1f ......
checking 7b5115689bf9dafc5127b28ace4589f698d4adfa ......
	 orig commit -> 5e99456c20f712dcc13d9f6ca4278937d5367355 ......
checking b83f73aa760899a492752f8447ec4ef230e5c01d ......
	 orig commit -> b761dcf1217760a42f7897c31dcb649f59b2333e ......
checking 9b37b964775e36ed742e112b7f44a91042c99a63 ......
	 orig commit -> 8f5fed1e917588f946ad8882bd47a4093db0ff4c ......
checking f83a38bf2ccd81dd20db13ab09260c4ea07bda0c ......
	 orig commit -> 7dc661bd8d3261053b69e4e2d0050cd1ee540fc1 ......
checking e13ab6c195476ba5f2a8c61eb75f7b69483b772a ......
	 orig commit -> da8ab57863ed7e912d10b179b6bdc652f635bd19 ......
checking dcf54e4f071739f3fe9f50aa101b5707d66cabfd ......
	 orig commit -> 2a5ff07a0eb945f291e361aa6f6becca8340ba46 ......
checking 2d5f55d65a36bcb45b2abbff703e814fa1c4e054 ......
	 orig commit -> 1e027960edfaa6a43f9ca31081729b716598112b ......
checking b0e8ca9a1eb3c5ec090260dd6ef8c06d71caf643 ......
	 orig commit -> ad6c9986bcb627c7c22b8f9e9a934becc27df87c ......
checking 195e9aa9fe1305b0697043a8580cfad3ee88fdd0 ......
	 orig commit -> 59cbf56fcd98ba2a715b6e97c4e43f773f956393 ......
checking cb604342bc8596967493e2ee2aa991d2745ca42b ......
	 orig commit -> 7cc9f7003a969d359f608ebb701d42cafe75b84a ......
checking f412aeb9167d084df8e903dc95e023d9e22f47f9 ......
	 orig commit -> ae3b564179bfd06f32d051b9e5d72ce4b2a07c37 ......
checking b4986f23b4d8a73b1ee8aa1561503797c38125bb ......
	 orig commit -> 97f0082a0592212fc15d4680f5a4d80f79a1687c ......
checking a1b4ace43842791d908a8837304031e439c2ea39 ......
	 orig commit -> 6ff7b060535e87c2ae14dd8548512abfdda528fb ......
checking c1b7d9363334cee2447ddfaff18f7853ceb20e9d ......
	 orig commit -> 797a22bd5298c2674d927893f46cadf619dad11d ......
checking 2eace0d069ff604e04e807a95bad82d65e53c11f ......
	 orig commit -> 8511a653e9250ef36b95803c375a7be0e2edb628 ......
checking 0c21ccb8d70ef97ffc1764f978bfcd6ccc82aeca ......
	 orig commit -> e15ce4b8d11227007577e6dc1364d288b8874fbe ......
checking 191aa19ab8c1459c11a5c541801f17e01dda17de ......
	 orig commit -> 9d3e1368bb45893a75a5dfb7cd21fdebfa6b47af ......
checking d31b540d63b19f60ae34195aab5644862ea0a683 ......
	 orig commit -> ee60ad219f5c7c4fb2f047f88037770063ef785f ......
checking d15bfd4603dc019dde6cd1f0298fbb10f176c44b ......
	 orig commit -> ae9819e339b451da7a86ab6fe38ecfcb6814e78a ......
checking 0516127386313e1dccb0f1a5bbb1fc627583ba68 ......
	 orig commit -> 9417d81f4f8adfe20a12dd1fadf73a618cbd945d ......
checking e0b2bbd93ef0f646e034b587c284140f4c9d12cd ......
	 orig commit -> ee74d0bd4325efb41e38affe5955f920ed973f23 ......
checking 70ed8a0a9ec31b1b41951263f393c2079cdbec31 ......
	 orig commit -> 95d6ebd53c79522bf9502dbc7e89e0d63f94dae4 ......
		 95d6ebd53c79522bf9502dbc7e89e0d63f94dae4 has problem. Fixes commit -> ee74d0bd4325efb41e38affe5955f920ed973f23
commit e0b2bbd93ef0f646e034b587c284140f4c9d12cd
Author: Eric Dumazet <edumazet@google.com>
Date:   Mon Mar 11 13:48:44 2019 -0700

    net/x25: reset state in x25_connect()
    
    [ Upstream commit ee74d0bd4325efb41e38affe5955f920ed973f23 ]
    
    In case x25_connect() fails and frees the socket neighbour,
    we also need to undo the change done to x25->state.
    
    Before my last bug fix, we had use-after-free so this
    patch fixes a latent bug.
    
    syzbot report :
    
    kasan: CONFIG_KASAN_INLINE enabled
    kasan: GPF could be caused by NULL-ptr deref or user memory access
    general protection fault: 0000 [#1] PREEMPT SMP KASAN
    CPU: 1 PID: 16137 Comm: syz-executor.1 Not tainted 5.0.0+ #117
    Hardware name: Google Google Compute Engine/Google Compute Engine, BIOS Google 01/01/2011
    RIP: 0010:x25_write_internal+0x1e8/0xdf0 net/x25/x25_subr.c:173
    Code: 00 40 88 b5 e0 fe ff ff 0f 85 01 0b 00 00 48 8b 8b 80 04 00 00 48 ba 00 00 00 00 00 fc ff df 48 8d 79 1c 48 89 fe 48 c1 ee 03 <0f> b6 34 16 48 89 fa 83 e2 07 83 c2 03 40 38 f2 7c 09 40 84 f6 0f
    RSP: 0018:ffff888076717a08 EFLAGS: 00010207
    RAX: ffff88805f2f2292 RBX: ffff8880a0ae6000 RCX: 0000000000000000
    kobject: 'loop5' (0000000018d0d0ee): kobject_uevent_env
    RDX: dffffc0000000000 RSI: 0000000000000003 RDI: 000000000000001c
    RBP: ffff888076717b40 R08: ffff8880950e0580 R09: ffffed100be5e46d
    R10: ffffed100be5e46c R11: ffff88805f2f2363 R12: ffff888065579840
    kobject: 'loop5' (0000000018d0d0ee): fill_kobj_path: path = '/devices/virtual/block/loop5'
    R13: 1ffff1100ece2f47 R14: 0000000000000013 R15: 0000000000000013
    FS:  00007fb88cf43700(0000) GS:ffff8880ae900000(0000) knlGS:0000000000000000
    CS:  0010 DS: 0000 ES: 0000 CR0: 0000000080050033
    CR2: 00007f9a42a41028 CR3: 0000000087a67000 CR4: 00000000001406e0
    DR0: 0000000000000000 DR1: 0000000000000000 DR2: 0000000000000000
    DR3: 0000000000000000 DR6: 00000000fffe0ff0 DR7: 0000000000000400
    Call Trace:
     x25_release+0xd0/0x340 net/x25/af_x25.c:658
     __sock_release+0xd3/0x2b0 net/socket.c:579
     sock_close+0x1b/0x30 net/socket.c:1162
     __fput+0x2df/0x8d0 fs/file_table.c:278
     ____fput+0x16/0x20 fs/file_table.c:309
     task_work_run+0x14a/0x1c0 kernel/task_work.c:113
     get_signal+0x1961/0x1d50 kernel/signal.c:2388
     do_signal+0x87/0x1940 arch/x86/kernel/signal.c:816
     exit_to_usermode_loop+0x244/0x2c0 arch/x86/entry/common.c:162
     prepare_exit_to_usermode arch/x86/entry/common.c:197 [inline]
     syscall_return_slowpath arch/x86/entry/common.c:268 [inline]
     do_syscall_64+0x52d/0x610 arch/x86/entry/common.c:293
     entry_SYSCALL_64_after_hwframe+0x49/0xbe
    RIP: 0033:0x457f29
    Code: ad b8 fb ff c3 66 2e 0f 1f 84 00 00 00 00 00 66 90 48 89 f8 48 89 f7 48 89 d6 48 89 ca 4d 89 c2 4d 89 c8 4c 8b 4c 24 08 0f 05 <48> 3d 01 f0 ff ff 0f 83 7b b8 fb ff c3 66 2e 0f 1f 84 00 00 00 00
    RSP: 002b:00007fb88cf42c78 EFLAGS: 00000246 ORIG_RAX: 000000000000002a
    RAX: fffffffffffffe00 RBX: 0000000000000003 RCX: 0000000000457f29
    RDX: 0000000000000012 RSI: 0000000020000080 RDI: 0000000000000004
    RBP: 000000000073bf00 R08: 0000000000000000 R09: 0000000000000000
    R10: 0000000000000000 R11: 0000000000000246 R12: 00007fb88cf436d4
    R13: 00000000004be462 R14: 00000000004cec98 R15: 00000000ffffffff
    Modules linked in:
    
    Fixes: 95d6ebd53c79 ("net/x25: fix use-after-free in x25_device_event()")
    Signed-off-by: Eric Dumazet <edumazet@google.com>
    Cc: andrew hendry <andrew.hendry@gmail.com>
    Reported-by: syzbot <syzkaller@googlegroups.com>
    Signed-off-by: David S. Miller <davem@davemloft.net>
    Signed-off-by: Greg Kroah-Hartman <gregkh@linuxfoundation.org>
checking d84e9d3c97ee12f49f5e0b9f3087f10853e84021 ......
	 orig commit -> a843dc4ebaecd15fca1f4d35a97210f72ea1473b ......
checking 453e3b319d28f2023d45073e6eb30c5efa2fd06b ......
	 orig commit -> 6caabe7f197d3466d238f70915d65301f1716626 ......
checking a795edbd6cd70364abc68a84f16b305d4a5ce04b ......
	 orig commit -> 163d1c3d6f17556ed3c340d3789ea93be95d6c28 ......
checking 52f6c8da89b93b98a1dfc5008018012dc3ffd508 ......
	 orig commit -> 4aa68e07d845562561f5e73c04aa521376e95252 ......
checking b71ec041cce35620b2e31cb94c756d73afb494f6 ......
	 orig commit -> 644c7e48cb59cfc6988ddc7bf3d3b1ba5fe7fa9d ......
checking a55ea87f70ae91cdce8c8fcb0e2a8821b23df15e ......
	 orig commit -> 017b1b6d28c479f1ad9a7a41f775545a3e1cba35 ......
checking c92b434e70dbc12620c0879194143bd9866a7a3b ......
	 orig commit -> eb075954e9fde114f57adc39a9ea6d379c13f81e ......
checking 9a07167f70a717a5171944195553c8fed7294d6b ......
	 orig commit -> b301f2538759933cf9ff1f7c4f968da72e3f0757 ......
checking da517f513b86c7eb133da71d9d8a01edfc5a18bb ......
	 orig commit -> 30c7be26fd3587abcb69587f781098e3ca2d565b ......
checking ec117204466e3d32771efa7b66f75497169aaecb ......
	 orig commit -> 28928a3ce142b2e4e5a7a0f067cefb41a3d2c3f9 ......
checking a20168a138368f4d470923f0d446bfcc827fe745 ......
checking a264be2b41088ed423f5610e8d0b8e923b4c32af ......
	 orig commit -> a66352e005488ecb4b534ba1af58a9f671eba9b8 ......
checking 7570acb210618f222920736a0c43fcc99c61f3de ......
	 orig commit -> 38d589f2fd08f1296aea3ce62bebd185125c6d81 ......
		 38d589f2fd08f1296aea3ce62bebd185125c6d81 has problem. Fixes commit -> 04dc1b2fff4e96cb4142227fbdc63c8871ad4ed9
checking f7ff45b8c3f224f45033fa8d32758ac608632a38 ......
	 orig commit -> df997abeebadaa4824271009e2d2b526a70a11cb ......
checking 91c44982f50342f667d41b84c33ad68657cd3b55 ......
	 orig commit -> e154ab69321ce2c54f19863d75c77b4e2dc9d365 ......
checking 4038a524616ec98b1e4865778fbe14e110adc0b5 ......
	 orig commit -> 44fc95e218a09d7966a9d448941fdb003f6bb69f ......
checking 861e9499505441980380703d7affed21f767c8ce ......
	 orig commit -> 2b424cfc69728224fcb5fad138ea7260728e0901 ......
checking 39ee160c4f82816b05834f54047c27b6bbcee1b0 ......
	 orig commit -> 59a17706915fe5ea6f711e1f92d4fb706bce07fe ......
checking 74daf70b852a9a91277209246a290b14bbb950ef ......
	 orig commit -> afa0c5904ba16d59b0454f7ee4c807dae350f432 ......
checking 683c0116fbc1fb5e756e7df2df3afe9152d2fd05 ......
	 orig commit -> 6454368a804c4955ccd116236037536f81e5b1f1 ......
checking 86785a16817cb5b27efc04bfa0327f243116e38d ......
	 orig commit -> dc3f595b6617ebc0307e0ce151e8f2f2b2489b95 ......
checking 4560637bde5c9fe909cf4427a041aee84eb6998c ......
	 orig commit -> 2380a22b60ce6f995eac806e69c66e397b59d045 ......
checking e83b1928c838f561b4d86fe8f51af9c4195973d0 ......
	 orig commit -> ba16adeb346387eb2d1ada69003588be96f098fa ......
checking 648fca89b734190237dd901aed8b9348ef444f9a ......
	 orig commit -> f585b283e3f025754c45bbe7533fc6e5c4643700 ......
checking 0d456fae1fb567882e95a4f8d5151718b5c8129d ......
	 orig commit -> 63ce5f552beb9bdb41546b3a26c4374758b21815 ......
checking 5d5a802ec2eb1d271ca22e184641015ae0a7b8b2 ......
	 orig commit -> c27d82f52f75fc9d8d9d40d120d2a96fdeeada5e ......
checking fcd11325572d2965ac27b09cafde485657176407 ......
	 orig commit -> 24feb47c5fa5b825efb0151f28906dfdad027e61 ......
checking 3ba0452668ea16ace809d6b0d86cc261dc835b4d ......
	 orig commit -> efad4e475c312456edb3c789d0996d12ed744c13 ......
		 efad4e475c312456edb3c789d0996d12ed744c13 has problem. Fixes commit -> 891cb2a72d821f930a39d5900cb7a3aa752c1d5b
checking d4cf6d934f72915df1cfd75ee390176bf3a4c99a ......
	 orig commit -> a8e911d13540487942d53137c156bd7707f66e5d ......
checking b8c82bd0cc5e4880b478fcda883e5040dd13e50e ......
	 orig commit -> 2aa958c99c7fd3162b089a1a56a34a0cdb778de1 ......
checking 3cefd2a4256823d58e4a8aadb897eed918761f7a ......
	 orig commit -> 58d15ed1203f4d858c339ea4d7dafa94bd2a56d3 ......
checking 177a51b9adadd522da515bad516da961b11c28ef ......
	 orig commit -> 0ee4b5f801b73b83a9fb3921d725f2162fd4a2e5 ......
checking 930cc2bd8d5c85cbf5b3e53905dd7037ee5064aa ......
	 orig commit -> 5d8fc4a9f0eec20b6c07895022a6bea3fb6dfb38 ......
checking e7e01b2acf94916f190a705c11e0e1d0b3d07c1c ......
	 orig commit -> 80ff00172407e0aad4b10b94ef0816fc3e7813cb ......
checking 35709d6424884c90483b61a14708680fc94ab36e ......
	 orig commit -> 7ae710f9f8b2cf95297e7bbfe1c09789a7dc43d4 ......
checking ec1f9572c841a73335d536c03e324e8dc6c060aa ......
	 orig commit -> c69c29a1a0a8f68cd87e98ba4a5a79fb8ef2a58c ......
checking f398c84acf985bbc18998d3a300d5930564d56b8 ......
	 orig commit -> cec8abba13e6a26729dfed41019720068eeeff2b ......
checking a270c6f52f5a4398c13d0f77da728ce50241104c ......
	 orig commit -> 6571ebce112a21ec9be68ef2f53b96fcd41fd81b ......
checking 3afc8b84643848f9d195d9856f12b620fd9a9c95 ......
	 orig commit -> 25384ce5f9530def39421597b1457d9462df6455 ......
checking 19960e19a7f903062d8191a5773611e313f889b9 ......
	 orig commit -> 8b1c42cdd7181200dc1fff39dcb6ac1a3fac2c25 ......
checking ce73d179cf66f6ea37e326716b419948e3df53a6 ......
	 orig commit -> 306b38305c0f86de7f17c5b091a95451dcc93d7d ......
checking 56b84e4201894b1cf68dc67b88d20f9493bf3072 ......
	 orig commit -> 32a7726c4f4aadfabdb82440d84f88a5a2c8fe13 ......
checking f6efc18bbfc3136a829f081388368d75f0b55923 ......
	 orig commit -> 4fe8713b873fc881284722ce4ac47995de7cf62c ......
checking 9974f32f34d52963285763919b4ed4aa544df01a ......
	 orig commit -> 9825bd94e3a2baae1f4874767ae3a7d4c049720e ......
checking 81f097d689e543b7723f01ff841c5c99f1117975 ......
	 orig commit -> 53ab60baa1ac4f20b080a22c13b77b6373922fd7 ......
checking e5bff433d050a585d4cb56a20c321236ff94f77f ......
	 orig commit -> 904bba211acc2112fdf866e5a2bc6cd9ecd0de1b ......
checking aa7fb40263219c0a50bb9a39bb63d3db5477dc9a ......
	 orig commit -> 1497e804d1a6e2bd9107ddf64b0310449f4673eb ......
checking a4fa2a1304120c426486f1149c8a98ea64f67aef ......
	 orig commit -> dd9ee3444014e8f28c0eefc9fffc9ac9c5248c12 ......
		 dd9ee3444014e8f28c0eefc9fffc9ac9c5248c12 has problem. Fixes commit -> 01ce31c57b3f07c91c9d45bbaf126124cce83a5d
5483844c3fc18474de29f5d6733003526e0a9f78
checking bba078c9fc3c7e44370f870d97c5eed64f6c5d1f ......
	 orig commit -> 47bb117911b051bbc90764a8bff96543cbd2005f ......
checking c9b1f85066723740f3e23fba7a974a42ca545507 ......
	 orig commit -> 87c11f1ddbbad38ad8bad47af133a8208985fbdf ......
checking aaf68ba03cf75f1cdbc6fa51bcd615d3ed730095 ......
	 orig commit -> 6e46e2d821bb22b285ae8187959096b65d063b0d ......
checking dc18101f95fa6e815f426316b8b9a5cee28a334e ......
	 orig commit -> 5578de4834fe0f2a34fedc7374be691443396d1f ......
checking aba029c8e7a84f259d7366b513bc262e2d70cbd8 ......
	 orig commit -> cb6acd01e2e43fd8bad11155752b7699c3d0fb76 ......
checking 5b98f0928666b8da3ff4a5fc412c55fb092e37d5 ......
	 orig commit -> 72faa7a773ca59336f3c889e878de81445c5a85c ......
checking 0adb8a1d60b1949945f4bd16af3c04f4337045a9 ......
	 orig commit -> d7ac3c6ef5d8ce14b6381d52eb7adafdd6c8bb3c ......
checking 5d58d8969037205101f7e4bdd6ed06b525f05b7e ......
	 orig commit -> 0237199186e7a4aa5310741f0a6498a20c820fd7 ......
checking 3f7902c723cf1f44a19227d6ffd6bfc952a038a2 ......
	 orig commit -> 232ba3a51cc224b339c7114888ed7f0d4d95695e ......
checking b98af83bc70968a7307c7ac79f4b17cdc66b25ab ......
	 orig commit -> 3da1ed7ac398f34fff1694017a07054d69c5f5c5 ......
checking 826987f6f98fb7719e99618ef60c4201d8e4ef8b ......
	 orig commit -> 9ef6b42ad6fd7929dd1b6092cb02014e382c6a91 ......
checking 51d27870ecf1a5f9fed9846d337874bc89e25234 ......
	 orig commit -> 99e87f56b48f490fb16b6e0f74691c1e664dea95 ......
checking 6e7339d5ee302fcbfe8ef29c058cc85c360849b9 ......
	 orig commit -> 58bdd544e2933a21a51eecf17c3f5f94038261b5 ......
checking 7fb2b5380fee29f2e2beeba2b45f3fe6205442dd ......
	 orig commit -> 2b3c6885386020b1b9d92d45e8349637e27d1f66 ......
checking 7e7a271035c41b110d89687d842154ddc5705580 ......
	 orig commit -> 692c31bd4054212312396b1d303bffab2c5b93a7 ......
checking 89ef111eb52f43ec432ea05663e0dccdfdc3d9bb ......
	 orig commit -> b33b7cd6fd86478dd2890a9abeb6f036aa01fdf7 ......
checking d28a029290fd80e9fb40850eb6eb2b7281f1f007 ......
	 orig commit -> 895a5e96dbd6386c8e78e5b78e067dcc67b7f0ab ......
checking fcee2927c0578c07c16f211b3bb674734032bb18 ......
	 orig commit -> 9563fe8a2de9db5eb087fe0e48ec335ee66f8f41 ......
checking b48715dcf16b4379823ae64b08c2d2cfd13a6432 ......
checking eeb234f7f9079648f43e400bd0bfe84a8241a805 ......
checking c776cff6de5291edffd3f31b4c1750b48756ac48 ......
	 orig commit -> 971df15bd54ad46e907046ff33750a137b2f0096 ......
checking c8d66722d84b7d543073edf3459e024869b706e3 ......
	 orig commit -> 625c85a62cb7d3c79f6e16de3cfa972033658250 ......
checking 25d05441f9e58cbe20d4bb191a384ee215b33dd9 ......
	 orig commit -> 8d7fa3d4ea3f0ca69554215e87411494e6346fdc ......
checking a78f651889f40272d7c0eecbab2471aaf6308ed0 ......
	 orig commit -> dd9d3d86b08d6a106830364879c42c78db85389c ......
checking 83e29e4451321edc3cdddd99e3ee4f977c936c78 ......
	 orig commit -> 6431866b6707d27151be381252d6eef13025cfce ......
checking e90171edbef7b43e3eab51906f5f499f131a2887 ......
	 orig commit -> 2a418cf3f5f1caf911af288e978d61c9844b0695 ......
		 2a418cf3f5f1caf911af288e978d61c9844b0695 has problem. Fixes commit -> 6ae865615fc43d014da2fd1f1bba7e81ee622d1b
checking 40952b6a649b9bfad11ae4fa2862fa0108c9ec24 ......
	 orig commit -> 0a1d52994d440e21def1c2174932410b4f2a98a1 ......
checking 7404c65cac2d50581ee01fe4f361d0688cd27602 ......
	 orig commit -> c9bd505dbd9d3dc80c496f88eafe70affdcf1ba6 ......
checking 1a8ccbf263d63e22bdee411c1ac8a70393c2fe82 ......
	 orig commit -> 186b8f1587c79c2fa04bfa392fdf084443e398c1 ......
checking 05de33f10001bc617e45110a4815273c245ac5b2 ......
	 orig commit -> 83091db981e105d97562d3ed3ffe676e21927e3a ......
checking be96dcc315c75f371774739a34c43c213f177c80 ......
	 orig commit -> 1d6a821277aaa0cdd666278aaff93298df313d41 ......
checking 37131ae9135c048494f1424dea064488ac1ffd04 ......
	 orig commit -> 619ad846fc3452adaf71ca246c5aa711e2055398 ......
checking 31f49f68d27eb326f0d494aecb5cb76d1cd9ac72 ......
	 orig commit -> 93183bdbe73bbdd03e9566c8dc37c9d06b0d0db6 ......
checking 39aabcb7dcf9d59207d3f467f448025ee8374dcc ......
	 orig commit -> 7ed5285396c257fd4070b1e29e7b2341aae2a1ce ......
checking b83f68e0396c493c46b1a531eda8d21b2f687620 ......
	 orig commit -> e95d22c69b2c130ccce257b84daf283fd82d611e ......
checking 14ae77e8a4f83c844bdf144d90fdaecbd1cc4394 ......
	 orig commit -> 17b42a20d7ca59377788c6a2409e77569570cc10 ......
checking ff028bbb57aaf540964d37a00f3f68a572a1c0cb ......
	 orig commit -> fe35a40e675473eb65f2f5462b82770f324b5689 ......
checking e9fdf60dafdcef2af9c8f1a9ceefc0125e3f9f3c ......
	 orig commit -> 815d835b7ba46685c316b000013367dacb2b461b ......
checking f5c5093be741777371bd5e66ece2a96f25ad9588 ......
	 orig commit -> a0dc02039a2ee54fb4ae400e0b755ed30e73e58c ......
checking e120f9d8596ea0a458875fdd16e8823adadd7e66 ......
	 orig commit -> 4e868f8419cb4cb558c5d428e7ab5629cef864c7 ......
checking bf36c587df839aacda8b72b41c6414f9654b1bce ......
	 orig commit -> c407cd008fd039320d147088b52d0fa34ed3ddcb ......
checking df7a151d53b1c5869dc469db5c1b17146e19b34c ......
	 orig commit -> e581e151e965bf1f2815dd94620b638fec4d0a7e ......
checking 8751b9509990fe4d5faa7affdf77fc6374055a1e ......
	 orig commit -> df28169e1538e4a8bcd8b779b043e5aa6524545c ......
checking f84996563d7ba74d915955572bfc31a50c50fecd ......
	 orig commit -> 88b1bb1f3b88e0bf20b05d543a53a5b99bd7ceb6 ......
checking 0a9ecf2b301239f95e3eaa4b964ed87c7113d1ec ......
	 orig commit -> 3fe931b31a4078395c1967f0495dcc9e5ec6b5e3 ......
checking c56caf662ad133829fdde4602572b904527bda07 ......
	 orig commit -> 678e2b44c8e3fec3afc7202f1996a4500a50be93 ......
checking 2fa06f59d44e9ff0e98a082011f3bfb2f0e6a183 ......
	 orig commit -> 906a9abc5de73c383af518f5a806f4be2993a0c7 ......
checking 59f6c707704a5e7c2f1c03842f28366697901af5 ......
	 orig commit -> 99c66bc051e7407fe0bf0607b142ec0be1a1d1dd ......
checking bbb07fa8dfe38081d94daca94ffa74e832ab4dd4 ......
	 orig commit -> ffeafdd2bf0b280d67ec1a47ea6287910d271f3f ......
checking 82774efd6d34167fdb260cd74ee37fcbf323dda0 ......
	 orig commit -> 0fd3fd0a9bb0b02b6435bb7070e9f7b82a23f068 ......
checking 0effb9fb3dfeac514d8ce8a2ba3da970793711ba ......
	 orig commit -> 278e2148c07559dd4ad8602f22366d61eb2ee7b7 ......
checking 2c2433eba19a9762ff8d151777f6fd5774b5bff4 ......
	 orig commit -> 252f6e8eae909bc075a1b1e3b9efb095ae4c0b56 ......
checking 6f0ec47b9a615ea495e501a9cce34f08a441241a ......
	 orig commit -> 29dded89e80e3fff61efb34f07a8a3fba3ea146d ......
checking 9a24e9286b5b0f0510e264a62228dd5919f5d2de ......
	 orig commit -> 173656accaf583698bac3f9e269884ba60d51ef4 ......
checking bd49916ee0f793cc25e9b501cc9dfef121146f51 ......
	 orig commit -> 2fdeee2549231b1f989f011bb18191f5660d3745 ......
checking e41a4dc253df0c5961e3a3bc9faf71109db7866e ......
	 orig commit -> fc62814d690cf62189854464f4bd07457d5e9e50 ......
		 fc62814d690cf62189854464f4bd07457d5e9e50 has problem. Fixes commit -> 398f0132c14754fcd03c1c4f8e7176d001ce8ea1
commit b969da5f7e8de296757f23723a85819ec336e33d
Author: Christoph Paasch <cpaasch@apple.com>
Date:   Mon Mar 18 23:14:52 2019 -0700

    net/packet: Set __GFP_NOWARN upon allocation in alloc_pg_vec
    
    [ Upstream commit 398f0132c14754fcd03c1c4f8e7176d001ce8ea1 ]
    
    Since commit fc62814d690c ("net/packet: fix 4gb buffer limit due to overflow check")
    one can now allocate packet ring buffers >= UINT_MAX. However, syzkaller
    found that that triggers a warning:
    
    [   21.100000] WARNING: CPU: 2 PID: 2075 at mm/page_alloc.c:4584 __alloc_pages_nod0
    [   21.101490] Modules linked in:
    [   21.101921] CPU: 2 PID: 2075 Comm: syz-executor.0 Not tainted 5.0.0 #146
    [   21.102784] Hardware name: QEMU Standard PC (i440FX + PIIX, 1996), BIOS 0.5.1 01/01/2011
    [   21.103887] RIP: 0010:__alloc_pages_nodemask+0x2a0/0x630
    [   21.104640] Code: fe ff ff 65 48 8b 04 25 c0 de 01 00 48 05 90 0f 00 00 41 bd 01 00 00 00 48 89 44 24 48 e9 9c fe 3
    [   21.107121] RSP: 0018:ffff88805e1cf920 EFLAGS: 00010246
    [   21.107819] RAX: 0000000000000000 RBX: ffffffff85a488a0 RCX: 0000000000000000
    [   21.108753] RDX: 0000000000000000 RSI: dffffc0000000000 RDI: 0000000000000000
    [   21.109699] RBP: 1ffff1100bc39f28 R08: ffffed100bcefb67 R09: ffffed100bcefb67
    [   21.110646] R10: 0000000000000001 R11: ffffed100bcefb66 R12: 000000000000000d
    [   21.111623] R13: 0000000000000000 R14: ffff88805e77d888 R15: 000000000000000d
    [   21.112552] FS:  00007f7c7de05700(0000) GS:ffff88806d100000(0000) knlGS:0000000000000000
    [   21.113612] CS:  0010 DS: 0000 ES: 0000 CR0: 0000000080050033
    [   21.114405] CR2: 000000000065c000 CR3: 000000005e58e006 CR4: 00000000001606e0
    [   21.115367] Call Trace:
    [   21.115705]  ? __alloc_pages_slowpath+0x21c0/0x21c0
    [   21.116362]  alloc_pages_current+0xac/0x1e0
    [   21.116923]  kmalloc_order+0x18/0x70
    [   21.117393]  kmalloc_order_trace+0x18/0x110
    [   21.117949]  packet_set_ring+0x9d5/0x1770
    [   21.118524]  ? packet_rcv_spkt+0x440/0x440
    [   21.119094]  ? lock_downgrade+0x620/0x620
    [   21.119646]  ? __might_fault+0x177/0x1b0
    [   21.120177]  packet_setsockopt+0x981/0x2940
    [   21.120753]  ? __fget+0x2fb/0x4b0
    [   21.121209]  ? packet_release+0xab0/0xab0
    [   21.121740]  ? sock_has_perm+0x1cd/0x260
    [   21.122297]  ? selinux_secmark_relabel_packet+0xd0/0xd0
    [   21.123013]  ? __fget+0x324/0x4b0
    [   21.123451]  ? selinux_netlbl_socket_setsockopt+0x101/0x320
    [   21.124186]  ? selinux_netlbl_sock_rcv_skb+0x3a0/0x3a0
    [   21.124908]  ? __lock_acquire+0x529/0x3200
    [   21.125453]  ? selinux_socket_setsockopt+0x5d/0x70
    [   21.126075]  ? __sys_setsockopt+0x131/0x210
    [   21.126533]  ? packet_release+0xab0/0xab0
    [   21.127004]  __sys_setsockopt+0x131/0x210
    [   21.127449]  ? kernel_accept+0x2f0/0x2f0
    [   21.127911]  ? ret_from_fork+0x8/0x50
    [   21.128313]  ? do_raw_spin_lock+0x11b/0x280
    [   21.128800]  __x64_sys_setsockopt+0xba/0x150
    [   21.129271]  ? lockdep_hardirqs_on+0x37f/0x560
    [   21.129769]  do_syscall_64+0x9f/0x450
    [   21.130182]  entry_SYSCALL_64_after_hwframe+0x49/0xbe
    
    We should allocate with __GFP_NOWARN to handle this.
    
    Cc: Kal Conley <kal.conley@dectris.com>
    Cc: Andrey Konovalov <andreyknvl@google.com>
    Fixes: fc62814d690c ("net/packet: fix 4gb buffer limit due to overflow check")
    Signed-off-by: Christoph Paasch <cpaasch@apple.com>
    Signed-off-by: David S. Miller <davem@davemloft.net>
    Signed-off-by: Greg Kroah-Hartman <gregkh@linuxfoundation.org>
checking b76ca18c858853cde1164bdacce88b6b5634ec9a ......
	 orig commit -> 4ffcbfac60642f63ae3d80891f573ba7e94a265c ......
checking 00c3ec3af87a72cb34b2262078e7144a0e2cf345 ......
	 orig commit -> ede0fa98a900e657d1fcd80b50920efc896c1a4c ......
checking d76ef3c980247096164e47b708658f054347c04e ......
	 orig commit -> cc1780fc42c76c705dd07ea123f1143dc5057630 ......
checking 2ef22c73c241cb5e38888a32176ac5356986f127 ......
	 orig commit -> 48396e80fb6526ea5ed267bd84f028bae56d2f9e ......
checking 1c3d88357065ce3e5d4581377eb425fad0fc2c15 ......
	 orig commit -> 7afa81c55fca0cad589722cb4bce698b4803b0e1 ......
checking 65aac32fee8007170c5ce738837046bde5f2b12d ......
	 orig commit -> 248b57015f35c94d4eae2fdd8c6febf5cd703900 ......
checking 4949b728976c1142c8a6b484e789af5d554886b1 ......
	 orig commit -> cb12d72b27a6f41325ae23a11033cf5fedfa1b97 ......
checking fd8662fa59301e788b43e1cd01915391cada02ea ......
	 orig commit -> 2ff33d6637393fe9348357285931811b76e1402f ......
checking 2b285e446056b0dd37bce8058bbdf292a44fe83b ......
	 orig commit -> 41af167fbc0032f9d7562854f58114eaa9270336 ......
checking 61c0c195980b6ef0667df11c6613dcbbae15de61 ......
	 orig commit -> cc29a1b0a3f2597ce887d339222fa85b9307706d ......
checking 40ff741a7b49b9036fe63100e88ee8fcb79a5f45 ......
	 orig commit -> 72b4a0465f995175a2e22cf4a636bf781f1f28a7 ......
checking 5647975ec2b613f1d4e778df37accb9f469e8c36 ......
	 orig commit -> 565dc8a4f55e491935bfb04866068d21784ea9a4 ......
checking b8265637ec8a6cc2242ab2e8f0f2b929fa6a4f7a ......
	 orig commit -> bb989501abcafa0de5f18b0ec0ec459b5b817908 ......
checking d8189ee86c3a63ba73eecab676f7a10b13d8ff65 ......
	 orig commit -> 9e28989d41c0eab57ec0bb156617a8757406ff8a ......
checking 81456de2d4b3a48d91845c0a8cbfccfc6cb4f5cd ......
	 orig commit -> 04c801c18ded421845324255e660147a6f58dcd6 ......
checking 6a422b0676ededd71c29c7761baa61216123087a ......
	 orig commit -> 504e4175829c44328773b96ad9c538e4783a8d22 ......
checking c02e9400dc2e76ab9a1bc3fc1b1cf055aad67f34 ......
	 orig commit -> 10628e3ecf544fa2e4e24f8e112d95c37884dc98 ......
checking 40f1c388f26349249364c3c4df75796a13302285 ......
	 orig commit -> a3888f62fe66429fad3be7f2ba962e1e08c26fd6 ......
checking 2309acaeee2da012faa4b45d3ec6a42d6d0c2f5f ......
	 orig commit -> 8838555089f0345b87f4277fe5a8dd647dc65589 ......
checking 3e442a35c361d776f14e372a2c86fb5e18a3e3dd ......
	 orig commit -> b40ee006fe6a8a25093434e5d394128c356a48f3 ......
checking 1e73c0aeb3ee5a5226a65f8f2a22b8cfe2970a03 ......
	 orig commit -> a08bf91ce28ed3ae7b6fef35d843fef8dc8c2cd9 ......
checking d3f2228a22ab99b8cee651d75ffb7f3b6dff9eba ......
	 orig commit -> 050c17f239fd53adb55aa768d4f41bc76c0fe045 ......
checking 1ff6adf145499685d4552a24e840f01e366a744a ......
	 orig commit -> 04242ff3ac0abbaa4362f97781dac268e6c3541a ......
