checking 9fbcdd1319b481591803d29a458add4cf79e5431 ......
checking 262ea6c0c422da1c5c8243cfde148fa9fdad7a26 ......
	 orig commit -> 0f02cfbc3d9e413d450d8d0fd660077c23f67eff ......
checking 30eee1c68c52a02ec54730bfbe3ba4e3ff3a7d6e ......
	 orig commit -> d733f7542ad47cf73e033c90cf55158587e1d060 ......
checking 24328b80de178d4ece8175481349ae33ba3ca65f ......
	 orig commit -> b40b3e9358fbafff6a4ba0f4b9658f6617146f9c ......
checking 8b97b2ec3672471fa2b0a6242001280b9854ad8a ......
	 orig commit -> 5dfdd24eb3d39d815bc952ae98128e967c9bba49 ......
checking 86312d58a9defcc840c8f68ff36d82130cb84c28 ......
	 orig commit -> 1cf86bc21257a330e3af51f2a4e885f1a705f6a5 ......
checking 4951eb4bb6d665ff817333a1db79d8eff4def6fb ......
	 orig commit -> cd0e0ca69109d025b1a1b6609f70682db62138b0 ......
checking 5f5ea78ba60cf330bb884e56125ee49c5b30730f ......
	 orig commit -> 1416270f4a1ae83ea84156ceba19a66a8f88be1f ......
checking e573a9830c52d16f4dcbbd5fa04ce2fbaa007467 ......
	 orig commit -> ff2d6acdf6f13d9f8fdcd890844c6d7535ac1f10 ......
		 ff2d6acdf6f13d9f8fdcd890844c6d7535ac1f10 has problem. Fixes commit -> 5363857b916c1f48027e9b96ee8be8376bf20811
commit 92c01d8f4ae879b9e5dac1a3e490f2e2bebf3b00
Author: Takashi Iwai <tiwai@suse.de>
Date:   Thu Nov 29 12:05:19 2018 +0100

    ALSA: pcm: Fix interval evaluation with openmin/max
    
    commit 5363857b916c1f48027e9b96ee8be8376bf20811 upstream.
    
    As addressed in alsa-lib (commit b420056604f0), we need to fix the
    case where the evaluation of PCM interval "(x x+1]" leading to
    -EINVAL.  After applying rules, such an interval may be translated as
    "(x x+1)".
    
    Fixes: ff2d6acdf6f1 ("ALSA: pcm: Fix snd_interval_refine first/last with open min/max")
    Cc: <stable@vger.kernel.org>
    Signed-off-by: Takashi Iwai <tiwai@suse.de>
    Signed-off-by: Greg Kroah-Hartman <gregkh@linuxfoundation.org>
checking 5e1924779a64aab97efa4e49e7fd9e9d8809008a ......
	 orig commit -> 7874b919866ba91bac253fa219d3d4c82bb944df ......
checking c862b3823509195cc72a2168019ffcc765a8a0d2 ......
	 orig commit -> e47cb828eb3fca3e8999a0b9aa053dda18552071 ......
checking 785cb2b02ff7c3000caa4eec977279f0fdba54c9 ......
	 orig commit -> b23ec59926faf05b0c43680d05671c484e810ac4 ......
checking 2e1c096da6402915919917a2a6dffef1ec1e0fba ......
	 orig commit -> ccff2dfaceaca4517432f5c149594215fe9098cc ......
checking bfb2cbf2aaeafa2f24c31965cfbb079c79767c92 ......
	 orig commit -> fe470f5f7f684ed15bc49b6183a64237547910ff ......
checking 05925d75714070f511dfd247f4b0f387f856b253 ......
	 orig commit -> faa1a47388b33623e4d504c23569188907b039a0 ......
checking eddbab9022ecbef7e00679f362449a49ddf3d323 ......
	 orig commit -> b59fb482b52269977ee5de205308e5b236a03917 ......
checking f615d18bab766af99814ae5ab90e33f481cde4a9 ......
	 orig commit -> 81646a3d39ef14749301374a3a0b8311384cd412 ......
checking eafee0717962080c0ff2f26cecb17525d8d7091e ......
	 orig commit -> 9f30b5ae0585ca5234fe979294b8f897299dec99 ......
checking 96d4584f786f1809ba6cd092fb4bfdff15e81d9b ......
	 orig commit -> d396cb185c0337aae5664b250cdd9a73f6eb1503 ......
checking f13ad779213b8345f55ea5e896df259c063d7898 ......
	 orig commit -> cd87668d601f622e0ebcfea4f78d116d5f572f4d ......
checking 1533250294cf5fe0b5ea3be4b58732b6d758fc69 ......
	 orig commit -> 6c6bc9ea84d0008024606bf5ba10519e20d851bf ......
checking 20d6cff3fc059ac32d92fc737a8b9e80bb01ee4e ......
	 orig commit -> baa2a4fdd525c8c4b0f704d20457195b29437839 ......
checking 0b726a48b9854576b518d0a1c58575078fdf3811 ......
	 orig commit -> 2f819db565e82e5f73cd42b39925098986693378 ......
checking 74fb46864fcbb9b42eb03b10adeeece6f6dc6970 ......
	 orig commit -> 56446f218af1133c802dad8e9e116f07f381846c ......
checking 2d3631960dd329d2dfb547645851feb774de781e ......
	 orig commit -> 8ad8aa353524d89fa2e09522f3078166ff78ec42 ......
checking b8b53adeca0e3ce18663338deb632b41c43a5176 ......
	 orig commit -> 6e22e3af7bb3a7b9dc53cb4687659f6e63fca427 ......
		 6e22e3af7bb3a7b9dc53cb4687659f6e63fca427 has problem. Fixes commit -> e871db8d78df1c411032cbb3acfdf8930509360e
commit acdc177dcc870f7fcb20fe3d9d6f221fbe8f8206
Author: Sebastian Andrzej Siewior <bigeasy@linutronix.de>
Date:   Tue Sep 11 10:00:44 2018 +0200

    Revert "usb: cdc-wdm: Fix a sleep-in-atomic-context bug in service_outstanding_interrupt()"
    
    commit e871db8d78df1c411032cbb3acfdf8930509360e upstream.
    
    This reverts commit 6e22e3af7bb3a7b9dc53cb4687659f6e63fca427.
    
    The bug the patch describes to, has been already fixed in commit
    2df6948428542 ("USB: cdc-wdm: don't enable interrupts in USB-giveback")
    so need to this, revert it.
    
    Fixes: 6e22e3af7bb3 ("usb: cdc-wdm: Fix a sleep-in-atomic-context bug in service_outstanding_interrupt()")
    Cc: stable <stable@vger.kernel.org>
    Signed-off-by: Sebastian Andrzej Siewior <bigeasy@linutronix.de>
    Signed-off-by: Greg Kroah-Hartman <gregkh@linuxfoundation.org>
checking 4be36bccc6c59b7482398a9db4c4df84f0a944af ......
	 orig commit -> 7e10f14ebface44a48275c8d6dc1caae3668d5a9 ......
checking b214cde70484a04e816fae671af146d346cddc88 ......
	 orig commit -> bc8acc214d3f1cafebcbcd101a695bbac716595d ......
checking 403c5c2377ca18f99dbd38006b31705fd0e93ddf ......
	 orig commit -> 691a03cfe8ca483f9c48153b869d354e4ae3abef ......
checking f409f34070299081b243aab0405b151cce28f6db ......
	 orig commit -> dec3c23c9aa1815f07d98ae0375b4cbc10971e13 ......
checking 34f1df0ff035c4e14decea8d439b785f4f913bc4 ......
	 orig commit -> 9b83a1c301ad6d24988a128c69b42cbaaf537d82 ......
checking 637acc7bdebc53500f13d7da1b37825e21b2e588 ......
	 orig commit -> 6d4f268fa132742fe96dad22307c68d237356d88 ......
checking 35bcdf481ce4811fd326ac64f547e372f49aca3d ......
	 orig commit -> f9a5b4f58b280c1d26255376713c132f93837621 ......
checking 49c05a0000dd72be965287f00650a81d67770063 ......
	 orig commit -> f45681f9becaa65111ed0a691ccf080a0cd5feb8 ......
checking c343fc8035cb31357bd7d575590bb51c4e16563c ......
	 orig commit -> f3dc41c5d22b2ca14a0802a65d8cdc33a3882d4e ......
checking 68fe884e7b98351684849a78d2bb099a7b389b64 ......
	 orig commit -> de916736aaaadddbd6061472969f667b14204aa9 ......
checking c527796fdb64c982d80b0b1f63bd53d7e0c594d5 ......
	 orig commit -> 86503bd35dec0ce363e9fdbf5299927422ed3899 ......
checking ee4d1a30a4dd851aa31488ac77bfdd9ae6ae2556 ......
	 orig commit -> 816e846c2eb9129a3e0afa5f920c8bbc71efecaa ......
checking a739cb3e04a2f87bf29119a61cb2f77483ae228b ......
	 orig commit -> 8edfe2e992b75aee3da9316e9697c531194c2f53 ......
checking 1cd01dba1355e291f636555b1920625ed58c1623 ......
	 orig commit -> 831b624df1b420c8f9281ed1307a8db23afb72df ......
checking 07c63fd028418528d9f58f8f8fab33ad20432ce2 ......
	 orig commit -> 954a8e3aea87e896e320cf648c1a5bbe47de443e ......
checking 12c3ba18e3f11cb573589d14c2d82646b1981d29 ......
	 orig commit -> 21f2706b20100bb3db378461ab9b8e2035309b5b ......
checking 7150120104483994c464e55c985afa930f5e2a73 ......
	 orig commit -> 0e7d4d932ffc23f75efb31a8c2ac2396c1b81c55 ......
checking da189ebd788cf139303868fe51257b3d25ffbf62 ......
	 orig commit -> c2e2a618eb7104e18fdcf739d4d911563812a81c ......
checking a4b8132c86c9c5a94e151cd9832ef17aef625963 ......
	 orig commit -> 70551dc46ffa3555a0b5f3545b0cd87ab67fd002 ......
checking 29162495129d39080d21069364f3eb9919509a9a ......
	 orig commit -> a702349a4099cd5a7bab0904689d8e0bf8dcd622 ......
checking 4f3381ab8af23acc958828795477c7f8929e8925 ......
	 orig commit -> e53db018315b7660bb7000a29e79faff2496c2c2 ......
checking 2e0c018c0c60ab5053cccfa2f3f5f6641d703754 ......
	 orig commit -> 2d408c0d4574b01b9ed45e02516888bf925e11a9 ......
checking 773320786c568693fe809c43cb46851d6f723419 ......
	 orig commit -> 133bf90dbb8b873286f8ec2e81ba26e863114b8c ......
checking 2ca7b66d826dcf33fec1fff6567f07c460a42955 ......
	 orig commit -> c6ea7e9747318e5a6774995f4f8e3e0f7c0fa8ba ......
checking 8e8c3ba5add95a2f841b149162b928b138412f36 ......
	 orig commit -> bd90284cc6c1c9e8e48c8eadd0c79574fcce0b81 ......
checking d4aa4e4f77646293ad74d35f28fe4c48bea3ec9e ......
	 orig commit -> c715fcfda5a08edabaa15508742be926b7ee51db ......
checking 016353ef55c98bf9d743007e4ffedf5949ef175b ......
	 orig commit -> cd4806911cee3901bc2b5eb95603cf1958720b57 ......
checking 57a1dd74441dc0c0ff5f0968138f4d82e556c80f ......
	 orig commit -> 1ba0a59cea41ea05fda92daaf2a2958a2246b9cf ......
checking e71975f0d7d5821d384af9fac2c06a67619a962f ......
	 orig commit -> 9068533e4f470daf2b0f29c71d865990acd8826e ......
checking 5a85c8d629cbd5731c9eda6cc1a7c041d027683f ......
	 orig commit -> b6566b47a67e07fdca44cf51abb14e2fbe17d3eb ......
checking 1401b76dfbccc4c8bd6718e2437e112593995b7d ......
	 orig commit -> 5958fde72d04e7b8c6de3669d1f794a90997e3eb ......
checking 98c059565202926a5ede0c3c04df4c152abd17a1 ......
	 orig commit -> 5ec1ec35b2979b59d0b33381e7c9aac17e159d16 ......
checking 66e32b788f4f3336cdff64ebed24c290a8ae8589 ......
	 orig commit -> 1d25e3eeed1d987404e2d2e451eebac8c15cecc1 ......
checking 0eda7472163dbda62a0ac27d3e89851f0e603eba ......
	 orig commit -> b509d733d337417bcb7fa4a35be3b9a49332b724 ......
checking 9f6d6fb580c0f26cd7ae75dfe75063f4ccc6ccca ......
	 orig commit -> f8a7bfe1cb2c1ebfa07775c9c8ac0ad3ba8e5ff5 ......
checking 46c66ac938163769834ce38a298c65795ff9e0bc ......
	 orig commit -> e49756544a21f5625b379b3871d27d8500764670 ......
checking d6ac46c7db364c3dd4b328a9e6616c9f26985f2b ......
	 orig commit -> 9c2af1c7377a8a6ef86e5cabf80978f3dbbb25c0 ......
checking 210006efbb7a8dfd1c0356df939073f65e7d1ad8 ......
	 orig commit -> 11177e7a7aaef95935592072985526ebf0a3df43 ......
checking 9e8d585c52c5db4780c53f949cd3fdb9d6a50b54 ......
	 orig commit -> 776125785a87ff05d49938bd5b9f336f2a05bff6 ......
checking 1e89472ff0635fc68c19e44ec552ed8a9d6e71e4 ......
	 orig commit -> 934ffce1343f22ed5e2d0bd6da4440f4848074de ......
checking 650ca59a640ba016d3a29555cdbc5c2623c753e9 ......
	 orig commit -> bd1cd0eb2ce9141100628d476ead4de485501b29 ......
checking 5df13ba493746f4b4a4d8f8bbf7c6bc86c7a899b ......
	 orig commit -> 7c500f9ea139d0c9b80fdea5a9c911db3166ea54 ......
checking a8323a85377619afd0ca6240c90e3668940c247c ......
	 orig commit -> 0d535967ac658966c6ade8f82b5799092f7d5441 ......
