Check from v4.4.15 to v4.4.16
Commit count: 147
checking b05965f284db3e086022f4e318e46cb5bffb1376 ......
checking dbf72a4d4531e7e5fb28e76d902d66f05c1bfe12 ......
	 orig commit -> 11f3710417d026ea2f4fcf362d866342c5274185 ......
checking 38da63ef2c131593ff89372048c14cd8bd1fe4b4 ......
	 orig commit -> 34511dce4b35685d3988d5c8b100d11a068db5bd ......
checking 8fc823207457666451f17a701e6253758e8e32f6 ......
	 orig commit -> 7f556567036cb7f89aabe2f0954b08566b4efb53 ......
checking 1d3255b4d9f8c592df8e0cfac8078e5148510887 ......
	 orig commit -> b9b4bb26af017dbe930cd4df7f9b2fc3a0497bfe ......
		 b9b4bb26af017dbe930cd4df7f9b2fc3a0497bfe has problem. Fixes commit -> 7f556567036cb7f89aabe2f0954b08566b4efb53
commit 8fc823207457666451f17a701e6253758e8e32f6
Author: Hugh Dickins <hughd@google.com>
Date:   Sun Jul 10 16:46:32 2016 -0700

    tmpfs: fix regression hang in fallocate undo
    
    commit 7f556567036cb7f89aabe2f0954b08566b4efb53 upstream.
    
    The well-spotted fallocate undo fix is good in most cases, but not when
    fallocate failed on the very first page.  index 0 then passes lend -1
    to shmem_undo_range(), and that has two bad effects: (a) that it will
    undo every fallocation throughout the file, unrestricted by the current
    range; but more importantly (b) it can cause the undo to hang, because
    lend -1 is treated as truncation, which makes it keep on retrying until
    every page has gone, but those already fully instantiated will never go
    away.  Big thank you to xfstests generic/269 which demonstrates this.
    
    Fixes: b9b4bb26af01 ("tmpfs: don't undo fallocate past its last page")
    Signed-off-by: Hugh Dickins <hughd@google.com>
    Signed-off-by: Linus Torvalds <torvalds@linux-foundation.org>
    Signed-off-by: Greg Kroah-Hartman <gregkh@linuxfoundation.org>
checking d6317d765f3a2a8edbf5e047648e87160aff02c4 ......
	 orig commit -> 81dc0365cfa7bc7c08a0e44d9ee04964df782e19 ......
checking 32d10678d42f807310e752410696117b4a3185e7 ......
	 orig commit -> 6f2d9d99213514360034c6d52d2c3919290b3504 ......
checking 12f2f04e0376453bab82a2d6aa51cb94f4f65d33 ......
	 orig commit -> 45e8a2583d97ca758a55c608f78c4cef562644d1 ......
checking 1422b6b926f3634cddf449d65ce976f397726c63 ......
	 orig commit -> b8da344b74c822e966c6d19d6b2321efe82c5d97 ......
		 b8da344b74c822e966c6d19d6b2321efe82c5d97 has problem. Fixes commit -> 126c97f4d0d1b5b956e8b0740c81a2b2a2ae548c
commit 0e28220672bd699b04cb2ac0c1a39f4307ee3402
Author: Nicholas Mc Guire <hofrat@osadl.org>
Date:   Thu Aug 23 12:24:02 2018 +0200

    cifs: check kmalloc before use
    
    commit 126c97f4d0d1b5b956e8b0740c81a2b2a2ae548c upstream.
    
    The kmalloc was not being checked - if it fails issue a warning
    and return -ENOMEM to the caller.
    
    Signed-off-by: Nicholas Mc Guire <hofrat@osadl.org>
    Fixes: b8da344b74c8 ("cifs: dynamic allocation of ntlmssp blob")
    Signed-off-by: Steve French <stfrench@microsoft.com>
    Reviewed-by: Pavel Shilovsky <pshilov@microsoft.com>
    cc: Stable <stable@vger.kernel.org>`
    Signed-off-by: Greg Kroah-Hartman <gregkh@linuxfoundation.org>
checking 4ce7aa4e44d88ce64ea8ae2337b8910f3670b0ba ......
	 orig commit -> 4fcd1813e6404dd4420c7d12fb483f9320f0bf93 ......
checking ddbe16b392b71cb9ce23fcf684143a31c04cc96d ......
	 orig commit -> 8beb330044d0d1878c7b92290e91c0b889e92633 ......
checking 333e71cfe2b3ca30ed1fb2d28510c542feb8379d ......
	 orig commit -> bcf4dd5f9ee096bd1510f838dd4750c35df4e38b ......
checking 273e12926787a667f1581546e3cec7a1ec0415b6 ......
	 orig commit -> 72d8c36ec364c82bf1bf0c64dfa1041cfaf139f7 ......
checking cf2a2c6de0516f595825c9c46eb8ebc12a48dd31 ......
	 orig commit -> cfc9fde0b07c3b44b570057c5f93dda59dca1c94 ......
checking c12dada5f28a4894b81df2666c060f5cecc02cf9 ......
	 orig commit -> 07a2daab49c549a37b5b744cbebb6e3f445f12bc ......
		 07a2daab49c549a37b5b744cbebb6e3f445f12bc has problem. Fixes commit -> c1892c37769cf89c7e7ba57528ae2ccb5d153c9b
commit 8e510cd92199e863bd457f6b56ad85e00dfb3cb3
Author: Miklos Szeredi <mszeredi@redhat.com>
Date:   Wed Aug 3 13:44:27 2016 +0200

    vfs: fix deadlock in file_remove_privs() on overlayfs
    
    commit c1892c37769cf89c7e7ba57528ae2ccb5d153c9b upstream.
    
    file_remove_privs() is called with inode lock on file_inode(), which
    proceeds to calling notify_change() on file->f_path.dentry.  Which triggers
    the WARN_ON_ONCE(!inode_is_locked(inode)) in addition to deadlocking later
    when ovl_setattr tries to lock the underlying inode again.
    
    Fix this mess by not mixing the layers, but doing everything on underlying
    dentry/inode.
    
    Signed-off-by: Miklos Szeredi <mszeredi@redhat.com>
    Fixes: 07a2daab49c5 ("ovl: Copy up underlying inode's ->i_mode to overlay inode")
    Signed-off-by: Greg Kroah-Hartman <gregkh@linuxfoundation.org>
checking e9a2ce2a68381f0d638cadf1e4070f73a7df43c0 ......
	 orig commit -> c5379ba8fccd99d5f99632c789f0393d84a57805 ......
checking e4ad472e64c43a34a17c2636978d017b7dd8569c ......
	 orig commit -> 929e604efa3dc0522214e0dc18984be23993e9f0 ......
checking bec58627a01e051c44014f528d916657e44ffc72 ......
	 orig commit -> 5fc39d347267bd029fcc9099c70e2fe2d53130e9 ......
checking 0e6092c5de3143707f23d77c084b54dfbfac8167 ......
	 orig commit -> d716fb03f76411fc7e138692e33b749cada5c094 ......
checking d5c1296401c5bb188f64c475a0301f7fb50bf992 ......
	 orig commit -> ab58d8cc870ef3f0771c197700441936898d1f1d ......
checking f4ccc29f5bdd41c78ae43c676db809492a7f1ba4 ......
	 orig commit -> f388cdcdd160687c6650833f286b9c89c50960ff ......
checking 180cb74b64ec9ef6e5d637a2c1479e3dfb55a1d3 ......
	 orig commit -> a8ff48cb70835f48de5703052760312019afea55 ......
checking 248bfcb1c7d5d59e0994be02bf25652d8c04d072 ......
	 orig commit -> 8a132099f080d7384bb6ab4cc168f76cb4b47d08 ......
checking db931e3f087ddaf2a209957fcdb9dbb351142c02 ......
	 orig commit -> 81e43960dce1c8e58e682fb3ec26c1d8f83a9afc ......
checking 6d9b337e7440d3e0c8cd46a7a1f139e5d326fe23 ......
	 orig commit -> 6858107e78b4ecb9f244db814ffbdba1b5ce759b ......
checking 3bfe8c575bf774e4fa8b1a0663fd16bf9b2c40f3 ......
	 orig commit -> 9cd25743765cfe851aed8d655a62d60156aed293 ......
checking 547d982b7eeba37eba90597b2ba675e39dd2177d ......
	 orig commit -> 3fa6993fef634e05d200d141a85df0b044572364 ......
checking 02a49fd9d0ecc7956cf76b4f7161f2b463e4d73d ......
	 orig commit -> 9c6795a9b3cbb56a9fbfaf43909c5c22999ba317 ......
checking 0287f6374be41e411db4190e028fc577d338478b ......
	 orig commit -> 62db7152c924e4c060e42b34a69cd39658e8a0dc ......
checking 6ddd404402758aa28d51496ec68d3f28b052cf81 ......
	 orig commit -> 0f087ee3f3b86a4507db4ff1d2d5a3880e4cfd16 ......
checking 7b939dbf83ab13f19781396dd43e5270834547d5 ......
	 orig commit -> f83c32925d45926cd0e0f18bf28e6039116c4486 ......
checking 5a2c82f7ed138a28bfe3564cc4e49bcc33154899 ......
	 orig commit -> d5dbbe6569481bf12dcbe3e12cff72c5f78d272c ......
checking 3bb6a5196da9c8135b8758c6fe98d59fb4d9daf0 ......
	 orig commit -> 5ce91714b0d8c0a3ff9b858966721f508351cf4c ......
checking 9a3d983a442aaaaa1b2c64f1c6b4b9d086db5a78 ......
	 orig commit -> 2744d2fde00dc8bcc3679eb72c81a63058e90faa ......
checking 5c4182130d09db73fab11a23184b1215806877e1 ......
	 orig commit -> 7613663cc186f8f3c50279390ddc60286758001c ......
checking 7d091e02c94ad10414056a6dc9f37441e4a261fe ......
	 orig commit -> 510cccb5b0c8868a2b302a0ab524da7912da648b ......
checking 97c96c43d9ef67f57fde7943a5d8d34daec0432f ......
	 orig commit -> 1b45996d2ebf9680ccd0db875fc668aa025f40fd ......
checking 994b91f0ae10c1ffdbceda67e89b2f049d5be2d7 ......
	 orig commit -> 68b356eb3d9f5e38910fb62e22a78e2a18d544ae ......
checking aa68652e2aa18274198dd03ed56827453b18dd2b ......
	 orig commit -> e5511c816e5ac4909bdd38e85ac344e2b9b8e984 ......
checking ad4dea695c591c29f0bd354dfebf707d9ea169b9 ......
	 orig commit -> 6b7f4e25f3309f106a5c7ff42c8231494cf285d3 ......
checking ebd052e9a258109df95e2222aedf10ead98f02df ......
	 orig commit -> 0c1f91b98552da49d9d8eed32b3132a58d2f4598 ......
checking 601818bdd4b0cef2e578030b09fb9ad632a4c7b6 ......
	 orig commit -> ef3149eb3ddb7f9125e11c90f8330e371b55cffd ......
checking 784108d9df5aea1d58d2a56900efaa8149507964 ......
	 orig commit -> 94bef000f1d4aa111f4ddda1482cf3b30ad069ce ......
checking d2be6f6172de75b807b48ef391fb7542402f554e ......
	 orig commit -> 09bc0ddaab6cab0fa95a67d5535ec772e2671193 ......
checking f7ba3de17a6a81e9301648c3b024510d6df5be37 ......
	 orig commit -> 0e35cf5ce00d873d6e529d2b2cd7598d52438051 ......
checking c00a4987faf46e3192dab01f0486038fdaf2ca1a ......
	 orig commit -> 37b1ba2c68cfbe37f5f45bb91bcfaf2b016ae6a1 ......
checking cd4a799390a02f6265a5f34d87b828b3ffdb59ff ......
	 orig commit -> 7d0643634ea567969bf3f3ed6193a9d6fc75653b ......
checking 97eabb321aeff04d62ddbc107bef6bb4a0f64707 ......
	 orig commit -> 5138806f16c74c7cb8ac3e408a859c79eb7c9567 ......
checking c3aeba867d5fca069cf779a6ee487f50dd4d17ee ......
	 orig commit -> 590b92a30242dd3f73de3d9a51d9924f1ab33e93 ......
checking 923f209551914c4906fb78f4174470132ccf0947 ......
	 orig commit -> d43a41152f8e9e4c0d19850884d1fada076dee10 ......
checking dda5d00a2a7d988069f835bea9688be1ec1dd062 ......
	 orig commit -> 99543823357966ac938d9a310947e731b67338e6 ......
checking fe29254aed62f14742a9d7fc6056aebac5ae8876 ......
	 orig commit -> 842775f1509054ea969f1787f38d6a0ec2ccfaba ......
checking e73be162f40972d6d16704811ae8e54d7c3677e6 ......
	 orig commit -> 6d6f2833bfbf296101f9f085e10488aef2601ba5 ......
checking 5f9e9704a561cf017eae1a0ffb1b5ea7b2dc11c0 ......
	 orig commit -> 8f50b8e57442d28e41bb736c173d8a2490549a82 ......
checking ed71c68ba0d6b914e775456d75b600a74a001c62 ......
	 orig commit -> 58541f7a6458e17ab417321b284f0090f530aa91 ......
checking 82c882ccb21f2345cfea2781c8e6f75eb695a055 ......
	 orig commit -> d5f1a291e32309324a8c481ed84b5c118d1360ea ......
checking e587d4e630827c5207ee15986fc83e29d78073c9 ......
	 orig commit -> 4ed7e2242b637bc4af0416e4aa9f945db30fb44a ......
checking b40c9ac7286e6a5578649098861c7bfcd40451de ......
	 orig commit -> 7c20d213dd3cd6295bf9162730e7a368af957854 ......
checking a216ed8d951f63fcce306f0471c4210c3db47aaa ......
	 orig commit -> 04319d89fbec72dfd60738003c3813b97c1d5f5a ......
checking 6c42c30a3d4535be17fe50be6fa549bd95dd415f ......
	 orig commit -> 94477bff390aa4612d2332c8abafaae0a13d6923 ......
checking c6a2cb3a3b2431f2f8ebbac9b8fcc75f24e2e814 ......
	 orig commit -> 1b7e38b92b0bbd363369f5160f13f4d26140972d ......
checking f956468c5b6ca1e4a1048564706b06b8fc4a79b2 ......
	 orig commit -> 6709887c448d1cff51b52d09763c7b834ea5f0be ......
checking ec00d4d71abfd92d6cc3023dec46ff1428f74514 ......
	 orig commit -> b201e743f42d143f4bcdcb14587caf7cb1d99229 ......
checking 86383e482504c16fd2ad91a7ba4dcb250d4bdd51 ......
	 orig commit -> a04e23d42a1ce5d5f421692bb1c7e9352832819d ......
checking edc185a40251e4727ba729ccb478d39cf76bfc54 ......
	 orig commit -> b19240062722c39fa92c99f04cbfd93034625123 ......
checking 3ea2a7e9e976eda3906e0a400b339059e6141f0f ......
	 orig commit -> 664a84d2c77cbff2945ed7f96d08afbba42b6293 ......
checking b17d254d755aabaff680bb09a896bac62a238082 ......
	 orig commit -> 476490a945e1f0f6bd58e303058d2d8ca93a974c ......
checking 4b69c00a8551731e64883dd7356e5de45ac834ab ......
	 orig commit -> 217215041b9285af2193a755b56a8f3ed408bfe2 ......
checking 15dc6a484a8e4b4a4f8a43bc0ffdcb28dca51932 ......
	 orig commit -> 52dfcc5ccfbb6697ac3cac7f7ff1e712760e1216 ......
	 orig commit -> f045f459d925138fe7d6193a8c86406bda7e49da ......
		 f045f459d925138fe7d6193a8c86406bda7e49da has problem. Fixes commit -> 28668f43b8e421634e1623f72a879812288dd06b
52dfcc5ccfbb6697ac3cac7f7ff1e712760e1216
commit 15dc6a484a8e4b4a4f8a43bc0ffdcb28dca51932
Author: Dmitrii Tcvetkov <demfloro@demfloro.ru>
Date:   Mon Jun 20 13:52:14 2016 +0300

    drm/nouveau: fix for disabled fbdev emulation
    
    commit 52dfcc5ccfbb6697ac3cac7f7ff1e712760e1216 upstream.
    
    Hello,
    
    after this commit:
    
    commit f045f459d925138fe7d6193a8c86406bda7e49da
    Author: Ben Skeggs <bskeggs@redhat.com>
    Date:   Thu Jun 2 12:23:31 2016 +1000
        drm/nouveau/fbcon: fix out-of-bounds memory accesses
    
    kernel started to oops when loading nouveau module when using GTX 780 Ti
    video adapter. This patch fixes the problem.
    
    Bug report: https://bugzilla.kernel.org/show_bug.cgi?id=120591
    
    Signed-off-by: Dmitrii Tcvetkov <demfloro@demfloro.ru>
    Suggested-by: Ilia Mirkin <imirkin@alum.mit.edu>
    Fixes: f045f459d925 ("nouveau_fbcon_init()")
    Signed-off-by: Ben Skeggs <bskeggs@redhat.com>
    Signed-off-by: Greg Kroah-Hartman <gregkh@linuxfoundation.org>
commit 702117fe1ecde2bef728146e0a5fff689731c8c5
Author: Mikulas Patocka <mpatocka@redhat.com>
Date:   Thu Jul 28 18:56:13 2016 -0400

    drm/nouveau/fbcon: fix font width not divisible by 8
    
    commit 28668f43b8e421634e1623f72a879812288dd06b upstream.
    
    The patch f045f459d925 ("drm/nouveau/fbcon: fix out-of-bounds memory accesses")
    tries to fix some out of memory accesses. Unfortunatelly, the patch breaks the
    display when using fonts with width that is not divisiable by 8.
    
    The monochrome bitmap for each character is stored in memory by lines from top
    to bottom. Each line is padded to a full byte.
    
    For example, for 22x11 font, each line is padded to 16 bits, so each
    character is consuming 44 bytes total, that is 11 32-bit words. The patch
    f045f459d925 changed the logic to "dsize = ALIGN(image->width *
    image->height, 32) >> 5", that is just 8 words - this is incorrect and it
    causes display corruption.
    
    This patch adds the necesary padding of lines to 8 bytes.
    
    This patch should be backported to stable kernels where f045f459d925 was
    backported.
    
    Signed-off-by: Mikulas Patocka <mpatocka@redhat.com>
    Fixes: f045f459d925 ("drm/nouveau/fbcon: fix out-of-bounds memory accesses")
    Signed-off-by: Ben Skeggs <bskeggs@redhat.com>
    Signed-off-by: Greg Kroah-Hartman <gregkh@linuxfoundation.org>

commit 15dc6a484a8e4b4a4f8a43bc0ffdcb28dca51932
Author: Dmitrii Tcvetkov <demfloro@demfloro.ru>
Date:   Mon Jun 20 13:52:14 2016 +0300

    drm/nouveau: fix for disabled fbdev emulation
    
    commit 52dfcc5ccfbb6697ac3cac7f7ff1e712760e1216 upstream.
    
    Hello,
    
    after this commit:
    
    commit f045f459d925138fe7d6193a8c86406bda7e49da
    Author: Ben Skeggs <bskeggs@redhat.com>
    Date:   Thu Jun 2 12:23:31 2016 +1000
        drm/nouveau/fbcon: fix out-of-bounds memory accesses
    
    kernel started to oops when loading nouveau module when using GTX 780 Ti
    video adapter. This patch fixes the problem.
    
    Bug report: https://bugzilla.kernel.org/show_bug.cgi?id=120591
    
    Signed-off-by: Dmitrii Tcvetkov <demfloro@demfloro.ru>
    Suggested-by: Ilia Mirkin <imirkin@alum.mit.edu>
    Fixes: f045f459d925 ("nouveau_fbcon_init()")
    Signed-off-by: Ben Skeggs <bskeggs@redhat.com>
    Signed-off-by: Greg Kroah-Hartman <gregkh@linuxfoundation.org>
checking fbf9b544a2bc0900142c723b804889aa0f35216c ......
	 orig commit -> f045f459d925138fe7d6193a8c86406bda7e49da ......
		 f045f459d925138fe7d6193a8c86406bda7e49da has problem. Fixes commit -> 28668f43b8e421634e1623f72a879812288dd06b
52dfcc5ccfbb6697ac3cac7f7ff1e712760e1216
commit 15dc6a484a8e4b4a4f8a43bc0ffdcb28dca51932
Author: Dmitrii Tcvetkov <demfloro@demfloro.ru>
Date:   Mon Jun 20 13:52:14 2016 +0300

    drm/nouveau: fix for disabled fbdev emulation
    
    commit 52dfcc5ccfbb6697ac3cac7f7ff1e712760e1216 upstream.
    
    Hello,
    
    after this commit:
    
    commit f045f459d925138fe7d6193a8c86406bda7e49da
    Author: Ben Skeggs <bskeggs@redhat.com>
    Date:   Thu Jun 2 12:23:31 2016 +1000
        drm/nouveau/fbcon: fix out-of-bounds memory accesses
    
    kernel started to oops when loading nouveau module when using GTX 780 Ti
    video adapter. This patch fixes the problem.
    
    Bug report: https://bugzilla.kernel.org/show_bug.cgi?id=120591
    
    Signed-off-by: Dmitrii Tcvetkov <demfloro@demfloro.ru>
    Suggested-by: Ilia Mirkin <imirkin@alum.mit.edu>
    Fixes: f045f459d925 ("nouveau_fbcon_init()")
    Signed-off-by: Ben Skeggs <bskeggs@redhat.com>
    Signed-off-by: Greg Kroah-Hartman <gregkh@linuxfoundation.org>
commit 702117fe1ecde2bef728146e0a5fff689731c8c5
Author: Mikulas Patocka <mpatocka@redhat.com>
Date:   Thu Jul 28 18:56:13 2016 -0400

    drm/nouveau/fbcon: fix font width not divisible by 8
    
    commit 28668f43b8e421634e1623f72a879812288dd06b upstream.
    
    The patch f045f459d925 ("drm/nouveau/fbcon: fix out-of-bounds memory accesses")
    tries to fix some out of memory accesses. Unfortunatelly, the patch breaks the
    display when using fonts with width that is not divisiable by 8.
    
    The monochrome bitmap for each character is stored in memory by lines from top
    to bottom. Each line is padded to a full byte.
    
    For example, for 22x11 font, each line is padded to 16 bits, so each
    character is consuming 44 bytes total, that is 11 32-bit words. The patch
    f045f459d925 changed the logic to "dsize = ALIGN(image->width *
    image->height, 32) >> 5", that is just 8 words - this is incorrect and it
    causes display corruption.
    
    This patch adds the necesary padding of lines to 8 bytes.
    
    This patch should be backported to stable kernels where f045f459d925 was
    backported.
    
    Signed-off-by: Mikulas Patocka <mpatocka@redhat.com>
    Fixes: f045f459d925 ("drm/nouveau/fbcon: fix out-of-bounds memory accesses")
    Signed-off-by: Ben Skeggs <bskeggs@redhat.com>
    Signed-off-by: Greg Kroah-Hartman <gregkh@linuxfoundation.org>

commit 15dc6a484a8e4b4a4f8a43bc0ffdcb28dca51932
Author: Dmitrii Tcvetkov <demfloro@demfloro.ru>
Date:   Mon Jun 20 13:52:14 2016 +0300

    drm/nouveau: fix for disabled fbdev emulation
    
    commit 52dfcc5ccfbb6697ac3cac7f7ff1e712760e1216 upstream.
    
    Hello,
    
    after this commit:
    
    commit f045f459d925138fe7d6193a8c86406bda7e49da
    Author: Ben Skeggs <bskeggs@redhat.com>
    Date:   Thu Jun 2 12:23:31 2016 +1000
        drm/nouveau/fbcon: fix out-of-bounds memory accesses
    
    kernel started to oops when loading nouveau module when using GTX 780 Ti
    video adapter. This patch fixes the problem.
    
    Bug report: https://bugzilla.kernel.org/show_bug.cgi?id=120591
    
    Signed-off-by: Dmitrii Tcvetkov <demfloro@demfloro.ru>
    Suggested-by: Ilia Mirkin <imirkin@alum.mit.edu>
    Fixes: f045f459d925 ("nouveau_fbcon_init()")
    Signed-off-by: Ben Skeggs <bskeggs@redhat.com>
    Signed-off-by: Greg Kroah-Hartman <gregkh@linuxfoundation.org>
checking c8c3b35d3e3b1c750866e0c724711ef333652eb5 ......
	 orig commit -> 383d0a419f8e63e3d65e706c3c515fa9505ce364 ......
checking 921daff213acae3cde81b880d5d9a484d9005839 ......
	 orig commit -> a8953c52b95167b5d21a66f0859751570271d834 ......
checking 7233bb86c334a1f09baff3a0bfc690078d332dd1 ......
	 orig commit -> 87c9403b0d1de4676b0bd273eea68fcf6de68e68 ......
checking b752a2713709ac1f56e95a50868b89df6eaf0c1e ......
	 orig commit -> fd2d2bac6e79b0be91ab86a6075a0c46ffda658a ......
checking 83a6e52a5129266b77cd82de6c151c14dfc95138 ......
	 orig commit -> bc4755a4bd1845ef6e88ac8c62f12e05bb530256 ......
checking cf2e8061303f03be32a3c285cd06a73a42f7ceab ......
	 orig commit -> 121b78e679ee3ffab780115e260b2775d0cc1f73 ......
checking ca8a32b2170621da0bb1807470917cf30a2af2c8 ......
	 orig commit -> 972228d87445dc46c0a01f5f3de673ac017626f7 ......
checking 69eab50dedd0c74f29c754f7fad190ce28a0b22f ......
	 orig commit -> 8b18300c13a1e08e152f6b6a430faac84f986231 ......
checking bc326bfa70b7518233bc43992958e0d5b1ef85b2 ......
	 orig commit -> 05082b8bbd1a0ffc74235449c4b8930a8c240f85 ......
checking 13226e1ed87182883f877f6021c2b4a2f019c363 ......
	 orig commit -> 64c12921e11b3a0c10d088606e328c58e29274d8 ......
checking 3bb1138e7760404fb801f0b656f85d2fcfc2c39d ......
	 orig commit -> 6710e594f71ccaad8101bc64321152af7cd9ea28 ......
checking c26ae537f16f653c2541df9e338013653fc3fcc7 ......
	 orig commit -> 4f996e234dad488e5d9ba0858bc1bae12eff82c3 ......
checking 0da3127a76c2cf7ad2c56e88841fa83613a67a77 ......
	 orig commit -> eb0a4a47ae89aaa0674ab3180de6a162f3be2ddf ......
checking c65170792047969e2b129dbf6cdc633503a4087d ......
	 orig commit -> a118084432d642eeccb961c7c8cc61525a941fcb ......
checking cff5b236fa152d98bd83d901a0870a585414d340 ......
	 orig commit -> dbd4d7ca563fd0a8949718d35ce197e5642d5d9d ......
checking de0f9fa7a50dafdfbc8e0558a39c872772fad6bb ......
	 orig commit -> ae4ea9a2460c7fee2ae8feeb4dfe96f5f6c3e562 ......
checking 084ad7f71e15e7f96d7dfe1ea1a438ae8b709255 ......
	 orig commit -> d3922b69617b62bb2509936b68301f837229d9f0 ......
checking e205592b31d0aed33edc1fbbb667dcba696aa173 ......
	 orig commit -> 522e5cb76d0663c88f96b6a8301451c8efa37207 ......
checking 72803a72a6b8444cf9cac844553056dae984dc3b ......
	 orig commit -> a4c34ff1c029e90e7d5f8dd8d29b0a93b31c3cb2 ......
checking c9566f67f09e6298845ec27bfbf4e7443a912715 ......
	 orig commit -> 9aeb26cfc2abc96be42b9df2d0f2dc5d805084ff ......
checking c705db27ed4e65574afac58cd7a696282db9131e ......
	 orig commit -> 7e1b1fc4dabd6ec8e28baa0708866e13fa93c9b3 ......
checking bc64a83932dc9f5cebcbac38cd8a2dd5aa57db51 ......
	 orig commit -> 70c8217acd4383e069fe1898bbad36ea4fcdbdcc ......
checking 2f839c956ebc05afd7d4e7bf75023180360b92cb ......
	 orig commit -> 6dd2e27a103d716921cc4a1a96a9adc0a8e3ab57 ......
checking 300851ff55f7777be2780207f1b60ad5e1fd1303 ......
	 orig commit -> 93a2001bdfd5376c3dc2158653034c20392d15c5 ......
checking 2d7a2ff18a99accba695b9208f36174a2983413a ......
	 orig commit -> ed596a4a88bd161f868ccba078557ee7ede8a6ef ......
checking 44dd5cec804b90b96dc10731711aa168312b0820 ......
	 orig commit -> ff30ef40deca4658e27b0c596e7baf39115e858f ......
checking 54f87e16e030edf64894c3062eeb43acb484d15c ......
	 orig commit -> caf1ff26e1aa178133df68ac3d40815fed2187d9 ......
checking 398051f2f66ef4658c89388441d0c697d50c325c ......
	 orig commit -> 38327424b40bcebe2de92d07312c89360ac9229a ......
checking fb4d339f0ffdbe8b6b3aa57940c4a40f538a1887 ......
	 orig commit -> b31ac42697bef4a3aa5d0aa42375a55657f57174 ......
checking f06a5a019b1161da6f47bde5e7ce63e70193caec ......
	 orig commit -> 4d0cb15fccd1db9dac0c964b2ccf10874e69f5b8 ......
checking 9c458a866844793b040ef496b635b2816b6ce31a ......
	 orig commit -> 903ce4abdf374e3365d93bcb3df56c62008835ba ......
checking 61f602d84a60a09f8b7f2cec5e852673bd7b4ed9 ......
	 orig commit -> c086e7096170390594c425114d98172bc9aceb8a ......
checking 2832302fc90bbf2d99a449481a9bb6ee1a5eacc7 ......
	 orig commit -> 82a31b9231f02d9c1b7b290a46999d517b0d312a ......
checking 424848bd9895979e2758156ca99e317a3c2d5804 ......
	 orig commit -> eb70db8756717b90c01ccc765fdefc4dd969fc74 ......
checking 43b1bfec0e2d57497718fd01f7151b2c78de99fc ......
	 orig commit -> 8974189222159154c55f24ddad33e3613960521a ......
checking 1e1f4ff765cb0cd011f30ed11a4ef18903329013 ......
	 orig commit -> 4ac1c17b2044a1b4b2fbed74451947e905fc2992 ......
checking 4b1cb3c89efdafbb6a2459c3193107c2a058bedc ......
	 orig commit -> 1118dce773d84f39ebd51a9fe7261f9169cb056e ......
checking 7ad26023ffea7669e0c23a44084e5ce41c4b54d7 ......
	 orig commit -> 797179bc4fe06c89e47a9f36f886f68640b423f8 ......
checking 490a71c5feec87292126f5b5587d155f89fb2bd4 ......
	 orig commit -> 56530f5d2ddc9b9fade7ef8db9cb886e9dc689b5 ......
checking 54cf0dde4611d80703a7e184f17740169354b53d ......
	 orig commit -> 624531886987f0f1b5d01fb598034d039198e090 ......
checking 91ac7387fb451a7cac3ee10f846fac8da471a256 ......
	 orig commit -> 20c15226d1c73150c4d9107301cac5dda0b7f995 ......
checking b5d4a793312969e4dcb0156d4a29bb5f2f5c15f0 ......
	 orig commit -> e547f2628327fec6afd2e03b46f113f614cca05b ......
checking 44d86dbf9af1f5d328057eb1137265231da17540 ......
	 orig commit -> d20cb71dbf3487f24549ede1a8e2d67579b4632e ......
checking 412cfeec2f4851f266b20a12b3a81dcef94cb979 ......
	 orig commit -> 999653786df6954a31044528ac3f7a5dadca08f4 ......
checking c3fa141c1f288ac785c82ead9d06d1b5acd76d60 ......
	 orig commit -> 485e71e8fb6356c08c7fc6bcce4bf02c9a9a663f ......
checking f78ffdc2bb3c88792636f14d732cc1fce4073685 ......
	 orig commit -> 5cc1fb2a093e254b656c64ff24b0b76bed1d34d9 ......
checking 087f8fe0074874a6072bdabbdf6dad03e0fbba2a ......
	 orig commit -> feb9dad5209280085d5b0c094fa67e7a8d75c81a ......
checking 58e9e70ab997977776ab7b2d6b6ca3d8802d52b4 ......
	 orig commit -> d50039ea5ee63c589b0434baa5ecf6e5075bb6f9 ......
		 d50039ea5ee63c589b0434baa5ecf6e5075bb6f9 has problem. Fixes commit -> 16590a228109e2f318d2cc6466221134cfab723a
checking 400850bd980554801a61737c43f47817adeaa5f5 ......
	 orig commit -> 62a584fe05eef1f80ed49a286a29328f1a224fb9 ......
checking a519bfe6aeccf9a3555d76b30f9fdefa5b261c0c ......
	 orig commit -> f840ab18bdf2e415dac21d09fbbbd2873111bd48 ......
checking f77ea5cab24b87702240533e92da785ad121b986 ......
	 orig commit -> a44323e2a8f342848bb77e8e04fcd85fcb91b3b4 ......
checking 93f25db7b827aa7c6910a19b52455969b5d149ed ......
	 orig commit -> 85b03b3033fd4eba82665b3b9902c095a08cc52f ......
checking d9c5952f0aa481d0b703e05dd1ba6eca374d2dbc ......
	 orig commit -> 1ead852dd88779eda12cb09cc894a03d9abfe1ec ......
checking 66af3f62b66863562c6ecb1ba4dbf29ccd38dd95 ......
	 orig commit -> dcfc47248d3f7d28df6f531e6426b933de94370d ......
checking f7acd40ebc42783ccaba93c18af89aa6ff65f1c9 ......
	 orig commit -> 9c77679cadb118c0aa99e6f88533d91765a131ba ......
checking 71ef2c1131e7c380fa3a3ff2d5040b057c77fbc0 ......
	 orig commit -> 4c5ea0a9cd02d6aa8adc86e100b2a4cff8d614ff ......
checking a39e660a55e8ce5ae35a7694835ad464b72666ca ......
	 orig commit -> 2c610022711675ee908b903d242f0b90e1db661f ......
checking c7f47e59c31ddf80f239541ffb242d70210b36fb ......
	 orig commit -> 0422e83d84ae24b933e4b0d4c1e0f0b4ae8a0a3b ......
checking c5f2e833575b3ad7ab59a90d66d7f1a73e7afad1 ......
	 orig commit -> 3993546646baf1dab5f5c4f7d9bb58f2046fd1c1 ......
checking 6d58954bafd97a3e3a99250cd8471e45521c0023 ......
	 orig commit -> b3c0a4dab7e35a9b6d69c0415641d2280fdefb2b ......
checking a400a79321cdaf6cebf74666f975d6c8a3ee995f ......
	 orig commit -> 97c1df3e54e811aed484a036a798b4b25d002ecf ......
checking 6256d2f541fc893083ebebb1369ff41803f6b129 ......
	 orig commit -> 695e9df010e40f407f4830dc11d53dce957710ba ......
checking 57eb6e3dbdd3389a4325b8d5a42203591f64153d ......
	 orig commit -> d71ed6c930ac7d8f88f3cef6624a7e826392d61f ......
checking 67799eb4ab84ce94c44346af672246dc90c1a8ad ......
	 orig commit -> ea1d39a31d3b1b6060b6e83e5a29c069a124c68a ......
checking 7577b85419cd0e17604c7bfd42120f26ef729da0 ......
	 orig commit -> 7e8b3dfef16375dbfeb1f36a83eb9f27117c51fd ......
checking 7b74d56f6a37ffa0397a8bdd8b5c1eb840ab90f3 ......
	 orig commit -> 23e3439296a55affce3ef0ab78f1c2e03aec8767 ......
checking 5a35d2f92f1011145315f86a481f4f3e3f853095 ......
	 orig commit -> 8e96a87c5431c256feb65bcfc5aec92d9f7839b6 ......
checking 044af1b034a0cbea5dea8d9d0f4a5c66968edd10 ......
	 orig commit -> 2c2a63e301fd19ccae673e79de59b30a232ff7f9 ......
checking 3abd809ecc4a9458a09dc8aeb5015f5e725ade20 ......
	 orig commit -> 8a934efe94347eee843aeea65bdec8077a79e259 ......
checking 6bd26f4c241933e812a8b93430eb7bd9b551a0ba ......
	 orig commit -> 8445a87f7092bc8336ea1305be9306f26b846d93 ......
		 8445a87f7092bc8336ea1305be9306f26b846d93 has problem. Fixes commit -> 8a934efe94347eee843aeea65bdec8077a79e259
commit 3abd809ecc4a9458a09dc8aeb5015f5e725ade20
Author: Gavin Shan <gwshan@linux.vnet.ibm.com>
Date:   Thu May 26 09:56:07 2016 +1000

    powerpc/pseries: Fix PCI config address for DDW
    
    commit 8a934efe94347eee843aeea65bdec8077a79e259 upstream.
    
    In commit 8445a87f7092 "powerpc/iommu: Remove the dependency on EEH
    struct in DDW mechanism", the PE address was replaced with the PCI
    config address in order to remove dependency on EEH. According to PAPR
    spec, firmware (pHyp or QEMU) should accept "xxBBSSxx" format PCI config
    address, not "xxxxBBSS" provided by the patch. Note that "BB" is PCI bus
    number and "SS" is the combination of slot and function number.
    
    This fixes the PCI address passed to DDW RTAS calls.
    
    Fixes: 8445a87f7092 ("powerpc/iommu: Remove the dependency on EEH struct in DDW mechanism")
    Reported-by: Guilherme G. Piccoli <gpiccoli@linux.vnet.ibm.com>
    Signed-off-by: Gavin Shan <gwshan@linux.vnet.ibm.com>
    Tested-by: Guilherme G. Piccoli <gpiccoli@linux.vnet.ibm.com>
    Signed-off-by: Michael Ellerman <mpe@ellerman.id.au>
    Signed-off-by: Greg Kroah-Hartman <gregkh@linuxfoundation.org>
checking 75012a8866ccb096013aab28e548a6456ad49b21 ......
	 orig commit -> 8c5122e45a10a9262f872b53f151a592e870f905 ......
checking abb24accf23b932229c52cb7f91e892190e4df01 ......
	 orig commit -> 943f44d94aa26bfdcaafc40d3701e24eeb58edce ......
checking 7bf506067c4b2e1109b1462661914c1c0e180847 ......
	 orig commit -> c7103f650a11328f28b9fa1c95027db331b7774b ......
checking 96d50acbd447f536b39cc3c2964a6231aeb6bb6f ......
	 orig commit -> 126e7557328a1cd576be4fca95b133a2695283ff ......
checking 43e319d7c0ff644ab767c19e7669c9bf5d41a5b2 ......
	 orig commit -> 62397da50bb20a6b812c949ef465d7e69fe54bb6 ......
checking 7b90e041d140f785fb2fb06e467ff152c9210082 ......
	 orig commit -> fe7a7c57629e8dcbc0e297363a9b2366d67a6dc5 ......
checking 9dcbb4d9fdae96d9320f5c794229a2c7e522cc5f ......
	 orig commit -> 6fe04128f158c5ad27e7504bfdf1b12e63331bc9 ......
