Check from v4.4.115 to v4.4.116
Commit count: 109
checking 0f48bd7cf032bb4cb9f433de0fef694e15fb93ef ......
checking a94d7722b39206e96e639cd5cf2cf037c69d5ce8 ......
	 orig commit -> 7b6586562708d2b3a04fe49f217ddbadbbbb0546 ......
checking 2dab22193943230c4ff63fd9496b2ed5c044e519 ......
	 orig commit -> 6ac1dc736b323011a55ecd1fc5897c24c4f77cbd ......
checking 3b0104f9e21a49cd03b91c7794b3e3e6cc0bc277 ......
	 orig commit -> d796e77f1dd541fe34481af2eee6454688d13982 ......
checking 591060a7a0a09cbaa5b6c04bd309966586aa9d2e ......
	 orig commit -> 43cdd1b716b26f6af16da4e145b6578f98798bf6 ......
checking 5571210221d07217776390c762aa1325a236b93f ......
checking 2b107726836177838d5be167323cb18513c8d083 ......
	 orig commit -> f3038ee3a3f1017a1cbe9907e31fa12d366c5dcb ......
checking 36675d5da0205e9aebe5f25f1be46c19a73812ac ......
	 orig commit -> 5a0ec388ef0f6e33841aeb810d7fa23f049ec4cd ......
checking 89dea03c095d01d70136bcc190b895bbe4590217 ......
	 orig commit -> 544e92581a2ac44607d7cc602c6b54d18656f56d ......
checking 1c11f153eb35260b3baab5996d7aa9e974dbb5dd ......
	 orig commit -> ca47480921587ae30417dd234a9f79af188e3666 ......
checking 4bd9d85ab3db74527d7db46874a93459e6c0cee2 ......
	 orig commit -> 55fc633c41a08ce9244ff5f528f420b16b1e04d6 ......
checking f6d7ea7a180177fcf5c0aabb45dc8e2503a5fd9e ......
	 orig commit -> 21ffceda1c8b3807615c40d440d7815e0c85d366 ......
checking fbc1425f4544371b5fe20b9a93f73b85c08dfe29 ......
	 orig commit -> 0e88bb002a9b2ee8cc3cc9478ce2dc126f849696 ......
checking 6471c3d1900f4860e871c4f1d4133a338f588313 ......
	 orig commit -> 500d58300571b6602341b041f97c082a461ef994 ......
checking 32a3eda07cc980af4758ff40b7ae9cf262168e50 ......
	 orig commit -> 61f5acea8737d9b717fcc22bb6679924f3c82b98 ......
		 61f5acea8737d9b717fcc22bb6679924f3c82b98 has problem. Fixes commit -> 1fdb926974695d3dbc05a429bafa266fdd16510e
checking 356c94212d3c4e4bd194b46a45385d7f12c36668 ......
	 orig commit -> 7d06d5895c159f64c46560dc258e553ad8670fe0 ......
		 7d06d5895c159f64c46560dc258e553ad8670fe0 has problem. Fixes commit -> 61f5acea8737d9b717fcc22bb6679924f3c82b98
commit 32a3eda07cc980af4758ff40b7ae9cf262168e50
Author: Hans de Goede <hdegoede@redhat.com>
Date:   Mon Jan 8 10:44:16 2018 +0100

    Bluetooth: btusb: Restore QCA Rome suspend/resume fix with a "rewritten" version
    
    commit 61f5acea8737d9b717fcc22bb6679924f3c82b98 upstream.
    
    Commit 7d06d5895c15 ("Revert "Bluetooth: btusb: fix QCA...suspend/resume"")
    removed the setting of the BTUSB_RESET_RESUME quirk for QCA Rome devices,
    instead favoring adding USB_QUIRK_RESET_RESUME quirks in usb/core/quirks.c.
    
    This was done because the DIY BTUSB_RESET_RESUME reset-resume handling
    has several issues (see the original commit message). An added advantage
    of moving over to the USB-core reset-resume handling is that it also
    disables autosuspend for these devices, which is similarly broken on these.
    
    But there are 2 issues with this approach:
    1) It leaves the broken DIY BTUSB_RESET_RESUME code in place for Realtek
       devices.
    2) Sofar only 2 of the 10 QCA devices known to the btusb code have been
       added to usb/core/quirks.c and if we fix the Realtek case the same way
       we need to add an additional 14 entries. So in essence we need to
       duplicate a large part of the usb_device_id table in btusb.c in
       usb/core/quirks.c and manually keep them in sync.
    
    This commit instead restores setting a reset-resume quirk for QCA devices
    in the btusb.c code, avoiding the duplicate usb_device_id table problem.
    
    This commit avoids the problems with the original DIY BTUSB_RESET_RESUME
    code by simply setting the USB_QUIRK_RESET_RESUME quirk directly on the
    usb_device.
    
    This commit also moves the BTUSB_REALTEK case over to directly setting the
    USB_QUIRK_RESET_RESUME on the usb_device and removes the now unused
    BTUSB_RESET_RESUME code.
    
    BugLink: https://bugzilla.redhat.com/show_bug.cgi?id=1514836
    Fixes: 7d06d5895c15 ("Revert "Bluetooth: btusb: fix QCA...suspend/resume"")
    Cc: Leif Liddy <leif.linux@gmail.com>
    Cc: Matthias Kaehlcke <mka@chromium.org>
    Cc: Brian Norris <briannorris@chromium.org>
    Cc: Daniel Drake <drake@endlessm.com>
    Cc: Kai-Heng Feng <kai.heng.feng@canonical.com>
    Signed-off-by: Hans de Goede <hdegoede@redhat.com>
    Signed-off-by: Marcel Holtmann <marcel@holtmann.org>
    Signed-off-by: Greg Kroah-Hartman <gregkh@linuxfoundation.org>
checking 727b1a6e72e4daa18daad0f3e862c60470df3dd0 ......
	 orig commit -> b4cdaba274247c9c841c6a682c08fa91fb3aa549 ......
checking 24346d134b2d00408a1ba1400e0d32dab64d7e5c ......
	 orig commit -> edfc3722cfef4217c7fe92b272cbe0288ba1ff57 ......
checking c832448d07df6bc5d20f81e6871c64fb9df2143a ......
	 orig commit -> 4f7e988e63e336827f4150de48163bed05d653bd ......
checking 6f8e7a83de1eb755533dff9f5c02cd35f9714c16 ......
	 orig commit -> 9893b905e743ded332575ca04486bd586c0772f7 ......
checking 6b3bfe719b65a19349c65ef112ad61e64b7068c0 ......
	 orig commit -> 81742be14b6a90c9fd0ff6eb4218bdf696ad8e46 ......
checking febb867324cb97d82645a32f94d1ac11ce1a00f5 ......
	 orig commit -> 0be267255cef64e1c58475baa7b25568355a3816 ......
checking 0e524b26cdcc81a2609d076123e3fd139853eee5 ......
	 orig commit -> 6b6977117f50d60455ace86b2d256f6fb4f3de05 ......
checking b1da6f0262b000b9834728f4f767111882451efc ......
	 orig commit -> 20e8175d246e9f9deb377f2784b3e7dfb2ad3e86 ......
checking 7b66838321edc86d094cf49d0c2b314b6c3179c8 ......
	 orig commit -> 225ece3e7dad4cfc44cca38ce7a3a80f255ea8f1 ......
checking e87f9596660622f01ed8f90b7088615933dca320 ......
	 orig commit -> a1dfb4c48cc1e64eeb7800a27c66a6f7e88d075a ......
checking af41ce9e1304db4008356d36236d4f85199ecf87 ......
	 orig commit -> d83a8243aaefe62ace433e4384a4f077bed86acb ......
checking edbc67ef654b4abf14e7de391ce286a722bfda13 ......
	 orig commit -> 169f24ca68bf0f247d111aef07af00dd3a02ae88 ......
checking 4c8ba4d5ad2fc0d2c11ade4997571f654a573f87 ......
	 orig commit -> a751be5b142ef6bcbbb96d9899516f4d9c8d0ef4 ......
checking 8b775336cc1f7ce334a55e1287656bd0fd0ac8cf ......
	 orig commit -> 025a26fa14f8fd55d50ab284a30c016a5be953d0 ......
checking 8fbc22b34365bfeb72b1e3a63ba9239d327137dc ......
	 orig commit -> 273caa260035c03d89ad63d72d8cd3d9e5c5e3f1 ......
checking d64d203f201975604578f71982ba13fe71bd86d6 ......
	 orig commit -> b8c601e8af2d08f733d74defa8465303391bb930 ......
		 b8c601e8af2d08f733d74defa8465303391bb930 has problem. Fixes commit -> 273caa260035c03d89ad63d72d8cd3d9e5c5e3f1
commit 8fbc22b34365bfeb72b1e3a63ba9239d327137dc
Author: Hans Verkuil <hansverk@cisco.com>
Date:   Wed Feb 14 12:52:35 2018 +0100

    media: v4l2-compat-ioctl32.c: make ctrl_is_pointer work for subdevs
    
    commit 273caa260035c03d89ad63d72d8cd3d9e5c5e3f1 upstream.
    
    If the device is of type VFL_TYPE_SUBDEV then vdev->ioctl_ops
    is NULL so the 'if (!ops->vidioc_query_ext_ctrl)' check would crash.
    Add a test for !ops to the condition.
    
    All sub-devices that have controls will use the control framework,
    so they do not have an equivalent to ops->vidioc_query_ext_ctrl.
    Returning false if ops is NULL is the correct thing to do here.
    
    Fixes: b8c601e8af ("v4l2-compat-ioctl32.c: fix ctrl_is_pointer")
    
    Signed-off-by: Hans Verkuil <hans.verkuil@cisco.com>
    Acked-by: Sakari Ailus <sakari.ailus@linux.intel.com>
    Reported-by: Laurent Pinchart <laurent.pinchart@ideasonboard.com>
    Reviewed-by: Laurent Pinchart <laurent.pinchart@ideasonboard.com>
    Signed-off-by: Mauro Carvalho Chehab <mchehab@s-opensource.com>
    Signed-off-by: Greg Kroah-Hartman <gregkh@linuxfoundation.org>
checking c6cbc2c3539fd68d37dff300870f56869d21bb82 ......
	 orig commit -> 8ed5a59dcb47a6f76034ee760b36e089f3e82529 ......
checking 57f0817a6dd82cf0b3188f36df191abd629555c8 ......
	 orig commit -> 333b1e9f96ce05f7498b581509bb30cde03018bf ......
checking 56a4fbdf5092d64f1f29a1e45508f18f3072f316 ......
	 orig commit -> 486c521510c44a04cd756a9267e7d1e271c8a4ba ......
checking 04d632236ad250f527ff9d7e3b2696783e82409c ......
	 orig commit -> b7b957d429f601d6d1942122b339474f31191d75 ......
checking 4a85bbbcb5d5d3afb66b6c9a9ba54d02e30f8b4f ......
	 orig commit -> 3ee6d040719ae09110e5cdf24d5386abe5d1b776 ......
checking 587a6b832441e9a2fe2adbf16d4aa2667fdd63a8 ......
	 orig commit -> 3171cc2b4eb9831ab4df1d80d0410a945b8bc84e ......
checking 15e3780a8add9d5cd6bdc9df9cdc4e0d9b8e55dd ......
	 orig commit -> 181a4a2d5a0a7b43cab08a70710d727e7764ccdd ......
checking 49ffe04fcdf29c8925344bce314d9398b2d7743d ......
	 orig commit -> 073c516ff73557a8f7315066856c04b50383ac34 ......
checking de1ca9ef43de77e507752182c1b5050851a1aa58 ......
	 orig commit -> a16e772e664b9a261424107784804cffc8894977 ......
checking 693d395faecaab8321d506042653fe81aa7d6da0 ......
	 orig commit -> 841a3ff329713f796a63356fef6e2f72e4a3f6a3 ......
checking c311cf44ca749f114dc0f28a7e288f358ac595c8 ......
	 orig commit -> cd6ed77ad5d223dc6299fb58f62e0f5267f7e2ba ......
checking 1f16aea4c55bb947266b68158d384c6c4c7e76b1 ......
	 orig commit -> f919dde0772a894c693a1eeabc77df69d6a9b937 ......
checking cbf32c1eb86444bfe4e87a9fd162762a9ba5d2a0 ......
	 orig commit -> 998008b779e424bd7513c434d0ab9c1268459009 ......
checking 769e7b5fc95fe55b3469003aa3e672fbe9252015 ......
	 orig commit -> ca1b4974bd237f2373b0e980b11957aac3499b56 ......
checking f1db1b8055e6ef6e5bf94699c32fc001ce7ba063 ......
	 orig commit -> ba87977a49913129962af8ac35b0e13e0fa4382d ......
checking fb8b16859a50f0d1fbf3e97e6ee1a82c23422b60 ......
	 orig commit -> 49686cbbb3ebafe42e63868222f269d8053ead00 ......
checking ae0499e7b11fe83717b0f3aebb436cdeabf5ba66 ......
	 orig commit -> 1b8d97b0a837beaf48a8449955b52c650a7114b4 ......
checking 79e10b1a8dbc3da57fae6fef90f4112e65b3d214 ......
	 orig commit -> 7f1bda447c9bd48b415acedba6b830f61591601f ......
checking 7406be05b66818c4c20e3e63078dae88e94169c6 ......
	 orig commit -> ba4a76f703ab7eb72941fdaac848502073d6e9ee ......
checking 022af4898b3f025c9757d6687b68459c8f985983 ......
	 orig commit -> 7f29ae9f977bcdc3654e68bc36d170223c52fd48 ......
checking 8f6456565a140ea1d0fc85a56663d8437e303cdf ......
	 orig commit -> f4c6cd1a7f2275d5bc0e494b21fff26f8dde80f0 ......
checking 105f7cd0cf69d37d685cd9fb1b07133be24ae59b ......
	 orig commit -> 87e89ce8d0d14f573c068c61bec2117751fb5103 ......
checking eda72c8338e04d2c7a9782dc561ff772c419fb26 ......
	 orig commit -> f953f0f89663c39f08f4baaa8a4a881401b65654 ......
checking b4b3ad0c8c90b4a9fe1dc9ecca9211a72e580976 ......
	 orig commit -> 9e343e87d2c4c707ef8fae2844864d4dde3a2d13 ......
		 9e343e87d2c4c707ef8fae2844864d4dde3a2d13 has problem. Fixes commit -> ea739a287f4f16d6250bea779a1026ead79695f2
checking f6ea3133ca0c6a7a8120e3c704b507138d4b5902 ......
	 orig commit -> 7bf7a7116ed313c601307f7e585419369926ab05 ......
checking ca48c81cff0e5b56e525414b75990bcb64b7cbb9 ......
	 orig commit -> 3d932ee27e852e4904647f15b64dedca51187ad7 ......
checking 3196c1515ea683bb6f95673feb2998f605ab581d ......
	 orig commit -> 69c64866ce072dea1d1e59a0d61e0f66c0dffb76 ......
checking 911357aed6e35b4c094a5ca419ca987dc48bfbfb ......
	 orig commit -> 364f56653708ba8bcdefd4f0da2a42904baa8eeb ......
checking af9de1a10f93f8d2c9ee5dce67c3abcd53ef7de5 ......
	 orig commit -> ad0f1d9d65938aec72a698116cd73a980916895e ......
checking 1bfe362d84b8133343402598642f32bc866a87d3 ......
	 orig commit -> c8cd751060b149997b9de53a494fb1490ded72c5 ......
checking 77f56f5d39e95a152a755d53b0d870b92fbf466b ......
	 orig commit -> cef31d9af908243421258f1df35a4a644604efbe ......
checking cb92c8fb3bda8fe5c073603c7a5b5f5936cc4882 ......
	 orig commit -> dc3ee32e96d74dd6c80eed63af5065cb75899299 ......
checking 4f3e6ab44b928ef70b77aa374886cb59fd9e4171 ......
checking 9b6cab80102ff73bf099c623c778af48a3684d2e ......
checking 002530fd6057df8595ffe391ea63d1e99e573151 ......
	 orig commit -> 66b3bd2356e0a1531c71a3dcf96944621e25c17c ......
checking f260cb7751a0dfda5c444b61189e071253279a22 ......
	 orig commit -> 97f4b7276b829a8927ac903a119bef2f963ccc58 ......
checking aa8c1051abaa9d2c3465338c8100660e817f1299 ......
	 orig commit -> 9aca7e454415f7878b28524e76bebe1170911a88 ......
checking e343f5fd73575876c30e2187608e6c246c2041cc ......
	 orig commit -> f04a703c3d613845ae3141bfaf223489de8ab3eb ......
checking 5c2ea7f7bb2102a6b8caa057af628d1ee7783e24 ......
	 orig commit -> 1b689a95ce7427075f9ac9fb4aea1af530742b7f ......
checking ba929f5f3c263f3b975a3b95328f66203a57b536 ......
	 orig commit -> 1f161f67a272cc4f29f27934dd3f74cb657eb5c4 ......
checking 3fe9cdee4205a4876154f469247c7a3176ccaac7 ......
	 orig commit -> a15a753539eca8ba243d576f02e7ca9c4b7d7042 ......
checking 9ece237e5b9c4a532e06869aa45df7c4c65c07cd ......
	 orig commit -> 5c6ac1d4f8fbdbed65dbeb8cf149d736409d16a1 ......
checking 076e4ab3279eb3ddb206de44d04df7aeb2428e09 ......
	 orig commit -> 21fc61c73c3903c4c312d0802da01ec2b323d174 ......
checking 33813d43dd593e1c32c567c75483233212b825ae ......
	 orig commit -> 794b4bc292f5d31739d89c0202c54e7dc9bc3add ......
checking 4f8a4e9984479c05bbf78f09e1744711a3eb32b3 ......
	 orig commit -> 5331aec1bf9c9da557668174e0a4bfcee39f1121 ......
checking 711df717314621c1a711fc485bdd70706e73bb64 ......
	 orig commit -> 4cd879515d686849eec5f718aeac62a70b067d82 ......
checking 117991ed14861122ea87133d0ea5881e6e3403ed ......
	 orig commit -> 9b42d55a66d388e4dd5550107df051a9637564fc ......
checking 9a0ef3cc115962b73564615c8d70922f6f673d2a ......
	 orig commit -> 086ca23d03c0d2f4088f472386778d293e15c5f6 ......
checking 3cdf2975d9773249ca09c8de0f79637bcb9bee41 ......
	 orig commit -> 233ac3891607f501f08879134d623b303838f478 ......
checking 47b32f0653d758b5920d98924f164a2d9a02c662 ......
	 orig commit -> e7aadb27a5415e8125834b84a74477bfbee4eff5 ......
checking fff4f776df44afa3fd6ce043ca82c8b317294ad1 ......
	 orig commit -> 4adfa79fc254efb7b0eb3cd58f62c2c3f805f1ba ......
checking 69f9dc4b71a70a2bbc23eaa57525df3ecdc881a3 ......
	 orig commit -> 520a13c530aeb5f63e011d668c42db1af19ed349 ......
checking eb0a0e276988bf3cb84c630ddee5d47caa9ff176 ......
	 orig commit -> 641307df71fe77d7b38a477067495ede05d47295 ......
checking a2f17cb2fe61f551e7dfd380de2f795a1c970346 ......
	 orig commit -> cbbb90b0c084d7dfb2ed8e3fecf8df200fbdd2a0 ......
checking 1e5ed917dc65aee4c8840686bf83c4a55ad4210d ......
	 orig commit -> e0936c3471a8411a5df327641fa3ffe12a2fb07b ......
checking e09eea9417d7c57546f12a5678440d3932960f71 ......
	 orig commit -> 1f8754d4daea5f257370a52a30fcb22798c54516 ......
		 1f8754d4daea5f257370a52a30fcb22798c54516 has problem. Fixes commit -> e0936c3471a8411a5df327641fa3ffe12a2fb07b
commit 1e5ed917dc65aee4c8840686bf83c4a55ad4210d
Author: Kuninori Morimoto <kuninori.morimoto.gx@renesas.com>
Date:   Wed Aug 9 02:16:20 2017 +0000

    ASoC: rsnd: avoid duplicate free_irq()
    
    commit e0936c3471a8411a5df327641fa3ffe12a2fb07b upstream.
    
    commit 1f8754d4daea5f ("ASoC: rsnd: don't call free_irq() on
    Parent SSI") fixed Parent SSI duplicate free_irq().
    But on Renesas Sound, not only Parent SSI but also Multi SSI
    have same issue.
    This patch avoid duplicate free_irq() if it was not pure SSI.
    
    Fixes: 1f8754d4daea5f ("ASoC: rsnd: don't call free_irq() on Parent SSI")
    Signed-off-by: Kuninori Morimoto <kuninori.morimoto.gx@renesas.com>
    Signed-off-by: Mark Brown <broonie@kernel.org>
    Signed-off-by: thongsyho <thong.ho.px@rvc.renesas.com>
    Signed-off-by: Nhan Nguyen <nhan.nguyen.yb@renesas.com>
    Signed-off-by: Greg Kroah-Hartman <gregkh@linuxfoundation.org>
checking 69fcbf02d56f3bb08d661b21429f7fcf5374e439 ......
	 orig commit -> 7ac45d1635a4cd2e99a4b11903d4a2815ca1b27b ......
checking 197ceb5fc08493bbc7913743a5b6e5aa897d3ed7 ......
checking 1a2018a7ed150fffcba87b3ce67d56f4b9e991a7 ......
checking c8e409017adfc8e4a171da311636478945d54f66 ......
checking f056ba2f25857c55433341ccf473944082819f12 ......
	 orig commit -> 0cab20cec0b663b7be8e2be5998d5a4113647f86 ......
checking b074e0bd527686da77d4c7efbe77ecc52c470234 ......
	 orig commit -> 236003e6b5443c45c18e613d2b0d776a9f87540e ......
checking 1e8014e74b141979f0cf65bfabe9a077879b11a1 ......
	 orig commit -> fd6e440f20b1a4304553775fc55938848ff617c9 ......
checking 95e4f102222aea0c9ff89a5a04c44612d9e400e8 ......
	 orig commit -> 6e032b350cd1fdb830f18f8320ef0e13b4e24094 ......
		 6e032b350cd1fdb830f18f8320ef0e13b4e24094 has problem. Fixes commit -> eb0a2d2620ae431c543963c8c7f08f597366fc60
1b689a95ce7427075f9ac9fb4aea1af530742b7f
commit 5c2ea7f7bb2102a6b8caa057af628d1ee7783e24
Author: Michal Suchanek <msuchanek@suse.de>
Date:   Mon Jan 15 14:30:03 2018 +0100

    powerpc/pseries: include linux/types.h in asm/hvcall.h
    
    commit 1b689a95ce7427075f9ac9fb4aea1af530742b7f upstream.
    
    Commit 6e032b350cd1 ("powerpc/powernv: Check device-tree for RFI flush
    settings") uses u64 in asm/hvcall.h without including linux/types.h
    
    This breaks hvcall.h users that do not include the header themselves.
    
    Fixes: 6e032b350cd1 ("powerpc/powernv: Check device-tree for RFI flush settings")
    Signed-off-by: Michal Suchanek <msuchanek@suse.de>
    Signed-off-by: Michael Ellerman <mpe@ellerman.id.au>
    Signed-off-by: Greg Kroah-Hartman <gregkh@linuxfoundation.org>
commit 5c2ea7f7bb2102a6b8caa057af628d1ee7783e24
Author: Michal Suchanek <msuchanek@suse.de>
Date:   Mon Jan 15 14:30:03 2018 +0100

    powerpc/pseries: include linux/types.h in asm/hvcall.h
    
    commit 1b689a95ce7427075f9ac9fb4aea1af530742b7f upstream.
    
    Commit 6e032b350cd1 ("powerpc/powernv: Check device-tree for RFI flush
    settings") uses u64 in asm/hvcall.h without including linux/types.h
    
    This breaks hvcall.h users that do not include the header themselves.
    
    Fixes: 6e032b350cd1 ("powerpc/powernv: Check device-tree for RFI flush settings")
    Signed-off-by: Michal Suchanek <msuchanek@suse.de>
    Signed-off-by: Michael Ellerman <mpe@ellerman.id.au>
    Signed-off-by: Greg Kroah-Hartman <gregkh@linuxfoundation.org>
checking a46ca307a405edda96daf54a5d8baa6778753e82 ......
	 orig commit -> 8989d56878a7735dfdb234707a2fee6faf631085 ......
		 8989d56878a7735dfdb234707a2fee6faf631085 has problem. Fixes commit -> 582605a429e20ae68fd0b041b2e840af296edd08
checking 11c76e64332f0f6f10ea8c2e2612fd4601a3e0d7 ......
	 orig commit -> bc9c9304a45480797e13a8e1df96ffcf44fb62fe ......
checking c3892946315effa323954134c2f8aeda51e9e68b ......
	 orig commit -> aa8a5e0062ac940f7659394f4817c948dc8c0667 ......
		 aa8a5e0062ac940f7659394f4817c948dc8c0667 has problem. Fixes commit -> 9dfbf78e4114fcaf4ef61c49885c3ab5bad40d0b
checking 973439da1137a066f6b3f478c930edff1879dee2 ......
	 orig commit -> c7305645eb0c1621351cfc104038831ae87c0053 ......
checking 8dd311f1ec740b05c851d65bab9cfdde26e35a8a ......
	 orig commit -> b8e90cb7bc04a509e821e82ab6ed7a8ef11ba333 ......
checking 9bfecafe84e628c5dff9cbeaa4b6e73560adb925 ......
	 orig commit -> a08f828cf47e6c605af21d2cdec68f84e799c318 ......
checking 7ca8316cb94f394999f0d512f30984b512f64958 ......
	 orig commit -> 222f20f140623ef6033491d0103ee0875fe87d35 ......
checking a8a9925f01e1bda46f059a66c218d536bb1462ef ......
	 orig commit -> 50e51c13b3822d14ff6df4279423e4b7b2269bc3 ......
checking e1c1144053753341f6767555d1e0fa043aa71e6b ......
	 orig commit -> 191eccb1580939fb0d47deb405b82a85b0379070 ......
checking fa34303532dcd4c609729cd0cc8aa2c53b3eb4fd ......
	 orig commit -> c153693d7eb9eeb28478aa2deaaf0b4e7b5ff5e9 ......
checking e13972478e99666787867628fa3ff1b87ce3cd82 ......
	 orig commit -> 5a69aec945d27e78abac9fd032533d3aaebf7c1e ......
checking 1f67581356f7797696806c948d4e126f9b2a880f ......
	 orig commit -> 8f5f525d5b83f7d76a6baf9c4e94d4bf312ea7f6 ......
checking 98c977e62ecee701efe1ba8135747358a2cfba72 ......
	 orig commit -> 844e3be47693f92a108cb1fb3b0606bf25e9c7a6 ......
