Check from v4.4.126 to v4.4.127
Commit count: 73
checking 2cad7a1d1316d2955982c50b3b9a6809dff5a7d3 ......
checking b01f1adc3a04f3c61415875e88683f90e9b70e8a ......
	 orig commit -> 2fe832c678189d6b19b5ff282e7e70df79c1406b ......
	 orig commit -> 53c81e95df1793933f87748d36070a721f6cb287 ......
		 53c81e95df1793933f87748d36070a721f6cb287 has problem. Fixes commit -> b4331a681822b420511b3258f1c3db35001fde48
7a67e69a339a6824be2fc483073782ab2f47fcd2
c6741fbed6dc0f183d26c4b6bca4517672f92e6c
checking 8cadfea22baa34575df96467acb7953104df7ba2 ......
	 orig commit -> 1d1cb762524f05cfb37994e0d36b7b4b5e957134 ......
	 orig commit -> 8e6ce7ebeb34f0992f56de078c3744fb383657fa ......
checking 20075a85454c2eb0c76f12e878b210b03fe43454 ......
	 orig commit -> 8aedbf580d21121d2a032e4c8ea12d8d2d85e275 ......
checking 16b5fdd9c62eb57f5bcefc41f90b8a68b3012756 ......
	 orig commit -> 9bf9e352ed51d4cdee107675609ba12b42d00c5b ......
	 orig commit -> a4e84aae8139aca9fbfbced1f45c51ca81b57488 ......
		 a4e84aae8139aca9fbfbced1f45c51ca81b57488 has problem. Fixes commit -> 8a05aa4ce3bf767b7bd72851da89c23d084d1ecb
checking b13864b2fdde04d02f0d1601a1f0535165b0ed76 ......
	 orig commit -> 3f7dfb7fcf98a7e73dee018c4a68537ce7fec646 ......
	 orig commit -> a8b149d32b663c1a4105273295184b78f53d33cf ......
checking de4aab77a6dc528d1f7a1f0422f7ddf530d28679 ......
	 orig commit -> ffa0a8252863189f0bc92d46c34588df3699f8f8 ......
	 orig commit -> 7be4b5dc7ffa9499ac6ef33a5ffa9ff43f9b7057 ......
checking 0d242ff143bd3fbe4582e8838dc4043175c0a21c ......
	 orig commit -> 59df934af72fe74a64be6a0d8dba21375a5482bc ......
checking 83bc07b58590fa5e15180978057114b5d39504c5 ......
	 orig commit -> 4fbe422076d36615ec6fe8648d1aecfa460bc67d ......
	 orig commit -> fda78d7a0ead144f4b2cdb582dcba47911f4952c ......
checking cd066f3622d2b98e4dd48ecd1344db1bfe547add ......
	 orig commit -> 1d91c1d2c80cb70e2e553845e278b87a960c04da ......
checking f958cb03abc5be7679b1ad7213d1732cd8a800dd ......
	 orig commit -> 8fa80c503b484ddc1abbd10c7cb2ab81f3824a50 ......
checking aa8f4fda9b1c166af36dc643a6060b6fe45a2d46 ......
	 orig commit -> d61d263c8d82db7c4404a29ebc29674b1c0c05c9 ......
checking 9a89b88508d4a3bba128a7dfac29016d8cf690ea ......
	 orig commit -> 6f287ca6046edd34ed83aafb7f9033c9c2e809e2 ......
checking 4dee48a9acc5b0629f125fa8db104f2e682a8331 ......
	 orig commit -> 1f166499ce006b3770a3166122eda64e160736ab ......
checking 21e28ceaad7aaa722877c16197746e50b20e6a64 ......
	 orig commit -> 7c62de5f3fc92291decc0dac5f36949bdc3fb575 ......
checking 8b75e974c0d92dc679db02bcfd6fc47a93fbb790 ......
	 orig commit -> 0ea66f76ba17a4b229caaadd77de694111b21769 ......
checking 16559a0dafa92e91e92ec5fcb5cbcd547aa4cf0c ......
	 orig commit -> 65d9982d7e523a1a8e7c9af012da0d166f72fc56 ......
checking fca6ca5c301c357ba6b2680dc75e81950d7f31d6 ......
	 orig commit -> 04bb1719c4de94700056241d4c0fe3c1413f5aff ......
checking dbc9a9530f5bff9949c6dfe61f337da4c8a0216c ......
	 orig commit -> b56af54ac78c54a519d82813836f305d7f76ef27 ......
checking 5efa3b7556062ae4f4dc0eb314112227aca12c0b ......
	 orig commit -> e1d9fc04c41840a4688ef6ce90b6dcca157ea4d7 ......
checking 96450e0ffdb7bdf0e6b7673e9532de02135c47ab ......
	 orig commit -> b18cb64ead400c01bf1580eeba330ace51f8087d ......
checking 551bf1b718b01c8ac25d7d9360346ce923ab51f6 ......
	 orig commit -> 8f461b1e02ed546fbd0f11611138da67fd85a30f ......
checking 66a0fae037122864ad1d12097f3cd63c2e764d34 ......
	 orig commit -> 900a081f6912a8985dc15380ec912752cb66025a ......
		 900a081f6912a8985dc15380ec912752cb66025a has problem. Fixes commit -> 77568e535af7c4f97eaef1e555bf0af83772456c
commit 82351c83b1c5a4c4052207cffaf2423a4c5e7871
Author: Eric Biggers <ebiggers@google.com>
Date:   Thu Jan 31 23:51:41 2019 -0800

    crypto: ahash - fix another early termination in hash walk
    
    commit 77568e535af7c4f97eaef1e555bf0af83772456c upstream.
    
    Hash algorithms with an alignmask set, e.g. "xcbc(aes-aesni)" and
    "michael_mic", fail the improved hash tests because they sometimes
    produce the wrong digest.  The bug is that in the case where a
    scatterlist element crosses pages, not all the data is actually hashed
    because the scatterlist walk terminates too early.  This happens because
    the 'nbytes' variable in crypto_hash_walk_done() is assigned the number
    of bytes remaining in the page, then later interpreted as the number of
    bytes remaining in the scatterlist element.  Fix it.
    
    Fixes: 900a081f6912 ("crypto: ahash - Fix early termination in hash walk")
    Cc: stable@vger.kernel.org
    Signed-off-by: Eric Biggers <ebiggers@google.com>
    Signed-off-by: Herbert Xu <herbert@gondor.apana.org.au>
    Signed-off-by: Greg Kroah-Hartman <gregkh@linuxfoundation.org>
checking 463aa3ad41bb82d40fb59e065a30e9e1c085f100 ......
	 orig commit -> 823f7923833c6cc2b16e601546d607dcfb368004 ......
checking 607a6b7b6a7ad995c4c9cf3c2df66dc3f4febb52 ......
	 orig commit -> 50e7044535537b2a54c7ab798cd34c7f6d900bd2 ......
checking 2c9a9254cfa7497a81fd2886953160ab3429f336 ......
	 orig commit -> bb0829a741792b56c908d7745bc0b2b540293bcc ......
checking b2dce196e57f2fdafc61ae20672c33f680af48cf ......
	 orig commit -> 1f1e82f74c0947e40144688c9e36abe4b3999f49 ......
checking 38849aabe7351810340ab4a160174badaf8b076c ......
	 orig commit -> 6555ad13a01952c16485c82a52ad1f3e07e34b3a ......
checking eb1e79ea79f5de8821a22fb0626711255ad67a4f ......
	 orig commit -> 9608e5c0f079390473b484ef92334dfd3431bb89 ......
checking da15e8c622f2f1c1e6ae8ac8ead44e8d4890182c ......
	 orig commit -> d2471d4a24dfbff5e463d382e2c6fec7d7e25a09 ......
checking 68b9cb3aaa4c4d752bb7e135e59ffb54899aaa7b ......
	 orig commit -> a680f1d463aeaeb00d22af257a56e111967c2f18 ......
checking 1b94a87cf9888ad9675b65138a33608abd8fa067 ......
	 orig commit -> beaec533fc2701a28a4d667f67c9f59c6e4e0d13 ......
checking 3d3df56e2a67bea5dfd7757f18b6bbf53fbb4341 ......
	 orig commit -> 64e759f58f128730b97a3c3a26d283c075ad7c86 ......
checking 9aaaa409c5c3b985fce81a6dfd662d60b2fc1ee5 ......
	 orig commit -> b1d0a5d0cba4597c0394997b2d5fced3e3841b4e ......
checking eaa0e4e1b93e4e16fa771cb8ca1eaa0b47a30452 ......
	 orig commit -> c8d70a700a5b486bfa8e5a7d33d805389f6e59f9 ......
checking d92ab7b1561f46612e2985aef1938d31d18d5696 ......
	 orig commit -> 19d7df69fdb2636856dc8919de72fc1bf8f79598 ......
checking 503d43a90034b5a324aa6cc2d18dc98f9a1c46f5 ......
	 orig commit -> 0dcd7876029b58770f769cbb7b484e88e4a305e5 ......
checking f9105c23a34181ff835c91cb19fec740b0448487 ......
	 orig commit -> 84652aefb347297aa08e91e283adf7b18f77c2d5 ......
checking 71ac483ebd7ac43ab68e4924167bbe646c08db76 ......
	 orig commit -> 0c81ffc60d5280991773d17e84bda605387148b1 ......
checking d25946f617459fc34320757a35c1947e07d90e4e ......
	 orig commit -> c8d3bcbfc5eab3f01cf373d039af725f3b488813 ......
checking 3197b8c7f9068142e5612003a015caeddd8ed342 ......
	 orig commit -> 4b658d1bbc16605330694bb3ef2570c465ef383d ......
checking d4fee2fe7e14d3e7dd2590ed8dad9ac7e548d8d8 ......
	 orig commit -> e8980d67d6017c8eee8f9c35f782c4bd68e004c9 ......
checking 7b22ab5fa34d8b918e4a79e7927fe6af90501675 ......
	 orig commit -> ed65a4dc22083e73bac599ded6a262318cad7baf ......
checking c5f3efad2a7d2851e136b4407e273dece4e4be52 ......
	 orig commit -> 2975d5de6428ff6d9317e9948f0968f7d42e5d74 ......
		 2975d5de6428ff6d9317e9948f0968f7d42e5d74 has problem. Fixes commit -> 09abfe7b5b2f442a85f4c4d59ecf582ad76088d7
commit 28d459015ec550a8b7c991163a230ecc295ddef1
Author: Roland Dreier <roland@purestorage.com>
Date:   Thu Apr 19 08:28:11 2018 -0700

    RDMA/ucma: Allow resolving address w/o specifying source address
    
    commit 09abfe7b5b2f442a85f4c4d59ecf582ad76088d7 upstream.
    
    The RDMA CM will select a source device and address by consulting
    the routing table if no source address is passed into
    rdma_resolve_address().  Userspace will ask for this by passing an
    all-zero source address in the RESOLVE_IP command.  Unfortunately
    the new check for non-zero address size rejects this with EINVAL,
    which breaks valid userspace applications.
    
    Fix this by explicitly allowing a zero address family for the source.
    
    Fixes: 2975d5de6428 ("RDMA/ucma: Check AF family prior resolving address")
    Cc: <stable@vger.kernel.org>
    Signed-off-by: Roland Dreier <roland@purestorage.com>
    Signed-off-by: Doug Ledford <dledford@redhat.com>
    Signed-off-by: Greg Kroah-Hartman <gregkh@linuxfoundation.org>
checking 83ee89c67366c49d2e9d8d1f09826f0ca161c04f ......
	 orig commit -> d97ca5d714a5334aecadadf696875da40f1fbf3e ......
checking 28dae08f1e1d7d913c1b67ea20578c02150c9515 ......
	 orig commit -> 82cd588052815eb4146f9f7c5347ca5e32c56360 ......
checking eca9e0aff522167860b8ef1aee4cc416d7b13dbd ......
	 orig commit -> 270e8573145a26de924e2dc644596332d400445b ......
checking 46e7cb4d7cf7552c62f15290d7c7cedc8b4c6b9a ......
	 orig commit -> a2b7cbdd2559aff06cebc28a7150f81c307a90d3 ......
checking d04166f3a74e2e1bf77c0d1267c933144a17f41f ......
	 orig commit -> 188e3c5cd2b672620291e64a21f1598fe91e40b6 ......
checking 545853704b49f0cdc887c0b2a71382423b5f3f76 ......
	 orig commit -> db0a6fb5d97afe01fd9c47d37c6daa82d4d4001d ......
		 db0a6fb5d97afe01fd9c47d37c6daa82d4d4001d has problem. Fixes commit -> 188e3c5cd2b672620291e64a21f1598fe91e40b6
commit d04166f3a74e2e1bf77c0d1267c933144a17f41f
Author: Arnd Bergmann <arnd@arndb.de>
Date:   Wed Apr 27 11:56:04 2016 +0200

    tty: provide tty_name() even without CONFIG_TTY
    
    commit 188e3c5cd2b672620291e64a21f1598fe91e40b6 upstream.
    
    The audit subsystem just started printing the name of the tty,
    but that causes a build failure when CONFIG_TTY is disabled:
    
    kernel/built-in.o: In function `audit_log_task_info':
    memremap.c:(.text+0x5e34c): undefined reference to `tty_name'
    kernel/built-in.o: In function `audit_set_loginuid':
    memremap.c:(.text+0x63b34): undefined reference to `tty_name'
    
    This adds tty_name() to the list of functions that are provided
    as trivial stubs in that configuration.
    
    Signed-off-by: Arnd Bergmann <arnd@arndb.de>
    Fixes: db0a6fb5d97a ("audit: add tty field to LOGIN event")
    Signed-off-by: Paul Moore <paul@paul-moore.com>
    [natechancellor: tty_paranoia_check still exists]
    Signed-off-by: Nathan Chancellor <natechancellor@gmail.com>
    Signed-off-by: Greg Kroah-Hartman <gregkh@linuxfoundation.org>
checking 1b15e77f444af1acbe1055e48da536e5ce4cc193 ......
	 orig commit -> 60b0a8c3d2480f3b57282b47b7cae7ee71c48635 ......
checking 16d18bf7a173bac1993426e8769389d9eb79b261 ......
	 orig commit -> 7c30f352c852bae2715ad65ac4a38ca9af7d7696 ......
		 7c30f352c852bae2715ad65ac4a38ca9af7d7696 has problem. Fixes commit -> 53c13ba8ed39e89f21a0b98f4c8a241bb44e483d
60b0a8c3d2480f3b57282b47b7cae7ee71c48635
commit 1b15e77f444af1acbe1055e48da536e5ce4cc193
Author: Matthias Kaehlcke <mka@chromium.org>
Date:   Fri Jun 2 14:46:16 2017 -0700

    frv: declare jiffies to be located in the .data section
    
    commit 60b0a8c3d2480f3b57282b47b7cae7ee71c48635 upstream.
    
    Commit 7c30f352c852 ("jiffies.h: declare jiffies and jiffies_64 with
    ____cacheline_aligned_in_smp") removed a section specification from the
    jiffies declaration that caused conflicts on some platforms.
    
    Unfortunately this change broke the build for frv:
    
      kernel/built-in.o: In function `__do_softirq': (.text+0x6460): relocation truncated to fit: R_FRV_GPREL12 against symbol
          `jiffies' defined in *ABS* section in .tmp_vmlinux1
      kernel/built-in.o: In function `__do_softirq': (.text+0x6574): relocation truncated to fit: R_FRV_GPREL12 against symbol
          `jiffies' defined in *ABS* section in .tmp_vmlinux1
      kernel/built-in.o: In function `pwq_activate_delayed_work': workqueue.c:(.text+0x15b9c): relocation truncated to fit: R_FRV_GPREL12 against
          symbol `jiffies' defined in *ABS* section in .tmp_vmlinux1
      ...
    
    Add __jiffy_arch_data to the declaration of jiffies and use it on frv to
    include the section specification.  For all other platforms
    __jiffy_arch_data (currently) has no effect.
    
    Fixes: 7c30f352c852 ("jiffies.h: declare jiffies and jiffies_64 with ____cacheline_aligned_in_smp")
    Link: http://lkml.kernel.org/r/20170516221333.177280-1-mka@chromium.org
    Signed-off-by: Matthias Kaehlcke <mka@chromium.org>
    Reported-by: Guenter Roeck <linux@roeck-us.net>
    Tested-by: Guenter Roeck <linux@roeck-us.net>
    Reviewed-by: David Howells <dhowells@redhat.com>
    Cc: Sudip Mukherjee <sudipm.mukherjee@gmail.com>
    Signed-off-by: Andrew Morton <akpm@linux-foundation.org>
    Signed-off-by: Linus Torvalds <torvalds@linux-foundation.org>
    Signed-off-by: Greg Kroah-Hartman <gregkh@linuxfoundation.org>
commit 8474c9b8cc8b7f29c719d26f4fbca5cb957634fc
Author: Nathan Chancellor <natechancellor@gmail.com>
Date:   Fri Oct 12 17:53:12 2018 -0700

    x86/time: Correct the attribute on jiffies' definition
    
    commit 53c13ba8ed39e89f21a0b98f4c8a241bb44e483d upstream.
    
    Clang warns that the declaration of jiffies in include/linux/jiffies.h
    doesn't match the definition in arch/x86/time/kernel.c:
    
    arch/x86/kernel/time.c:29:42: warning: section does not match previous declaration [-Wsection]
    __visible volatile unsigned long jiffies __cacheline_aligned = INITIAL_JIFFIES;
                                             ^
    ./include/linux/cache.h:49:4: note: expanded from macro '__cacheline_aligned'
                     __section__(".data..cacheline_aligned")))
                     ^
    ./include/linux/jiffies.h:81:31: note: previous attribute is here
    extern unsigned long volatile __cacheline_aligned_in_smp __jiffy_arch_data jiffies;
                                  ^
    ./arch/x86/include/asm/cache.h:20:2: note: expanded from macro '__cacheline_aligned_in_smp'
            __page_aligned_data
            ^
    ./include/linux/linkage.h:39:29: note: expanded from macro '__page_aligned_data'
    #define __page_aligned_data     __section(.data..page_aligned) __aligned(PAGE_SIZE)
                                    ^
    ./include/linux/compiler_attributes.h:233:56: note: expanded from macro '__section'
    #define __section(S)                    __attribute__((__section__(#S)))
                                                           ^
    1 warning generated.
    
    The declaration was changed in commit 7c30f352c852 ("jiffies.h: declare
    jiffies and jiffies_64 with ____cacheline_aligned_in_smp") but wasn't
    updated here. Make them match so Clang no longer warns.
    
    Fixes: 7c30f352c852 ("jiffies.h: declare jiffies and jiffies_64 with ____cacheline_aligned_in_smp")
    Signed-off-by: Nathan Chancellor <natechancellor@gmail.com>
    Signed-off-by: Thomas Gleixner <tglx@linutronix.de>
    Cc: Borislav Petkov <bp@alien8.de>
    Cc: "H. Peter Anvin" <hpa@zytor.com>
    Cc: Nick Desaulniers <ndesaulniers@google.com>
    Cc: stable@vger.kernel.org
    Link: https://lkml.kernel.org/r/20181013005311.28617-1-natechancellor@gmail.com
    Signed-off-by: Greg Kroah-Hartman <gregkh@linuxfoundation.org>

commit 1b15e77f444af1acbe1055e48da536e5ce4cc193
Author: Matthias Kaehlcke <mka@chromium.org>
Date:   Fri Jun 2 14:46:16 2017 -0700

    frv: declare jiffies to be located in the .data section
    
    commit 60b0a8c3d2480f3b57282b47b7cae7ee71c48635 upstream.
    
    Commit 7c30f352c852 ("jiffies.h: declare jiffies and jiffies_64 with
    ____cacheline_aligned_in_smp") removed a section specification from the
    jiffies declaration that caused conflicts on some platforms.
    
    Unfortunately this change broke the build for frv:
    
      kernel/built-in.o: In function `__do_softirq': (.text+0x6460): relocation truncated to fit: R_FRV_GPREL12 against symbol
          `jiffies' defined in *ABS* section in .tmp_vmlinux1
      kernel/built-in.o: In function `__do_softirq': (.text+0x6574): relocation truncated to fit: R_FRV_GPREL12 against symbol
          `jiffies' defined in *ABS* section in .tmp_vmlinux1
      kernel/built-in.o: In function `pwq_activate_delayed_work': workqueue.c:(.text+0x15b9c): relocation truncated to fit: R_FRV_GPREL12 against
          symbol `jiffies' defined in *ABS* section in .tmp_vmlinux1
      ...
    
    Add __jiffy_arch_data to the declaration of jiffies and use it on frv to
    include the section specification.  For all other platforms
    __jiffy_arch_data (currently) has no effect.
    
    Fixes: 7c30f352c852 ("jiffies.h: declare jiffies and jiffies_64 with ____cacheline_aligned_in_smp")
    Link: http://lkml.kernel.org/r/20170516221333.177280-1-mka@chromium.org
    Signed-off-by: Matthias Kaehlcke <mka@chromium.org>
    Reported-by: Guenter Roeck <linux@roeck-us.net>
    Tested-by: Guenter Roeck <linux@roeck-us.net>
    Reviewed-by: David Howells <dhowells@redhat.com>
    Cc: Sudip Mukherjee <sudipm.mukherjee@gmail.com>
    Signed-off-by: Andrew Morton <akpm@linux-foundation.org>
    Signed-off-by: Linus Torvalds <torvalds@linux-foundation.org>
    Signed-off-by: Greg Kroah-Hartman <gregkh@linuxfoundation.org>
checking 007329632319f4647f60ccc739417b3105c6fdb2 ......
	 orig commit -> 9280cdd6fe5b8287a726d24cc1d558b96c8491d7 ......
checking 76fa23e7de139b47f4eb34c3d7338890ac671a3b ......
	 orig commit -> 342e91578eb6909529bc7095964cd44b9c057c4e ......
checking 2abc2436c9294c63d885ec754a165a25a3446ed9 ......
	 orig commit -> f7e30f01a9e221067bb4b579e3cfc25cd2617467 ......
checking ce4f4ffc62cff037769fad7f17e6e353e1aef87d ......
	 orig commit -> d170fe7dd992b313d4851ae5ab77ee7a51ed8c72 ......
checking a8f9bab69bb3d7796615cac7ecaffea2b7b6d3c8 ......
	 orig commit -> eee6ebbac18a189ef33d25ea9b8bcae176515e49 ......
checking 1a4106d686784f207addbfbf5137413bc17ff28d ......
	 orig commit -> dae1a432ab1fe79ae53129ededeaece35a2dc14d ......
checking 617f8bd7ecc07e736840d122158a0080bad73dd4 ......
	 orig commit -> e36215d87f301f9567c8c99fd34e6c3521a94ddf ......
checking 01f4db3cd85ad0dc9fdd838f276abd33427e107f ......
	 orig commit -> 76dc52684d0f72971d9f6cc7d5ae198061b715bd ......
checking 19863f5f4cefad1a868dac830e06d7c53cb93330 ......
	 orig commit -> c877ef8ae7b8edaedccad0fc8c23d4d1de7e2480 ......
checking eafd4e604f12c5d0ce70746c8aff944de8a10d81 ......
	 orig commit -> 45288978859119c019eff93f0cb838a0de100bcc ......
checking dd26ec7f47749633439d0a623299a04de5e63bca ......
	 orig commit -> c93f5cf571e7795f97d49ef51b766cf25e328545 ......
checking 51748a86dd5dc5ef789acf9e5522fe7ffc417d41 ......
	 orig commit -> aa65d11aa008f4de58a9cee7e121666d9d68505e ......
checking 3b48ece37e1320cdc15117e0377f04ddc3efb0a7 ......
	 orig commit -> e0466156ee2e944fb47a3fa00932c3698a6d2c67 ......
checking 01de6f0d9495a881ba0ac8da8afa438a6bfa704f ......
	 orig commit -> 16b114a6d7973cf027e4c2b23eae1076eaf98c25 ......
		 16b114a6d7973cf027e4c2b23eae1076eaf98c25 has problem. Fixes commit -> 982555fc26f9d8bcdbd5f9db0378fe0682eb4188
checking 022a60e3bfe302985f136d793661d1d624880ddc ......
	 orig commit -> 69bb99738b5c6d56d2b1a75db9cbb4d187453c1a ......
checking 0446437c8bb63e03e05fa0024abc1bb27eaf037c ......
	 orig commit -> 079fe5a6da616891cca1a26e803e1df2a87e9ae5 ......
checking 52a9a9b18d395b65406e2a05ea4bb6ffd2620c12 ......
	 orig commit -> 5f15684bd5e5ef39d4337988864fec8012471dda ......
checking d60017da67463bd7a11a7f7e08115be324afe216 ......
	 orig commit -> f67b15037a7a50c57f72e69a6d59941ad90a0f0f ......
checking 9b47981bece8652172822e3b65d8f9ff2e1f61e6 ......
	 orig commit -> 5607dddbfca774fb38bffadcb077fe03aa4ac5c6 ......
checking 137ec7a920c7589061e99559fb842c64d1a2915a ......
	 orig commit -> 9066ae7ff5d89c0b5daa271e2d573540097a94fa ......
checking 123bc8641ee269fb2247ff2a97f276fcab179182 ......
	 orig commit -> 87a73eb5b56fd6e07c8e499fe8608ef2d8912b82 ......
