Check from v4.4.152 to v4.4.153
Commit count: 6
checking 577189c37a844243359afce1c3c94418259fe696 ......
checking 7eaa995c75bd23b57163541c3285a2c984018b7e ......
	 orig commit -> e7c0b5991dd1be7b6f6dc2b54a15a0f47b64b007 ......
checking 0f9a6d88cd9f3b16a86639bd652202fe27096b18 ......
	 orig commit -> 21765194cecf2e4514ad75244df459f188140a0f ......
checking d5e678942de33a5d8545a8b7c825eb93b57be1a9 ......
	 orig commit -> 45aebeaf4f67468f76bedf62923a576a519a9b68 ......
		 45aebeaf4f67468f76bedf62923a576a519a9b68 has problem. Fixes commit -> e7c0b5991dd1be7b6f6dc2b54a15a0f47b64b007
commit 7eaa995c75bd23b57163541c3285a2c984018b7e
Author: Vivek Goyal <vgoyal@redhat.com>
Date:   Fri Jul 1 10:02:44 2016 -0400

    ovl: warn instead of error if d_type is not supported
    
    commit e7c0b5991dd1be7b6f6dc2b54a15a0f47b64b007 upstream.
    
    overlay needs underlying fs to support d_type. Recently I put in a
    patch in to detect this condition and started failing mount if
    underlying fs did not support d_type.
    
    But this breaks existing configurations over kernel upgrade. Those who
    are running docker (partially broken configuration) with xfs not
    supporting d_type, are surprised that after kernel upgrade docker does
    not run anymore.
    
    https://github.com/docker/docker/issues/22937#issuecomment-229881315
    
    So instead of erroring out, detect broken configuration and warn
    about it. This should allow existing docker setups to continue
    working after kernel upgrade.
    
    Signed-off-by: Vivek Goyal <vgoyal@redhat.com>
    Signed-off-by: Miklos Szeredi <mszeredi@redhat.com>
    Fixes: 45aebeaf4f67 ("ovl: Ensure upper filesystem supports d_type")
    Cc: <stable@vger.kernel.org> 4.6
    Signed-off-by: SZ Lin (林上智) <sz.lin@moxa.com>
    Signed-off-by: Greg Kroah-Hartman <gregkh@linuxfoundation.org>
checking f9866720724db8a163cf305fc907cdab0b38fa09 ......
	 orig commit -> ccd5b3235180eef3cfec337df1c8554ab151b5cc ......
checking adaba23ccd7d1625942f2c27612d2b416c87e011 ......
	 orig commit -> 87e2bd898d3a79a8c609f183180adac47879a2a4 ......
	 orig commit -> edc3b9129cecd0f0857112136f5b8b1bc1d45918 ......
	 orig commit -> 958f79b9ee55dfaf00c8106ed1c22a2919e0028b ......
