Check from v4.4.82 to v4.4.83
Commit count: 24
checking 425fdd287e9b41a20bc8b47a00064da3fcd8cae4 ......
checking 792f1fe5ec55a053091d628bbf6b751c17983dca ......
	 orig commit -> 3fa53ec2ed885b0aec3f0472e3b4a8a6f1cd748c ......
checking 6f51066b3797ed2b23542477288927e9bf831323 ......
	 orig commit -> d81ece747d8727bb8b1cfc9a20dbe62f09a4e35a ......
checking 8bb6ef68655e445af18d4da191c837c9ad003587 ......
	 orig commit -> 8a9d6e964d318533ba3d2901ce153ba317c99a89 ......
checking 7b5a9de376b860fd344c0d773633a71394b518fa ......
	 orig commit -> d466d3c1217406b14b834335b5b4b33c0d45bd09 ......
checking 567a21de8531490e6e7e2aabf29fb87b1d2ec8ee ......
	 orig commit -> e788787ef4f9c24aafefc480a8da5f92b914e5e6 ......
		 e788787ef4f9c24aafefc480a8da5f92b914e5e6 has problem. Fixes commit -> e6b422b88b46353cf596e0db6dc0e39d50d90d6e
commit 9f1d78c62a4b07e9acd180f2d036be8a4769c345
Author: Sandeep Singh <sandeep.singh@amd.com>
Date:   Thu Aug 24 09:57:15 2017 +0530

    usb:xhci:Fix regression when ATI chipsets detected
    
    commit e6b422b88b46353cf596e0db6dc0e39d50d90d6e upstream.
    
    The following commit cause a regression on ATI chipsets.
    'commit e788787ef4f9 ("usb:xhci:Add quirk for Certain
    failing HP keyboard on reset after resume")'
    
    This causes pinfo->smbus_dev to be wrongly set to NULL on
    systems with the ATI chipset that this function checks for first.
    
    Added conditional check for AMD chipsets to avoid the overwriting
    pinfo->smbus_dev.
    
    Reported-by: Ben Hutchings <ben@decadent.org.uk>
    Fixes: e788787ef4f9 ("usb:xhci:Add quirk for Certain
    failing HP keyboard on reset after resume")
    cc: Nehal Shah <Nehal-bakulchandra.Shah@amd.com>
    Signed-off-by: Sandeep Singh <Sandeep.Singh@amd.com>
    Signed-off-by: Shyam Sundar S K <Shyam-sundar.S-k@amd.com>
    Signed-off-by: Greg Kroah-Hartman <gregkh@linuxfoundation.org>
checking dd3a2a08943f565da74f18e0ac3d71d3b6c04e22 ......
	 orig commit -> 7496cfe5431f21da5d27a8388c326397e3f0a5db ......
checking 921a1ed2a11ad05ffd95171a6b7509634baab760 ......
	 orig commit -> 2eac13624364db5b5e1666ae0bb3a4d36bc56b6e ......
checking bc2f02f745491d487a799d94fabf2a2e4cef4cb6 ......
	 orig commit -> 94c43b9897abf4ea366ed4dba027494e080c7050 ......
checking ed4f50eec60f0214cf3973dd94c8084cd6afd82e ......
	 orig commit -> 89f23d51defcb94a5026d4b5da13faf4e1150a6f ......
checking dedeba47c51ae265567e819eb8530a9cd73f5e26 ......
	 orig commit -> a3507e48d3f99a93a3056a34a5365f310434570f ......
checking dfb5cc919c6140451c99c442a4411881c881f77e ......
	 orig commit -> e59e18989c68a8d7941005f81ad6abc4ca682de0 ......
checking c5f6f4fe1c0923f4e4ace6d7da5cda9e6b8a3bc0 ......
	 orig commit -> 105967ad68d2eb1a041bc041f9cf96af2a653b65 ......
checking dc978e9b65ab4c3b87ccefc52c454f29693ae135 ......
	 orig commit -> cd5a6a4fdaba150089af2afc220eae0fef74878a ......
checking 8b278516e5e36fd330ce8b88371e755decd19d3b ......
	 orig commit -> 45d73860530a14c608f410b91c6c341777bfa85d ......
checking 8a0c225613c2aa0bb3f607932545fe6fed5b385d ......
	 orig commit -> 3b6bcd3d093c698d32e93d4da57679b8fbc5e01e ......
checking 31c9287b94303c4202f8232675da2852749d5ed7 ......
	 orig commit -> 9585e340db9f6cc1c0928d82c3a23cc4460f0a3f ......
checking 9cb43dec24e0a2b2799ac83561f58932454d9d9d ......
	 orig commit -> fd1b8668af59a11bb754a6c9b0051c6c5ce73b74 ......
checking a89843a80bd4cf348a69eaae21baa797ee620345 ......
	 orig commit -> 1feb26162bee7b2f110facfec71b5c7bdbc7d14d ......
checking 7271d130b5dcde1bd0cc8b7924f712b8a111dbb2 ......
	 orig commit -> 68227c03cba84a24faf8a7277d2b1a03c8959c2c ......
checking b89e781dab249e1c74e6b49e2664ae53a14c0306 ......
	 orig commit -> 978d13d60c34818a41fc35962602bdfa5c03f214 ......
checking 3afc4e9273dea5e15ca8e7e1a8af1e57e61493fc ......
	 orig commit -> ea8dc5b4cd2195ee582cae28afa4164c6dea1738 ......
checking 9ea732ebb53fdba26140989ac351dbc82056f224 ......
	 orig commit -> 75dddef32514f7aa58930bde6a1263253bc3d4ba ......
checking 97e371409da76ebe3282c0ba8bc86a84efc3694c ......
	 orig commit -> 89affbf5d9ebb15c6460596822e8857ea2f9e735 ......
