Check from v4.4.34 to v4.4.35
Commit count: 32
checking 0a5b451a53d4d181f22ab309403646792e0ddad2 ......
checking 1ba7fafae3c2c1bcafa838a36db0fd358edb18af ......
	 orig commit -> a8b1e36d0d1d6f51490e7adce35367ed6adb10e7 ......
		 a8b1e36d0d1d6f51490e7adce35367ed6adb10e7 has problem. Fixes commit -> d3e2a1110cae6ee5eeb1f9a97addf03e974f12e6
checking 698a8dddb8a55250e0d6c2c87da08da2314cbdd3 ......
	 orig commit -> 9db0ff53cb9b43ed75bacd42a89c1a0ab048b2b0 ......
checking 2b026a265a9ad0475045e9204ed832932c6af0d2 ......
	 orig commit -> 5b810a242c28e1d8d64d718cebe75b79d86a0b2d ......
checking eba83a85cabaaee02b25edfa19f85c4de73a5165 ......
	 orig commit -> 3c7ba5760ab8eedec01159b267bb9bfcffe522ac ......
checking c524185c81d426d739d9534488684322dc1ec1a8 ......
	 orig commit -> dbaaff2a2caa03d472b5cc53a3fbfd415c97dc26 ......
checking 734039913373f58f36411f66fdc6f1acd36dd7b5 ......
	 orig commit -> 16b0e0695a73b68d8ca40288c8f9614ef208917b ......
checking 7cf5b7882184ecb347903e9480667ee977946ddd ......
	 orig commit -> 593ff73bcfdc79f79a8a0df55504f75ad3e5d1a9 ......
checking 41664d7077e9b705ba3e0fa3a0dcce3ce09b2268 ......
	 orig commit -> 37995116fecfce2b61ee3da6e73b3e394c6818f9 ......
checking 04c0800c73b23c74e70bf1a579dd383c26f823a0 ......
	 orig commit -> 6f75c3fd56daf547d684127a7f83c283c3c160d1 ......
checking 469fcbcb84d809ec05567d51f4fb664b894517e0 ......
	 orig commit -> ceb75787bc75d0a7b88519ab8a68067ac690f55a ......
checking 680bc27065b9792373c1b7d4491bd58c03757f0d ......
	 orig commit -> d6124b409ca33c100170ffde51cd8dff761454a1 ......
checking dd214a159de6089aa0f33e56e54f20016d96bbd7 ......
	 orig commit -> 722f191080de641f023feaa7d5648caf377844f5 ......
checking d2adb5ebec617d60d557be723a1f95aaa65884db ......
	 orig commit -> e0d9727c111a5917a1184c71c1a8e6f78c7fc41d ......
checking 1f995573bac8a84ff91e568d8a1889bddd482a13 ......
	 orig commit -> 3984903a2e3906d3def220e688040ce93368200a ......
checking c8aa3e98c1a8bc46c0f63cc444bcf2d05dd64759 ......
	 orig commit -> a29e52a6e66f4c0c895e7083e4bad2e7957f1fb5 ......
checking 96576127ffb7937c9c4cf43971b3ef2af0b13018 ......
	 orig commit -> deab07261d54b4db7b627d38e0efac97f176c6d6 ......
checking a4709b4582acf5234fa6a4c6aef45822c223dfe5 ......
	 orig commit -> 10f2bfb092e3b49000526c02cfe8b2abbbdbb752 ......
checking d039fc37ec7ff0b74eb1a525e1654bf68c19cc54 ......
	 orig commit -> 8e94a46c1770884166b31adc99eba7da65a446a7 ......
checking 96f10a6239a28db7dca78c16dc2ee414a04a1c1e ......
	 orig commit -> 83d2c9a9c17b1e9f23a3a0c24c03cd18e4b02520 ......
checking 454cf79b05c566806ead785514f36fea0b129a28 ......
	 orig commit -> 8cdf3372fe8368f56315e66bea9f35053c418093 ......
checking 147117cf23c0ba452f80409aec9c0be978232698 ......
	 orig commit -> c6a385539175ebc603da53aafb7753d39089f32e ......
checking e543f094a38ad006454e9bc54ebc6b94702f11a2 ......
	 orig commit -> 90944e40ba1838de4b2a9290cf273f9d76bd3bdd ......
checking 3a868dde1824d4eca277df490d2be99355320095 ......
	 orig commit -> 82031ea29e454b574bc6f49a33683a693ca5d907 ......
checking f740b5cc39dd4f3dd301a2b60afe8b70e45554da ......
	 orig commit -> 8ae94224c9d72fc4d9aaac93b2d7833cf46d7141 ......
checking 936d157fa7ae3085a37bfce53c6aad8a2ad3b405 ......
	 orig commit -> 93d710a65ef02fb7fd48ae207e78f460bd7a6089 ......
checking 4e583b89add687e0b6f7294f2d2b6b40fba94e52 ......
	 orig commit -> deb507f91f1adbf64317ad24ac46c56eeccfb754 ......
checking 0c6e0db9686bfd119593a28fb26704dc58864b70 ......
	 orig commit -> 274e43edcda6f709aa67e436b3123e45a6270923 ......
checking b7321bcc8b1c153cb50eddbe4d90fdbc89c9d0b9 ......
	 orig commit -> 59c3b76cc61d1d676f965c192cc7969aa5cb2744 ......
checking d4a774fdb92f37da91ebd827c3e507b542ab29b1 ......
	 orig commit -> 1650b4ebc99da4c137bfbfc531be4a2405f951dd ......
checking b689e86c9a8f81aa80f2ab8a4d5a4635f870af4b ......
	 orig commit -> 7301d6abaea926d685832f7e1f0c37dd206b01f4 ......
checking aea9d760b8bae270224db112ebe81b3900861d42 ......
	 orig commit -> b0b6e86846093c5f8820386bc01515f857dd8faa ......
