Check from v4.4.86 to v4.4.87
Commit count: 17
checking 573b59e17e37fc19577630391c08f7b1e26609d8 ......
checking d95827490c39d20c148b3c4c3d250f9cce294eb5 ......
	 orig commit -> 445a582738de6802669aeed9c33ca406c23c3b1f ......
checking ab3ee6b53d678b37b90934fb67b01d5fc7aa3a85 ......
	 orig commit -> 138e4ad67afd5c6c318b056b4d17c17f2c0ca5c0 ......
checking 628212c89faeed34704977a0edcfaaaae467a34d ......
	 orig commit -> 2952a6070e07ebdd5896f1f5b861acad677caded ......
checking 57ff696f54b5c51d8d4df00295341bec17fab36f ......
	 orig commit -> 6c0d706b563af732adb094c5bf807437e8963e84 ......
checking 94183009ac0e58972c2b4bf1bf13b61b1a23971b ......
	 orig commit -> 9afae2719273fa1d406829bf3498f82dbdba71c7 ......
checking 9b3dcc98d8df16913d260c8dae64ad6e5bfcb953 ......
	 orig commit -> 7bab09631c2a303f87a7eb7e3d69e888673b9b7e ......
checking c0c2e7567a34ca48c8a2d1c89d8a7a5ceb647e08 ......
	 orig commit -> f581a0dd744fe32b0a8805e279c59ec1ac676d60 ......
checking 5f08f0aebf7084ad1c6359c22adb104fa006889c ......
	 orig commit -> 6e3c1529c39e92ed64ca41d53abadabbaa1d5393 ......
checking e596cc1454d4ca3ab1e233b9a89d3e44d7062f4e ......
	 orig commit -> 9e37b1784f2be9397a903307574ee565bbadfd75 ......
checking 6cdda3497db80b8a218da3748b78012a22c397d0 ......
	 orig commit -> cec80d82142ab25c71eee24b529cfeaf17c43062 ......
checking ed48d9230e303aaff037d60fd866088c114184e5 ......
	 orig commit -> 1c08c22c874ac88799cab1f78c40f46110274915 ......
checking 15e94ec4ec2155cae1e0de64b5ea16277c21daf8 ......
	 orig commit -> b339752d054fb32863418452dff350a1086885b1 ......
checking 857d0b3dd7566ebb70686a009c7100322ddf3bbe ......
	 orig commit -> dd2bc473482eedc60c29cf00ad12568ce40ce511 ......
checking 043ccc9781cc2e2914253c1c6f17923905c83a4e ......
	 orig commit -> ba201c4f5ebe13d7819081756378777d8153f23e ......
checking fab3229af4e589d6a06201e14e2f3bfcc95ad9af ......
	 orig commit -> b6c159a9cb69c2cf0bf59d4e12c3a2da77e4d994 ......
		 b6c159a9cb69c2cf0bf59d4e12c3a2da77e4d994 has problem. Fixes commit -> c6ebcedbab7ca78984959386012a17b21183e1a3
commit efdcbffb2b16da90eb5446a681cd3082b9b027f0
Author: Pontus Andersson <epontan@gmail.com>
Date:   Mon Oct 2 14:45:19 2017 +0200

    i2c: ismt: Separate I2C block read from SMBus block read
    
    commit c6ebcedbab7ca78984959386012a17b21183e1a3 upstream.
    
    Commit b6c159a9cb69 ("i2c: ismt: Don't duplicate the receive length for
    block reads") broke I2C block reads. It aimed to fix normal SMBus block
    read, but changed the correct behavior of I2C block read in the process.
    
    According to Documentation/i2c/smbus-protocol, one vital difference
    between normal SMBus block read and I2C block read is that there is no
    byte count prefixed in the data sent on the wire:
    
     SMBus Block Read:  i2c_smbus_read_block_data()
     S Addr Wr [A] Comm [A]
                S Addr Rd [A] [Count] A [Data] A [Data] A ... A [Data] NA P
    
     I2C Block Read:  i2c_smbus_read_i2c_block_data()
     S Addr Wr [A] Comm [A]
                S Addr Rd [A] [Data] A [Data] A ... A [Data] NA P
    
    Therefore the two transaction types need to be processed differently in
    the driver by copying of the dma_buffer as done previously for the
    I2C_SMBUS_I2C_BLOCK_DATA case.
    
    Fixes: b6c159a9cb69 ("i2c: ismt: Don't duplicate the receive length for block reads")
    Signed-off-by: Pontus Andersson <epontan@gmail.com>
    Tested-by: Stephen Douthit <stephend@adiengineering.com>
    Signed-off-by: Wolfram Sang <wsa@the-dreams.de>
    Signed-off-by: Greg Kroah-Hartman <gregkh@linuxfoundation.org>
checking e119fc492de91bf13535a61b67a199f92c391cf5 ......
	 orig commit -> 2c0e8382386f618c85d20cb05e7cf7df8cdd382c ......
