Check from v4.4.62 to v4.4.63
Commit count: 46
checking 81af21fe95ba45261c7894b471e5d7698c4db8f1 ......
checking d005579766761216526caa8345d1a1993eff8e24 ......
checking e2f5fb9207a6bd7101ad94e73264ac8bb9e3b87a ......
	 orig commit -> dfcb9f4f99f1e9a49e43398a7bfbf56927544af1 ......
checking f00f18ebb3b23134012a020faad85f33cd5d2e8f ......
	 orig commit -> c2ed1880fd61a998e3ce40254a99a2ad000f1a7d ......
		 c2ed1880fd61a998e3ce40254a99a2ad000f1a7d has problem. Fixes commit -> b91d532928dff2141ea9c107c3e73104d9843767
checking 990a142ee0d3b504a0a3c23a16e2cda41c5d45cf ......
	 orig commit -> b389f173aaa1204d6dc1f299082a162eb0491545 ......
		 b389f173aaa1204d6dc1f299082a162eb0491545 has problem. Fixes commit -> 69646d7a3689fbe1a65ae90397d22ac3f1b8d40f
f3040983132bf3477acd45d2452a906e67c2fec9
commit a526c14d841b2dba90a56d2d59e2aaa6ef70f8c8
Author: Razvan Stefanescu <razvan.stefanescu@microchip.com>
Date:   Tue Mar 19 15:20:34 2019 +0200

    tty/serial: atmel: Add is_half_duplex helper
    
    commit f3040983132bf3477acd45d2452a906e67c2fec9 upstream.
    
    Use a helper function to check that a port needs to use half duplex
    communication, replacing several occurrences of multi-line bit checking.
    
    Fixes: b389f173aaa1 ("tty/serial: atmel: RS485 half duplex w/DMA: enable RX after TX is done")
    Cc: stable <stable@vger.kernel.org>
    Signed-off-by: Razvan Stefanescu <razvan.stefanescu@microchip.com>
    Acked-by: Richard Genoud <richard.genoud@gmail.com>
    Signed-off-by: Greg Kroah-Hartman <gregkh@linuxfoundation.org>
commit a6efba2fc33b706fa0706eab567eec9234a7df52
Author: Razvan Stefanescu <razvan.stefanescu@microchip.com>
Date:   Tue Mar 19 15:20:35 2019 +0200

    tty/serial: atmel: RS485 HD w/DMA: enable RX after TX is stopped
    
    commit 69646d7a3689fbe1a65ae90397d22ac3f1b8d40f upstream.
    
    In half-duplex operation, RX should be started after TX completes.
    
    If DMA is used, there is a case when the DMA transfer completes but the
    TX FIFO is not emptied, so the RX cannot be restarted just yet.
    
    Use a boolean variable to store this state and rearm TX interrupt mask
    to be signaled again that the transfer finished. In interrupt transmit
    handler this variable is used to start RX. A warning message is generated
    if RX is activated before TX fifo is cleared.
    
    Fixes: b389f173aaa1 ("tty/serial: atmel: RS485 half duplex w/DMA: enable
    RX after TX is done")
    Signed-off-by: Razvan Stefanescu <razvan.stefanescu@microchip.com>
    Acked-by: Richard Genoud <richard.genoud@gmail.com>
    Cc: stable <stable@vger.kernel.org>
    Signed-off-by: Greg Kroah-Hartman <gregkh@linuxfoundation.org>

commit a526c14d841b2dba90a56d2d59e2aaa6ef70f8c8
Author: Razvan Stefanescu <razvan.stefanescu@microchip.com>
Date:   Tue Mar 19 15:20:34 2019 +0200

    tty/serial: atmel: Add is_half_duplex helper
    
    commit f3040983132bf3477acd45d2452a906e67c2fec9 upstream.
    
    Use a helper function to check that a port needs to use half duplex
    communication, replacing several occurrences of multi-line bit checking.
    
    Fixes: b389f173aaa1 ("tty/serial: atmel: RS485 half duplex w/DMA: enable RX after TX is done")
    Cc: stable <stable@vger.kernel.org>
    Signed-off-by: Razvan Stefanescu <razvan.stefanescu@microchip.com>
    Acked-by: Richard Genoud <richard.genoud@gmail.com>
    Signed-off-by: Greg Kroah-Hartman <gregkh@linuxfoundation.org>
checking 8dc821b9f67d9abf2d5baca3eb92a70d91c0dbe0 ......
	 orig commit -> 1cded9d2974fe4fe339fc0ccd6638b80d465ab2c ......
checking 403a728d1a35111103669aa125dcecfbe04e6872 ......
	 orig commit -> 94acf164dc8f1184e8d0737be7125134c2701dbe ......
checking 65596042c3af1c3578f5e478f512f595d7fa31d0 ......
	 orig commit -> 2d6a0e9de03ee658a9adc3bfb2f0ca55dff1e478 ......
checking 40531b26bade950cf9c815d8238be27b009aa197 ......
	 orig commit -> d41149145f98fe26dcd0bfd1d6cc095e6e041418 ......
checking a90604be51de4e63f916261a91edd4f67e8b0b2b ......
	 orig commit -> 7926aff5c57b577ab0f43364ff0c59d968f6a414 ......
checking be570e556deec7466d74a579129671185501a456 ......
	 orig commit -> 5593523f968bc86d42a035c6df47d5e0979b5ace ......
checking eb5267657d85bfcbb60803dd88fa82c7dede6aab ......
	 orig commit -> c4baad50297d84bde1a7ad45e50c73adae4a2192 ......
checking 6be431f91632504f269b6e8ffcd552a5ca3fd84d ......
	 orig commit -> 67b0503db9c29b04eadfeede6bebbfe5ddad94ef ......
checking 502157457f52654595d28a555327e84b3e35c268 ......
	 orig commit -> 43fab9793c1f44e665b4f98035a14942edf03ddc ......
		 43fab9793c1f44e665b4f98035a14942edf03ddc has problem. Fixes commit -> 67b0503db9c29b04eadfeede6bebbfe5ddad94ef
f9fa0f2bebaa629aff839b7b992298b1fce453d2
commit 6be431f91632504f269b6e8ffcd552a5ca3fd84d
Author: Stefan Brüns <stefan.bruens@rwth-aachen.de>
Date:   Sun Feb 12 13:02:13 2017 -0200

    dvb-usb-firmware: don't do DMA on stack
    
    commit 67b0503db9c29b04eadfeede6bebbfe5ddad94ef upstream.
    
    The buffer allocation for the firmware data was changed in
    commit 43fab9793c1f ("[media] dvb-usb: don't use stack for firmware load")
    but the same applies for the reset value.
    
    Fixes: 43fab9793c1f ("[media] dvb-usb: don't use stack for firmware load")
    Signed-off-by: Stefan Brüns <stefan.bruens@rwth-aachen.de>
    Signed-off-by: Mauro Carvalho Chehab <mchehab@s-opensource.com>
    Cc: Ben Hutchings <ben@decadent.org.uk>
    Cc: Brad Spengler <spender@grsecurity.net>
    Signed-off-by: Greg Kroah-Hartman <gregkh@linuxfoundation.org>
checking 6739cc12f3dbd7e4b3795f6e809d44ea6b490bb6 ......
	 orig commit -> a4866aa812518ed1a37d8ea0c881dc946409de94 ......
checking ba02781392fa1b934e41785a5301ca21ad44708b ......
	 orig commit -> 5fa4086987506b2ab8c92f8f99f2295db9918856 ......
checking ccf0904c49b1bc2234dbde4978eaf1c384da11bf ......
	 orig commit -> 98d610c3739ac354319a6590b915f4624d9151e6 ......
		 98d610c3739ac354319a6590b915f4624d9151e6 has problem. Fixes commit -> f9ac89f5ad613b462339e845aeb8494646fd9be2
checking 51f8d95c89b4aa74e591015d076d2775d9286704 ......
	 orig commit -> 05ac5aa18abd7db341e54df4ae2b4c98ea0e43b7 ......
checking 0cb03b6e7086e59647cf6eb79fec646cdec69691 ......
	 orig commit -> 005145378c9ad7575a01b6ce1ba118fb427f583a ......
checking ea6d8d67001a40c74f4a732f897c28440a5e8dfd ......
	 orig commit -> 40bea976c72b9ee60f8d097852deb53ccbeaffbe ......
checking 2673d1c5122ee2492e24d9a135e230b2d0b2e630 ......
	 orig commit -> ef0579b64e93188710d48667cb5e014926af9f1b ......
checking 70e55aaf9f8cb4a74ca2744457b1d817353090e3 ......
	 orig commit -> 7ed23e1bae8bf7e37fd555066550a00b95a3a98b ......
checking 9286385a3452d7eeb01bfb94676389bba6f59ebd ......
	 orig commit -> d72e9a7a93e4f8e9e52491921d99e0c8aa89eb4e ......
checking c1fc1d2f214e33f91565a65ad1b4c09dae618d84 ......
	 orig commit -> 06ce521af9558814b8606c0476c54497cf83a653 ......
checking 98c953a0a51fffa0904e143694222b213fa3c68f ......
	 orig commit -> 6280ac931a23d3fa40cd26057576abcf90a4f22d ......
	 orig commit -> 6c356eda225e3ee134ed4176b9ae3a76f793f4dd ......
checking a32c5331b462670093ec809ec063ad7d28f47126 ......
	 orig commit -> f2cfa58b136e4b06a9b9db7af5ef62fbb5992f62 ......
checking 0a6aa0d1cf27e9ca7b309cc86aa6b100754f88a4 ......
	 orig commit -> 309124e2648d668a0c23539c5078815660a4a850 ......
checking 7fe57118a7c002c59e4087806f8f5a9f4a0b037f ......
	 orig commit -> 82cc4fc2e70ec5baeff8f776f2773abc8b2cc0ae ......
checking c51451e43bf19bb36fa50d81ae736dd9e7d66d4a ......
	 orig commit -> 75eb5e1e7b4edbc8e8f930de59004d21cb46961f ......
checking 66b531d3ff113d1e440bde5cd167ed49063fd070 ......
	 orig commit -> 0beb2012a1722633515c8aaa263c73449636c893 ......
checking 6058cf9929d9bbeb4a781c51e91866716cb5277f ......
	 orig commit -> 9121b15b5628b38b4695282dc18c553440e0f79b ......
checking b689dfbed8c8432a18c73fc261c030d8b3e24e00 ......
	 orig commit -> 7c856152cb92f8eee2df29ef325a1b1f43161aff ......
checking 448961955592c46f1490fb6ca8d3e52ce17e6222 ......
	 orig commit -> 6780414519f91c2a84da9baa963a940ac916f803 ......
checking 925adae6664c0b9f5193876e9aeb2640a7e977d5 ......
	 orig commit -> a00a7862513089f17209b732f230922f1942e0b9 ......
checking 1e1de2e841e141991250d7c0ac79c5877a43b6a4 ......
	 orig commit -> 1c99de981f30b3e7868b8d20ce5479fa1c0fea46 ......
checking 05c5dd75d77c8176c2beef56471868e29c19b47c ......
	 orig commit -> efb2ea770bb3b0f40007530bc8b0c22f36e1c5eb ......
checking 074bcc1302fd4357fa30c167bb20f684998b025f ......
	 orig commit -> b03b99a329a14b7302f37c3ea6da3848db41c8c5 ......
checking ec3978e10ecc61834c9f57dd9d00492b137fa01c ......
	 orig commit -> 6fdc6dd90272ce7e75d744f71535cfbd8d77da81 ......
checking f1c5d01635862fb7b8b394fc1b6a1187751ce98e ......
	 orig commit -> c06989da39cdb10604d572c8c7ea8c8c97f3c483 ......
checking f42be33fe976d4c0812fb2f697543e1b5ac073be ......
	 orig commit -> f2200ac311302fcdca6556fd0c5127eab6c65a3e ......
checking a5e2f803b891f00d6019d727a6eb548c91a70b62 ......
	 orig commit -> 5376366886251e2f8f248704adb620a4bc4c0937 ......
checking f0899d0e1e9ea7b71a3b05889c047d74b729dbf6 ......
	 orig commit -> 1fa839b4986d648b907d117275869a0e46c324b9 ......
checking a11ab9dd4b789f5b7ecfc069a73cde2bd826f6ec ......
	 orig commit -> f94773b9f5ecd1df7c88c2e921924dd41d2020cc ......
checking a737abe4d09af3d461f0661ccde8ccec007a2db9 ......
	 orig commit -> 83bce9c2baa51e439480a713119a73d3c8b61083 ......
checking ef4c962825c08609d8077c00cf73f26fbdc638cc ......
	 orig commit -> 5b7abeae3af8c08c577e599dd0578b9e3ee6687b ......
checking 3144d81a77352a3934ff0f60dccb38dbf462da39 ......
	 orig commit -> 77f88796cee819b9c4562b0b6b44691b3b7755b1 ......
