Check from v4.4.89 to v4.4.90
Commit count: 43
checking 37c2d0d3e85014b3e92ea61668c51503965e4c24 ......
checking 228969b4764fe2b0f58ef096f63666196f7b4881 ......
checking 079c03f4a915da1279604f88d6c07bf70427ddbc ......
	 orig commit -> 7e91c7df29b5e196de3dc6f086c8937973bd0b88 ......
checking 27323cb81eae618e68e4dea1345090c37dee5485 ......
	 orig commit -> 8e75f7a7a00461ef6d91797a60b606367f6e344d ......
checking 150cd84bb6ea56382cdf55043bda98b5244e41e7 ......
	 orig commit -> c0a1666bcb2a33e84187a15eabdcd54056be9a97 ......
checking 90df2daa1da071bd0c2766b0c5bd9abbee08e3d7 ......
	 orig commit -> 4c35430ad18f5a034302cb90e559ede5a27f93b9 ......
checking c575be9a393fd88267cf42dd6af35f1a1f2a363a ......
	 orig commit -> 72b195cb716284217e8b270af420bc7e5cf04b3c ......
		 72b195cb716284217e8b270af420bc7e5cf04b3c has problem. Fixes commit -> 4c35430ad18f5a034302cb90e559ede5a27f93b9
commit 90df2daa1da071bd0c2766b0c5bd9abbee08e3d7
Author: Robert Jarzmik <robert.jarzmik@free.fr>
Date:   Wed Mar 9 00:46:11 2016 +0100

    ARM: pxa: fix the number of DMA requestor lines
    
    commit 4c35430ad18f5a034302cb90e559ede5a27f93b9 upstream.
    
    The number of requestor lines was clamped to 0 for all pxa architectures
    in the requestor declaration. Fix this by using the value.
    
    Fixes: 72b195cb7162 ("ARM: pxa: add the number of DMA requestor lines")
    Signed-off-by: Robert Jarzmik <robert.jarzmik@free.fr>
    Signed-off-by: Greg Kroah-Hartman <gregkh@linuxfoundation.org>
checking a85f176c857e4fe0d2c0b5d2c7090c422982e585 ......
	 orig commit -> c283e41ef32442f41e7180f9bb1c5aedf9255bfe ......
checking 6124ed1a712a2dc886abb826748a7a3254186c6c ......
	 orig commit -> 197267d0356004a31c4d6b6336598f5dff3301e1 ......
checking 9037837e0c32f2a90fbd0824f271b23d49e3eb35 ......
	 orig commit -> 5753743fa5108b8f98bd61e40dc63f641b26c768 ......
checking fc39e561e3430694e366e228354d16abbd30ba13 ......
	 orig commit -> dc91f2eb1a4021eb6705c15e474942f84ab9b211 ......
checking 5e9b526fcc907c17c6d62ce0dc7d044d6613d419 ......
	 orig commit -> b94bf594cf8ed67cdd0439e70fa939783471597a ......
checking ddf25aea679de86150a34821ed7144d670db2aa9 ......
	 orig commit -> 10201655b085df8e000822e496e5d4016a167a36 ......
checking d25fea066a8ed4457a9f8b23eb78204b9b6896cf ......
	 orig commit -> 814fb7bb7db5433757d76f4c4502c96fc53b0b5e ......
checking 4c16afac1875db0ad251b1df0e12203302528fcb ......
	 orig commit -> 6d6d282932d1a609e60dc4467677e0e863682f57 ......
checking 0efde43517a54007c4b19a72d9e3da8a0199074e ......
	 orig commit -> 78ad4ce014d025f41b8dde3a81876832ead643cf ......
checking 9a7d93dd2cadf532e5a7c490e05c55d44ea4e583 ......
	 orig commit -> bb166d7207432d3c7d10c45dc052f12ba3a2121d ......
checking b08dc7d4cfa124961798fb82aaca7e5fd44a7671 ......
	 orig commit -> 9561475db680f7144d2223a409dd3d7e322aca03 ......
checking 21a638c5efd6ec7a10441bfb94e15e5288920f07 ......
	 orig commit -> 51aa68e7d57e3217192d88ce90fd5b8ef29ec94f ......
checking 7520be6a454c28955e711fdb49c81519bc537b39 ......
	 orig commit -> 3a8b0677fc6180a467e26cc32ce6b0c09a32f9bb ......
checking e726c30c758b155e0295dc49fdf26cfb8f0d4806 ......
	 orig commit -> 760bfb47c36a07741a089bf6a28e854ffbee7dc9 ......
checking 638e7874f68208d18d392cdd61ba389e53f6bb0c ......
	 orig commit -> 5371513fb338fb9989c569dc071326d369d6ade8 ......
checking 9237605e0bfb0e469b54344a4455e6b241d6c0c9 ......
	 orig commit -> 66a733ea6b611aecf0119514d2dddab5f9d6c01e ......
		 66a733ea6b611aecf0119514d2dddab5f9d6c01e has problem. Fixes commit -> 084f5601c357e4ee59cf0712200d3f5c4710ba40
checking 668cee82cd28d2c38a99f7cbddf3b3fd58f257b9 ......
	 orig commit -> f507b54dccfd8000c517d740bc45f20c74532d18 ......
checking 9d74367d1a35e87f46e5e0c2e8dd9f5d21f701b0 ......
	 orig commit -> e785fa0a164aa11001cba931367c7f94ffaff888 ......
checking 3393445ef440e675cb893398e722d31ad04b1ad2 ......
	 orig commit -> fc46820b27a2d9a46f7e90c9ceb4a64a1bc5fab8 ......
checking 3bb7084cc031ff8c1cdbb1c50cbe3e1940eab268 ......
	 orig commit -> 1013e760d10e614dc10b5624ce9fc41563ba2e65 ......
checking 02ef29f9cbb616bf41900c427830dc8bf3f52d99 ......
	 orig commit -> 0603c96f3af50e2f9299fa410c224ab1d465e0f9 ......
checking c096b31f9d9a6fc479b85ab51b37c44eaf9529cf ......
	 orig commit -> 23586b66d84ba3184b8820277f3fc42761640f87 ......
checking fe37a445ea3f0e8bd285c5d09fd223059c3b644e ......
	 orig commit -> b537ca6fede69a281dc524983e5e633d79a10a08 ......
checking 638b38505045e1090313ff7ed284911870cd29f8 ......
	 orig commit -> 37863c43b2c6464f252862bf2e9768264e961678 ......
checking 539255aea88e47932a98ba7656775cbca4f3d27c ......
	 orig commit -> 237bbd29f7a049d310d907f4b2716a7feef9abf3 ......
checking af24e9d8ba1a323cd13c4c962a74d0f2c48abd75 ......
	 orig commit -> e645016abc803dafc75e4b8f6e4118f088900ffb ......
		 e645016abc803dafc75e4b8f6e4118f088900ffb has problem. Fixes commit -> 3239b6f29bdfb4b0a2ba59df995fc9e6f4df7f1f
commit 97c5668c972476bde719276ab3e836085367f8b8
Author: Eric Biggers <ebiggers@google.com>
Date:   Thu Nov 2 00:47:03 2017 +0000

    KEYS: return full count in keyring_read() if buffer is too small
    
    commit 3239b6f29bdfb4b0a2ba59df995fc9e6f4df7f1f upstream.
    
    Commit e645016abc80 ("KEYS: fix writing past end of user-supplied buffer
    in keyring_read()") made keyring_read() stop corrupting userspace memory
    when the user-supplied buffer is too small.  However it also made the
    return value in that case be the short buffer size rather than the size
    required, yet keyctl_read() is actually documented to return the size
    required.  Therefore, switch it over to the documented behavior.
    
    Note that for now we continue to have it fill the short buffer, since it
    did that before (pre-v3.13) and dump_key_tree_aux() in keyutils arguably
    relies on it.
    
    Fixes: e645016abc80 ("KEYS: fix writing past end of user-supplied buffer in keyring_read()")
    Reported-by: Ben Hutchings <ben@decadent.org.uk>
    Signed-off-by: Eric Biggers <ebiggers@google.com>
    Signed-off-by: David Howells <dhowells@redhat.com>
    Reviewed-by: James Morris <james.l.morris@oracle.com>
    Signed-off-by: James Morris <james.l.morris@oracle.com>
    Signed-off-by: Greg Kroah-Hartman <gregkh@linuxfoundation.org>
checking 362711d59b0c854431ba7e5a645ee8f65e75b459 ......
	 orig commit -> afd62fa26343be6445479e75de9f07092a061459 ......
checking 231c4f646b7767c9b5a52d3dcd55df588112208b ......
	 orig commit -> 56136631573baa537a15e0012055ffe8cfec1a33 ......
checking 9d2534917c25a58b67864ea1db930670d48dee75 ......
	 orig commit -> c88f0e6b06f4092995688211a631bb436125d77b ......
checking 29854a77f7936feb85194c65d5d873a86f9b01de ......
	 orig commit -> 184a09eb9a2fe425e49c9538f1604b05ed33cfef ......
checking d03d1567866e8015db3b7cc706c3659deba500de ......
	 orig commit -> 3664847d95e60a9a943858b7800f8484669740fc ......
checking 68a4a52899187a8411374b861ae1fed78302fab8 ......
	 orig commit -> 8dd33bcb7050dd6f8c1432732f930932c9d3a33e ......
checking 9c5afa726a526b2fb07cf0df922f2a959b3815bf ......
	 orig commit -> 75df6e688ccd517e339a7c422ef7ad73045b18a2 ......
checking f75c0042f120179aedf005de1da461296cda0308 ......
	 orig commit -> 47c5310a8dbe7c2cb9f0083daa43ceed76c257fa ......
	 orig commit -> edd03602d97236e8fea13cd76886c576186aa307 ......
checking 7d8fbf3db1692fee3e9be29de3cc71fe6f086112 ......
	 orig commit -> 6e46d8ce894374fc135c96a8d1057c6af1fef237 ......
checking fcc949a48842c4b05bea7057289fe7e7206a03fc ......
	 orig commit -> f5c4ba816315d3b813af16f5571f86c8d4e897bd ......
