Check from v4.4.93 to v4.4.94
Commit count: 47
checking af9a9a7bed51102d5dc791833f476f5cb18c2593 ......
checking 401231d063c5b362428b80739896a5ee8513d8c5 ......
	 orig commit -> 01b3db29ba1edd79b9c3e7cd294739b70257d278 ......
	 orig commit -> 1a5c2d1de7d35f5eb9793266237903348989502b ......
checking cdbbea7809cabac32ec5dcba1d3d5fbe77ff1180 ......
	 orig commit -> a578884fa0d2768f13d37c6591a9e1ed600482d3 ......
checking c2c6f43e023a40c4ceadb3de46ac4cd2eb53d78e ......
	 orig commit -> f7d1ddbe7648af7460d23688c8c131342eb43b3a ......
checking 429a4ac5895dc048a7de2909edcc53b75f9669b5 ......
	 orig commit -> 4d65491c269729a1e3b375c45e73213f49103d33 ......
checking 823ba64c5719dfdb5a0d31bd7b17b4456c7135a9 ......
	 orig commit -> 72aa107df6a275cf03359934ca5799a2be7a1bf7 ......
checking 028a419869e31f519876ea857269edc06f6eafbc ......
	 orig commit -> feb0869d90e51ce8b6fd8a46588465b1b5a26d09 ......
checking c7a20ed2951f303aba4b697afb41a220f72a3f05 ......
	 orig commit -> c6b0b656ca24ede6657abb4a2cd910fa9c1879ba ......
checking c128baf6a1bcc58590448ac4a7157e6428687110 ......
	 orig commit -> e3ccc921b7d8fd1fcd10a00720e09823d8078666 ......
checking d7ecae7266986099a00595a017623d75d6d742bf ......
	 orig commit -> 36fb7435b6ac4d288a2d4deea8934f9456ab46b6 ......
checking 693e6513b2449085f53659f5761eeb450720e9e4 ......
	 orig commit -> 4d7d39a18b8b81511f0b893b7d2203790bf8a58b ......
checking 9ac38e30f2b01270f0fc896fd2b90e42cd8464ec ......
	 orig commit -> c6e28895a4372992961888ffaadc9efc643b5bfe ......
checking 315689d2e202a5e8066126c45e563b4b2e60c186 ......
	 orig commit -> 439a36b8ef38657f765b80b775e2885338d72451 ......
checking d3335f5653ec16a5412aa740376e372fa83f1211 ......
	 orig commit -> 12cb3a1c4184f891d965d1f39f8cfcc9ef617647 ......
	 orig commit -> f1c131b45410a202eb45cc55980a7a9e4e4b4f40 ......
		 f1c131b45410a202eb45cc55980a7a9e4e4b4f40 has problem. Fixes commit -> 5125e4e867ab888f2d4b443a1ce463adefb370db
aa4a829bdaced81e70c215a84ef6595ce8bd4308
9df0eb180c2074451f25556eb566d89c7057c2ac
89027579bc6c2febbcc9c2f9d5069adf71539e4b
fe4f6c801c03bc13113d0dc32f02d4ea8ed89ffd
checking 02744a55ed382f09580b2dd14c47d6ba05ac606c ......
	 orig commit -> 95f1ba9a24af9769f6e20dfe9a77c863f253f311 ......
checking 7bf94b9595cc8a561b1baf1046f9933785934a71 ......
	 orig commit -> 7dd4fcf5b70694dc961eb6b954673e4fc9730dbd ......
checking d14591e83b490419e6bcfa57584d247b40c22c95 ......
	 orig commit -> d939cdfde34f50b95254b375f498447c82190b3e ......
checking 48ca88f935339e76b638a7fe04646e23fcccbec6 ......
	 orig commit -> 86d54795c94532075d862aa0a79f0c981dab4bdd ......
checking 3109615b52ee9e292df55061e77cfe321e07f62d ......
	 orig commit -> 4dd9920d991745c4a16f53a8f615f706fbe4b3f7 ......
checking 4d134d830ea76e8a85f3666b3a76514ac0a7eb3c ......
	 orig commit -> ca1c39ef76376b67303d01f94fe98bb68bb3861a ......
checking 5c65ed5c07d742138902c94e6c4b685b4b5d25fb ......
	 orig commit -> 4b86c459c7bee3acaf92f0e2b4c6ac803eaa1a58 ......
checking 743a3ce1e0fd001abbe356b1c390d8449a2a74b2 ......
	 orig commit -> 47d3a07528ecbbccf53bc4390d70b4e3d1c04fcf ......
checking 7ed668eeb85143c7ae6fbbaf72dae467ef5620c0 ......
	 orig commit -> d98937f4ea713d21e0fcc345919f86c877dd8d6f ......
checking 3e8c1a04d33500957fe1409ddf5cf11b52b7f6ed ......
	 orig commit -> ff4dd73dd2b4806419f8ff65cbce11d5019548d0 ......
		 ff4dd73dd2b4806419f8ff65cbce11d5019548d0 has problem. Fixes commit -> 0ddcff49b672239dda94d70d0fcf50317a9f4b51
67bd52386125ce1159c0581cbcd2740addf33cd4
commit 3fc6adc305e12ed8fd4baf9146892b34ca50530e
Author: weiyongjun (A) <weiyongjun1@huawei.com>
Date:   Thu Jan 18 02:23:34 2018 +0000

    mac80211_hwsim: fix possible memory leak in hwsim_new_radio_nl()
    
    [ Upstream commit 0ddcff49b672239dda94d70d0fcf50317a9f4b51 ]
    
    'hwname' is malloced in hwsim_new_radio_nl() and should be freed
    before leaving from the error handling cases, otherwise it will cause
    memory leak.
    
    Fixes: ff4dd73dd2b4 ("mac80211_hwsim: check HWSIM_ATTR_RADIO_NAME length")
    Signed-off-by: Wei Yongjun <weiyongjun1@huawei.com>
    Reviewed-by: Ben Hutchings <ben.hutchings@codethink.co.uk>
    Signed-off-by: Johannes Berg <johannes.berg@intel.com>
    Signed-off-by: Sasha Levin <alexander.levin@microsoft.com>
    Signed-off-by: Greg Kroah-Hartman <gregkh@linuxfoundation.org>

commit 32f8870cc9a92467c411b492c6bf4781c41f0afa
Author: Ben Hutchings <ben.hutchings@codethink.co.uk>
Date:   Fri Nov 10 18:48:50 2017 +0000

    mac80211_hwsim: Fix memory leak in hwsim_new_radio_nl()
    
    
    [ Upstream commit 67bd52386125ce1159c0581cbcd2740addf33cd4 ]
    
    hwsim_new_radio_nl() now copies the name attribute in order to add a
    null-terminator.  mac80211_hwsim_new_radio() (indirectly) copies it
    again into the net_device structure, so the first copy is not used or
    freed later.  Free the first copy before returning.
    
    Fixes: ff4dd73dd2b4 ("mac80211_hwsim: check HWSIM_ATTR_RADIO_NAME length")
    Signed-off-by: Ben Hutchings <ben.hutchings@codethink.co.uk>
    Signed-off-by: Johannes Berg <johannes.berg@intel.com>
    Signed-off-by: Sasha Levin <alexander.levin@verizon.com>
    Signed-off-by: Greg Kroah-Hartman <gregkh@linuxfoundation.org>
commit 3fc6adc305e12ed8fd4baf9146892b34ca50530e
Author: weiyongjun (A) <weiyongjun1@huawei.com>
Date:   Thu Jan 18 02:23:34 2018 +0000

    mac80211_hwsim: fix possible memory leak in hwsim_new_radio_nl()
    
    [ Upstream commit 0ddcff49b672239dda94d70d0fcf50317a9f4b51 ]
    
    'hwname' is malloced in hwsim_new_radio_nl() and should be freed
    before leaving from the error handling cases, otherwise it will cause
    memory leak.
    
    Fixes: ff4dd73dd2b4 ("mac80211_hwsim: check HWSIM_ATTR_RADIO_NAME length")
    Signed-off-by: Wei Yongjun <weiyongjun1@huawei.com>
    Reviewed-by: Ben Hutchings <ben.hutchings@codethink.co.uk>
    Signed-off-by: Johannes Berg <johannes.berg@intel.com>
    Signed-off-by: Sasha Levin <alexander.levin@microsoft.com>
    Signed-off-by: Greg Kroah-Hartman <gregkh@linuxfoundation.org>
checking 4a464dacc23fdbcdce25ee8210da0b349cd32585 ......
	 orig commit -> b28ace12661fbcfd90959c1e84ff5a85113a82a1 ......
checking 7e53f0390dbd75daae607d2028760d8b82d98119 ......
	 orig commit -> 3736d4eb6af37492aeded7fec0072dedd959c842 ......
checking 28eab3db727efb7ad4eb17aaa83df59c3d50e330 ......
	 orig commit -> 7fb4a2cea6b18dab56d609530d077f168169ed6b ......
checking d44e463c9460003f9606cc8ddbee76e49cd46783 ......
	 orig commit -> 668cee82cd28d2c38a99f7cbddf3b3fd58f257b9 ......
	 orig commit -> f507b54dccfd8000c517d740bc45f20c74532d18 ......
checking 01e3e6315171641d040cdaf1818b7ec10fc8dd72 ......
	 orig commit -> aad06212d36cf34859428a0a279e5c14ee5c9e26 ......
checking 685699703a0a39896ba0af91e6d2a80103fe4966 ......
	 orig commit -> 9d538fa60bad4f7b23193c89e843797a1cf71ef3 ......
checking 1299f7e17e9e442be49a9b6011f6fe5259960ebb ......
	 orig commit -> da7c9561015e93d10fe6aab73e9288e0d09d65a6 ......
checking 1b6c80e797eeadf643861f8340ed5791d813d80c ......
	 orig commit -> 4971613c1639d8e5f102c4e797c3bf8f83a5a69e ......
checking ee534927f0c0922ec8ad0192af8dcb6e9cbea8d1 ......
	 orig commit -> 2580c4c17aee3ad58e9751012bad278dd074ccae ......
checking b5f689d94bc3bbcaf25142f43bd31712d10adb44 ......
	 orig commit -> 62b982eeb4589b2e6d7c01a90590e3a4c2b2ca19 ......
checking 110cf3dd4bcc0838a86efc9eb86ac31583b4b578 ......
	 orig commit -> 12d656af4e3d2781b9b9f52538593e1717e7c979 ......
checking 93040aa17862c1647f493f2c482d5b5f288f212f ......
	 orig commit -> 36f6ee22d2d66046e369757ec6bbe1c482957ba6 ......
checking d9cb4dc0221e525e3ced37bc017880fe5bceb666 ......
	 orig commit -> 02388bf87f72e1d47174cd8f81c34443920eb5a0 ......
checking 1a4f1ecdb2573cebc9ef1b8bbed0185c0bd45e6c ......
	 orig commit -> ec9dd352d591f0c90402ec67a317c1ed4fb2e638 ......
checking 5be6824b9704f926c26c844b373aacdc7e827ab6 ......
	 orig commit -> 008ba2a13f2d04c947adc536d19debb8fe66f110 ......
checking aa90be3e124840e641e30ed0c2d81602739f419b ......
	 orig commit -> f55956065ec94e3e9371463d693a1029c4cc3007 ......
checking 3483c65090dc263f70f1a7878951a83ffe14807b ......
	 orig commit -> 76cc0d3282d4b933fa144fa41fbc5318e0fdca24 ......
checking 5356f7e40d23069aa2e25bf6c4632c8244369231 ......
	 orig commit -> 63ecc3d9436f8012e49dc846d6cb0a85a3433517 ......
checking 2ec54b21dd7b25df0f070f1d67db2ea18987e69e ......
	 orig commit -> e67b8a685c7c984e834e3181ef4619cd7025a136 ......
checking dee4506f067a026b38b3e01dd59c1257b810d186 ......
	 orig commit -> fa5f7b51fc3080c2b195fa87c7eca7c05e56f673 ......
checking 9f5bbe694df14d56860ffd8c1e121e2cda1aa076 ......
	 orig commit -> 5fdc66e046206306bf61ff2d626bfa52ca087f7b ......
checking c088f7bc3310bb57e0aaea297c7e2f467015d215 ......
	 orig commit -> 6cecdf7a161d2b909dc7c8979176bbc4f0669968 ......
checking 951ba9f6c8b97043f6ba398d937e7b0d175f2f07 ......
	 orig commit -> e88d62cd4b2f0b1ae55e9008e79c2794b1fc914d ......
