checking 640f85865ca658ae07d485693a3d452bdbbadaba ......
checking d1deb58639b05e14b5dd859f587edc628aa4f4e0 ......
	 orig commit -> 990d71846a0b7281bd933c34d734e6afc7408e7e ......
checking 5a7b2af0c7ec872ffd4b0b87e4f102108e112af0 ......
	 orig commit -> 9ec1190d065998650fd9260dea8cf3e1f56c0e8c ......
checking 00512a2e8e64d20f49b6f1b0e2d0cbf49cdb3039 ......
	 orig commit -> a317e65face482371de30246b6494feb093ff7f9 ......
checking a315f7154d7a3b07f1ae2faa1509069287854c69 ......
	 orig commit -> 5c21e8100dfd57c806e833ae905e26efbb87840f ......
checking 71a8069fb10d0a022b79caed32f7e19858fc5d0f ......
	 orig commit -> a1881c9b8a1edef0a5ae1d5c1b61406fe3402114 ......
checking 9ef13fecf975e714774d2a1cd49b520b4be9fea4 ......
	 orig commit -> dada6a43b0402eba438a17ac86fdc64ac56a4607 ......
checking dc0e5734399b9d135ed044af983e3ef779b23f0a ......
	 orig commit -> 100bc3e2bebf95506da57cbdf5f26b25f6da4c81 ......
checking 122775d733a01970741c59fb8078cdfc22c807a0 ......
	 orig commit -> c988de29ca161823db6a7125e803d597ef75b49c ......
checking bcecc9e5751f7c64e96299706609ab2e85b408da ......
checking 7e5408959018c71e60273abd1561d434d398310a ......
	 orig commit -> 0472bf06c6fd33c1a18aaead4c8f91e5a03d8d7b ......
checking 5f3c652e0f8c943c93f130cdcf05032b4d92ac37 ......
	 orig commit -> 8dae5398ab1ac107b1517e8195ed043d5f422bd0 ......
checking e32c7473a4061646da3f192635bcf7cab15b1364 ......
	 orig commit -> 78b1a52e05c9db11d293342e8d6d8a230a04b4e7 ......
checking e2ae7fd4c18b7fe0640cbf721afd3ca937f5ce09 ......
	 orig commit -> 2448a299ec416a80f699940a86f4a6d9a4f643b1 ......
checking 92c01d8f4ae879b9e5dac1a3e490f2e2bebf3b00 ......
	 orig commit -> 5363857b916c1f48027e9b96ee8be8376bf20811 ......
checking 1b5c6d035a8712130b4d62cefc42c3d87efc9b62 ......
	 orig commit -> b51abed8355e5556886623b2772fa6b7598d2282 ......
checking 2ec5d37754a2f9d1f9a420528ce7367c69bca8ae ......
	 orig commit -> b888a5f713e4d17faaaff24316585a4eb07f35b7 ......
checking 0ced5efd7d0fabe285977fb989b7790114bc6151 ......
	 orig commit -> 3deef52ce10514ccdebba8e8ab85f9cebd0eb3f7 ......
checking 82fa3e95432f95254fd07556c55b1018145e1439 ......
	 orig commit -> 5f8cf712582617d523120df67d392059eaf2fc4b ......
checking c380600bf71c35dc23aa0c3628a1013ec10cb349 ......
	 orig commit -> 704620afc70cf47abb9d6a1a57f3825d2bca49cf ......
checking c19c1881f2284526bae5fd5232f027d2b41fb8d3 ......
	 orig commit -> d7859905301880ad3e16272399d26900af3ac496 ......
checking 0a59a296e994f6a6c7178e10d7c6fa2d01d0b8a7 ......
	 orig commit -> 2f2dde6ba89b1ef1fe23c1138131b315d9aa4019 ......
checking 56db12c5d8a6f0a72c1f9fe4a6d2cc120780adc7 ......
	 orig commit -> c44c749d3b6fdfca39002e7e48e03fe9f9fe37a3 ......
checking 91da119bce6a0799ccbda8d1e40ed8f6081361cc ......
	 orig commit -> 829383e183728dec7ed9150b949cd6de64127809 ......
checking 5b1c8d0bfdc36aaa924ff3921c44f432eff8a1d9 ......
	 orig commit -> 426a593e641ebf0d9288f0a2fcab644a86820220 ......
checking dd3fa93cfc667574e894f99aa02db36537454e42 ......
	 orig commit -> a463146e67c848cbab5ce706d6528281b7cded08 ......
checking ebf371aa3c22b8d30a78f8effd9601f27f920229 ......
	 orig commit -> 3ea7e7ea53c9f6ee41cb69a29c375fe9dd9a56a7 ......
checking 3adf0b7f1f8ea19b16caee5540e0e9e2b01efd58 ......
	 orig commit -> bd85fbc2038a1bbe84990b23ff69b6fc81a32b2c ......
checking 93940a277fdaf2edd308519b89f57a2b6705a9c5 ......
	 orig commit -> ed4eac20dcffdad47709422e0cb925981b056668 ......
checking 30d5a7c1b6c06fad598f5fbd71b513625c462bc5 ......
	 orig commit -> 9aaa4e8ba12972d674caeefbc5f88d83235dd697 ......
checking 61d221fce277b626618a9a3ed232e8ce73f35d67 ......
	 orig commit -> 77e461d14ed141253573eeeb4d34eccc51e38328 ......
checking 497b7ca0f9283524127eb1c936a2a26e640c4446 ......
	 orig commit -> d7d8bbb40a5b1f682ee6589e212934f4c6b8ad60 ......
checking 0cd96c4f11ada33ac716d0f41648572a0e33d89c ......
	 orig commit -> 68c8d209cd4337da4fa04c672f0b62bb735969bc ......
checking 0ebb9269a4caf7c3e8bdeffc03c10c8ea104122b ......
	 orig commit -> e5b78f2e349eef5d4fca5dc1cf5a3b4b2cc27abd ......
checking 96915a2ffb54bfabdf54a4ff5cfc0ccff83ef3d4 ......
	 orig commit -> 19ed3e2dd8549c1a34914e8dad01b64e7837645a ......
checking 43daa3c4d1d711744b9db3448745479c3c737b26 ......
	 orig commit -> 7661ca09b2ff98f48693f431bb01fed62830e433 ......
checking af70fc347ff2c0a331e79e7662537fe18df6c572 ......
	 orig commit -> b155b4fde5bdde9fed439cd1f5ea07173df2ed31 ......
checking 78b572c9e3a1b7edf46da17ad96a86110dd65fe8 ......
	 orig commit -> 6ff38bd40230af35e446239396e5fc8ebd6a5248 ......
checking 4d0afb8b19aa3ba916fdac613dcab76f05e3ed32 ......
	 orig commit -> 6b04114f6fae5e84d33404c2970b1949c032546e ......
checking d473a00bd808652f2a46b9a3ff3dfc55753aba5f ......
	 orig commit -> b7cc40c32a8bfa6f2581a71747f6a7d491fe43ba ......
checking f43cae2c898c63ef5c5e6b4b049eec352c8a5ad3 ......
	 orig commit -> 9084cb6a24bf5838a665af92ded1af8363f9e563 ......
checking 8732a2f41c44825ab22878056485d6ee797c69fd ......
	 orig commit -> f8397d69daef06d358430d3054662fb597e37c00 ......
checking da74d33b14b1402272dc5f0918a4287d882e2f88 ......
	 orig commit -> bf87ade0dd7f8cf19dac4d3161d5e86abe0c062b ......
checking 47c89da264200899dad708c1ec09de05bc33b6cb ......
	 orig commit -> ad33429cd02565c28404bb16ae7a4c2bdfda6626 ......
checking 38c63d520e77cacb85138c88be599515016d3b01 ......
	 orig commit -> 3ed64da3b790be7c63601e8ca6341b7dff74a660 ......
checking deae2217000bcb6eeef646c19ca2b3de29485d13 ......
	 orig commit -> d55bda1b3e7c5a87f10da54fdda866a9a9cef30b ......
checking f8414669ce460464dca130b87c7856edd4381ec2 ......
	 orig commit -> a6754fae1e66e9a40fed406290d7ca3f2b4d227c ......
checking 0c4da5d2b0d53b79ebe8e3b3f17edfe6ec146737 ......
	 orig commit -> 2d88a331e48095cf60ad9bdf3177bd401bf99727 ......
checking 5e946ed3c55c43441440d478c0b1b5086d6e8999 ......
	 orig commit -> d1aa577f5e191d77d3ad62da93729b5af9532bb4 ......
checking c5cc3e038d083515e6112707f7ffcdf0e5aa8497 ......
	 orig commit -> f16703360da7731a057df2ffa902306819c22398 ......
checking 5403677a46a8155ad369e3ca17c9cc6a037b258e ......
	 orig commit -> 1cd25cbb2fedbc777f3a8c3cb1ba69b645aeaa64 ......
checking fa8d814aba4a53fab1b6d2cbc8575a8132fc10df ......
	 orig commit -> 2dd453168643d9475028cd867c57e65956a0f7f9 ......
		 2dd453168643d9475028cd867c57e65956a0f7f9 has problem. Fixes commit -> 3ec8002951ea173e24b466df1ea98c56b7920e63
1cd25cbb2fedbc777f3a8c3cb1ba69b645aeaa64
commit 5403677a46a8155ad369e3ca17c9cc6a037b258e
Author: Laura Abbott <labbott@redhat.com>
Date:   Wed Sep 19 18:59:01 2018 -0700

    kgdboc: Fix warning with module build
    
    commit 1cd25cbb2fedbc777f3a8c3cb1ba69b645aeaa64 upstream.
    
    After 2dd453168643 ("kgdboc: Fix restrict error"), kgdboc_option_setup is
    now only used when built in, resulting in a warning when compiled as a
    module:
    
    drivers/tty/serial/kgdboc.c:134:12: warning: 'kgdboc_option_setup' defined but not used [-Wunused-function]
     static int kgdboc_option_setup(char *opt)
                ^~~~~~~~~~~~~~~~~~~
    
    Move the function under the appropriate ifdef for builtin only.
    
    Fixes: 2dd453168643 ("kgdboc: Fix restrict error")
    Reported-by: Stephen Rothwell <sfr@canb.auug.org.au>
    Signed-off-by: Laura Abbott <labbott@redhat.com>
    Signed-off-by: Greg Kroah-Hartman <gregkh@linuxfoundation.org>
commit 98bc2f91e918979b3b660b38cca9697ca1178330
Author: Wentao Wang <witallwang@gmail.com>
Date:   Wed Mar 20 15:30:39 2019 +0000

    Disable kgdboc failed by echo space to /sys/module/kgdboc/parameters/kgdboc
    
    commit 3ec8002951ea173e24b466df1ea98c56b7920e63 upstream.
    
    Echo "" to /sys/module/kgdboc/parameters/kgdboc will fail with "No such
    device” error.
    
    This is caused by function "configure_kgdboc" who init err to ENODEV
    when the config is empty (legal input) the code go out with ENODEV
    returned.
    
    Fixes: 2dd453168643 ("kgdboc: Fix restrict error")
    Signed-off-by: Wentao Wang <witallwang@gmail.com>
    Cc: stable <stable@vger.kernel.org>
    Acked-by: Daniel Thompson <daniel.thompson@linaro.org>
    Signed-off-by: Greg Kroah-Hartman <gregkh@linuxfoundation.org>

commit 5403677a46a8155ad369e3ca17c9cc6a037b258e
Author: Laura Abbott <labbott@redhat.com>
Date:   Wed Sep 19 18:59:01 2018 -0700

    kgdboc: Fix warning with module build
    
    commit 1cd25cbb2fedbc777f3a8c3cb1ba69b645aeaa64 upstream.
    
    After 2dd453168643 ("kgdboc: Fix restrict error"), kgdboc_option_setup is
    now only used when built in, resulting in a warning when compiled as a
    module:
    
    drivers/tty/serial/kgdboc.c:134:12: warning: 'kgdboc_option_setup' defined but not used [-Wunused-function]
     static int kgdboc_option_setup(char *opt)
                ^~~~~~~~~~~~~~~~~~~
    
    Move the function under the appropriate ifdef for builtin only.
    
    Fixes: 2dd453168643 ("kgdboc: Fix restrict error")
    Reported-by: Stephen Rothwell <sfr@canb.auug.org.au>
    Signed-off-by: Laura Abbott <labbott@redhat.com>
    Signed-off-by: Greg Kroah-Hartman <gregkh@linuxfoundation.org>
checking 81ff3e2f640f664582f982d6f3e2e4deacb04e81 ......
	 orig commit -> 42c335f7e67029d2e01711f2f2bc6252277c8993 ......
checking 0d980b7e4ec0cdc33fe1dafeb4f6cbd16b02bf4a ......
	 orig commit -> d6b340d7cb33c816ef4abe8143764ec5ab14a5cc ......
checking 225849e9af669d4854d1caa4f319bb2df1905338 ......
	 orig commit -> 81df022b688d43d2a3667518b2f755d384397910 ......
checking 3e68cbae89b4296b085a9aa4f5120e6d0b50a3f2 ......
	 orig commit -> dc25ab067645eabd037f1a23d49a666f9e0b8c68 ......
checking fb68afd24a74558ead035ca5f422c4bcb48d9514 ......
	 orig commit -> c50cbd85cd7027d32ac5945bb60217936b4f7eaf ......
checking c18ce9df18a9cf26c160173be377388e86f5e41c ......
	 orig commit -> 7d35baa4e9ec4b717bc0e58a39cdb6a1c50f5465 ......
checking c9271209b65fb4b1bb8968a12cc6b9f4130428d6 ......
	 orig commit -> 09d3f015d1e1b4fee7e9bbdcf54201d239393391 ......
checking def709914dc16526fd81abd3d2a535384e09b792 ......
	 orig commit -> 24c3456c8d5ee6fc1933ca40f7b4406130682668 ......
checking e1885163d598359eb6a86117a94efd84014112ce ......
	 orig commit -> 2cf2f0d5b91fd1b06a6ae260462fc7945ea84add ......
checking e6b59ae296732507fd8f33048cd597ba150682d7 ......
	 orig commit -> 58930cced012adb01bc78b3687049b17ef44d0a3 ......
checking a7118a1c94b5c413376c44eea6fe79997731c7ed ......
	 orig commit -> 8c5a50e8e7ad812a62f7ccf28d9a5e74fddf3000 ......
checking afa648ba16adf4a8acbc8bdb30d5dbfcf153fdf6 ......
	 orig commit -> 67a3b63a54cbe18944191f43d644686731cf30c7 ......
checking 44cf1d4ac67dcb3ba674a0b8ae7caf939935530c ......
	 orig commit -> 000ade8016400d93b4d7c89970d96b8c14773d45 ......
checking d97f4a50d18f7761efb6a2c415069783fc1516a9 ......
	 orig commit -> 166126c1e54d927c2e8efa2702d420e0ce301fd9 ......
checking 37370fadd2da79e42f2e4dcb4bf9552293be0f09 ......
	 orig commit -> 38c7b224ce22c25fed04007839edf974bd13439d ......
checking 204a765ede2641c7aab8aec4b0cf08079367d02e ......
	 orig commit -> 77d2a24b6107bd9b3bf2403a65c1428a9da83dd0 ......
checking 62ff5946acc0ac95260cd437e3cfd12a3b7bfc5c ......
	 orig commit -> 217c3e0196758662aa0429863b09d1c13da1c5d6 ......
checking 2ac36cc66cb5e1835ca00989ea6946d50c9834d5 ......
	 orig commit -> 3756f6401c302617c5e091081ca4d26ab604bec5 ......
checking 5b8cc5886e46633b7faba2faedd90f3c4e59cf9d ......
	 orig commit -> 321cb0308a9e76841394b4bbab6a1107cfedbae0 ......
checking 1cbec2e9d28efa46469d042c554222fec090e7af ......
	 orig commit -> 6484a677294aa5d08c0210f2f387ebb9be646115 ......
checking 1ddbdbd3292dcddc73eb79c00ffdd78b463f3a3d ......
	 orig commit -> effd14f66cc1ef6701a19c5a56e39c35f4d395a5 ......
checking 9398e4209c944e3d9ff09ebc66ecf019543ba296 ......
	 orig commit -> a84a1bcc992f0545a51d2e120b8ca2ef20e2ea97 ......
checking fed44f079c1cbf6c103be238d6b661029dc5d703 ......
checking d27f779782a4e6122b235e4d973c735f71d41c20 ......
	 orig commit -> 77e75fda94d2ebb86aa9d35fb1860f6395bf95de ......
checking ec3eeb34d33a6249d98752a2df30da1b424e593c ......
	 orig commit -> 98f5f932254b88ce828bc8e4d1642d14e5854caa ......
checking 89ed5b72e5595284034a202baa70021c7cb3adde ......
	 orig commit -> ecebf55d27a11538ea84aee0be643dd953f830d5 ......
checking 4d5f99ec00b7cfcdaabc39b016e2dddb2b762e7f ......
	 orig commit -> 9a20332ab373b1f8f947e0a9c923652b32dab031 ......
checking 73f607aca15a0723ac546f0dd53dda883521e3d9 ......
	 orig commit -> e1a7bfe3807974e66f971f2589d4e0197ec0fced ......
checking a71ca61fe5fef11e889345ce88c5c62a7dfe60e6 ......
	 orig commit -> 7194eda1ba0872d917faf3b322540b4f57f11ba5 ......
checking b307c96b7fc5f235ce100c98956ec65c875ba6ed ......
	 orig commit -> 7b69154171b407844c273ab4c10b5f0ddcd6aa29 ......
checking e3fc2151d73f78f79c594e1989854eab38c6f80b ......
	 orig commit -> f505754fd6599230371cb01b9332754ddc104be1 ......
checking 327242a4bc24e3c8a722d3e807b69959ce2f2a00 ......
	 orig commit -> 03bc996af0cc71c7f30c384d8ce7260172423b34 ......
checking c8e13044beb3646794d0687c33cfc30b87365cc3 ......
	 orig commit -> 2958b66694e018c552be0b60521fec27e8d12988 ......
checking c931360be6831a085f04acfb7e77eb6c66539b14 ......
	 orig commit -> 0e0fee5c539b61fdd098332e0e2cc375d9073706 ......
checking f61ebb6bd71bfc9a64b856d26869709659ed45f5 ......
	 orig commit -> 45611c61dd503454b2edae00aabe1e429ec49ebe ......
checking 6ae0dc6c068d1a4581441d74145c83d9cc480ae3 ......
	 orig commit -> 9a764c1e59684c0358e16ccaafd870629f2cfe67 ......
checking 9ab8f8cb2615cf49334dc41fee1dfbce1f450b15 ......
	 orig commit -> cfc435198f53a6fa1f656d98466b24967ff457d0 ......
checking 494fedded2d6404d69c4cf00591b003c06c7afaa ......
	 orig commit -> 3fdd34643ffc378b5924941fad40352c04610294 ......
	 orig commit -> 3fdd34643ffc378b5924941fad40352c04610294 ......
	 orig commit -> afeeecc764436f31d4447575bb9007732333818c ......
checking 4de120cba4ed4ef009edb2b17b2fa21b679b00b2 ......
	 orig commit -> 910b0797fa9e8af09c44a3fa36cb310ba7a7218d ......
