Check from v4.4.106 to v4.4.107
Commit count: 115
checking 96c00ece76be83d99dc7f66fd15e5641524791cf ......
checking a815c0a370cf9bab9f209e11b954a63b419827ad ......
	 orig commit -> ee0a47186e2fa9aa1c56cadcea470ca0ba8c8692 ......
checking 26c66554d7bf86ca332200e77c3279c9a220bf27 ......
	 orig commit -> b4b678b06f6eef18bff44a338c01870234db0bc9 ......
		 b4b678b06f6eef18bff44a338c01870234db0bc9 has problem. Fixes commit -> 1f80bd6a6cc8358b81194e1f5fc16449947396ec
checking 112814db6ec47d62943945754cf54fe5067d1a8f ......
	 orig commit -> c0b64f58e8d49570aa9ee55d880f92c20ff0166b ......
checking 4bbb49138f4ac262389754e0e0fad4b1d809a570 ......
	 orig commit -> dd6b9c2c332b40f142740d1b11fb77c653ff98ea ......
checking b8d510ff71651f2058e947c8004cdcb809c15d61 ......
	 orig commit -> abdc0eb06964fe1d2fea6dd1391b734d0590365d ......
checking a114af87c0ba390b0146411f89a2a953ffe3c31f ......
	 orig commit -> 3e351275655d3c84dc28abf170def9786db5176d ......
checking 798f085014243bf3239130889f69bb18a71e5a3e ......
	 orig commit -> 658e9a6dc1126f21fa417cd213e1cdbff8be0ba2 ......
checking c387c02d604d8ff4d422968e5348bb245e443b9e ......
	 orig commit -> 623401ee33e42cee64d333877892be8db02951eb ......
checking 2e03af22f65c67c1b0dcb0f98eee9061fe3bc0da ......
	 orig commit -> 42c8eb3f6e15367981b274cb79ee4657e2c6949d ......
checking 930fb06d16171744f3ec3ca23cb3618f27bfd01b ......
	 orig commit -> 909cf3e16a5274fe2127cf3cea5c8dba77b2c412 ......
checking 24bc48af0aee2e144655b3b1d36a96def03480d0 ......
	 orig commit -> 235b6003fb28f0dd8e7ed8fbdb088bb548291766 ......
checking 09379498aff08a64e1b7f366145e7e26209501dc ......
	 orig commit -> 1c363531dd814dc4fe10865722bf6b0f72ce4673 ......
checking 5f2dbdff20e02e381e557bd9b6dd8111d3b89997 ......
	 orig commit -> bd3486ded7a0c313a6575343e6c2b21d14476645 ......
checking 68d3bc40f5ca75c2927a9deaf887412976918bf9 ......
	 orig commit -> c79dde629d2027ca80329c62854a7635e623d527 ......
checking afa8f0a7af7041665443603ee3c20609733ce940 ......
	 orig commit -> 05c14c03138532a3cb2aa29c2960445c8753343b ......
checking 28a5b0e438f18bbacc977a38cf47b3d265ac3d27 ......
	 orig commit -> dfb2e6f46b3074eb85203d8f0888b71ec1c2e37a ......
checking 942eb7dd5e42702e3743852b151b307f1181fd45 ......
	 orig commit -> 55ca38b4255bb336c2d35990bdb2b368e19b435a ......
checking ec662d6560733ea730535069426c2eacec0ff908 ......
	 orig commit -> 16b6c8bb687cc3bec914de09061fcb8411951fda ......
checking 02922f3bb37f864ec2057ecc42f1d8c1a394b574 ......
	 orig commit -> 5e422f5e4fd71d18bc6b851eeb3864477b3d842e ......
checking f267a1390b419c46007351fae4eccaf00d204ab9 ......
	 orig commit -> 9f2a4505800607e537e9dd9dea4f55c4b0c30c7a ......
checking 92eff81ad96ad64f26df6c15eb6a734a1a13e8e0 ......
	 orig commit -> 4dc12ffeaeac939097a3f55c881d3dc3523dff0c ......
checking 230c4ba404d35ca035e76ebb268a1d86187a581b ......
	 orig commit -> c157313791a999646901b3e3c6888514ebc36d62 ......
checking 2712523730272e74d21fd7720a0f0c8e7b91b24e ......
	 orig commit -> 330a4db89d39a6b43f36da16824eaa7a7509d34d ......
checking ab9b3db4082872109372c39e4c730778752bd823 ......
	 orig commit -> cc555b09d8c3817aeebda43a14ab67049a5653f7 ......
checking 2a5bb1284e72ba1363320284b23b2da9ad72a7d6 ......
	 orig commit -> 07209fcf33542c1ff1e29df2dbdf8f29cdaacb10 ......
checking 561b9d998e654801d439529adb7aa09e3a0d33d4 ......
	 orig commit -> f02b2320b27c16b644691267ee3b5c110846f49e ......
checking 083dd685aebd7ed22320a3e02c405a67c5c0cbd0 ......
	 orig commit -> 54eff2264d3e9fd7e3987de1d7eba1d3581c631e ......
checking f56be2ce49c120f76243be425ec3d9e3ee44ae12 ......
	 orig commit -> c68ee58d9ee7b856ac722f18f4f26579c8fbd2b4 ......
checking 22a1e337ed68e1a660f6b1c5fcef76b7c7ac63e1 ......
	 orig commit -> c955bf3998efa3355790a4d8c82874582f1bc727 ......
checking b59614cfd2d3619eedc1b711ac51efb7636efba6 ......
	 orig commit -> 592e254502041f953e84d091eae2c68cba04c10b ......
checking 44de70ecec2d9aaf2a0f0c790ae4bba592c6ca3a ......
	 orig commit -> 7aacbfcb331ceff3ac43096d563a1f93ed46e35e ......
checking b397507641fb1e4b657dc93c38a9180971af8d8f ......
	 orig commit -> c7f5828bf77dcbd61d51f4736c1d5aa35663fbb4 ......
checking 75ee360a5114a702cda274efb42c4416046e5ab4 ......
	 orig commit -> 594e25e73440863981032d76c9b1e33409ceff6e ......
checking 646191449e769c29f1c01a945491c4ca2005eedf ......
	 orig commit -> 24528f089d0a444070aa4f715ace537e8d6bf168 ......
	 orig commit -> d2843c173ee53cf4c12e7dfedc069a5bc76f0ac5 ......
checking e14086b2c9bcc10b54e674078e606b1b0a0a6916 ......
	 orig commit -> 12d5a43b2dffb6cd28062b4e19024f7982393288 ......
checking 7d93603ddb655df966e3feee669009ff6f335994 ......
	 orig commit -> cfe2b621bb18d86e93271febf8c6e37622da2d14 ......
checking 09f29c7a953d81344a78516e04de16aecc238a67 ......
	 orig commit -> 6b148a7ce72a7f87c81cbcde48af014abc0516a9 ......
checking c6c3637ee8ab7cbfd2ca458c5c01b0e2d3d91b79 ......
	 orig commit -> 71e24d7731a2903b1ae2bba2b2971c654d9c2aa6 ......
checking 59720463cf28d178321612de38ebc376022c7095 ......
	 orig commit -> c5504f724c86ee925e7ffb80aa342cfd57959b13 ......
checking f46b4bab4e93d035ca0b11c8c1fb2babae41f527 ......
	 orig commit -> cd77b5ce208c153260ed7882d8910f2395bfaabd ......
		 cd77b5ce208c153260ed7882d8910f2395bfaabd has problem. Fixes commit -> 349524bc0da698ec77f2057cf4a4948eb6349265
commit 90c2e2e1a88ab8b8ca7387b49539722268ecd96e
Author: Benjamin Herrenschmidt <benh@kernel.crashing.org>
Date:   Wed Jan 10 17:10:12 2018 +1100

    powerpc: Don't preempt_disable() in show_cpuinfo()
    
    commit 349524bc0da698ec77f2057cf4a4948eb6349265 upstream.
    
    This causes warnings from cpufreq mutex code. This is also rather
    unnecessary and ineffective. If we really want to prevent concurrent
    unplug, we could take the unplug read lock but I don't see this being
    critical.
    
    Fixes: cd77b5ce208c ("powerpc/powernv/cpufreq: Fix the frequency read by /proc/cpuinfo")
    Signed-off-by: Benjamin Herrenschmidt <benh@kernel.crashing.org>
    Signed-off-by: Michael Ellerman <mpe@ellerman.id.au>
    Acked-by: Michal Suchanek <msuchanek@suse.de>
    Signed-off-by: Greg Kroah-Hartman <gregkh@linuxfoundation.org>
checking ef476a74f8edf332adb89d83dbba36c4c2ce77c5 ......
	 orig commit -> 3ad3f8ce50914288731a3018b27ee44ab803e170 ......
checking e6d8207a84b0050df467ec7f5f600f4fef79c0a0 ......
	 orig commit -> 288e7560e4d3e259aa28f8f58a8dfe63627a1bf6 ......
checking 600b973fc56f91a6daf9d640ce3ecd6555875fdb ......
	 orig commit -> a3350f9c57ffad569c40f7320b89da1f3061c5bb ......
checking ac0468efee605b6a6260223cbac53aea37412615 ......
	 orig commit -> 8cae353e6b01ac3f18097f631cdbceb5ff28c7f3 ......
checking 033d20b727f31fe047ea2f314eb0ac3a87df71ce ......
	 orig commit -> 451f130602619a17c8883dd0b71b11624faffd51 ......
checking 314ce05757950210dea77a043c33ad2bb28c2a42 ......
	 orig commit -> c98769475575c8a585f5b3952f4b5f90266f699b ......
checking 2f5427451738a4449b69438e079ad13b405ebfc6 ......
	 orig commit -> ac831a379d34109451b3c41a44a20ee10ecb615f ......
checking 57fa76a466731f94b183dadeb97aae05115e5153 ......
	 orig commit -> cbad52e92ad7f01f0be4ca58bde59462dc1afe3a ......
checking c9b79738c0ab9c54d95760403cfd17f67f956a45 ......
	 orig commit -> 760bf578edf8122f2503a3a6a3f4b0de3b6ce0bb ......
checking dfd6deed831348fc8d6cb3efca1c68c3d5b195c7 ......
	 orig commit -> d7175373f2745ed4abe5b388d5aabd06304f801e ......
checking 7f5084b98f8990317e13f6fe42238684896842f0 ......
	 orig commit -> 207ee84133c00a8a2a5bdec94df4a5b37d78881c ......
checking f9b4a2e04c22969d474394df0f882411ddfa3cd7 ......
	 orig commit -> e1699d2d7bf6e6cce3e1baff19f9dd4595a58664 ......
checking 248aa3accad95cb1e381188bb41beceb7a4ac49e ......
	 orig commit -> 033853325fe3bdc70819a8b97915bd3bca41d3af ......
		 033853325fe3bdc70819a8b97915bd3bca41d3af has problem. Fixes commit -> 943cff67b842839f4f35364ba2db5c2d3f025d94
commit a88fd5847b939a87f4814b41814c74ec1d2a5309
Author: Trond Myklebust <trond.myklebust@hammerspace.com>
Date:   Tue Sep 18 10:07:44 2018 -0400

    NFSv4.1: Fix the r/wsize checking
    
    commit 943cff67b842839f4f35364ba2db5c2d3f025d94 upstream.
    
    The intention of nfs4_session_set_rwsize() was to cap the r/wsize to the
    buffer sizes negotiated by the CREATE_SESSION. The initial code had a
    bug whereby we would not check the values negotiated by nfs_probe_fsinfo()
    (the assumption being that CREATE_SESSION will always negotiate buffer values
    that are sane w.r.t. the server's preferred r/wsizes) but would only check
    values set by the user in the 'mount' command.
    
    The code was changed in 4.11 to _always_ set the r/wsize, meaning that we
    now never use the server preferred r/wsizes. This is the regression that
    this patch fixes.
    Also rename the function to nfs4_session_limit_rwsize() in order to avoid
    future confusion.
    
    Fixes: 033853325fe3 (NFSv4.1 respect server's max size in CREATE_SESSION")
    Cc: stable@vger.kernel.org # v4.11+
    Signed-off-by: Trond Myklebust <trond.myklebust@hammerspace.com>
    Signed-off-by: Greg Kroah-Hartman <gregkh@linuxfoundation.org>
checking a49aa7aadbd36395d3463bcadcdf187477c048ad ......
	 orig commit -> 822f5845f710e57d7e2df1fd1ee00d6e19d334fe ......
checking dc81417eedf55a92503b718ecd7b5b356a2c7d97 ......
	 orig commit -> e7ede72a6d40cb3a30c087142d79381ca8a31dab ......
checking acc7d1bd901cde5acc6891ebc6be6cfc614fb868 ......
	 orig commit -> 4cbe4dac82e423ecc9a0ba46af24a860853259f4 ......
checking 5e469e44c8fd338183ea08adb143bb6e9a645ff1 ......
	 orig commit -> 7286a35e893176169b09715096a4aca557e2ccd2 ......
checking 80f74cef482f3ea77f918eeb739e588aeaeb20f9 ......
	 orig commit -> 6d06b0d25209c80e99c1e89700f1e09694a3766b ......
checking c58d7796ab9329241d54c143658132980ad536a5 ......
	 orig commit -> ab94f5d0dd6fd82e7eeca5e7c8096eaea0a0261f ......
checking fa034538cb041dd79eba2affd76c232eb7aefa2c ......
	 orig commit -> 146a1192783697810b63a1e41c4d59fc93387340 ......
checking 1efae6ca3418855d3106aef4d763bf2f29b4c04d ......
	 orig commit -> 56e714312e7dbd6bb83b2f78d3ec19a404c7649f ......
checking 43e68e3725df183ec3b3eeb0207d6265a96477d2 ......
	 orig commit -> 8a79790bf0b7da216627ffb85f52cfb4adbf1e4e ......
checking 9d8d20570f39fd38a78333ea2404250041288f43 ......
	 orig commit -> 58fed94dfb17e89556b5705f20f90e5b2971b6a1 ......
checking 549d7b98f55e61aa30b2db241509f43265c7175e ......
	 orig commit -> 627f46943ff90bcc32ddeb675d881c043c6fa2ae ......
checking bb7a7cd6194f9d1f789ce4f83a086024bc93941f ......
	 orig commit -> 6186f0788b31f44affceeedc7b48eb10faea120d ......
checking 1c277e9ebba6ee648b70e4dc4794e67c3d2d80cd ......
	 orig commit -> 29c8bbbd6e21daa0997d1c3ee886b897ee7ad652 ......
checking fec8348008b5b7ab934b1553e34dfff37a03ade2 ......
	 orig commit -> 66822d815ae61ecb2d9dba9031517e8a8476969d ......
checking 6a51e93b2fe340708110899605fa36877db4c29c ......
	 orig commit -> 40ceda09c8c84694c2ca6b00bcc6dc71e8e62d96 ......
checking 51b3eac39a6ce8e90b1faad510f8fdaed2805b62 ......
	 orig commit -> 2317d5f1c34913bac5971d93d69fb6c31bb74670 ......
checking ca91884bcf7de730344ab13cbcaf4279e7fe38a7 ......
	 orig commit -> df8eac8cafce7d086be3bd5cf5a838fa37594dfb ......
		 df8eac8cafce7d086be3bd5cf5a838fa37594dfb has problem. Fixes commit -> ae83b56a56f8d9643dedbee86b457fa1c5d42f59
commit 8bd58b61d2faacdacd05287a3bbb32ad226b5428
Author: Xunlei Pang <xlpang@redhat.com>
Date:   Wed May 10 21:03:37 2017 +0800

    sched/deadline: Zero out positive runtime after throttling constrained tasks
    
    commit ae83b56a56f8d9643dedbee86b457fa1c5d42f59 upstream.
    
    When a contrained task is throttled by dl_check_constrained_dl(),
    it may carry the remaining positive runtime, as a result when
    dl_task_timer() fires and calls replenish_dl_entity(), it will
    not be replenished correctly due to the positive dl_se->runtime.
    
    This patch assigns its runtime to 0 if positive after throttling.
    
    Signed-off-by: Xunlei Pang <xlpang@redhat.com>
    Signed-off-by: Peter Zijlstra (Intel) <peterz@infradead.org>
    Acked-by: Daniel Bristot de Oliveira <bristot@redhat.com>
    Cc: Juri Lelli <juri.lelli@arm.com>
    Cc: Linus Torvalds <torvalds@linux-foundation.org>
    Cc: Luca Abeni <luca.abeni@santannapisa.it>
    Cc: Mike Galbraith <efault@gmx.de>
    Cc: Peter Zijlstra <peterz@infradead.org>
    Cc: Steven Rostedt <rostedt@goodmis.org>
    Cc: Thomas Gleixner <tglx@linutronix.de>
    Fixes: df8eac8cafce ("sched/deadline: Throttle a constrained deadline task activated after the deadline)
    Link: http://lkml.kernel.org/r/1494421417-27550-1-git-send-email-xlpang@redhat.com
    Signed-off-by: Ingo Molnar <mingo@kernel.org>
    Cc: Ben Hutchings <ben.hutchings@codethink.co.uk>
    Signed-off-by: Greg Kroah-Hartman <gregkh@linuxfoundation.org>
checking cd0e18d2f24b58f0793f3c7af2d75def1daec8a2 ......
	 orig commit -> 5ac69d37784b237707a7b15d199cdb6c6fdb6780 ......
checking 4c6567f5af9ab46754befb953761135b37b249f5 ......
	 orig commit -> 0f424de1fd9bc4ab24bd1fe5430ab5618e803e31 ......
checking c383ebf1acd6e30fb6b93078d5c0b20c1769a907 ......
	 orig commit -> fe8daf5fa715f7214952f06a387e4b7de818c5be ......
checking a33a9d0c705fefb20a937708314aad65e09da110 ......
	 orig commit -> 87b9e6aa87d9411f1059aa245c0c79976bc557ac ......
checking 0a609298214bed0db80da031e9193b2c39a96c3b ......
	 orig commit -> 85b29008d8af6d94a0723aaa8d93cfb6e041158b ......
		 85b29008d8af6d94a0723aaa8d93cfb6e041158b has problem. Fixes commit -> eb94588dabec82e012281608949a860f64752914
commit ec7a002d7796a1831d171159366d71fbcc8bf049
Author: Tomas Henzl <thenzl@redhat.com>
Date:   Mon Mar 20 16:42:48 2017 +0100

    scsi: hpsa: fix volume offline state
    
    commit eb94588dabec82e012281608949a860f64752914 upstream.
    
    In a previous patch a hpsa_scsi_dev_t.volume_offline update line has
    been removed, so let us put it back..
    
    Fixes: 85b29008d8 (hpsa: update check for logical volume status)
    Signed-off-by: Tomas Henzl <thenzl@redhat.com>
    Acked-by: Don Brace <don.brace@microsemi.com>
    Signed-off-by: Martin K. Petersen <martin.petersen@oracle.com>
    Cc: Ben Hutchings <ben.hutchings@codethink.co.uk>
    Signed-off-by: Greg Kroah-Hartman <gregkh@linuxfoundation.org>
checking b0def6f1e26b4b3a53865f9e34d95f6cd460a22a ......
	 orig commit -> 154e67cd8e8f964809d0e75e44bb121b169c75b3 ......
checking 1236cc3664dc6b5ad9fe5175ef2c033bb25c5102 ......
	 orig commit -> 340837f985c2cb87ca0868d4aa9ce42b0fab3a21 ......
checking d270d24ee59682db2d84fabc5ee12ff7c75ed43e ......
	 orig commit -> e9093b1183bbac462d2caef3eac165778c0b1bf1 ......
checking e934e13550a0803fae96167515d34a96797edcbd ......
	 orig commit -> f004ec065b4879d6bc9ba0211af2169b3ce3097f ......
checking 677a7aac2ec61af2f8cf6d4ebb59c7a7671bf320 ......
	 orig commit -> 37c343b4f4e70e9dc328ab04903c0ec8d154c1a4 ......
checking 26af6a8b51f110a4c3b69156a1d9886bbccffabf ......
	 orig commit -> 23f963e91fd81f44f6b316b1c24db563354c6be8 ......
checking 9cd4b8684621ae667af599db2d3f3062f37c47dd ......
	 orig commit -> 6e526fdff7be4f13b24f929a04c0e9ae6761291e ......
checking b424289863d09900643c8e2dd6fa53a465895258 ......
	 orig commit -> 4a3a485b1ed0e109718cc8c9d094fa0f552de9b2 ......
checking fbdf477fcff6b16869665cbf7a38c1b6dbfe0d8a ......
	 orig commit -> 4ca60d08cbe65f501baad64af50fceba79c19fbb ......
checking 7edb2d2d86808c05ea75f4269c41bcc775988b08 ......
	 orig commit -> 9fa1d7537242bd580ffa99c4725a0407096aad26 ......
checking dbfba339c729fa1fc355166b1b77b0a81a4e07ee ......
	 orig commit -> a4c2a13129f7c5bcf81704c06851601593303fd5 ......
checking df56784760405b586a94beb94ad513ad45094ae1 ......
	 orig commit -> 800a938f0bf9130c8256116649c0cc5806bfb2fd ......
checking 5b0334584ad613c3ab0009c51828af3c1f3b653e ......
	 orig commit -> 928c6fb3a9bfd6c5b287aa3465226add551c13c0 ......
checking 067cb6b2f7162fa11c4f7c423e31bb3c39f29665 ......
	 orig commit -> 6be371b053dc86f11465cc1abce2e99bda0a0574 ......
checking a33e082dcaf42ce5813e7368a4c1a6666501fcf8 ......
	 orig commit -> 7627409cc4970e8c8b9de6945ad86a575290a94e ......
checking 8aaed873f3b980a85087f2b5347a0acafb4bd63d ......
	 orig commit -> eca4bad73409aedc6ff22f823c18b67a4f08c851 ......
checking c25da696fca149bb76e7ee37844f872565493c92 ......
	 orig commit -> 1ad3d225e5a40ca6c586989b4baaca710544c15a ......
checking 296b584763f7d87d475da9eba5090b874b7b50ac ......
	 orig commit -> ffff71328a3c321f7c14cc1edd33577717037744 ......
checking accbd99507b1b22a0402cfd7b385a87a541f404d ......
	 orig commit -> 9f138fa609c47403374a862a08a41394be53d461 ......
checking b5213e1e9f25ccde958aa6364815ee87fef91100 ......
	 orig commit -> 46aa6a302b53f543f8e8b8e1714dc5e449ad36a6 ......
checking ee9be99630398c907261042ed092612bcbfaa69d ......
	 orig commit -> 6bbc4a4144b1a69743022ac68dfaf6e7d993abb9 ......
checking 0d0456ec2b089457233f4a33c9939dfeff11fbbd ......
	 orig commit -> 9c8043f337f14d1743006dfc59c03e80a42e3884 ......
checking a1d72bc18e776f8c5fc5918fc4f4a2795f31a416 ......
	 orig commit -> fd567653bdb908009b650f079bfd4b63169e2ac4 ......
		 fd567653bdb908009b650f079bfd4b63169e2ac4 has problem. Fixes commit -> a7f12a21f6b32bdd8d76d3af81eef9e72ce41ec0
checking 75252bfe9e493a314d62e820aea07a6c48dea833 ......
	 orig commit -> 57629915d568c522ac1422df7bba4bee5b5c7a7c ......
checking 13e86efb2eee6bd1f2d0aae5b0273e8e65683c9d ......
	 orig commit -> 4dca6ea1d9432052afb06baf2e3ae78188a4410b ......
checking ef7ce82bc28065fd916fc1c0f7e00c2151fcd8a0 ......
	 orig commit -> 9d5afec6b8bd46d6ed821aa1579634437f58ef1f ......
checking 2c367edaba650af3d58fd68b6600fc4cbed77c1a ......
	 orig commit -> c894aa97577e47d3066b27b32499ecf899bfa8b0 ......
checking 52425e042843c935f35480192610fca850283578 ......
	 orig commit -> 6f6a23a213be51728502b88741ba6a10cda2441d ......
		 6f6a23a213be51728502b88741ba6a10cda2441d has problem. Fixes commit -> 66b3bd2356e0a1531c71a3dcf96944621e25c17c
commit 002530fd6057df8595ffe391ea63d1e99e573151
Author: Yang Shunyong <shunyong.yang@hxt-semitech.com>
Date:   Mon Jan 29 14:40:11 2018 +0800

    dmaengine: dmatest: fix container_of member in dmatest_callback
    
    commit 66b3bd2356e0a1531c71a3dcf96944621e25c17c upstream.
    
    The type of arg passed to dmatest_callback is struct dmatest_done.
    It refers to test_done in struct dmatest_thread, not done_wait.
    
    Fixes: 6f6a23a213be ("dmaengine: dmatest: move callback wait ...")
    Signed-off-by: Yang Shunyong <shunyong.yang@hxt-semitech.com>
    Acked-by: Adam Wallis <awallis@codeaurora.org>
    Signed-off-by: Vinod Koul <vinod.koul@intel.com>
    Signed-off-by: Greg Kroah-Hartman <gregkh@linuxfoundation.org>
checking af36d95af55f4bac94128875491671771d3d4916 ......
	 orig commit -> f73c52a5bcd1710994e53fbccc378c42b97a06b6 ......
checking f98ee9c0007bfe8f4465fabc762372add67d18fb ......
	 orig commit -> 5d9b70f7d52eb14bb37861c663bae44de9521c35 ......
checking ffc7565746bb2fc063fc0f484c55ef6d8951a6ee ......
	 orig commit -> a0085f2510e8976614ad8f766b209448b385492f ......
checking 8c7c3d5b785f539da3f45920c7c1ab5de5727ba7 ......
	 orig commit -> 040d786032bf59002d374b86d75b04d97624005c ......
checking 2862cfca39894ac265fbb5cde9a3ff90c02201f3 ......
	 orig commit -> be6123df1ea8f01ee2f896a16c2b7be3e4557a5a ......
checking dfdf5fa3e6647c0fc02be8d857b6b8b7098946ff ......
	 orig commit -> 48a4ff1c7bb5a32d2e396b03132d20d552c0eca7 ......
checking 05de6fa5c0e2fbbed4d41eaf2b474a863c544532 ......
	 orig commit -> 62354454625741f0569c2cbe45b2d192f8fd258e ......
checking a34419b3f6a277b4da240f7b7a5e8be4d5c2356b ......
	 orig commit -> 90e406f96f630c07d631a021fd4af10aac913e77 ......
checking c60db4f68593e381571fdf9e2111363e1793cdf4 ......
	 orig commit -> 302ec300ef8a545a7fc7f667e5fd743b091c2eeb ......
checking 8a311b0462b59d12cb14e82e626d3612d988135b ......
	 orig commit -> ecaaab5649781c5a0effdaf298a925063020500e ......
checking 43cd7f38612df31fbd929588c065cfbc42102aab ......
	 orig commit -> af3ff8045bbf3e32f1a448542e73abb4c8ceb6f1 ......
