Check from v4.4.12 to v4.4.13
Commit count: 98
checking ba760d4302e4fce130007b8bdbce7fcafc9bd9a9 ......
checking 55f6ddfceef32eb9d7174ad5a74e473ef76cfe3b ......
	 orig commit -> 7d6a13f023567d573ac362502bb702eda716e654 ......
checking 063b0dc8b46e56efa480bc2640fe01024f709482 ......
	 orig commit -> 233135b763db7c64d07b728a9c66745fb0376275 ......
checking 21cfd6cc64f531fa2d96eaa7b816af4ed7428227 ......
	 orig commit -> 7d3aa7fe970791f1a674b14572a411accf2f4d4e ......
checking baa7a74d6df5e67d62045ad6d7dbe1942bbbbefe ......
	 orig commit -> 51b07f30a71c27405259a0248206ed4e22adbee2 ......
checking 7dc8f21bd5afbabb086891b3a9d0930883bed793 ......
	 orig commit -> b1438f477934f5a4d5a44df26f3079a7575d5946 ......
checking d7d92ca7dd363153407b19c749ce9a9ea1f46fcb ......
	 orig commit -> ad747e3b299671e1a53db74963cc6c5f6cdb9f6d ......
checking ec86bfec23e3e5d92ac5e6242f074c92f127d6ef ......
	 orig commit -> d0a58e833931234c44e515b5b8bede32bd4e6eed ......
checking 8edc7f04694d0fd243425e65299ee6ec10259b4f ......
	 orig commit -> c87bf431448b404a6ef5fbabd74c0e3e42157a7f ......
checking 4b2fb17654ef0ffd08b92293a09c5ead0499e2ef ......
	 orig commit -> 65a9f31c5042e5bb50d30ed8ae374044be561054 ......
checking 7d0b494532b703da654f96389804f491a6594bbb ......
	 orig commit -> 3017cd63f26fc655d56875aaf497153ba60e9edf ......
checking 98c28450538d0a191d031cce8852e568b62a1127 ......
	 orig commit -> 3a17fb329da68cb00558721aff876a80bba2fdb9 ......
checking 8b8de1c9295cafcc9a9b85b3287acac7d948fb63 ......
	 orig commit -> 935244cd54b86ca46e69bc6604d2adfb1aec2d42 ......
checking 12aa7d95f4882d21cd337d4f6fd40859cac67688 ......
	 orig commit -> b5cb316cdf3a3f5f6125412b0f6065185240cfdc ......
checking b2601bb015a7681fb44bd7a2f15760b2396d0de7 ......
	 orig commit -> 74177f55b70e2f2be770dd28684dd6d17106a4ba ......
checking b2044c3f8310ccac10122f2fa64f8ae574b4bfef ......
	 orig commit -> 7827a7f6ebfcb7f388dc47fddd48567a314701ba ......
checking c5ce389844f2686564e1217c94c4c3e92fab413d ......
	 orig commit -> c9eb13a9105e2e418f72e46a2b6da3f49e696902 ......
checking 137bd12493e76f610aa56cee1e63e70b3707f6d8 ......
	 orig commit -> 310944d148e3600dcff8b346bee7fa01d34903b1 ......
checking d7d5e9bed91c75e765f9219a58199ce9bf5e3db3 ......
	 orig commit -> 7045c3689f148a0c95f42bae8ef3eb2829ac7de9 ......
checking 8453324b7f4968ad2ebd90c9831c05f9801d92c3 ......
checking c5b424e7fd4204a16a0884c2e544ff14083cd5bd ......
	 orig commit -> 255f0e7c418ad95a4baeda017ae6182ba9b3c423 ......
checking c0217001bc050076131309291ec81310a0146e30 ......
	 orig commit -> 14a3842a1d5945067d1dd0788f314e14d5b18e5b ......
checking 4630a1d74d0a3cc76573fc43fb7c7009265c035a ......
	 orig commit -> 9d746ab68163d642dae13756b2b3145b2e38cb65 ......
checking bf9be90437e6f2a6079b9a00619ba58906997f56 ......
	 orig commit -> 6b8812eb004ee2b24aac8b1a711a0e8e797df3ce ......
checking 55d851a914b51e79b33e52dabef18fe22ea80a46 ......
	 orig commit -> 7851496a32319237456919575e5f4ba62f74cc7d ......
checking c170833402b26fcbaa783bb044b11398724bd388 ......
	 orig commit -> e02e58843153ce80a9fe7588def89b2638d40e64 ......
checking 267706b9c5bacb58aacf631b8cc5b7ec0e8cab22 ......
	 orig commit -> 1883598d4201361a6d2ce785095695f58071ee11 ......
checking 50dd02e72b9792a22d39bf73b6d2490451f14f9b ......
	 orig commit -> 7ccca1d5bf69fdd1d3c5fcf84faf1659a6e0ad11 ......
checking 6c1e441c3b16d417dc29397c5b88d978d4e7c414 ......
	 orig commit -> c0cb8bf3a8e4bd82e640862cdd8891400405cb89 ......
checking aa1cc4d4753f56f85c3df65a574d8fdb5823c243 ......
	 orig commit -> dd14be92fbf5bc1ef7343f34968440e44e21b46a ......
checking 6232876e14a5a7fc0b0449a740bda8ffe2ed59ed ......
	 orig commit -> f0f393877c71ad227d36705d61d1e4062bc29cf5 ......
checking 0118086d556d96f85ecc5455016ed1f447267bda ......
	 orig commit -> 5a0cdbfd17b90a89c64a71d8aec9773ecdb20d0d ......
checking af64f74e5f72903de2ce891bde1386a6d3be712c ......
	 orig commit -> c2078d9ef600bdbe568c89e5ddc2c6f15b7982c8 ......
checking d140d14201f8a0e5a0d3b690ebb346f380e60386 ......
	 orig commit -> affeb0f2d3a9af419ad7ef4ac782e1540b2f7b28 ......
checking 5d3bb5e616bc03dfb963ddff665023564fbcc8e8 ......
	 orig commit -> 8ed8ab40047a570fdd8043a40c104a57248dd3fd ......
checking fa6d0ba12a8eb6a2e9a1646c5816da307c1f93a7 ......
	 orig commit -> 759c01142a5d0f364a462346168a56de28a80f52 ......
		 759c01142a5d0f364a462346168a56de28a80f52 has problem. Fixes commit -> 85c2dd5473b2718b4b63e74bfeb1ca876868e11f
checking 5015641d2152f0fdb328d45d517db95be5485edc ......
	 orig commit -> 11ca2b7ab432eb90906168c327733575e68d388f ......
checking 0eea2e24fc600fa20d357e022ef29029140bb714 ......
	 orig commit -> bf959931ddb88c4e4366e96dd22e68fa0db9527c ......
checking 18875bf7728d25dec9bce7966c2fe4fefd5d00bc ......
	 orig commit -> 4b50bcc7eda4d3cc9e3f2a0aa60e590fedf728c5 ......
checking 08c6a55e79c3e83a69b7e59f55f2307708eb706e ......
	 orig commit -> baf43c6eace43868e490f18560287fa3481b2159 ......
checking a87f69dceff5c93a7d8f70f2cb255e1fcbda83bb ......
	 orig commit -> ad67b437f187ea818b2860524d10f878fadfdd99 ......
checking f4b0dd357f31c3f794ebb171a4ed903c0eee4565 ......
	 orig commit -> 71324fdc72ef0163e57631aa814a9a81e9e4770b ......
checking b2cfbf421062a4f27801d6771dfd83c1cd894342 ......
	 orig commit -> 997f16bd5d2e9b3456027f96fcadfe1e2bf12f4e ......
checking 3232e7c4db4fd966b30ceec24ed9f37277a81c61 ......
	 orig commit -> 6727f086cfe4ddcc651eb2bf4301abfcf619be06 ......
checking 4ee87930e4e26a1f873086ab24d53b946787c63f ......
	 orig commit -> cb0ceaf77d93964a0d00477c79f4499123f6159c ......
checking d5298429006ed65ad676f3b7ade0b52fd712dea7 ......
	 orig commit -> e708b383f4b94feca2e0d5d06e1cfc13cdfea100 ......
checking dd1917666c6d13f1bdb34ef4647205e732df06d1 ......
	 orig commit -> e7387da52028b072489c45efeb7a916c0205ebd2 ......
checking 3b2321716df07e7a61fdc8a7e54d2a85c878d758 ......
	 orig commit -> c998c07836f985b24361629dc98506ec7893e7a0 ......
checking a1e15f5ae6d69e834b751b719d007b380f4a42fb ......
	 orig commit -> 0ae3aeefabbeef26294e7a349b51f1c761d46c9f ......
checking 4072a4bcd24f2b07eb1b6dfc2a2e7fac4c501114 ......
	 orig commit -> 36e6d081cfb2cb64e6d8e5121cffb1e62f894d36 ......
checking d306f756f8c63ea820af01ecf27e089f3118a00a ......
	 orig commit -> 41a3da2b8e1639d983192e3650670df4ecc94cf7 ......
		 41a3da2b8e1639d983192e3650670df4ecc94cf7 has problem. Fixes commit -> 274e43edcda6f709aa67e436b3123e45a6270923
commit 0c6e0db9686bfd119593a28fb26704dc58864b70
Author: Azhar Shaikh <azhar.shaikh@intel.com>
Date:   Wed Oct 12 10:12:20 2016 -0700

    mfd: intel-lpss: Do not put device in reset state on suspend
    
    commit 274e43edcda6f709aa67e436b3123e45a6270923 upstream.
    
    Commit 41a3da2b8e163 ("mfd: intel-lpss: Save register context on
    suspend") saved the register context while going to suspend and
    also put the device in reset state.
    
    Due to the resetting of device, system cannot enter S3/S0ix
    states when no_console_suspend flag is enabled. The system
    and serial console both hang. The resetting of device is not
    needed while going to suspend. Hence remove this code.
    
    Fixes: 41a3da2b8e163 ("mfd: intel-lpss: Save register context on suspend")
    Signed-off-by: Azhar Shaikh <azhar.shaikh@intel.com>
    Acked-by: Mika Westerberg <mika.westerberg@linux.intel.com>
    Reviewed-by: Andy Shevchenko <andriy.shevchenko@linux.intel.com>
    Signed-off-by: Lee Jones <lee.jones@linaro.org>
    Signed-off-by: Greg Kroah-Hartman <gregkh@linuxfoundation.org>
checking b8562066d4819ee23d3f8da2fa5e9160bf854835 ......
	 orig commit -> 7a18afe8097731b8ffb6cb5b2b3b418ded77c105 ......
checking 9a11bd2d14ad54e92170cdc9c2e2f278305929c1 ......
	 orig commit -> 78cbccd3bd683c295a44af8050797dc4a41376ff ......
		 78cbccd3bd683c295a44af8050797dc4a41376ff has problem. Fixes commit -> 8af8e1c22f9994bb1849c01d66c24fe23f9bc9a0
commit 4d6bdf7c73e7e92ca143bc07b78681749f643ac4
Author: Dave Carroll <david.carroll@microsemi.com>
Date:   Thu Feb 9 11:04:47 2017 -0700

    scsi: aacraid: Fix INTx/MSI-x issue with older controllers
    
    commit 8af8e1c22f9994bb1849c01d66c24fe23f9bc9a0 upstream.
    
    commit 78cbccd3bd68 ("aacraid: Fix for KDUMP driver hang")
    
    caused a problem on older controllers which do not support MSI-x (namely
    ASR3405,ASR3805). This patch conditionalizes the previous patch to
    controllers which support MSI-x
    
    Fixes: 78cbccd3bd68 ("aacraid: Fix for KDUMP driver hang")
    Reported-by: Arkadiusz Miskiewicz <a.miskiewicz@gmail.com>
    Signed-off-by: Dave Carroll <david.carroll@microsemi.com>
    Reviewed-by: Raghava Aditya Renukunta <RaghavaAditya.Renukunta@microsemi.com>
    Signed-off-by: Martin K. Petersen <martin.petersen@oracle.com>
    Signed-off-by: Greg Kroah-Hartman <gregkh@linuxfoundation.org>
checking 0f0a9a1866754cc025030789bb4928d8b50cc5e5 ......
	 orig commit -> fc4bf75ea300a5e62a2419f89dd0e22189dd7ab7 ......
checking 9a5ca989b54975b40915bc6fa5c909cf11f90c62 ......
	 orig commit -> 07beca2be24cc710461c0b131832524c9ee08910 ......
checking 04a6bcca2f76f7aa5b8749644e3a2947a3cf040d ......
	 orig commit -> cf968937d27751296920e6b82ffa89735e3a0023 ......
checking d896d805dbf5ebf6814c4e84d5321a8169304b19 ......
	 orig commit -> 873ffe154ae074c46ed2d72dbd9a2a99f06f55b4 ......
checking ad4d53046e1d131de921176d49cf805744089a0c ......
	 orig commit -> baa1702290953295e421f0f433e2b1ff4815827c ......
		 baa1702290953295e421f0f433e2b1ff4815827c has problem. Fixes commit -> af8a41cccf8f469165c6debc8fe07c5fd2ca501a
checking 5618e882939a08f5733743ec5c296fa5254dc110 ......
	 orig commit -> c18d8f5095715c56bb3cd9cba64242542632054b ......
		 c18d8f5095715c56bb3cd9cba64242542632054b has problem. Fixes commit -> af8a41cccf8f469165c6debc8fe07c5fd2ca501a
checking c56cebbe83dde1c93599eb29d85d5c889d7a00cf ......
	 orig commit -> f1925d78d7b710a1179828d53e918295f5f5d222 ......
checking ab1619f4f94b908bfa33ef7eb505c50955741eb4 ......
	 orig commit -> 7b9bc799a445aea95f64f15e0083cb19b5789abe ......
checking dcd9fc92f1453d1f61279f2352d093bd8ce324cd ......
	 orig commit -> 4ad24a9d83bd4bf0a85e95bf144e18d3fda4fbf1 ......
checking 117d1b454bf5b8e66bc4ebfc50437977a52b0ce5 ......
	 orig commit -> 1ce8c1484e80010a6e4b9611c65668ff77556f45 ......
checking 86834a9133bb79a5dc078539385984a5afae014f ......
	 orig commit -> 8a75fc54745fd3ce9062ab1cc6429a9da9ac2a68 ......
checking b89721d70e1cce49e4f503ad9df765a02fb60cd8 ......
	 orig commit -> 9ddc486aa09a3413a6c492fcf160ce61bfccb7b1 ......
checking 354c6bccfc258851f7a6c9287f4e98a832feef22 ......
	 orig commit -> 0f9edcdd88a993914fa1d1dc369b35dc503979db ......
		 0f9edcdd88a993914fa1d1dc369b35dc503979db has problem. Fixes commit -> 79e57dd113d307a6c74773b8aaecf5442068988a
commit dae7cb41483423e2a64b128d73718b8ae5e96d2c
Author: Vittorio Gambaletta (VittGam) <linux-wireless@vittgam.net>
Date:   Wed Nov 9 03:40:56 2016 +0200

    ath9k: Really fix LED polarity for some Mini PCI AR9220 MB92 cards.
    
    commit 79e57dd113d307a6c74773b8aaecf5442068988a upstream.
    
    The active_high LED of my Wistron DNMA-92 is still being recognized as
    active_low on 4.7.6 mainline. When I was preparing my former commit
    0f9edcdd88a9 ("ath9k: Fix LED polarity for some Mini PCI AR9220 MB92
    cards.") to fix that I must have somehow messed up with testing, because
    I tested the final version of that patch before sending it, and it was
    apparently working; but now it is not working on 4.7.6 mainline.
    
    I initially added the PCI_DEVICE_SUB section for 0x0029/0x2096 above the
    PCI_VDEVICE section for 0x0029; but then I moved the former below the
    latter after seeing how 0x002A sections were sorted in the file.
    
    This turned out to be wrong: if a generic PCI_VDEVICE entry (that has
    both subvendor and subdevice IDs set to PCI_ANY_ID) is put before a more
    specific one (PCI_DEVICE_SUB), then the generic PCI_VDEVICE entry will
    match first and will be used.
    
    With this patch, 0x0029/0x2096 has finally got active_high LED on 4.7.6.
    
    While I'm at it, let's fix 0x002A too by also moving its generic definition
    below its specific ones.
    
    Fixes: 0f9edcdd88a9 ("ath9k: Fix LED polarity for some Mini PCI AR9220 MB92 cards.")
    Signed-off-by: Vittorio Gambaletta <linuxbugs@vittgam.net>
    [kvalo@qca.qualcomm.com: improve the commit log based on email discussions]
    Signed-off-by: Kalle Valo <kvalo@qca.qualcomm.com>
    Signed-off-by: Greg Kroah-Hartman <gregkh@linuxfoundation.org>
checking cc2e71f0b16f309b11b0fcdfd934ea2e4d0db13b ......
	 orig commit -> cd84042ce9040ad038e958bc67a46fcfc015c736 ......
checking 670664734da1f96f7d8525a91cd71a4c21db460f ......
	 orig commit -> 3397c2c45b1b6f54834dfeae30a73046f33ca943 ......
checking 59bc5bedbd712003945e6d6bbef0aba5bb4603dc ......
	 orig commit -> 330d12764e15f6e3e94ff34cda29db96d2589c24 ......
checking 5d03c6ea151f5a4f5c0189bceddc10badf4cb54d ......
	 orig commit -> b1f3a3b03eb5f61b4051e2da9aa15653e705e111 ......
checking 90756ca854623b5f2bbcd4447b420ba46ee9cda1 ......
	 orig commit -> 9800917cf92f5b5fe5cae706cb70db8d014f663c ......
checking 854d1c275baea33efabec4daf97f7d662cad6505 ......
	 orig commit -> affa80bd97f7ca282d1faa91667b3ee9e4c590e6 ......
checking 8f1b5ede037a9c704283e3ac31f161523885dacc ......
	 orig commit -> d3030d11961a8c103cf07aed59905276ddfc06c2 ......
checking 91bb3cf4785d545074689f481ff1a0bd5322d45b ......
	 orig commit -> 01d6e08711bf90bc4d7ead14a93a0cbd73b1896a ......
checking 71f5e9b77853dc80ed1b1d5b8428f0e10b3ae1d3 ......
	 orig commit -> 94cc36b84acc29f543b48bc5ed786011b112a666 ......
checking 7b74228bb0815412ed2735b379113ee386179766 ......
	 orig commit -> aedcfbe06558a9f53002e82d5be64c6c94687726 ......
checking bfcc040a885bc182ad950cc45b00d0e1367a7284 ......
	 orig commit -> bb93078e655be1e24d68f28f2756676e62c037ce ......
checking 1985bf8d711a562dd143be05f05707333fbf7c7b ......
	 orig commit -> 13eb192d10bcc9ac518d57356179071d603bcb4e ......
checking 13defedff19cae72e2b88a120c03792b3610bb06 ......
	 orig commit -> abf378be49f38c4d3e23581d3df3fa9f1b1b11d2 ......
checking e47a4d4f11421b5725cba669bfef200bdc49564d ......
	 orig commit -> 4249548454f7ba4581aeee26bd83f42b48a14d15 ......
checking 57a94749251c3a5ce07b237a16723be8ea01b1ac ......
	 orig commit -> bd239f1e1429e7781096bf3884bdb1b2b1bb4f28 ......
checking 6dc9f27c09cf380f70505c08bcd805e4495ab4f8 ......
	 orig commit -> 6533af4d4831c421cd9aa4dce7cfc19a3514cc09 ......
checking 612d5094624df41eb4cd83a8594836836e1041cd ......
	 orig commit -> ea1688573426adc2587ed52d086b51c7c62eaca3 ......
checking 73410f3b164cd436aaaf6a1944aab4892d7b92f2 ......
	 orig commit -> 8a3c8b48aca8771bff3536e40aa26ffb311699d1 ......
checking 1a01c8c418772bc87a182126e16eba8400eaf46a ......
	 orig commit -> 3484de7bcbed20ecbf2b8d80671619e7059e2dd7 ......
checking f2c41222fc75e84b2f0337b673b31ae7e1bd6fd7 ......
	 orig commit -> a95d069204e178f18476f5499abab0d0d9cbc32c ......
checking 969f0f69e8d0c4b2706c9c31589c2ac39806dafd ......
	 orig commit -> f5b556c94c8490d42fea79d7b4ae0ecbc291e69d ......
checking 6a0538541547a6513126f947b4417ff6ee8a9316 ......
	 orig commit -> 37d22a0d798b5c938b277d32cfd86dc231381342 ......
checking a8c09ec300b6bdfae69d03fd047848f8d34421e8 ......
	 orig commit -> f4281bba818105c7c91799abe40bc05c0dbdaa25 ......
checking a3dc327c1f5ccbe64d998f5e44926c967afd8a30 ......
	 orig commit -> 234859e49a15323cf1b2331bdde7f658c4cb45fb ......
checking 68d64569ff9568752eee68ee2fceaf68725834e9 ......
	 orig commit -> a7e89326b415b5d81c4b1016fd4a40db861eb58d ......
checking d59a1b85d6b7d16485f5362077e2ed9a5c9022cd ......
	 orig commit -> 987e5b834467c9251ca584febda65ef8f66351a9 ......
checking df27ff8678252b751e6bc2ea8835e58eb43b8e30 ......
	 orig commit -> 5daebc477da4dfeb31ae193d83084def58fd2697 ......
checking fdb691ea15b53da6854b8820df96926eb199ad2c ......
	 orig commit -> 81a76d7119f63c359750e4adeff922a31ad1135f ......
		 81a76d7119f63c359750e4adeff922a31ad1135f has problem. Fixes commit -> 854236363370995a609a10b03e35fd3dc5e9e4a1
commit cb611ead80a2fb8ad233d163a759c108069a2458
Author: James Hogan <james.hogan@imgtec.com>
Date:   Thu Jun 29 15:05:04 2017 +0100

    MIPS: Avoid accidental raw backtrace
    
    commit 854236363370995a609a10b03e35fd3dc5e9e4a1 upstream.
    
    Since commit 81a76d7119f6 ("MIPS: Avoid using unwind_stack() with
    usermode") show_backtrace() invokes the raw backtracer when
    cp0_status & ST0_KSU indicates user mode to fix issues on EVA kernels
    where user and kernel address spaces overlap.
    
    However this is used by show_stack() which creates its own pt_regs on
    the stack and leaves cp0_status uninitialised in most of the code paths.
    This results in the non deterministic use of the raw back tracer
    depending on the previous stack content.
    
    show_stack() deals exclusively with kernel mode stacks anyway, so
    explicitly initialise regs.cp0_status to KSU_KERNEL (i.e. 0) to ensure
    we get a useful backtrace.
    
    Fixes: 81a76d7119f6 ("MIPS: Avoid using unwind_stack() with usermode")
    Signed-off-by: James Hogan <james.hogan@imgtec.com>
    Cc: linux-mips@linux-mips.org
    Patchwork: https://patchwork.linux-mips.org/patch/16656/
    Signed-off-by: Ralf Baechle <ralf@linux-mips.org>
    Signed-off-by: Greg Kroah-Hartman <gregkh@linuxfoundation.org>
checking a8389fdf397f4c591372b13b9caa1eec4bb2b09c ......
	 orig commit -> a816b306c62195b7c43c92cb13330821a96bdc27 ......
checking 5fc0cab84d045bc5c1a3174e546fb3c8e529150a ......
	 orig commit -> e49d38488515057dba8f0c2ba4cfde5be4a7281f ......
checking 982db881156d3e1c97f2a247c17f15e25d2afeef ......
	 orig commit -> ab4a92e66741b35ca12f8497896bafbe579c28a1 ......
checking a08eb4c2f58a21135c28c55796a7bda426103ade ......
	 orig commit -> 41fa29e4d8cf4150568a0fe9bb4d62229f9caed5 ......
