Check from v4.4.145 to v4.4.146
Commit count: 123
checking bffa1e42b3713aa7911cc3f9a6e5a2dbbf1dc789 ......
checking 6ff21107ba21e59a3831825a55e882afc8a1b3f1 ......
	 orig commit -> c170e5a8d222537e98aa8d4fddb667ff7a2ee114 ......
checking 3ef726179c2bbedbf80ab43f8e57f9582865b7b5 ......
	 orig commit -> 46d8c4b28652d35dc6cfb5adf7f54e102fc04384 ......
checking 314b46558cc97578f2edf5e77a65140b63db3fcc ......
	 orig commit -> 63aff65573d73eb8dda4732ad4ef222dd35e4862 ......
checking a1d7ff2496e04bc1b8c3d8cb1ad717b6256098a8 ......
	 orig commit -> 89da619bc18d79bca5304724c11d4ba3b67ce2c6 ......
checking d856749a77546f033d9a41cc681ed3a58dba18e9 ......
	 orig commit -> c8e8cd579bb4265651df8223730105341e61a2d1 ......
checking 7dfa787508f9150cd7527e06b9216415dcf941f2 ......
	 orig commit -> 72c05f32f4a5055c9c8fe889bb6903ec959c0aad ......
checking 581c2941840f0a37aec39a3e8f4066fd86a8e61b ......
	 orig commit -> 71755ee5350b63fb1f283de8561cdb61b47f4d1d ......
checking dac2939e629e092b9c65a6242f1b1c018e811dc8 ......
	 orig commit -> d512584780d3e6a7cacb2f482834849453d444a1 ......
checking 8cac0ce0a8853cae7dc01256f88bc9b7e53ad3ce ......
	 orig commit -> bc5b6c0b62b932626a135f516a41838c510c6eba ......
checking b5fef54e3212e2ec1449a4445becb25208c9410c ......
	 orig commit -> a94c689e6c9e72e722f28339e12dff191ee5a265 ......
checking df30bfccc463082cfc2a5b164e5590403f16af94 ......
	 orig commit -> 56e2c94f055d328f5f6b0a5c1721cca2f2d4e0a1 ......
checking 27a0762cb570834dc44155363c118cabdd024c3c ......
	 orig commit -> 15ecbe94a45ef88491ca459b26efdd02f91edb6d ......
checking cd760ab9f4e13aedccc80f19a0b7863d5c0b3c8c ......
	 orig commit -> f4c9f85f3b2cb7669830cd04d0be61192a4d2436 ......
checking 96b792d199d17545d6a53faf44b9c91d038f1ab3 ......
	 orig commit -> 522040ea5fdd1c33bbf75e1d7c7c0422b96a94ef ......
		 522040ea5fdd1c33bbf75e1d7c7c0422b96a94ef has problem. Fixes commit -> 15ecbe94a45ef88491ca459b26efdd02f91edb6d
commit 27a0762cb570834dc44155363c118cabdd024c3c
Author: Eric Dumazet <edumazet@google.com>
Date:   Wed Jun 27 08:47:21 2018 -0700

    tcp: add one more quick ack after after ECN events
    
    [ Upstream commit 15ecbe94a45ef88491ca459b26efdd02f91edb6d ]
    
    Larry Brakmo proposal ( https://patchwork.ozlabs.org/patch/935233/
    tcp: force cwnd at least 2 in tcp_cwnd_reduction) made us rethink
    about our recent patch removing ~16 quick acks after ECN events.
    
    tcp_enter_quickack_mode(sk, 1) makes sure one immediate ack is sent,
    but in the case the sender cwnd was lowered to 1, we do not want
    to have a delayed ack for the next packet we will receive.
    
    Fixes: 522040ea5fdd ("tcp: do not aggressively quick ack after ECN events")
    Signed-off-by: Eric Dumazet <edumazet@google.com>
    Reported-by: Neal Cardwell <ncardwell@google.com>
    Cc: Lawrence Brakmo <brakmo@fb.com>
    Acked-by: Neal Cardwell <ncardwell@google.com>
    Signed-off-by: David S. Miller <davem@davemloft.net>
    Signed-off-by: Greg Kroah-Hartman <gregkh@linuxfoundation.org>
checking 2b30c04bc6f9e7be2d9a5e1b504faa904154c7da ......
	 orig commit -> 9a9c9b51e54618861420093ae6e9b50a961914c5 ......
checking e2f337e2bd4efe32051a496a7fcdd94ea67c0cfa ......
	 orig commit -> a3893637e1eb0ef5eb1bbc52b3a8d2dfa317a35d ......
checking 6f4a86ce5d04d57b17b7b987eb27038bf9c3a1a5 ......
	 orig commit -> 9939a46d90c6c76f4533d534dbadfa7b39dc6acc ......
checking f6384b2517429e1666a79862fef895de3e2a2cd4 ......
	 orig commit -> 822fb18a82abaf4ee7058793d95d340f5dab7bfc ......
		 822fb18a82abaf4ee7058793d95d340f5dab7bfc has problem. Fixes commit -> 8edfe2e992b75aee3da9316e9697c531194c2f53
commit a739cb3e04a2f87bf29119a61cb2f77483ae228b
Author: Juergen Gross <jgross@suse.com>
Date:   Fri Sep 7 14:21:30 2018 +0200

    xen/netfront: fix waiting for xenbus state change
    
    commit 8edfe2e992b75aee3da9316e9697c531194c2f53 upstream.
    
    Commit 822fb18a82aba ("xen-netfront: wait xenbus state change when load
    module manually") added a new wait queue to wait on for a state change
    when the module is loaded manually. Unfortunately there is no wakeup
    anywhere to stop that waiting.
    
    Instead of introducing a new wait queue rename the existing
    module_unload_q to module_wq and use it for both purposes (loading and
    unloading).
    
    As any state change of the backend might be intended to stop waiting
    do the wake_up_all() in any case when netback_changed() is called.
    
    Fixes: 822fb18a82aba ("xen-netfront: wait xenbus state change when load module manually")
    Cc: <stable@vger.kernel.org> #4.18
    Signed-off-by: Juergen Gross <jgross@suse.com>
    Reviewed-by: Boris Ostrovsky <boris.ostrovsky@oracle.com>
    Signed-off-by: David S. Miller <davem@davemloft.net>
    Signed-off-by: Greg Kroah-Hartman <gregkh@linuxfoundation.org>
checking d1fc12d8475ce4538b03f4901d6a65b639700e27 ......
	 orig commit -> 136f55f660192ce04af091642efc75d85e017364 ......
checking 3c3deb06ebda981b65be2abfd5980e23b1519dff ......
	 orig commit -> 7f3fc7ddf719cd6faaf787722c511f6918ac6aab ......
checking 33fbeee10538755e4955a18da0dde690be02073b ......
	 orig commit -> 9fc12023d6f51551d6ca9ed7e02ecc19d79caf17 ......
checking bb0376b6b6705503bd9b5706816213d260e1bde9 ......
	 orig commit -> e5b7d71aa5b32180adec49a17c752e577c68f740 ......
checking b4cb2f0fd456f4eca58c9a84639aa8219c319cda ......
	 orig commit -> 4e0def887d717598ae8062b46e55f9e00d3a5783 ......
checking a66e985716add0a2bae8b94e8f18ecaf59bd44eb ......
	 orig commit -> 8d5a803c6a6ce4ec258e31f76059ea5153ba46ef ......
checking 5afdb4536020da5625872ea0a642fbeaf8869ada ......
	 orig commit -> 362eca70b53389bddf3143fe20f53dcce2cfdf61 ......
checking d0f02f70b31306f98619aa7532613008507deda5 ......
	 orig commit -> 01cfb7937a9af2abb1136c7e89fbf3fd92952956 ......
checking 1ed4ccaf052ec2fe00043759a284921e468687c3 ......
	 orig commit -> 81e69df38e2911b642ec121dec319fad2a4782f3 ......
checking 5a3d1d67b3548e9dc1572c87527fa35b309feb0b ......
	 orig commit -> 4f212e40468650e220c1770876c7f25b8e0c1ff5 ......
checking 3ff01af80d67326702a82aa80893c887a82501a2 ......
	 orig commit -> 90db5c829692a0a7845e977e45719b4699216bd4 ......
checking dd476b5e5b4a42130a8a4c991ba31eeceffe6057 ......
	 orig commit -> 3239b8cd28fd849a2023483257d35d68c5876c74 ......
checking 87812af9bbe9d10c69478c749073a048b7f86672 ......
	 orig commit -> 37b37d2609cb0ac267280ef27350b962d16d272e ......
checking ced0f4f3a5815ea2ed6de6ec1783871a44cd6295 ......
	 orig commit -> b7e1e6859fbf60519fd82d7120cee106a6019512 ......
checking b573c815efbc285cc0828d871184ed935e92ec07 ......
	 orig commit -> ad2fdcdf75d169e7a5aec6c7cb421c0bec8ec711 ......
checking d4ceb46ad29110a9065f8b35c41f780d7a98891a ......
	 orig commit -> 31545df391d58a3bb60e29b1192644a6f2b5a8dd ......
checking 5f66271532ce7f00bc98aeaa945ca5cd22abb742 ......
	 orig commit -> 5d111f5190848d6fb1c414dc57797efea3526a2f ......
checking e9996e124ea742fb54b60b59329858bdc2918c9a ......
	 orig commit -> ece97f3a5fb50cf5f98886fbc63c9665f2bb199d ......
checking 2dde48178ba5e66a2ac7235eaebad5655ae6db3e ......
	 orig commit -> 23bcc480dac204c7dbdf49d96b2c918ed98223c2 ......
checking 7315e0d38a29792cbb32b84e17e413412171e1e1 ......
	 orig commit -> 78e450719c702784e42af6da912d3692fd3da0cb ......
checking 0eb135eea738adae5bbe3a93b806576e20cd66f6 ......
	 orig commit -> 300eec7c0a2495f771709c7642aa15f7cc148b83 ......
checking aa9190401a553e96edb4abe32b101d3e5c83f18f ......
	 orig commit -> 2ea009095c6e7396915a1d0dd480c41f02985f79 ......
checking e55c920c902705ac7e8d4ee565192fbb3dd251ae ......
	 orig commit -> 1c74d5c0de0c2cc29fef97a19251da2ad6f579bd ......
checking 4ea02c98bf3bb86356b460fe42c5c86f932fc3ce ......
	 orig commit -> bf3fbdfbec947cdd04b2f2c4bce11534c8786eee ......
checking 0743d20878ddec1f959d0fbb419cb4dc2ebfc374 ......
	 orig commit -> 8e142e9e628975b0dddd05cf1b095331dff6e2de ......
checking f1a64c117f1363f17cfc7e5bd410ec6222031501 ......
	 orig commit -> fc2a69f3903dfd97cd47f593e642b47918c949df ......
checking 3d4a1e1cf348b5afab54d5903769f8eb5fe8e830 ......
	 orig commit -> e1b7f11b37def5f3021c06e8c2b4953e099357aa ......
checking b23dab51e987787e358397b24831505668625b8a ......
	 orig commit -> ab7f5bf0928be2f148d000a6eaa6c0a36e74750e ......
checking b9229445a4ae6237150d86a095586c094a1b967c ......
	 orig commit -> 8bfc218d0ebbabcba8ed2b8ec1831e0cf1f71629 ......
checking 4005ecaf46f28f89bf58ec28f7f7997a6fe15ecd ......
	 orig commit -> 27e833dabab74ee665e487e291c9afc6d71effba ......
checking 2c29ed33045b82322518452b20b9b2ff9ebec2f7 ......
	 orig commit -> 9899e4d3523faaef17c67141aa80ff2088f17871 ......
checking 092b0288f150e17ed626079685a04318abbfbd81 ......
	 orig commit -> c9318a3e0218bc9dacc25be46b9eec363259536f ......
checking c4837ace416459c3f7394d73137ed0bb02869939 ......
	 orig commit -> 3c0a83b14ea71fef5ccc93a3bd2de5f892be3194 ......
checking 36ba2c8f617686ccfe1b0a9337ed3f662ce891fb ......
	 orig commit -> 77715b7ddb446bd39a06f3376e85f4bb95b29bb8 ......
checking e97509a1b36ccb5e0b4743b4b5168c8bdb9df52c ......
	 orig commit -> 9c4a121e82634aa000a702c98cd6f05b27d6e186 ......
checking b43d01323cf16432db5303dad3e5dfe0271c9240 ......
	 orig commit -> a75bbe71a27875fdc61cde1af6d799037cef6bed ......
checking 1fd65d6a00853204652489fbe37278d3771638f8 ......
	 orig commit -> 0cc4655cb57af0b7e105d075c4f83f8046efafe7 ......
checking cdebef38f64805a1802452acadd33e690bd7c503 ......
	 orig commit -> 804689ad2d9b66d0d3920b48cf05881049d44589 ......
checking 09b8746fd4fb430c2dfcd257b8649bf6754df979 ......
	 orig commit -> 43d0d3c52787df0221d1c52494daabd824fe84f1 ......
checking 7a9a331f0a5ca9434b3284a9a081c491b9075615 ......
	 orig commit -> 8a22a3e1e768c309b718f99bd86f9f25a453e0dc ......
checking 6dbfa9b5ae65063cd61dc7fa11332e00bb794d8b ......
	 orig commit -> b6da31b2c07c46f2dcad1d86caa835227a16d9ff ......
checking 29f8cd10e537dc39254e4fcf36decf43529e6986 ......
	 orig commit -> b3a81b6c4fc6730ac49e20d789a93c0faabafc98 ......
checking 6a409759c64a8eeac8ccb23dcbc3c89241f2455c ......
	 orig commit -> 9dcb3df4281876731e4e8bff7940514d72375154 ......
checking 1f5e33948005cd1b720fd58717bb971109432875 ......
	 orig commit -> 7a47f20eb1fb8fa8d7a8fe3a4fd8c721f04c2174 ......
checking f12b01b896a506a5ad44120b2315f3018c2ea1e0 ......
	 orig commit -> 37e376df5f4993677c33968a0c19b0c5acbf1108 ......
checking c8306ac3b5fd3b60ccc06f2c52645ad9f58b5260 ......
	 orig commit -> 377a879d9832f4ba69bd6a1fc996bb4181b1e504 ......
checking 199b0431d563fd22ded0455e8bf4cd28c839fe7d ......
	 orig commit -> 7a2148dfda8001c983f0effd9afd8a7fa58e99c4 ......
checking c356cd64f01667cadf12d4fa0008164207bf533e ......
	 orig commit -> c42a0e2675721e1444f56e6132a07b7b1ec169ac ......
checking 9f543747d4b460b418fa29cb87d26258af96e6ae ......
	 orig commit -> 0b01fd3d40fe6402e5fa3b491ef23109feb1aaa5 ......
checking c1da6e315e1b00867c0a0c900b3549c5f940aea9 ......
	 orig commit -> 11d42c81036324697d367600bfc16f6dd37636fd ......
checking 3bdb17c1bf1f9414065f997873d01cfee17dceee ......
	 orig commit -> 2e3611e9546c2ed4def152a51dfd34e8dddae7a5 ......
checking 5c174f95e7ded3f492d05425a205420dad0f7926 ......
	 orig commit -> 30bfce0b63fa68c14ae1613eb9d259fa18644074 ......
checking c51df1153c835b0b6b1b436e0394f0e76758bc59 ......
	 orig commit -> 408fec36a1ab3d14273c2116b449ef1e9be3cb8b ......
checking b6cfbfc127ca8b897b7434d52e3c67f2424695bd ......
	 orig commit -> 21816364715f508c10da1e087e352bc1e326614f ......
checking a1fba0a39100549444ff4cc031ed927d3c0d462e ......
	 orig commit -> e4ccb1dae6bdef228d729c076c38161ef6e7ca34 ......
checking d3456beb1aab696ed7cae61183d0fd148d9d4f91 ......
	 orig commit -> 5a4b475cf8511da721f20ba432c244061db7139f ......
checking dd76f0988378d6e09879435b0b27d3426e767419 ......
	 orig commit -> f72cf3f1d49f2c35d6cb682af2e8c93550f264e4 ......
checking c2d11a8dc4ddae672ed5d6b23179ef265ac24692 ......
	 orig commit -> b87a358b4a1421abd544c0b554b1b7159b2b36c0 ......
checking 753c9c38e28728cdfd8a3e4031f04823c660e960 ......
	 orig commit -> c89ca593220931c150cffda24b4d4ccf82f13fc8 ......
checking 8b299e29871ebafa9b5d1b8b30394f7c853445d4 ......
	 orig commit -> 699e2302c286a14afe7b7394151ce6c4e1790cc1 ......
checking d35dcd927fa5643183c6a5ca9c086688857b6763 ......
	 orig commit -> 9c790f2d234f65697e3b0948adbfdf36dbe63dd7 ......
checking 49ad264237d82059109e982e3d35966edd51fef9 ......
	 orig commit -> 2a3169a54bb53717928392a04fb84deb765b51f1 ......
checking 0ac4e043466f5f3916e0bd3dacbf440ebacc9f61 ......
	 orig commit -> 667ddac5745fb9fddfe8f7fd2523070f50bd4442 ......
checking b90059eadf8c4bdcf58ee4ac309eb9f412643a26 ......
	 orig commit -> 1ea3986ad2bc72081c69f3fbc1e5e0eeb3c44f17 ......
checking ca1d2c2d4087dfe59d90b314c465d6038799fc28 ......
	 orig commit -> 4f183687e3fad3ce0e06e38976cad81bc4541990 ......
checking beb2347e3f7a9757cb43a85ae3b63f154b88e060 ......
	 orig commit -> 9ba8df0c52b3e6baa436374b429d3d73bd09a320 ......
checking a64815422466d95561c7dd68fec26b693e5893f1 ......
	 orig commit -> 45faf6e096da8bb80e1ddf8c08a26a9601d9469e ......
checking da1602d2d95f857cfbc8b4b59c3da2a9988fc38d ......
	 orig commit -> 01fb2994a98dc72c8818c274f7b5983d5dd885c7 ......
checking 549f4ee6884758a683ab1e0245987a8a7a38563a ......
	 orig commit -> 6f5cdfa802733dcb561bf664cc89d203f2fd958f ......
checking 40e082b99a1eb935dab65a869593617407483016 ......
	 orig commit -> ff3d27a048d926b3920ccdb75d98788c567cae0d ......
		 ff3d27a048d926b3920ccdb75d98788c567cae0d has problem. Fixes commit -> 6f7de19ed3d4d3526ca5eca428009f97cf969c2f
checking 082c9832168598ee825894f126c66476ee8be8ac ......
	 orig commit -> 3d3a2e610ea5e7c6d4f9481ecce5d8e2d8317843 ......
checking 46431d9c28f6859f8e568ac7db92137f1da31100 ......
	 orig commit -> 90b2da89a083e1395cb322521a42397c49ae4500 ......
checking b5326119895704e7912ffad25bb3360aa75bb780 ......
	 orig commit -> 6e91d48371e79862ea2c05867aaebe4afe55a865 ......
checking efd8946b75739deb614b5c889452bed98ba32fa0 ......
	 orig commit -> b817047ae70c0bd67b677b65d0d69d72cd6e9728 ......
checking d47b6f739d45661e046e06fb40f843c10f452463 ......
	 orig commit -> 0dbbf25561b29ffab5ba6277429760abdf49ceff ......
checking 8fe7c570ce064514b0b928089966e551bafc443b ......
	 orig commit -> 9c0ac70ad24d76b873c1551e27790c7f6a815d5c ......
checking 276a8ad16b34837b3ad586beb7339057e48510a7 ......
	 orig commit -> 66d9975c5a7c40aa7e4bb0ec0b0c37ba1f190923 ......
checking 6d143e2c4545d7e2a13b22a5fcfcc98b38b9457d ......
	 orig commit -> 9960521c44a5d828f29636ceac0600603ecbddbf ......
checking 8477cd5e00234d26c58ffe5cf99a7dde57841315 ......
	 orig commit -> 0f22e40053bd5378ad1e3250e65c574fd61c0cd6 ......
checking d6a260fe056bef936912f7f9f119a996a1bebe70 ......
	 orig commit -> d71f11c076c420c4e2fceb4faefa144e055e0935 ......
checking b4d9e5e88b8f0d71b00928bf8c5d952ce6fbdcc9 ......
	 orig commit -> 4749f8196452eeb73cf2086a6a9705bae479d33d ......
checking 3b14ad7ca75ec8600a73538cc6240be008683585 ......
	 orig commit -> d179f99a651685b19333360e6558110da2fe9bd7 ......
checking 52941707f789de36db5a12cd4e585a77140d546f ......
	 orig commit -> 64c74a7ab505ea40d1b3e5d02735ecab08ae1b14 ......
checking 7a5468e02be689557fe4fead5d4897adc5c6932f ......
	 orig commit -> 4071e67cffcc5c2a007116a02437471351f550eb ......
	 orig commit -> 5c9b469295fb6b10d98923eab5e79c4edb80ed20 ......
checking ded30c95e8588ccdd9f281f36c0d37d7d030ef9d ......
	 orig commit -> 2468b82d69e3a53d024f28d79ba0fdb8bf43dfbf ......
checking b5145f8b3506ad25b4c31970057fabca1543b325 ......
	 orig commit -> 926bc2f100c24d4842b3064b5af44ae964c1d81c ......
checking c48557366d5244b7736b218633c5ef7a55c18f53 ......
	 orig commit -> 447808bf500a7cc92173266a59f8a494e132b122 ......
checking 52175c849bd4c01dd14038b4401d5044d99a6b0a ......
	 orig commit -> cb2595c1393b4a5211534e6f0a0fbad369e21ad8 ......
checking d77ff3576f734e5cc457679b8a5e21f413dbb68b ......
	 orig commit -> bd975e691486ba52790ba23cc9b4fecab7bc0d31 ......
checking af1ecd4b5f740c30f7ed72bb8af0d7f74cc1b88d ......
	 orig commit -> abfdff44bc38e9e2ef7929f633fb8462632299d4 ......
checking 3231613224c076ed1f0984e382cbd2df0d64c260 ......
	 orig commit -> a38965bf941b7c2af50de09c96bc5f03e136caef ......
checking b752dfd91a3e9712aa68468b63725c927adcfaa4 ......
	 orig commit -> f3c01d2f3ade6790db67f80fef60df84424f8964 ......
		 f3c01d2f3ade6790db67f80fef60df84424f8964 has problem. Fixes commit -> 6ade20327dbb808882888ed8ccded71e93067cf9
checking e6960af9566e9aeee3db07ac2d6a4f70f5731948 ......
	 orig commit -> 3171822fdcdd6e6d536047c425af6dc7a92dc585 ......
checking 8edf67eda05a8aa9d1e1f0d8c3c9f98cd1cb93f7 ......
	 orig commit -> ef1ffbe7889e99f5b5cccb41c89e5c94f50f3218 ......
checking 55e526aa96db8a70b69524cbdbb8168a20e4ea38 ......
	 orig commit -> 6d531e7b972cb62ded011c2dfcc2d9f72ea6c421 ......
checking 2670ecf4711430d9ee263cad666b6ea2034952d5 ......
	 orig commit -> 57f230ab04d2910a06d17d988f1c4d7586a59113 ......
		 57f230ab04d2910a06d17d988f1c4d7586a59113 has problem. Fixes commit -> ad4f15dc2c70b1de5e0a64d27335962fbc9cf71c
commit bd1468048aa3e2af865da92990539946d4483989
Author: Juergen Gross <jgross@suse.com>
Date:   Tue Sep 11 09:04:48 2018 +0200

    xen/netfront: don't bug in case of too many frags
    
    commit ad4f15dc2c70b1de5e0a64d27335962fbc9cf71c upstream.
    
    Commit 57f230ab04d291 ("xen/netfront: raise max number of slots in
    xennet_get_responses()") raised the max number of allowed slots by one.
    This seems to be problematic in some configurations with netback using
    a larger MAX_SKB_FRAGS value (e.g. old Linux kernel with MAX_SKB_FRAGS
    defined as 18 instead of nowadays 17).
    
    Instead of BUG_ON() in this case just fall back to retransmission.
    
    Fixes: 57f230ab04d291 ("xen/netfront: raise max number of slots in xennet_get_responses()")
    Cc: stable@vger.kernel.org
    Signed-off-by: Juergen Gross <jgross@suse.com>
    Signed-off-by: David S. Miller <davem@davemloft.net>
    Signed-off-by: Greg Kroah-Hartman <gregkh@linuxfoundation.org>
checking dab04fda26530ee686b14b02aa2c5e716cef153c ......
	 orig commit -> 2519c1bbe38d7acacc9aacba303ca6f97482ed53 ......
checking d9bbd8076836b1c3e648132afe73185f945b89a7 ......
	 orig commit -> 57ea2a34adf40f3a6e88409aafcf803b8945619a ......
		 57ea2a34adf40f3a6e88409aafcf803b8945619a has problem. Fixes commit -> 2519c1bbe38d7acacc9aacba303ca6f97482ed53
commit dab04fda26530ee686b14b02aa2c5e716cef153c
Author: Steven Rostedt (VMware) <rostedt@goodmis.org>
Date:   Wed Jul 25 22:28:56 2018 -0400

    tracing: Quiet gcc warning about maybe unused link variable
    
    commit 2519c1bbe38d7acacc9aacba303ca6f97482ed53 upstream.
    
    Commit 57ea2a34adf4 ("tracing/kprobes: Fix trace_probe flags on
    enable_trace_kprobe() failure") added an if statement that depends on another
    if statement that gcc doesn't see will initialize the "link" variable and
    gives the warning:
    
     "warning: 'link' may be used uninitialized in this function"
    
    It is really a false positive, but to quiet the warning, and also to make
    sure that it never actually is used uninitialized, initialize the "link"
    variable to NULL and add an if (!WARN_ON_ONCE(!link)) where the compiler
    thinks it could be used uninitialized.
    
    Cc: stable@vger.kernel.org
    Fixes: 57ea2a34adf4 ("tracing/kprobes: Fix trace_probe flags on enable_trace_kprobe() failure")
    Reported-by: kbuild test robot <lkp@intel.com>
    Signed-off-by: Steven Rostedt (VMware) <rostedt@goodmis.org>
    Signed-off-by: Greg Kroah-Hartman <gregkh@linuxfoundation.org>
checking 1a7f63b2a0911df09b4939995e3fe5daeb9753ef ......
	 orig commit -> 15cc78644d0075e76d59476a4467e7143860f660 ......
checking b80091b0113c931894c87b034048f8677a53fe9f ......
	 orig commit -> 1863c387259b629e4ebfb255495f67cd06aa229b ......
checking 0179b1b364243aca8001ef1fbd51a1d4349547c5 ......
	 orig commit -> 6f88a6439da5d94de334a341503bc2c7f4a7ea7f ......
checking 8fe1c0b7af711ff6b2e5ed17edb3128b5b66d924 ......
	 orig commit -> 384cf4285b34e08917e3e66603382f2b0c4f6e1b ......
checking 1e2e0c65b5fcb13328fa4387663148040ae28d5a ......
	 orig commit -> 938f45008d8bc391593c97508bc798cc95a52b9b ......
checking 97e066123dc69bd3bca36794a0f75989e97a04fe ......
	 orig commit -> 38c0a74fe06da3be133cae3fb7bde6a9438e698b ......
