Check from v4.4.85 to v4.4.86
Commit count: 16
checking cd99a4f3f43ba1b88ff0ef01a9d5564fdf824c38 ......
checking c81c4d453edf242af644f7e71f673fc7632f337c ......
checking b7571624fe986aecc7f42b421286f90cd7c67d6e ......
	 orig commit -> e791ce27c3f6a1d3c746fd6a8f8e36c9540ec6f9 ......
checking a4075bbb67b9562b9599affc6fb38f04bd7073ff ......
	 orig commit -> 1bc0eb0446158cc76562176b80623aa119afee5b ......
		 1bc0eb0446158cc76562176b80623aa119afee5b has problem. Fixes commit -> e791ce27c3f6a1d3c746fd6a8f8e36c9540ec6f9
commit b7571624fe986aecc7f42b421286f90cd7c67d6e
Author: Hannes Reinecke <hare@suse.de>
Date:   Mon Apr 24 10:26:36 2017 +0200

    scsi: sg: reset 'res_in_use' after unlinking reserved array
    
    commit e791ce27c3f6a1d3c746fd6a8f8e36c9540ec6f9 upstream.
    
    Once the reserved page array is unused we can reset the 'res_in_use'
    state; here we can do a lazy update without holding the mutex as we only
    need to check against concurrent access, not concurrent release.
    
    [mkp: checkpatch]
    
    Fixes: 1bc0eb044615 ("scsi: sg: protect accesses to 'reserved' page array")
    Signed-off-by: Hannes Reinecke <hare@suse.com>
    Reviewed-by: Johannes Thumshirn <jthumshirn@suse.de>
    Reviewed-by: Christoph Hellwig <hch@lst.de>
    Signed-off-by: Martin K. Petersen <martin.petersen@oracle.com>
    Cc: Todd Poynor <toddpoynor@google.com>
    Signed-off-by: Greg Kroah-Hartman <gregkh@linuxfoundation.org>
checking 823086b057aabde5659c5f8638051613cba86247 ......
	 orig commit -> 096622104e14d8a1db4860bd557717067a0515d2 ......
checking 218720fe593965cb2bb45c3e463bb9991ceca40c ......
	 orig commit -> 7206f9bf108eb9513d170c73f151367a1bdf3dbf ......
checking a7a074f3a4d547a525748bfde179c4eb787d4f47 ......
	 orig commit -> 289d07a2dc6c6b6f3e4b8a62669320d99dbe6c3d ......
checking da981044d049d1ec3bf454868aa44602e1df8582 ......
	 orig commit -> 342b59caa66240b670285d519fdfe2c44289b516 ......
checking 389328ea1379e14e8bd8678af96d7a83bc1514e5 ......
	 orig commit -> 6f17581788206444cbbcdbc107498f85e9765e3d ......
checking 5acdbe667cf467cefb8fc13ded0ecca58dd9a761 ......
	 orig commit -> 5389a1dfb39786df08d4f6a482bd2734b1b50e33 ......
checking d255fffdb532caf103369a5894be942e528c3151 ......
	 orig commit -> 05384213436ab690c46d9dfec706b80ef8d671ab ......
checking 2f3e97a814c8f906d3334c85271aacb7a8783490 ......
	 orig commit -> d02038f972538b93011d78c068f44514fbde0a8c ......
checking 41685ae5cd7bc51f8d796135611e7862f772ed19 ......
	 orig commit -> 27bfeb5a0619554d9734fb39e14f0e80fa7c342c ......
checking 05429bbfd726ec0070a2381d8ae186b6899d2ae1 ......
	 orig commit -> fb75d857a31d600cc0c37b8c7d914014f7fa3f9a ......
checking 9a64425945a0c8698e36ed55354db1245982c052 ......
	 orig commit -> 639db596165746ca87bbcb56559b094fd9042890 ......
checking da8477a6695afe14070267b885e0bc3788d0d34a ......
	 orig commit -> 5cfa2a3c7342bd0b50716c8bb32ee491af43c785 ......
