Check from v4.4.144 to v4.4.145
Commit count: 24
checking ac15b2b23808ee2c3264329b035a8f0f7d7f50e6 ......
checking 0ca85fc310e8c24cba10ed241a0188795e177683 ......
checking d41d0fe374d4fc358cfdae80fd39fd98174d3da3 ......
checking 264dc1588925388709eeddd51901042ca277c828 ......
	 orig commit -> 83997997252f5d3fc7f04abc24a89600c2b504ab ......
checking f7efacee6f8aaa311726eed09470e970b59fd4e1 ......
	 orig commit -> 2f4f0f338cf453bfcdbcf089e177c16f35f023c8 ......
checking e5df9264649e13f0b6c2da9ce089a8ac41ef5121 ......
	 orig commit -> 620050d9c2be15c47017ba95efe59e0832e99a56 ......
checking d7dec444472632fcba1d4b3be0aac8d279a37cc4 ......
	 orig commit -> 2574fe54515ed3487405de329e4e9f13d7098c10 ......
checking 7e572a170fc30ce4e6bff79b2a54f445a88457ac ......
	 orig commit -> 877e0b75947e2c7acf5624331bb17ceb093c98ae ......
checking e4c557649fda285e512f28a771038180cdeff6cf ......
	 orig commit -> 32852c561bffd613d4ed7ec464b1e03e1b7b6c5c ......
checking 0b14de0538aaa6c9b8c5d90b29e0a8dd698ba918 ......
	 orig commit -> 722e5f2b1eec7de61117b7c0a7914761e3da2eda ......
checking c420866afc161203d17f1fcd965a27a61ef70dd4 ......
	 orig commit -> 4d644abf25698362bd33d17c9ddc8f7122c30f17 ......
checking ff180bcc594676b355476237a382ea10c6492c34 ......
	 orig commit -> 249a32b7eeb3edb6897dd38f89651a62163ac4ed ......
checking 92197cdb913a3f130b70550c856afc27cf710ea9 ......
	 orig commit -> 1445cbe476fc3dd09c0b380b206526a49403c071 ......
checking a77bf88daa402cb52729fe4e46e1b7ce58f1f8ad ......
	 orig commit -> 2efd4fca703a6707cad16ab486eaab8fc7f0fd49 ......
		 2efd4fca703a6707cad16ab486eaab8fc7f0fd49 has problem. Fixes commit -> 4a06fa67c4da20148803525151845276cdb995c1
64199fc0a46ba211362472f7f942f900af9492fd
commit 471a110cd29534d1e31739cf69014eea5eadcf23
Author: Willem de Bruijn <willemb@google.com>
Date:   Mon Jan 7 16:47:33 2019 -0500

    ip: on queued skb use skb_header_pointer instead of pskb_may_pull
    
    [ Upstream commit 4a06fa67c4da20148803525151845276cdb995c1 ]
    
    Commit 2efd4fca703a ("ip: in cmsg IP(V6)_ORIGDSTADDR call
    pskb_may_pull") avoided a read beyond the end of the skb linear
    segment by calling pskb_may_pull.
    
    That function can trigger a BUG_ON in pskb_expand_head if the skb is
    shared, which it is when when peeking. It can also return ENOMEM.
    
    Avoid both by switching to safer skb_header_pointer.
    
    Fixes: 2efd4fca703a ("ip: in cmsg IP(V6)_ORIGDSTADDR call pskb_may_pull")
    Reported-by: syzbot <syzkaller@googlegroups.com>
    Suggested-by: Eric Dumazet <edumazet@google.com>
    Signed-off-by: Willem de Bruijn <willemb@google.com>
    Signed-off-by: David S. Miller <davem@davemloft.net>
    Signed-off-by: Greg Kroah-Hartman <gregkh@linuxfoundation.org>

commit d7148eeb647fd55909f985ad14b0176ff1fae335
Author: Eric Dumazet <edumazet@google.com>
Date:   Sun Sep 30 11:33:39 2018 -0700

    ipv4: fix use-after-free in ip_cmsg_recv_dstaddr()
    
    [ Upstream commit 64199fc0a46ba211362472f7f942f900af9492fd ]
    
    Caching ip_hdr(skb) before a call to pskb_may_pull() is buggy,
    do not do it.
    
    Fixes: 2efd4fca703a ("ip: in cmsg IP(V6)_ORIGDSTADDR call pskb_may_pull")
    Signed-off-by: Eric Dumazet <edumazet@google.com>
    Cc: Willem de Bruijn <willemb@google.com>
    Reported-by: syzbot <syzkaller@googlegroups.com>
    Acked-by: Willem de Bruijn <willemb@google.com>
    Signed-off-by: David S. Miller <davem@davemloft.net>
    Signed-off-by: Greg Kroah-Hartman <gregkh@linuxfoundation.org>
commit 471a110cd29534d1e31739cf69014eea5eadcf23
Author: Willem de Bruijn <willemb@google.com>
Date:   Mon Jan 7 16:47:33 2019 -0500

    ip: on queued skb use skb_header_pointer instead of pskb_may_pull
    
    [ Upstream commit 4a06fa67c4da20148803525151845276cdb995c1 ]
    
    Commit 2efd4fca703a ("ip: in cmsg IP(V6)_ORIGDSTADDR call
    pskb_may_pull") avoided a read beyond the end of the skb linear
    segment by calling pskb_may_pull.
    
    That function can trigger a BUG_ON in pskb_expand_head if the skb is
    shared, which it is when when peeking. It can also return ENOMEM.
    
    Avoid both by switching to safer skb_header_pointer.
    
    Fixes: 2efd4fca703a ("ip: in cmsg IP(V6)_ORIGDSTADDR call pskb_may_pull")
    Reported-by: syzbot <syzkaller@googlegroups.com>
    Suggested-by: Eric Dumazet <edumazet@google.com>
    Signed-off-by: Willem de Bruijn <willemb@google.com>
    Signed-off-by: David S. Miller <davem@davemloft.net>
    Signed-off-by: Greg Kroah-Hartman <gregkh@linuxfoundation.org>
checking dc6ae4dffd656811dee7151b19545e4cd839d378 ......
	 orig commit -> 3d4bf93ac12003f9b8e1e2de37fe27983deebdcf ......
checking 5fbec4801264cb3279ef6ac9c70bcbe2aaef89d5 ......
	 orig commit -> f4a3313d8e2ca9fd8d8f45e40a2903ba782607e7 ......
checking 255924ea891f647451af3acbc40a3730dcb3255e ......
	 orig commit -> a0496ef2c23b3b180902dd185d0d63ccbc624cf8 ......
checking 0b1d40e9e7738e3396ce414b1c62b911c285dfa3 ......
	 orig commit -> 27cde44a259c380a3c09066fc4b42de7dde9b1ad ......
checking 17fea38e74ab24afb06970bbd9dc52db11a8034b ......
	 orig commit -> 2987babb6982306509380fc11b450227a844493b ......
checking 500e03f463835e74c75890d56d9a7ab63755aa2d ......
	 orig commit -> b0c05d0e99d98d7f0cd41efc1eeec94efdc3325d ......
checking b04c9a08710606e2fa0a16f24541a270c00ef58c ......
	 orig commit -> 5025f7f7d506fba9b39e7fe8ca10f6f34cb9bc2d ......
		 5025f7f7d506fba9b39e7fe8ca10f6f34cb9bc2d has problem. Fixes commit -> 56a49d7048703f5ffdb84d3a0ee034108fba6850
checking 73dad08709fee646875f5a81c07b05fb54582732 ......
	 orig commit -> 958c696f5a7274d9447a458ad7aa70719b29a50a ......
checking 48f41c0c5781e3450830f8ec68513bfa18a5451b ......
	 orig commit -> 3dd1c9a1270736029ffca670e9bd0265f4120600 ......
checking 54a634c43ae75031c03126957edf667dba1439ec ......
	 orig commit -> bc88ad2efd11f29e00a4fd60fcd1887abfe76833 ......
