Check from v4.4.55 to v4.4.56
Commit count: 29
checking 0136bca4e0f65075b0b4716a270f8b04c6c46abc ......
checking 99d403faba47e5adeb11dbf1094972fc78c29a75 ......
	 orig commit -> 9bbb25afeb182502ca4f2c4f3f88af0681b34cae ......
checking 44854c191e2cb62d369eb9927e6b6683c11d6b04 ......
	 orig commit -> c236c8e95a3d395b0494e7108f0d41cf36ec107c ......
checking 62f57041fbdf15db6336542384a4b36f1f387299 ......
	 orig commit -> 5dc855d44c2ad960a86f593c60461f1ae1566b6d ......
checking 8e0ec20539f8c626463ae43fcaeb218e3b2b5dc4 ......
	 orig commit -> be3606ff739d1c1be36389f8737c577ad87e1f57 ......
checking 3a19419c50c6ee386ca6d22a23acc2df51583d3d ......
	 orig commit -> 8906a8223ad4909b391c5628f7991ebceda30e52 ......
checking fd74e8d258da9f9678da6bf88a0b02b2c1b71d0c ......
	 orig commit -> 42d97eb0ade31e1bc537d086842f5d6e766d9d51 ......
checking c10ffe988f15a0306d5d8cb1c6b475c9fe2fc2c9 ......
	 orig commit -> edb9d1bff4bbe19b8ae0e71b1f38732591a9eeb2 ......
checking 676fe978525d3d3f583e1f6463f3b25623e81afd ......
	 orig commit -> 72ef9c4125c7b257e3a714d62d778ab46583d6a3 ......
checking 4ab956b561334866dfe1b17d9c7567313e07cfa2 ......
	 orig commit -> 45caeaa5ac0b4b11784ac6f932c0ad4c6b67cda0 ......
checking 56f9b9502f2d15b9c7b83f9cfb32798e2e364f61 ......
	 orig commit -> a13b2082ece95247779b9995c4e91b4246bed023 ......
checking aed728c38c483650885dfd975dd9f4903e5505bf ......
	 orig commit -> 79e49503efe53a8c51d8b695bedc8a346c5e4a87 ......
checking 5f8bc3856e285cc12597879039c17f7397f4b37d ......
	 orig commit -> 67e194007be08d071294456274dd53e0a04fdf90 ......
checking b57955ea30e13aa37e5955bf20617f839f32c560 ......
	 orig commit -> e37791ec1ad785b59022ae211f63a16189bacebf ......
checking 710fbeb3f5c5441fbe002b2c1566ceaad0725c01 ......
	 orig commit -> 52491c7607c5527138095edf44c53169dc1ddb82 ......
checking 6c72458ab428ce659261fa060295e580503a5b12 ......
	 orig commit -> 745cb7f8a5de0805cade3de3991b7a95317c7c73 ......
checking e671f1cc588f380b17e1c0ce38c7c712d13dfe93 ......
	 orig commit -> f7887d40e541f74402df0684a1463c0a0bb68c68 ......
checking d0ebde92fbeb98eedbfce15cef3c86b652846d25 ......
	 orig commit -> 62f8f4d9066c1c6f2474845d1ca7e2891f2ae3fd ......
checking ec4d8692b76e08a40221eb7c74775a390114f098 ......
	 orig commit -> 9ac25fc063751379cb77434fef9f3b088cd3e2f7 ......
		 9ac25fc063751379cb77434fef9f3b088cd3e2f7 has problem. Fixes commit -> 35b99dffc3f710cafceee6c8c6ac6a98eb2cb4bf
commit 3f54a6d41d443117cb4e077b2a064b430f9fc7c8
Author: Willem de Bruijn <willemb@google.com>
Date:   Wed Dec 13 14:41:06 2017 -0500

    sock: free skb in skb_complete_tx_timestamp on error
    
    
    [ Upstream commit 35b99dffc3f710cafceee6c8c6ac6a98eb2cb4bf ]
    
    skb_complete_tx_timestamp must ingest the skb it is passed. Call
    kfree_skb if the skb cannot be enqueued.
    
    Fixes: b245be1f4db1 ("net-timestamp: no-payload only sysctl")
    Fixes: 9ac25fc06375 ("net: fix socket refcounting in skb_complete_tx_timestamp()")
    Reported-by: Richard Cochran <richardcochran@gmail.com>
    Signed-off-by: Willem de Bruijn <willemb@google.com>
    Reviewed-by: Eric Dumazet <edumazet@google.com>
    Signed-off-by: David S. Miller <davem@davemloft.net>
    Signed-off-by: Greg Kroah-Hartman <gregkh@linuxfoundation.org>
checking 9e7683301beef0cef8254eecb661e7eac3146717 ......
	 orig commit -> dd4f10722aeb10f4f582948839f066bebe44e5fb ......
checking 2681a7853ad73bfebc3a683765a496bb283c6648 ......
	 orig commit -> 02b2faaf0af1d85585f6d6980e286d53612acfc2 ......
checking 9216632bf4a0bafdc998d1c68b37b70446775900 ......
	 orig commit -> d5afb6f9b6bb2c57bd0c05e76e12489dc0d037d9 ......
checking a70c328597045be2962098916c88ddd172caa054 ......
	 orig commit -> 13baa00ad01bb3a9f893e3a08cbc2d072fc0c15d ......
checking f331d6445a3e4013428b06169acf3ae33614e69b ......
	 orig commit -> 540e2894f7905538740aaf122bd8e0548e1c34a4 ......
checking 2cd0afc64e333f2ef62444300418883cff0e79da ......
	 orig commit -> 51fb60eb162ab84c5edf2ae9c63cf0b878e5547e ......
checking 354f79125f12bcd7352704e770c0b10c4a4b424e ......
	 orig commit -> 6e28099d38c0e50d62c1afc054e37e573adf3d21 ......
checking f1b3aae1f1bfdbec1956670aa3aa28d25f88d4b3 ......
	 orig commit -> 7dcdf941cdc96692ab99fd790c8cc68945514851 ......
checking 51a219a1371ed26ce45acc8209d6064257d00f70 ......
	 orig commit -> 4e37d6911f36545b286d15073f6f2222f840e81c ......
checking 0c0be310ba29e4a053e8aac934aebe590c5da909 ......
	 orig commit -> d1b4c689d4130bcfd3532680b64db562300716b6 ......
