Check from v4.4.110 to v4.4.111
Commit count: 23
checking c5ae3a6aa1a3ff20830852ab0cd9b8c2fba56d4c ......
checking 516fa79e77f7c4490ded10e7e1c36758482bde5a ......
checking 6dcf5491e01c3d1135497d0661bb5b35a126b9d8 ......
checking 90191f71d74901ff88cd10039c03b98ca8a66c08 ......
	 orig commit -> 68ba0326b4e14988f9e0c24a6e12a85cf2acd1ca ......
checking c819a67f7ee9fafb4dca98c95e4dedfc80b985ad ......
	 orig commit -> 3205c36cf7d96024626f92d65f560035df1abcb2 ......
checking 7e35bc655ec1981b95e0cc97a397c77d437e4eec ......
	 orig commit -> e0224418516b4d8a6c2160574bac18447c354ef0 ......
checking 104fd57d391a878cbdfbd43d9e8782350eb5b1ce ......
	 orig commit -> a78f70e8d65e88b9f631d073f68cb26dcd746298 ......
checking a4c1c75373bf17f185edf3d8b2a64c50c500c785 ......
	 orig commit -> 1e5476815fd7f98b888e01a0f9522b63085f96c9 ......
checking d5bbffc0501de51c1df62bb907bbeb3dfb378588 ......
	 orig commit -> 88776c0e70be0290f8357019d844aae15edaa967 ......
checking 3db597feef0804f4b76f9425ded53d628f58bd32 ......
	 orig commit -> f4e9b7af0cd58dd039a0fb2cd67d57cea4889abf ......
checking 0a99730ae0cce274030f916a24567ca1b7b05a0c ......
	 orig commit -> 10d900303f1c3a821eb0bef4e7b7ece16768fba4 ......
checking 30ce9c8dbc42c220f0562f687dbbbcec2f2a9c11 ......
	 orig commit -> 79435ac78d160e4c245544d457850a56f805ac0d ......
checking 5f1aa83c58aaeb36a2a69256a87c86a44edbd425 ......
	 orig commit -> 426915796ccaf9c2bd9bb06dc5702225957bc2e5 ......
checking 7a7f54f8e390a696d147686fb2188d3ba93f6096 ......
	 orig commit -> ac25385089f673560867eb5179228a44ade0cfc1 ......
checking be95f1308f794861877af032bbb5b6ea48ca66a5 ......
	 orig commit -> 628c1bcba204052d19b686b5bac149a644cdb72e ......
checking 58330ec2fecd1c3a6b8759b292f32f82dfd058ba ......
	 orig commit -> bdcf0a423ea1c40bbb40e7ee483b50fc8aa3d758 ......
		 bdcf0a423ea1c40bbb40e7ee483b50fc8aa3d758 has problem. Fixes commit -> 1995266727fa8143897e89b55f5d3c79aa828420
commit 3f84339bd344b2cf0afe64b78d3964bb6422d0f3
Author: Ben Hutchings <ben.hutchings@codethink.co.uk>
Date:   Mon Jan 22 20:11:06 2018 +0000

    nfsd: auth: Fix gid sorting when rootsquash enabled
    
    commit 1995266727fa8143897e89b55f5d3c79aa828420 upstream.
    
    Commit bdcf0a423ea1 ("kernel: make groups_sort calling a responsibility
    group_info allocators") appears to break nfsd rootsquash in a pretty
    major way.
    
    It adds a call to groups_sort() inside the loop that copies/squashes
    gids, which means the valid gids are sorted along with the following
    garbage.  The net result is that the highest numbered valid gids are
    replaced with any lower-valued garbage gids, possibly including 0.
    
    We should sort only once, after filling in all the gids.
    
    Fixes: bdcf0a423ea1 ("kernel: make groups_sort calling a responsibility ...")
    Signed-off-by: Ben Hutchings <ben.hutchings@codethink.co.uk>
    Acked-by: J. Bruce Fields <bfields@redhat.com>
    Signed-off-by: Linus Torvalds <torvalds@linux-foundation.org>
    Cc: Wolfgang Walter <linux@stwm.de>
    Signed-off-by: Greg Kroah-Hartman <gregkh@linuxfoundation.org>
checking d1698dc8a590119014dd2f893b7cefa3b301739e ......
	 orig commit -> 98801506552593c9b8ac11021b0cdad12cab4f6b ......
checking 7cbb4a2305f85270c416a8a95478c07c3edc2beb ......
	 orig commit -> e2bf801ecd4e62222a46d1ba9e57e710171d29c1 ......
checking 3ad85176e78d6671ede52eed588c3588d087b587 ......
	 orig commit -> d76c68109f37cb85b243a1cf0f40313afd2bae68 ......
checking 869994e0bd2911ed07169e11362c479e4c98fd78 ......
	 orig commit -> e57121d08c38dabec15cf3e1e2ad46721af30cae ......
checking 0b72e17dde6e2468dfed6ce2a558bc2fc806cd2f ......
	 orig commit -> 203f45003a3d03eea8fa28d74cfc74c354416fdb ......
checking 83875f5825968bcab2dfd9f4531f1eb7e7eef05f ......
	 orig commit -> 4d9570158b6260f449e317a5f9ed030c2504a615 ......
checking b17b901f0fea8e4b39711841d095f50d41bb081e ......
	 orig commit -> 063fb3e56f6dd29b2633b678b837e1d904200e6f ......
