checking af13f43f01a3e4a11686f5fa4de42ecec8ed71b1 ......
checking 49e1a9d1169adcffee99967130ff6d3b79d5fbe6 ......
checking 94801fd5ab2352830a86ca59b1e6377e35b6a074 ......
	 orig commit -> 63530aba7826a0f8e129874df9c4d264f9db3f9e ......
checking c532eb1d4527d45962b6e14720f6d8c51b688889 ......
	 orig commit -> bdcc5bc25548ef6b08e2e43937148f907c212292 ......
checking 82379cf03bee3b8f7d2973363723f561dfe5c9c0 ......
	 orig commit -> cf657d22ee1f0e887326a92169f2e28dc932fd10 ......
checking c78c9f52afe57848a5262afe3c12c7d9930d0831 ......
	 orig commit -> a7b956fd38dd217dd78e3058110929f5ac914df1 ......
checking e7dff89d771365d2d96e7584a633e196448fefcf ......
	 orig commit -> 35deff7eb212b661b32177b6043f674fde6314d7 ......
		 35deff7eb212b661b32177b6043f674fde6314d7 has problem. Fixes commit -> a7b956fd38dd217dd78e3058110929f5ac914df1
commit c78c9f52afe57848a5262afe3c12c7d9930d0831
Author: Arnd Bergmann <arnd@arndb.de>
Date:   Tue Dec 8 16:21:05 2015 +0100

    mfd: as3722: Mark PM functions as __maybe_unused
    
    commit a7b956fd38dd217dd78e3058110929f5ac914df1 upstream.
    
    The newly introduced as3722_i2c_suspend/resume functions are built
    unconditionally, but only used when power management is enabled,
    so we get a warning otherwise:
    
    drivers/mfd/as3722.c:427:12: warning: 'as3722_i2c_suspend' defined but not used [-Wunused-function]
    drivers/mfd/as3722.c:438:12: warning: 'as3722_i2c_resume' defined but not used [-Wunused-function]
    
    This marks them both as __maybe_unused, which avoids an ugly #ifdef
    and gives us best compile-time coverage. When they are unused, the
    compiler will silently drop the functions from its output.
    
    Signed-off-by: Arnd Bergmann <arnd@arndb.de>
    Fixes: 35deff7eb212 ("mfd: as3722: Handle interrupts on suspend")
    Signed-off-by: Lee Jones <lee.jones@linaro.org>
    Cc: Jon Hunter <jonathanh@nvidia.com>
    Signed-off-by: Greg Kroah-Hartman <gregkh@linuxfoundation.org>
checking bc4db52485cc6edfd6861417d178bb71f743ced7 ......
	 orig commit -> cfa39381173d5f969daf43582c95ad679189cbc9 ......
checking f5aebe74113f488cad5444ab66f28c08d9c0a39a ......
checking 01fb36063d972e1b1ac751d9249300098ba20794 ......
	 orig commit -> c09551c6ff7fe16a79a42133bcecba5fc2fc3291 ......
checking 3fa6a285279f2aab6455026c08b2bad4d972cefa ......
	 orig commit -> 8a7493e58ad688eb23b81e45461c5d314f4402f1 ......
checking ffed570a85ad163d3d4d3573941da6998ae2c0dc ......
	 orig commit -> 4179cb5a4c924cd233eaadd081882425bc98f44e ......
checking a466589807a13da2b7fbb2776e01634b38a4233b ......
	 orig commit -> 04c03114be82194d4a4858d41dba8e286ad1787c ......
checking 2e7b872833c72bca349f50feec83bf352664937a ......
	 orig commit -> 3bed3cc4156eedf652b4df72bdb35d4f1a2a739d ......
checking 122e4a30779336643614fe0f81e1f3fcbd0a371c ......
	 orig commit -> 2c4cc9712364c051b1de2d175d5fbea6be948ebf ......
checking 817d4a4295661c0864919db213d9a81b0d2db6f7 ......
	 orig commit -> 8681ef1f3d295bd3600315325f3b3396d76d02f6 ......
checking 7fecacc0d5ff0dfabb1b9358279ca316cd0bbda6 ......
	 orig commit -> 1765f5dcd00963e33f1b8a4e0f34061fbc0e2f7f ......
checking 1815d11b544aad4bbc67b614fed560eb8ffbce4b ......
	 orig commit -> 3b89ea9c5902acccdbbdec307c85edd1bf52515e ......
		 3b89ea9c5902acccdbbdec307c85edd1bf52515e has problem. Fixes commit -> 8681ef1f3d295bd3600315325f3b3396d76d02f6
commit 817d4a4295661c0864919db213d9a81b0d2db6f7
Author: David S. Miller <davem@davemloft.net>
Date:   Sat Feb 16 13:44:39 2019 -0800

    net: Add header for usage of fls64()
    
    [ Upstream commit 8681ef1f3d295bd3600315325f3b3396d76d02f6 ]
    
    Fixes: 3b89ea9c5902 ("net: Fix for_each_netdev_feature on Big endian")
    Suggested-by: Eric Dumazet <eric.dumazet@gmail.com>
    Signed-off-by: David S. Miller <davem@davemloft.net>
    Signed-off-by: Greg Kroah-Hartman <gregkh@linuxfoundation.org>
checking 27763b01a4ff6a7cd87ed388f317ac489631468b ......
	 orig commit -> 07bd14ccc3049f9c0147a91a4227a571f981601a ......
checking 9d6ca4d88e276a61fac3e6b47908f2abb0e6f3ae ......
	 orig commit -> 225d9464268599a5b4d094d02ec17808e44c7553 ......
checking 9467d98f6d484257ddb6004721a4e2c957c39c73 ......
	 orig commit -> e75913c93f7cd5f338ab373c34c93a655bd309cb ......
