Check from v4.4.59 to v4.4.60
Commit count: 27
checking 8f8ee9706b0a64a3506b9d9789ace7c44f3d817d ......
checking 84bd21a708b83a24d26cd0010ea94106c96557de ......
	 orig commit -> de5540d088fe97ad583cc7d396586437b32149a5 ......
checking 5cca175b6cda16b68b18967210872327b1cadf4f ......
	 orig commit -> f5fe1b51905df7cfe4fdfd85c5fb7bc5b71a094f ......
checking 2cbd78f4239bd28b86c6ff8e3b7867db72762f1a ......
	 orig commit -> 79bd99596b7305ab08109a8bf44a6a4511dbf1cd ......
		 79bd99596b7305ab08109a8bf44a6a4511dbf1cd has problem. Fixes commit -> f5fe1b51905df7cfe4fdfd85c5fb7bc5b71a094f
commit 5cca175b6cda16b68b18967210872327b1cadf4f
Author: NeilBrown <neilb@suse.com>
Date:   Fri Mar 10 17:00:47 2017 +1100

    blk: Ensure users for current->bio_list can see the full list.
    
    commit f5fe1b51905df7cfe4fdfd85c5fb7bc5b71a094f upstream.
    
    Commit 79bd99596b73 ("blk: improve order of bio handling in generic_make_request()")
    changed current->bio_list so that it did not contain *all* of the
    queued bios, but only those submitted by the currently running
    make_request_fn.
    
    There are two places which walk the list and requeue selected bios,
    and others that check if the list is empty.  These are no longer
    correct.
    
    So redefine current->bio_list to point to an array of two lists, which
    contain all queued bios, and adjust various code to test or walk both
    lists.
    
    Signed-off-by: NeilBrown <neilb@suse.com>
    Fixes: 79bd99596b73 ("blk: improve order of bio handling in generic_make_request()")
    Signed-off-by: Jens Axboe <axboe@fb.com>
    [jwang: backport to 4.4]
    Signed-off-by: Jack Wang <jinpu.wang@profitbricks.com>
    Signed-off-by: Greg Kroah-Hartman <gregkh@linuxfoundation.org>
    [bwh: Restore changes in device-mapper from upstream version]
    Signed-off-by: Ben Hutchings <ben.hutchings@codethink.co.uk>
checking 063d30f187f5c492aa4a6cca88b8afa08f5a170c ......
	 orig commit -> 0b0408745e7ff24757cbfd571d69026c0ddb803c ......
checking 42462d23e60b89a3c2f7d8d63f5f4e464ba77727 ......
	 orig commit -> 90db10434b163e46da413d34db8d0e77404cc645 ......
checking 3a1246b46df5210164ee43d4c5c560d0dc9ed2ce ......
	 orig commit -> 3bd32722c827d00eafe8e6d5b83e9f3148ea7c7e ......
checking a55ae9d1937b0bf4004e5416cfa15750cd6d2b22 ......
	 orig commit -> 8e6583f1b5d1f5f129b873f1428b7e414263d847 ......
checking fdd4bc9313e59a1757cfc8ac5836cff55ec03eeb ......
checking b3ed3864912e8809e228ddea259e8e0fa1deadf5 ......
	 orig commit -> f87e904ddd8f0ef120e46045b0addeb1cc88354e ......
checking 6280ac931a23d3fa40cd26057576abcf90a4f22d ......
	 orig commit -> 6c356eda225e3ee134ed4176b9ae3a76f793f4dd ......
checking 47e2fe17d14d1a7da3a405b1f364c094c271d35c ......
	 orig commit -> c9d398fa237882ea07167e23bcfc5e6847066518 ......
checking ef55c3df5dbd60eb3daab7797feac850bd1e6fe3 ......
	 orig commit -> ce4b4f228e51219b0b79588caf73225b08b5b779 ......
checking 3eb392056aeb4a0beca5fcead9ad3d6b6ff0816e ......
	 orig commit -> df630b8c1e851b5e265dc2ca9c87222e342c093b ......
checking eac3ab3e69151c21a0a71ec8711600022cc12fa3 ......
	 orig commit -> 1633682053a7ee8058e10c76722b9b28e97fb73f ......
checking 0a1757cfa5ba3b46f6ee7a74ddb7a5c0bd5d7c2f ......
	 orig commit -> 497e1e16f45c70574dc9922c7f75c642c2162119 ......
checking 74b8fc017d7689d1a60c9e234b2cfe3550b7f414 ......
	 orig commit -> 31ca2c63fdc0aee725cbd4f207c1256f5deaabde ......
checking 566a8711a7dd11960fa0bf3a4fd89c742eb359f3 ......
	 orig commit -> 08f63d97749185fab942a3a47ed80f5bd89b8b7d ......
checking 3342857ac074768e14e361392ac09fbbd70d840e ......
	 orig commit -> 61b79e16c68d703dde58c25d3935d67210b7d71b ......
		 61b79e16c68d703dde58c25d3935d67210b7d71b has problem. Fixes commit -> fe8c470ab87d90e4b5115902dd94eced7e3305c3
commit 6986d0d29f3cda9f558461202d86464403454574
Author: Arnd Bergmann <arnd@arndb.de>
Date:   Wed Apr 19 19:47:04 2017 +0200

    ACPI / power: Avoid maybe-uninitialized warning
    
    commit fe8c470ab87d90e4b5115902dd94eced7e3305c3 upstream.
    
    gcc -O2 cannot always prove that the loop in acpi_power_get_inferred_state()
    is enterered at least once, so it assumes that cur_state might not get
    initialized:
    
    drivers/acpi/power.c: In function 'acpi_power_get_inferred_state':
    drivers/acpi/power.c:222:9: error: 'cur_state' may be used uninitialized in this function [-Werror=maybe-uninitialized]
    
    This sets the variable to zero at the start of the loop, to ensure that
    there is well-defined behavior even for an empty list. This gets rid of
    the warning.
    
    The warning first showed up when the -Os flag got removed in a bug fix
    patch in linux-4.11-rc5.
    
    I would suggest merging this addon patch on top of that bug fix to avoid
    introducing a new warning in the stable kernels.
    
    Fixes: 61b79e16c68d (ACPI: Fix incompatibility with mcount-based function graph tracing)
    Signed-off-by: Arnd Bergmann <arnd@arndb.de>
    Signed-off-by: Rafael J. Wysocki <rafael.j.wysocki@intel.com>
    Signed-off-by: Greg Kroah-Hartman <gregkh@linuxfoundation.org>
checking ab48ab614b8c83f3a3b0f83f7882b1d2766962d3 ......
	 orig commit -> cd3ac9affc43b44f49d7af70d275f0bd426ba643 ......
checking ce3dcfdbff04bab023806ef7a342c657ec08915d ......
	 orig commit -> 2f726aec19a9d2c63bec9a8a53a3910ffdcd09f8 ......
checking a90d7447e4a154ad26e3b9e09a0878680be49339 ......
	 orig commit -> 2d7d54002e396c180db0c800c1046f0a3c471597 ......
checking 75a03869c93a443ae068eae9aca0c0df8b33dff5 ......
	 orig commit -> 9702c67c6066f583b629cf037d2056245bb7a8e6 ......
checking a92f411914cad6532e82e4607bc4075a5ffaa366 ......
	 orig commit -> bf33f87dd04c371ea33feb821b60d63d754e3124 ......
checking 18639c4bad72218954e728e9ca65c33b13ba673a ......
	 orig commit -> ffb58456589443ca572221fabbdef3db8483a779 ......
	 orig commit -> 669f044170d8933c3d66d231b69ea97cb8447338 ......
checking 1eed198ce16b6e05c05ee381e5d90fac35ea67a7 ......
	 orig commit -> 7ecec8503af37de6be4f96b53828d640a968705f ......
checking ba46d8fab00a8e1538df241681d9161c8ec85778 ......
	 orig commit -> 633ee407b9d15a75ac9740ba9d3338815e1fcb95 ......
