Check from v4.4.112 to v4.4.113
Commit count: 55
checking f0d0a93b0e81278e86c7d81c25a54ac4f4b739d2 ......
checking 38bc402237f8cb68c5f3ab0292c6d5537af38847 ......
	 orig commit -> 0a5191efe06b5103909206e4fbcff81d30283f8e ......
checking 11e619414b69b7f1e47baac72c5be589d86e5393 ......
	 orig commit -> 3f7d875566d8e79c5e0b2c9a413e91b2c29e0854 ......
checking 58f96ac5dba6b66d9fb4e0072e0e01df0360a43f ......
	 orig commit -> 98f0fceec7f84d80bc053e49e596088573086421 ......
checking 6cb73eb8045157ea280f0a047777ea1f56547375 ......
	 orig commit -> c86a32c09f8ced67971a2310e3b0dda4d1749007 ......
checking 9b8bd0d3586842716f5673e7a0922a9c9e1fcbfd ......
	 orig commit -> c1804a236894ecc942da7dc6c5abe209e56cba93 ......
checking 799dc737680a8074a0c7c2d3426b85f4c439377f ......
	 orig commit -> 736e80a4213e9bbce40a7c050337047128b472ac ......
checking f59e7ce17ba327245c8feb312d447b09d3b98eba ......
	 orig commit -> 6f41c34d69eb005e7848716bbcafc979b35037d5 ......
checking ff535919c1366b0218113f95c447d92c3aac0c1f ......
	 orig commit -> 4efca4ed05cbdfd13ec3e8cb623fb77d6e4ab187 ......
checking 6b1c99e275c034e4650044a7bb1a0bc274e1eb45 ......
	 orig commit -> 694d99d40972f12e59a3696effee8a376b79d7c8 ......
checking 5ecd5c8388f060a02a6b97d9b99d9ea885903568 ......
	 orig commit -> acfb3b883f6d6a4b5d27ad7fdded11f6a09ae6dd ......
		 acfb3b883f6d6a4b5d27ad7fdded11f6a09ae6dd has problem. Fixes commit -> f5115e8869e1dfafac0e414b4f1664f3a84a4683
checking 7e7b086ef2fec6b1bca061a3082fc1c2701999d5 ......
	 orig commit -> 490ae017f54e55bde382d45ea24bddfb6d1a0aaf ......
checking 9c7755af771ac1b4ef1fc0e552749aa80d23af32 ......
	 orig commit -> bc68d0a43560e950850fc69b58f0f8254b28f6d6 ......
checking b7bd013a3fe033280bcc58903c51f087e4989229 ......
	 orig commit -> db5ff909798ef0099004ad50a0ff5fde92426fd1 ......
checking 082dfe6141f3a8adab45c7def0d1b1da17545f7c ......
	 orig commit -> d8a243af1a68395e07ac85384a2740d4134c67f4 ......
checking 2d5523bf47b4326ff1279613bfe69982bc4675c1 ......
	 orig commit -> 56aeb07c914a616ab84357d34f8414a69b140cdf ......
checking d5276c0137137dfa89402c52eceeb406f4950404 ......
	 orig commit -> b7563e2796f8b23c98afcfea7363194227fa089d ......
checking cf3625004e6c9093dcaa233c6f553b7eba269b50 ......
	 orig commit -> 1ebe1eaf2f02784921759992ae1fde1a9bec8fd0 ......
checking b6306f3fdcaa21b1544433de50004d13ce59042b ......
	 orig commit -> 5b189201993ab03001a398de731045bfea90c689 ......
checking a89e1ac9b0da065fa95ddd33030dcd38231f2b27 ......
	 orig commit -> dcaf12a8b0bbdbfcfa2be8dff2c4948d9844b4ad ......
checking 8e70d4862271b9c7a8300273a3bb895a5c9dbc97 ......
	 orig commit -> c52c545ead97fcc2f4f8ea38f1ae3c23211e09a8 ......
		 c52c545ead97fcc2f4f8ea38f1ae3c23211e09a8 has problem. Fixes commit -> dcaf12a8b0bbdbfcfa2be8dff2c4948d9844b4ad
commit a89e1ac9b0da065fa95ddd33030dcd38231f2b27
Author: Johan Hovold <johan@kernel.org>
Date:   Mon Jan 8 17:17:48 2018 -0800

    Input: twl6040-vibra - fix child-node lookup
    
    commit dcaf12a8b0bbdbfcfa2be8dff2c4948d9844b4ad upstream.
    
    Fix child-node lookup during probe, which ended up searching the whole
    device tree depth-first starting at parent rather than just matching on
    its children.
    
    Later sanity checks on node properties (which would likely be missing)
    should prevent this from causing much trouble however, especially as the
    original premature free of the parent node has already been fixed
    separately (but that "fix" was apparently never backported to stable).
    
    Fixes: e7ec014a47e4 ("Input: twl6040-vibra - update for device tree support")
    Fixes: c52c545ead97 ("Input: twl6040-vibra - fix DT node memory management")
    Signed-off-by: Johan Hovold <johan@kernel.org>
    Acked-by: Peter Ujfalusi <peter.ujfalusi@ti.com>
    Tested-by: H. Nikolaus Schaller <hns@goldelico.com> (on Pyra OMAP5 hardware)
    Signed-off-by: Dmitry Torokhov <dmitry.torokhov@gmail.com>
    Signed-off-by: Greg Kroah-Hartman <gregkh@linuxfoundation.org>
checking 47970b4ea09c7dc4bb610825a1e72915abb63aca ......
	 orig commit -> 906bf7daa0618d0ef39f4872ca42218c29a3631f ......
checking 7fd1335392891188b022f5fa518201710d5be3ac ......
	 orig commit -> 45d55e7bac4028af93f5fa324e69958a0b868e96 ......
checking aa041f13f8c6761ba985a4aab42c0dab49ec4202 ......
	 orig commit -> d3f14c485867cfb2e0c48aa88c41d0ef4bf5209c ......
checking 1782af2835fe6fbff6265a53fb85847fb9c58137 ......
	 orig commit -> 6cfb521ac0d5b97470883ff9b7facae264b7ab12 ......
		 6cfb521ac0d5b97470883ff9b7facae264b7ab12 has problem. Fixes commit -> 5132ede0fe8092b043dae09a7cc32b8ae7272baa
commit 5f1dc06152e1683a9277a2836517d6574757dd1f
Author: Greg Kroah-Hartman <gregkh@linuxfoundation.org>
Date:   Wed Jan 24 15:28:17 2018 +0100

    Revert "module: Add retpoline tag to VERMAGIC"
    
    commit 5132ede0fe8092b043dae09a7cc32b8ae7272baa upstream.
    
    This reverts commit 6cfb521ac0d5b97470883ff9b7facae264b7ab12.
    
    Turns out distros do not want to make retpoline as part of their "ABI",
    so this patch should not have been merged.  Sorry Andi, this was my
    fault, I suggested it when your original patch was the "correct" way of
    doing this instead.
    
    Reported-by: Jiri Kosina <jikos@kernel.org>
    Fixes: 6cfb521ac0d5 ("module: Add retpoline tag to VERMAGIC")
    Acked-by: Andi Kleen <ak@linux.intel.com>
    Cc: Thomas Gleixner <tglx@linutronix.de>
    Cc: David Woodhouse <dwmw@amazon.co.uk>
    Cc: rusty@rustcorp.com.au
    Cc: arjan.van.de.ven@intel.com
    Cc: jeyu@kernel.org
    Signed-off-by: Linus Torvalds <torvalds@linux-foundation.org>
    Signed-off-by: Greg Kroah-Hartman <gregkh@linuxfoundation.org>
checking fba063e6dfb413e06b9daa5d45b164761172f5ed ......
	 orig commit -> 28d437d550e1e39f805d99f9f8ac399c778827b7 ......
checking 8bd58b61d2faacdacd05287a3bbb32ad226b5428 ......
	 orig commit -> ae83b56a56f8d9643dedbee86b457fa1c5d42f59 ......
checking ec7a002d7796a1831d171159366d71fbcc8bf049 ......
	 orig commit -> eb94588dabec82e012281608949a860f64752914 ......
checking b78f2d36e7378f43ba849e90e1f9dbfedd09eaf9 ......
	 orig commit -> 4e765b4972af7b07adcb1feb16e7a525ce1f6b28 ......
checking 48907f2535aa4b5951a0863b8bc7526402388c8d ......
	 orig commit -> 06b335cb51af018d5feeff5dd4fd53847ddb675a ......
checking 478a7fa82ff78be3b7aa94a9994fe0544b931f53 ......
	 orig commit -> 031f335cda879450095873003abb03ae8ed3b74a ......
checking a4d7639d5fb65070e43f679493341f1ec4212e6e ......
	 orig commit -> e4c9fd10eb21376f44723c40ad12395089251c28 ......
checking 80547bb6154d02279e446526a7d3daf7d5aa15db ......
	 orig commit -> 23b19b7b50fe1867da8d431eea9cd3e4b6328c2c ......
checking 58c82be944f58561e77eb9db5039a4b0eca96ac5 ......
	 orig commit -> fbe0e839d1e22d88810f3ee3e2f1479be4c0aa4a ......
checking f1fcb9d2926c378e39adf42ef3446e08b2d63895 ......
	 orig commit -> 745dfa0d8ec26b24f3304459ff6e9eacc5c8351b ......
checking 451725c3e785dfc3ede6c65184b96c213181995a ......
	 orig commit -> b8b9ce4b5aec8de9e23cabb0a26b78641f9ab1d6 ......
checking eebc3f8adee0a6f43a4789ef0bf5c5b35de8cfe4 ......
	 orig commit -> 117cc7a908c83697b0b737d15ae1eb5943afe35b ......
		 117cc7a908c83697b0b737d15ae1eb5943afe35b has problem. Fixes commit -> af189c95a371b59f493dbe0f50c0a09724868881
checking f72655b837eb4320a1ffebbd0e0ebe92ce1e5314 ......
	 orig commit -> 7614e913db1f40fff819b36216484dc3808995d4 ......
checking 7e5bb301bd2fdd62cbee7b26a8234cccb6731849 ......
	 orig commit -> 5096732f6f695001fa2d6f1335a2680b37912c69 ......
checking 6b222e7483af4fd8f632efbf3b91025c2359b10a ......
	 orig commit -> ea08816d5b185ab3d09e95e393f265af54560350 ......
checking d2beed45635e3c430bc6d84ff8e6c6e8cb2e10b4 ......
	 orig commit -> e70e5892b28c18f517f29ab6e83bd57705104b31 ......
checking 7153a6d5ff050050555066f58ac3458c5efc699b ......
	 orig commit -> 9351803bd803cdbeb9b5a7850b7b6f464806e3db ......
checking 028083cb02db69237e73950576bc81ac579693dc ......
	 orig commit -> 2641f08bb7fc63a636a2b18173221d7040a3512e ......
checking 9fe55976f0c8acfd7408bf693b6d171587b62129 ......
	 orig commit -> 9697fa39efd3fc3692f2949d4045f393ec58450b ......
checking 9f789bc5711bcacb5df003594b992f0c1cc19df4 ......
	 orig commit -> da285121560e769cc31797bba6422eea71d473e0 ......
		 da285121560e769cc31797bba6422eea71d473e0 has problem. Fixes commit -> 9471eee9186a46893726e22ebb54cade3f9bc043
checking 3c5e10905263dbe9fbc621d1889b85e9c867da25 ......
	 orig commit -> 76b043848fd22dbf7f8bf3a1452f8c70d557b860 ......
		 76b043848fd22dbf7f8bf3a1452f8c70d557b860 has problem. Fixes commit -> 1df37383a8aeabb9b418698f0bcdffea01f4b1b2
b8b9ce4b5aec8de9e23cabb0a26b78641f9ab1d6
commit 451725c3e785dfc3ede6c65184b96c213181995a
Author: Thomas Gleixner <tglx@linutronix.de>
Date:   Sun Jan 14 22:13:29 2018 +0100

    x86/retpoline: Remove compile time warning
    
    commit b8b9ce4b5aec8de9e23cabb0a26b78641f9ab1d6 upstream.
    
    Remove the compile time warning when CONFIG_RETPOLINE=y and the compiler
    does not have retpoline support. Linus rationale for this is:
    
      It's wrong because it will just make people turn off RETPOLINE, and the
      asm updates - and return stack clearing - that are independent of the
      compiler are likely the most important parts because they are likely the
      ones easiest to target.
    
      And it's annoying because most people won't be able to do anything about
      it. The number of people building their own compiler? Very small. So if
      their distro hasn't got a compiler yet (and pretty much nobody does), the
      warning is just annoying crap.
    
      It is already properly reported as part of the sysfs interface. The
      compile-time warning only encourages bad things.
    
    Fixes: 76b043848fd2 ("x86/retpoline: Add initial retpoline support")
    Requested-by: Linus Torvalds <torvalds@linux-foundation.org>
    Signed-off-by: Thomas Gleixner <tglx@linutronix.de>
    Cc: David Woodhouse <dwmw@amazon.co.uk>
    Cc: Peter Zijlstra (Intel) <peterz@infradead.org>
    Cc: gnomes@lxorguk.ukuu.org.uk
    Cc: Rik van Riel <riel@redhat.com>
    Cc: Andi Kleen <ak@linux.intel.com>
    Cc: Josh Poimboeuf <jpoimboe@redhat.com>
    Cc: thomas.lendacky@amd.com
    Cc: Linus Torvalds <torvalds@linux-foundation.org>
    Cc: Jiri Kosina <jikos@kernel.org>
    Cc: Andy Lutomirski <luto@amacapital.net>
    Cc: Dave Hansen <dave.hansen@intel.com>
    Cc: Kees Cook <keescook@google.com>
    Cc: Tim Chen <tim.c.chen@linux.intel.com>
    Cc: Greg Kroah-Hartman <gregkh@linux-foundation.org>
    Link: https://lkml.kernel.org/r/CA+55aFzWgquv4i6Mab6bASqYXg3ErV3XDFEYf=GEcCDQg5uAtw@mail.gmail.com
    Signed-off-by: Greg Kroah-Hartman <gregkh@linuxfoundation.org>
commit ffe69f2dd11a8ef5f708f116a3bccb80b9d57e7d
Author: Waiman Long <longman@redhat.com>
Date:   Fri Feb 23 11:41:51 2018 +0100

    x86/retpoline: Remove the esp/rsp thunk
    
    commit 1df37383a8aeabb9b418698f0bcdffea01f4b1b2 upstream.
    
    It doesn't make sense to have an indirect call thunk with esp/rsp as
    retpoline code won't work correctly with the stack pointer register.
    Removing it will help compiler writers to catch error in case such
    a thunk call is emitted incorrectly.
    
    Fixes: 76b043848fd2 ("x86/retpoline: Add initial retpoline support")
    Suggested-by: Jeff Law <law@redhat.com>
    Signed-off-by: Waiman Long <longman@redhat.com>
    Signed-off-by: Thomas Gleixner <tglx@linutronix.de>
    Acked-by: David Woodhouse <dwmw@amazon.co.uk>
    Cc: Tom Lendacky <thomas.lendacky@amd.com>
    Cc: Kees Cook <keescook@google.com>
    Cc: Andi Kleen <ak@linux.intel.com>
    Cc: Tim Chen <tim.c.chen@linux.intel.com>
    Cc: Peter Zijlstra <peterz@infradead.org>
    Cc: Linus Torvalds <torvalds@linux-foundation.org>
    Cc: Jiri Kosina <jikos@kernel.org>
    Cc: Andy Lutomirski <luto@amacapital.net>
    Cc: Dave Hansen <dave.hansen@intel.com>
    Cc: Josh Poimboeuf <jpoimboe@redhat.com>
    Cc: Arjan van de Ven <arjan@linux.intel.com>
    Cc: Greg Kroah-Hartman <gregkh@linux-foundation.org>
    Cc: Paul Turner <pjt@google.com>
    Link: https://lkml.kernel.org/r/1516658974-27852-1-git-send-email-longman@redhat.com
    Signed-off-by: David Woodhouse <dwmw@amazon.co.uk>
    [jwang: cherry pick to 4.4]
    Signed-off-by: Jack Wang <jinpu.wang@profitbricks.com>
    Signed-off-by: Greg Kroah-Hartman <gregkh@linuxfoundation.org>

commit 451725c3e785dfc3ede6c65184b96c213181995a
Author: Thomas Gleixner <tglx@linutronix.de>
Date:   Sun Jan 14 22:13:29 2018 +0100

    x86/retpoline: Remove compile time warning
    
    commit b8b9ce4b5aec8de9e23cabb0a26b78641f9ab1d6 upstream.
    
    Remove the compile time warning when CONFIG_RETPOLINE=y and the compiler
    does not have retpoline support. Linus rationale for this is:
    
      It's wrong because it will just make people turn off RETPOLINE, and the
      asm updates - and return stack clearing - that are independent of the
      compiler are likely the most important parts because they are likely the
      ones easiest to target.
    
      And it's annoying because most people won't be able to do anything about
      it. The number of people building their own compiler? Very small. So if
      their distro hasn't got a compiler yet (and pretty much nobody does), the
      warning is just annoying crap.
    
      It is already properly reported as part of the sysfs interface. The
      compile-time warning only encourages bad things.
    
    Fixes: 76b043848fd2 ("x86/retpoline: Add initial retpoline support")
    Requested-by: Linus Torvalds <torvalds@linux-foundation.org>
    Signed-off-by: Thomas Gleixner <tglx@linutronix.de>
    Cc: David Woodhouse <dwmw@amazon.co.uk>
    Cc: Peter Zijlstra (Intel) <peterz@infradead.org>
    Cc: gnomes@lxorguk.ukuu.org.uk
    Cc: Rik van Riel <riel@redhat.com>
    Cc: Andi Kleen <ak@linux.intel.com>
    Cc: Josh Poimboeuf <jpoimboe@redhat.com>
    Cc: thomas.lendacky@amd.com
    Cc: Linus Torvalds <torvalds@linux-foundation.org>
    Cc: Jiri Kosina <jikos@kernel.org>
    Cc: Andy Lutomirski <luto@amacapital.net>
    Cc: Dave Hansen <dave.hansen@intel.com>
    Cc: Kees Cook <keescook@google.com>
    Cc: Tim Chen <tim.c.chen@linux.intel.com>
    Cc: Greg Kroah-Hartman <gregkh@linux-foundation.org>
    Link: https://lkml.kernel.org/r/CA+55aFzWgquv4i6Mab6bASqYXg3ErV3XDFEYf=GEcCDQg5uAtw@mail.gmail.com
    Signed-off-by: Greg Kroah-Hartman <gregkh@linuxfoundation.org>
checking 675901851fd2a00c7a70bcf327303efba3b81e2f ......
	 orig commit -> 4f920843d248946545415c1bf6120942048708ed ......
checking a88693d006986b8fc9ae5036852ac0156106de2a ......
	 orig commit -> 22823ab419d8ed884195cfa75483fd3a99bb1462 ......
checking b8e7a489b51810992ba3266bfd9e043709e07267 ......
	 orig commit -> f005f5d860e0231fe212cfda8c1a3148b99609f4 ......
checking b76ac90af34dc08f057da15aa34584a0a3d381b5 ......
	 orig commit -> 334bb773876403eae3457d81be0b8ea70f8e4ccc ......
		 334bb773876403eae3457d81be0b8ea70f8e4ccc has problem. Fixes commit -> c7858bf16c0b2cc62f475f31e6df28c3a68da1d6
checking cfc8c1d61e46fd3c60a34a5b1962eeeb03222a3d ......
	 orig commit -> 196bd485ee4f03ce4c690bfcf38138abfcd0a4bc ......
checking 416f66509fce36e128ea2d9e62739a21f1a1d04d ......
	 orig commit -> b8b7abaed7a49b350f8ba659ddc264b04931d581 ......
checking 642ce1bb5ea64b1d036dff04a005d9bbe28ab5b4 ......
	 orig commit -> 9c6a73c75864ad9fa49e5fa6513e4c4071c0e29f ......
checking 20c28c04a6bc2ebd60fa20e5c3a6bf3bfa736d81 ......
	 orig commit -> e4d0e84e490790798691aaa0f2e598637f1867ec ......
checking e6c591e7a430197777a6456a3cd2db38fffd7647 ......
	 orig commit -> cc622420798c4bcf093785d872525087a7798db9 ......
