Check from v4.4.20 to v4.4.21
Commit count: 193
checking 1d074db69c46d62ce82b331c2080e2fcb710bf4a ......
checking 11c27e850d90372d79c1337be299923b5fb353e8 ......
	 orig commit -> f2d1362ff7d266b3d2b1c764d6c2ef4a3b457f23 ......
checking 3838b04f6d5868f5ec5ee52ce1391b6253c6ce16 ......
	 orig commit -> 8a092e682f20f193f2070dba2ea1904e95814126 ......
checking 390bddc4a36d2ce015a9d78d8624e575cbac9cd3 ......
	 orig commit -> 48a61e1e2af8020f11a2b8f8dc878144477623c6 ......
checking aaac8cab2f92aa235f6f79e8cff52bf11c0fbf1d ......
	 orig commit -> e43e94c1eda76dabd686ddf6f7825f54d747b310 ......
checking 73e6305cf0f89ee66abe522a75eb614212b1c8a2 ......
	 orig commit -> 096a8b6d5e7ab9f8ca3d2474b3ca6a1fe79e0371 ......
checking 6f0caecda50f411841d9791e1fe54c30d33969b7 ......
	 orig commit -> a87eeb900dbb9f8202f96604d56e47e67c936b9d ......
checking f5b004e4edb87ea4c0a72a72191f33d372d08251 ......
	 orig commit -> 8ddc05638ee42b18ba4fe99b5fb647fa3ad20456 ......
checking 6fd91313bfcfd44cebcb2a55dbeeb606ee3cd710 ......
	 orig commit -> 6b760bb2c63a9e322c0e4a0b5daf335ad93d5a33 ......
checking 6664ad65f31ecb35f4f7d8208036b5dbc7640740 ......
	 orig commit -> 11749e086b2766cccf6217a527ef5c5604ba069c ......
checking 857fbd7a74d2cb1a396f4733536e10e74c4908a6 ......
	 orig commit -> fd06c77eb9200b53d421da5fffe0dcd894b5d72a ......
checking eea36eb2c42be7e1eba65bb17cfa1018270184b1 ......
	 orig commit -> 311042d1b67d9a1856a8e1294e7729fb86f64014 ......
checking 42c51d003bfd58b3d1bc966ad25f69c5b4974f9b ......
	 orig commit -> 816f318b2364262a51024096da7ca3b84e78e3b5 ......
checking e6c4138bc1e6021be12eba70bb90a2ea2a3dc96a ......
	 orig commit -> 6b1ca4bcadf9ef077cc5f03c6822ba276ed14902 ......
checking ad3bccfd7d6c0d9b263977492f2f712f1859b5b2 ......
	 orig commit -> 04b2d9c9c319277ad4fbbb71855c256a9f4d5f98 ......
checking 9947ec2c04d30412a06e45a4af03f28c2d76d1f6 ......
	 orig commit -> 83d9956b7e6b310c1062df7894257251c625b22e ......
checking f973851a595969f2a57f81e3c915cc116ae5a74f ......
	 orig commit -> 8b18e2359aff2ab810aba84cebffc9da07fef78f ......
checking f964b3b368b59cc03e26d3f5b5226432b22d9a0d ......
	 orig commit -> 6c4687cc17a788a6dd8de3e27dbeabb7cbd3e066 ......
checking 2e133f2d2cf40736ebc028ffa11dd907dc0753eb ......
	 orig commit -> 2e63ad4bd5dd583871e6602f9d398b9322d358d9 ......
checking 9cb2e06aa5ce916bd77cb1c4ec75cbb2a3d0b736 ......
	 orig commit -> a77ec83a57890240c546df00ca5df1cdeedb1cc3 ......
checking 2d64cbc819b13ebd503780f39552827516f4ce4a ......
	 orig commit -> acc9cf8c66c66b2cbbdb4a375537edee72be64df ......
checking 4c10981673bb8aa798dac491bef41389646d02b1 ......
	 orig commit -> c0082e985fdf77b02fc9e0dac3b58504dcf11b7a ......
checking 2f949da9c0203bb8b309daddcf532593d019fc2b ......
	 orig commit -> e1ff3dd1ae52cef5b5373c8cc4ad949c2c25a71c ......
checking 708cb42fcaef0874a81100b461833096564db6cf ......
	 orig commit -> 7cb35119d067191ce9ebc380a599db0b03cbd9d9 ......
checking d57a6c748059eb1f90cde4b40091f57617b72609 ......
	 orig commit -> c11b9fdd6a612f376a5e886505f1c54c16d8c380 ......
		 c11b9fdd6a612f376a5e886505f1c54c16d8c380 has problem. Fixes commit -> e1ff3dd1ae52cef5b5373c8cc4ad949c2c25a71c
commit 2f949da9c0203bb8b309daddcf532593d019fc2b
Author: Miklos Szeredi <mszeredi@redhat.com>
Date:   Mon Sep 5 13:55:20 2016 +0200

    ovl: fix workdir creation
    
    commit e1ff3dd1ae52cef5b5373c8cc4ad949c2c25a71c upstream.
    
    Workdir creation fails in latest kernel.
    
    Fix by allowing EOPNOTSUPP as a valid return value from
    vfs_removexattr(XATTR_NAME_POSIX_ACL_*).  Upper filesystem may not support
    ACL and still be perfectly able to support overlayfs.
    
    Reported-by: Martin Ziegler <ziegler@uni-freiburg.de>
    Signed-off-by: Miklos Szeredi <mszeredi@redhat.com>
    Fixes: c11b9fdd6a61 ("ovl: remove posix_acl_default from workdir")
    Signed-off-by: Greg Kroah-Hartman <gregkh@linuxfoundation.org>
checking 48fd20d7237bfefd18750b1b38f426c7e210462d ......
	 orig commit -> 0956254a2d5b9e2141385514553aeef694dfe3b5 ......
checking d72e9b2566e79f0ca6fe128d8bb6972209a816fc ......
	 orig commit -> 5955102c9984fa081b2d570cfac75c97eecf8f3b ......
checking 09ca40a6afc93c21ec2ecc2ff9ba5b7c7360a0b7 ......
	 orig commit -> 57b8f112cfe6622ddddb8c2641206bb5fa8a112d ......
checking 4eca11dbd272076f05c934dfd3005afc4b77c521 ......
	 orig commit -> 27727df240c7cc84f2ba6047c6f18d5addfd25ef ......
		 27727df240c7cc84f2ba6047c6f18d5addfd25ef has problem. Fixes commit -> 58bfea9532552d422bde7afa207e1a0f08dffa7d
commit 78c7b55b362e868e529ab6579134708fcf5539dd
Author: John Stultz <john.stultz@linaro.org>
Date:   Tue Oct 4 19:55:48 2016 -0700

    timekeeping: Fix __ktime_get_fast_ns() regression
    
    commit 58bfea9532552d422bde7afa207e1a0f08dffa7d upstream.
    
    In commit 27727df240c7 ("Avoid taking lock in NMI path with
    CONFIG_DEBUG_TIMEKEEPING"), I changed the logic to open-code
    the timekeeping_get_ns() function, but I forgot to include
    the unit conversion from cycles to nanoseconds, breaking the
    function's output, which impacts users like perf.
    
    This results in bogus perf timestamps like:
     swapper     0 [000]   253.427536:  111111111 cpu-clock:  ffffffff810a0de6 native_safe_halt+0x6 ([kernel.kallsyms])
     swapper     0 [000]   254.426573:  111111111 cpu-clock:  ffffffff810a0de6 native_safe_halt+0x6 ([kernel.kallsyms])
     swapper     0 [000]   254.426687:  111111111 cpu-clock:  ffffffff810a0de6 native_safe_halt+0x6 ([kernel.kallsyms])
     swapper     0 [000]   254.426800:  111111111 cpu-clock:  ffffffff810a0de6 native_safe_halt+0x6 ([kernel.kallsyms])
     swapper     0 [000]   254.426905:  111111111 cpu-clock:  ffffffff810a0de6 native_safe_halt+0x6 ([kernel.kallsyms])
     swapper     0 [000]   254.427022:  111111111 cpu-clock:  ffffffff810a0de6 native_safe_halt+0x6 ([kernel.kallsyms])
     swapper     0 [000]   254.427127:  111111111 cpu-clock:  ffffffff810a0de6 native_safe_halt+0x6 ([kernel.kallsyms])
     swapper     0 [000]   254.427239:  111111111 cpu-clock:  ffffffff810a0de6 native_safe_halt+0x6 ([kernel.kallsyms])
     swapper     0 [000]   254.427346:  111111111 cpu-clock:  ffffffff810a0de6 native_safe_halt+0x6 ([kernel.kallsyms])
     swapper     0 [000]   254.427463:  111111111 cpu-clock:  ffffffff810a0de6 native_safe_halt+0x6 ([kernel.kallsyms])
     swapper     0 [000]   255.426572:  111111111 cpu-clock:  ffffffff810a0de6 native_safe_halt+0x6 ([kernel.kallsyms])
    
    Instead of more reasonable expected timestamps like:
     swapper     0 [000]    39.953768:  111111111 cpu-clock:  ffffffff810a0de6 native_safe_halt+0x6 ([kernel.kallsyms])
     swapper     0 [000]    40.064839:  111111111 cpu-clock:  ffffffff810a0de6 native_safe_halt+0x6 ([kernel.kallsyms])
     swapper     0 [000]    40.175956:  111111111 cpu-clock:  ffffffff810a0de6 native_safe_halt+0x6 ([kernel.kallsyms])
     swapper     0 [000]    40.287103:  111111111 cpu-clock:  ffffffff810a0de6 native_safe_halt+0x6 ([kernel.kallsyms])
     swapper     0 [000]    40.398217:  111111111 cpu-clock:  ffffffff810a0de6 native_safe_halt+0x6 ([kernel.kallsyms])
     swapper     0 [000]    40.509324:  111111111 cpu-clock:  ffffffff810a0de6 native_safe_halt+0x6 ([kernel.kallsyms])
     swapper     0 [000]    40.620437:  111111111 cpu-clock:  ffffffff810a0de6 native_safe_halt+0x6 ([kernel.kallsyms])
     swapper     0 [000]    40.731546:  111111111 cpu-clock:  ffffffff810a0de6 native_safe_halt+0x6 ([kernel.kallsyms])
     swapper     0 [000]    40.842654:  111111111 cpu-clock:  ffffffff810a0de6 native_safe_halt+0x6 ([kernel.kallsyms])
     swapper     0 [000]    40.953772:  111111111 cpu-clock:  ffffffff810a0de6 native_safe_halt+0x6 ([kernel.kallsyms])
     swapper     0 [000]    41.064881:  111111111 cpu-clock:  ffffffff810a0de6 native_safe_halt+0x6 ([kernel.kallsyms])
    
    Add the proper use of timekeeping_delta_to_ns() to convert
    the cycle delta to nanoseconds as needed.
    
    Thanks to Brendan and Alexei for finding this quickly after
    the v4.8 release. Unfortunately the problematic commit has
    landed in some -stable trees so they'll need this fix as
    well.
    
    Many apologies for this mistake. I'll be looking to add a
    perf-clock sanity test to the kselftest timers tests soon.
    
    Fixes: 27727df240c7 "timekeeping: Avoid taking lock in NMI path with CONFIG_DEBUG_TIMEKEEPING"
    Reported-by: Brendan Gregg <bgregg@netflix.com>
    Reported-by: Alexei Starovoitov <alexei.starovoitov@gmail.com>
    Tested-and-reviewed-by: Mathieu Desnoyers <mathieu.desnoyers@efficios.com>
    Signed-off-by: John Stultz <john.stultz@linaro.org>
    Cc: Peter Zijlstra <peterz@infradead.org>
    Cc: Steven Rostedt <rostedt@goodmis.org>
    Link: http://lkml.kernel.org/r/1475636148-26539-1-git-send-email-john.stultz@linaro.org
    Signed-off-by: Thomas Gleixner <tglx@linutronix.de>
    Cc: Mathieu Desnoyers <mathieu.desnoyers@efficios.com>
    Signed-off-by: Greg Kroah-Hartman <gregkh@linuxfoundation.org>
checking 42ef9015e0adec4b5cf8142846a596a7adb8cadc ......
	 orig commit -> a4f8f6667f099036c88f231dcad4cf233652c824 ......
checking f5edb04b45076f498a96e5a6f5b1c37e943b501e ......
	 orig commit -> f3d7ebdeb2c297bd26272384e955033493ca291c ......
checking 4757f7ed8e9473d03074e3a315158492856a9f56 ......
	 orig commit -> 3e103a65514c2947e53f3171b21255fbde8b60c6 ......
checking 103898dd7701bf65ba35c5337ae82f82834bb0c5 ......
	 orig commit -> 89f82cbb0d5c0ab768c8d02914188aa2211cd2e3 ......
checking b7e99f782e6bd2606adbbce0c90804fb8aa4f5c8 ......
	 orig commit -> 6f00975c619064a18c23fd3aced325ae165a73b9 ......
checking 314c7e8a09e8f23715e0fcd08e8659a67447c0d4 ......
	 orig commit -> 13f479b9df4e2bbf2d16e7e1b02f3f55f70e2455 ......
checking 2d29d6cec3bc5473efdad3b143404d9e32817c86 ......
	 orig commit -> 532c34b5fbf1687df63b3fcd5b2846312ac943c6 ......
checking ffd5ce2ad5fd140ddd492ab2064e29e86aaa64ea ......
	 orig commit -> 4116def2337991b39919f3b448326e21c40e0dbb ......
checking 0e324f6d66549b6a98122f2bd8da5ae56b018956 ......
	 orig commit -> 190ce8693c23eae09ba5f303a83bf2fbeb6478b1 ......
checking 81e9a969c441d43b1a82b7d27848c0c7e1a5d90d ......
checking db8c7fff99ef64e0f2702b5477104b6c3a6c6fee ......
	 orig commit -> 568ac888215c7fb2fabe8ea739b00ec3c1f5d440 ......
checking 02989f49787e23855d989647d2e37826f841d844 ......
	 orig commit -> 4d70dca4eadf2f95abe389116ac02b8439c2d16c ......
checking d3a6bd7b77ce9c9c19b37226ab0640a8918c4663 ......
	 orig commit -> 1b856086813be9371929b6cc62045f9fd470f5a0 ......
checking 1d12bad745acfc02d452a13f32b4087865964c9a ......
	 orig commit -> b47820edd1634dc1208f9212b7ecfb4230610a23 ......
checking 77ae14d00650e7f7b2144019b855acbc6e27003f ......
	 orig commit -> 2e81a4eeedcaa66e35f58b81e0755b87057ce392 ......
checking a79f1f7fcbe478e22cb4ff5f524847ec584177fe ......
	 orig commit -> 443a8c41cd49de66a3fda45b32b9860ea0292b84 ......
checking e6abdbf8ac4adc14b6e91fdeb81492c112e9cc1e ......
	 orig commit -> 418c12d08dc64a45107c467ec1ba29b5e69b0715 ......
checking f2c06c7321aa080b18f36090cc1c3b2fa03a5cc8 ......
	 orig commit -> d0141191a20289f8955c1e03dad08e42e6f71ca9 ......
checking dfa0a22733804636fb8ac7963bd24e7ce6dbaa45 ......
	 orig commit -> 829fa70dddadf9dd041d62b82cd7cea63943899d ......
checking 6af4737361aa55ac90ecb9b41915cd8fd5cade77 ......
	 orig commit -> d6e0d306449bcb5fa3c80e7a3edf11d45abf9ae9 ......
checking ad7c1399b7d0c6788b8f5fdb5c274110f3ce6017 ......
	 orig commit -> 98f368e9e2630a3ce3e80fb10fb2e02038cf9578 ......
checking 5afbd223e60a130f66bddf7598165ebe2b51f8db ......
	 orig commit -> 23c8a812dc3c621009e4f0e5342aa4e2ede1ceaa ......
checking 45a063156fc5822f3f72bee0bc986de63e7ed73b ......
	 orig commit -> e16dad6bfe1437aaee565f875a6713ca7ce81bdf ......
checking d4009e4b6e309e222c5245056f4d6e1a4da88026 ......
	 orig commit -> ea76543127da32dec28af0a13ea1b06625fc085e ......
checking 61610c63fa1025468c82be975e7d574e847d00de ......
	 orig commit -> d157bd761585605b7882935ffb86286919f62ea1 ......
checking b54698f045e805b577e14285d047ecfae1e706be ......
	 orig commit -> b3dae7828399ef316e3fabf7e82c6415cb03a02e ......
checking 4666aa74a3797d23a2344033df41b2aa0cfe5023 ......
	 orig commit -> 5f65e5ca286126a60f62c8421b77c2018a482b8a ......
checking 6a90aa44065afb34ad4f37676b734c0e3eeafe6a ......
	 orig commit -> 2d7f9e2ad35e4e7a3086231f19bfab33c6a8a64a ......
checking 917f84b8df10b6959f0fb8e5019cdffb670c0362 ......
	 orig commit -> bb6a777369449d15a4a890306d2f925cae720e1c ......
checking dfe2042d96065f044a794f684e9f7976a4ca6e24 ......
	 orig commit -> 197c949e7798fbf28cfadc69d9ca0c2abbf93191 ......
checking 4259821921698f26e4a2c67c72f00db4e48833b0 ......
	 orig commit -> 6333ed8f26cf77311088d2e2b7cf16d8480bcbb2 ......
checking f88503578d823dfe503c9c6b80baf3864915f6a5 ......
	 orig commit -> d5e26bb1d812ba74f29b6bcbc88c3dbfb3eed824 ......
checking 610f1a8d3700e81d534adb3db07267fa8b20411c ......
	 orig commit -> a9be294ecb3b9dc82b15625631b153f871181d16 ......
checking 8b2e345ed50bc140e2334e6b8fa9108ee66683cb ......
	 orig commit -> 55e77a3e8297581c919b45adcc4d0815b69afa84 ......
checking 5fb71611925f734f7fe03a45527e14b296fd5167 ......
	 orig commit -> 5d2be1422e02ccd697ccfcd45c85b4a26e6178e2 ......
		 5d2be1422e02ccd697ccfcd45c85b4a26e6178e2 has problem. Fixes commit -> 55e77a3e8297581c919b45adcc4d0815b69afa84
commit 8b2e345ed50bc140e2334e6b8fa9108ee66683cb
Author: Richard Alpe <richard.alpe@ericsson.com>
Date:   Thu Jul 14 15:02:07 2016 +0100

    tipc: fix nl compat regression for link statistics
    
    [ Upstream commit 55e77a3e8297581c919b45adcc4d0815b69afa84 ]
    
    Fix incorrect use of nla_strlcpy() where the first NLA_HDRLEN bytes
    of the link name where left out.
    
    Making the output of tipc-config -ls look something like:
    Link statistics:
    dcast-link
    1:data0-1.1.2:data0
    1:data0-1.1.3:data0
    
    Also, for the record, the patch that introduce this regression
    claims "Sending the whole object out can cause a leak". Which isn't
    very likely as this is a compat layer, where the data we are parsing
    is generated by us and we know the string to be NULL terminated. But
    you can of course never be to secure.
    
    Fixes: 5d2be1422e02 (tipc: fix an infoleak in tipc_nl_compat_link_dump)
    Signed-off-by: Richard Alpe <richard.alpe@ericsson.com>
    Signed-off-by: David S. Miller <davem@davemloft.net>
    Signed-off-by: Sasha Levin <alexander.levin@verizon.com>
    Signed-off-by: Greg Kroah-Hartman <gregkh@linuxfoundation.org>
checking cfd6e7fe434a378127e4964fc0b7ccf32ae2baed ......
	 orig commit -> d157bd761585605b7882935ffb86286919f62ea1 ......
checking c6d7c62c0092fd5d0fca299eeb9d4eb0a46a8a9d ......
	 orig commit -> a0af53b511423cca93900066512379e21586d7dd ......
checking e153f52df99a88614384dcc6568014ece08802ff ......
	 orig commit -> 22f35042593c2b369861f0b9740efb8065a42db0 ......
checking af115b1a3adff2d01ff2e55a184adf3775bf2b1c ......
	 orig commit -> 457c52d87e5dac9a4cf1a6a287e60ea7645067d4 ......
checking 822480f8f45473c41307e2abe81de681ca2ca349 ......
	 orig commit -> 4efc6939a83c54fb3417541be48991afd0290ba3 ......
checking be9755f99926603ded05d50b8adef1e73234b3fd ......
	 orig commit -> 3f4c68cfde30caa1f6d8368fd19590671411ade2 ......
checking c5852a85ed87d963ea5bcfead4f61fc9a276882c ......
	 orig commit -> 1e2ae9ec072f3b7887f456426bc2cf23b80f661a ......
checking 3d390b83a990e688edc5682bee55c52ee46c6880 ......
	 orig commit -> 0d3d054b43719ef33232677ba27ba6097afdafbc ......
checking 1062520ea49aa89b42119e868d44a67699e3a552 ......
	 orig commit -> b046d3ad38d90276379c862f15ddd99fa8739906 ......
checking 4be6661ccec8a1dfe8c5242126b8efe316d894c6 ......
	 orig commit -> 975f57fdff1d0eb9816806cabd27162a8a1a4038 ......
checking e29e85ac08345e9276bff3ca39debc88a46d79a4 ......
	 orig commit -> 5ca55738201c7ae1b556ad87bbb22c139ecc01dd ......
		 5ca55738201c7ae1b556ad87bbb22c139ecc01dd has problem. Fixes commit -> 975f57fdff1d0eb9816806cabd27162a8a1a4038
commit 4be6661ccec8a1dfe8c5242126b8efe316d894c6
Author: Anton Blanchard <anton@samba.org>
Date:   Fri Jun 10 16:47:02 2016 +1000

    crypto: vmx - Fix ABI detection
    
    [ Upstream commit 975f57fdff1d0eb9816806cabd27162a8a1a4038 ]
    
    When calling ppc-xlate.pl, we pass it either linux-ppc64 or
    linux-ppc64le. The script however was expecting linux64le, a result
    of its OpenSSL origins. This means we aren't obeying the ppc64le
    ABIv2 rules.
    
    Fix this by checking for linux-ppc64le.
    
    Fixes: 5ca55738201c ("crypto: vmx - comply with ABIs that specify vrsave as reserved.")
    Cc: stable@vger.kernel.org
    Signed-off-by: Anton Blanchard <anton@samba.org>
    Signed-off-by: Herbert Xu <herbert@gondor.apana.org.au>
    Signed-off-by: Sasha Levin <alexander.levin@verizon.com>
    Signed-off-by: Greg Kroah-Hartman <gregkh@linuxfoundation.org>
checking 5349cdd3b49cea2d57dc05bbf3f313979751fed3 ......
	 orig commit -> 50220dead1650609206efe91f0cc116132d59b3f ......
checking 9f4a5a1c0cac1e655234984b3f877ae0b7585f00 ......
	 orig commit -> ae09c765109293b600ba9169aa3d632e1ac1a843 ......
checking f7cd8506b35cf5b357c25a6f052de61ff88a724e ......
	 orig commit -> f21018427cb007a0894c36ad702990ab639cbbb4 ......
checking 80cce3cde88e274943085c21241f445935cdfaa3 ......
	 orig commit -> fbf8f40e1658cb2f17452dbd3c708e329c5d27e0 ......
checking a2350f3d827a4669cf41b976b8cd083e6269c0fa ......
	 orig commit -> bbf66d897adf2bb0c310db96c97e8db6369f39e1 ......
checking b5282220fdd4a1e39b59a28fd499d03f2cb0c056 ......
	 orig commit -> 4da2e26a2a32b174878744bd0f07db180c875f26 ......
checking 4af03e19226cebe72d45c669ddc3b33666adf18e ......
	 orig commit -> a59e0f5795fe52dad42a99c00287e3766153b312 ......
checking d774bfcec0980b1be5c02405c5ac2e6c4ede56b7 ......
	 orig commit -> 635f6b0893cff193a1774881ebb1e4a4b9a7fead ......
checking e4b3a13ece27435f509b40235af7bec052b4dddb ......
	 orig commit -> b36f7d26a7fdc0b07b1217368ee09bb8560269f8 ......
checking 25dcddef047a2720d8cce5d8a46a9c69d7cbd142 ......
	 orig commit -> 6a480a7842545ec520a91730209ec0bae41694c1 ......
checking c00414f20096c279d317b7763e5b90eb15d58e21 ......
	 orig commit -> 8eb22214b7cb0c0a28be6caf3b81201629d8ea7c ......
checking e0df9595ca96607755a04929a7e9df665de01181 ......
	 orig commit -> 6984128d01cf935820a0563f3a00c6623ba58109 ......
checking 1db396648ca33eb92dd0ed5cc2ea2f58816eeb9a ......
	 orig commit -> dd4e17ab704269bce71402285f5e8b9ac24b1eff ......
checking e79e7333c3a3d94a2b4f10f4977b45162ef160cf ......
	 orig commit -> 37cf4dc3370fbca0344e23bb96446eb2c3548ba7 ......
		 37cf4dc3370fbca0344e23bb96446eb2c3548ba7 has problem. Fixes commit -> dd4e17ab704269bce71402285f5e8b9ac24b1eff
commit 1db396648ca33eb92dd0ed5cc2ea2f58816eeb9a
Author: John Stultz <john.stultz@linaro.org>
Date:   Thu Apr 14 10:25:14 2016 -0600

    ntp: Fix ADJ_SETOFFSET being used w/ ADJ_NANO
    
    [ Upstream commit dd4e17ab704269bce71402285f5e8b9ac24b1eff ]
    
    Recently, in commit 37cf4dc3370f I forgot to check if the timeval being passed
    was actually a timespec (as is signaled with ADJ_NANO).
    
    This resulted in that patch breaking ADJ_SETOFFSET users who set
    ADJ_NANO, by rejecting valid timespecs that were compared with
    valid timeval ranges.
    
    This patch addresses this by checking for the ADJ_NANO flag and
    using the timepsec check instead in that case.
    
    Reported-by: Harald Hoyer <harald@redhat.com>
    Reported-by: Kay Sievers <kay@vrfy.org>
    Fixes: 37cf4dc3370f "time: Verify time values in adjtimex ADJ_SETOFFSET to avoid overflow"
    Signed-off-by: John Stultz <john.stultz@linaro.org>
    Cc: Sasha Levin <sasha.levin@oracle.com>
    Cc: Richard Cochran <richardcochran@gmail.com>
    Cc: Prarit Bhargava <prarit@redhat.com>
    Cc: David Herrmann <dh.herrmann@gmail.com>
    Link: http://lkml.kernel.org/r/1453417415-19110-2-git-send-email-john.stultz@linaro.org
    Signed-off-by: Thomas Gleixner <tglx@linutronix.de>
    Signed-off-by: Sasha Levin <alexander.levin@verizon.com>
    Signed-off-by: Greg Kroah-Hartman <gregkh@linuxfoundation.org>
checking efdd094f63fd62357988695de6d5152cbd58d26c ......
	 orig commit -> 7fc595f4c02636eadaeeecfe7bbc45b57c173004 ......
checking 4c79345330edabd74f5d2e12067a8c1e762abe53 ......
	 orig commit -> ad2ecebd67d8a80fe5412d11df375a5ed2db7cd1 ......
checking 61c188313c6c0808339c3dc034adfc255d84bf32 ......
	 orig commit -> 6a9bab79bb79bd9b2eda16f0aba1b4c43f677be9 ......
checking 12850f3616f89b750630ae757cd8eb15d15027f1 ......
	 orig commit -> ada2f634cd50d050269b67b4e2966582387e7c27 ......
checking 0b152db0426acee35ae4798f682ce512fc7f6a35 ......
	 orig commit -> a223c1c7ab4cc64537dc4b911f760d851683768a ......
checking 72f4972b8812e0a1749d3be19d8017de25a9d15d ......
	 orig commit -> 74b2375e6767935e6d9220bdbc6ed0db57f71a59 ......
checking f3de8fbe2a2a3ec4c612e2e0ddeee68f9c5bd972 ......
	 orig commit -> 65376df582174ffcec9e6471bf5b0dd79ba05e4a ......
checking 25db8d1cb34a0e6eb61152529be268265c91a015 ......
	 orig commit -> 281baf7a702693deaa45c98ef0c5161006b48257 ......
checking 321aeea695a2a9343c20d03f33a475978b55c719 ......
	 orig commit -> 603ecce95f4817074a724a889cd88c3c8210f933 ......
checking bee629f1b07375d467a679797acbf8d8ab3db61f ......
	 orig commit -> 3ccb4fd8f492f99aece21acc1bd6142275f26236 ......
checking d6d72d7cbe464e3776370b65f518866953cb4e12 ......
	 orig commit -> 415719160de3fae3bb9cbc617664649919cd00d0 ......
checking d0d84ae99d3c11775896420ff2e4bd2a084e1f90 ......
	 orig commit -> 79fd8e706637a5c7c41f9498fe0fbfb437abfdc8 ......
checking def391c897a2a99da371b74bd70f32f0f80dfed3 ......
	 orig commit -> 98f90debc2b64a40a416dd9794ac2d8de6b43af2 ......
checking c77d6c3c88f359fb760664a2cf054785b69a4f71 ......
	 orig commit -> 251e2d25bfb72b69edd414abfa42a41191d9657a ......
checking 1e455f2fdb4bdd372b89b7c1c1cd80f70977010b ......
	 orig commit -> 69eea95c48857c9dfcac120d6acea43027627b28 ......
checking 160790a044c27bbd8b54bed71a7725f7ef6c1964 ......
	 orig commit -> 2fcb92fbd04eef26dfe7e67839da6262d83d6b65 ......
checking 3b763fc8f05e755a0c1baa1ba6c2daaf87fa5ac5 ......
	 orig commit -> 7524a5d88b94afef8397a79f1e664af5b7052c22 ......
checking 4ab4d8c00baf7f8fd0859599e3e72bb68d7daf42 ......
	 orig commit -> 9d5de93f6d543b356e39e225988ef443a7bce34c ......
checking 840a59324e631a167c0aab4136024e58374ddd2c ......
	 orig commit -> 5d8d8db851ef81337e7026b32a9d5a9cfb2271d5 ......
checking f2b8424f35f5d457c2d35b3823ee0fb272e77728 ......
	 orig commit -> 1dff76b92f69051e579bdc131e01500da9fa2a91 ......
checking 5fb01ac92f6138d1f81f54766c80a23bc63e896d ......
	 orig commit -> 91815d8aa7e2f45d30e51caa297061ad893628d9 ......
checking a554bd7ccf3be8be0ecb430dae27fb97c4915564 ......
	 orig commit -> 0780cd36c7af70c55981ee624084f0f48cae9b95 ......
checking 1b82da380dcfd030bd1ee32853b132659bb0ab4c ......
	 orig commit -> 4de13d7ed6ffdcbb34317acaa9236f121176f5f8 ......
checking 950464b230e007f5206b4a4ac86aeba70524b2f6 ......
	 orig commit -> 104a0c02e8b1936c049e18a6d4e4ab040fb61213 ......
checking e7c3692b809bfbcf03cbb70104dc365658b3bfb6 ......
	 orig commit -> 4c0b6eaf373a5323f03a3a20c42fc435715b073d ......
checking 724457fa1c0ca2992bec5a3db85ac3b130409cfa ......
	 orig commit -> 092c96a8ab9d1bd60ada2ed385cc364ce084180e ......
checking 8844e74f8e0f1758ad9931b480ec88dd37c8528c ......
	 orig commit -> 41869c1c7fe583dec932eb3d87de2e010b30a737 ......
checking 07235140a4c3ed8e0d8fcb58fc51d1cbb5406ff4 ......
	 orig commit -> d7236ac368212bd6fc8b45f050136ee53e6a6f2d ......
checking b07ef1af4d0e7130ac1917f662b1e410e9b09555 ......
	 orig commit -> 04a5ae6fdd018af29675eb8b6c2550c87f471570 ......
checking 934e6279f9cee184f34d1247132bcd43ff74656b ......
	 orig commit -> 97a8df90875f72ba3b4c3320759fd93cea743261 ......
checking bea3a6d7c54c81e470e63e1bcca16e638c4ab07f ......
	 orig commit -> 7157bb27e79875db5603aa1e30f56e873a8300f9 ......
checking c459dadb94b704e440ab8d3ed9e3df634416088f ......
	 orig commit -> 985dd4360fdf2533fe48a33a4a2094f2e4718dc0 ......
checking 4fc2942b6e2de2efc8a9d3784d4b0d3543149613 ......
	 orig commit -> 9006a01829a50cfd6bbd4980910ed46e895e93d7 ......
checking 8a840b7f37551fd072147968eafe447e2572e180 ......
	 orig commit -> 6e35c04cf633e55648acb9ccabff42aa37bd4044 ......
checking 116a7584cbf95324d2ac66bbce0f2682e71a81f0 ......
	 orig commit -> 03d1fb3a65783979f23bd58b5a0387e6992d9e26 ......
checking 8b208a5d0a3b37a68cb1694a125c8deee56be45c ......
	 orig commit -> 5f985d88bac34e7f3b4403118eab072902a0b392 ......
checking 6d0e49cf1b432a11bf60b9fc2ee41c3e4e0347fe ......
	 orig commit -> 19a6d156a7bd080f3a855a40a4a08ab475e34b4a ......
checking 849e28efb04c4c46f6189f75e30d3f541eb6dfb4 ......
	 orig commit -> 3c5b1d92b3b02be07873d611a27950addff544d3 ......
checking d5251a1952bff1148ceeea5283e34d07a502da62 ......
	 orig commit -> 1a1ebd5fb1e203ee8cc73508cc7a38ac4b804596 ......
checking e941af922e512e4b4b2653a33c8372e5e4d57579 ......
	 orig commit -> 5a9fc9c666d5d759699cf5495bda85f1da0d747e ......
checking a5880180d33e982962322de3f46f731f82a9b9ff ......
	 orig commit -> ebe1fca35038df28b5c183e8486863e765364ec1 ......
checking 67a915d817eb2929008e1bd05ef7875fcce09a16 ......
	 orig commit -> 816aec2325e620b6454474372a21f90a8740cb28 ......
checking e77b14a6f3cee18cb03f124fd283a122b6516900 ......
	 orig commit -> b99dbe56d511eb07de33bfa1b99ac5a6ff76ae08 ......
checking 948cb1ca1fc3b88443051c17c58ee94608465552 ......
	 orig commit -> ea1c928bb6051ec4ccf24826898aa2361eaa71e5 ......
checking f7aeba6bd2bf61cc397d5e7dcc9eed2020a14661 ......
	 orig commit -> 11c71cb4ab7cd901b9d6f0ff267c102778c1c8ef ......
checking 9eccfa31f0024f0407a122b1afdc91bba52cf511 ......
	 orig commit -> 9f3d6d7a40a178b8a5b5274f4e55fec8c30147c9 ......
checking eb9f26c99639de3b04c89085855196f56b3f69ea ......
	 orig commit -> 61f0bfcf8020f02eb09adaef96745d1c1d1b3623 ......
checking 10de05f6c3cd24bed1832d205e94da2c3cee324e ......
	 orig commit -> 0d9bfe9123cfde59bf5c2e375b59d2a7d5061c4c ......
checking 2b2c611c802b1c73ee346f3f213f4356bd6510dd ......
	 orig commit -> e5ebe63214d44d4dcf43df02edf3613e04d671b9 ......
checking 2dfdfa34392530885c09f50caccf8fa4053f6cde ......
	 orig commit -> 4360ca9c24388e44cb0e14861a62fff43cf225c0 ......
checking 10103c5228e85f2878ff77cce36afe3c05468984 ......
	 orig commit -> 01c73bbcd7cc4f31f45a1b0caeacdba46acd9c9c ......
checking 13c61f04687d95b650e2ac7091b7a221d0caf1f0 ......
	 orig commit -> 81e7517723fc17396ba91f59312b3177266ddbda ......
checking 6b9bd78515c42966540c1edf11253d76fd57eb14 ......
	 orig commit -> c90261dcd86e4eb5c9c1627fde037e902db8aefa ......
checking 7cf5c223ccf949e6d5ef6b87c33edcad67a8ebbe ......
	 orig commit -> 6690e0d4fc5cccf74534abe0c9f9a69032bc02f0 ......
checking 0217efc5b83a7443c2234e5426493b2d06b7067c ......
	 orig commit -> 4b7789b71c916f79a3366da080101014473234c3 ......
checking 1a1455583df0a4f9fbbbaec3f7aad2ef09934c66 ......
	 orig commit -> d6de08cc46269899988b4f40acc7337279693d4b ......
checking 3f499a426420ab8b6f5c5a8a728cd6f713b5f398 ......
	 orig commit -> f5cb5304eb26d307c9b30269fb0e007e0b262b7d ......
checking bcc975680df41bddcff13c3477087c7f51280b00 ......
	 orig commit -> 68adb7bfd66504e97364651fb7dac3f9c8aa8561 ......
checking 0f874d9433bd6b2acd668ef0a0359e30af38f8b0 ......
	 orig commit -> aa09545589ceeff884421d8eb38d04963190afbe ......
checking 8c67424e2a37005364d0aecd6541d221517a1c4f ......
	 orig commit -> a2746fb16e41b7c8f02aa4d2605ecce97abbebbd ......
checking 20ab6948f1c09ad84ec8f5b8fdf02ea86e33fa63 ......
	 orig commit -> b45cdbaf9f7f0486847c52f60747fb108724652a ......
		 b45cdbaf9f7f0486847c52f60747fb108724652a has problem. Fixes commit -> 0df5bef739601f18bffc0d256ae451f239a826bd
checking 284555fc7f5d2d4aab34dbf2b5766c6f8da84873 ......
	 orig commit -> ee91e332a6e6e9b939f60f6e1bd72fb2def5290d ......
checking e66e0a249d9dacb9fda4135d0e38ba8ae9af9cac ......
	 orig commit -> 7b8ad495d59280b634a7b546f4cdf58cf4d65f61 ......
		 7b8ad495d59280b634a7b546f4cdf58cf4d65f61 has problem. Fixes commit -> a05b82d5149dfeef05254a11c3636a89a854520a
checking c0b72ca1ae92147e0714e7a780ba7ccc4e282370 ......
	 orig commit -> 1b5df59e50874b9034c0fa389cd52b65f1f93292 ......
checking 64bdc685ccc1d207632a6cf17cd5771e10623c85 ......
	 orig commit -> 34c6801e3310ad286c7bb42bc88d42926b8f99bf ......
checking ff83d7914b749f8c654c0e08d21667035901ab75 ......
	 orig commit -> 63d55b2aeb5e4faa170316fee73c3c47ea9268c7 ......
checking bf59c816fb104b2e92d29f8c13f1118f4c5333c4 ......
	 orig commit -> ed9ba608e4851144af8c7061cbb19f751c73e998 ......
checking c1d32939e9e1951eaf7af573b15d54d8495aafff ......
	 orig commit -> 17efbee8ba02ef00d3b270998978f8a1a90f1d92 ......
checking e35b50490e2612b42edbd08b602a4ea597fce7f2 ......
	 orig commit -> cdc0c0c94e4e6dfa371d497a3130f83349b6ead6 ......
checking 10b8e4ebc4b3b3f4f2ff3e5651429ff4427d3397 ......
	 orig commit -> b4ed5d1682c6613988c2eb1de55df5ac9988afcc ......
checking b125fabf22d44f7c57e6df2a21d27add8385df0d ......
	 orig commit -> 3cace4a616108539e2730f8dc21a636474395e0f ......
checking e31409cd1ae44450964fc29e2bb0519cc50f5923 ......
	 orig commit -> c0b200cfb0403740171c7527b3ac71d03f82947a ......
checking 12e2d36594f98bef28aebe5ebf4c8c48be70ba3f ......
	 orig commit -> b5d4acd4cbf5029a2616084d9e9f392046d53a37 ......
checking 651b328d97d2bdf62518093628f765824cb638fd ......
	 orig commit -> b262924be03d5d2ae735bc9a4b37eb2c613f61f8 ......
checking d239b53a14bb9bbe6fa45405af6fa0d86f68a874 ......
	 orig commit -> c27278bddd75a3ee755c8e83c6bcc3fdd7271ef6 ......
checking d3f89f3a91dfa4758fdd6e98b780095d2de66943 ......
	 orig commit -> 3bfbc6adbc5031e8a5907baa5beb27b41637742a ......
checking 15de5f8f3c5d1ea982a4aa270fc10cd78c6682a0 ......
	 orig commit -> bdded1552085b12d23c9be76147d2e96647a098f ......
checking cf48dc15f10a8524c37dd0a7f2821b3123d54744 ......
	 orig commit -> 3cd485b1f8e25a6534eb4c542e7eba1b944fbaaf ......
checking edf9459008c299d90abc5c7a045d167e5f46f68c ......
	 orig commit -> e37390bee6fe7dfbe507a9d50cdc11344b53fa08 ......
checking acafdb31f521b6728f865646612e6fb5e605fe97 ......
	 orig commit -> e00e23bceba48a8f0c94fefe26948404cbd43d0a ......
checking e0ee2ce51824680b687a73857ef64182bbfd3a14 ......
	 orig commit -> 587731e684dcf3522215194a02357d26b9bc7277 ......
checking 6628b26348d9338571b9f024b2bd266a60298442 ......
	 orig commit -> 875328e4bce696e85edcda3c4b0ec80fd525e3a3 ......
checking 134d78e9d4625aa237d9e6a516965e753bb02e67 ......
	 orig commit -> 1343c65f70ee1b1f968a08b30e1836a4e37116cd ......
checking 587e0cfdad34aa76d6bafa9151e4afabadbdbfbd ......
	 orig commit -> 0e8d5b5975401c83641efd5d4595e6cdbe9e9e2f ......
checking 031d16e75c5dbc96cdbfcb1ebd5c60d95d33786d ......
	 orig commit -> 9f872986479b6e0543eb5c615e5f9491bb04e5c1 ......
checking 199ffa62bf2e6c599f07badf90f996a3f773af77 ......
	 orig commit -> 8c7ee6d2cacc7794a91875ef5fd8284b4a900d8c ......
checking 87a7bea68d32ef961f0d6883feb7a83f45c2a74e ......
	 orig commit -> 1340181fe435ccb8ca2f996b8680bd9566860619 ......
checking 4aa1324340dabca412d39ba98de7eabd495af7f0 ......
	 orig commit -> 1382ea631ddddb634850a3795527db0feeff5aaf ......
		 1382ea631ddddb634850a3795527db0feeff5aaf has problem. Fixes commit -> 0f4c7a138dfefb0ebdbaf56e3ba2acd2958a6605
commit bceea9fee1c606f567a156b7dee9c9564a2f5c19
Author: Loc Ho <lho@apm.com>
Date:   Mon Feb 29 14:15:43 2016 -0700

    clk: xgene: Add missing parenthesis when clearing divider value
    
    commit 0f4c7a138dfefb0ebdbaf56e3ba2acd2958a6605 upstream.
    
    In the initial fix for non-zero divider shift value, the parenthesis
    was missing after the negate operation. This patch adds the required
    parenthesis. Otherwise, lower bits may be cleared unintentionally.
    
    Signed-off-by: Loc Ho <lho@apm.com>
    Acked-by: Toan Le <toanle@apm.com>
    Fixes: 1382ea631ddd ("clk: xgene: Fix divider with non-zero shift value")
    Signed-off-by: Stephen Boyd <sboyd@codeaurora.org>
    Signed-off-by: Greg Kroah-Hartman <gregkh@linuxfoundation.org>
checking c6210760f2428690255e1fd91cf084b12e827a0a ......
	 orig commit -> b77ac46bbae862dcb3f51296825c940404c69b0f ......
checking abe2792fab39c606f21a6b4a4dab2d5090723a01 ......
	 orig commit -> 9eab46b7cb8d0b0dcf014bf7b25e0e72b9e4d929 ......
checking 5c5989e0dde275bae778d6b4706cf606aca749cc ......
	 orig commit -> 5d6002b7b822c7423e75d4651e6790bfb5642b1b ......
checking fe52e1255397ac4a1233db10e8f651847f992a4b ......
	 orig commit -> be06998f96ecb93938ad2cce46c4289bf7cf45bc ......
checking 1231f5a2e59477f896c69d3ed66d9efde20603ba ......
	 orig commit -> 08c991297582114a6e1220f913eec91789c4eac6 ......
checking d5463792a1c1bd788aca2024f96e3136c875c01d ......
	 orig commit -> 73bf8048d7c86a20a59d427e55deb1a778e94df7 ......
checking b909cfc8722a7ed3eb3c881a9ed96ba0f0c42fbe ......
	 orig commit -> 857942fd1aa15edf7356a4a4bad5369c8e70a633 ......
checking 42622b1b7a5211f046ab6d56f67e156d05019c10 ......
	 orig commit -> f11999987bc0b5559ab56dedc6f4ca32fab5438a ......
checking 0af31973b5fd298a52e9429751be5e4bade42a83 ......
	 orig commit -> fdb47ae87af537b24977a03bc69cfe1c5c55ca62 ......
checking 796adc8527c3ce901bd813816ac0ec9ab212ee81 ......
	 orig commit -> b7b713a8eaf325607d37229f024ad0b9f3e7f320 ......
checking b085e4dd706156b5fe7322b9dc6cf80dedc53a78 ......
	 orig commit -> b36e9ab59b7e3a5b14bf88dc0536e6579db7b54d ......
checking 3a87d06fb95e9d8ec3f87edc9383cc3538cd598a ......
	 orig commit -> a42e7a369ea2b73a554a85dea7d6243af51cd4f0 ......
checking be98bdf8c42915677fc8460fbb376b0bfee1de28 ......
	 orig commit -> 0e4425ed641f3eef67c892bc541949cd745a9ba9 ......
checking f36bb42d19d9914afb71a422a29fdbc44f22a037 ......
	 orig commit -> 6a7fded776a778f728b13d83a2c9fc893580c080 ......
checking 355528ece5de4764f61221732b49d53cd51f72f6 ......
	 orig commit -> 1418c3458118c6969d08e23aa377da7e2a7be36c ......
checking 410d31b9ffca731afcf2b62872fed27bbdc892d4 ......
	 orig commit -> 4f2f017c6101ab2ba202d6059c238c15577ad38b ......
