Check from v4.4.78 to v4.4.79
Commit count: 84
checking e058f634852d0d2a2c16e62a19373817ac2ffeb4 ......
checking 9c839d00dc1be48582ea2057567391e5520db635 ......
checking bb8109a9ca87f4b02a96002efabc30396ebe8eb5 ......
	 orig commit -> db9108e054700c96322b0f0028546aa4e643cf0b ......
checking 6dbd8f73a28e850a7b846376be9e104d93bb3559 ......
	 orig commit -> d50daa2af2618dab6d21634e65a5fbcf4ae437d6 ......
checking 29669d8e8f4c441ee9b7d90e9ca9b3952e88fe3e ......
	 orig commit -> 7a3b7cd332db08546f3cdd984f11773e0d1999e7 ......
checking 4ca0f3730e2734f67e648b2b4f12b66673e995e1 ......
	 orig commit -> 636c4c3e762b62aa93632c645ca65879285b16e3 ......
checking 3d26e2ed7c8b4b1a0d9406fef7f3b5d6309fba49 ......
	 orig commit -> 7f8b3987da54cb4d41ad2545cd4d7958b9a36bdf ......
checking 3383334a6cf38af6843793e343c95081b02773f1 ......
	 orig commit -> 448421b5e93b9177c5698f0cf6f5e72d2995eeca ......
checking af7b187fe52f5debf67e448e4757754f7a752497 ......
	 orig commit -> a62ab66b13a0f9bcb17b7b761f6670941ed5cd62 ......
checking ba790013b514da37e85e52b00cbc04ea2e1d2167 ......
	 orig commit -> 84583cfb973c4313955c6231cc9cb3772d280b15 ......
checking 5af851adbeeac645a11980d161f5e9c1e32fc1b6 ......
	 orig commit -> 5a1d4c5dd4eb2f1f8a9b30e61762f3b3b564df70 ......
checking 45c59e792ce6f9c74b16b920e26056f6664e2ad7 ......
	 orig commit -> 6a8a75f3235724c5941a33e287b2f98966ad14c5 ......
checking 569da0be824b3c08cda46fc8ffc7ad020c3241d0 ......
	 orig commit -> 80f62589fa52f530cffc50e78c0b5a2ae572d61e ......
checking 8d832513726d1ac8a2f443dbdec1d8de58d43c48 ......
	 orig commit -> 1d6ef276594a781686058802996e09c8550fd767 ......
checking f57b4ae0b7502e22e9d4d6b4dafb5e4223d93cd3 ......
	 orig commit -> f2e95355891153f66d4156bf3a142c6489cd78c6 ......
checking d2fa4057b11eaad41716c612ceb9338aa634c4eb ......
	 orig commit -> cc89684c9a265828ce061037f1f79f4a68ccd3f7 ......
checking bba6b69e11777695256619a77f90081ac7f99de7 ......
	 orig commit -> 340d394a789518018f834ff70f7534fc463d3226 ......
checking 775e4dba9d07a0fd0ab3c0b6cfaf55b15907149d ......
	 orig commit -> 27fe2200dad2de8207a694024a7b9037dff1b280 ......
checking f28e32a8e37995400750a83fdcfbee3d61d14e15 ......
	 orig commit -> fef40be6da856afead4177aaa9d869a66fb3381f ......
checking d2220e7f285b0cdd846d2cd97d00474d070e7d95 ......
	 orig commit -> 1f4edde422961397cf4470b347958c13c6a740bb ......
checking e5bf16f0294588cd238b2246f89385a9ccc35079 ......
	 orig commit -> 7b82c1058ac1f8f8b9f2b8786b1f710a57a870a8 ......
checking 4c7d28c1e99d1ce1786cb5e10bc178eec4ba0ccf ......
	 orig commit -> 13769ebad0c42738831787e27c7c7f982e7da579 ......
checking 9dbca9e8a91ac382dc0e643f7a666166e04dc229 ......
	 orig commit -> 11a3799dbeb620bf0400b1fda5cc2c6bea55f20a ......
checking aebb79634ff16538b7685fdefaf6ccfaf0b4fcdc ......
	 orig commit -> a9db101b735a9d49295326ae41f610f6da62b08c ......
checking f87aa1203910981bcd3fc0b6373e5eb59eac4778 ......
	 orig commit -> 49955d84cd9ccdca5a16a495e448e1a06fad9e49 ......
checking a0ee41298926bf21379b54549199deac2c0b249a ......
	 orig commit -> e5f5a5b06e51a36f6ddf31a4a485358263953a3d ......
checking 71de40fd4f6482da11fde38c9d3e6d5d2bc91fa0 ......
	 orig commit -> e708e35ba6d89ff785b225cd07dcccab04fa954a ......
checking fa7ddee3485f17c28fe4079954c5716036de6152 ......
	 orig commit -> dad5ab0db8deac535d03e3fe3d8f2892173fa6a4 ......
checking 62d131ec60cdd8751e40e92b0fb78e30932e6c14 ......
	 orig commit -> 4f32a39d49b25eaa66d2420f1f03d371ea4cd906 ......
checking 4d9f109ff9ca5624e14bbdfbd60b63513123b060 ......
	 orig commit -> 4915e1b043d6286928207b1f6968197b50407294 ......
checking de34c0799d25c41d49d497e3f742505a46732e9b ......
	 orig commit -> 2ec420b26f7b6ff332393f0bb5a7d245f7ad87f0 ......
checking 75202d3ffca4dddfb2be9b6f8071c605335ad424 ......
	 orig commit -> 2e028c4fe12907f226b8221815f16c2486ad3aa7 ......
checking 3457c0459496d028a4f47167a8b8871671abdeda ......
	 orig commit -> 5d6dee80a1e94cc284d03e06d930e60e8d3ecf7d ......
checking db42944cc63a2db5de17b6cb572327c7ab8ab637 ......
	 orig commit -> 811642d8d8a82c0cce8dc2debfdaf23c5a144839 ......
checking fca8859982fb0e591c9baa10f1ba7c405dd5a120 ......
	 orig commit -> c925dc162f770578ff4a65ec9b08270382dba9e6 ......
checking fa696eea4d8dbea4c2b83c86c10fe5c15a5b7a9a ......
	 orig commit -> 4495ec6d770e1bca7a04e93ac453ab6720c56c5d ......
checking 8878c53244f5649b9065fd2dba5b4cb5909e84d3 ......
	 orig commit -> cdea46566bb21ce309725a024208322a409055cc ......
checking 89308cb841c69276849ba7fb76249c4b41e922d6 ......
	 orig commit -> 564d8a2cf3abf16575af48bdc3e86e92ee8a617d ......
checking 0157e2a8a71978c58a7d6cfb3616ab17d9726631 ......
	 orig commit -> ab03d9fe508f4e2914a8f4a9eef1b21051cacd0f ......
checking ad2efae4613d2090ec7a5654429bf3ff08ea309b ......
	 orig commit -> 9156e723301c0a7a7def4cde820e018ce791b842 ......
checking a89b6e355dae9ccfbe924625f467162c30238aa7 ......
	 orig commit -> c46fc0424ced3fb71208e72bd597d91b9169a781 ......
checking 098333918b4f70a21bc2bc996ae20d2d523bd0b5 ......
	 orig commit -> b5d27718f38843a74552e9a93d32e2391fd3999f ......
checking 78de920bae8a4bfb6b02ccd9bba325eb1c70a673 ......
	 orig commit -> 4e0973a918b9a42e217093f078e04a61e5dd95a5 ......
checking 5c7c179eb9e30e978180fdb1ca0833593221b4e5 ......
	 orig commit -> c54590cac51db8ab5fd30156bdaba34af915e629 ......
checking 78dce99f5497468e3f4e9de4e08c2b1db6c4b2e1 ......
	 orig commit -> f9c79bc05a2a91f4fba8bfd653579e066714b1ec ......
checking 9b989b4d325b08f365212cc3bdd0c09dee0a72a0 ......
	 orig commit -> b8b9c974afee685789fcbb191b52d1790be3608c ......
		 b8b9c974afee685789fcbb191b52d1790be3608c has problem. Fixes commit -> 14a8d4bfc2102f85ce097563d151370c91c1898a
b7d44c36a6f6d956e1539e0dd42f98b26e5a4684
commit 4104b44e5d926fa4052ef37e41a053e17b7c00f4
Author: Yoshihiro Shimoda <yoshihiro.shimoda.uh@renesas.com>
Date:   Fri Jul 28 19:28:57 2017 +0900

    usb: renesas_usbhs: gadget: fix unused-but-set-variable warning
    
    commit b7d44c36a6f6d956e1539e0dd42f98b26e5a4684 upstream.
    
    The commit b8b9c974afee ("usb: renesas_usbhs: gadget: disable all eps
    when the driver stops") causes the unused-but-set-variable warning.
    But, if the usbhsg_ep_disable() will return non-zero value, udc/core.c
    doesn't clear the ep->enabled flag. So, this driver should not return
    non-zero value, if the pipe is zero because this means the pipe is
    already disabled. Otherwise, the ep->enabled flag is never cleared
    when the usbhsg_ep_disable() is called by the renesas_usbhs driver first.
    
    Fixes: b8b9c974afee ("usb: renesas_usbhs: gadget: disable all eps when the driver stops")
    Fixes: 11432050f070 ("usb: renesas_usbhs: gadget: fix NULL pointer dereference in ep_disable()")
    Signed-off-by: Yoshihiro Shimoda <yoshihiro.shimoda.uh@renesas.com>
    Signed-off-by: Felipe Balbi <felipe.balbi@linux.intel.com>
    Signed-off-by: Greg Kroah-Hartman <gregkh@linuxfoundation.org>
commit 4104b44e5d926fa4052ef37e41a053e17b7c00f4
Author: Yoshihiro Shimoda <yoshihiro.shimoda.uh@renesas.com>
Date:   Fri Jul 28 19:28:57 2017 +0900

    usb: renesas_usbhs: gadget: fix unused-but-set-variable warning
    
    commit b7d44c36a6f6d956e1539e0dd42f98b26e5a4684 upstream.
    
    The commit b8b9c974afee ("usb: renesas_usbhs: gadget: disable all eps
    when the driver stops") causes the unused-but-set-variable warning.
    But, if the usbhsg_ep_disable() will return non-zero value, udc/core.c
    doesn't clear the ep->enabled flag. So, this driver should not return
    non-zero value, if the pipe is zero because this means the pipe is
    already disabled. Otherwise, the ep->enabled flag is never cleared
    when the usbhsg_ep_disable() is called by the renesas_usbhs driver first.
    
    Fixes: b8b9c974afee ("usb: renesas_usbhs: gadget: disable all eps when the driver stops")
    Fixes: 11432050f070 ("usb: renesas_usbhs: gadget: fix NULL pointer dereference in ep_disable()")
    Signed-off-by: Yoshihiro Shimoda <yoshihiro.shimoda.uh@renesas.com>
    Signed-off-by: Felipe Balbi <felipe.balbi@linux.intel.com>
    Signed-off-by: Greg Kroah-Hartman <gregkh@linuxfoundation.org>
checking abe87c1c0dfff2389f4f26c4622ad0afd09c25f7 ......
	 orig commit -> 59a0879a0e17b2e43ecdc5e3299da85b8410d7ce ......
checking ff651e8990736492a1037191dc75ea0dd4dc1847 ......
	 orig commit -> fe855789d605590e57f9cd968d85ecce46f5c3fd ......
checking ab8e00991809b2c5953fa49c967df14532542183 ......
	 orig commit -> 446230f52a5bef593554510302465eabab45a372 ......
checking f883b509b48ba07cc52b6cd3d32c84b99f323487 ......
	 orig commit -> 4b895868bb2da60a386a17cde3bf9ecbc70c79f4 ......
checking 09364c783c843302949f7cba220beaed60d6bc99 ......
	 orig commit -> a54408d0a004757789863d74e29c2297edae0b4d ......
checking 82944485937a3afbcda99f48c8375de100934697 ......
	 orig commit -> 3c5ab3f395d66a9e4e937fcfdf6ebc63894f028b ......
checking 48a72b55502c668209a592aa71dd815da24aace0 ......
	 orig commit -> e60514bd4485c0c7c5a7cf779b200ce0b95c70d6 ......
		 e60514bd4485c0c7c5a7cf779b200ce0b95c70d6 has problem. Fixes commit -> 5839ee7389e893a31e4e3c9cf17b50d14103c902
commit 727b641b35dd07d28b2e99c3da413456eb132e5d
Author: Rafael J. Wysocki <rafael.j.wysocki@intel.com>
Date:   Fri Dec 15 03:07:18 2017 +0100

    PCI / PM: Force devices to D0 in pci_pm_thaw_noirq()
    
    commit 5839ee7389e893a31e4e3c9cf17b50d14103c902 upstream.
    
    It is incorrect to call pci_restore_state() for devices in low-power
    states (D1-D3), as that involves the restoration of MSI setup which
    requires MMIO to be operational and that is only the case in D0.
    
    However, pci_pm_thaw_noirq() may do that if the driver's "freeze"
    callbacks put the device into a low-power state, so fix it by making
    it force devices into D0 via pci_set_power_state() instead of trying
    to "update" their power state which is pointless.
    
    Fixes: e60514bd4485 (PCI/PM: Restore the status of PCI devices across hibernation)
    Reported-by: Thomas Gleixner <tglx@linutronix.de>
    Reported-by: Maarten Lankhorst <dev@mblankhorst.nl>
    Tested-by: Thomas Gleixner <tglx@linutronix.de>
    Tested-by: Maarten Lankhorst <dev@mblankhorst.nl>
    Signed-off-by: Rafael J. Wysocki <rafael.j.wysocki@intel.com>
    Acked-by: Bjorn Helgaas <bhelgaas@google.com>
    Signed-off-by: Greg Kroah-Hartman <gregkh@linuxfoundation.org>
checking 7ad6d36dc907289324300d17106d2c793b4ba6c3 ......
	 orig commit -> 096f41d3a8fcbb8dde7f71379b1ca85fe213eded ......
checking b8c6a93837f0527a5cb4505cf90c83cc1538610e ......
	 orig commit -> 2400fd822f467cb4c886c879d8ad99feac9cf319 ......
checking 79afeb379cf496cad4cb0aefb8ed4f9670a74f18 ......
	 orig commit -> 64e756c55aa46fc18fd53e8f3598b73b528d8637 ......
checking 397722322954dcac604dac53de2a84d963eac517 ......
	 orig commit -> 87c4b83e0fe234a1f0eed131ab6fa232036860d5 ......
checking 3f888d1e40ad42783fd02366f04480642bed1f30 ......
	 orig commit -> 01e6a61aceb82e13bec29502a8eb70d9574f97ad ......
checking c50e87ecca55b1a7199deb23cf46703f40227de3 ......
	 orig commit -> 138d351eefb727ab9e41a3dc5f112ceb4f6e59f2 ......
	 orig commit -> 1c99de981f30b3e7868b8d20ce5479fa1c0fea46 ......
checking 8045fe0a208c8d2233a42465cb662b194c5740ab ......
	 orig commit -> 62e62ffd95539b9220894a7900a619e0f3ef4756 ......
checking e114c612e225521043b3b4d3eaaeb41f47bd98a5 ......
	 orig commit -> b556b15dc04e9b9b98790f04c21acf5e24f994b2 ......
checking f422cfc38ecc97d9ed4f3a7173c29882908c163b ......
	 orig commit -> c6e83cac3eda5f7dd32ee1453df2f7abb5c6cd46 ......
checking 50b40109fadad5af5194536eb0ac90cc00dbc465 ......
	 orig commit -> 01b8cedfd0422326caae308641dcadaa85e0ca72 ......
checking c2d4d4fa320cd9d5218e54ce16f12391b8489c8d ......
	 orig commit -> 4a4274bf2dbbd1c7a45be0c89a1687c9d2eef4a0 ......
checking 1e3b56033e820e0e065b3b0fc19d247118ab6532 ......
	 orig commit -> 329d82309824ff1082dc4a91a5bbed8c3bec1580 ......
checking 3762d7ed1a43bf9f1d690e09bff3217d1a475716 ......
	 orig commit -> 6a558f12dbe85437acbdec5e149ea07b5554eced ......
checking b559fa787c625076f04feb9420dc7b1517b7328a ......
	 orig commit -> ad7167a8cd174ba7d8c0d0ed8d8410521206d104 ......
checking 2178b4aa56b77c23bbbd8e0b85032a31394f9d52 ......
	 orig commit -> 12b7080609097753fd8198cc1daf589be3ec1cca ......
checking a4ebb58fd1241d500b53913dd35f63e697c88ed4 ......
	 orig commit -> 3f04d98e972b59706bd43d6cc75efac91f8fba50 ......
checking 5523884640e9875d8e89e057e7d5084b012e45da ......
	 orig commit -> 22c06892332d8916115525145b78e606e9cc6492 ......
checking ac8f07408acd505064bd9984bece114e56d7ff91 ......
	 orig commit -> f6a5885fc4d68e7f25ffb42b9d8d80aebb3bacbb ......
checking f71ce1c865cb30f09fd740d730ce89098f516497 ......
	 orig commit -> 608c4adfcabab220142ee335a2a003ccd1c0b25b ......
checking ecb7abed0be9e5ced334ccd76e809cd34a00e23c ......
	 orig commit -> a0323b979f81ad2deb2c8836eab506534891876a ......
checking b57a72d5aaf861774243724bdce7726c612d57bf ......
	 orig commit -> 45dd39b974f6632222dd5cdcbea7358a077ab0b0 ......
checking 5288f3f80c4c6617d8434bf41a1d3dd19670efb6 ......
	 orig commit -> e5834ac22948169bbd7c45996d8d4905edd20f5e ......
checking 6e2b65dc2774c407de945585ca2c9e833e1f1ab2 ......
	 orig commit -> 0cbe40112f42cf5e008f9127f6cd5952ba3946c7 ......
checking 4798e468b37ba4a397c303e5ed48563d437a47bc ......
	 orig commit -> 15e0c59f1535926a939d1df66d6edcf997d7c1b9 ......
checking f4d41096f49efa12f50b8e4b2f72f606525029d0 ......
	 orig commit -> 20777bc57c346b6994f465e0d8261a7fbf213a09 ......
		 20777bc57c346b6994f465e0d8261a7fbf213a09 has problem. Fixes commit -> c45e3e4c5b134b081e8af362109905427967eb19
commit 76c389ca1331aeec038d7a69cb1b8a0f3719dd72
Author: Johan Hovold <johan@kernel.org>
Date:   Sun Jul 9 13:08:58 2017 +0200

    NFC: fix device-allocation error return
    
    commit c45e3e4c5b134b081e8af362109905427967eb19 upstream.
    
    A recent change fixing NFC device allocation itself introduced an
    error-handling bug by returning an error pointer in case device-id
    allocation failed. This is clearly broken as the callers still expected
    NULL to be returned on errors as detected by Dan's static checker.
    
    Fix this up by returning NULL in the event that we've run out of memory
    when allocating a new device id.
    
    Note that the offending commit is marked for stable (3.8) so this fix
    needs to be backported along with it.
    
    Fixes: 20777bc57c34 ("NFC: fix broken device allocation")
    Reported-by: Dan Carpenter <dan.carpenter@oracle.com>
    Signed-off-by: Johan Hovold <johan@kernel.org>
    Signed-off-by: Samuel Ortiz <sameo@linux.intel.com>
    Signed-off-by: Greg Kroah-Hartman <gregkh@linuxfoundation.org>
checking 5c2828839909056379bd8c7e925026a0cef1ebdd ......
	 orig commit -> bde717ab473668377fc65872398a102d40cb2d58 ......
checking a86c42f760ff19114e0a5f0ce9b64cb3927ce81d ......
	 orig commit -> cf8ce1ea61b75712a154c93e40f2a5af2e4dd997 ......
checking 2c1ac3721d4ab99b317ea8f9a17a6194c60b39e9 ......
	 orig commit -> 289d72afddf83440117c35d864bf0c6309c1d011 ......
checking f440ec864fd872891895ed5fd379ff842ef76587 ......
	 orig commit -> a16e37726c444cbda91e73ed5f742e717bfe866f ......
checking 0ff1117c08c296aec084f9e1329f7a4ec2537ec7 ......
	 orig commit -> bd7e31bbade02bc1e92aa00d5cf2cee2da66838a ......
checking 83863589806d00fd7b5936dcee1a897088452275 ......
	 orig commit -> bd664f6b3e376a8ef4990f87d08271cc2d01ba9a ......
