Check from v4.4.137 to v4.4.138
Commit count: 25
checking 0bd2bedb3501db249b347e5acbfd3415bd7667a5 ......
checking 5635242c85b23dc289cdc4b0a28b443c7ffe23c1 ......
	 orig commit -> 1411b5218adbcf1d45ddb260db5553c52e8d917c ......
checking 47d1aa22304853cfc24f2e6a2b589713e65d99ad ......
	 orig commit -> e6e7e9cd8eed0e18217c899843bffbe8c7dae564 ......
checking 646dbf05a86e52f9c5a532fd83a42d3195a2ebac ......
	 orig commit -> 5ca4d1ae9bad0f59bd6f851c39b19f5366953666 ......
checking 25bdf0807b52fc99c3e7a6b424a9e847510dab15 ......
	 orig commit -> 3c9fa24ca7c9c47605672916491f79e8ccacb9e6 ......
checking b13b60e88ce8a72ed6267b4c653b58761530791f ......
	 orig commit -> b23220fe054e92f616b82450fae8cd3ab176cc60 ......
		 b23220fe054e92f616b82450fae8cd3ab176cc60 has problem. Fixes commit -> 90d72ce079791399ac255c75728f3c9e747b093d
commit f0a1bf29d821ba724e2cf4813352f11a4597afe4
Author: Nadav Amit <namit@vmware.com>
Date:   Mon Jul 2 19:27:13 2018 -0700

    vmw_balloon: fix inflation with batching
    
    commit 90d72ce079791399ac255c75728f3c9e747b093d upstream.
    
    Embarrassingly, the recent fix introduced worse problem than it solved,
    causing the balloon not to inflate. The VM informed the hypervisor that
    the pages for lock/unlock are sitting in the wrong address, as it used
    the page that is used the uninitialized page variable.
    
    Fixes: b23220fe054e9 ("vmw_balloon: fixing double free when batching mode is off")
    Cc: stable@vger.kernel.org
    Reviewed-by: Xavier Deguillard <xdeguillard@vmware.com>
    Signed-off-by: Nadav Amit <namit@vmware.com>
    Signed-off-by: Greg Kroah-Hartman <gregkh@linuxfoundation.org>
checking 6ffaa6e0f361e1bb20bd54c5f7df6daa381ecd7c ......
	 orig commit -> aa2f80e752c75e593b3820f42c416ed9458fa73e ......
checking 326908105f21d20eba5d8887a040ebc56bda8af3 ......
	 orig commit -> ce14e868a54edeb2e30cb7a7b104a2fc4b9d76ca ......
checking 8417244a3aac8dd083dd1cb4407f1e1e77b2bd24 ......
	 orig commit -> 79367a65743975e5cac8d24d08eccc7fdae832b0 ......
checking 09b20d9a7c862d6161b0260b235c10e9ae596590 ......
	 orig commit -> 0cc3b0ec23ce4c69e1e890ed2b8d2fa932b14aad ......
checking c4f78b5732bc1392dea7ce401c7fedb91f14e1b9 ......
	 orig commit -> 7d18f0a14aa6a0d6bad39111c1fb655f07f71d59 ......
checking 81613ccd7935cc8f9068c6d9bfdd4f75ca43f8f6 ......
	 orig commit -> 02f39b2379fb81557ae864ec8f85421c0250c954 ......
checking 702b477de1db146435a9f56deabeabb515972c04 ......
	 orig commit -> 4b66af2d6356a00e94bcdea3e7fea324e8b5c6f4 ......
checking 85191ed0a2280a6fb9cd622ac7c99c23914dd422 ......
	 orig commit -> 4ecd16ec7059390b430af34bd8bc3ca2b5dcef9a ......
checking a2dd28441a3cffab0f66b4e3f5c6681b93cb3ad7 ......
	 orig commit -> 5ed73f40735c68d8a656b46d09b1885d3b8740ae ......
checking 7c3adb3c7ec4285c1958b42846684924d0be3d58 ......
	 orig commit -> ca6938a1cd8a1c5e861a99b67f84ac166fc2b9e7 ......
checking 8edb1d7e567fc2eb0a4f083de6997f1e9b30123b ......
	 orig commit -> 6e6867093de35141f0a76b66ac13f9f2e2c8e77a ......
checking 93deddfd9b249d7fe5daf5eee59b071ecd333b8d ......
	 orig commit -> a65050c6f17e52442716138d48d0a47301a8344b ......
checking 0e005aa5597ca9759954ea8131fe139f2f53c1f6 ......
	 orig commit -> f363938c70a04e6bc99023a5e0c44ef7879b903f ......
checking 1d9af7dc0cd4d46bc34ac8656373188d8991f13c ......
	 orig commit -> 58122bf1d856a4ea9581d62a07c557d997d46a19 ......
checking 747fd4e679fc692448b80c627b46517e841afee3 ......
	 orig commit -> 394db20ca240741a08d472173db13d6f6a6e5a28 ......
checking 63b20af859e04863e8fd96f3a691882271782bab ......
	 orig commit -> a5fe93a549c54838063d2952dd9643b0b18aa67f ......
checking 082efbb0481166d69ddd53c661153cf8d636910b ......
	 orig commit -> 362f924b64ba0f4be2ee0cb697690c33d40be721 ......
checking 3de8b83b0d02a32ae5315d56a258bc18058c6797 ......
	 orig commit -> ed29210cd6a67425026e78aa298fa434e11a74e3 ......
checking d1e6f6d18c80627415b399572c93e5ac5429f254 ......
	 orig commit -> 4f81cbafcce2c603db7865e9d0e461f7947d77d4 ......
		 4f81cbafcce2c603db7865e9d0e461f7947d77d4 has problem. Fixes commit -> f363938c70a04e6bc99023a5e0c44ef7879b903f
commit 0e005aa5597ca9759954ea8131fe139f2f53c1f6
Author: Andy Lutomirski <luto@kernel.org>
Date:   Thu Jan 21 15:24:31 2016 -0800

    x86/fpu: Fix 'no387' regression
    
    commit f363938c70a04e6bc99023a5e0c44ef7879b903f upstream.
    
    After fixing FPU option parsing, we now parse the 'no387' boot option
    too early: no387 clears X86_FEATURE_FPU before it's even probed, so
    the boot CPU promptly re-enables it.
    
    I suspect it gets even more confused on SMP.
    
    Fix the probing code to leave X86_FEATURE_FPU off if it's been
    disabled by setup_clear_cpu_cap().
    
    Signed-off-by: Andy Lutomirski <luto@kernel.org>
    Cc: Andy Lutomirski <luto@amacapital.net>
    Cc: Borislav Petkov <bp@alien8.de>
    Cc: Brian Gerst <brgerst@gmail.com>
    Cc: Dave Hansen <dave.hansen@linux.intel.com>
    Cc: Denys Vlasenko <dvlasenk@redhat.com>
    Cc: Fenghua Yu <fenghua.yu@intel.com>
    Cc: H. Peter Anvin <hpa@zytor.com>
    Cc: Linus Torvalds <torvalds@linux-foundation.org>
    Cc: Oleg Nesterov <oleg@redhat.com>
    Cc: Peter Zijlstra <peterz@infradead.org>
    Cc: Quentin Casasnovas <quentin.casasnovas@oracle.com>
    Cc: Sai Praneeth Prakhya <sai.praneeth.prakhya@intel.com>
    Cc: Thomas Gleixner <tglx@linutronix.de>
    Cc: yu-cheng yu <yu-cheng.yu@intel.com>
    Fixes: 4f81cbafcce2 ("x86/fpu: Fix early FPU command-line parsing")
    Signed-off-by: Ingo Molnar <mingo@kernel.org>
    Signed-off-by: Greg Kroah-Hartman <gregkh@linuxfoundation.org>
