Check from v4.4.49 to v4.4.50
Commit count: 20
checking c50b74d886619bf0fe742a2c461530232a7dc60d ......
checking b9dee56027ae5704e3c4bc243a0a3313ea3814ec ......
	 orig commit -> 72fb96e7bdbbdd4421b0726992496531060f3636 ......
checking afb4feb8bfef716b12864459d47672cab56dbfd7 ......
	 orig commit -> 73d2c6678e6c3af7e7a42b1e78cd0211782ade32 ......
checking 9117c897c9aa213fa0f682720f88a259b7ce7af9 ......
	 orig commit -> 57031eb794906eea4e1c7b31dc1e2429c0af0c66 ......
checking 58691e5b4f277cf1876dc95654a794b093f88a0f ......
	 orig commit -> 217e6fa24ce28ec87fca8da93c9016cb78028612 ......
checking 6f99825e7632ba94b0e5f9986e5f64d9eb9370b1 ......
	 orig commit -> d7426c69a1942b2b9b709bf66b944ff09f561484 ......
checking a4226c7ebfb5748447f1640c97f0306ed69e44f8 ......
	 orig commit -> 2dcab598484185dea7ec22219c76dcdd59e3cb90 ......
		 2dcab598484185dea7ec22219c76dcdd59e3cb90 has problem. Fixes commit -> dfcb9f4f99f1e9a49e43398a7bfbf56927544af1
commit e2f5fb9207a6bd7101ad94e73264ac8bb9e3b87a
Author: Marcelo Ricardo Leitner <marcelo.leitner@gmail.com>
Date:   Thu Feb 23 09:31:18 2017 -0300

    sctp: deny peeloff operation on asocs with threads sleeping on it
    
    commit dfcb9f4f99f1e9a49e43398a7bfbf56927544af1 upstream.
    
    commit 2dcab5984841 ("sctp: avoid BUG_ON on sctp_wait_for_sndbuf")
    attempted to avoid a BUG_ON call when the association being used for a
    sendmsg() is blocked waiting for more sndbuf and another thread did a
    peeloff operation on such asoc, moving it to another socket.
    
    As Ben Hutchings noticed, then in such case it would return without
    locking back the socket and would cause two unlocks in a row.
    
    Further analysis also revealed that it could allow a double free if the
    application managed to peeloff the asoc that is created during the
    sendmsg call, because then sctp_sendmsg() would try to free the asoc
    that was created only for that call.
    
    This patch takes another approach. It will deny the peeloff operation
    if there is a thread sleeping on the asoc, so this situation doesn't
    exist anymore. This avoids the issues described above and also honors
    the syscalls that are already being handled (it can be multiple sendmsg
    calls).
    
    Joint work with Xin Long.
    
    Fixes: 2dcab5984841 ("sctp: avoid BUG_ON on sctp_wait_for_sndbuf")
    Cc: Alexander Popov <alex.popov@linux.com>
    Cc: Ben Hutchings <ben@decadent.org.uk>
    Signed-off-by: Marcelo Ricardo Leitner <marcelo.leitner@gmail.com>
    Signed-off-by: Xin Long <lucien.xin@gmail.com>
    Signed-off-by: David S. Miller <davem@davemloft.net>
    Signed-off-by: Greg Kroah-Hartman <gregkh@linuxfoundation.org>
checking f46f344841ecc8badca5bb655539a027ef339cb4 ......
	 orig commit -> bd4ce941c8d5b862b2f83364be5dbe8fc8ab48f8 ......
checking 0db25098cb6c69298d3a496224586fc674217381 ......
	 orig commit -> 837585a5375c38d40361cfe64e6fd11e1addb936 ......
checking 625bd9e43b3b6a5d796c6a5bac660dc405a60fa2 ......
	 orig commit -> e1edab87faf6ca30cd137e0795bc73aa9a9a22ec ......
checking 82e9f6b90a0e7fbc017bdce23845c7580db6f657 ......
	 orig commit -> ccf7abb93af09ad0868ae9033d1ca8108bdaec82 ......
checking 96ada0a978fa1a186477416d2932e8b36a3dfc99 ......
	 orig commit -> ebf6c9cb23d7e56eec8575a88071dec97ad5c6e2 ......
checking eaa3a58f450383aaa8632eea23f2a70d85c55d9d ......
	 orig commit -> 7892032cfe67f4bde6fc2ee967e45a8fbaf33756 ......
checking 13c3646dac70dbad417cce1ddfd87bd6f8650224 ......
	 orig commit -> d71b7896886345c53ef1d84bda2bc758554f5d61 ......
checking 2d9c2e011fd3f1be4e5643d6ad186faa5e50d4d1 ......
	 orig commit -> 34b2cef20f19c87999fff3da4071e66937db9644 ......
checking 22449a01baa59fc7fb2a09df26f55faf967828bc ......
	 orig commit -> 5fa8bbda38c668e56b0c6cdecced2eac2fe36dec ......
checking f3ece3b38437fd06b60a74cd640d95f8d32f5b96 ......
	 orig commit -> 06425c308b92eaf60767bc71d359f4cbc7a561f8 ......
checking 3f5b5134ec7c9418415e4e660adebe6c6ec112fd ......
	 orig commit -> 63117f09c768be05a0bf465911297dc76394f686 ......
checking 41e07a7e01d951cfd4c9a7dac90c921269d89513 ......
	 orig commit -> fbfa743a9d2a0ffa24251764f10afc13eb21e739 ......
		 fbfa743a9d2a0ffa24251764f10afc13eb21e739 has problem. Fixes commit -> 63117f09c768be05a0bf465911297dc76394f686
commit 3f5b5134ec7c9418415e4e660adebe6c6ec112fd
Author: Dan Carpenter <dan.carpenter@oracle.com>
Date:   Wed Feb 1 11:46:32 2017 +0300

    ipv6: pointer math error in ip6_tnl_parse_tlv_enc_lim()
    
    [ Upstream commit 63117f09c768be05a0bf465911297dc76394f686 ]
    
    Casting is a high precedence operation but "off" and "i" are in terms of
    bytes so we need to have some parenthesis here.
    
    Fixes: fbfa743a9d2a ("ipv6: fix ip6_tnl_parse_tlv_enc_lim()")
    Signed-off-by: Dan Carpenter <dan.carpenter@oracle.com>
    Acked-by: Eric Dumazet <edumazet@google.com>
    Signed-off-by: David S. Miller <davem@davemloft.net>
    Signed-off-by: Greg Kroah-Hartman <gregkh@linuxfoundation.org>
checking e6c654c9c09258dc0f82d1baa9ce69aa68bc735e ......
	 orig commit -> f1712c73714088a7252d276a57126d56c7d37e64 ......
