Check from v4.4.76 to v4.4.77
Commit count: 57
checking 9e0499d7d30c6a91eb381e604c31519af88737d7 ......
checking 52b9815d37fca7d87fc1ff44b4916b4804c8383d ......
	 orig commit -> 5a91206ff0d0548939f3e85a65fb76b400fb0e89 ......
checking 646b65808b0da1fb2f72daf4dabdd9bc8e398f49 ......
	 orig commit -> 99c13b8c8896d7bcb92753bf0c63a8de4326e78d ......
checking ad5a88c54cd299f3bb2bf53810dd5bb5805369c3 ......
	 orig commit -> 1ea1516fbbab2b30bf98c534ecaacba579a35208 ......
checking cb2bc13d0b556427cb99524aea274b8ddc941130 ......
	 orig commit -> a9332e9ad09c2644c99058fcf6ae2f355e93ce74 ......
checking 370d06c6b075f3617e957fa697065107df3962b5 ......
	 orig commit -> dc32190f2cd41c7dba25363ea7d618d4f5172b4e ......
checking 627f3abeeac1354a4b15eaf0f22b8ffb901029cb ......
	 orig commit -> d88270eef4b56bd7973841dd1fed387ccfa83709 ......
checking ff62c63109d9a10fa9cb34bcf933fc2ce89dfdaa ......
	 orig commit -> 3fb632e40d7667d8bedfabc28850ac06d5493f54 ......
checking e20894aad9e875e4aec2c73e7badcd440f02cde4 ......
	 orig commit -> 1345921393ba23b60d3fcf15933e699232ad25ae ......
checking 2b4f81fb56cf7044278fc0e6c46351ac3da94148 ......
	 orig commit -> 22a9f41b555673e7499b97acf3ffb07bf0af31ad ......
checking c04b8bbd64be97047d277c871f82d79f03375718 ......
	 orig commit -> cf89813a5b514bff9b3b5e7eaf2090f22fba62e0 ......
checking 1991cbd2c4862abb34d2ae86cd768fb5a3ed47f7 ......
	 orig commit -> 3ed5ca2efff70e9f589087c2013789572901112d ......
checking 5a25a08ad5e68792f32da5c934fe5f50a6791a20 ......
	 orig commit -> 62aa0e177d278462145a29c30d3c8501ae57e200 ......
checking 300d4fea8de01d33001c08268b890923f2d2e68b ......
	 orig commit -> d85ce830eef6c10d1e9617172dea4681f02b8424 ......
checking 0ba2f070bf4556b732633591c3a38f0248a8c3ec ......
	 orig commit -> d4913cbd05bab685e49c8174896e563b2487d054 ......
checking 0717b5dfab93ea418a9ab9ea49177a65b957d7cf ......
	 orig commit -> 3b556bced46aa6b1873da7faa18eff235e896adc ......
checking c7b8d98bff822922ae0fa579c7fbdf07903bcad1 ......
	 orig commit -> a5e8e825bd1704c488bf6a46936aaf3b9f203d6a ......
checking 56e75cee2af34900e60656a5b727640bbb5135f1 ......
	 orig commit -> 3354cf71104de49326d19d2f9bdb1f66eea52ef4 ......
checking 055ce585a864a999f6c22c2af75c424122c2ee1a ......
	 orig commit -> 7093b4c963cc4e344e490c774924a180602a7092 ......
checking 144eb3e8e4d938a3c0f341a7b10b035b3d63595c ......
	 orig commit -> 3aff8ba0a4c9c9191bb788171a1c54778e1246a2 ......
checking fb3c230b7ec28fc540e210e16e0b40bcff441b16 ......
	 orig commit -> 2e2bbc039fad9eabad6c4c1a473c8b2554cdd2d4 ......
checking 071ca0bcf337e4c058bc9844a4aa6fe1b67b612b ......
	 orig commit -> d7dd112ea5cacf91ae72c0714c3b911eb6016fea ......
checking c9cf7ce0bbc4e9184ac656c5fe3be99ae16655df ......
	 orig commit -> bdf23a9a190d7ecea092fd5c4aabb7d4bd0a9980 ......
checking e5a9078a8e0e50681210b08ecfd67b53ca0262f7 ......
	 orig commit -> 7ea6856d6f5629d742edc23b8b76e6263371ef45 ......
checking 0586f5cd419596674ec015174c8b1055008e4243 ......
	 orig commit -> 7b0214b702ad8e124e039a317beeebb3f020d125 ......
checking 1ca0a40980050023aca49c96764bb30de36111db ......
	 orig commit -> d64b721d27aef3fbeb16ecda9dd22ee34818ff70 ......
checking 57a4c2504b77b7223934a78e67a7de18fb2c1fc6 ......
	 orig commit -> 94bdd5edb34e472980d1e18b4600d6fb92bd6b0a ......
checking e1b7b00a1bd575d37919780a2694622019c028f2 ......
	 orig commit -> b5bf1733d6a391c4e90ea8f8468d83023be74a2a ......
checking 034e10b4f8348c2c267e491d1e2872023c35f310 ......
	 orig commit -> f991af3daabaecff34684fd51fac80319d1baad1 ......
checking 5fd2bba08c17c30d74b26a8b9f6ce67026b254b4 ......
	 orig commit -> 5ecce4c9b17bed4dc9cb58bfb10447307569b77b ......
		 5ecce4c9b17bed4dc9cb58bfb10447307569b77b has problem. Fixes commit -> a62ab66b13a0f9bcb17b7b761f6670941ed5cd62
5a7a88f1b488e4ee49eb3d5b82612d4d9ffdf2c3
commit c4af40a7218ef2aeb82572cb4448a66b63829ac8
Author: Ismail, Mustafa <mustafa.ismail@intel.com>
Date:   Fri Jul 14 09:41:30 2017 -0500

    RDMA/uverbs: Fix the check for port number
    
    commit 5a7a88f1b488e4ee49eb3d5b82612d4d9ffdf2c3 upstream.
    
    The port number is only valid if IB_QP_PORT is set in the mask.
    So only check port number if it is valid to prevent modify_qp from
    failing due to an invalid port number.
    
    Fixes: 5ecce4c9b17b("Check port number supplied by user verbs cmds")
    Reviewed-by: Steve Wise <swise@opengridcomputing.com>
    Signed-off-by: Mustafa Ismail <mustafa.ismail@intel.com>
    Tested-by: Mike Marciniszyn <mike.marciniszyn@intel.com>
    Signed-off-by: Doug Ledford <dledford@redhat.com>
    Signed-off-by: Greg Kroah-Hartman <gregkh@linuxfoundation.org>
commit c4af40a7218ef2aeb82572cb4448a66b63829ac8
Author: Ismail, Mustafa <mustafa.ismail@intel.com>
Date:   Fri Jul 14 09:41:30 2017 -0500

    RDMA/uverbs: Fix the check for port number
    
    commit 5a7a88f1b488e4ee49eb3d5b82612d4d9ffdf2c3 upstream.
    
    The port number is only valid if IB_QP_PORT is set in the mask.
    So only check port number if it is valid to prevent modify_qp from
    failing due to an invalid port number.
    
    Fixes: 5ecce4c9b17b("Check port number supplied by user verbs cmds")
    Reviewed-by: Steve Wise <swise@opengridcomputing.com>
    Signed-off-by: Mustafa Ismail <mustafa.ismail@intel.com>
    Tested-by: Mike Marciniszyn <mike.marciniszyn@intel.com>
    Signed-off-by: Doug Ledford <dledford@redhat.com>
    Signed-off-by: Greg Kroah-Hartman <gregkh@linuxfoundation.org>

commit af7b187fe52f5debf67e448e4757754f7a752497
Author: Ismail, Mustafa <mustafa.ismail@intel.com>
Date:   Fri Jul 14 09:41:31 2017 -0500

    RDMA/core: Initialize port_num in qp_attr
    
    commit a62ab66b13a0f9bcb17b7b761f6670941ed5cd62 upstream.
    
    Initialize the port_num for iWARP in rdma_init_qp_attr.
    
    Fixes: 5ecce4c9b17b("Check port number supplied by user verbs cmds")
    Reviewed-by: Steve Wise <swise@opengridcomputing.com>
    Signed-off-by: Mustafa Ismail <mustafa.ismail@intel.com>
    Tested-by: Mike Marciniszyn <mike.marciniszyn@intel.com>
    Signed-off-by: Doug Ledford <dledford@redhat.com>
    Signed-off-by: Greg Kroah-Hartman <gregkh@linuxfoundation.org>
checking 92e90c20dc38fe01e817b537c59182ea1ec03b16 ......
	 orig commit -> 57cb17e764ba0aaa169d07796acce54ccfbc6cae ......
checking 483b1c69655d61a4c15648cf96011cfb20aa2000 ......
	 orig commit -> b08b5b53a1ed2bd7a883f8fd29232c8f03604671 ......
checking e47e717666408553b5b057a515b33ba6c4a3d2ca ......
	 orig commit -> 236222d39347e0e486010f10c1493e83dbbdfba8 ......
checking 0214a8ca61e2e26c488ec6c0a5f4de91063681a2 ......
	 orig commit -> 7ebb916782949621ff6819acf373a06902df7679 ......
checking e952c291df099fe71d3d1737c68063734907f418 ......
	 orig commit -> 961ae1d83d055a4b9ebbfb4cc8ca62ec1a7a3b74 ......
checking ac12d6abed6cf495908c896b1c4357a906cc7303 ......
	 orig commit -> 996fab55d864ed604158f71724ff52db1c2454a3 ......
checking 1a04853de06986936ca6853dbfbe9152e928a0a0 ......
	 orig commit -> 8fb060da715ad10fe956d7c0077b2fb0c12bb9d7 ......
checking 174ddbcc69e239481ba43799a2e6118dbbbf2016 ......
	 orig commit -> 3091ae775fae17084013021d01513bc1ad274e6a ......
checking 45424528a184f8d3b698268db4bb58eaa52cbd6f ......
	 orig commit -> da6c2addf66d7ff7d0b090d6267d4292f951e4e6 ......
checking 79565741fce0e70e5b208125adf331f26839ad37 ......
	 orig commit -> 7903d4f5e1dec53963cba9b1bc472a76a3532e07 ......
checking 3c4720871bdd48645d831cdc5619a7282cfaa0de ......
	 orig commit -> 97ba26b8a9343008504d4e3a87d212bc07b05212 ......
checking 5d030f597f4728776b98337bd639fe4638386b78 ......
	 orig commit -> 58439280f84e6b39fd7d61f25ab30489c1aaf0a9 ......
checking a2148222e3751fe2e02c71533dced8f030e94295 ......
	 orig commit -> 425fffd886bae3d127a08fa6a17f2e31e24ed7ff ......
checking e8505e6432c2eb7296d9c7724146d1ba1966a040 ......
	 orig commit -> 5380e5644afbba9e3d229c36771134976f05c91e ......
checking 2e42225b85ee59e3fea83895256386c1544adfa6 ......
	 orig commit -> 8fbcfeb8a9cc803464d6c166e7991913711c612c ......
checking 93f526ffe8ae1e870d511aa574e7b4670255124b ......
	 orig commit -> 7cf916bd639bd26db7214f2205bccdb4b9306256 ......
checking c6bf62a36175fceeb4b83caf8791cd1085aeb9cc ......
	 orig commit -> b3b51417d0af63fb9a06662dc292200aed9ea53f ......
checking ab96add78bfe764a4994545993ac1c32978f8dc0 ......
	 orig commit -> 6836796de4019944f4ba4c99a360e8250fd2e735 ......
checking 45c73d0c7a96890e6a4e45576d4c544e15bed6e6 ......
	 orig commit -> fd90f73a9925f248d696bde1cfc836d9fda5570d ......
checking c8130087ff4d3e21c9971708cec71ba42075d77d ......
	 orig commit -> 04fb365c453e14ff9e8a28f1c46050d920a27a4a ......
checking a080ec466c3412dcf58cff69d6c05d1e670adc0c ......
	 orig commit -> 385aee965b4e4c36551c362a334378d2985b722a ......
checking fe0bb2ac167b21843d74465e196e9f9ea5852d07 ......
	 orig commit -> 9e52b32567126fe146f198971364f68d3bc5233f ......
checking 78f20db86418dcda1e60f9ebe4be5086d00d2006 ......
checking 1f97e170cfc54da377ff4e375a0f7226d06534c0 ......
	 orig commit -> b4dfd8e92956b396d3438212bc9a0be6267b8b34 ......
checking c01ace719ebe6353f0c96e56f6c75c22ad3f67b0 ......
	 orig commit -> 6265539776a0810b7ce6398c27866ddb9c6bd154 ......
checking 4043d5bca587eab2dfcca5e2da7e770d16b127c8 ......
	 orig commit -> 629e014bb8349fcf7c1e4df19a842652ece1c945 ......
checking ccb973e681d8f9fedb398b87a115b48ed96a6214 ......
	 orig commit -> 80f18379a7c350c011d30332658aa15fe49a8fa5 ......
