Check from v4.14.86 to v4.14.87
Commit count: 56
checking ca48e5e30b75a28c12c43c7428c95735e4885e6b ......
checking 88b58409f82e98d28f90328fa9ab98e0de479a0c ......
	 orig commit -> 29e270fc32192e7729057963ae7120663856c93e ......
checking 02dc68829e5f2a9b48829725f332200ac3b051c2 ......
	 orig commit -> 11f711081af0eb54190dc0de96ba4a9cd494666b ......
checking c29f9010a35604047f96a7e9d6cbabfa36d996d1 ......
checking dd9989eda8327d9894f8f2c4812ca7dd085fad51 ......
	 orig commit -> 10d7e9a9181f4637640f388d334c6740c1b5d0e8 ......
checking aa6e035f259a5a4402a204565b7b2fb26bbeaaf2 ......
	 orig commit -> b424315a287c70eeb5f920f84c92492bd2f5658e ......
checking f7105bd03755272a0e434ddc54e3a78dae2ed0c6 ......
	 orig commit -> 1e11b014271ceccb5ea04ae58f4829ac8209a86d ......
checking e29649e49c81b1a1a78174f70c2e1ddf41f7832f ......
	 orig commit -> 2d4fa7b4c6f8080ced2e8237c9f46fb1fc110d64 ......
checking 402519439ccb9410faf6287bf98f99817bd0c354 ......
	 orig commit -> ff4ec2997df8fe7cc40513dbe5f86d9f88fb6be7 ......
checking 60720df8bf43e8ca2ce1a17936904a52129c8471 ......
	 orig commit -> 6ff38bd40230af35e446239396e5fc8ebd6a5248 ......
checking d2e29b46a9cf4e733e147442a20dbba376decc26 ......
	 orig commit -> bb6c7768385b200063a14d6615cc1246c3d00760 ......
checking b92cee8097d99ec641521975b5fa6eb907ab5361 ......
	 orig commit -> 1554bbd4ad401b7f0f916c0891874111c10befe5 ......
checking 99bfa7bc16c3b5c4bf06d3885e535060dd5cfeef ......
	 orig commit -> b54e41f5efcb4316b2f30b30c2535cc194270373 ......
checking 097c13e1b78d48c1a3a75dbfabc10736863056a7 ......
	 orig commit -> 6b04114f6fae5e84d33404c2970b1949c032546e ......
checking f4069a6cf6faf910a90f469b72e27bc29e4beccd ......
	 orig commit -> b7cc40c32a8bfa6f2581a71747f6a7d491fe43ba ......
checking 335cbe4df8b0d14cd43f207932b33eb8c756beb2 ......
	 orig commit -> f8397d69daef06d358430d3054662fb597e37c00 ......
checking 1aadbb4a325b81989c9dd454c44b846d590cda49 ......
	 orig commit -> 10950929e994c5ecee149ff0873388d3c98f12b5 ......
checking 61ffe9b932037aabc00d51bc9095f4a20ea90d56 ......
	 orig commit -> bf87ade0dd7f8cf19dac4d3161d5e86abe0c062b ......
checking ec2c95c56ba7689fd295acd6d43696846b38f4e1 ......
	 orig commit -> ad33429cd02565c28404bb16ae7a4c2bdfda6626 ......
checking 1151c098512f148f409a9e6ec25b486ba3a312bf ......
	 orig commit -> 3ed64da3b790be7c63601e8ca6341b7dff74a660 ......
checking 4121029c4311c4e6298fc601bcb6b7dd2167b415 ......
	 orig commit -> ac5722c1643a2fb75224c79b578214956d34f989 ......
checking 58a3a4e82dea339ef011ff2510c11e21bc53e418 ......
	 orig commit -> d55bda1b3e7c5a87f10da54fdda866a9a9cef30b ......
checking 6dc574d0cac6e71c404ea031a9b59b9e817e05b2 ......
	 orig commit -> 9df39bedbf292680655c6a947c77d6562c693d4a ......
checking cf980cebed0313ef417ffa845fd92b7f00184e5e ......
	 orig commit -> a6754fae1e66e9a40fed406290d7ca3f2b4d227c ......
checking 84ee7f89237f096a6fd2906bb7d909d3ba8a0432 ......
	 orig commit -> f9a7082327e26f54067a49cac2316d31e0cc8ba7 ......
checking b002e9dc214f0f917ce1b4df753c1da0b8a9ac84 ......
	 orig commit -> 30510387a5e45bfcf8190e03ec7aa15b295828e2 ......
checking e8693a9829d1135ff6da551023de0c707394733c ......
	 orig commit -> 1cd25cbb2fedbc777f3a8c3cb1ba69b645aeaa64 ......
checking a293ef5e92b523f899d5d58bd9bfc26f2ea1ee3e ......
	 orig commit -> 2dd453168643d9475028cd867c57e65956a0f7f9 ......
		 2dd453168643d9475028cd867c57e65956a0f7f9 has problem. Fixes commit -> 3ec8002951ea173e24b466df1ea98c56b7920e63
1cd25cbb2fedbc777f3a8c3cb1ba69b645aeaa64
commit e8693a9829d1135ff6da551023de0c707394733c
Author: Laura Abbott <labbott@redhat.com>
Date:   Wed Sep 19 18:59:01 2018 -0700

    kgdboc: Fix warning with module build
    
    commit 1cd25cbb2fedbc777f3a8c3cb1ba69b645aeaa64 upstream.
    
    After 2dd453168643 ("kgdboc: Fix restrict error"), kgdboc_option_setup is
    now only used when built in, resulting in a warning when compiled as a
    module:
    
    drivers/tty/serial/kgdboc.c:134:12: warning: 'kgdboc_option_setup' defined but not used [-Wunused-function]
     static int kgdboc_option_setup(char *opt)
                ^~~~~~~~~~~~~~~~~~~
    
    Move the function under the appropriate ifdef for builtin only.
    
    Fixes: 2dd453168643 ("kgdboc: Fix restrict error")
    Reported-by: Stephen Rothwell <sfr@canb.auug.org.au>
    Signed-off-by: Laura Abbott <labbott@redhat.com>
    Signed-off-by: Greg Kroah-Hartman <gregkh@linuxfoundation.org>
commit 0209f339b4db01a1555f769d75648df761059dfa
Author: Wentao Wang <witallwang@gmail.com>
Date:   Wed Mar 20 15:30:39 2019 +0000

    Disable kgdboc failed by echo space to /sys/module/kgdboc/parameters/kgdboc
    
    commit 3ec8002951ea173e24b466df1ea98c56b7920e63 upstream.
    
    Echo "" to /sys/module/kgdboc/parameters/kgdboc will fail with "No such
    device” error.
    
    This is caused by function "configure_kgdboc" who init err to ENODEV
    when the config is empty (legal input) the code go out with ENODEV
    returned.
    
    Fixes: 2dd453168643 ("kgdboc: Fix restrict error")
    Signed-off-by: Wentao Wang <witallwang@gmail.com>
    Cc: stable <stable@vger.kernel.org>
    Acked-by: Daniel Thompson <daniel.thompson@linaro.org>
    Signed-off-by: Greg Kroah-Hartman <gregkh@linuxfoundation.org>

commit e8693a9829d1135ff6da551023de0c707394733c
Author: Laura Abbott <labbott@redhat.com>
Date:   Wed Sep 19 18:59:01 2018 -0700

    kgdboc: Fix warning with module build
    
    commit 1cd25cbb2fedbc777f3a8c3cb1ba69b645aeaa64 upstream.
    
    After 2dd453168643 ("kgdboc: Fix restrict error"), kgdboc_option_setup is
    now only used when built in, resulting in a warning when compiled as a
    module:
    
    drivers/tty/serial/kgdboc.c:134:12: warning: 'kgdboc_option_setup' defined but not used [-Wunused-function]
     static int kgdboc_option_setup(char *opt)
                ^~~~~~~~~~~~~~~~~~~
    
    Move the function under the appropriate ifdef for builtin only.
    
    Fixes: 2dd453168643 ("kgdboc: Fix restrict error")
    Reported-by: Stephen Rothwell <sfr@canb.auug.org.au>
    Signed-off-by: Laura Abbott <labbott@redhat.com>
    Signed-off-by: Greg Kroah-Hartman <gregkh@linuxfoundation.org>
checking 6bf8c9fc962e5586397c9a3bbed9b806b1cdab55 ......
	 orig commit -> d6b340d7cb33c816ef4abe8143764ec5ab14a5cc ......
checking 705a2810a314ccf06fe6190ea555e586975f9b28 ......
	 orig commit -> 29ec90660d68bbdd69507c1c8b4e33aa299278b1 ......
		 29ec90660d68bbdd69507c1c8b4e33aa299278b1 has problem. Fixes commit -> 01e881f5a1fca4677e82733061868c6d6ea05ca7
commit b99eaefb6850b38abdd8a2029bbfde08170ec6c9
Author: Andrea Arcangeli <aarcange@redhat.com>
Date:   Fri Dec 14 14:17:17 2018 -0800

    userfaultfd: check VM_MAYWRITE was set after verifying the uffd is registered
    
    commit 01e881f5a1fca4677e82733061868c6d6ea05ca7 upstream.
    
    Calling UFFDIO_UNREGISTER on virtual ranges not yet registered in uffd
    could trigger an harmless false positive WARN_ON.  Check the vma is
    already registered before checking VM_MAYWRITE to shut off the false
    positive warning.
    
    Link: http://lkml.kernel.org/r/20181206212028.18726-2-aarcange@redhat.com
    Cc: <stable@vger.kernel.org>
    Fixes: 29ec90660d68 ("userfaultfd: shmem/hugetlbfs: only allow to register VM_MAYWRITE vmas")
    Signed-off-by: Andrea Arcangeli <aarcange@redhat.com>
    Reported-by: syzbot+06c7092e7d71218a2c16@syzkaller.appspotmail.com
    Acked-by: Mike Rapoport <rppt@linux.ibm.com>
    Acked-by: Hugh Dickins <hughd@google.com>
    Acked-by: Peter Xu <peterx@redhat.com>
    Signed-off-by: Andrew Morton <akpm@linux-foundation.org>
    Signed-off-by: Linus Torvalds <torvalds@linux-foundation.org>
    Signed-off-by: Greg Kroah-Hartman <gregkh@linuxfoundation.org>
checking 6ea54af90988bf869e57265723c33af623b4abec ......
	 orig commit -> 81df022b688d43d2a3667518b2f755d384397910 ......
checking 46466e23bc1bc262c28a020df982233c309ed958 ......
	 orig commit -> dcf7fe9d89763a28e0f43975b422ff141fe79e43 ......
checking af3edb30cddfcc1eace505af10d08826a9522dbe ......
	 orig commit -> e2a50c1f64145a04959df2442305d57307e5395a ......
checking 683b47330c498a7bb90b1e863f63c9b5035dbba9 ......
	 orig commit -> 5b51072e97d587186c2f5390c8c9c1fb7e179505 ......
checking 82c5a8c0debac552750a00b4fc7551c89c7b34b8 ......
	 orig commit -> 9e368259ad988356c4c95150fafd1a06af095d98 ......
checking a88a1b3c215beee3f78ee9b8981518381fa073d6 ......
	 orig commit -> 97b2a3180a559a33852ac0cd77904166069484fd ......
checking 9576f5215818f54c299eb7880e396ad75fc777fc ......
	 orig commit -> 995b278e4723b26f8ebf0e7c119286d16c712747 ......
checking 4e97ad08e1e3f4e9dbd5884b1dd7c4fdbe038eb1 ......
	 orig commit -> 23a336b34258aba3b50ea6863cca4e81b5ef6384 ......
checking 37b927309286a4e4f9bf13aa2f7dbdd001637346 ......
	 orig commit -> dc25ab067645eabd037f1a23d49a666f9e0b8c68 ......
checking 53f6341a937be3dad213f5f4b2e188012c024ed2 ......
	 orig commit -> db7a691a1551a748cb92d9c89c6b190ea87e28d5 ......
checking d3c0999433352dacda6da37c237388bfa9bae1c2 ......
	 orig commit -> c50cbd85cd7027d32ac5945bb60217936b4f7eaf ......
checking 9aab50aec56772ff6e1a2dead6097cf2921fe944 ......
	 orig commit -> 7d35baa4e9ec4b717bc0e58a39cdb6a1c50f5465 ......
checking 8d3ab1ccc063e618ef1a2711e9da9ce9e7d27396 ......
	 orig commit -> 09d3f015d1e1b4fee7e9bbdcf54201d239393391 ......
checking 48c11537ee6d6731d1e24343150e41057f593a8b ......
	 orig commit -> 24c3456c8d5ee6fc1933ca40f7b4406130682668 ......
checking 184adf40d184ff2761923e7f2f64a12702843ad8 ......
	 orig commit -> 2cf2f0d5b91fd1b06a6ae260462fc7945ea84add ......
checking 46762a64c0b03fc9cab3406bf2b3bbea043cf6e8 ......
	 orig commit -> 58930cced012adb01bc78b3687049b17ef44d0a3 ......
checking 94d6d9e5f3c2532c1f13521a58ac9f120f30c4ba ......
	 orig commit -> 8c5a50e8e7ad812a62f7ccf28d9a5e74fddf3000 ......
checking 4e4b875eaf1e615cdaa789c22222565405349145 ......
	 orig commit -> 67a3b63a54cbe18944191f43d644686731cf30c7 ......
checking bb1d0ac3ef02d0e3e893b75933e556e86c915cfe ......
	 orig commit -> 000ade8016400d93b4d7c89970d96b8c14773d45 ......
checking e26457da0cdb5498724fd46279057d49c95cbba6 ......
	 orig commit -> 166126c1e54d927c2e8efa2702d420e0ce301fd9 ......
checking f5028606c29248d39c8fba26730517c7c624cdaa ......
	 orig commit -> 38c7b224ce22c25fed04007839edf974bd13439d ......
checking 23df63002205f17d307af118fe0025f6e49d389a ......
	 orig commit -> c288248f5b26cd5563112fcdc077bf44964a942d ......
checking af882cb0bcb5573014e2203dbfd67e2737bb10d3 ......
	 orig commit -> 77d2a24b6107bd9b3bf2403a65c1428a9da83dd0 ......
checking 337f2837c5b29c1587dd7efc4befc9f6f84a2746 ......
	 orig commit -> b1286ed7158e9b62787508066283ab0b8850b518 ......
checking 9f8d10971a2395359751487c517bf33e5d8f9e43 ......
	 orig commit -> 217c3e0196758662aa0429863b09d1c13da1c5d6 ......
checking f5ec9987bfbd1004b643e2c914306dc79ce40912 ......
	 orig commit -> 321cb0308a9e76841394b4bbab6a1107cfedbae0 ......
