Check from v4.14.78 to v4.14.79
Commit count: 144
checking 50961e4888a1d53544ac4ea6f185fc27ee4fee4f ......
checking fe54a7c4f0d1f313ea341ebd92d1f3ff9eb65007 ......
	 orig commit -> e3ca34880652250f524022ad89e516f8ba9a805b ......
checking b0ee9bd40d74001cd98de6bac252dd728130dbaa ......
	 orig commit -> e331473fee3d500bb0d2582a1fe598df3326d8cd ......
checking c8c2df18eedfcb504ed2f5d8ab24e87da7fd3959 ......
	 orig commit -> 64bd9c8135751b561f27edaaffe93d07093f81af ......
checking 71944eb54288509c7c19ac54b485ac774c8253fe ......
	 orig commit -> eddf016b910486d2123675a6b5fd7d64f77cdca8 ......
checking 4ca72d6336df434171218f047dbcaf86d65253fe ......
	 orig commit -> da71577545a52be3e0e9225a946e5fd79cfab015 ......
checking ac65fd7094ac5ec86d167801f2101d02bbe1da6e ......
	 orig commit -> d48051c5b8376038c2b287c3b1bd55b8d391d567 ......
checking 855cb69f4e6d3068ad18738f0cd6ff3cd099ccfc ......
	 orig commit -> d55bef5059dd057bd077155375c581b49d25be7e ......
checking 623670a9f20755b389f958b85bcb5b1eb17cdaed ......
	 orig commit -> 7de414a9dd91426318df7b63da024b2b07e53df5 ......
checking fd090ba395fb60c71abb0c35bd026c4dcf5a4a1d ......
	 orig commit -> 3c53ed8fef6881a864f0ee8240ed2793ef73ad0d ......
checking bc478700368780c5460391282a098d5ba57464db ......
	 orig commit -> a48bc513159d4767f9988f0d857b2b0c38a4d614 ......
checking 1d50b74a33d0b201a4bef20461b585317cbf3eb0 ......
	 orig commit -> 46ebe2834ba5b541f28ee72e556a3fed42c47570 ......
checking f288424ea85ef806c0f35adc9fd904ac636ffe81 ......
	 orig commit -> d4d576f5ab7edcb757bb33e6a5600666a0b1232d ......
checking 8a865095d399f3318f30176e5d2f677d0354f8d8 ......
	 orig commit -> 414dd6fb9a1a1b59983aea7bf0f79f0085ecc5b8 ......
checking 95c337646585c27b5e2d94a1daff53ed5e294cb7 ......
	 orig commit -> 58f5bbe331c566f49c9559568f982202a278aa78 ......
checking 574af67123c3da1e094813d122baa6cd37ccc4af ......
	 orig commit -> 05c998b738fdd3e5d6a257bcacc8f34b6284d795 ......
checking b522f279f91b8ba916d941e0e73a01ecee5da77a ......
	 orig commit -> ff002269a4ee9c769dbf9365acef633ebcbd6cbe ......
checking 189771d69e14404b0e6eb57aa40bed2a95f7e2c2 ......
	 orig commit -> 84dad55951b0d009372ec21760b650634246e144 ......
checking 606694e5ec81d598c0300f9e16db0464659df557 ......
	 orig commit -> b336decab22158937975293aea79396525f92bb3 ......
checking aa8d067c8547ad146ef18baecabc032618f7efb6 ......
	 orig commit -> 6b839b6cf9eada30b086effb51e5d6076bafc761 ......
checking 0ecebdfb2e3a8a22ec157c5d388a6ac3a557919b ......
	 orig commit -> db4f1be3ca9b0ef7330763d07bf4ace83ad6f913 ......
checking 441d0e7540824732f25f38cc270343d34427bebe ......
	 orig commit -> 30549aab146ccb1275230c3b4b4bc6b4181fd54e ......
checking 7d58456872c4a65926541e8aa983056bd91f8ed6 ......
	 orig commit -> b6168562c8ce2bd5a30e213021650422e08764dc ......
checking 29d871195e9e63ff567fe3fb02b01be60e015877 ......
	 orig commit -> 38b4f18d56372e1e21771ab7b0357b853330186c ......
checking e581e28f9dcbb461751df6eeb6d24335f94e9f11 ......
	 orig commit -> 4ba4c566ba8448a05e6257e0b98a21f1a0d55315 ......
checking ff96a397744084e6eb13ab4afe47add5c03435bf ......
	 orig commit -> ec20a63aa8b8ec3223fb25cdb2a49f9f9dfda88c ......
checking 6bb1381cc8650c9b86e41ea639db4dfaed750ad4 ......
	 orig commit -> 5a8e7aea953bdb6d4da13aff6f1e7f9c62023499 ......
checking 1e42e97af9832848bbeba5c1f7f35dbcffec5642 ......
	 orig commit -> ee1abcf689353f36d9322231b4320926096bdee0 ......
checking 5d4c5861211f62be25e36254981521c1e5030b19 ......
	 orig commit -> dc012f3628eaecfb5ba68404a5c30ef501daf63d ......
checking c3cf86dac56dbacab38d27c072b492cbbe89f4f1 ......
	 orig commit -> 0fe5119e267f3e3d8ac206895f5922195ec55a8a ......
		 0fe5119e267f3e3d8ac206895f5922195ec55a8a has problem. Fixes commit -> 278e2148c07559dd4ad8602f22366d61eb2ee7b7
commit 9ac5e6507acbe06a25de03ea9f3089c2f662a72f
Author: Hangbin Liu <liuhangbin@gmail.com>
Date:   Fri Feb 22 21:22:32 2019 +0800

    Revert "bridge: do not add port to router list when receives query with source 0.0.0.0"
    
    commit 278e2148c07559dd4ad8602f22366d61eb2ee7b7 upstream.
    
    This reverts commit 5a2de63fd1a5 ("bridge: do not add port to router list
    when receives query with source 0.0.0.0") and commit 0fe5119e267f ("net:
    bridge: remove ipv6 zero address check in mcast queries")
    
    The reason is RFC 4541 is not a standard but suggestive. Currently we
    will elect 0.0.0.0 as Querier if there is no ip address configured on
    bridge. If we do not add the port which recives query with source
    0.0.0.0 to router list, the IGMP reports will not be about to forward
    to Querier, IGMP data will also not be able to forward to dest.
    
    As Nikolay suggested, revert this change first and add a boolopt api
    to disable none-zero election in future if needed.
    
    Reported-by: Linus Lüssing <linus.luessing@c0d3.blue>
    Reported-by: Sebastian Gottschall <s.gottschall@newmedia-net.de>
    Fixes: 5a2de63fd1a5 ("bridge: do not add port to router list when receives query with source 0.0.0.0")
    Fixes: 0fe5119e267f ("net: bridge: remove ipv6 zero address check in mcast queries")
    Signed-off-by: Hangbin Liu <liuhangbin@gmail.com>
    Acked-by: Nikolay Aleksandrov <nikolay@cumulusnetworks.com>
    Signed-off-by: David S. Miller <davem@davemloft.net>
    Signed-off-by: Greg Kroah-Hartman <gregkh@linuxfoundation.org>
checking 1bd68d5612af83ed392f066861eb5033bfcad28c ......
	 orig commit -> 5a2de63fd1a59c30c02526d427bc014b98adf508 ......
		 5a2de63fd1a59c30c02526d427bc014b98adf508 has problem. Fixes commit -> 278e2148c07559dd4ad8602f22366d61eb2ee7b7
0fe5119e267f3e3d8ac206895f5922195ec55a8a
commit c3cf86dac56dbacab38d27c072b492cbbe89f4f1
Author: Nikolay Aleksandrov <nikolay@cumulusnetworks.com>
Date:   Sat Oct 27 12:07:47 2018 +0300

    net: bridge: remove ipv6 zero address check in mcast queries
    
    commit 0fe5119e267f3e3d8ac206895f5922195ec55a8a upstream.
    
    Recently a check was added which prevents marking of routers with zero
    source address, but for IPv6 that cannot happen as the relevant RFCs
    actually forbid such packets:
    RFC 2710 (MLDv1):
    "To be valid, the Query message MUST
     come from a link-local IPv6 Source Address, be at least 24 octets
     long, and have a correct MLD checksum."
    
    Same goes for RFC 3810.
    
    And also it can be seen as a requirement in ipv6_mc_check_mld_query()
    which is used by the bridge to validate the message before processing
    it. Thus any queries with :: source address won't be processed anyway.
    So just remove the check for zero IPv6 source address from the query
    processing function.
    
    Fixes: 5a2de63fd1a5 ("bridge: do not add port to router list when receives query with source 0.0.0.0")
    Signed-off-by: Nikolay Aleksandrov <nikolay@cumulusnetworks.com>
    Signed-off-by: David S. Miller <davem@davemloft.net>
    Cc: Hangbin Liu <liuhangbin@gmail.com>
    Signed-off-by: Greg Kroah-Hartman <gregkh@linuxfoundation.org>
commit 9ac5e6507acbe06a25de03ea9f3089c2f662a72f
Author: Hangbin Liu <liuhangbin@gmail.com>
Date:   Fri Feb 22 21:22:32 2019 +0800

    Revert "bridge: do not add port to router list when receives query with source 0.0.0.0"
    
    commit 278e2148c07559dd4ad8602f22366d61eb2ee7b7 upstream.
    
    This reverts commit 5a2de63fd1a5 ("bridge: do not add port to router list
    when receives query with source 0.0.0.0") and commit 0fe5119e267f ("net:
    bridge: remove ipv6 zero address check in mcast queries")
    
    The reason is RFC 4541 is not a standard but suggestive. Currently we
    will elect 0.0.0.0 as Querier if there is no ip address configured on
    bridge. If we do not add the port which recives query with source
    0.0.0.0 to router list, the IGMP reports will not be about to forward
    to Querier, IGMP data will also not be able to forward to dest.
    
    As Nikolay suggested, revert this change first and add a boolopt api
    to disable none-zero election in future if needed.
    
    Reported-by: Linus Lüssing <linus.luessing@c0d3.blue>
    Reported-by: Sebastian Gottschall <s.gottschall@newmedia-net.de>
    Fixes: 5a2de63fd1a5 ("bridge: do not add port to router list when receives query with source 0.0.0.0")
    Fixes: 0fe5119e267f ("net: bridge: remove ipv6 zero address check in mcast queries")
    Signed-off-by: Hangbin Liu <liuhangbin@gmail.com>
    Acked-by: Nikolay Aleksandrov <nikolay@cumulusnetworks.com>
    Signed-off-by: David S. Miller <davem@davemloft.net>
    Signed-off-by: Greg Kroah-Hartman <gregkh@linuxfoundation.org>

commit c3cf86dac56dbacab38d27c072b492cbbe89f4f1
Author: Nikolay Aleksandrov <nikolay@cumulusnetworks.com>
Date:   Sat Oct 27 12:07:47 2018 +0300

    net: bridge: remove ipv6 zero address check in mcast queries
    
    commit 0fe5119e267f3e3d8ac206895f5922195ec55a8a upstream.
    
    Recently a check was added which prevents marking of routers with zero
    source address, but for IPv6 that cannot happen as the relevant RFCs
    actually forbid such packets:
    RFC 2710 (MLDv1):
    "To be valid, the Query message MUST
     come from a link-local IPv6 Source Address, be at least 24 octets
     long, and have a correct MLD checksum."
    
    Same goes for RFC 3810.
    
    And also it can be seen as a requirement in ipv6_mc_check_mld_query()
    which is used by the bridge to validate the message before processing
    it. Thus any queries with :: source address won't be processed anyway.
    So just remove the check for zero IPv6 source address from the query
    processing function.
    
    Fixes: 5a2de63fd1a5 ("bridge: do not add port to router list when receives query with source 0.0.0.0")
    Signed-off-by: Nikolay Aleksandrov <nikolay@cumulusnetworks.com>
    Signed-off-by: David S. Miller <davem@davemloft.net>
    Cc: Hangbin Liu <liuhangbin@gmail.com>
    Signed-off-by: Greg Kroah-Hartman <gregkh@linuxfoundation.org>
checking b6534b3e08e8e10e871b53ce5a1e9ce4bcb94907 ......
	 orig commit -> ffdf16edfbbe77f5f5c3c87fe8d7387ecd16241b ......
checking 2980235974cdb243b06d8eb9d12a3fce44f401a1 ......
	 orig commit -> da15fc2fa9c07b23db8f5e479bd8a9f0d741ca07 ......
checking ac7c2bb59870b8fd41c09502e73e72fcb63b85c3 ......
checking ee66ad5896aef9b67b7b1e3db6fa9430b907fa58 ......
	 orig commit -> f9a1c372299fed53d4b72bb601f7f3bfe6f9999c ......
checking e75194d294421704baf4c577e504cb9c92ec7ce2 ......
	 orig commit -> f9ffcb0a21e1fa8e64d09ed613d884e054ae8191 ......
checking cdb44bdafc3a846aa785102f65a26762fbe32037 ......
	 orig commit -> fcab5651fae4258a993170b7aaf443adbd3d4d84 ......
checking 871424f0c3cfcf51727cb56a0a5f1cbfc9e429c6 ......
	 orig commit -> 5663d8f9bbe4bf15488f7351efb61ea20fa6de06 ......
checking 3642e35447495208665e30ffbc2466a2a488b99e ......
	 orig commit -> d616f81cdd2a21edfa90a595a4e9b143f5ba8414 ......
checking bd6df7a19559f9b52049f97c3188a7d1544e16df ......
checking 3d69b85e14be7a6604a8820f80c1b712c65241d7 ......
	 orig commit -> ac081c3be3fae6d0cc3e1862507fca3862d30b67 ......
checking 5309191ec0496e58167421042d42263bd6e13dac ......
	 orig commit -> 3c718e677c2b35b449992adc36ecce883c467e98 ......
checking 1e4f8315a5c8e914fb6365c930b45fffd73b02cd ......
	 orig commit -> 78a55d05def95144ca5fa9a64c49b2a0636a9866 ......
checking ba4cf1eefd54fbeadf90cfe8236643bed5681548 ......
	 orig commit -> d79c3888bde6581da7ff9f9d6f581900ecb5e632 ......
checking 252869e5fb49b6397584d9dbe46b246bb1787ef3 ......
	 orig commit -> 647530924f47c93db472ee3cf43b7ef1425581b6 ......
checking f1d27ff6e027204e6bec8dd01153a196219d9d9b ......
	 orig commit -> 298bc15b2079c324e82d0a6fda39c3d762af7282 ......
		 298bc15b2079c324e82d0a6fda39c3d762af7282 has problem. Fixes commit -> 1a2391c30c0b9d041bc340f68df81d49c53546cc
checking 9a6d45700adf03085add4ab26bcdca6ee2487a05 ......
	 orig commit -> c479d5f2c2e1ce609da08c075054440d97ddff52 ......
checking 4fdaadbce403a7cb20ac0c9c3be260d0cf17177d ......
	 orig commit -> 05a2f54679861deb188750ba2a70187000b2c71f ......
checking c005e014fbc6391ed6f22b141865bf826bbc278d ......
	 orig commit -> eea96566c189c77e5272585984eb2729881a2f1d ......
checking 3c3bec81e267a6be198c540ea8d6f80e8f51b433 ......
	 orig commit -> 04f264d3a8b0eb25d378127bd78c3c9a0261c828 ......
checking b8f4d375cd1ebc1bb5fbb174a0237eff24dcbd68 ......
	 orig commit -> aa90f9f9554616d5738f7bedb4a8f0e5e14d1bc6 ......
checking 543f1084b67fb8ad62fc7398620e0ecd839594ea ......
	 orig commit -> 4f666675cdff0b986195413215eb062b7da6586f ......
checking 48f1b3b56ee4f936c105b550ca4357722d6460da ......
	 orig commit -> 56869d45e364244a721de34ce9c5dc9ed022779e ......
checking cbc38304947ea2e57440bb38b733613e3f003605 ......
	 orig commit -> 81a8b0799632627b587af31ecd06112397e4ec36 ......
checking 726f05951941cc88e91b25b98921182cfc8d45f7 ......
	 orig commit -> 571d0563c8881595f4ab027aef9ed1c55e3e7b7c ......
checking aa3aff5b469b7520932fa8816efb78a0eaf012d4 ......
	 orig commit -> 3bcd47726c3b744fd08781795cca905cc59a1382 ......
checking f72388e3670e870a32854058eff63d0021036457 ......
	 orig commit -> 6f7de19ed3d4d3526ca5eca428009f97cf969c2f ......
checking 3c92c7e96fc447f62d3a7b8f6d1e932388b0b8df ......
	 orig commit -> 597d74005ba85e87c256cd732128ebf7faf54247 ......
checking 5aa0d86363b2f89789619907dd6f886989eb1c4a ......
	 orig commit -> 09dd15e0d9547ca424de4043bcd429bab6f285c8 ......
checking 07e2121f4f2b8f6534a3dc42d67fd32403c6b65e ......
	 orig commit -> 9c2ddfe55c42bf4b9bc336a0650ab78f9222a159 ......
checking 672fdbd5966e8182a0afbc0b178f03bb133cad5a ......
	 orig commit -> 92397a6c38d139d50fabbe9e2dc09b61d53b2377 ......
checking 1bee5f3d9530c5e4153c017190994b9a6b3144b7 ......
	 orig commit -> 56f772279a762984f6e9ebbf24a7c829faba5712 ......
checking b9627a218e2b2a42b812499ccb5d92707482d5d0 ......
	 orig commit -> 47b998653fea4ef69e3e89574956386f262bccca ......
checking f18ed65d70f019aae09437e5b6a317d365571208 ......
	 orig commit -> 906d441febc0de974b2a6ef848a8f058f3bfada3 ......
checking f274c57f0479e860f40bad85b046967e3af04f40 ......
	 orig commit -> e988867fd774d00aeaf5d3c332032bf5b97a4147 ......
checking e6df57b60b86698cd2e3cc00cb773e06e96df604 ......
	 orig commit -> 43cbd64b1fdc1da89abdad88a022d9e87a98e9c6 ......
checking d29f27192a2d88d9255265b258abaeef1ee1726f ......
	 orig commit -> cb257783c2927b73614b20f915a91ff78aa6f3e8 ......
checking a0fcefb70022c7b39a873b16e36fca40eb354ec8 ......
	 orig commit -> 45c8184c1bed1ca8a7f02918552063a00b909bf5 ......
checking 9de255666ce3729cdd50e7defb649b82dbb538f6 ......
	 orig commit -> 1fbad3028664e114d210dc65d768947a3a553eaa ......
checking 3c0cff34e91e4ea1fdf74df65db98ee455190dfa ......
	 orig commit -> ba6b8de423f8d0dee48d6030288ed81c03ddf9f0 ......
checking db9d15988afb923b6e559c8aa3ef56d596f74524 ......
	 orig commit -> 92980756979a9c51be0275f395f4e89c42cf199a ......
checking c1fdafea627c843099518ebb5ec3fcc9396ae4a8 ......
	 orig commit -> cfb61b5e3e09f8b49bc4d685429df75f45127adc ......
checking 090246ff5f6c38b0219564d0d46ae52cac22e243 ......
	 orig commit -> ddd6f0e94d3153951580d5b88b9d97c7e26a0e00 ......
checking 7d768c84ec311468d7fd61250700ef8b21f8cf6d ......
	 orig commit -> 52fda36d63bfc8c8e8ae5eda8eb5ac6f52cd67ed ......
checking 8f041940aaf2674dcccd15753d68ff885f90d5e7 ......
	 orig commit -> 3995bbf53bd2047f2720c6fdd4bf38f6d942a0c0 ......
checking 5c097f55e980d5578bec4e5d99759ead834a6358 ......
	 orig commit -> 900631ee6a2651dc4fbaecb8ef9fa5f1e3378853 ......
checking b39ac54215190bc178ae7de799e74d327a3c1a33 ......
	 orig commit -> 4c9a27a6c66d4427f3cba4019d4ba738fe99fa87 ......
checking 579493b9f689910b49c071d0acdec43c4f447d65 ......
	 orig commit -> e7b169f34403becd3c9fd3b6e46614ab788f2187 ......
checking 6cfb67394a42072981c2884114b3850a3cdd5b2b ......
	 orig commit -> 0f0e8de334c54c38818a4a5390a39aa09deff5bf ......
checking a972222a6a3004df0ba6295d9ea14617dff0964a ......
	 orig commit -> 3a9910d7b686546dcc9986e790af17e148f1c888 ......
checking 651f11a83af35ea3c57d53dcb8a4a6640bb3fb5d ......
	 orig commit -> e279d634f3d57452eb106a0c0e99a6add3fba1a6 ......
checking 8b882dbba71768ff1d9a70e85488a9b5210f7b8f ......
	 orig commit -> 5df7af85ecd88e8b5f1f31d6456c3cf38a8bbdda ......
checking 8d9d7f018464129de99ba5c63e00866a3a88750c ......
	 orig commit -> 0231b1a074c672f8c00da00a57144072890d816b ......
checking 4fbd26a1484c5819208b87e54d35515fd678a140 ......
	 orig commit -> e16b4f99f0f79682a7efe191a8ce694d87ca9fc8 ......
checking aa2a0c23c9b7e6fb17db4c77cbe0967512f5d274 ......
	 orig commit -> c1e150ceb61e4a585bad156da15c33bfe89f5858 ......
checking 71a9d1240a30504af52fdd48995a3c9ef2cc467c ......
	 orig commit -> 6082d9c9c94a408d7409b5f2e4e42ac9e8b16d0d ......
		 6082d9c9c94a408d7409b5f2e4e42ac9e8b16d0d has problem. Fixes commit -> e3ca34880652250f524022ad89e516f8ba9a805b
commit fe54a7c4f0d1f313ea341ebd92d1f3ff9eb65007
Author: Saeed Mahameed <saeedm@mellanox.com>
Date:   Mon May 14 15:38:10 2018 -0700

    net/mlx5: Fix build break when CONFIG_SMP=n
    
    [ Upstream commit e3ca34880652250f524022ad89e516f8ba9a805b ]
    
    Avoid using the kernel's irq_descriptor and return IRQ vector affinity
    directly from the driver.
    
    This fixes the following build break when CONFIG_SMP=n
    
    include/linux/mlx5/driver.h: In function ‘mlx5_get_vector_affinity_hint’:
    include/linux/mlx5/driver.h:1299:13: error:
            ‘struct irq_desc’ has no member named ‘affinity_hint’
    
    Fixes: 6082d9c9c94a ("net/mlx5: Fix mlx5_get_vector_affinity function")
    Signed-off-by: Saeed Mahameed <saeedm@mellanox.com>
    CC: Randy Dunlap <rdunlap@infradead.org>
    CC: Guenter Roeck <linux@roeck-us.net>
    CC: Thomas Gleixner <tglx@linutronix.de>
    Tested-by: Israel Rukshin <israelr@mellanox.com>
    Reported-by: kbuild test robot <lkp@intel.com>
    Reported-by: Randy Dunlap <rdunlap@infradead.org>
    Tested-by: Randy Dunlap <rdunlap@infradead.org>
    Acked-by: Thomas Gleixner <tglx@linutronix.de>
    Tested-by: Guenter Roeck <linux@roeck-us.net>
    Signed-off-by: David S. Miller <davem@davemloft.net>
    Signed-off-by: Sasha Levin <sashal@kernel.org>
checking 049fee28bba39dcf1bcec5fa56fa2a8eefd2e853 ......
	 orig commit -> 686c97ee29c886ee07d17987d0059874c5c3b5af ......
checking 18addd960fe854df99727139040535e72addc6ea ......
	 orig commit -> 6b9f8970cd30929cb6b372fa44fa66da9e59c650 ......
checking 8c954368de6915c4dcbbceca279758ab654bad37 ......
	 orig commit -> 1f80bd6a6cc8358b81194e1f5fc16449947396ec ......
checking c750773f3942863a37e7415934a646a0da7b1040 ......
	 orig commit -> d18539754d97876503275efc7d00a1901bb0cfad ......
checking 3b6c6d9cbdea50aed8f6bf22575461d8009e3951 ......
	 orig commit -> 5468099c747240ed97dbb34340fece8ca87be34f ......
checking e37e383a4e6610b5a78111f88d2a74f2a533f78c ......
	 orig commit -> fb2a1748355161e050e9f49f1ea9a0ae707a148b ......
checking 18a83c0133928c5162c607a45fe541687adc03b1 ......
	 orig commit -> 5cd2d8fc6c6bca979ac5dd8ad0e41153f1f982f9 ......
checking 4187fbd60c3993ca4a26b20db218dd4023df841c ......
	 orig commit -> dfd4b08cf44f27587e2053e006e43a1603328006 ......
checking d1efab095c20ee5051d3273123d950da4e88361e ......
	 orig commit -> 4c59ff5a9a9c54cc26c807dc2fa6933f7e9fa4ef ......
checking f83f38fcf17fffd875f1f7f20213aaf4dfdbe5d0 ......
	 orig commit -> 69eb7765b9c6902444c89c54e7043242faf981e5 ......
checking d0539c56391d449603f7ff2bcddf38995df49749 ......
	 orig commit -> 0781168e23a2fc8dceb989f11fc5b39b3ccacc35 ......
checking ec4e9618d1fdc980b7018c698cccbc1bbcd6e3fc ......
	 orig commit -> 2c05d88818ab6571816b93edce4d53703870d7ae ......
checking 049b662eeaddf34fab850cc4023d8cc1a7709ef6 ......
	 orig commit -> 2d52527e80c2dc0c5f43f50adf183781262ec565 ......
checking 45894023bee9e2733083891650b03eaa2ce794a1 ......
	 orig commit -> e4a02ed2aaf447fa849e3254bfdb3b9b01e1e520 ......
checking a0ab962b674dd64a7bce9de8b5a108f4832d6139 ......
	 orig commit -> a07f388e2cde2be74b263f85df6f672fea0305a1 ......
checking 3095f0c98c6a2a3e279c801955efdd73ff54c76e ......
	 orig commit -> fe3a83af6a50199bf250fa331e94216912f79395 ......
checking 1837dbb25cc517d96d51e4c9e1e8bffd80e9b48c ......
	 orig commit -> 657ade07df72847f591ccdb36bd9b91ed0edbac3 ......
checking 784f8395895f7b7c56b3c1195c7ce0f0376085dc ......
	 orig commit -> d7cbbe49a9304520181fb8c9272d1327deec8453 ......
checking 40568f21f235aefb8755650f2a09797b3d297ec1 ......
	 orig commit -> 9d92cfeaf5215158d26d2991be7f7ff865cb98f3 ......
checking a18e2159c3ffcc8fe18155302d208adec443cd66 ......
	 orig commit -> cd6fb677ce7e460c25bdd66f689734102ec7d642 ......
checking ffc3cb561ecea45c95ba1690876c5e905eef3791 ......
	 orig commit -> a9f9772114c8b07ae75bcb3654bd017461248095 ......
checking 492a81318e8cf41f18ad6845152b54f4a3387556 ......
	 orig commit -> 1db58529454742f67ebd96e3588315e880b72837 ......
checking 35ffbd523797f58a3017906904a718db6035fc56 ......
	 orig commit -> c530c471ba37bdd9fe1c7185b01455c00ae606fb ......
checking 9e3a0366365bf82da3668d6e20cc753476fb9519 ......
	 orig commit -> 9c734b2769a73eea2e9e9767c0e0bf839ff23679 ......
checking 9eaabc0a77799b3563a5be757e551ae7463d2706 ......
	 orig commit -> f2750df1548bd8a2b060eb609fc43ca82811af4c ......
checking 4301fb3391eddf9c697bac653320749735d5a2a9 ......
	 orig commit -> c5cb93e994ffb43b7b3b1ff10b9f928f54574a36 ......
checking 9f0962c0f6f7126c0d407989e86daeb1317e0dda ......
	 orig commit -> eb9ad088f96653a26b340f7c447c44cf023d5cdc ......
checking a0fc063355300102c96ee8b9b9c460102a93a7c0 ......
	 orig commit -> 5ba6b4aa9a410c5e2c6417df52b5e2118ea9b467 ......
checking eef5935c2d7a349479c6992ddb60b2c4d9e17263 ......
	 orig commit -> c4ce446e33d7a0e978256ac6fea4c80e59d9de5f ......
checking 915670c48eb3d073ef8dc29a12db92cbde233195 ......
	 orig commit -> 1222a16014888ed9733c11e221730d4a8196222b ......
checking b93393d63d8f66135acc32a3ff8f3680f923aa08 ......
	 orig commit -> 77f2d753819b7d50c16abfb778caf1fe075faed0 ......
checking ee86b4d659c23f735c3162b0c9c461a2e6f07a8b ......
	 orig commit -> 1c492a9d55ba99079210ed901dd8a5423f980487 ......
checking 935d441968b1877707367cc7ac78b1822bf483fc ......
	 orig commit -> d3a315795b4ce8b105a64a90699103121bde04a8 ......
checking ab7998abfea24e59acd3d387e46760628f95ff28 ......
	 orig commit -> db803f36e56f23b5a2266807e190d1dc11554d54 ......
checking 76f86190774e9b1655cc53781311e065462f1fc4 ......
	 orig commit -> a898fba32229efd5e6b6154f83fa86a7145156b9 ......
checking 865741554925b7f53c1ccc01d38d3854dffbbcb3 ......
	 orig commit -> d85536cde91fcfed6fb8d983783bd2b92c843939 ......
checking 0f8a689c6a2f93cbbc16b0ff2003b3240241bdc5 ......
	 orig commit -> cb28c306b93b71f2741ce1a5a66289db26715f4d ......
checking db2a11e706bf59d60dbd250f19a383d102a92e69 ......
	 orig commit -> 28ef8b49a338dc1844e86b7954cfffc7dfa2660a ......
checking c7b66583c9edb63ab7613a6ff545367175f95125 ......
	 orig commit -> 30fe6d50eb088783c8729c7d930f65296b2b3fa7 ......
checking fa1578ec411d8cf9724166738fd41fc5b686e28e ......
	 orig commit -> 96fc74333f84cfdf8d434c6c07254e215e2aad00 ......
checking 795b13034224f1b82fc22d749f9226a8c97977d4 ......
	 orig commit -> 64e9e22e68512da8df3c9a7430f07621e48db3c2 ......
checking d9e742766c763db1e8ead9a9fbd7640232735ede ......
	 orig commit -> e1e5d8a9fe737d94ccc0ccbaf0c97f69a8f3e000 ......
checking a5bdfc6892b5f6c4d131c246771dc67a55460691 ......
	 orig commit -> 3ab97942d0213b6583a5408630a8cbbfbf54730f ......
checking 1241679ce248b13db2193ef04b942098fa85e3ec ......
	 orig commit -> 469ed9d823b7d240d6b9574f061ded7c3834c167 ......
checking 1157713407a691eb48b2d6abfda1bc87b0c3848d ......
	 orig commit -> a173f066c7cfc031acb8f541708041e009fc9812 ......
checking 26c6b9da7a001cf37e1b2029a33955cdc890d676 ......
	 orig commit -> 32bf94fb5c2ec4ec842152d0e5937cd4bb6738fa ......
checking 5d7bf7b4d022ba0f5a01f2fc2be352fad925a627 ......
	 orig commit -> 3a58ac65e2d7969bcdf1b6acb70fa4d12a88e53e ......
checking 73c6f86060703daf8b7aa72c51451a6339164915 ......
	 orig commit -> 9e1437937807b0122e8da1ca8765be2adca9aee6 ......
		 9e1437937807b0122e8da1ca8765be2adca9aee6 has problem. Fixes commit -> 533555e5cbb6aa2d77598917871ae5b579fe724b
commit bf2b044bc820cf1d6fa74ff77b09c33886a01568
Author: Wei Yongjun <weiyongjun1@huawei.com>
Date:   Sat Oct 27 06:12:06 2018 +0000

    xfrm: Fix error return code in xfrm_output_one()
    
    [ Upstream commit 533555e5cbb6aa2d77598917871ae5b579fe724b ]
    
    xfrm_output_one() does not return a error code when there is
    no dst_entry attached to the skb, it is still possible crash
    with a NULL pointer dereference in xfrm_output_resume(). Fix
    it by return error code -EHOSTUNREACH.
    
    Fixes: 9e1437937807 ("xfrm: Fix NULL pointer dereference when skb_dst_force clears the dst_entry.")
    Signed-off-by: Wei Yongjun <weiyongjun1@huawei.com>
    Signed-off-by: Steffen Klassert <steffen.klassert@secunet.com>
    Signed-off-by: Sasha Levin <sashal@kernel.org>
checking 35507aabf0e5e50525de25603328f09a7a629da5 ......
	 orig commit -> c42055105785580563535e6d3143cad95c7ac7ee ......
checking ebec37ed21a220b824f9ac8f467c81d0955b01ce ......
	 orig commit -> cb59bc14e830028d2244861216df038165d7625d ......
checking 9da59d2e283d424cd9c947b849fc819536bd0882 ......
	 orig commit -> 119f94a6fefcc76d47075b83d2b73d04c895df78 ......
checking 574be53ab82c3525236c8a3dd70f3dcaebd9e9aa ......
	 orig commit -> 6eae4a6c2be387fec41b0d2782c4fffb57159498 ......
checking d46c334f07f5f67cf0fc56a1e8dace1a97f8b908 ......
	 orig commit -> 24f33e64fcd0d50a4b1a8e5b41bd0257aa66b0e8 ......
checking b0be0d83fc6894337b807cbf66ee66e001caf89b ......
	 orig commit -> 8682250b3c1b75a45feb7452bc413d004cfe3778 ......
checking 64f38286c7be284f4eba70bff165269a65461183 ......
	 orig commit -> 782710e333a526780d65918d669cb96646983ba2 ......
checking a95d9004fbdedebb2e2550352808f0e8b1b0ae79 ......
	 orig commit -> bfc0698bebcb16d19ecfc89574ad4d696955e5d3 ......
checking 2a55e64d5c5e98e425f7eafd2c480440b4aa78c2 ......
	 orig commit -> 215ab0f021c9fea3c18b75e7d522400ee6a49990 ......
	 orig commit -> d6990976af7c5d8f55903bfb4289b6fb030bf754 ......
checking 3b5d512831af3a43303d1c3615a0a7d6c693bce9 ......
	 orig commit -> 07bf7908950a8b14e81aa1807e3c667eab39287a ......
