Check from v4.14.40 to v4.14.41
Commit count: 63
checking 3f07ecbec1518b1638f8227a5e1d0154c3b4826f ......
checking e8bbbd11e6376e102075378b97d2f0313129fbe3 ......
	 orig commit -> ecf08dad723d3e000aecff6c396f54772d124733 ......
checking 5138dd0db530548f3390098636e3e36cd7681eec ......
	 orig commit -> c3856aeb29402e94ad9b3879030165cc6a4fdc56 ......
checking 82e91e07e6546888ce479f9b10cfcdf55ec92967 ......
	 orig commit -> 46b1b577229a091b137831becaa0fae8690ee15a ......
checking 7093d5d0caa7a23301168a79be29b145c8b5b627 ......
	 orig commit -> 4411ec1d1993e8dbff2898390e3fed280d88e446 ......
checking 6467123872a1e457f1a97de80c21ba9232548970 ......
	 orig commit -> 06ce6e9b6d6c09d4129c6e24a1314a395d816c10 ......
checking 4e4bb64df800c0c896231cad030f5a0ff0206e92 ......
	 orig commit -> a5f81290ce475489fa2551c01a07470c1a4c932e ......
checking df2c71fb5c0413a5c65d5dcd39518af91d843f89 ......
	 orig commit -> ef9ee4ad38445a30909c48998624861716f2a994 ......
checking bd05324cdd3aaf5364f317d9f074b681127b2adf ......
	 orig commit -> 50268a3d266ecfdd6c5873d62b2758d9732fc598 ......
checking bb0b090d836a40c310be1ceb4402835157896c11 ......
	 orig commit -> 354d7793070611b4df5a79fbb0f12752d0ed0cc5 ......
checking f2a42c6bca67d1838f58dd69032be6cd7127e91d ......
	 orig commit -> 6e70c267e68d77679534dcf4aaf84e66f2cf1425 ......
checking 57e2ce8bbacebbfd1c3bd83ddd526207bd6e2c5a ......
	 orig commit -> 9abd68ef454c824bfd18629033367b4382b5f390 ......
checking db433f83a81fff62899fd11c0976bb0423f225ea ......
	 orig commit -> c8da6cdef57b459ac0fd5d9d348f8460a575ae90 ......
checking 33df2f8a8c87411a5857915d5b09f51180aef642 ......
	 orig commit -> 88fc6f73fddf64eb507b04f7b2bd01d7291db514 ......
checking 4aa9ef8a29ad2f26ebff93ca9a410d59b243a63d ......
	 orig commit -> fc54910280eb38bde923cdf0898e74687d8e6989 ......
checking 4fcd0333b21e44e48c110a454b0baf696cbfc326 ......
	 orig commit -> 596b07a9a22656493726edf1739569102bd3e136 ......
checking 9ddc1d27a9132f82b25e365278db51b1464bef3b ......
	 orig commit -> 544a591668813583021474fa5c7ff4942244d654 ......
checking 99e9acc27033495b0b4f6dd38125b217b611afdc ......
	 orig commit -> 97739501f207efe33145b918817f305b822987f8 ......
checking 64a03d3b240f1d3217ff426cbc7645a37c30f6cf ......
	 orig commit -> cfcadfaad7251d8b640713724b388164d75465b2 ......
checking 89d5c4eb810589fd43e91e14feb7cd1923dc3587 ......
	 orig commit -> 8feaec33b9868582654cd3d5355225dcb79aeca6 ......
checking e2023117b877dde94050b96e15948c0a44961a6d ......
	 orig commit -> 2be147f7459db5bbf292e0a6f135037b55e20b39 ......
checking cc21a603273c9992d0d84c3117cc0e7f88b74759 ......
	 orig commit -> acf784bd0ce257fe43da7ca266f7a10b837479d2 ......
checking 87aa17ca56b90869ca43a6e15d264490264deda9 ......
	 orig commit -> b5cb2e5a1f64d882a155add7522247ab0523051e ......
checking 969d4595f4a8254e10578c89f5cdf053baa30803 ......
	 orig commit -> f0b408eebc993310bea3f2daae286c40bd3f063b ......
checking 34a21b17abd63d8285a766ad0af0aee62a8a7a9e ......
	 orig commit -> 352672db857290ab5b0e2b6a99c414f92bee024c ......
checking b2e01797216d3ac13999286c512851c7de7ecfd2 ......
	 orig commit -> e8f48f96db7e482995743f461b3e8a5c1a102533 ......
checking 2b2b00374a54164c77af1a3a64f13d7afc57ee68 ......
	 orig commit -> 9a0e9802217291e54c4dd1fc5462f189a4be14ec ......
checking d2901e247b1097184927cc9d64d49c7c60ef249f ......
	 orig commit -> 32bee8f48fa048a3198109de50e51c092507ff52 ......
checking ad25cf42f4c7e5a626571bee5a4d2f45e5fa0453 ......
	 orig commit -> 5cec9425b41dcf834c3d48776900d6acb7e96f38 ......
checking d0ca84d74f9fa3385c9b2fc2eb9bf320d8fe23f0 ......
	 orig commit -> 6ee00865ffe4e8c8ba4a68d26db53c7ec09bbb89 ......
checking 4636b4e251127a727c1b3bbdad50e58b2ebf09fc ......
	 orig commit -> 3a15b38fd2efc1d648cb33186bf71e9138c93491 ......
checking 2270dfcc4b12d49c6d74394d245858ae882a8b79 ......
	 orig commit -> 27ae357fa82be5ab73b2ef8d39dcb8ca2563483a ......
checking 8ee7dabb311d6d723fc707a405bacec945a61a58 ......
	 orig commit -> 27227c733852f71008e9bf165950bb2edaed3a90 ......
checking 21fb6d8bc5044f1c118df5c5dc664851069f3fae ......
	 orig commit -> 6098d7e136692f9c6e23ae362c62ec822343e4d5 ......
checking 8999971292769c4f39cd6b0aa46df6973b588c3b ......
	 orig commit -> dc432c3d7f9bceb3de6f5b44fb9c657c9810ed6d ......
checking 586d02c1479f47483ca40dba463e4e5cbcd21241 ......
	 orig commit -> fc8cec113904a47396bf0a1afc62920d66319d36 ......
checking 3b93fff8f4527d7ccfed3c73b7a590aea3d4e8aa ......
	 orig commit -> 184add2ca23ce5edcac0ab9c3b9be13f91e7b567 ......
checking d1d5c31fc3a53d78532216f864cb1fc4f0c7c132 ......
	 orig commit -> 4bf01ca21e2e0e4561d1a03c48c3d740418702db ......
checking a7ea57b025b10e09751ab18602652085eeac296e ......
	 orig commit -> f001cc351ad3309ec8736c374e90e5a4bc472d41 ......
checking 28534d29479dd18a8c8a3e5b77ef3562a6166cdd ......
	 orig commit -> f241632fd087d3d9fbd5450f4d8c8604badd8348 ......
checking 0f40bb84e25e591e35741979c578ce931818308b ......
	 orig commit -> ab3dbcf78f60f46d6a0ad63b1f4b690b7a427140 ......
		 ab3dbcf78f60f46d6a0ad63b1f4b690b7a427140 has problem. Fixes commit -> 19a4fbffc94e41abaa2a623a25ce2641d69eccf0
commit 119bf9470be955060893fa1072b097053e8f48a1
Author: Ricardo Ribalda Delgado <ricardo.ribalda@gmail.com>
Date:   Thu Sep 13 15:37:04 2018 +0200

    gpiolib: Free the last requested descriptor
    
    commit 19a4fbffc94e41abaa2a623a25ce2641d69eccf0 upstream.
    
    The current code only frees N-1 gpios if an error occurs during
    gpiod_set_transitory, gpiod_direction_output or gpiod_direction_input.
    Leading to gpios that cannot be used by userspace nor other drivers.
    
    Cc: Timur Tabi <timur@codeaurora.org>
    Cc: stable@vger.kernel.org
    Fixes: ab3dbcf78f60f46d ("gpioib: do not free unrequested descriptors)
    Reported-by: Jan Lorenzen <jl@newtec.dk>
    Reported-by: Jim Paris <jim@jtan.com>
    Signed-off-by: Ricardo Ribalda Delgado <ricardo.ribalda@gmail.com>
    Signed-off-by: Linus Walleij <linus.walleij@linaro.org>
    Signed-off-by: Greg Kroah-Hartman <gregkh@linuxfoundation.org>
checking ef7c4825fe5fe9ed251bda8d4c04d47fe33c3afb ......
	 orig commit -> 0a0b98734479aa5b3c671d5190e86273372cab95 ......
checking 50ed0188af8d1a40397ff5223e54e243ab763cad ......
	 orig commit -> ece1397cbc89c51914fae1aec729539cfd8bd62b ......
checking ca0ecba3ddf3c81db6e0b082c8851fc1e4eb50a6 ......
	 orig commit -> debd574f4195e205ba505b25e19b2b797f4bcd94 ......
checking f768d0f981e614a6e2bd5da9c7613cb2908b875d ......
	 orig commit -> 61bd0f66ff92d5ce765ff9850fd3cbfec773c560 ......
checking c51eb7379dfaeedde0e467bd1d9a48eea78b7a1d ......
	 orig commit -> a8b48a4dccea77e29462e59f1dbf0d5aa1ff167c ......
checking 683b4520d07e4f2e22d5ccab96f67f87b18b98f1 ......
	 orig commit -> b8b784958eccbf8f51ebeee65282ca3fd59ea391 ......
checking 6b5a99167a79f9a24e96eb2b0342505826534007 ......
	 orig commit -> 8236b0ae31c837d2b3a2565c5f8d77f637e824cc ......
checking 8c12bd91b59746140466e03d53049ae0c1b3f858 ......
	 orig commit -> bf2acc943a45d2b2e8a9f1a5ddff6b6e43cc69d9 ......
checking 108cd022c59b551e0849489750ab26e3f28af07d ......
	 orig commit -> bfb3d7b8b906b66551424d7636182126e1d134c8 ......
checking 17ffa29c355658c8e9b19f56cbf0388500ca7905 ......
	 orig commit -> 4eaf431f6f71bbed40a4c733ffe93a7e8cedf9d9 ......
checking ac91ff2a5f12309dc90404042e3ad788fab3cfdb ......
	 orig commit -> b6a37e5e25414df4b8e9140a5c6f5ee0ec6f3b90 ......
checking 566804864cd98ea75c6792d9c4da015057980d66 ......
	 orig commit -> 3099a52918937ab86ec47038ad80d377ba16c531 ......
checking 154ff3e040157fe869a60f316ce56d9ba0e7468c ......
	 orig commit -> d0ea2b12500543535be3f54e17920fffc9bb45f6 ......
checking 09e45996b3e716693333b998f9fe77df8bc6de50 ......
	 orig commit -> b855ff827476adbdc2259e9895681d82b7b26065 ......
checking f9327803193a9cef1522ee5fd25711fcd67c1d04 ......
	 orig commit -> 77d36398d99f2565c0a8d43a86fd520a82e64bb8 ......
checking 5652aed1de29c6e977608effa94ce217f3b959e7 ......
	 orig commit -> b13dda9f9aa7caceeee61c080c2e544d5f5d85e5 ......
checking ced9763b911d66ab4da4a9edf2a8d3ce29238af8 ......
	 orig commit -> b1993a2de12c9e75c35729e2ffbc3a92d50c0d31 ......
checking bf2ecb934603cf56d6cdc6fb4b91c9fa942f8ca7 ......
	 orig commit -> 6091f09c2f79730d895149bcfe3d66140288cd0e ......
checking 1b6d0db7ed22902dee6cdbf253eed1fe46294abc ......
	 orig commit -> a466856e0b7ab269cdf9461886d007e88ff575b0 ......
checking 19042316b9e12c93bf334a04d4dd7a4e846c7311 ......
	 orig commit -> dff8baa261174de689a44572d0ea182d7aa70598 ......
checking 725f5ae1a6953143101c4e4b963bb5221aa5c466 ......
	 orig commit -> 3f1e53abff84cf40b1adb3455d480dd295bf42e8 ......
checking 88c43b469db5d4c39fba20c293b44cbe78b66e3a ......
	 orig commit -> 5c64576a77894a50be80be0024bed27171b55989 ......
