Check from v4.14.106 to v4.14.107
Commit count: 35
checking 5726a8d0f1958af80ad8e514bc2c18d213e739b7 ......
checking b384efc1fbb944255c096b9372162de4b4c2ceb7 ......
	 orig commit -> 7fbe078c37aba3088359c9256c1a1d0c3e39ee81 ......
checking c9794e6820ad92bc0fa47ac6a99f63f6bb477225 ......
	 orig commit -> b761dcf1217760a42f7897c31dcb649f59b2333e ......
checking 94b2a2c534f5a01fb8e93857cf376528c599502c ......
	 orig commit -> c634dc6bdedeb0b2c750fc611612618a85639ab2 ......
checking 2a003d3333f2cb41ced9183506397ccb6a0571eb ......
	 orig commit -> ede271b059463731cbd6dffe55ffd70d7dbe8392 ......
checking 34cdfe7845089d2762f7439825e582887994ecf5 ......
	 orig commit -> f97a0944a72b26a2bece72516294e112a890f98a ......
checking 18d48bd413830eb2df22d06d0573f499185d935c ......
	 orig commit -> 7dc661bd8d3261053b69e4e2d0050cd1ee540fc1 ......
checking 578aa457dad7831a420592890141cd6de6465006 ......
	 orig commit -> f764c58b7faa26f5714e6907f892abc2bc0de4f8 ......
checking ddcc3253f8dd3dae3b131e319fe8217a687a2cd2 ......
	 orig commit -> 7cc9f7003a969d359f608ebb701d42cafe75b84a ......
checking 727a261969faaaa47262329dad10816188c75a6b ......
	 orig commit -> ae3b564179bfd06f32d051b9e5d72ce4b2a07c37 ......
checking 6c338fafab643efe92229caf9a4d301d92ff9fd1 ......
	 orig commit -> 3c963a3306eada999be5ebf4f293dfa3d3945487 ......
checking b3dc5b185072520422e26d8bd1a65203f0713a61 ......
	 orig commit -> 97f0082a0592212fc15d4680f5a4d80f79a1687c ......
checking 07c2216c3783daca34ea0d86affb9dfc5346f183 ......
	 orig commit -> 6ff7b060535e87c2ae14dd8548512abfdda528fb ......
checking 64a6e35ac51036d309fbcc003e4daae672fb5849 ......
	 orig commit -> 797a22bd5298c2674d927893f46cadf619dad11d ......
checking 048d7079926598a0ab94582f86b1ef46954ed8ec ......
	 orig commit -> 8511a653e9250ef36b95803c375a7be0e2edb628 ......
checking 3d31f62c115e55178d7903a202d1f967c0b7531f ......
	 orig commit -> c07d27927f2f2e96fcd27bb9fb330c9ea65612d0 ......
checking 22768ca28f896276db1519bd5cf384dcd3cd0db2 ......
	 orig commit -> e15ce4b8d11227007577e6dc1364d288b8874fbe ......
checking 06c7cd5b40e1fd95f3f6303aa5a505d9bb68c1bb ......
	 orig commit -> 59cbf56fcd98ba2a715b6e97c4e43f773f956393 ......
checking 1ed2291ca6e2782d507f316abcbcb279828dcab7 ......
	 orig commit -> ad6c9986bcb627c7c22b8f9e9a934becc27df87c ......
checking bb73b637993bd77087c0f3e56e86a040f230e435 ......
	 orig commit -> 9d3e1368bb45893a75a5dfb7cd21fdebfa6b47af ......
checking d51c4c0c1fbc338d1b756d9d9d1ba438534546cd ......
	 orig commit -> f2feaefdabb0a6253aa020f65e7388f07a9ed47c ......
checking a63c7fca080e9bdd3368c9c4ab573c01d03f1332 ......
	 orig commit -> 69ffaebb90369ce08657b5aea4896777b9d6e8fc ......
checking 68588407399ab282872f7d9e85c79a6def785214 ......
	 orig commit -> ee60ad219f5c7c4fb2f047f88037770063ef785f ......
checking 1a443e2d40e6e278c8f468b835c7f3e21904aa7a ......
	 orig commit -> ae9819e339b451da7a86ab6fe38ecfcb6814e78a ......
checking eff9b85fe90978a740f053e95441ee937463f25e ......
	 orig commit -> 9417d81f4f8adfe20a12dd1fadf73a618cbd945d ......
checking 91820c10ea6149c9af32be20d7cfda3375ab6529 ......
	 orig commit -> ee74d0bd4325efb41e38affe5955f920ed973f23 ......
checking ffd4228bdf861b3a206738854f171eef85093c54 ......
	 orig commit -> 95d6ebd53c79522bf9502dbc7e89e0d63f94dae4 ......
		 95d6ebd53c79522bf9502dbc7e89e0d63f94dae4 has problem. Fixes commit -> ee74d0bd4325efb41e38affe5955f920ed973f23
commit 91820c10ea6149c9af32be20d7cfda3375ab6529
Author: Eric Dumazet <edumazet@google.com>
Date:   Mon Mar 11 13:48:44 2019 -0700

    net/x25: reset state in x25_connect()
    
    [ Upstream commit ee74d0bd4325efb41e38affe5955f920ed973f23 ]
    
    In case x25_connect() fails and frees the socket neighbour,
    we also need to undo the change done to x25->state.
    
    Before my last bug fix, we had use-after-free so this
    patch fixes a latent bug.
    
    syzbot report :
    
    kasan: CONFIG_KASAN_INLINE enabled
    kasan: GPF could be caused by NULL-ptr deref or user memory access
    general protection fault: 0000 [#1] PREEMPT SMP KASAN
    CPU: 1 PID: 16137 Comm: syz-executor.1 Not tainted 5.0.0+ #117
    Hardware name: Google Google Compute Engine/Google Compute Engine, BIOS Google 01/01/2011
    RIP: 0010:x25_write_internal+0x1e8/0xdf0 net/x25/x25_subr.c:173
    Code: 00 40 88 b5 e0 fe ff ff 0f 85 01 0b 00 00 48 8b 8b 80 04 00 00 48 ba 00 00 00 00 00 fc ff df 48 8d 79 1c 48 89 fe 48 c1 ee 03 <0f> b6 34 16 48 89 fa 83 e2 07 83 c2 03 40 38 f2 7c 09 40 84 f6 0f
    RSP: 0018:ffff888076717a08 EFLAGS: 00010207
    RAX: ffff88805f2f2292 RBX: ffff8880a0ae6000 RCX: 0000000000000000
    kobject: 'loop5' (0000000018d0d0ee): kobject_uevent_env
    RDX: dffffc0000000000 RSI: 0000000000000003 RDI: 000000000000001c
    RBP: ffff888076717b40 R08: ffff8880950e0580 R09: ffffed100be5e46d
    R10: ffffed100be5e46c R11: ffff88805f2f2363 R12: ffff888065579840
    kobject: 'loop5' (0000000018d0d0ee): fill_kobj_path: path = '/devices/virtual/block/loop5'
    R13: 1ffff1100ece2f47 R14: 0000000000000013 R15: 0000000000000013
    FS:  00007fb88cf43700(0000) GS:ffff8880ae900000(0000) knlGS:0000000000000000
    CS:  0010 DS: 0000 ES: 0000 CR0: 0000000080050033
    CR2: 00007f9a42a41028 CR3: 0000000087a67000 CR4: 00000000001406e0
    DR0: 0000000000000000 DR1: 0000000000000000 DR2: 0000000000000000
    DR3: 0000000000000000 DR6: 00000000fffe0ff0 DR7: 0000000000000400
    Call Trace:
     x25_release+0xd0/0x340 net/x25/af_x25.c:658
     __sock_release+0xd3/0x2b0 net/socket.c:579
     sock_close+0x1b/0x30 net/socket.c:1162
     __fput+0x2df/0x8d0 fs/file_table.c:278
     ____fput+0x16/0x20 fs/file_table.c:309
     task_work_run+0x14a/0x1c0 kernel/task_work.c:113
     get_signal+0x1961/0x1d50 kernel/signal.c:2388
     do_signal+0x87/0x1940 arch/x86/kernel/signal.c:816
     exit_to_usermode_loop+0x244/0x2c0 arch/x86/entry/common.c:162
     prepare_exit_to_usermode arch/x86/entry/common.c:197 [inline]
     syscall_return_slowpath arch/x86/entry/common.c:268 [inline]
     do_syscall_64+0x52d/0x610 arch/x86/entry/common.c:293
     entry_SYSCALL_64_after_hwframe+0x49/0xbe
    RIP: 0033:0x457f29
    Code: ad b8 fb ff c3 66 2e 0f 1f 84 00 00 00 00 00 66 90 48 89 f8 48 89 f7 48 89 d6 48 89 ca 4d 89 c2 4d 89 c8 4c 8b 4c 24 08 0f 05 <48> 3d 01 f0 ff ff 0f 83 7b b8 fb ff c3 66 2e 0f 1f 84 00 00 00 00
    RSP: 002b:00007fb88cf42c78 EFLAGS: 00000246 ORIG_RAX: 000000000000002a
    RAX: fffffffffffffe00 RBX: 0000000000000003 RCX: 0000000000457f29
    RDX: 0000000000000012 RSI: 0000000020000080 RDI: 0000000000000004
    RBP: 000000000073bf00 R08: 0000000000000000 R09: 0000000000000000
    R10: 0000000000000000 R11: 0000000000000246 R12: 00007fb88cf436d4
    R13: 00000000004be462 R14: 00000000004cec98 R15: 00000000ffffffff
    Modules linked in:
    
    Fixes: 95d6ebd53c79 ("net/x25: fix use-after-free in x25_device_event()")
    Signed-off-by: Eric Dumazet <edumazet@google.com>
    Cc: andrew hendry <andrew.hendry@gmail.com>
    Reported-by: syzbot <syzkaller@googlegroups.com>
    Signed-off-by: David S. Miller <davem@davemloft.net>
    Signed-off-by: Greg Kroah-Hartman <gregkh@linuxfoundation.org>
checking a68ac22fc4366b37d9271a5300da59bfeb448cd3 ......
	 orig commit -> a843dc4ebaecd15fca1f4d35a97210f72ea1473b ......
checking 60001460c89d2c92fe53e8b1865a1ddec7fb01eb ......
	 orig commit -> 1e027960edfaa6a43f9ca31081729b716598112b ......
checking 1aa1e0a3f6dde5c37bb5d6a9121847b95b255c1f ......
	 orig commit -> 6caabe7f197d3466d238f70915d65301f1716626 ......
checking af6822a7915acf7eacd84cabf4a1c9013345aed0 ......
	 orig commit -> 163d1c3d6f17556ed3c340d3789ea93be95d6c28 ......
checking c8c6b846249b8cfe825d86e71df9cbbea0d9c01c ......
	 orig commit -> 22c74764aa2943ecdf9f07c900d8a9c8ba6c9265 ......
checking 136e109797f3e9e61076a401eb1353362be592b4 ......
	 orig commit -> 2a5ff07a0eb945f291e361aa6f6becca8340ba46 ......
checking 1ce1eb5fb1daa64eba1dc1d58b13fb3b327be8ed ......
	 orig commit -> 44df1afdb174fd6038e419f80efd914c0b5f2f85 ......
checking 785eb09ceb61a9c7d2a6c72e033bef04a89f1778 ......
	 orig commit -> 8b23570ab001c1982c8a068cde468ff067255314 ......
