Check from v4.14.115 to v4.14.116
Commit count: 50
checking 6d1510d86ef67e5fadb8038671e2ec43416daf7f ......
checking 464f7643bbcfb383a3a5436c58eb5c512e791c51 ......
	 orig commit -> 0aab8e4df4702b31314a27ec4b0631dfad0fae0a ......
checking fd76b2d5045f0a23e4fa2199500af326e5a1081c ......
	 orig commit -> fcfc2aa0185f4a731d05a21e9f359968fdfd02e7 ......
checking 0af211ec4928af9a01a1b0c81e999e00cd728706 ......
	 orig commit -> 8aafaaf2212192012f5bae305bb31cdf7681d777 ......
checking 03f9b44775f88a4b916f87fb9be6c6055e4647b9 ......
	 orig commit -> 9c38f1f044080392603c497ecca4d7d09876ff99 ......
checking d23be337c71d9951d754c31f7c680a148535ea11 ......
	 orig commit -> f7299d441a4da8a5088e651ea55023525a793a13 ......
checking 6a56dc1e2087e013446e69f5a4879575036eb995 ......
	 orig commit -> dd08a8d9a66de4b54575c294a92630299f7e0fe7 ......
checking 790d908cbdeea0bd711ffb25ba03a522fcbcd195 ......
	 orig commit -> c8206579175c34a2546de8a74262456278a7795a ......
checking 9b0d0e776dae15f613549ae6dcf0e097705c84df ......
	 orig commit -> daf5cc27eed99afdea8d96e71b89ba41f5406ef6 ......
checking cbce4a687c47514c5221a3506a69b83078e6a413 ......
	 orig commit -> f276e002793cdb820862e8ea8f76769d56bba575 ......
checking 085df4a0edb58e5dfe6a661a5dcc5e0e3cfbf4c1 ......
	 orig commit -> 41f00e6e9e55546390031996b773e7f3c1d95928 ......
checking 5d429f762470c15b7bc2d5b3f3bb2e5bb41c22d6 ......
	 orig commit -> fba1bdd2a9a93f3e2181ec1936a3c2f6b37e7ed6 ......
checking 12ec9f9267db6de43c524a5be7291f4863e4181d ......
	 orig commit -> 2d8f92897ad816f5dda54b2ed2fd9f2d7cb1abde ......
checking afc0ca59516b928d7efa6a416ee9d4b1bb52ef1e ......
	 orig commit -> 776e78677f514ecddd12dba48b9040958999bd5a ......
checking ecb44816ba352d9bcf8e0d814d452cbbe45f8bfb ......
	 orig commit -> 6cf4511e9729c00a7306cf94085f9cc3c52ee723 ......
checking 6d18191c3eb53d25e2df7e46a86c3964efdb0394 ......
	 orig commit -> 75eac7b5f68b0a0671e795ac636457ee27cc11d8 ......
checking 0f45a8b6c9cec97e42df825a2050d6c32c50e248 ......
	 orig commit -> be693df3cf9dd113ff1d2c0d8150199efdba37f6 ......
checking 709606ec20c9144c44b49cf5a1d4b91710a22e95 ......
	 orig commit -> fa3a419d2f674b431d38748cb58fb7da17ee8949 ......
checking b341405561703aaadd50d88cad873a9d287e8a48 ......
	 orig commit -> 5a698243930c441afccec04e4d5dc8febfd2b775 ......
checking d4644c90586bfcdac2800fe4e9a94b5cd35996c7 ......
	 orig commit -> 41b37f4c0fa67185691bcbd30201cad566f2f0d1 ......
checking d2e7387e5128e2182a90e82ff36a5dab4cd0c1bc ......
	 orig commit -> fe384e2fa36ca084a456fd30558cccc75b4b3fbd ......
checking 670588f2eb0f9f8ada16d834935bd535c31f482b ......
	 orig commit -> cd5afa91f078c0787be0a62b5ef90301c00b0271 ......
checking d1e7cfba1e8952b4d7f03d7acb14822c29f743e5 ......
	 orig commit -> 6a8ca24590a2136921439b376c926c11a6effc0e ......
checking 9db1d06bd4ada8ffd0605cc31daca8f410aa7548 ......
	 orig commit -> 22c971db7dd4b0ad8dd88e99c407f7a1f4231a2e ......
checking 726d8583abf43495475f5e95189bdeb28c57e015 ......
	 orig commit -> d70d70aec9632679dd00dcc1b1e8b2517e2c7da0 ......
checking 6849e040a935a09fdfee55c7f9fe12609921c489 ......
	 orig commit -> 7671ce0d92933762f469266daf43bd34d422d58c ......
checking b6ca8ec8bb742625e8b2e19e1fcbb3936a543cef ......
	 orig commit -> 9624bafa5f6418b9ca5b3f66d1f6a6a2e8bf6d4c ......
checking 64e8347986d0962dfbb335c5a6754bb261c69aa9 ......
	 orig commit -> d268f31552794abf5b6aa5af31021643411f25f5 ......
checking 79b7bb03cd4675bc7383420c15281cecf5fb6466 ......
	 orig commit -> 761cfa979a0c177d6c2d93ef5585cd79ae49a7d5 ......
checking fce7c596c8bd726c07c09008134fa1ea9baceea1 ......
	 orig commit -> 536d3680fd2dab5c39857d62a3e084198fc74ff9 ......
checking a4ab77747e79a39c09a10f16a004453bce095e89 ......
	 orig commit -> 032f85c9360fb1a08385c584c2c4ed114b33c260 ......
checking 5aedac453b9bb16a00087cc6cd6f2138c8366f37 ......
	 orig commit -> 091dacc3cc10979ab0422f0a9f7fcc27eee97e69 ......
checking 12d9d2e9ce986f89d86686559d29ac4a3fba674a ......
	 orig commit -> f1d3fba17cd4eeea20397f1324b7b9c69a6a935c ......
checking c276c78434bf90202df2072dd4ca3649dee84b2f ......
	 orig commit -> 9d6a54c1430647355a5e23434881b2ca3d192b48 ......
checking 423ad0b9b095a23e3cde27f2e79e6835e134968e ......
	 orig commit -> 7494cec6cb3ba7385a6a223b81906384f15aae34 ......
checking 10a0ba2fd42e0d5061dbee62b4a5a66ee8267173 ......
	 orig commit -> 72ff51d8dd262d1fef25baedc2ac35116435be47 ......
checking 707615f47db3e240158abe732ef4f99e01c2a91f ......
	 orig commit -> ac0cdb3d990108df795b676cd0d0e65ac34b2273 ......
		 ac0cdb3d990108df795b676cd0d0e65ac34b2273 has problem. Fixes commit -> e00164a0f000de893944981f41a568c981aca658
checking ae35822a3ee0f9e2e86a8e878084eca7c08fa1e2 ......
	 orig commit -> 7221b727f0079a32aca91f657141e1de564d4b97 ......
checking 208decebe101968ea9a9069b32c3f9883ac2298f ......
	 orig commit -> e166e4fdaced850bee3d5ee12a5740258fb30587 ......
checking fdad255b70c1132da2ba4fe56a625203f2794579 ......
	 orig commit -> 05b7639da55f5555b9866a1f4b7e8995232a6323 ......
checking 74a9e727ea1b294330f4cd65b290c79e43fbe46d ......
	 orig commit -> 5bf7295fe34a5251b1d241b9736af4697b590670 ......
checking 3b2c5114a6c3017ac44bd9caf6211c825d701a1c ......
	 orig commit -> cd479eccd2e057116d504852814402a1e68ead80 ......
checking 93c2b843ca2c97ee04a2c404f8562cffae4419f6 ......
	 orig commit -> 544e784188f1dd7c797c70b213385e67d92005b6 ......
checking c88a0aa7ace7eb10dca42be59f21e2cbd263575e ......
	 orig commit -> 15fab63e1e57be9fdb5eec1bbc5916e9825e9acb ......
checking 04198de24771f6aaf6374979db64403101d809df ......
	 orig commit -> 8fde12ca79aff9b5ba951fce1a2641901b8d8e64 ......
checking 2a280d881726795ae490dc45bcaa9f6d4bf43741 ......
	 orig commit -> 88b1a17dfc3ed7728316478fae0f5ad508f50397 ......
checking 94d99a2355e32ba8eae7bdfdf861f90286634cd9 ......
	 orig commit -> f958d7b528b1b40c44cfda5eabe2d82760d868c3 ......
checking b41449d9be2103c15c22b988d10b6303fdadebd3 ......
	 orig commit -> 61c59355e0154a938b28710dfa6c1d8be2ddcefa ......
checking f5bca75dc46701f4c0d1dcbaae401233ae7ff06b ......
	 orig commit -> bb1b40c7cb863f0800a6410c7dcb86cf3f28d3b1 ......
		 bb1b40c7cb863f0800a6410c7dcb86cf3f28d3b1 has problem. Fixes commit -> 61c59355e0154a938b28710dfa6c1d8be2ddcefa
commit b41449d9be2103c15c22b988d10b6303fdadebd3
Author: Gustavo A. R. Silva <garsilva@embeddedor.com>
Date:   Fri Nov 17 14:02:09 2017 -0600

    usbnet: ipheth: fix potential null pointer dereference in ipheth_carrier_set
    
    commit 61c59355e0154a938b28710dfa6c1d8be2ddcefa upstream.
    
    _dev_ is being dereferenced before it is null checked, hence there
    is a potential null pointer dereference.
    
    Fix this by moving the pointer dereference after _dev_ has been null
    checked.
    
    Addresses-Coverity-ID: 1462020
    Fixes: bb1b40c7cb86 ("usbnet: ipheth: prevent TX queue timeouts when device not ready")
    Signed-off-by: Gustavo A. R. Silva <garsilva@embeddedor.com>
    Signed-off-by: David S. Miller <davem@davemloft.net>
    Signed-off-by: Guenter Roeck <linux@roeck-us.net>
    Signed-off-by: Greg Kroah-Hartman <gregkh@linuxfoundation.org>
checking 760f8522ce08a24abac3208290f93fe3fffc0d6c ......
	 orig commit -> dfbd199a7cfe3e3cd8531e1353cdbd7175bfbc5e ......
