Check from v4.14.1 to v4.14.2
Commit count: 20
checking f9f0b03dedc19a6363a305d119efcb48667a3027 ......
checking 8d8564fce80dfafa8e90c345161aff734d9730cd ......
	 orig commit -> 7e030d6dff713250c7dcfb543cad2addaf479b0e ......
		 7e030d6dff713250c7dcfb543cad2addaf479b0e has problem. Fixes commit -> c0a32fe13cd323ca9420500b16fd69589c9ba91e
commit c97e41076a298dbc4e910c33048e553658388eed
Author: Colin Ian King <colin.king@canonical.com>
Date:   Tue Oct 17 16:54:52 2017 +0100

    ipmi_si: fix memory leak on new_smi
    
    
    [ Upstream commit c0a32fe13cd323ca9420500b16fd69589c9ba91e ]
    
    The error exit path omits kfree'ing the allocated new_smi, causing a memory
    leak.  Fix this by kfree'ing new_smi.
    
    Detected by CoverityScan, CID#14582571 ("Resource Leak")
    
    Fixes: 7e030d6dff71 ("ipmi: Prefer ACPI system interfaces over SMBIOS ones")
    Signed-off-by: Colin Ian King <colin.king@canonical.com>
    Signed-off-by: Corey Minyard <cminyard@mvista.com>
    Signed-off-by: Sasha Levin <alexander.levin@verizon.com>
    Signed-off-by: Greg Kroah-Hartman <gregkh@linuxfoundation.org>
checking 71d3850bf1e9458ed6a6119abe084e253128dee5 ......
	 orig commit -> d337b66a4c52c7b04eec661d86c2ef6e168965a2 ......
checking cb58b8f8a8d7d874690c7530b320a5c90bf0f471 ......
	 orig commit -> e492080e640c2d1235ddf3441cae634cfffef7e1 ......
checking 5a77c92fa1403812ea5b85ad7b7a5091db1c493b ......
	 orig commit -> d135e5750205a21a212a19dbb05aeb339e2cbea7 ......
checking 3a46857604044d129dd7ac35f913c50627d37c4e ......
	 orig commit -> 392a17b10ec4320d3c0e96e2a23ebaad1123b989 ......
checking 44ec0aecc73dc3959bdbb6fa733c69dc0bb633f4 ......
	 orig commit -> 28f5a8a7c033cbf3e32277f4cc9c6afd74f05300 ......
checking e250a1993727dbe4b10831ca8ddf30745b3d545a ......
	 orig commit -> 1c01967116a678fed8e2c68a6ab82abc8effeddc ......
checking bbce81fc966f59421e5f54c4bd3d3a4670f45e33 ......
	 orig commit -> 373c4557d2aa362702c4c2d41288fb1e54990b7c ......
checking 3594216fc6cf25636109c70208d51e1250102b32 ......
	 orig commit -> 135bd1a230bb69a68c9808a7d25467318900b80a ......
checking a371abb25a16029932fde51eb4b12420421f96da ......
	 orig commit -> ee70bc1e7b63ac8023c9ff9475d8741e397316e7 ......
checking 432a1a50d364e49d3b15a6ec412cb04c4d9bf108 ......
	 orig commit -> fd97e66c5529046e989a0879c3bb58fddb592c71 ......
checking c75289a7b774d369263cef27c4e5aaf7ed59400a ......
	 orig commit -> 2a71de2f7366fb1aec632116d0549ec56d6a3940 ......
checking 87eb84b9a0d1df942dd1676d16bb2b615e480d18 ......
	 orig commit -> 020aae3ee58c1af0e7ffc4e2cc9fe4dc630338cb ......
checking 8d028694813201787efd5086352fb051bfa35790 ......
	 orig commit -> 7c8a61d9ee1df0fb4747879fa67a99614eb62fec ......
checking 7b6868743d7e0bdf1c2f41e5256fdf2e3d33b962 ......
	 orig commit -> cc54c1d32e6a4bb3f116721abf900513173e4d02 ......
checking 060dd7a476314ac393a51cf78e78957cdef0b43a ......
	 orig commit -> 6314dab4b8fb8493d810e175cb340376052c69b6 ......
checking 829af2cd8a2ca21d0d5bc7cb46988c0a6e612f5b ......
	 orig commit -> 8bff3685a4bbf175a96bc6a528f13455d8d38244 ......
checking 5856c858c6eaa9a4ba2100a9c7f1748be5614546 ......
	 orig commit -> 0642840b8bb008528dbdf929cec9f65ac4231ad0 ......
checking 5d62da3a8e2aa3a056d6f7a9cc75a93a221f11b4 ......
	 orig commit -> 62530ed8b1d07a45dec94d46e521c0c6c2d476e6 ......
