Check from v4.14.24 to v4.14.25
Commit count: 111
checking 8773f9bfa9e82c9311a58e82dcfc4f3470946a12 ......
checking df11c2268c39f6885a9b2caef02a8aac588abb19 ......
	 orig commit -> b4b591c87f2b0f4ebaf3a68d4f13873b241aa584 ......
checking 9474d8fa7ac486e54fbba0fd1f04f907c9a4885a ......
	 orig commit -> 39772f0a7be3b3dc26c74ea13fe7847fd1522c8b ......
checking 4df591f704a2bebb0ebd7b1593208ab7169857f2 ......
	 orig commit -> 74402055a2d3ec998a1ded599e86185a27d9bbf4 ......
checking 2b8446579c1bbde6310b3a9ed7f5c4b1147466e1 ......
	 orig commit -> 84c7efd607e7fb6933920322086db64654f669b2 ......
checking b2190cc3918443604730dfe3c7b16f684c3ff72f ......
	 orig commit -> 36904703aeeeb6cd31993f1353c8325006229f9a ......
checking b95f8ca8d71987199de1f072fd11fa562150489c ......
	 orig commit -> 103c763c72dd2df3e8c91f2d7ec88f98ed391111 ......
checking 615462370ab6c9a22d033ecf4ac3d005274701a6 ......
	 orig commit -> 37b95951c58fdf08dc10afa9d02066ed9f176fb5 ......
checking db98acd6f85981850c761865ea3152d74cdb6035 ......
	 orig commit -> ee8bdfb6568d86bb93f55f8d99c4c643e77304ee ......
checking b4830f3ad9c5e2bb9fd9782c88fd7584556ddc8d ......
	 orig commit -> b7e31be385584afe7f073130e8e570d53c95f7fe ......
checking 1f17daea70264051c084dcca757e67c8e0288fa0 ......
	 orig commit -> 946fbbc13dce68902f64515b610eeb2a6c3d7a64 ......
checking 03d62460c7314704b4903aa38f07e05f540c0ec7 ......
	 orig commit -> 0b2e9904c15963e715d33e5f3f1387f17d19333a ......
		 0b2e9904c15963e715d33e5f3f1387f17d19333a has problem. Fixes commit -> b7e31be385584afe7f073130e8e570d53c95f7fe
commit b4830f3ad9c5e2bb9fd9782c88fd7584556ddc8d
Author: Radim Krčmář <rkrcmar@redhat.com>
Date:   Thu Mar 1 15:24:25 2018 +0100

    KVM: x86: fix vcpu initialization with userspace lapic
    
    commit b7e31be385584afe7f073130e8e570d53c95f7fe upstream.
    
    Moving the code around broke this rare configuration.
    Use this opportunity to finally call lapic reset from vcpu reset.
    
    Reported-by: syzbot+fb7a33a4b6c35007a72b@syzkaller.appspotmail.com
    Suggested-by: Paolo Bonzini <pbonzini@redhat.com>
    Fixes: 0b2e9904c159 ("KVM: x86: move LAPIC initialization after VMCS creation")
    Cc: stable@vger.kernel.org
    Signed-off-by: Radim Krčmář <rkrcmar@redhat.com>
    Signed-off-by: Greg Kroah-Hartman <gregkh@linuxfoundation.org>
checking 0d62a56dc454699790a43a57ffa4258ff909b3f5 ......
	 orig commit -> ecb586bd29c99fb4de599dec388658e74388daad ......
checking 7135aaf3ed637b298e7df848095ea53f24c1a8f8 ......
	 orig commit -> b28676bb8ae4569cced423dc2a88f7cb319d5379 ......
checking 1ebf9ab6c4a00317933f527b5765b44c5504b912 ......
	 orig commit -> 95e057e25892eaa48cad1e2d637b80d0f1a4fac5 ......
checking f925158cb0d28689e2fe75788b08a8a81cd9e3a3 ......
	 orig commit -> 9b8ebbdb74b5ad76b9dfd8b101af17839174b126 ......
checking e0c7b2b16666820bbc88623322d52d7cf725ac03 ......
	 orig commit -> 67870eb1204223598ea6d8a4467b482e9f5875b5 ......
checking fc6be8bc1216e111a6003bcbbb6eaff32d2bd34e ......
	 orig commit -> 8aa36a8dcde3183d84db7b0d622ffddcebb61077 ......
checking 4c02f0164b0ea69834976cc6578591b99a06dca4 ......
	 orig commit -> 5ce0bad4ccd04c8a989e94d3c89e4e796ac22e48 ......
checking 8dc356e5b936b744b9e8e151ec6e46f670f5935e ......
	 orig commit -> 8337d083507b9827dfb36d545538b7789df834fd ......
checking b20d1086410a66b1c23fad7237d52e0ace67fc2b ......
	 orig commit -> 842cef9113c2120f74f645111ded1e020193d84c ......
checking 656772cb723303933387ad1a1f49db78eb45a460 ......
	 orig commit -> b98c6a160a057d5686a8c54c79cc6c8c94a7d0c8 ......
checking 81a158d21498a6d30175d1d7fc49420a5f6f09f9 ......
	 orig commit -> 1575767ef3cf5326701d2ae3075b7732cbc855e4 ......
checking dbab3751bcc7f37cff464a4844133221b304d8a8 ......
	 orig commit -> d16b52cb9cdb6f06dea8ab2f0a428e7d7f0b0a81 ......
checking 58a5d1ac69a72f6452ee16612c897f4f017c9c03 ......
	 orig commit -> 0e7def5fb0dc53ddbb9f62a497d15f1e11ccdc36 ......
checking c09ea9a8da5b91baba50a0e8e4d2ac95e163e585 ......
	 orig commit -> 5fe01793dd953ab947fababe8abaf5ed5258c8df ......
checking bd3ead4576387fc1d71952441c218e57c275cac0 ......
	 orig commit -> bf8486709ac7fad99e4040dea73fe466c57a4ae1 ......
checking 1ba2b9e01dbfb9af1da2880b24fb001ea07bb664 ......
	 orig commit -> b9c97c67fd19262c002d94ced2bfb513083e161e ......
checking ccddee811ebad96a4af2c8de6fda104c40ff60f2 ......
	 orig commit -> 105976f517791aed3b11f8f53b308a2069d42055 ......
checking c5f32462f0df00bc32426c558272d33588c46017 ......
	 orig commit -> d22ffb5a712f9211ffd104c38fc17cbfb1b5e2b0 ......
checking eae17c4063900441277b323775e3f922986a0a8c ......
	 orig commit -> c5c48c58b259bb8f0482398370ee539d7a12df3e ......
checking 87c4789f452d3030b149df8ae8a0cce1e37a9da4 ......
	 orig commit -> 4964c66fd49b2e2342da35358f2ff74614bcbaee ......
checking 56f662db7f5629ee0f5566ac229bc8a188339550 ......
	 orig commit -> 14d066c3531a87f727968cacd85bd95c75f59843 ......
checking 027637104ddf90f87d463002f369599e0cef6c1d ......
	 orig commit -> 98d823ab1fbdcb13abc25b420f9bb71bade42056 ......
checking fa4919e37f8e1c37e07ea4a5c590cbe59fe696b9 ......
	 orig commit -> 12472af89632beb1ed8dea29d4efe208ca05b06a ......
checking 128c7e69233334895e887f942c8f5c72f51821f3 ......
	 orig commit -> 1c5b2216fbb973a9410e0b06389740b5c1289171 ......
checking fcdfb9d80dc926f07b42129d08b197fd5d2ec65d ......
	 orig commit -> 89271c65edd599207dd982007900506283c90ae3 ......
checking 99a781947c2ab1e7b77bc88017fa58e78ff5c3ba ......
	 orig commit -> 4e09ff5362843dff3accfa84c805c7f3a99de9cd ......
checking 5134b919cc2c2b225ac8d82b54cac5dcb3c41267 ......
	 orig commit -> 23e43f07f896f8578318cfcc9466f1e8b8ab21b6 ......
checking 1903344b6320e18b82cb9f49c0e9b8fd0f80b695 ......
	 orig commit -> 1bb4f2e868a2891ab8bc668b8173d6ccb8c4ce6f ......
checking abb4a8b870b5c644c9bb6d9bd372298002f0a65f ......
	 orig commit -> a27fd7a8ed3856faaf5a2ff1c8c5f00c0667aaa0 ......
		 a27fd7a8ed3856faaf5a2ff1c8c5f00c0667aaa0 has problem. Fixes commit -> bffd168c3fc5cc7d2bad4c668fa90e7a9010db4b
checking eec434c573e78c1190a812cb48a8b16c254541ea ......
	 orig commit -> b87b6194be631c94785fe93398651e804ed43e28 ......
checking abd7663b5d1c07106b65361e6f2effd1c0313e7e ......
	 orig commit -> d1c95af366961101819f07e3c64d44f3be7f0367 ......
checking ebadf888288c9e069b0141a4f00784e7245c5e28 ......
	 orig commit -> d7cdee5ea8d28ae1b6922deb0c1badaa3aa0ef8c ......
checking fb8a84cb9f6a305e1a887b9ca97515d5688f8bc1 ......
	 orig commit -> cfd092f2db8b4b6727e1c03ef68a7842e1023573 ......
checking e7b316ac78e2cb5f7fc75df63cef92f0a1210537 ......
	 orig commit -> f600c6088018d1dbc5777d18daa83660f7ea4a64 ......
checking cbd173b8105c259731c981849549b989c55624cf ......
	 orig commit -> 0e5a82efda872c2469c210957d7d4161ef8f4391 ......
checking 00ec3b0ca32f28773c700b841f1802ec3d848051 ......
	 orig commit -> 957d761cf91cdbb175ad7d8f5472336a4d54dbf2 ......
checking 97ba6e5ff68454320695d1372d035c624b66c4ba ......
	 orig commit -> 1fe4b1184c2ae2bfbf9e8b14c9c0c1945c98f205 ......
checking 73cb791fe41cdffda6f26aa0559dc17c11d0ee38 ......
	 orig commit -> 0f2d2b2736b08dafa3bde31d048750fbc8df3a31 ......
checking 0ab87ec99e9998b908281e92234b87d3d2e27e49 ......
	 orig commit -> fc68e171d376c322e6777a3d7ac2f0278b68b17f ......
checking cc8dadb8c0f45ab5397d956487a8b0dad6c70a67 ......
	 orig commit -> d4131f09770d9b7471c9da65e6ecd2477746ac5c ......
checking 36728a6b39c1c61f9f96281b09d3648ac27cce51 ......
	 orig commit -> 27af86bb038d9c8b8066cd17854ddaf2ea92bce1 ......
checking 54d6bc97b4c9af3dee9fc594c88d1ea1f9382630 ......
	 orig commit -> eb53f7af6f15285e2f6ada97285395343ce9f433 ......
checking a01550d778a4dd00bfcc548f2bfd57184192cd32 ......
	 orig commit -> a5f7add332b4ea6d4b9480971b3b0f5e66466ae9 ......
checking 5b5be45ed1f283bd4d9eeef93ac4491df25d6c92 ......
	 orig commit -> ef7a3518f7dd4f4cf5e5b5358c93d1eb78df28fb ......
checking ff01f118d1682aa3bc2a2e0459cd3ce127ffde22 ......
	 orig commit -> a61a86f8db92923a2a4c857c49a795bcae754497 ......
checking d6a76199e85168160a58c827c30e58dae7570413 ......
	 orig commit -> 350c9f484bde93ef229682eedd98cd5f74350f7f ......
checking f0a04a0e1ab48ba7089f9476dcf22ce00cf7b9e9 ......
	 orig commit -> 93c62c45ed5fad1b87e3a45835b251cd68de9c46 ......
checking 17634603d494978f5bf3ce9f261862c8f119af36 ......
	 orig commit -> 808cf9e38cd7923036a99f459ccc8cf2955e47af ......
checking dcb5da20ee3fdeb06dadb53c0102642d0a27ad23 ......
	 orig commit -> 08f5138512180a479ce6b9d23b825c9f4cd3be77 ......
checking f26693d38760e5714cd12c091a21c8e95f224c44 ......
	 orig commit -> 2f0db87901698cd73d828cc6fb1957b8916fc911 ......
checking 2229dd5dd6c6d55465e197e77bfcd605d9bea475 ......
	 orig commit -> 0a8a1bf17e3af34f1f8d2368916a6327f8b3bfd5 ......
checking 9f02a069bfdda6dcb5970cfe7ebab50859f58127 ......
	 orig commit -> 4a31a6b19f9ddf498c81f5c9b089742b7472a6f8 ......
checking bf014cc18a3c963f5cc32453b28bf23387c7b975 ......
	 orig commit -> 8babd44d2079079f9d5a4aca7005aed80236efe0 ......
checking fecb84a83f846900b5d553ddf998e889c47a890b ......
	 orig commit -> 15f35d49c93f4fa9875235e7bf3e3783d2dd7a1b ......
checking 1fc74a57a8ae863c95afedef2510e7e42b194e56 ......
	 orig commit -> 07f2c7ab6f8d0a7e7c5764c4e6cc9c52951b9d9c ......
checking 5775f78764675d49dc6d8a8ad66ce3843810d4a2 ......
	 orig commit -> 77f840e3e5f09c6d7d727e85e6e08276dd813d11 ......
checking 795f3deff199e944bebbf04d577033363c335c44 ......
	 orig commit -> 5ae437ad5a2ed573b1ebb04e0afa70b8869f88dd ......
checking 60b28d5ef3e3880a180bdbf69a3956fcb33d6e99 ......
	 orig commit -> cb9f7a9a5c96a773bbc9c70660dc600cfff82f82 ......
		 cb9f7a9a5c96a773bbc9c70660dc600cfff82f82 has problem. Fixes commit -> 02a2385f37a7c6594c9d89b64c4a1451276f08eb
commit 06d3f43d52bbf58dd040c7612ac7372cf6649208
Author: Nicolas Dichtel <nicolas.dichtel@6wind.com>
Date:   Wed Mar 14 21:10:23 2018 +0100

    netlink: avoid a double skb free in genlmsg_mcast()
    
    
    [ Upstream commit 02a2385f37a7c6594c9d89b64c4a1451276f08eb ]
    
    nlmsg_multicast() consumes always the skb, thus the original skb must be
    freed only when this function is called with a clone.
    
    Fixes: cb9f7a9a5c96 ("netlink: ensure to loop over all netns in genlmsg_multicast_allns()")
    Reported-by: Ben Hutchings <ben.hutchings@codethink.co.uk>
    Signed-off-by: Nicolas Dichtel <nicolas.dichtel@6wind.com>
    Signed-off-by: David S. Miller <davem@davemloft.net>
    Signed-off-by: Greg Kroah-Hartman <gregkh@linuxfoundation.org>
checking 3bcf69f8e7869e00babd3cc11f8c3acca9f79cc9 ......
	 orig commit -> c7272c2f1229125f74f22dcdd59de9bbd804f1c8 ......
		 c7272c2f1229125f74f22dcdd59de9bbd804f1c8 has problem. Fixes commit -> 773daa3caf5d3f87fdb1ab43e9c1b367a38fa394
checking f80c28a585b57bfc0c33cfac2a10b0c93eede575 ......
	 orig commit -> ac5b70198adc25c73fba28de4f78adcee8f6be0b ......
checking da260080c2e3a80c4b3c70ec6846011137373f2d ......
	 orig commit -> 62f94c2101f35cd45775df00ba09bde77580e26a ......
checking 94870df33c9bf52a9be3ed750670520aad43a44e ......
	 orig commit -> a3276892db7a588bedc33168e502572008f714a9 ......
checking c3d7d3a099f69277858499adc67cd318a54b030d ......
	 orig commit -> ca79bec237f5809a7c3c59bd41cd0880aa889966 ......
checking 2cdc12a498fc701ef5468004b7d51dd0d81e81e8 ......
	 orig commit -> b6c3bad1ba83af1062a7ff6986d9edc4f3d7fc8e ......
checking 4a5048e7fdebe3dd48283ce0c46175f52961269f ......
	 orig commit -> a8c6db1dfd1b1d18359241372bb204054f2c3174 ......
checking 4c13e689e5f0f997d4cc8ee4646fcae88c16d737 ......
	 orig commit -> 1b12580af1d0677c3c3a19e35bfe5d59b03f737f ......
checking 71978491bb6600d39ef68f421c23aeb11c10053f ......
	 orig commit -> 945fd17ab6bab8a4d05da6c3170519fbcfe62ddb ......
checking f70befc397a69504c9219600ae4803007cb276cf ......
	 orig commit -> 028091f82eefd5e84f81cef81a7673016ecbe78b ......
checking e521a723fd3fc843c9e886f1768563a043ce3248 ......
	 orig commit -> 71c208dd54ab971036d83ff6d9837bae4976e623 ......
checking 93e1f7fc77e68bf5f1997b08a0f6e54dc71e0da5 ......
	 orig commit -> d9c10e5b8863cfb6886d1640386455075c6e979d ......
checking 0ba6c33b3287e469622c0ccb2658052661bac579 ......
	 orig commit -> 230f5a8969d8345fc9bbe3683f068246cf1be4b8 ......
checking 3379a37a740932ac7661633a5db21c6ccd59f9b4 ......
	 orig commit -> 0373ca74831b0f93cd4cdbf7ad3aec3c33a479a5 ......
checking d5168ce354349fb8e336c75cedc447921b81e6d3 ......
	 orig commit -> 94db151dc89262bfa82922c44e8320cea2334667 ......
		 94db151dc89262bfa82922c44e8320cea2334667 has problem. Fixes commit -> bb94b55af3461e26b32f0e23d455abeae0cfca5d
commit 5d8ddc819c848a6009aed5a560e8d53f7cbafa08
Author: Jason Gunthorpe <jgg@mellanox.com>
Date:   Fri Jun 29 11:31:50 2018 -0600

    vfio: Use get_user_pages_longterm correctly
    
    commit bb94b55af3461e26b32f0e23d455abeae0cfca5d upstream.
    
    The patch noted in the fixes below converted get_user_pages_fast() to
    get_user_pages_longterm(), however the two calls differ in a few ways.
    
    First _fast() is documented to not require the mmap_sem, while _longterm()
    is documented to need it. Hold the mmap sem as required.
    
    Second, _fast accepts an 'int write' while _longterm uses 'unsigned int
    gup_flags', so the expression '!!(prot & IOMMU_WRITE)' is only working by
    luck as FOLL_WRITE is currently == 0x1. Use the expected FOLL_WRITE
    constant instead.
    
    Fixes: 94db151dc892 ("vfio: disable filesystem-dax page pinning")
    Cc: <stable@vger.kernel.org>
    Signed-off-by: Jason Gunthorpe <jgg@mellanox.com>
    Acked-by: Dan Williams <dan.j.williams@intel.com>
    Signed-off-by: Alex Williamson <alex.williamson@redhat.com>
    Signed-off-by: Greg Kroah-Hartman <gregkh@linuxfoundation.org>
checking 7f43f610c4bb8e4da69923d0ce0c60a82073bf2c ......
	 orig commit -> ba989a01469d027861e55c8f1121edadef757797 ......
checking 17644a0bbb190b6286106e98392f3d60ee020a23 ......
	 orig commit -> 7c5a0dcf557c6511a61e092ba887de28882fe857 ......
checking eae6179f55396f7ee708c7da1f9d84688412b62e ......
	 orig commit -> 3c181c12c431fe33b669410d663beb9cceefcd1b ......
		 3c181c12c431fe33b669410d663beb9cceefcd1b has problem. Fixes commit -> 093e037ca88e1767693bc6bcb2df3f49c6be68c7
checking dabf89052e8e1bea5f4cba2f4533e8718acdbdc9 ......
	 orig commit -> 0adb24e03a124b79130c9499731936b11ce2677d ......
checking 47e7fc96cddca4d78498dd0e8da98ca018b2633b ......
	 orig commit -> 636a415bcc7f4fd020ece8fd5fc648c4cef19c34 ......
checking 90c3f0d36000dcddc0bf2b1b889784a8795cc4d6 ......
	 orig commit -> 5ffa8518851f1401817c15d2a7eecc0373c26ff9 ......
checking 6b218ed6bd07857422b13966678af6e6a3509d86 ......
	 orig commit -> c52232a49e203a65a6e1a670cd5262f59e9364a0 ......
checking ec274a65154a6cd86d7e67ecc5f0f34cd446b3ed ......
	 orig commit -> 0d84b9e5631d923744767dc6608672df906dd092 ......
checking e03d46a156d96cc87c57dea3192bbc72b250b4a2 ......
	 orig commit -> a4faa4929ed3be15e2d500d2405f992f6dedc8eb ......
checking 4d5123a0b37cab76958bdd7d6d2c26a40ca52e7f ......
	 orig commit -> 5b43df8b4c1a7f0c3fbf793c9566068e6b1e570c ......
checking cb65fc21f3877599e1c22710c5fdbefd0be010d4 ......
	 orig commit -> 325501d9360eb42c7c51e6daa0d733844c1e790b ......
checking 33b42aa617d16436ddbde6d192c6a6c2db566648 ......
	 orig commit -> f8870ae6e2d6be75b1accc2db981169fdfbea7ab ......
checking e2c3f727021883cf0903196ae2fd55355b98546e ......
	 orig commit -> 71db96ddfa72671bd43cacdcc99ca178d90ba267 ......
checking 34516912bfd726c530946f4b3a808caea8befe06 ......
	 orig commit -> 1ba8f9d308174e647b864c36209b4d7934d99888 ......
		 1ba8f9d308174e647b864c36209b4d7934d99888 has problem. Fixes commit -> 40088dc4e1ead7df31728c73f5b51d71da18831d
commit c0cafa62d78041bc612ea8aea65a98c15a0200d9
Author: Takashi Iwai <tiwai@suse.de>
Date:   Mon Mar 12 13:55:48 2018 +0100

    ALSA: hda - Revert power_save option default value
    
    commit 40088dc4e1ead7df31728c73f5b51d71da18831d upstream.
    
    With the commit 1ba8f9d30817 ("ALSA: hda: Add a power_save
    blacklist"), we changed the default value of power_save option to -1
    for processing the power-save blacklist.
    Unfortunately, this seems breaking user-space applications that
    actually read the power_save parameter value via sysfs and judge /
    adjust the power-saving status.  They see the value -1 as if the
    power-save is turned off, although the actual value is taken from
    CONFIG_SND_HDA_POWER_SAVE_DEFAULT and it can be a positive.
    
    So, overall, passing -1 there was no good idea.  Let's partially
    revert it -- at least for power_save option default value is restored
    again to CONFIG_SND_HDA_POWER_SAVE_DEFAULT.  Meanwhile, in this patch,
    we keep the blacklist behavior and make is adjustable via the new
    option, pm_blacklist.
    
    Bugzilla: https://bugzilla.kernel.org/show_bug.cgi?id=199073
    Fixes: 1ba8f9d30817 ("ALSA: hda: Add a power_save blacklist")
    Acked-by: Hans de Goede <hdegoede@redhat.com>
    Cc: <stable@vger.kernel.org>
    Signed-off-by: Takashi Iwai <tiwai@suse.de>
    Signed-off-by: Greg Kroah-Hartman <gregkh@linuxfoundation.org>
checking e5e9a08e151f3e945c243a8e773de2f5059c16fc ......
	 orig commit -> 350144069abf351c743d766b2fba9cb9b7cd32a1 ......
checking a2102a155f3d70bccffef9a658ceb1aea583c2c4 ......
	 orig commit -> 5a23699a39abc5328921a81b89383d088f6ba9cc ......
checking ebc24a828a2f94f960be88dbaf4359b5e1a6e4f3 ......
	 orig commit -> 240a8af929c7c57dcde28682725b29cf8474e8e5 ......
		 240a8af929c7c57dcde28682725b29cf8474e8e5 has problem. Fixes commit -> cbb2ebf70daf7f7d97d3811a2ff8e39655b8c184
c369c8db15d51fa175d2ba85928f79d16af6b562
commit 385c23d626937494f90563a563c210b15c371b2a
Author: Hui Peng <benquike@163.com>
Date:   Tue Dec 25 18:11:52 2018 -0500

    ALSA: usb-audio: Fix an out-of-bound read in create_composite_quirks
    
    commit cbb2ebf70daf7f7d97d3811a2ff8e39655b8c184 upstream.
    
    In `create_composite_quirk`, the terminating condition of for loops is
    `quirk->ifnum < 0`. So any composite quirks should end with `struct
    snd_usb_audio_quirk` object with ifnum < 0.
    
        for (quirk = quirk_comp->data; quirk->ifnum >= 0; ++quirk) {
    
            .....
        }
    
    the data field of Bower's & Wilkins PX headphones usb device device quirks
    do not end with {.ifnum = -1}, wihch may result in out-of-bound read.
    
    This Patch fix the bug by adding an ending quirk object.
    
    Fixes: 240a8af929c7 ("ALSA: usb-audio: Add a quirck for B&W PX headphones")
    Signed-off-by: Hui Peng <benquike@163.com>
    Cc: <stable@vger.kernel.org>
    Signed-off-by: Takashi Iwai <tiwai@suse.de>
    Signed-off-by: Greg Kroah-Hartman <gregkh@linuxfoundation.org>
checking e5966192439e9fbe241f3765e7aaa4e09765ebb1 ......
	 orig commit -> 6b3a13173f23e798e1ba213dd4a2c065a3b8d751 ......
checking fbb6fba47c059ce56b8881e1adf322bced4390c4 ......
	 orig commit -> c37fbc09bd4977736f6bc4050c6f099c587052a7 ......
checking f8e331c508c22cf912e6b14f54ae68cf66f1c638 ......
	 orig commit -> 6bb320ca4a4a7b5b3db8c8d7250cc40002046878 ......
checking 37dfbccd4b2275169d4e1af3c1726256d835675b ......
	 orig commit -> f9d4d9b5a5ef2f017bc344fb65a58a902517173b ......
checking e9951ab03f51a349160167794deb82d1f6e258af ......
	 orig commit -> 9b8cb28d7c62568a5916bdd7ea1c9176d7f8f2ed ......
checking 648b62fda1a35c9198689cca76ace580a67e7872 ......
	 orig commit -> 3be23274755ee85771270a23af7691dc9b3a95db ......
checking 703fca31ac31ed81455a8642a6988cbca47f0f07 ......
	 orig commit -> 6d24cd186d9fead3722108dec1b1c993354645ff ......
checking 972b19e615a2a31720a293b3436148294469e88f ......
	 orig commit -> 0c5661ecc5dd7ce296870a3eb7b62b1b280a5e89 ......
checking 971039cc4da1b1a800ec1f43edaa2c0aecf338a7 ......
	 orig commit -> 1fdb926974695d3dbc05a429bafa266fdd16510e ......
		 1fdb926974695d3dbc05a429bafa266fdd16510e has problem. Fixes commit -> f0e8c61110c2c85903b136ba070daf643a8b6842
commit 3a64bcc3e67ab20f93410f382a4b5bde4c881ca3
Author: Hans de Goede <hdegoede@redhat.com>
Date:   Wed Feb 28 11:57:50 2018 +0100

    Bluetooth: btusb: Remove Yoga 920 from the btusb_needs_reset_resume_table
    
    commit f0e8c61110c2c85903b136ba070daf643a8b6842 upstream.
    
    Commit 1fdb92697469 ("Bluetooth: btusb: Use DMI matching for QCA
    reset_resume quirking"), added the Lenovo Yoga 920 to the
    btusb_needs_reset_resume_table.
    
    Testing has shown that this is a false positive and the problems where
    caused by issues with the initial fix: commit fd865802c66b ("Bluetooth:
    btusb: fix QCA Rome suspend/resume"), which has already been reverted.
    
    So the QCA Rome BT in the Yoga 920 does not need a reset-resume quirk at
    all and this commit removes it from the btusb_needs_reset_resume_table.
    
    Note that after this commit the btusb_needs_reset_resume_table is now
    empty. It is kept around on purpose, since this whole series of commits
    started for a reason and there are actually broken platforms around,
    which need to be added to it.
    
    BugLink: https://bugzilla.redhat.com/show_bug.cgi?id=1514836
    Fixes: 1fdb92697469 ("Bluetooth: btusb: Use DMI matching for QCA ...")
    Cc: stable@vger.kernel.org
    Cc: Brian Norris <briannorris@chromium.org>
    Cc: Kai-Heng Feng <kai.heng.feng@canonical.com>
    Tested-by: Kevin Fenzi <kevin@scrye.com>
    Suggested-by: Brian Norris <briannorris@chromium.org>
    Signed-off-by: Hans de Goede <hdegoede@redhat.com>
    Reviewed-by: Brian Norris <briannorris@chromium.org>
    Signed-off-by: Marcel Holtmann <marcel@holtmann.org>
    Signed-off-by: Greg Kroah-Hartman <gregkh@linuxfoundation.org>
