Check from v4.14.56 to v4.14.57
Commit count: 93
checking ecc160ece609498c946e73710e5c7c54c62b966a ......
checking 779128d80cb01e6434936e13754fc25a1cc30929 ......
	 orig commit -> 08a77676f9c5fc69a681ccd2cd8140e65dcb26c7 ......
checking 96fd60c8160c16dd16542efe4491f0d096d5c1b4 ......
	 orig commit -> 5d81f7dc9bca4f4963092433e27b508cbe524a32 ......
checking 1b749f8a241639951a9c65e64f51e7a6ac5b6ae9 ......
	 orig commit -> b4f18c063a13dfb33e3a63fe1844823e19c2265e ......
checking 805357aa65bbc419451fb9556968687c7fd1d2e1 ......
	 orig commit -> 55e3748e8902ff641e334226bdcb432f9a5d78d3 ......
checking 0592871918f0acf369cec5c88de1fa76dbf2c1a2 ......
	 orig commit -> 85478bab409171de501b719971fd25a3d5d639f9 ......
checking b769d86ea9d4b2d77387791cc747462b19e8af22 ......
	 orig commit -> 9cdc0108baa8ef87c76ed834619886a46bd70cbe ......
checking e7d02797288f12ca257cdab49d19ccf9b3d2cb12 ......
	 orig commit -> 9dd9614f5476687abbff8d4b12cd08ae70d7c2ad ......
checking c5c89bb4deb8e1f0eed0968f37dfa936f6b5e4c1 ......
	 orig commit -> 647d0519b53f440a55df163de21c52a8205431cc ......
checking 02e26bd9ad58197533a7d5fcd62f975891a9e936 ......
	 orig commit -> 986372c4367f46b34a3c0f6918d7fb95cbdf39d6 ......
checking 8d6907af4583eec62e4eb7f839da3c33d570556e ......
	 orig commit -> c32e1736ca03904c03de0e4459a673be194f56fd ......
checking 45808ab2f9245c2921b6e81025fde46ae6325013 ......
	 orig commit -> a43ae4dfe56a01f5b98ba0cb2f784b6a43bafcc6 ......
checking 837c87c233c1cbf53c8576c2c1a269dce8d68d65 ......
	 orig commit -> a725e3dda1813ed306734823ac4c65ca04e38500 ......
checking 1bffd48690119d79468355ebcf992475beefb0b5 ......
	 orig commit -> 5cf9ce6e5ea50f805c6188c04ed0daaec7b6887d ......
checking 5ad09d2abb5a0e4193b81c147efc828e13caf2ca ......
	 orig commit -> 8e2906245f1e3b0d027169d9f2e55ce0548cb96e ......
checking 1de2719134b5fe1156d04ef2a31a1b8b2307d3ba ......
	 orig commit -> eff0e9e1078ea7dc1d794dc50e31baef984c46d7 ......
checking 2cdc2e62a6ac829832c2bf4ccb1098fccc67f82c ......
checking dca7815605aff032d0b7f9c4f1d98af0e529cdee ......
checking e77175fafa7dd941873dc248ab0f20aa56fe3431 ......
checking 286950e0831b9bf7180c09b2dd06ec88922fcc12 ......
checking 0dac9f10d9525f9617eaf383e1629ae976e2f170 ......
checking 6256b86e851942f4ec145d36a0c8f3673390b9d9 ......
checking 8ad56472d67cf8ce638876558d36f3c83975294a ......
checking ed812b882599c0ec27a9f58831fc6bfb4efdac80 ......
checking 115df2a7c5ba248360e4f92d78102c34f45977ee ......
	 orig commit -> 3bc53be9db21040b5d2de4d455f023c8c494aa68 ......
checking a4b57440d971f4ee139a923a0b953f91c3769d70 ......
	 orig commit -> f1693c63ab133d16994cc50f773982b5905af264 ......
checking 1bbe05e27af1d67b0c9c113d1f62373e933205ec ......
	 orig commit -> 3ee7e8697d5860b173132606d80a9cd35e7113ee ......
checking 28c74ff85efd192aeca9005499ca50c24d795f61 ......
	 orig commit -> 84379c9afe011020e797e3f50a662b08a6355dcf ......
		 84379c9afe011020e797e3f50a662b08a6355dcf has problem. Fixes commit -> 61792b677415b77c8db04991c22966bb8de7603e
checking b124e97f3ef528e81f28c783b6ddce5ee0faf119 ......
	 orig commit -> bab2c80e5a6c855657482eac9e97f5f3eedb509a ......
checking 00235ab80007696f1274eca9c0529b8f7c85def0 ......
	 orig commit -> 02f51d45937f7bc7f4dee21e9f85b2d5eac37104 ......
checking 30a7a7b04f8b4e38b1af9acda2a4dd533e260ed2 ......
	 orig commit -> 32da12216e467dea70a09cd7094c30779ce0f9db ......
checking d9bb71d76c07d287f3904c463d1234e6b7b8049d ......
	 orig commit -> c604cb767049b78b3075497b80ebb8fd530ea2cc ......
checking cba5008502f2238b716334d7cb6d847560ce01b4 ......
	 orig commit -> fe10e398e860955bac4d28ec031b701d358465e4 ......
checking 766a7ad6639b4b2026d19cb217ada2ed8a2cfe57 ......
	 orig commit -> 11ff7288beb2b7da889a014aff0a7b80bf8efcf3 ......
checking b5199c61e95c58fdfd9478bcbf368f1575d61da1 ......
	 orig commit -> 35a88a18d7ea58600e11590405bc93b08e16e7f5 ......
checking aa6be396714c79c44d5fa6b4ae09c8090fef8727 ......
	 orig commit -> 1dc3039bc87ae7d19a990c3ee71cfd8a9068f428 ......
checking f1059632a4fcb0a73b1c315082cdb623a3b3ef52 ......
	 orig commit -> 3f6e6986045d47f87bd982910821b7ab9758487e ......
checking c4bfed85bae8eba6cce22f9b9cce530720527411 ......
	 orig commit -> 2546da99212f22034aecf279da9c47cbfac6c981 ......
checking 16b3ae12337eb1695de0031fe4e030fb7fd6c2d9 ......
	 orig commit -> 5b9e886a4af97574ca3ce1147f35545da0e7afc7 ......
checking a406abeb7416501355668222164919836da67034 ......
	 orig commit -> 8d4068810d9926250dd2435719a080b889eb44c3 ......
checking 67f7c68a9085957a291e91ee5a177f2b208aeda6 ......
	 orig commit -> 2278446e2b7cd33ad894b32e7eb63afc7db6c86e ......
checking 2be27d444f61c5542df5c00892817124582428a4 ......
	 orig commit -> dea39aca1d7aef1e2b95b07edeacf04cc8863a2e ......
checking 12c0949a07458103b539eaba2330763873ef4cb5 ......
	 orig commit -> 9a98302de19991d51e067b88750585203b2a3ab6 ......
checking ee8d2e719c1e5ade96524d4480cffc17f8c756a8 ......
	 orig commit -> 12dfa2f68ab659636e092db13b5d17cf9aac82af ......
checking 3caea5150c15c4258a8d9ee0c5758d53d4753009 ......
	 orig commit -> 676bcfece19f83621e905aa55b5ed2d45cc4f2d3 ......
checking d8530e891edde17506727af174d66d3f0b4e6b34 ......
	 orig commit -> e5ab564c9ebee77794842ca7d7476147b83d6a27 ......
checking 7eba6537c3d17ca582d4b3ab38af4463020563d9 ......
	 orig commit -> b8f1f65882f07913157c44673af7ec0b308d03eb ......
checking 2dc4696ee6d9471ce110157fb695f75b8fd912e1 ......
	 orig commit -> 1236f22fbae15df3736ab4a984c64c0c6ee6254c ......
checking 3373d6d056d7b9d1de397498389891b8b95dfd8a ......
	 orig commit -> c860e997e9170a6d68f9d1e6e2cf61f572191aaf ......
checking 4f5f7bce308eebcfc8cf63134d4147ccfa8ccb32 ......
	 orig commit -> 977c7114ebda2e746a114840d3a875e0cdb826fb ......
checking 32761addd300814d4d8e76a9db1587b1b74e1cf8 ......
	 orig commit -> b6cfffa7ad923c73f317ea50fd4ebcb3b4b6669c ......
checking 5e90946baa576df0c28b74cbde16db236f2afd79 ......
	 orig commit -> 0ee1f4734967af8321ecebaf9c74221ace34f2d5 ......
checking d8c1603d0bb47caafbaeaf76100842e8e0c46de8 ......
	 orig commit -> e7e197edd09c25774b4f12cab19f9d5462f240f4 ......
		 e7e197edd09c25774b4f12cab19f9d5462f240f4 has problem. Fixes commit -> f25e1392fdb556290957142ac2da33a02cbff403
commit f63868841a310d29f722015ff6bfef79ec61a3cc
Author: Aleksander Morgado <aleksander@aleksander.es>
Date:   Tue Jul 24 01:31:07 2018 +0200

    qmi_wwan: fix interface number for DW5821e production firmware
    
    [ Upstream commit f25e1392fdb556290957142ac2da33a02cbff403 ]
    
    The original mapping for the DW5821e was done using a development
    version of the firmware. Confirmed with the vendor that the final
    USB layout ends up exposing the QMI control/data ports in USB
    config #1, interface #0, not in interface #1 (which is now a HID
    interface).
    
    T:  Bus=01 Lev=03 Prnt=04 Port=00 Cnt=01 Dev#= 16 Spd=480 MxCh= 0
    D:  Ver= 2.10 Cls=ef(misc ) Sub=02 Prot=01 MxPS=64 #Cfgs=  2
    P:  Vendor=413c ProdID=81d7 Rev=03.18
    S:  Manufacturer=DELL
    S:  Product=DW5821e Snapdragon X20 LTE
    S:  SerialNumber=0123456789ABCDEF
    C:  #Ifs= 6 Cfg#= 1 Atr=a0 MxPwr=500mA
    I:  If#= 0 Alt= 0 #EPs= 3 Cls=ff(vend.) Sub=ff Prot=ff Driver=qmi_wwan
    I:  If#= 1 Alt= 0 #EPs= 1 Cls=03(HID  ) Sub=00 Prot=00 Driver=usbhid
    I:  If#= 2 Alt= 0 #EPs= 3 Cls=ff(vend.) Sub=00 Prot=00 Driver=option
    I:  If#= 3 Alt= 0 #EPs= 3 Cls=ff(vend.) Sub=00 Prot=00 Driver=option
    I:  If#= 4 Alt= 0 #EPs= 3 Cls=ff(vend.) Sub=00 Prot=00 Driver=option
    I:  If#= 5 Alt= 0 #EPs= 2 Cls=ff(vend.) Sub=ff Prot=ff Driver=option
    
    Fixes: e7e197edd09c25 ("qmi_wwan: add support for the Dell Wireless 5821e module")
    Signed-off-by: Aleksander Morgado <aleksander@aleksander.es>
    Acked-by: Bjørn Mork <bjorn@mork.no>
    Signed-off-by: David S. Miller <davem@davemloft.net>
    Signed-off-by: Sasha Levin <alexander.levin@microsoft.com>
    Signed-off-by: Greg Kroah-Hartman <gregkh@linuxfoundation.org>
checking dd537828bf733a81c2748a4ba90876b24d0720c5 ......
	 orig commit -> bb7858ba1102f82470a917e041fd23e6385c31be ......
checking 023a2043bc8aacbf4418d41ee849b73c83e1cd3c ......
	 orig commit -> cc9b27cdf7bd3c86df73439758ac1564bc8f5bbe ......
checking 4c2849931b239432020a7d77d955817b9b5e049b ......
	 orig commit -> 538f8d00ba8bb417c4d9e76c61dee59d812d8287 ......
checking d725fde81ffc40e6e481c0705985471ee74a6a75 ......
	 orig commit -> 82a4e71b1565dea8387f54503e806cf374e779ec ......
checking 35e324ebeee0fed7d7d30b6ed9873a3f06f86e94 ......
	 orig commit -> 8c43bd1706885ba1acfa88da02bc60a2ec16f68c ......
checking b3c66b54d8fef1d032580d3f7660279cdd277576 ......
	 orig commit -> 12b03558cef6d655d0d394f5e98a6fd07c1f6c0f ......
checking b36f997add36c35c893c3dff7e1e01caa9541a13 ......
	 orig commit -> 7e85dc8cb35abf16455f1511f0670b57c1a84608 ......
checking 5e6b4b9b28b72acd98729ad098e720a0606de2fd ......
	 orig commit -> 945d015ee0c3095d2290e845565a23dedfd8027c ......
checking ddbbd3e057438d4998904e39396871317a429b6b ......
	 orig commit -> 271f7ff5aa5a73488b7a9d8b84b5205fb5b2f7cc ......
checking 7ae129dd6778aa9b573b17083b13674d4336fa22 ......
	 orig commit -> d14fcb8d877caf1b8d6bd65d444bf62b21f2070c ......
checking 46ff2bc7aeb1b3d2fc36b20ddda0411889165cf1 ......
	 orig commit -> f811980444ec59ad62f9e041adbb576a821132c7 ......
checking 8b7b5f76693c865fd85715e0c047719766eea2be ......
	 orig commit -> 603b7bcff824740500ddfa001d7a7168b0b38542 ......
checking 075b5038124851d8fc79c68cb74680b20fbd2736 ......
	 orig commit -> d412c31dae053bf30a1bc15582a9990df297a660 ......
checking c3994f4f8bdaf660ad6740347d0de7acdeb4680a ......
	 orig commit -> 0efc8562491b7d36f6bbc4fbc8f3348cb6641e9c ......
checking b216867c02ac1146f3b66768845814150732f1e2 ......
	 orig commit -> 8ffd569aaa818f2624ca821d9a246342fa8b8c50 ......
checking 1d8dda4444fa0e8799a40d74e3502aac841ea002 ......
	 orig commit -> 733d3e5497070d05971352ca5087bac83c197c3d ......
checking f389c17b8dc54b474d33728e5882dcc276a467fa ......
	 orig commit -> 64d7839af8c8f67daaf9bf387135052c55d85f90 ......
checking b364a914c4993f46c0d849dab20d67ba0d82809d ......
	 orig commit -> 603d4cf8fe095b1ee78f423d514427be507fb513 ......
checking fb6b14663d56afabf86a3a2078c37a8d28fc718a ......
	 orig commit -> 0ce4e70ff00662ad7490e545ba0cd8c1fa179fca ......
checking a3225a836e56487b32f21ff1a8099c731256d10a ......
	 orig commit -> 74174fe5634ffbf645a7ca5a261571f700b2f332 ......
checking a2e53d69f68587d5272d45e2f4674746977bd5b2 ......
	 orig commit -> ad088ec480768850db019a5cc543685e868a513d ......
checking f5a42d63f0d417654a8a4d4448015e1c642ee338 ......
	 orig commit -> 30877961b1cdd6fdca783c2e8c4f0f47e95dc58c ......
checking d10c0baaae3f84185db3b3076a87d4343c9d62e6 ......
	 orig commit -> fc9c2029e37c3ae9efc28bf47045e0b87e09660c ......
checking e34e92d8b689179a6715518346a687bc1e87911a ......
	 orig commit -> 3ffe64f1a641b80a82d9ef4efa7a05ce69049871 ......
		 3ffe64f1a641b80a82d9ef4efa7a05ce69049871 has problem. Fixes commit -> 916c5e1413be058d1c1f6e502db350df890730ce
commit 7b4ab0e6510bdef33cbb9e3b4a5471d252d3d295
Author: Stephen Hemminger <stephen@networkplumber.org>
Date:   Fri Jul 13 10:38:38 2018 -0700

    hv/netvsc: fix handling of fallback to single queue mode
    
    [ Upstream commit 916c5e1413be058d1c1f6e502db350df890730ce ]
    
    The netvsc device may need to fallback to running in single queue
    mode if host side only wants to support single queue.
    
    Recent change for handling mtu broke this in setup logic.
    
    Reported-by: Dan Carpenter <dan.carpenter@oracle.com>
    Fixes: 3ffe64f1a641 ("hv_netvsc: split sub-channel setup into async and sync")
    Signed-off-by: Stephen Hemminger <sthemmin@microsoft.com>
    Signed-off-by: David S. Miller <davem@davemloft.net>
    Signed-off-by: Sasha Levin <alexander.levin@microsoft.com>
    Signed-off-by: Greg Kroah-Hartman <gregkh@linuxfoundation.org>
checking 43c9207d029648dce52a45cd07dfb832d8a7957a ......
	 orig commit -> ced9e191501e52b95e1b57b8e0db00943869eed0 ......
checking f93d65939a4a80f31e50af88bbd5fcae33266009 ......
	 orig commit -> 9bbe60a67be5a1c6f79b3c9be5003481a50529ff ......
checking c62e2f087af11564ecbd1c0d08bbd84ac92afc07 ......
	 orig commit -> bc800e8b39bad60ccdb83be828da63af71ab87b3 ......
checking 03bb9187754e2c82626dafcd3e12a137cbb952ce ......
	 orig commit -> 5d59ad6eea82ef8df92b4109615a0dde9d8093e9 ......
checking 996a6a393b3f82f306ec65f25756a31f51ca3967 ......
	 orig commit -> a728a196d253530f17da5c86dc7dfbe58c5f7094 ......
checking dc3782a3e9c61872df8c8ed395b60d3b7ad782b8 ......
	 orig commit -> b5d6bc90c9129279d363ccbc02ad11e7b657c0b4 ......
checking b1c3ce0cfff275ee2e88fe505a8f44712303f895 ......
	 orig commit -> d6213c1f2ad54a964b77471690264ed685718928 ......
checking b913a05ab75e806db1ef6d54fb206a40dd4d5f1b ......
	 orig commit -> 9c86b846ce02f7e35d7234cf090b80553eba5389 ......
checking 1ccab2bf726e1cd9292deecf4d72d732527035d6 ......
	 orig commit -> 3e4c56d41eef5595035872a2ec5a483f42e8917f ......
checking c59a8f13f36b51f2100111121b39c6d15eca124d ......
	 orig commit -> 853bc26a7ea39e354b9f8889ae7ad1492ffa28d2 ......
checking f5778c2d657e04782553ccc285e396f3062deb73 ......
	 orig commit -> 25524288631fc5b7d33259fca1e0dc38146be5d6 ......
checking 1083a7e8130ca54cef63a5b1d6c86878d4b9e61d ......
	 orig commit -> d4f3388afd488ed15368fa7413b8bd6d1f98bb1d ......
checking 61a9f6b7fe0ca9706b49a23cecf5f9a9c802b6ce ......
	 orig commit -> 31d11b83b96faaee4bb514d375a09489117c3e8d ......
checking edefb935700c130ff52a0a0da7edab7a34d7572c ......
	 orig commit -> d0a8d9378d16eb3c69bd8e6d23779fbdbee3a8c7 ......
		 d0a8d9378d16eb3c69bd8e6d23779fbdbee3a8c7 has problem. Fixes commit -> 208cbb32558907f68b3b2a081ca2337ac3744794
commit 688e5a2087c3decacb2245af8b0b053c81e1a99e
Author: Nick Desaulniers <ndesaulniers@google.com>
Date:   Fri Aug 3 10:05:50 2018 -0700

    x86/irqflags: Provide a declaration for native_save_fl
    
    commit 208cbb32558907f68b3b2a081ca2337ac3744794 upstream.
    
    It was reported that the commit d0a8d9378d16 is causing users of gcc < 4.9
    to observe -Werror=missing-prototypes errors.
    
    Indeed, it seems that:
    extern inline unsigned long native_save_fl(void) { return 0; }
    
    compiled with -Werror=missing-prototypes produces this warning in gcc <
    4.9, but not gcc >= 4.9.
    
    Fixes: d0a8d9378d16 ("x86/paravirt: Make native_save_fl() extern inline").
    Reported-by: David Laight <david.laight@aculab.com>
    Reported-by: Jean Delvare <jdelvare@suse.de>
    Signed-off-by: Nick Desaulniers <ndesaulniers@google.com>
    Signed-off-by: Thomas Gleixner <tglx@linutronix.de>
    Cc: hpa@zytor.com
    Cc: jgross@suse.com
    Cc: kstewart@linuxfoundation.org
    Cc: gregkh@linuxfoundation.org
    Cc: boris.ostrovsky@oracle.com
    Cc: astrachan@google.com
    Cc: mka@chromium.org
    Cc: arnd@arndb.de
    Cc: tstellar@redhat.com
    Cc: sedat.dilek@gmail.com
    Cc: David.Laight@aculab.com
    Cc: stable@vger.kernel.org
    Link: https://lkml.kernel.org/r/20180803170550.164688-1-ndesaulniers@google.com
    Signed-off-by: Greg Kroah-Hartman <gregkh@linuxfoundation.org>
checking 92e50158fc0ace8e7a0c53845588cdc246ce5ca1 ......
	 orig commit -> 0e2e160033283e20f688d8bad5b89460cc5bfcc4 ......
checking 779145a6f6ec8976846aeefd60171627e3d40328 ......
	 orig commit -> d03db2bc26f0e4a6849ad649a09c9c73fccdc656 ......
