Check from v4.14.105 to v4.14.106
Commit count: 135
checking d9896164529697fade02aafc65a06722f7191d68 ......
checking d7ec8d8cc95f2899e7047fb5eda53d7f48553ffe ......
	 orig commit -> 400816f60c543153656ac74eaf7f36f6b7202378 ......
		 400816f60c543153656ac74eaf7f36f6b7202378 has problem. Fixes commit -> c634dc6bdedeb0b2c750fc611612618a85639ab2
ede271b059463731cbd6dffe55ffd70d7dbe8392
commit 2a003d3333f2cb41ced9183506397ccb6a0571eb
Author: Peter Zijlstra <peterz@infradead.org>
Date:   Thu Mar 14 14:01:14 2019 +0100

    perf/x86/intel: Fix memory corruption
    
    commit ede271b059463731cbd6dffe55ffd70d7dbe8392 upstream.
    
    Through:
    
      validate_event()
        x86_pmu.get_event_constraints(.idx=-1)
          tfa_get_event_constraints()
            dyn_constraint()
    
    cpuc->constraint_list[-1] is used, which is an obvious out-of-bound access.
    
    In this case, simply skip the TFA constraint code, there is no event
    constraint with just PMC3, therefore the code will never result in the
    empty set.
    
    Fixes: 400816f60c54 ("perf/x86/intel: Implement support for TSX Force Abort")
    Reported-by: Tony Jones <tonyj@suse.com>
    Reported-by: "DSouza, Nelson" <nelson.dsouza@intel.com>
    Signed-off-by: Peter Zijlstra (Intel) <peterz@infradead.org>
    Signed-off-by: Thomas Gleixner <tglx@linutronix.de>
    Tested-by: Tony Jones <tonyj@suse.com>
    Tested-by: "DSouza, Nelson" <nelson.dsouza@intel.com>
    Cc: eranian@google.com
    Cc: jolsa@redhat.com
    Cc: stable@kernel.org
    Link: https://lkml.kernel.org/r/20190314130705.441549378@infradead.org
    Signed-off-by: Greg Kroah-Hartman <gregkh@linuxfoundation.org>
commit 94b2a2c534f5a01fb8e93857cf376528c599502c
Author: kbuild test robot <lkp@intel.com>
Date:   Thu Mar 14 02:42:43 2019 +0800

    perf/x86/intel: Make dev_attr_allow_tsx_force_abort static
    
    commit c634dc6bdedeb0b2c750fc611612618a85639ab2 upstream.
    
    Fixes: 400816f60c54 ("perf/x86/intel: Implement support for TSX Force Abort")
    Signed-off-by: kbuild test robot <lkp@intel.com>
    Signed-off-by: Thomas Gleixner <tglx@linutronix.de>
    Cc: "Peter Zijlstra (Intel)" <peterz@infradead.org>
    Cc: kbuild-all@01.org
    Cc: Borislav Petkov <bp@alien8.de>
    Cc: "H. Peter Anvin" <hpa@zytor.com>
    Cc: Kan Liang <kan.liang@linux.intel.com>
    Cc: Jiri Olsa <jolsa@redhat.com>
    Cc: Andi Kleen <ak@linux.intel.com>
    Cc: stable@vger.kernel.org
    Link: https://lkml.kernel.org/r/20190313184243.GA10820@lkp-sb-ep06
    Signed-off-by: Greg Kroah-Hartman <gregkh@linuxfoundation.org>

commit 2a003d3333f2cb41ced9183506397ccb6a0571eb
Author: Peter Zijlstra <peterz@infradead.org>
Date:   Thu Mar 14 14:01:14 2019 +0100

    perf/x86/intel: Fix memory corruption
    
    commit ede271b059463731cbd6dffe55ffd70d7dbe8392 upstream.
    
    Through:
    
      validate_event()
        x86_pmu.get_event_constraints(.idx=-1)
          tfa_get_event_constraints()
            dyn_constraint()
    
    cpuc->constraint_list[-1] is used, which is an obvious out-of-bound access.
    
    In this case, simply skip the TFA constraint code, there is no event
    constraint with just PMC3, therefore the code will never result in the
    empty set.
    
    Fixes: 400816f60c54 ("perf/x86/intel: Implement support for TSX Force Abort")
    Reported-by: Tony Jones <tonyj@suse.com>
    Reported-by: "DSouza, Nelson" <nelson.dsouza@intel.com>
    Signed-off-by: Peter Zijlstra (Intel) <peterz@infradead.org>
    Signed-off-by: Thomas Gleixner <tglx@linutronix.de>
    Tested-by: Tony Jones <tonyj@suse.com>
    Tested-by: "DSouza, Nelson" <nelson.dsouza@intel.com>
    Cc: eranian@google.com
    Cc: jolsa@redhat.com
    Cc: stable@kernel.org
    Link: https://lkml.kernel.org/r/20190314130705.441549378@infradead.org
    Signed-off-by: Greg Kroah-Hartman <gregkh@linuxfoundation.org>
checking 0e6487a0c7a8099231e0c14312a31efcf5f38e4e ......
	 orig commit -> 52f64909409c17adf54fcf5f9751e0544ca3a6b4 ......
checking 2a78ea141f9088dd4e6745c07dd3971162a73930 ......
	 orig commit -> 11f8b2d65ca9029591c8df26bb6bd063c312b7fe ......
checking 3abe75e37347254f6d5401b4da267c20e220b8f5 ......
	 orig commit -> d01b1f96a82e5dd7841a1d39db3abfdaf95f70ab ......
		 d01b1f96a82e5dd7841a1d39db3abfdaf95f70ab has problem. Fixes commit -> f764c58b7faa26f5714e6907f892abc2bc0de4f8
commit 578aa457dad7831a420592890141cd6de6465006
Author: Peter Zijlstra <peterz@infradead.org>
Date:   Fri Mar 15 09:14:10 2019 +0100

    perf/x86: Fixup typo in stub functions
    
    commit f764c58b7faa26f5714e6907f892abc2bc0de4f8 upstream.
    
    Guenter reported a build warning for CONFIG_CPU_SUP_INTEL=n:
    
      > With allmodconfig-CONFIG_CPU_SUP_INTEL, this patch results in:
      >
      > In file included from arch/x86/events/amd/core.c:8:0:
      > arch/x86/events/amd/../perf_event.h:1036:45: warning: ‘struct cpu_hw_event’ declared inside parameter list will not be visible outside of this definition or declaration
      >  static inline int intel_cpuc_prepare(struct cpu_hw_event *cpuc, int cpu)
    
    While harmless (an unsed pointer is an unused pointer, no matter the type)
    it needs fixing.
    
    Reported-by: Guenter Roeck <linux@roeck-us.net>
    Signed-off-by: Peter Zijlstra (Intel) <peterz@infradead.org>
    Cc: Greg Kroah-Hartman <gregkh@linuxfoundation.org>
    Cc: Linus Torvalds <torvalds@linux-foundation.org>
    Cc: Peter Zijlstra <peterz@infradead.org>
    Cc: Thomas Gleixner <tglx@linutronix.de>
    Cc: stable@vger.kernel.org
    Fixes: d01b1f96a82e ("perf/x86/intel: Make cpuc allocations consistent")
    Link: http://lkml.kernel.org/r/20190315081410.GR5996@hirez.programming.kicks-ass.net
    Signed-off-by: Ingo Molnar <mingo@kernel.org>
    Signed-off-by: Greg Kroah-Hartman <gregkh@linuxfoundation.org>
checking 6f166975a72c85094ca5364f85efd46b36f0f86a ......
	 orig commit -> 376991db4b6464e906d699ef07681e2ffa8ab08c ......
checking 3944df7bae9dd13c3bfefd25fe2915e8b04220b3 ......
	 orig commit -> ce938231bd3b1d7af3cbd8836f084801090470e1 ......
checking 5a507c217779a6ef65e22bd7d337fed949f61c2b ......
	 orig commit -> 605b0487f0bc1ae9963bf52ece0f5c8055186f81 ......
checking 8256eef5a6a5a288f89f4a4160cf19375a2f6603 ......
	 orig commit -> afc9f65e01cd114cb2cedf544d22239116ce0cc6 ......
checking 0bcbfa51a77def77d079c6cd8acbd8ebd6a69c66 ......
	 orig commit -> e02f5c1bb2283cfcee68f2f0feddcc06150f13aa ......
checking 1b3cd7be3e8bd093cdb165ee3013dcb43ab7eff3 ......
	 orig commit -> a66352e005488ecb4b534ba1af58a9f671eba9b8 ......
checking 9e4ce0485a832489da333e735324d3300f4b6cde ......
	 orig commit -> ec33745bccc8f336957c751f4153421cc9ef5a54 ......
checking c238ab2fb928b40d8af691b24628ca512e1c62e4 ......
	 orig commit -> 83b944174ad79825ae84a47af1a0354485b24602 ......
checking 0472ddf81d02c85d480b470d749599094aaa1bde ......
	 orig commit -> 5e420fe635813e5746b296cfc8fff4853ae205a2 ......
checking 81f470ebe37ecb7822f99cc16e7a68477f8071f0 ......
	 orig commit -> df997abeebadaa4824271009e2d2b526a70a11cb ......
checking d89a25ffd66fbbc8bcfaa881257bab5ac485a176 ......
	 orig commit -> e154ab69321ce2c54f19863d75c77b4e2dc9d365 ......
checking e2f4d4675420401218e1ebdaa3258d81cbf17716 ......
	 orig commit -> 44fc95e218a09d7966a9d448941fdb003f6bb69f ......
checking 6fbdc61620d47ae14d17d37953a3e43e74d6b75d ......
	 orig commit -> fb1faab74ddef9ec2d841d54e5d0912a097b3abe ......
checking 14b718fd0bdb2a8f1afd9dedfce8c9b46bdf6d00 ......
	 orig commit -> 660492bcf4a7561b5fdc13be0ae0b0c0a8c120be ......
checking ef1c919ec66b5cd8c8f19dd3683f90064813f1f5 ......
	 orig commit -> 43636c804df0126da669c261fc820fb22f62bfc2 ......
checking e18d0dad0c43b8879434f7f92d39b40b3f563289 ......
	 orig commit -> c6e2bd956936d925748581e4d0294f10f1d92f2c ......
checking a09faaf5d2de312ec77029933fc80f5a79aadb90 ......
	 orig commit -> 2b424cfc69728224fcb5fad138ea7260728e0901 ......
checking a4fc33cf212a244e138720c5237da6ad2cfebc2f ......
	 orig commit -> 6ab3bc240ade47a0f52bc16d97edd9accbe0024e ......
checking bb4bf9df6d439c2c33cd452533c5f182faadc9da ......
	 orig commit -> 59a17706915fe5ea6f711e1f92d4fb706bce07fe ......
checking d4802260ed30ac142da8739402bb03e28d22f9de ......
	 orig commit -> afa0c5904ba16d59b0454f7ee4c807dae350f432 ......
checking c1c60bac48457bc88392a0953799606c5f5d57d9 ......
	 orig commit -> 4e35c1cb9460240e983a01745b5f29fe3a4d8e39 ......
checking 0ea42d0813665ec60682eeac3ab83adbfef556c0 ......
	 orig commit -> 98bfc3414bda335dbd7fec58bde6266f991801d7 ......
checking 25825f52ba4138e09dfbeaaa104f363b8256e5cf ......
	 orig commit -> 952b72f89ae23b316da8c1021b18d0c388ad6cc4 ......
checking f2dbb2b5d97143761de075856596ec8e704fe02d ......
	 orig commit -> 6454368a804c4955ccd116236037536f81e5b1f1 ......
checking 46a96f8729b4ef232d70ed893d50da1c7cb434a4 ......
	 orig commit -> 85965487abc540368393a15491e6e7fcd230039d ......
checking 6a78f5dccfff5c0b64b6956e6f6beadd669e0108 ......
	 orig commit -> 22b5c0b63f32568e130fa2df4ba23efce3eb495b ......
		 22b5c0b63f32568e130fa2df4ba23efce3eb495b has problem. Fixes commit -> 4c404ce23358d5d8fbdeb7a6021a9b33d3c3c167
commit 0be0231ac9fc72c9877d887d563903ccb9be745f
Author: Adalbert Lazăr <alazar@bitdefender.com>
Date:   Wed Mar 6 12:13:53 2019 +0200

    vsock/virtio: fix kernel panic from virtio_transport_reset_no_sock
    
    commit 4c404ce23358d5d8fbdeb7a6021a9b33d3c3c167 upstream.
    
    Previous to commit 22b5c0b63f32 ("vsock/virtio: fix kernel panic
    after device hot-unplug"), vsock_core_init() was called from
    virtio_vsock_probe(). Now, virtio_transport_reset_no_sock() can be called
    before vsock_core_init() has the chance to run.
    
    [Wed Feb 27 14:17:09 2019] BUG: unable to handle kernel NULL pointer dereference at 0000000000000110
    [Wed Feb 27 14:17:09 2019] #PF error: [normal kernel read fault]
    [Wed Feb 27 14:17:09 2019] PGD 0 P4D 0
    [Wed Feb 27 14:17:09 2019] Oops: 0000 [#1] SMP PTI
    [Wed Feb 27 14:17:09 2019] CPU: 3 PID: 59 Comm: kworker/3:1 Not tainted 5.0.0-rc7-390-generic-hvi #390
    [Wed Feb 27 14:17:09 2019] Hardware name: QEMU Standard PC (i440FX + PIIX, 1996), BIOS Ubuntu-1.8.2-1ubuntu1 04/01/2014
    [Wed Feb 27 14:17:09 2019] Workqueue: virtio_vsock virtio_transport_rx_work [vmw_vsock_virtio_transport]
    [Wed Feb 27 14:17:09 2019] RIP: 0010:virtio_transport_reset_no_sock+0x8c/0xc0 [vmw_vsock_virtio_transport_common]
    [Wed Feb 27 14:17:09 2019] Code: 35 8b 4f 14 48 8b 57 08 31 f6 44 8b 4f 10 44 8b 07 48 8d 7d c8 e8 84 f8 ff ff 48 85 c0 48 89 c3 74 2a e8 f7 31 03 00 48 89 df <48> 8b 80 10 01 00 00 e8 68 fb 69 ed 48 8b 75 f0 65 48 33 34 25 28
    [Wed Feb 27 14:17:09 2019] RSP: 0018:ffffb42701ab7d40 EFLAGS: 00010282
    [Wed Feb 27 14:17:09 2019] RAX: 0000000000000000 RBX: ffff9d79637ee080 RCX: 0000000000000003
    [Wed Feb 27 14:17:09 2019] RDX: 0000000000000001 RSI: 0000000000000002 RDI: ffff9d79637ee080
    [Wed Feb 27 14:17:09 2019] RBP: ffffb42701ab7d78 R08: ffff9d796fae70e0 R09: ffff9d796f403500
    [Wed Feb 27 14:17:09 2019] R10: ffffb42701ab7d90 R11: 0000000000000000 R12: ffff9d7969d09240
    [Wed Feb 27 14:17:09 2019] R13: ffff9d79624e6840 R14: ffff9d7969d09318 R15: ffff9d796d48ff80
    [Wed Feb 27 14:17:09 2019] FS:  0000000000000000(0000) GS:ffff9d796fac0000(0000) knlGS:0000000000000000
    [Wed Feb 27 14:17:09 2019] CS:  0010 DS: 0000 ES: 0000 CR0: 0000000080050033
    [Wed Feb 27 14:17:09 2019] CR2: 0000000000000110 CR3: 0000000427f22000 CR4: 00000000000006e0
    [Wed Feb 27 14:17:09 2019] DR0: 0000000000000000 DR1: 0000000000000000 DR2: 0000000000000000
    [Wed Feb 27 14:17:09 2019] DR3: 0000000000000000 DR6: 00000000fffe0ff0 DR7: 0000000000000400
    [Wed Feb 27 14:17:09 2019] Call Trace:
    [Wed Feb 27 14:17:09 2019]  virtio_transport_recv_pkt+0x63/0x820 [vmw_vsock_virtio_transport_common]
    [Wed Feb 27 14:17:09 2019]  ? kfree+0x17e/0x190
    [Wed Feb 27 14:17:09 2019]  ? detach_buf_split+0x145/0x160
    [Wed Feb 27 14:17:09 2019]  ? __switch_to_asm+0x40/0x70
    [Wed Feb 27 14:17:09 2019]  virtio_transport_rx_work+0xa0/0x106 [vmw_vsock_virtio_transport]
    [Wed Feb 27 14:17:09 2019] NET: Registered protocol family 40
    [Wed Feb 27 14:17:09 2019]  process_one_work+0x167/0x410
    [Wed Feb 27 14:17:09 2019]  worker_thread+0x4d/0x460
    [Wed Feb 27 14:17:09 2019]  kthread+0x105/0x140
    [Wed Feb 27 14:17:09 2019]  ? rescuer_thread+0x360/0x360
    [Wed Feb 27 14:17:09 2019]  ? kthread_destroy_worker+0x50/0x50
    [Wed Feb 27 14:17:09 2019]  ret_from_fork+0x35/0x40
    [Wed Feb 27 14:17:09 2019] Modules linked in: vmw_vsock_virtio_transport vmw_vsock_virtio_transport_common input_leds vsock serio_raw i2c_piix4 mac_hid qemu_fw_cfg autofs4 cirrus ttm drm_kms_helper syscopyarea sysfillrect sysimgblt fb_sys_fops virtio_net psmouse drm net_failover pata_acpi virtio_blk failover floppy
    
    Fixes: 22b5c0b63f32 ("vsock/virtio: fix kernel panic after device hot-unplug")
    Reported-by: Alexandru Herghelegiu <aherghelegiu@bitdefender.com>
    Signed-off-by: Adalbert Lazăr <alazar@bitdefender.com>
    Co-developed-by: Stefan Hajnoczi <stefanha@redhat.com>
    Reviewed-by: Stefan Hajnoczi <stefanha@redhat.com>
    Reviewed-by: Stefano Garzarella <sgarzare@redhat.com>
    Signed-off-by: David S. Miller <davem@davemloft.net>
    Signed-off-by: Greg Kroah-Hartman <gregkh@linuxfoundation.org>
checking 253543f745286b00d637a12034657444d2db02c5 ......
	 orig commit -> dc3f595b6617ebc0307e0ce151e8f2f2b2489b95 ......
checking 2b34bef88a2ee48936997c77bc0b04149cac39ca ......
	 orig commit -> b14e945bda8ae227d1bf2b1837c0c4a61721cd1a ......
checking dcab2483a1a3eff37411377202837d8a473d885f ......
	 orig commit -> a89fac57b5d080771efd4d71feaae19877cf68f0 ......
checking 3084058a72e297e7dbce277b8161fc323d087d1d ......
	 orig commit -> 1bb54c4071f585ebef56ce8fdfe6026fa2cbcddd ......
checking 167a0989ec15a0b738dc8fd25922b1fae00c0dba ......
	 orig commit -> 2c1cf00eeacb784781cf1c9896b8af001246d339 ......
checking 8939e8cdd004ba5d7dd3bbf9c105990f9ebe96f8 ......
	 orig commit -> 56841070ccc87b463ac037d2d1f2beb8e5e35f0c ......
checking a63215cb5311d48bf7c5d9c26b6f4e08f33ac74e ......
	 orig commit -> e2cd682deb231ba6f80524bb84e57e7138261149 ......
checking 405bff8e8799005ac56c901c78f222e3c7e0375c ......
	 orig commit -> c5acdbee22a1b200dde07effd26fd1f649e9ab8a ......
checking 13e429213f160a92780d9144bfdfe286e9ff6a84 ......
	 orig commit -> 4ec5302fa906ec9d86597b236f62315bacdb9622 ......
checking 18579f6965137f4c134e22b8dd906eba8a712dfc ......
	 orig commit -> 2380a22b60ce6f995eac806e69c66e397b59d045 ......
checking ecfcdee1e9d57fd0d3e38e9491510307358dc9d3 ......
	 orig commit -> f2105d42597f4d10e431b195d69e96dccaf9b012 ......
checking f01ebdb120b292335ffdd51be04e630fae5dfdfb ......
	 orig commit -> 1ca1c87f91d9dc50d6a38e2177b2032996e7901c ......
checking 5a6e25e1e9b84b790ec013c13c56e8de0d1e0843 ......
	 orig commit -> 2a81efb0de0e33f2d2c83154af0bd3ce389b3269 ......
checking 7031b8ca7fde45b8d7d53d12b9454c8dd2d795ed ......
	 orig commit -> ba16adeb346387eb2d1ada69003588be96f098fa ......
checking d74f30ef8972099e2bcc1c8a212f9418c6eebd7c ......
	 orig commit -> c9e4576743eeda8d24dedc164d65b78877f9a98c ......
checking 27a0e499a313796fbc56b0ba7d2d2171cc3d4ac3 ......
	 orig commit -> 89857a8a5c89a406b967ab2be7bd2ccdbe75e73d ......
checking 703db5d1b1759fd2aec0ce3c3b6f6c4262a1433d ......
	 orig commit -> 97f26702bc95b5c3a72671d5c6675e4d6ee0a2f4 ......
checking 9cb9f1d9d9f76860e8d570f5e8527ccc6920fa7d ......
	 orig commit -> ef4a55b9197a8f844ea0663138e902dcce3e2f36 ......
checking 70e6e8e8ee2ac2846af14676d3cffaa78e40631a ......
	 orig commit -> f585b283e3f025754c45bbe7533fc6e5c4643700 ......
checking 327e34dfa9945f61db8f340e5a67907df1770c0d ......
	 orig commit -> 63ce5f552beb9bdb41546b3a26c4374758b21815 ......
checking 9c72acbe4940e1a542336daf9be2ca6493788e67 ......
	 orig commit -> c27d82f52f75fc9d8d9d40d120d2a96fdeeada5e ......
checking 8d5b25551442ea58b129fb9a0a1c439894ceec0f ......
	 orig commit -> db7ddeab3ce5d64c9696e70d61f45ea9909cd196 ......
checking d83382c6c3c751867dbbadd0d4a2740ba028dd85 ......
	 orig commit -> 24feb47c5fa5b825efb0151f28906dfdad027e61 ......
checking 659052d1f16e0c3af60a371fa0147c007eba5a97 ......
	 orig commit -> efad4e475c312456edb3c789d0996d12ed744c13 ......
		 efad4e475c312456edb3c789d0996d12ed744c13 has problem. Fixes commit -> 891cb2a72d821f930a39d5900cb7a3aa752c1d5b
checking 6b6cd12509424e4e6c25569f55482a83e6cf0b5b ......
	 orig commit -> a8e911d13540487942d53137c156bd7707f66e5d ......
checking 21b202b7ca599edb5fb39afcfcffae6e6dbb6ec3 ......
	 orig commit -> 2aa958c99c7fd3162b089a1a56a34a0cdb778de1 ......
checking 865c798a37bfacafd35e6c0f2d5d5e5bb572a07d ......
	 orig commit -> d6d478aee003e19ef90321176552a8ad2929a47f ......
checking c72b4dcd26795d6941db0cedd2c2212bb9b32d2f ......
	 orig commit -> f2b3d8566d81deaca31f4e3163def0bea7746e11 ......
checking 2f3317ddcb55b59e66c1629f39063473949ebf99 ......
	 orig commit -> 912139cfbfa6a2bc1da052314d2c29338dae1f6a ......
checking 3c7de41bd199883c3cc04e532827fc272e99c0b0 ......
	 orig commit -> 58d15ed1203f4d858c339ea4d7dafa94bd2a56d3 ......
checking b9f6c4ea3b097078c2e285fb69c67eca9061e43e ......
	 orig commit -> 0ee4b5f801b73b83a9fb3921d725f2162fd4a2e5 ......
checking 84a78676bba9472d3e81fad5d74127c7ebb0c2ed ......
	 orig commit -> 8437fcf14deed67e5ad90b5e8abf62fb20f30881 ......
checking 6487e6b6d494175e1c729d13dc27e23276d8bd2c ......
	 orig commit -> 5d8fc4a9f0eec20b6c07895022a6bea3fb6dfb38 ......
checking fa46a54c8c8d3103886354e2433e445196499bf3 ......
	 orig commit -> ffb057f98928aa099b08e419bbe5afc26ec9f448 ......
checking b757bcc92f8bfd24b239e2dc09b19cc6a1245f79 ......
	 orig commit -> 7c81626a3c37e4ac320b8ad785694ba498f24794 ......
checking dd155c87ca08b17ffebce151efda853080d67f96 ......
	 orig commit -> 327852ec64205bb651be391a069784872098a3b2 ......
checking e66622771e8379e69693e041b6f088a39673ecf5 ......
	 orig commit -> ff9296966e5e00b0d0d00477b2365a178f0f06a3 ......
checking 88b5593c24dde42946e5c245ba88201fd77f9a33 ......
	 orig commit -> 9e71a15d8b5bbce25c637f7f8833cd3f45b65646 ......
checking e5f77942d9533aef9f5cb1c962eb712134da6938 ......
	 orig commit -> 80ff00172407e0aad4b10b94ef0816fc3e7813cb ......
checking d2a1e0c3858470f5d9d9347a9358b2f123459f50 ......
	 orig commit -> 7d4e591bc051d3382c45caaa2530969fb42ed23d ......
checking 50d8083d733e2e656d15973eb28630f983b33784 ......
	 orig commit -> 7ae710f9f8b2cf95297e7bbfe1c09789a7dc43d4 ......
checking f3731c960cbd9e0a13c26266397cd0568524f4fb ......
	 orig commit -> 2035f3ff8eaa29cfb5c8e2160b0f6e85eeb21a95 ......
checking 366abec996a44f273c5556f2d132ad45afe4f39f ......
	 orig commit -> c69c29a1a0a8f68cd87e98ba4a5a79fb8ef2a58c ......
checking 04731b3c702b6008786542707259f1bbe21caae5 ......
	 orig commit -> cec8abba13e6a26729dfed41019720068eeeff2b ......
checking a60323e6b9661e007b094a9d8327e7917b79b8af ......
	 orig commit -> ed29ca8b9592562559c64d027fb5eb126e463e2c ......
checking d70329476999adf562b40af15aacec10b496a6ea ......
	 orig commit -> 263c6d75f9a544a3c2f8f6a26de4f4808d8f59cf ......
checking 140e51241934f5da66a590f00dd147a72094e236 ......
	 orig commit -> 6571ebce112a21ec9be68ef2f53b96fcd41fd81b ......
checking 4c2ceb151db6dc2255581c6c5d4b2f280af94e03 ......
	 orig commit -> 25384ce5f9530def39421597b1457d9462df6455 ......
checking c754598b5d09b2e938da24f19981a2700fb08a61 ......
	 orig commit -> 8b1c42cdd7181200dc1fff39dcb6ac1a3fac2c25 ......
checking 7b72724baf4639445f25f63a2447bafc64fa0035 ......
	 orig commit -> 306b38305c0f86de7f17c5b091a95451dcc93d7d ......
checking 19b7005bfaf93740710424694c65ad396d321577 ......
	 orig commit -> 32a7726c4f4aadfabdb82440d84f88a5a2c8fe13 ......
checking 33c6313f1e173a739db170addc2049fcf36de307 ......
	 orig commit -> 2b531b6137834a55857a337ac17510d6436b6fbb ......
checking 51cbb781d215eed7ee9146eef96fdce7cbe98132 ......
	 orig commit -> 4fe8713b873fc881284722ce4ac47995de7cf62c ......
checking ef41aa7ee085d6cedb14fde1c8c0e533150198d3 ......
	 orig commit -> 9825bd94e3a2baae1f4874767ae3a7d4c049720e ......
checking 34f02c1dd2919dca9e1c90fb497ff0e61e0fc248 ......
	 orig commit -> 53ab60baa1ac4f20b080a22c13b77b6373922fd7 ......
checking 878a9d34e4e815518c0deea3e0e53ae5b4356373 ......
	 orig commit -> f1724c0883bb0ce93b8dcb94b53dcca3b75ac9a7 ......
checking 1508187f922aa965c4365216aa81d44359fcb1a6 ......
	 orig commit -> 51d8838d66d3249508940d8f59b07701f2129723 ......
checking 3162d8af3f5d89141843a4f6bfd6a749ddbbe08d ......
	 orig commit -> 904bba211acc2112fdf866e5a2bc6cd9ecd0de1b ......
checking 01b094e3c2c5e00a74abd9a978e0ce6c3b5e68a4 ......
	 orig commit -> 1497e804d1a6e2bd9107ddf64b0310449f4673eb ......
checking 482caab70b654d312012cdc5c910147ac3ffa433 ......
	 orig commit -> 1a51c5da5acc6c188c917ba572eebac5f8793432 ......
checking 61a2e1118c8a629c463e86a64ddb8d5bf5252b07 ......
	 orig commit -> dd9ee3444014e8f28c0eefc9fffc9ac9c5248c12 ......
		 dd9ee3444014e8f28c0eefc9fffc9ac9c5248c12 has problem. Fixes commit -> 01ce31c57b3f07c91c9d45bbaf126124cce83a5d
5483844c3fc18474de29f5d6733003526e0a9f78
checking aa4ba765e0903926de64b359e8653bfd29a3c353 ......
	 orig commit -> 47bb117911b051bbc90764a8bff96543cbd2005f ......
checking 4d00335342d0d3bd2f02137595845b7438af43b4 ......
	 orig commit -> 4a067cf823d9d8e50d41cfb618011c0d4a969c72 ......
checking 069fb92ea221c72bd75f4863b3540420082f32ba ......
	 orig commit -> f612acfae86af7ecad754ae6a46019be9da05b8e ......
checking 82c73d482c746a95f5e76246bda842fc00d2469f ......
	 orig commit -> c4f5627f7eeecde1bb6b646d8c0907b96dc2b2a6 ......
checking 1b0322ebab523163f6b1ca189191c125bf58ebbc ......
	 orig commit -> d90b88fd3653f1fb66ecc6571b860d5a5749fa56 ......
checking af46f4c0372aea3813afa6f2d9debb39346655c3 ......
	 orig commit -> cb6acd01e2e43fd8bad11155752b7699c3d0fb76 ......
checking 442d1144f91508471a82e77c01fca193d1e5bc0c ......
	 orig commit -> 72faa7a773ca59336f3c889e878de81445c5a85c ......
checking 5838a070d1177dc02d7acb553bc02e6f018e024a ......
	 orig commit -> d7ac3c6ef5d8ce14b6381d52eb7adafdd6c8bb3c ......
checking 9e1176f21da05751722d8ee0345697251a739320 ......
	 orig commit -> 0237199186e7a4aa5310741f0a6498a20c820fd7 ......
checking e7c4193e2a1d59afb622a83f605e7c4b58d0fa33 ......
	 orig commit -> a6da21bb0eae459a375d5bd48baed821d14301d0 ......
checking b9e298f864a3f066914543213c9c5cff3fd69aa2 ......
	 orig commit -> 232ba3a51cc224b339c7114888ed7f0d4d95695e ......
checking a7e2560faea59f89d70123bba4c82cdd162f7c94 ......
	 orig commit -> ecef67cb10db7b83b3b71c61dbb29aa070ab0112 ......
checking 32869c80859a6fd11b7751e2dc61a04f6feaee9b ......
	 orig commit -> 71828b2240692cec0e68b8d867bc00e1745e7fae ......
checking a9494400f8c1ea8d2e760cec1be44dfe225a607b ......
	 orig commit -> be48220edd48ca0d569782992840488a52373a24 ......
checking 87964ee15964dd576c85abce4ec69530cc25acb3 ......
	 orig commit -> e3818541b49fb88650ba339d33cc53e4095da5b3 ......
checking 987e2bfbf8171048db1b133b4294c5ce6deebdfe ......
	 orig commit -> b6e9e5df4ecf100f6a10ab2ade8e46d47a4b9779 ......
checking 980a71678eef1f035fa04ba211c98110515bc37a ......
	 orig commit -> 3da1ed7ac398f34fff1694017a07054d69c5f5c5 ......
checking 153100388f39d6dd9f08dc3ba9f00cae00d575e7 ......
	 orig commit -> 9ef6b42ad6fd7929dd1b6092cb02014e382c6a91 ......
checking 1902c0cb701cbae2bdc3352ea01bdcf98ada7818 ......
	 orig commit -> 99e87f56b48f490fb16b6e0f74691c1e664dea95 ......
checking 03756e820a0213f0d4db77f436878229fce51b2a ......
	 orig commit -> a2288d4e355992d369c50c45d017a85f6061ff71 ......
checking e5e8350da5b17626d6f73b97157d24c66611d0de ......
	 orig commit -> ff7b11aa481f682e0e9711abfeb7d03f5cd612bf ......
checking 46a5caa79ff73c9403ab37475ef47ed4c027e712 ......
	 orig commit -> 07f12b26e21ab359261bf75cfcb424fdc7daeb6d ......
checking bf92de28777726d4e95864e5dae7656ab5a4f769 ......
	 orig commit -> d25ed413d5e51644e18f66e34eec049f17a7abcb ......
checking b275f8e6a0096cac11cf697c4e3ad226070264f5 ......
	 orig commit -> 58bdd544e2933a21a51eecf17c3f5f94038261b5 ......
checking 4de7d30668cb8b06330992e1cd336f91700a2ce7 ......
	 orig commit -> 5845f706388a4cde0f6b80f9e5d33527e942b7d9 ......
checking fcfe700acdc1c72eab231300e82b962bac2b2b2c ......
	 orig commit -> 5578de4834fe0f2a34fedc7374be691443396d1f ......
checking 0e8ea299ded68ffe0d1bb974ca4a34a56b162a0b ......
	 orig commit -> 6e46e2d821bb22b285ae8187959096b65d063b0d ......
checking c3a0550e0f1c822f929cb96bd559cb53d00692ce ......
	 orig commit -> bf48648d650db1146b75b9bd358502431e86cf4f ......
checking 390ca73e722d77ca776df52b351eb855f4ee5ee3 ......
	 orig commit -> cf1c9ccba7308e48a68fa77f476287d9d614e4c7 ......
checking be11d272e843c47cc7b03f9bd94cf109589db343 ......
	 orig commit -> 2b3c6885386020b1b9d92d45e8349637e27d1f66 ......
checking 71d1e057fe117c23688a8b08bec410265954008a ......
	 orig commit -> 0e63208915a8d7590d0a6218dadb2a6a00ac705a ......
checking 1c69361496c97501f205d4ef2bc7b9c8d4c8a699 ......
	 orig commit -> 692c31bd4054212312396b1d303bffab2c5b93a7 ......
checking 094a60b28e8f391100294bcf2e0373e6272d3d8d ......
	 orig commit -> b33b7cd6fd86478dd2890a9abeb6f036aa01fdf7 ......
checking 306bbaeb077068141d472b922ae1adf7ab81fd72 ......
	 orig commit -> 895a5e96dbd6386c8e78e5b78e067dcc67b7f0ab ......
checking c031a613ff80001c7d02bcbe431509e009d7bde2 ......
	 orig commit -> c6195a8bdfc62a7cecf7df685e64847a4b700275 ......
checking 412a0e856464b3a063afa721bb928fa0257a9752 ......
	 orig commit -> 87c11f1ddbbad38ad8bad47af133a8208985fbdf ......
checking acdaa51ac269930ec757065b3f433f6bb943ffb9 ......
	 orig commit -> 9bcf065e28122588a6cbee08cf847826dacbb438 ......
checking 313de388865ca397fef61d592cfb364f981329fc ......
	 orig commit -> dda037057a572f5c82ac2499eb4e6fb17600ba3e ......
checking 6f06591fc56b0060714956885d120b8958fea33e ......
	 orig commit -> 479826cc86118e0d87e5cefb3df5b748e0480924 ......
checking 888b943801226a5008feb602b44fb597992b2288 ......
	 orig commit -> 8d7fa3d4ea3f0ca69554215e87411494e6346fdc ......
checking 4beb72360b435bba31d92dae8fb742b5f14b0b5e ......
	 orig commit -> dd9d3d86b08d6a106830364879c42c78db85389c ......
checking 910ae4e055528090d7142e89b494e4c2f2478750 ......
	 orig commit -> 6431866b6707d27151be381252d6eef13025cfce ......
checking 85cf5519050d151a77273171f2b2faf0ce5af8eb ......
	 orig commit -> 625c85a62cb7d3c79f6e16de3cfa972033658250 ......
