Check from v4.14.83 to v4.14.84
Commit count: 60
checking 4201a586f1fa63de5a965a1ebc3b99e0e1a4912c ......
checking 3c7f1671af5f1bef6fac4e9ad7416e7a5a4ed295 ......
	 orig commit -> 7e241f647dc7087a0401418a187f3f5b527cc690 ......
checking 540f89376ba2949f53ed6f057fea321be848cd43 ......
	 orig commit -> 8c01db7619f07c85c5cd81ec5eb83608b56c88f5 ......
checking 3cf1a2b4e0b3eae21abd25d535142e7b6ac3209c ......
	 orig commit -> 2bbb5fa37475d7aa5fa62f34db1623f3da2dfdfa ......
checking 16c233b9b6c8758207f0079737bf36bda9cd9094 ......
	 orig commit -> fee05f455ceb5c670cbe48e2f9454ebc4a388554 ......
checking fb37c765e28d778f53c66c7727254f8ac2f047ea ......
	 orig commit -> f6501f49199097b99e4e263644d88c90d1ec1060 ......
checking 939936e6015d007f6ef2e344f5e2ec809074c987 ......
	 orig commit -> 7c97301285b62a41d6bceded7d964085fc8cc50f ......
checking 041fa1f61997142e52331eee0eba84ffdbf85bd2 ......
	 orig commit -> a77112577667cbda7c6292c52d909636aef31fd9 ......
checking d7385bcf1887642ac0f0c7c6b82efc0d3c3c5f45 ......
	 orig commit -> deefd24228a172d1b27d4a9adbfd2cdacd60ae64 ......
checking 578f05a757bf76e828fe244994436947187bcfe3 ......
	 orig commit -> 63529eaa6164ef7ab4b907b25ac3648177e5e78f ......
checking f6a6ae4e0f345aa481535bfe2046cd33f4dc37b8 ......
	 orig commit -> 432798195bbce1f8cd33d1c0284d0538835e25fb ......
checking 2fc77700daa9f2faf7e61f46c1d784fd85867dfc ......
	 orig commit -> 82fba2df7f7c019627f24c5036dc99f41731d770 ......
checking 817266cb8d45b74a695fb8a27e12b17cf087d7b1 ......
	 orig commit -> 92539d3eda2c090b382699bbb896d4b54e9bdece ......
checking a17989cb9bb03c75bb57dddc0f044100fd4d856e ......
	 orig commit -> a0e6e0831c516860fc7f9be1db6c081fe902ebcf ......
checking d412ab7cfc0de3c01befb5d32746eaf512929bde ......
	 orig commit -> d52888aa2753e3063a9d3a0c9f72f94aa9809c15 ......
		 d52888aa2753e3063a9d3a0c9f72f94aa9809c15 has problem. Fixes commit -> 254eb5505ca0ca749d3a491fc6668b6c16647a99
16877a5570e0c5f4270d5b17f9bab427bcae9514
commit 10294811172cc7f4ff1d67ef842064f5a4cf5fce
Author: Kirill A. Shutemov <kirill.shutemov@linux.intel.com>
Date:   Fri Nov 30 23:23:28 2018 +0300

    x86/dump_pagetables: Fix LDT remap address marker
    
    [ Upstream commit 254eb5505ca0ca749d3a491fc6668b6c16647a99 ]
    
    The LDT remap placement has been changed. It's now placed before the direct
    mapping in the kernel virtual address space for both paging modes.
    
    Change address markers order accordingly.
    
    Fixes: d52888aa2753 ("x86/mm: Move LDT remap out of KASLR region on 5-level paging")
    Signed-off-by: Kirill A. Shutemov <kirill.shutemov@linux.intel.com>
    Signed-off-by: Thomas Gleixner <tglx@linutronix.de>
    Cc: bp@alien8.de
    Cc: hpa@zytor.com
    Cc: dave.hansen@linux.intel.com
    Cc: luto@kernel.org
    Cc: peterz@infradead.org
    Cc: boris.ostrovsky@oracle.com
    Cc: jgross@suse.com
    Cc: bhe@redhat.com
    Cc: hans.van.kranenburg@mendix.com
    Cc: linux-mm@kvack.org
    Cc: xen-devel@lists.xenproject.org
    Link: https://lkml.kernel.org/r/20181130202328.65359-3-kirill.shutemov@linux.intel.com
    Signed-off-by: Sasha Levin <sashal@kernel.org>

commit 0f0b37af1d3c11cf4d17c4b74e2ba3bb23b277fb
Author: Kirill A. Shutemov <kirill.shutemov@linux.intel.com>
Date:   Fri Nov 30 23:23:27 2018 +0300

    x86/mm: Fix guard hole handling
    
    [ Upstream commit 16877a5570e0c5f4270d5b17f9bab427bcae9514 ]
    
    There is a guard hole at the beginning of the kernel address space, also
    used by hypervisors. It occupies 16 PGD entries.
    
    This reserved range is not defined explicitely, it is calculated relative
    to other entities: direct mapping and user space ranges.
    
    The calculation got broken by recent changes of the kernel memory layout:
    LDT remap range is now mapped before direct mapping and makes the
    calculation invalid.
    
    The breakage leads to crash on Xen dom0 boot[1].
    
    Define the reserved range explicitely. It's part of kernel ABI (hypervisors
    expect it to be stable) and must not depend on changes in the rest of
    kernel memory layout.
    
    [1] https://lists.xenproject.org/archives/html/xen-devel/2018-11/msg03313.html
    
    Fixes: d52888aa2753 ("x86/mm: Move LDT remap out of KASLR region on 5-level paging")
    Reported-by: Hans van Kranenburg <hans.van.kranenburg@mendix.com>
    Signed-off-by: Kirill A. Shutemov <kirill.shutemov@linux.intel.com>
    Signed-off-by: Thomas Gleixner <tglx@linutronix.de>
    Tested-by: Hans van Kranenburg <hans.van.kranenburg@mendix.com>
    Reviewed-by: Juergen Gross <jgross@suse.com>
    Cc: bp@alien8.de
    Cc: hpa@zytor.com
    Cc: dave.hansen@linux.intel.com
    Cc: luto@kernel.org
    Cc: peterz@infradead.org
    Cc: boris.ostrovsky@oracle.com
    Cc: bhe@redhat.com
    Cc: linux-mm@kvack.org
    Cc: xen-devel@lists.xenproject.org
    Link: https://lkml.kernel.org/r/20181130202328.65359-2-kirill.shutemov@linux.intel.com
    Signed-off-by: Sasha Levin <sashal@kernel.org>
commit 10294811172cc7f4ff1d67ef842064f5a4cf5fce
Author: Kirill A. Shutemov <kirill.shutemov@linux.intel.com>
Date:   Fri Nov 30 23:23:28 2018 +0300

    x86/dump_pagetables: Fix LDT remap address marker
    
    [ Upstream commit 254eb5505ca0ca749d3a491fc6668b6c16647a99 ]
    
    The LDT remap placement has been changed. It's now placed before the direct
    mapping in the kernel virtual address space for both paging modes.
    
    Change address markers order accordingly.
    
    Fixes: d52888aa2753 ("x86/mm: Move LDT remap out of KASLR region on 5-level paging")
    Signed-off-by: Kirill A. Shutemov <kirill.shutemov@linux.intel.com>
    Signed-off-by: Thomas Gleixner <tglx@linutronix.de>
    Cc: bp@alien8.de
    Cc: hpa@zytor.com
    Cc: dave.hansen@linux.intel.com
    Cc: luto@kernel.org
    Cc: peterz@infradead.org
    Cc: boris.ostrovsky@oracle.com
    Cc: jgross@suse.com
    Cc: bhe@redhat.com
    Cc: hans.van.kranenburg@mendix.com
    Cc: linux-mm@kvack.org
    Cc: xen-devel@lists.xenproject.org
    Link: https://lkml.kernel.org/r/20181130202328.65359-3-kirill.shutemov@linux.intel.com
    Signed-off-by: Sasha Levin <sashal@kernel.org>
checking 09917457494163dec35a74745ff04184385c8d32 ......
	 orig commit -> f6c66d73bb8192d357bb5fb8cd5826920f811d8c ......
checking ce41e5fc90d4039907046e10b8d8dd7206ec36a4 ......
	 orig commit -> 4d99e4136580d178e3523281a820be17bf814bf8 ......
		 4d99e4136580d178e3523281a820be17bf814bf8 has problem. Fixes commit -> eaeffeb9838a7c0dec981d258666bfcc0fa6a947
commit 060c8899d4f992f35a5a0e9306e07da4160a270e
Author: Adrian Hunter <adrian.hunter@intel.com>
Date:   Mon Mar 4 15:13:21 2019 +0200

    perf probe: Fix getting the kernel map
    
    commit eaeffeb9838a7c0dec981d258666bfcc0fa6a947 upstream.
    
    Since commit 4d99e4136580 ("perf machine: Workaround missing maps for
    x86 PTI entry trampolines"), perf tools has been creating more than one
    kernel map, however 'perf probe' assumed there could be only one.
    
    Fix by using machine__kernel_map() to get the main kernel map.
    
    Signed-off-by: Adrian Hunter <adrian.hunter@intel.com>
    Tested-by: Joseph Qi <joseph.qi@linux.alibaba.com>
    Acked-by: Masami Hiramatsu <mhiramat@kernel.org>
    Cc: Alexander Shishkin <alexander.shishkin@linux.intel.com>
    Cc: Andy Lutomirski <luto@kernel.org>
    Cc: Greg Kroah-Hartman <gregkh@linuxfoundation.org>
    Cc: Jiufei Xue <jiufei.xue@linux.alibaba.com>
    Cc: Peter Zijlstra <peterz@infradead.org>
    Cc: stable@vger.kernel.org
    Cc: Xu Yu <xuyu@linux.alibaba.com>
    Fixes: 4d99e4136580 ("perf machine: Workaround missing maps for x86 PTI entry trampolines")
    Fixes: d83212d5dd67 ("kallsyms, x86: Export addresses of PTI entry trampolines")
    Link: http://lkml.kernel.org/r/2ed432de-e904-85d2-5c36-5897ddc5b23b@intel.com
    Signed-off-by: Arnaldo Carvalho de Melo <acme@redhat.com>
    Signed-off-by: Greg Kroah-Hartman <gregkh@linuxfoundation.org>
checking 5d390059eab4bc9b3bfcba01a214ab873514f578 ......
	 orig commit -> 9cecca325ea879c84fcd31a5e609a514c1a1dbd1 ......
checking 4edc059bac38f8cb59a8e539fb36fe0b8d19c55e ......
	 orig commit -> 19422a9f2a3be7f3a046285ffae4cbb571aa853a ......
checking e404a6294a31b2b68cecdd2e89d61cc6ed87dddd ......
	 orig commit -> dbbd34a666ee117d0e39e71a47f38f02c4a5c698 ......
checking 8c209c38d8fa633bfd519476f6b616ee1bc8eb06 ......
	 orig commit -> 5a802a7a285c8877ca872e44eeb0f06afcb5212f ......
checking 26eff850549b52e43d0bc61f4682952fe2da293d ......
	 orig commit -> 025911a5f4e36955498ed50806ad1b02f0f76288 ......
checking c887029c11d0c2bc14da9eb02704669cebab89a9 ......
checking 47ff76ee9c9c938531ec97b7b4a74804a10f04fc ......
	 orig commit -> 8137b6ef0ce469154e5cf19f8e7fe04d9a72ac5e ......
checking fe2c4df2692de3c724ac8720d4479cbe16d89814 ......
	 orig commit -> fa5c448d98f0df660bfcad3dd5facc027ef84cd3 ......
checking 082810cb7f21c52dbe4c15f247e87ad22b88bbb8 ......
	 orig commit -> 2632f22ebd08da249c2017962a199a0cfb2324bf ......
checking 484ef227384f88c0b52e9dd43529eccf7c4025da ......
	 orig commit -> 39477551df940ddb1339203817de04f5caaacf7a ......
checking eddf9365687f829beeca47a3d0cfcdf6252e46a1 ......
	 orig commit -> ba766b8b99c30ad3c55ed8cf224d1185ecff1476 ......
checking fc88b3abe23fe3d4cb2e2b1f3f7036e7f68889fe ......
	 orig commit -> 6ac2226229d931153331a93d90655a3de05b9290 ......
checking ef8d2a5d990af5d658aafd37b41e29782b690bff ......
	 orig commit -> 40fa3780bac2b654edf23f6b13f4e2dd550aea10 ......
checking 850e4ca7868046e13b66cb0d656398960efc4162 ......
	 orig commit -> 0bb2ae1b26e1fb7543ec7474cdd374ac4b88c4da ......
checking 615a30e8dbc9c60bb35f3687072fb077160ea0b7 ......
	 orig commit -> 313a06e636808387822af24c507cba92703568b1 ......
checking 35b3e230a2b5dc9068a8779f1b77754b9c3edfde ......
	 orig commit -> f98e8a572bddbf27032114127d2fcc78fa5e6a9d ......
checking c6b1ef1110ce90b66dbd957b706d58fd1ce4f4b4 ......
	 orig commit -> 6ca469e22a30992b4478d2ab88737c70667c1e00 ......
	 orig commit -> 0586feba322e1de05075700eb4b835c8b683e62b ......
checking 21eb778e7dd55c4a690b662d988798a2eb988c1d ......
	 orig commit -> e3e61f01d755188cb6c2dcf5a244b9c0937c258e ......
checking 8cab58117e72caa2234323ce399f77037fe4dea2 ......
	 orig commit -> bd74a7f9cc033cf4d405788f80292268987dc0c5 ......
checking fdf4e678ea193ec9c2e099509994a118260f0d8c ......
	 orig commit -> 54451f60c8fa061af9051a53be9786393947367c ......
checking 79f2eb5fde82c5264cb51cf52c1c24bd3cef6b47 ......
	 orig commit -> 17b8b74c0f8dbf9b9e3301f9ca5b65dd1c079951 ......
checking 28bd72a7262a2256d4e2fa35b8bba47cb43e8142 ......
	 orig commit -> a541f0ebcc08ed8bc0cc492eec9a86cb280a9f24 ......
checking 0d5d0b5c41f766355f2b42c47d13ea001f754c7d ......
	 orig commit -> 886503f34d63e681662057448819edb5b1057a97 ......
checking a1e0ae82cfd5f05973a6459ec17ed61df5cf0f9f ......
	 orig commit -> 439cd39ea136d2c026805264d58a91f36b6b64ca ......
checking 221609ce4ce547d2fbad0e7ecd68d66e12f358ec ......
	 orig commit -> b44b136a3773d8a9c7853f8df716bd1483613cbb ......
checking 10c51fa85c9879f7d90b184f940e2e16e5e3b330 ......
	 orig commit -> b5bb425871186303e6936fa2581521bdd1964a58 ......
checking 4f9ffc2711d0d6651b67fa68ab75feec7201ecff ......
	 orig commit -> 684238d79ad85c5e19a71bb5818e77e329912fbc ......
checking ad2e60ff51a7bbcaf87cf66875e3a28aaefbaedd ......
	 orig commit -> d2266bbfa9e3e32e3b642965088ca461bd24a94f ......
checking d0a636aa44f9e7cbac2a90e191bc0ad840b10b9e ......
	 orig commit -> 250f2da49cb8e582215a65c03f50e8ddf5cd119c ......
checking e2a11843feaac0a4c7f6047ab433a059f0122603 ......
	 orig commit -> b33228029d842269e17bba591609e83ed422005d ......
checking a088fde602b8dc3183fb40fa2e706455243bd900 ......
	 orig commit -> 515f1867addaba49c1c6ac73abfaffbc192c1db4 ......
checking bff410ea7ec2541a38d353a9e012f7f4622e17c1 ......
	 orig commit -> d6afa561e1471ccfdaf7191230c0c59a37e45a5b ......
checking 0333b8fc793bdb01b454a9c2ad3bf2c63a8cb530 ......
	 orig commit -> 52091c256bdcad0d01e2852a63f19cd2cce6af96 ......
checking b36c78af0c4d210aa99b705c4d777adf6a44d67f ......
	 orig commit -> 8d98b1ef368feeb7720b8b9b6f3bd93f2ad892bc ......
checking a3e69ef80467644e7970fdc39452f2247994fc3f ......
	 orig commit -> 922dceff8dc1fb4dafc9af78139ba65671408103 ......
checking a134b05a43ae2327036e860fb10c74389b5bd971 ......
	 orig commit -> 7ff1e34bbdc15acab823b1ee4240e94623d50ee8 ......
checking f2e71fed903fa6441188f4ac8b0df6528711cae3 ......
	 orig commit -> 0a3021d4f5295aa073c7bf5c5e4de60a2e292578 ......
checking dc50dd3ac68b092c0bcb05cbd8b604e8d517185a ......
	 orig commit -> d057c036672f33d43a5f7344acbb08cf3a8a0c09 ......
checking 195169e26eaa18da05f0b63cc4b7dbfa50d70752 ......
	 orig commit -> b10298d56c9623f9b173f19959732d3184b35f4f ......
checking f54c21ee5dcede4164e8924a525d801f2fe855fd ......
	 orig commit -> 6702185c1ffec3421181b5e24491e3fac920cb61 ......
checking aa9571b2015d270a3e73a66d3a5b27c37836fd6a ......
	 orig commit -> 966866892cf89d606544bca22d584ba2ef9ec208 ......
checking bc32d90e4d45b4f544527efdce2ea57d83f77542 ......
	 orig commit -> 0c5d6cb6643f48ad3775322f3ebab6c7eb67484e ......
checking 426477d9f68b56ab71f52a5ce2dd6da0699d89c3 ......
	 orig commit -> 8c6c9bed8773375b1d54ccca2911ec892c59db5d ......
