Check from v4.14.80 to v4.14.81
Commit count: 223
checking 2e390c487815669fb9bb35d7ea11883cc10a9b50 ......
checking c3cd0a4fe429089701a3480cbbf355495e0642c7 ......
	 orig commit -> 9e753ba9b9b405e3902d9f08aec5f2ea58a0c317 ......
checking 4bea15f7933dc87a091a7481590dd2ea1088b2bf ......
	 orig commit -> 1ae80cf31938c8f77c37a29bbe29e7f1cd492be8 ......
checking dfba4092167df3bb9b6abb0510ea4c680bb8ece5 ......
	 orig commit -> e72bde6b66299602087c8c2350d36a525e75d06e ......
checking fc8a236ee0580c920c48696f0df806affa892cbc ......
	 orig commit -> 4ee3fad34a9cc2cf33303dfbd0cf554248651c86 ......
checking 3c2d1ef3dfe0d798266f3ae4d3b7e13aa4956f4d ......
	 orig commit -> 9084cb6a24bf5838a665af92ded1af8363f9e563 ......
checking bf005ed0fbddd6a5e3a2c1c3b222c4104a9819b5 ......
	 orig commit -> 421f0922a2cfb0c75acd9746454aaa576c711a65 ......
checking c8bac97db4639b958af13cc41ebcaea3297d4e72 ......
	 orig commit -> c495144bc6962186feae31d687596d2472000e45 ......
checking 87d7ea688393835feeeb5afc2fd4691e8a733da7 ......
	 orig commit -> 30928e9baac238a7330085a1c5747f0b5df444b4 ......
		 30928e9baac238a7330085a1c5747f0b5df444b4 has problem. Fixes commit -> d6fd0ae25c6495674dc5a41a8d16bc8e0073276d
checking 42551ab618977b1e8d0b296f937b1aa80e93cd39 ......
	 orig commit -> 49940bdd57779c78462da7aa5a8650b2fea8c2ff ......
checking 7509d4f9ad5ee2b6061f2073dfb5e3f48216c09f ......
	 orig commit -> fb5c39d7a887108087de6ff93d3f326b01b4ef41 ......
checking 65d41e98fd715f93b9d79e4583fdb5db7a176c44 ......
	 orig commit -> ad22cf6ea47fa20fbe11ac324a0a15c0a9a4a2a9 ......
checking 947a9b021baf0521a12b1895c81507d7f5c2ddbe ......
	 orig commit -> 7ed586d0a8241e81d58c656c5b315f781fa6fc97 ......
checking bdda31751a2074cbfcf64f52b59b165c06204ae5 ......
	 orig commit -> 3527a018c00e5dbada2f9d7ed5576437b6dd5cfb ......
checking 08374d8bc19ba9899257b6e7824588eb4e5ff0f5 ......
	 orig commit -> 9c7b0c2e8dbfbcd80a71e2cbfe02704f26c185c6 ......
checking 45be291e9def76b8c42c10bfbf482a9dc81aa537 ......
	 orig commit -> 0f375eed92b5a407657532637ed9652611a682f5 ......
checking 985579fa688e8fed8ed3570210af7201dc67d179 ......
	 orig commit -> f2d72f42d5fa3bf33761d9e47201745f624fcff5 ......
checking 0ae66cf18fc52d3f3285b5090b3e4516e4fcc1ed ......
	 orig commit -> 545e3366db823dc3342ca9d7fea803f829c9062f ......
checking a7e3da4918b18ad8ff3848c9054425e8143a991c ......
	 orig commit -> 553cceb49681d60975d00892877d4c871bf220f9 ......
checking b5d59a48c3724d2fdfa145a9dfa64261299aee45 ......
	 orig commit -> 84de76a2fb217dc1b6bc2965cc397d1648aa1404 ......
checking 9ce0f8b6fb06afb39a4dba8a8aa9ed4ccd5134b5 ......
	 orig commit -> 3aa7c7a31c26321696b92841d5103461c6f3f517 ......
checking da05e93720843101d7b70c84b63805a37d4485d1 ......
	 orig commit -> 0be88e367fd8fbdb45257615d691f4675dda062f ......
checking a7d24c89db0b0b664046aebd1e0f9aef7306b944 ......
	 orig commit -> d4e329de5e5e21594df2e0dd59da9acee71f133b ......
checking 2fdb337b67bcc407c0eaf1108786cb1300fe1ff1 ......
	 orig commit -> 6ba9fc8e628becf0e3ec94083450d089b0dec5f5 ......
checking 7b23644c64fd2d4033cf265bb3f131cccffdc453 ......
	 orig commit -> 93bba24d4b5ad1e5cd8b43f64e66ff9d6355dd20 ......
checking e2fc220f5cfd10ca7cd74ef622e8906287db1c7e ......
	 orig commit -> 374b0e2d6ba5da7fd1cadb3247731ff27d011f6f ......
checking d36ac4a32275f6c551c9e2d0284b3e0ef79623ec ......
	 orig commit -> b72c3aba09a53fc7c1824250d71180ca154517a7 ......
checking 61e3643dc51e8368a8042252fa1b3cca00784923 ......
	 orig commit -> 65c6e82becec33731f48786e5a30f98662c86b16 ......
checking 2f7e525a25e10e66f87b2329b1b8ab4d311e5f4e ......
	 orig commit -> 3628b4ca64f24a4ec55055597d0cb1c814729f8b ......
checking e09399e8047e4cf7d6df0b3029ce4b13ab5970eb ......
	 orig commit -> 48dc0ef19044bfb69193302fbe3a834e3331b7ae ......
checking 59bc2d3a68ad99c72972caadfa350e758af65e8b ......
	 orig commit -> 1dc6bd5e39a29453bdcc17348dd2a89f1aa4004e ......
checking 1258e45dc460aa29dd70fd715fd1624b7ab93ef1 ......
	 orig commit -> 74121b9aa3cd571ddfff014a9f47db36cae3cda9 ......
checking 540631d9e690431fdc214b98e2f623838d84b03c ......
	 orig commit -> ce3bf934f919a7d675c5b7fa4cc233ded9c6256e ......
checking fdd780d0a26070e59fe2c3690a776aad25227756 ......
	 orig commit -> 672ca9dd13f1aca0c17516f76fc5b0e8344b3e46 ......
checking 7f46d951fd3389089500623a9f026e4d25be823a ......
	 orig commit -> 940c620d6af8fca7d115de40f19870fba415efac ......
checking ad2c712b50597ab70cdf9c75101518a6837d0e69 ......
	 orig commit -> 2a6c7c367de82951c98a290a21156770f6f82c84 ......
checking baf1746da59e310f8e7d016090e2d447e867828a ......
	 orig commit -> a58c37978cf02f6d35d05ee4e9288cb8455f1401 ......
checking 453a8a459cc2cd6c975449c04e0720fe118e4056 ......
	 orig commit -> afeaade90db4c5dab93f326d9582be1d5954a198 ......
checking a4e311ed2390394d32806d5fcca5542505f5f47f ......
	 orig commit -> 15644bfa195bd166d0a5ed76ae2d587f719c3dac ......
checking 3dfd975bb1c360932ec718bf83f65bad594e964c ......
	 orig commit -> 5c4c4505b716cb782ad7263091edc466c4d1fbd4 ......
checking 1f1eb8444ba04c530c2e6f024a77e94782a6279f ......
	 orig commit -> f823ce2a1202d47110a7ef86b65839f0be8adc38 ......
checking 4e6d30de2e44fab869078194a6b1686659579a70 ......
	 orig commit -> 6cc4a0863c9709c512280c64e698d68443ac8053 ......
checking 034680fcf1e96977d0e80ff8a6ceb9c1b5326bac ......
	 orig commit -> d3132b3860f6cf35ff7609a76bbcdbb814bd027c ......
checking 8305d98c58d238b82c0def1e4395724381c58c9e ......
	 orig commit -> 1bd54d851f50dea6af30c3e6ff4f3e9aab5558f9 ......
checking fdff1cf08931439f5807dcf336947c2adaeec37d ......
	 orig commit -> 250854eed5d45a73d81e4137dfd85180af6f2ec3 ......
checking e7f6b41ad2aab1453f0ff64b014027209e8ea632 ......
	 orig commit -> 3f2aa244ee1a0d17ed5b6c86564d2c1b24d1c96b ......
checking 34e0ab871c813d9f8939f30198a972d9a476c20c ......
	 orig commit -> 7d321bd3542500caf125249f44dc37cb4e738013 ......
checking d70d2e3c4ab8c29330b91b210514e32bee13ec1e ......
	 orig commit -> c0fae7e2452b90c31edd2d25eb3baf0c76b400ca ......
checking dfed53c894d5578031175d11bc56e3031ce0991b ......
	 orig commit -> 0f99153def98134403c9149128e59d3e1786cf04 ......
checking 37531246704e708a5b3ee4a9498493cc4ff0c4bb ......
	 orig commit -> 3d4e738311327bc4ba1d55fbe2f1da3de4a475f9 ......
checking 229cbc6123b4b1d2d46956a869e6dbf6905265a4 ......
	 orig commit -> 33c2865f8d011a2ca9f67124ddab9dc89382e9f1 ......
checking a0a4629065e4cc4a79b91d9942afb5565d86b462 ......
	 orig commit -> 800a7340ab7dd667edf95e74d8e4f23a17e87076 ......
checking a45ce0e1b9cd86443406462375c4004f55f7a881 ......
	 orig commit -> 93f38b6fae0ea8987e22d9e6c38f8dfdccd867ee ......
checking eecd97e13c1553dfff1c159513b6ab041f53a70a ......
	 orig commit -> bb6ad5572c0022e17e846b382d7413cdcf8055be ......
checking eecbf2c22b3f0dca05a199a8992ac2158266dfbd ......
	 orig commit -> fdbd1a2e4a71adcb1ae219fcfd964930d77a7f84 ......
checking 1796b3898e51d4f435f17b8ff54458f5fd541d46 ......
	 orig commit -> 943cff67b842839f4f35364ba2db5c2d3f025d94 ......
checking e6b8a4d76ae25fbb26b9e72f03007406329bd021 ......
	 orig commit -> 746a923b863a1065ef77324e1e43f19b1a3eab5c ......
checking cc4dcea8b0f76c01dd6b64f1f84032c768896bba ......
	 orig commit -> 277fcdb2cfee38ccdbe07e705dbd4896ba0c9930 ......
checking e629461b6b2d1a115779281411b49640cd9a8db8 ......
	 orig commit -> 926674de6705f0f1dbf29a62fd758d0977f535d6 ......
checking 122f2bd8d3e0998561f0c4c51bf242c0f6267861 ......
	 orig commit -> 1e77a8c204c9d1b655c61751b8ad0fde22421dbb ......
checking 54341b9fa4cf5022170302e8f9ac6026546e24f4 ......
	 orig commit -> 2c887635cd6ab3af619dc2be94e5bf8f2e172b78 ......
checking 6838bb61b194aa17981ee242e331bd65b41661a1 ......
	 orig commit -> a007734618fee1bf35556c04fa498d41d42c7301 ......
checking 28a1aaeda80f815bccb7c0dada9a0cbe86889e6b ......
	 orig commit -> aea835f2dc8a682942b859179c49ad1841a6c8b9 ......
checking c4ecff9bc4daf9b0d7d77ae8211ada97ac732079 ......
	 orig commit -> bc1b45326223e7e890053cf6266357adfa61942d ......
checking 39b6d86b316e5d3d338d661ab6468beef1b5bb91 ......
	 orig commit -> d3fa21c73c391975488818b085b894c2980ea052 ......
checking 8b38d82b0d278d5725e02e470f3cdd46423ba7b1 ......
	 orig commit -> 8911a43bc198877fad9f4b0246a866b26bb547ab ......
checking d6ea9f3055378e7e520264025b6cc63c88615577 ......
	 orig commit -> 6a32c2469c3fbfee8f25bcd20af647326650a6cf ......
checking f1df765432518a30b1bcf56d1d03bdd5a1821dee ......
	 orig commit -> da5a3ce66b8bb51b0ea8a89f42aac153903f90fb ......
checking 9d3cc761c5d7cbcef96758bac4e4cee53d2136c8 ......
	 orig commit -> aab8d0520e6e7c2a61f71195e6ce7007a4843afb ......
checking d197121a077a39f6c33729ae5d4bef2d1a9c1596 ......
	 orig commit -> 22146c3ce98962436e401f7b7016a6f664c9ffb5 ......
checking 4c6fda12ff1d187590083a5615cee5501c60142c ......
	 orig commit -> 1e4c8dafbb6bf72fb5eca035b861e39c5896c2b7 ......
checking 0c5e357fa89d64f414014046ec14979f72de0261 ......
	 orig commit -> fa76da461bb0be13c8339d984dcf179151167c8f ......
checking 0c8496c52a98039b6d8ca46db2f4478779b957fe ......
	 orig commit -> 331351f89c36bf7d03561a28b6f64fa10a9f6f3a ......
checking e86f4842f84a4494227aa4d1ab76acb68d86fb1a ......
	 orig commit -> fbe1a850b3b1522e9fc22319ccbbcd2ab05328d2 ......
checking 51f62e827191f4ba02c2a001b9e6f25605bfa649 ......
	 orig commit -> a36700589b85443e28170be59fa11c8a104130a5 ......
checking eb7f3c513d1c898abdc66809406d62ce9ec7c50d ......
	 orig commit -> 0ab93e9c99f8208c0a1a7b7170c827936268c996 ......
checking 635c8c9ce51bcee0902c5a4d2996163e30213320 ......
	 orig commit -> a7f58b9ecfd3c0f63703ec10f4a592cc38dbd1b8 ......
checking 2b216de5804f6dac761bbf6667bc707ea1aeb771 ......
	 orig commit -> d0c9606b31a21028fb5b753c8ad79626292accfd ......
checking 19e14e8816d0a079671eb917606a4b586321ec12 ......
	 orig commit -> aeae4f3e5c38d47bdaef50446dc0ec857307df68 ......
checking 255fb2e03694901f8178d9766ab3c043be6ed33b ......
	 orig commit -> 6d0af44a82be87c13f2320821e9fbb8b8cf5a56f ......
checking 074df512d4d02eaf793ffddf46ab45cdaba374e1 ......
	 orig commit -> 8f18973877204dc8ca4ce1004a5d28683b9a7086 ......
checking 65ce0542891852aa680a5478e091ea2f9adec7d8 ......
	 orig commit -> 432de7fd7630c84ad24f1c2acd1e3bb4ce3741ca ......
checking 52314c7f81d8a3af54c40b213bfa3d9b060038e1 ......
	 orig commit -> 8960de4a5ca7980ed1e19e7ca5a774d3b7a55c38 ......
checking 872f9d86659a84fca92c4908c3c0fbaebf9d007c ......
	 orig commit -> f11274396a538b31bc010f782e05c2ce3f804c13 ......
checking 44dcd01ee170f776fec7bd6386d08a525d713b91 ......
	 orig commit -> 33458eaba4dfe778a426df6a19b7aad2ff9f7eec ......
checking d197b725e9f0ef87ba014247211b0b900d868e04 ......
	 orig commit -> 182a79e0c17147d2c2d3990a9a7b6b58a1561c7a ......
checking 65dc3dd8c550d7b16b4901b2fe4c4cd022931a0e ......
	 orig commit -> dc7ac6c4cae3b58724c2f1e21a7c05ce19ecd5a8 ......
checking 13b63ba40348d9c43c3842632d3f371a97ca5fe4 ......
	 orig commit -> 625ef8a3acd111d5f496d190baf99d1a815bd03e ......
checking 63be2065bf4d66c50d3d43935c4687d25642dbbd ......
	 orig commit -> 3df629d873f8683af6f0d34dfc743f637966d483 ......
checking cf08282805374fbf0c3c6a124f8e4687c21c6615 ......
	 orig commit -> ccd3c4373eacb044eb3832966299d13d2631f66f ......
checking 97a063dfcbdf910bfe330c1ca53bd7c70ae1ae75 ......
	 orig commit -> 013c2403bf32e48119aeb13126929f81352cc7ac ......
checking 83fc44a1498347d5fcb670d3b7536bea356a5c9f ......
	 orig commit -> 9c80c5a8831471e0a3e139aad1b0d4c0fdc50b2f ......
checking 75c7ba4853719d8efec51f45d3f26ff2b4991a2e ......
	 orig commit -> 5d394eee2c102453278d81d9a7cf94c80253486a ......
checking 1490de2bb0836fc0631c04d0559fdf81545b672f ......
	 orig commit -> b6eae0f61db27748606cc00dafcfd1e2c032f0a5 ......
checking 381fa28746b552875e3eccfbfdd45a7bc97f4d92 ......
	 orig commit -> e57cb3b3f10d005410f09d4598cc6d62b833f2b0 ......
checking 1e4465dae54959cb92d1bb949df67b0b40372eac ......
	 orig commit -> 27d8d2d7a9b7eb05c4484b74b749eaee7b50b845 ......
checking 1d982ccf0e67d9248a10a5aab1f3d96825099a19 ......
	 orig commit -> 076ed3da0c9b2f88d9157dbe7044a45641ae369e ......
checking 0c38cad1d15004c2d6dc188a6f3f362a98883334 ......
	 orig commit -> 3d71c3f1f50cf309bd20659422af549bc784bfff ......
checking c459fed018c33ae79dbb892ba2a5874cc7932781 ......
	 orig commit -> afc92514a34c7414b28047b1205a6b709103c699 ......
checking 255624a35b4ca228bac9a1f135263e28c27c4640 ......
	 orig commit -> e28fd56ad5273be67d0fae5bedc7e1680e729952 ......
checking acc14d41da801242ef7ad21c55a7f2569a1fd2f1 ......
	 orig commit -> 6528d88047801b80d2a5370ad46fb6eff2f509e0 ......
checking 9ba9232f654da32311cb5f71a85fc4e792e84d91 ......
	 orig commit -> e6111161c0a02d58919d776eec94b313bb57911f ......
checking ba94ecfc74e4e74acb46afe9a7bea10d869657b9 ......
	 orig commit -> 7deecbda3026f5e2a8cc095d7ef7261a920efcf2 ......
checking cbc3fb7b48dc47d4c14cda0f40721af5b2054c0d ......
	 orig commit -> a856531951dc8094359dfdac21d59cee5969c18e ......
		 a856531951dc8094359dfdac21d59cee5969c18e has problem. Fixes commit -> d3132b3860f6cf35ff7609a76bbcdbb814bd027c
commit 034680fcf1e96977d0e80ff8a6ceb9c1b5326bac
Author: Juergen Gross <jgross@suse.com>
Date:   Thu Nov 8 08:35:06 2018 +0100

    xen: fix xen_qlock_wait()
    
    commit d3132b3860f6cf35ff7609a76bbcdbb814bd027c upstream.
    
    Commit a856531951dc80 ("xen: make xen_qlock_wait() nestable")
    introduced a regression for Xen guests running fully virtualized
    (HVM or PVH mode). The Xen hypervisor wouldn't return from the poll
    hypercall with interrupts disabled in case of an interrupt (for PV
    guests it does).
    
    So instead of disabling interrupts in xen_qlock_wait() use a nesting
    counter to avoid calling xen_clear_irq_pending() in case
    xen_qlock_wait() is nested.
    
    Fixes: a856531951dc80 ("xen: make xen_qlock_wait() nestable")
    Cc: stable@vger.kernel.org
    Reported-by: Sander Eikelenboom <linux@eikelenboom.it>
    Signed-off-by: Juergen Gross <jgross@suse.com>
    Reviewed-by: Boris Ostrovsky <boris.ostrovsky@oracle.com>
    Tested-by: Sander Eikelenboom <linux@eikelenboom.it>
    Signed-off-by: Juergen Gross <jgross@suse.com>
    Signed-off-by: Greg Kroah-Hartman <gregkh@linuxfoundation.org>
checking d3e63ec6468a60c25570451ea587b41025e737e0 ......
	 orig commit -> 2ac2a7d4d9ff4e01e36f9c3d116582f6f655ab47 ......
checking bdc96cef37441af23ce3c2661de5f1984be7ee0c ......
	 orig commit -> 3aa6c19d2f38be9c6e9a8ad5fa8e3c9d29ee3c35 ......
checking 57cd3a09665ad99de90b9aa8fd31cec26039163e ......
	 orig commit -> f92898e7f32e3533bfd95be174044bc349d416ca ......
checking d079cf7527518c96ecebda09c2bbf6b6438279dc ......
	 orig commit -> e487a0f52301293152a6f8c4e217f2a11dd808e3 ......
checking 9b86c5a510fdc72a083a918a0d4d00e1cce5287a ......
	 orig commit -> 7250f422da0480d8512b756640f131b9b893ccda ......
checking 6c0bcd457b943c36c177cf1e901848ec38f5a8c5 ......
	 orig commit -> 645b23da6f8b47f295fa87051335d41d139717a5 ......
checking 8f9121b4aa0ff10407b5ec91afb4b33317e9f461 ......
	 orig commit -> eb9e16d8573e243f8175647f851eb5085dbe97a4 ......
checking 4b93b6d7e3f2b6532525c12af06a014a6b71f19f ......
	 orig commit -> 672f33198bee21ee91e6af2cb8f67cfc8bc97ec1 ......
checking b4438856ea1e6337c1c11fee6b612ffafee055cb ......
	 orig commit -> cd6f55457eb449a388e793abd676e3a5b73510bc ......
checking 2cc5dcf7a9e074c5bdfdefea1801aa0a657750d6 ......
	 orig commit -> 4c58ed076875f36dae0f240da1e25e99e5d4afb8 ......
checking a3ab5e3c80106fa6b131e0ad0959d5a8376ce589 ......
	 orig commit -> 164a63fa6b384e30ceb96ed80bc7dc3379bc0960 ......
checking bb61032295732b08a714678e0ccea732dabfc49e ......
	 orig commit -> 8c22e2f695920ebd94f9a53bcf2a65eb36d4dba1 ......
checking edadd638264f3782d0d166125a7a5515523dbe3c ......
	 orig commit -> 78c9be61c3a5cd9e2439fd27a5ffad73a81958c7 ......
checking ab5ed779fe0dcf3e81484409530267880f661d95 ......
	 orig commit -> b97db58557f4aa6d9903f8e1deea6b3d1ed0ba43 ......
checking 0bc6f0649b539b20ebf2096ead11246027ce9bef ......
	 orig commit -> 54f919a04cf221bc1601d1193682d4379dacacbd ......
checking 64b48a5cbea969bb7bd2f779dab52c2753c44e46 ......
	 orig commit -> 9612f8f503804d2fd2f63aa6ba1e58bba4612d96 ......
checking 06bd97b79584764d3ff4dbd42d4ca87d2cbe5a46 ......
	 orig commit -> 3597dfe01d12f570bc739da67f857fd222a3ea66 ......
checking 5ae1c65ae960cdc0b2b9a5a614d54f7cfa33e31a ......
	 orig commit -> cda9cc595f0bb6ffa51a4efc4b6533dfa4039b4c ......
checking 5115854bb3a8bb7c04a191c3e8778faf04a2ec96 ......
	 orig commit -> ca7fb76e091f889cfda1287c07a9358f73832b39 ......
checking 7f4b23ed2cdb5ba7a6edf002ea9cf0f5f684dca5 ......
	 orig commit -> 0ef01a2d95fd62bb4f536e7ce4d5e8e74b97a244 ......
checking adfbc0d10727027a17fb1784548245cda2fae30e ......
	 orig commit -> ae61cf5b9913027c6953a79ed3894da4f47061bd ......
		 ae61cf5b9913027c6953a79ed3894da4f47061bd has problem. Fixes commit -> 6011002c1584d29c317e0895b9667d57f254537a
checking 24e249524e9b19e1e8027904ed3dcbd5e34e9dea ......
	 orig commit -> cfb03be6c7e8a1591285849c361d67b09f5149f7 ......
checking 7987dfa6057678f5864309496c4c26662d93385a ......
	 orig commit -> 8b97d73c4d72a2abf58f8e49062a7ee1e5f1334e ......
checking 6a4e231f265052b0da714076143fe2f2425eee89 ......
	 orig commit -> aae733a3f46f5ef338fbdde26e14cbb205a23de0 ......
checking 00de8eac10fdcc2d3fff63bf2cfa122a15c72aee ......
	 orig commit -> 726d75a6d243bf6730da3216f3592503f6f0f588 ......
checking 0d20b616732e103070f2ffcd061ec0812754808a ......
	 orig commit -> 987d1e8dcd370d96029a3d76a0031b043c4a69ae ......
checking 8cc76433d8c9dd666c19b1aaefd5c55a31115f89 ......
	 orig commit -> 4c1ef72e9b71a19fb405ebfcd37c0a5e16fa44ca ......
checking 34068ae1fa0a91f48ceea69d063ae6f6701d083d ......
	 orig commit -> 19c73a691ccf6fb2f12d4e9cf9830023966cec88 ......
checking 442e2ba5724121abc355712715d027b8453e33c9 ......
	 orig commit -> d595567dc4f0c1d90685ec1e2e296e2cad2643ac ......
checking e75ca3babf06fd59af2e807415f0016d7793d3c9 ......
	 orig commit -> f18b2b83a727a3db208308057d2c7945f368e625 ......
checking 19216bf2820e8b8f98e76baf6964a86faed8027e ......
	 orig commit -> bb80e4fa57eb75ebd64ae9be4155da6d12c1a997 ......
checking e105738583b02017b92ddfd2676f8bc408b88781 ......
	 orig commit -> 6299cf9ec3985cac70bede8a855b5087b81a6640 ......
checking a9ecbed15e83db8b2ff245c3b6138225e6f9783b ......
	 orig commit -> 11924ba5e671d6caef1516923e2bd8c72929a3fe ......
checking 4f4850858f8584a45652ac83fe21feaf7b45c87c ......
	 orig commit -> 25355252607ca288f329ee033f387764883393f6 ......
checking 6057caad215b163aca43c7e0346e2dbc052cc10a ......
	 orig commit -> 0d6d0d62d9505a9816716aa484ebd0b04c795063 ......
checking 38ee346ac1fee2f3da3bfb6ae0e0c07fb85c9f77 ......
	 orig commit -> 074d6f32689ce05a084b6fa3db38445745bf11cc ......
checking 07335466dd5aa91f0e4b60b3254bd032f98d4fd8 ......
	 orig commit -> 325b9313ec3be56c8e2fe03f977fee19cec75820 ......
checking 88018bc071bcfd70b151ff236b6029cc3a9ff7c6 ......
	 orig commit -> d455f29f6d76a5f94881ca1289aaa1e90617ff5d ......
checking b020347269610f3ac05d27c3851e9aa8d1257141 ......
	 orig commit -> 4d6e4d12da2c308f8f976d3955c45ee62539ac98 ......
checking 670ebdf0c41d366ca024f4d1016248e166f8b046 ......
	 orig commit -> 0f6ef65d1c6ec8deb5d0f11f86631ec4cfe8f22e ......
checking 4877db2eab42c7f451f15a1d47a7832b76cd6b98 ......
	 orig commit -> 47db7873136a9c57c45390a53b57019cf73c8259 ......
checking 7d6c6f839e989f0488e0c4a5e2b789bc3cbd0078 ......
	 orig commit -> cfb634fe3052aefc4e1360fa322018c9a0b49755 ......
checking be5658a1dce1664c9b1b414a2ce1a14eceea590a ......
	 orig commit -> 9607871f37dc3e717639694b8d0dc738f2a68efc ......
checking 94dc21c6a549aa67c8403142496c1531b91ded33 ......
	 orig commit -> fd47d919d0c336e7c22862b51ee94927ffea227a ......
checking 09d43edcdaef8961f01ae499b836e3cb39e47f83 ......
	 orig commit -> a90e90b7d55e789c71d85b946ffb5c1ab2f137ca ......
checking 0a76f5c5b1014e7d59f87cb054f332ff8b1deea9 ......
	 orig commit -> 760eea43f8c6d48684f1f34b8a02fddc1456e849 ......
checking ef5d27e1ed9c97c0670d0aa1f433f68e29de5bfb ......
	 orig commit -> a9911937e7d332761e8c4fcbc7ba0426bdc3956f ......
checking ca18ed4416bb83d91e6759ae6d9cfd84e2b11442 ......
	 orig commit -> 7fb94bd58dd6650a0158e68d414e185077d8b57a ......
checking 8692ff190ca02538538a2d020294fb2feccfc507 ......
	 orig commit -> 941ab4eb66c10bc5c7234e83a7a858b2806ed151 ......
checking 189f98295600fc5bfc33cf0aa05392cf7f074650 ......
	 orig commit -> c309b158090d788e96ee597444965cb79b040484 ......
checking b7111ec0bdf1e3a833965ab6df7258066f95c7ec ......
	 orig commit -> b432414b996d32a1bd9afe2bd595bd5729c1477f ......
checking 49d44c0a0b2d03fdb60fd217d6234e1987cb3040 ......
	 orig commit -> 0d5b476f8f57fcb06c45fe27681ac47254f63fd2 ......
checking 6b196dd5bcd92ea5217278c2d1a4bc64ddbb3036 ......
	 orig commit -> 89c68b102f13f123aaef22b292526d6b92501334 ......
checking 2a9dc99f9b03cb6d76b8f4d2f447a349371d10ae ......
	 orig commit -> 240714061c58e6b1abfb3322398a7634151c06cb ......
checking 0e0b860fffa41ecca0004da3bed908b7c6fbfcfb ......
	 orig commit -> 819319fc93461c07b9cdb3064f154bd8cfd48172 ......
		 819319fc93461c07b9cdb3064f154bd8cfd48172 has problem. Fixes commit -> 5f843ed415581cfad4ef8fefe31c138a8346ca8a
commit 5e8002fb22201466d27022c03a5911b30034ff7a
Author: Masami Hiramatsu <mhiramat@kernel.org>
Date:   Mon Apr 15 15:01:25 2019 +0900

    kprobes: Fix error check when reusing optimized probes
    
    commit 5f843ed415581cfad4ef8fefe31c138a8346ca8a upstream.
    
    The following commit introduced a bug in one of our error paths:
    
      819319fc9346 ("kprobes: Return error if we fail to reuse kprobe instead of BUG_ON()")
    
    it missed to handle the return value of kprobe_optready() as
    error-value. In reality, the kprobe_optready() returns a bool
    result, so "true" case must be passed instead of 0.
    
    This causes some errors on kprobe boot-time selftests on ARM:
    
     [   ] Beginning kprobe tests...
     [   ] Probe ARM code
     [   ]     kprobe
     [   ]     kretprobe
     [   ] ARM instruction simulation
     [   ]     Check decoding tables
     [   ]     Run test cases
     [   ] FAIL: test_case_handler not run
     [   ] FAIL: Test andge r10, r11, r14, asr r7
     [   ] FAIL: Scenario 11
     ...
     [   ] FAIL: Scenario 7
     [   ] Total instruction simulation tests=1631, pass=1433 fail=198
     [   ] kprobe tests failed
    
    This can happen if an optimized probe is unregistered and next
    kprobe is registered on same address until the previous probe
    is not reclaimed.
    
    If this happens, a hidden aggregated probe may be kept in memory,
    and no new kprobe can probe same address. Also, in that case
    register_kprobe() will return "1" instead of minus error value,
    which can mislead caller logic.
    
    Signed-off-by: Masami Hiramatsu <mhiramat@kernel.org>
    Cc: Anil S Keshavamurthy <anil.s.keshavamurthy@intel.com>
    Cc: David S . Miller <davem@davemloft.net>
    Cc: Linus Torvalds <torvalds@linux-foundation.org>
    Cc: Naveen N . Rao <naveen.n.rao@linux.vnet.ibm.com>
    Cc: Peter Zijlstra <peterz@infradead.org>
    Cc: Thomas Gleixner <tglx@linutronix.de>
    Cc: stable@vger.kernel.org # v5.0+
    Fixes: 819319fc9346 ("kprobes: Return error if we fail to reuse kprobe instead of BUG_ON()")
    Link: http://lkml.kernel.org/r/155530808559.32517.539898325433642204.stgit@devnote2
    Signed-off-by: Ingo Molnar <mingo@kernel.org>
    Signed-off-by: Greg Kroah-Hartman <gregkh@linuxfoundation.org>
checking d4d73f1fd8ec1f7c0581f177154a36b5acebb4f1 ......
	 orig commit -> cbeb869a3d1110450186b738199963c5e68c2a71 ......
checking 4c2f34ab8315299f8a4e43cb70bf981ef296d7bf ......
	 orig commit -> aeeb2e8fdefdd5d257a1446351c70cb3df540199 ......
checking 4484de1283a7808c9a7ba55dc3841a44771a5db0 ......
	 orig commit -> 330994e8e8ec5d0b269a5265e6032b37e29aa336 ......
		 330994e8e8ec5d0b269a5265e6032b37e29aa336 has problem. Fixes commit -> 3401d42c7ea2d064d15c66698ff8eb96553179ce
commit 8fa55f1d1859a6b0d2e6c1606b6d8fa1a9ef63d2
Author: Rafał Miłecki <rafal@milecki.pl>
Date:   Fri Oct 26 12:50:39 2018 +0200

    brcmutil: really fix decoding channel info for 160 MHz bandwidth
    
    [ Upstream commit 3401d42c7ea2d064d15c66698ff8eb96553179ce ]
    
    Previous commit /adding/ support for 160 MHz chanspecs was incomplete.
    It didn't set bandwidth info and didn't extract control channel info. As
    the result it was also using uninitialized "sb" var.
    
    This change has been tested for two chanspecs found to be reported by
    some devices/firmwares:
    1) 60/160 (0xee32)
       Before: chnum:50 control_ch_num:36
        After: chnum:50 control_ch_num:60
    2) 120/160 (0xed72)
       Before: chnum:114 control_ch_num:100
        After: chnum:114 control_ch_num:120
    
    Fixes: 330994e8e8ec ("brcmfmac: fix for proper support of 160MHz bandwidth")
    Signed-off-by: Rafał Miłecki <rafal@milecki.pl>
    Signed-off-by: Kalle Valo <kvalo@codeaurora.org>
    Signed-off-by: Sasha Levin <sashal@kernel.org>
checking 5c27d0536adc684122587ce39467d450ecdf23b0 ......
	 orig commit -> 69f8455f6cc78fa6cdf80d0105d7a748106271dc ......
checking fcc506cab03fee33a12ab0558bf6c53b897f9339 ......
	 orig commit -> 9c1442a9d039a1a3302fa93e9a11001c5f23b624 ......
checking 71ef2fef4a394fb40bf0087f2ddaa5d035355d30 ......
	 orig commit -> a357ea098c9605f60d92a66a9073f56ce25726da ......
checking b66d0bb19f24702ca3b9ac8dc6f570d5be90ec7d ......
	 orig commit -> 22839869f21ab3850fbbac9b425ccc4c0023926f ......
checking 2d2b73cf0bfcac058789e0edd4fbe83d8b26bb14 ......
	 orig commit -> fbed20280d912449cfb40c382cb55e3d11502587 ......
checking bd8dfdcc2249b3bcfd33bdb547e392c4aca134f7 ......
	 orig commit -> 51c99dd2c06b234575661fa1e0a1dea6c3ef566f ......
checking 85e20b47dec298b569de62cce4b1762f647b28e7 ......
	 orig commit -> d0381bf4f80c571dde1244fe5b85dc35e8b3f546 ......
checking 0d7a51786faf11362a9d9b3841f9d9ffe5b65c24 ......
	 orig commit -> d92116b800fb79a72ad26121f5011f6aa3ad94c2 ......
checking 371075886a394e8c8e9cc5177e4cadb0f9e2ae17 ......
	 orig commit -> 155f7e0441cd121b1e673d465a35e99f4b9b2f0b ......
checking 709c3305511b234c57710461a67d96fa202b6d03 ......
	 orig commit -> 868a1e863f95183f00809363fefba6d4f5bcd116 ......
		 868a1e863f95183f00809363fefba6d4f5bcd116 has problem. Fixes commit -> c6ac9f9fb98851f47b978a9476594fc3c477a34d
commit 0fbfca57ca700a9d387d749d4ed3bbc3abdc94b9
Author: Sara Sharon <sara.sharon@intel.com>
Date:   Thu Dec 13 14:47:40 2018 +0200

    iwlwifi: pcie: fix emergency path
    
    [ Upstream commit c6ac9f9fb98851f47b978a9476594fc3c477a34d ]
    
    Allocator swaps the pending requests with 0 when it starts
    working. This means that relying on it n RX path to decide if
    to move to emergency is not always a good idea, since it may
    be zero, but there are still a lot of unallocated RBs in the
    system. Change allocator to decrement the pending requests on
    real time. It is more expensive since it accesses the atomic
    variable more times, but it gives the RX path a better idea
    of the system's status.
    
    Reported-by: Ilan Peer <ilan.peer@intel.com>
    Signed-off-by: Sara Sharon <sara.sharon@intel.com>
    Fixes: 868a1e863f95 ("iwlwifi: pcie: avoid empty free RB queue")
    Signed-off-by: Luca Coelho <luciano.coelho@intel.com>
    Signed-off-by: Sasha Levin <sashal@kernel.org>
checking f349beaa4c8f3d928a720e58fceefce4c02f0740 ......
	 orig commit -> 5169894982bb67486d93cc1e10151712bb86bcb6 ......
checking b5d5f109c6d28c34c4f5469199073d4836567a17 ......
	 orig commit -> f69ffc5d3db8f1f03fd6d1df5930f9a1fbd787b6 ......
checking 1ab8d2dbc1a07743d0e48f63ec0d0179e6b3c900 ......
	 orig commit -> ce49d8436cffa9b7a6a5f110879d53e89dbc6746 ......
		 ce49d8436cffa9b7a6a5f110879d53e89dbc6746 has problem. Fixes commit -> 099be748865eece21362aee416c350c0b1ae34df
checking 2e8e70e56265496274e0c19464fffe896009bfc0 ......
	 orig commit -> faedbf3fd19f2511a39397f76359e4cc6ee93072 ......
checking 52ff94ce5134464db22720973e7773af0969b96f ......
	 orig commit -> 1e44224fb0528b4c0cc176bde2bb31e9127eb14b ......
checking 8515f4ea7289440a5c46be6af9d8668449956e9a ......
	 orig commit -> a1108c7b2efb892350ba6a0e932dfd45622f4e2b ......
checking 47f29328600d0d3b761f7c1d968aaf1cdc208169 ......
	 orig commit -> 7325b4bbe5952e3e939f15de812f2ee0c0d33ca9 ......
checking d16cd14ea370d87824744644819b21f4ea9aa481 ......
	 orig commit -> 95dcd64bc5a27080beaa344edfe5bdcca3d2e7dc ......
checking ec5c7c48925ca01c19c47133a3e3c35de0a4aaaf ......
	 orig commit -> b5130dc2224d1881f24224c0590c6d97f2168d6a ......
checking 11d9f6e44a38a7096e39f8ed293746be29cb7715 ......
	 orig commit -> df52eab23d703142c766ac00bdb8db19d71238d0 ......
checking fd160e8b0f078fc46bd9857b2a73b7fc4ff63544 ......
	 orig commit -> 5948185b97fa1f83d7855e638a72982a1073ebf5 ......
checking 8ac8e0fecd5e36caf0bdb34ccb9e6dc4853c62b3 ......
	 orig commit -> 1448a2a5360ae06f25e2edc61ae070dff5c0beb4 ......
checking 7084b74ffc246e781c77a963321f34b661ea49cc ......
	 orig commit -> 71327f547ee3a46ec5c39fdbbd268401b2578d0e ......
checking 5cf2ab06e8d0d7c9ca15f51eeed67103a973725f ......
	 orig commit -> 9506a7425b094d2f1d9c877ed5a78f416669269b ......
checking fd83130bdbe48a0d4e6e650f37073d80b80d7adc ......
	 orig commit -> 31d86033a0749a0463ea654130b2de5c163154f1 ......
checking 5832fa5bd0324847ef5a256f36dd1e80caa2b024 ......
	 orig commit -> ba0e41ca81b935b958006c7120466e2217357827 ......
checking 60b7367caab51871b41ed03bbdffde93011e3606 ......
	 orig commit -> 8c3bf9b62b667456a57aefcf1689e826df146159 ......
checking bd79c781f6bf8697b6579b428e311432cb2e70fe ......
	 orig commit -> 6aa676761d4c1acfa31320e55fa1f83f3fcbbc7a ......
checking 1309de40f2e0e47cc05c7b4e7a3637c5e71a89af ......
	 orig commit -> 0ed149cf5239cc6e7e65bf00f769e8f1e91076c0 ......
checking faf96991f88265dd55bf3207109dc5106e570d0c ......
	 orig commit -> 36b8d4628d3cc8f5a748e508cce8673bc00fc63c ......
checking e5a02efefbd20efca39becab8221cd509a854efa ......
	 orig commit -> 9845c49cc9bbb317a0bc9e9cf78d8e09d54c9af0 ......
checking f26f0ff7dd8afb9057e8cef81344a2e71bf3e4e0 ......
	 orig commit -> b3e1eb8e7ac9aaa283989496651d99267c4cad6c ......
checking c37b554f7d71fb92fa58a4c0a8476b54a24ca4e2 ......
	 orig commit -> 455adb3174d2c8518cef1a61140c211f6ac224d2 ......
checking 9d388b0a09f5e9861a50ab71cafbdac45a2a5d25 ......
	 orig commit -> cfdc3170d214046b9509183fe9b9544dc644d40b ......
checking 9eedfdf17234f4cf800cc1814054c65ebd9712bb ......
	 orig commit -> 94aafb74cee0002e2f2eb6dc5376f54d5951ab4d ......
checking 11896963b7b5977616b2010e89d532559950de73 ......
	 orig commit -> 9dffff200fd178f11dd50eb1fd8ccd0650c9284e ......
checking 0c7cd9fe35497975c9590accd84273a4f95fb1e6 ......
	 orig commit -> 1b9caa10b31dda0866f4028e4bfb923fb6e4072f ......
checking 9c9cd35cb3e63f71af7c95a918c1586b21f5c3ee ......
	 orig commit -> 262f9d811c7608f1e74258ceecfe1fa213bdf912 ......
checking 43c7313ec7cbe3a31643a3d2b3c3e2d20312dc8b ......
	 orig commit -> f5e758b8358f6c27e8a351ddf0b441a64cdabb94 ......
checking a7051265f1e648d627e684ff903650439b89882c ......
	 orig commit -> 706d51681d636a0c4a5ef53395ec3b803e45ed4d ......
checking b80a2dd4d7a1e51ed34c91b4e03e425dc0c21223 ......
	 orig commit -> f77084d96355f5fba8e2c1fb3a51a393b1570de7 ......
		 f77084d96355f5fba8e2c1fb3a51a393b1570de7 has problem. Fixes commit -> ba6f508d0ec4adb09f0a939af6d5e19cdfa8667d
commit 9d95653347e990cc516ebaed288893b9bfb3a288
Author: Dan Williams <dan.j.williams@intel.com>
Date:   Tue Dec 4 13:37:27 2018 -0800

    x86/mm: Drop usage of __flush_tlb_all() in kernel_physical_mapping_init()
    
    commit ba6f508d0ec4adb09f0a939af6d5e19cdfa8667d upstream.
    
    Commit:
    
      f77084d96355 "x86/mm/pat: Disable preemption around __flush_tlb_all()"
    
    addressed a case where __flush_tlb_all() is called without preemption
    being disabled. It also left a warning to catch other cases where
    preemption is not disabled.
    
    That warning triggers for the memory hotplug path which is also used for
    persistent memory enabling:
    
     WARNING: CPU: 35 PID: 911 at ./arch/x86/include/asm/tlbflush.h:460
     RIP: 0010:__flush_tlb_all+0x1b/0x3a
     [..]
     Call Trace:
      phys_pud_init+0x29c/0x2bb
      kernel_physical_mapping_init+0xfc/0x219
      init_memory_mapping+0x1a5/0x3b0
      arch_add_memory+0x2c/0x50
      devm_memremap_pages+0x3aa/0x610
      pmem_attach_disk+0x585/0x700 [nd_pmem]
    
    Andy wondered why a path that can sleep was using __flush_tlb_all() [1]
    and Dave confirmed the expectation for TLB flush is for modifying /
    invalidating existing PTE entries, but not initial population [2]. Drop
    the usage of __flush_tlb_all() in phys_{p4d,pud,pmd}_init() on the
    expectation that this path is only ever populating empty entries for the
    linear map. Note, at linear map teardown time there is a call to the
    all-cpu flush_tlb_all() to invalidate the removed mappings.
    
    [1]: https://lkml.kernel.org/r/9DFD717D-857D-493D-A606-B635D72BAC21@amacapital.net
    [2]: https://lkml.kernel.org/r/749919a4-cdb1-48a3-adb4-adb81a5fa0b5@intel.com
    
    [ mingo: Minor readability edits. ]
    
    Suggested-by: Dave Hansen <dave.hansen@linux.intel.com>
    Reported-by: Andy Lutomirski <luto@kernel.org>
    Signed-off-by: Dan Williams <dan.j.williams@intel.com>
    Acked-by: Peter Zijlstra (Intel) <peterz@infradead.org>
    Acked-by: Kirill A. Shutemov <kirill.shutemov@linux.intel.com>
    Cc: <stable@vger.kernel.org>
    Cc: Borislav Petkov <bp@alien8.de>
    Cc: H. Peter Anvin <hpa@zytor.com>
    Cc: Linus Torvalds <torvalds@linux-foundation.org>
    Cc: Peter Zijlstra <peterz@infradead.org>
    Cc: Rik van Riel <riel@surriel.com>
    Cc: Sebastian Andrzej Siewior <bigeasy@linutronix.de>
    Cc: Thomas Gleixner <tglx@linutronix.de>
    Cc: dave.hansen@intel.com
    Fixes: f77084d96355 ("x86/mm/pat: Disable preemption around __flush_tlb_all()")
    Link: http://lkml.kernel.org/r/154395944713.32119.15611079023837132638.stgit@dwillia2-desk3.amr.corp.intel.com
    Signed-off-by: Ingo Molnar <mingo@kernel.org>
    Signed-off-by: Greg Kroah-Hartman <gregkh@linuxfoundation.org>
checking f2e58b0414523cac77c52ab1f7b4f470e6e69ada ......
	 orig commit -> ccde460b9ae5c2bd5e4742af0a7f623c2daad566 ......
checking ed2df6687223bd1d7f82b19cbd52d79c4263ff0f ......
	 orig commit -> 357d291ce035d1b757568058f3c9898c60d125b1 ......
checking 8a13906ae519b3ed95cd0fb73f1098b46362f6c4 ......
	 orig commit -> 53c613fe6349994f023245519265999eed75957f ......
checking a436f6b2db64cd9e853ee6b54fba0499d8f80f93 ......
	 orig commit -> ac237c28d5ac1b241d58b1b7b4b9fa10efb22fb5 ......
checking e0404d81ab842b8d4246662c1c46bb20525dd743 ......
	 orig commit -> e7bb6ad5685f05685dd8a6a5eda7bfcd14d5f95b ......
checking 7b50b3d70994010c478f74b3ae15389c4b974272 ......
	 orig commit -> d06fb562bff5d14defdacbd92449bacbaedd5cdf ......
checking 2ad912e2b2c18784b52de195d403dc269aecfd8f ......
	 orig commit -> 5b7c5e1f4c36b99d0f694f38b9ad910f520cb7ef ......
checking f80215f62eb7f82247b51cf1f098a4ee2643d8fe ......
	 orig commit -> 11ba6111160290ccd35562f4e05cec08942a6c4c ......
checking d665f97f859a355618653c016c824e82ec29d288 ......
	 orig commit -> 99a3ae51d557d8e38a7aece65678a31f9db215ee ......
checking e5475f5fc5f881d547a16cc7c1249e50a48a1a80 ......
	 orig commit -> 3c229b3f2dd8133f61bb81d3cb018be92f4bba39 ......
checking 472e300014bc0b3dde10b7ff224197c678a6d3d9 ......
	 orig commit -> 1138b6718ff74d2a934459643e3754423d23b5e2 ......
checking bbde82fdb6d083d6e4c2b33c65e8752f12ce03e1 ......
	 orig commit -> 0711e8c1b4572d076264e71b0002d223f2666ed7 ......
checking e3e48da87330397de4e50b9958e5694a6764e38a ......
	 orig commit -> 95691e3eddc41da2d1cd3cca51fecdfb46bd85bc ......
checking f721267b1f28c13efab07bc80c28753e9fbec00e ......
	 orig commit -> da5e79bc70b84971d2b3a55fb252e34e51d81d48 ......
checking 0035cb9d7366487205aba8cc0a2c03dd9dd75742 ......
	 orig commit -> 92e2921f7eee63450a5f953f4b15dc6210219430 ......
checking 0be4ef1290cfe370caf52e3dac2325cf7ee12007 ......
	 orig commit -> e7c6a55606b5c46b449d76588968b4d8caae903f ......
checking dcd048d6bb08d3da1e9cb1923bce80dbc0f90fed ......
	 orig commit -> 2d6cb6edd2c7fb4f40998895bda45006281b1ac5 ......
checking 82239bda9dac002ffb68c6019134c5245aeb4cae ......
	 orig commit -> 502b291568fc7faf1ebdb2c2590f12851db0ff76 ......
checking 615bda31cc01cfe937c35c8b969807a38614a0a3 ......
	 orig commit -> 940ec770c295682993d1cccce3081fd7c74fece8 ......
checking 31354285b2467a5838f131786181dd706b28688b ......
	 orig commit -> 41fe242979e463d6ad251077ded01b825a330b7e ......
