Check from v4.14.39 to v4.14.40
Commit count: 44
checking fc72a4171174dd6b7ddefe5eeaa12cec9a162704 ......
checking 27f29dbceb3c979d00833a90aa27ff0756ecc1e0 ......
	 orig commit -> 0c92c7a3c5d416f47b32c5f20a611dfeca5d5f2e ......
checking d86aaca9cea2a7b9dac861b339301cf18a5626f2 ......
	 orig commit -> 1bc2463cee92ef0e2034c813d5e511adeb58b5fd ......
checking bd2088d1d77aaf3abc2f5fe0d019af1a1eafe68a ......
	 orig commit -> 9f0a93de9139c2b0a59299cd36b61564522458f8 ......
checking 87fa7da673b4e8911cf0a36a270dc247e558930e ......
	 orig commit -> 9aea9b6cc78d2b99b23d84fb2e0bc6e464c6569e ......
checking 303e99bde8dcb6beaa6be738e025f9f9dd2703f1 ......
	 orig commit -> 2b63f1329df2cd814c1f8353fae4853ace6521d1 ......
checking ec6de93fab502d0b10c5acc4e5c4ef7cfb8f807b ......
	 orig commit -> 4205cb01f6e9ef2ae6daa7be4e8ac1edeb4c9d64 ......
checking 3f0c247910d022dacc74b10fd8cc1d3527efe459 ......
	 orig commit -> c3a65808f04a8426481b63a4fbd9392f009f6330 ......
checking 0e548f5abae926ac7c6fabd6bc4027e255ec2d1d ......
	 orig commit -> fb5ee84ea72c5f1b6cabdd1c9d6e8648995ca7c6 ......
checking 425a02545d5ea15ce5021ee9ed834f0e9d3b695d ......
	 orig commit -> 96bd39df29c29d348d65311e5954c0b7d3a2a790 ......
checking 0cc49bb627addd738879950d19a3ba3127c729cd ......
	 orig commit -> 4842ed5bfcb9daf6660537d70503c18d38dbdbb8 ......
checking 0799a0ea96e4923f52f85fe315b62e9176a3319c ......
	 orig commit -> b4678df184b314a2bd47d2329feca2c2534aa12b ......
checking b4f6e858433e98964238675405970ae685d021df ......
	 orig commit -> e538409257d0217a9bc715686100a5328db75a15 ......
checking 43b3ba6ece54f555e4e5857cccd23cb60cb19b8e ......
	 orig commit -> 49ceda9de2da4d1827941d06701f3017c27c1855 ......
checking df9703e7e72adc0f333b03e3e86096ff3d1ff315 ......
	 orig commit -> 13f149d47392782baafd96d54d4e65f3b5ca342f ......
checking 758f3340b8037d5f43e8c2ea564d7e5d1292ede6 ......
	 orig commit -> 2df19e19ae90d94fd8724083f161f368a2797537 ......
checking d7683a5c8c946c4b975c84accc70112750ea46b4 ......
	 orig commit -> 45d924571a5e1329580811f2419da61b07ac3613 ......
checking 79181a45aa9a2427c6320a2d50e8710fc6931cce ......
	 orig commit -> 0a0bcb046b2f0c15b89f8c1b08ad3de601a83c66 ......
checking 7f185bc79bb9d2727b32ab34d2e547ed7fa50a11 ......
	 orig commit -> f59fb9e05109b836230813e45f71c9ecc2d5dbe6 ......
		 f59fb9e05109b836230813e45f71c9ecc2d5dbe6 has problem. Fixes commit -> fe4dd4239277486ca3a468e7bbeafd7ef3a5634e
checking b5ebbbc72671f561a10726ac465cccbd3b74fe91 ......
	 orig commit -> 4f32ac2e452c2180cd2df581cbadac183e27ecd0 ......
checking a27293f2f6e16657a535187454729d7da31397ec ......
	 orig commit -> 9306b38e42cb266f98bff6f6f4c1c652aa79ba45 ......
checking 14ad51557092eae81b1a7a121dd60463196f4d61 ......
	 orig commit -> 002bf2282b2d7318e444dca9ffcb994afc5d5f15 ......
checking be855252ebce0d4402fd7abccf58806f12947b64 ......
	 orig commit -> b4bd701ac469075d94ed9699a28755f2862252b9 ......
checking 3ae1bf3681352fc8c08cbd3be2d210f59d4cc42a ......
	 orig commit -> 09abfe7b5b2f442a85f4c4d59ecf582ad76088d7 ......
checking 38a65e7535031abbf796e2c645431bf7998d4084 ......
	 orig commit -> 26bff1bd74a4f7417509a83295614e9dab995b2a ......
checking bd9ca962eeb05767efed7c2dd62d201a54a9d727 ......
	 orig commit -> 7d83fb14258b9961920cd86f0b921caaeb3ebe85 ......
checking b68c7af0b2e7d3675c67e977b200466e26142a7e ......
	 orig commit -> af8a41cccf8f469165c6debc8fe07c5fd2ca501a ......
checking fcd835be6c17b30fc608ab72323c7a57a34b8296 ......
	 orig commit -> a44709bba70fb9badc44b6a551415b152db13182 ......
checking 10579ed39e20ed896347711640122e54e33455b5 ......
	 orig commit -> f372b81101e6895252298e563d634d5e44ae81e7 ......
checking 894937021946214de310ebafef6462a19c6dfaba ......
	 orig commit -> 6bd6ae639683c0b41f46990d5c64ff9fbfa019dc ......
checking 2c698f7b169a5534c783a6f3ab35f8db275f456b ......
	 orig commit -> f5957dade4f373b04fa1f5315a489f18cc2c4cb4 ......
checking f4438b15755e2cf1a9ce15090efb649e1bb1b997 ......
	 orig commit -> d66a270be3310d7aa132fec0cea77d3d32a0ff75 ......
checking bd0e2aec5686bc5aa9b93f5609d35b483321f751 ......
	 orig commit -> 76b3421b39bd610546931fc923edcf90c18fa395 ......
checking 4e3460ae33c6a10d4908e3235070cbe0a7a3a280 ......
	 orig commit -> 306a4f3ca7f3c7dfa473ebd19d66e40e59d99734 ......
checking 9581fff37b1aaafe675c2fe05dd59a8c13094e91 ......
	 orig commit -> 52759c0963510a2843774aac9b65ccaed3308dc0 ......
checking dfe7f043bcfccc02362958273cec0dacd1343244 ......
	 orig commit -> 8f22e52528cc372b218b5f100457469615c733ce ......
checking e5e9a770cec20bb51a8024fbaa890e5d0bcbb521 ......
	 orig commit -> f13876e2c33a657a71bcbb10f767c0951b165020 ......
checking 5f6e6d063ac1836b1a012bf886b2c76b4f86d0de ......
	 orig commit -> 6a30abaa40b62aed46ef12ea4c16c48565bdb376 ......
checking c1e76c30079d81f09691d61f2a355a8deb9b8fc5 ......
	 orig commit -> 71a0483d56e784b1e11f38f10d7e22d265dbe244 ......
checking c8a622ed9e53a8ac56a52d90920c8f991fc99aaf ......
	 orig commit -> ac1e55b1fdb27c1b07a0a6fe519f1291ff1e7d40 ......
checking 63d9df9eb7a587c528d3fd97054835a7bdc430c1 ......
	 orig commit -> 2b1227301a8e4729409694e323b72c064c47cb6b ......
checking e9caf1e1d5d4a74956a358800af20cb5d8cd2eae ......
	 orig commit -> 71546d100422bcc2c543dadeb9328728997cd23a ......
checking 6a3c946b205fd5bc3be583a1f3adbda11128e7ed ......
	 orig commit -> f15ca723c1ebe6c1a06bc95fda6b62cd87b44559 ......
checking 3a928a262c1c1c63c929ebe40c181376afbcfe41 ......
	 orig commit -> 52a589d51f1008f62569bf89e95b26221ee76690 ......
		 52a589d51f1008f62569bf89e95b26221ee76690 has problem. Fixes commit -> 6b4f92af3d59e882d3ba04c44a815266890d188f
f15ca723c1ebe6c1a06bc95fda6b62cd87b44559
commit 6a3c946b205fd5bc3be583a1f3adbda11128e7ed
Author: Nicolas Dichtel <nicolas.dichtel@6wind.com>
Date:   Thu Jan 25 19:03:03 2018 +0100

    net: don't call update_pmtu unconditionally
    
    commit f15ca723c1ebe6c1a06bc95fda6b62cd87b44559 upstream.
    
    Some dst_ops (e.g. md_dst_ops)) doesn't set this handler. It may result to:
    "BUG: unable to handle kernel NULL pointer dereference at           (null)"
    
    Let's add a helper to check if update_pmtu is available before calling it.
    
    Fixes: 52a589d51f10 ("geneve: update skb dst pmtu on tx path")
    Fixes: a93bf0ff4490 ("vxlan: update skb dst pmtu on tx path")
    CC: Roman Kapl <code@rkapl.cz>
    CC: Xin Long <lucien.xin@gmail.com>
    Signed-off-by: Nicolas Dichtel <nicolas.dichtel@6wind.com>
    Signed-off-by: David S. Miller <davem@davemloft.net>
    Cc: Thomas Deutschmann <whissi@gentoo.org>
    Cc: Eddie Chapman <eddie@ehuk.net>
    Signed-off-by: Greg Kroah-Hartman <gregkh@linuxfoundation.org>
commit 6a3c946b205fd5bc3be583a1f3adbda11128e7ed
Author: Nicolas Dichtel <nicolas.dichtel@6wind.com>
Date:   Thu Jan 25 19:03:03 2018 +0100

    net: don't call update_pmtu unconditionally
    
    commit f15ca723c1ebe6c1a06bc95fda6b62cd87b44559 upstream.
    
    Some dst_ops (e.g. md_dst_ops)) doesn't set this handler. It may result to:
    "BUG: unable to handle kernel NULL pointer dereference at           (null)"
    
    Let's add a helper to check if update_pmtu is available before calling it.
    
    Fixes: 52a589d51f10 ("geneve: update skb dst pmtu on tx path")
    Fixes: a93bf0ff4490 ("vxlan: update skb dst pmtu on tx path")
    CC: Roman Kapl <code@rkapl.cz>
    CC: Xin Long <lucien.xin@gmail.com>
    Signed-off-by: Nicolas Dichtel <nicolas.dichtel@6wind.com>
    Signed-off-by: David S. Miller <davem@davemloft.net>
    Cc: Thomas Deutschmann <whissi@gentoo.org>
    Cc: Eddie Chapman <eddie@ehuk.net>
    Signed-off-by: Greg Kroah-Hartman <gregkh@linuxfoundation.org>
