Check from v4.14.33 to v4.14.34
Commit count: 139
checking ffebeb0d7c37716ef2732646001522a6a764e284 ......
checking fdae5b620566be0637b4b11df0e54c247df094f8 ......
	 orig commit -> 461d5f1b59490ce0096dfda45e10038c122a7892 ......
checking 9fdeb33e1913f4d1d2f8cdb9f78565452cbebcfb ......
	 orig commit -> aaa3149bbee9ba9b4e6f0bd6e3e7d191edeae942 ......
checking 8c316b625705dd793ac56cacecd2a69209c8906c ......
	 orig commit -> 982cf3b3999d39a2eaca0a65542df33c19b5d814 ......
checking 233ba28e186284638b7946d886b18ad084710c31 ......
	 orig commit -> 6174a30df1b902e1fedbd728f5343937e83e64e6 ......
checking 2f8aa659d4c0b6f70d441022e955ff53bb9ffea5 ......
	 orig commit -> d65026c6c62e7d9616c8ceb5a53b68bcdc050525 ......
checking 72b880f43990c747aa83ca695f71344718d041f3 ......
	 orig commit -> 4246f698dd58e3c6246fa919ef0b0a1d29a57e4a ......
checking 9408bceb0649dd48a8bd6fbb763ccd26194f975a ......
	 orig commit -> 6e8814ceb7e8f468659ef9253bd212c07ae19584 ......
		 6e8814ceb7e8f468659ef9253bd212c07ae19584 has problem. Fixes commit -> bd5122cd1e0644d8bd8dd84517c932773e999766
commit 76f67ede4df921f5e4f0c02129a6407c977cab57
Author: Tarick Bedeir <tarick@google.com>
Date:   Fri Dec 7 00:30:26 2018 -0800

    net/mlx4_core: Correctly set PFC param if global pause is turned off.
    
    [ Upstream commit bd5122cd1e0644d8bd8dd84517c932773e999766 ]
    
    rx_ppp and tx_ppp can be set between 0 and 255, so don't clamp to 1.
    
    Fixes: 6e8814ceb7e8 ("net/mlx4_en: Fix mixed PFC and Global pause user control requests")
    Signed-off-by: Tarick Bedeir <tarick@google.com>
    Reviewed-by: Eran Ben Elisha <eranbe@mellanox.com>
    Signed-off-by: David S. Miller <davem@davemloft.net>
    Signed-off-by: Greg Kroah-Hartman <gregkh@linuxfoundation.org>
checking 477c73abf26a115cc7c3fba3c27763d4e8c31564 ......
	 orig commit -> cd00edc179863848abab5cc5683de5b7b5f70954 ......
checking 1c71bfe84deb1448fee8615ee05a4d7384e63e65 ......
	 orig commit -> 2d433610176d6569e8b3a28f67bc72235bf69efc ......
checking a19024a3f343b848bc01001958d1121b0ad4b5ac ......
	 orig commit -> abdadd3cfd3e7ea3da61ac774f84777d1f702058 ......
checking e096c8bf4fb83c162cb7b52f71b21d00bbe49134 ......
	 orig commit -> a117f73dc2430443f23e18367fa545981129c1a6 ......
checking baab1f0c4885854cefec9f2b0da9abc912333a25 ......
checking 1ec7966ab7db0467e215fb556f89d062a3c663f4 ......
	 orig commit -> 5807b22c9164a21cd1077a9bc587f0bba361f72d ......
checking e52a45bb392ff5f8b7b809a6851b9eab7f0a36b9 ......
	 orig commit -> 1489bbd10e16079ce30a53d3c22a431fd47af791 ......
checking ddf79878f1e0d0a22e5c26ac341f033f5494fc1c ......
	 orig commit -> af1607c37d9d85a66fbcf43b7f11bf3d94b9bb69 ......
checking 9282181c1cc5fb43891d0206c2974624590a9446 ......
	 orig commit -> 423c9db29943cfc43e3a408192e9efa4178af6a1 ......
checking b9c6ddda3805602a400319086bfab0d1f0d59ba8 ......
	 orig commit -> 537b361fbcbcc3cd6fe2bb47069fd292b9256d16 ......
checking 109dce20c6ed7c29ac56776381d3daf7dd941374 ......
	 orig commit -> db7a65e3ab78e5b1c4b17c0870ebee35a4ee3257 ......
checking 72363c63b0708fb3e8e0ba9fb9e0d405e97153ba ......
	 orig commit -> 5f42df013b8bc1b6511af7a04bf93b014884ae2a ......
checking a7309cad9c2e33376a0d7abb9483c05a3007ec85 ......
	 orig commit -> b95211e066fc3494b7c115060b2297b4ba21f025 ......
checking 6816295fe9584a2610cb02a832b40d615366b3a2 ......
	 orig commit -> 9cb726a212a82c88c98aa9f0037fd04777cd8fe5 ......
checking 048a64fbc22973d39568a0f569bf2877310f129e ......
	 orig commit -> a9d48205d0aedda021fc3728972a9e9934c2b9de ......
checking 77b9fc371d4d45e330acab7a1065e9f9b41cf58d ......
	 orig commit -> 9f5a90c107741b864398f4ac0014711a8c1d8474 ......
checking 22ab1f8751fa079b818d579cfb0bedfea5ba15e2 ......
	 orig commit -> ae42cc62a9f07f1f6979054ed92606b9c30f4a2e ......
checking d7e7ab42581ee12537092e6d005d78a8295fce14 ......
	 orig commit -> 5c78f6bfae2b10ff70e21d343e64584ea6280c26 ......
checking 65c42a2d475d904688436a50aa596f643671461f ......
	 orig commit -> 82dd0d2a9a76fc8fa2b18d80b987d455728bf83a ......
checking 09cb8267add584dc494683989c5ed6881be00ad7 ......
	 orig commit -> ec1d8ccb07deaf30fd0508af6755364ac47dc08d ......
checking 4f288c97b5c5c8741144ad00ec7edf44e8bd8997 ......
	 orig commit -> dc6455a71c7fc5117977e197f67f71b49f27baba ......
checking c5fc4dc51cb04913100323b3c9864bfaca229530 ......
	 orig commit -> afb133637071be6deeb8b3d0e55593ffbf63c527 ......
checking 3fdd43709d705727ed4e1c77c7f30989fcae013c ......
	 orig commit -> 81e98370293afcb58340ce8bd71af7b97f925c26 ......
checking 3f80d01bbd87b400aad825268bbf8fc80ff78916 ......
	 orig commit -> 6780db244d6b1537d139dea0ec8aad10cf9e4adb ......
checking c17f6594abfa8646da11c93e5e4a49ae73f253fc ......
	 orig commit -> 19c9ea363a244f85f90a424f9936e6d56449e33c ......
checking a7c8900c1fc2ee872810234c938f051873cc3eba ......
	 orig commit -> bfacfb457b36911a10140b8cb3ce76a74883ac5a ......
checking 21563c4df30e284e881faa8e7966806003e6d0dd ......
	 orig commit -> 3239534a79ee6f20cffd974173a1e62e0730e8ac ......
checking cd19a9b12ab49414777393e9935455a17852e172 ......
	 orig commit -> 734549eb550c0c720bc89e50501f1b1e98cdd841 ......
checking 787b940625ca497ef6ecfecdadc16311c519d034 ......
	 orig commit -> 7880287981b60a6808f39f297bb66936e8bdf57a ......
checking 7948bc92791baac09957a20c70a73a0bfe7b1209 ......
	 orig commit -> 71a1c915238c970cd9bdd5bf158b1279d6b6d55b ......
checking d1b820bd98a18ace891099465005d937e7ef992d ......
	 orig commit -> b6cdbc85234b072340b8923e69f49ec293f905dc ......
checking 589a3f3051853da8dc21ce5661b24c6528d9c3e3 ......
	 orig commit -> 1dfe82ebd7d8fd43dba9948fdfb31f145014baa0 ......
checking 629eeaaccb234527e1d7c0e5172215a24c3c9ec7 ......
	 orig commit -> 2d2d99ec13f62d5d2cecb6169dfdb6bbe05356d0 ......
checking 52f0a5ff60e44bf731079f8ceaaa61b42b342122 ......
	 orig commit -> 10b8a3de603df7b96004179b1b33b1708c76d144 ......
checking cdd74d6ac80ef50a520b6234947f8e2f6ebca75a ......
	 orig commit -> 58b35f27689b5eb514fc293c332966c226b1b6e4 ......
checking 8413a3a63d3717504f2db5d6c3b018cabf15d132 ......
	 orig commit -> bb8c13d61a629276a162c1d2b1a20a815cbcfbb7 ......
		 bb8c13d61a629276a162c1d2b1a20a815cbcfbb7 has problem. Fixes commit -> 09e182d17e8891dd73baba961a0f5a82e9274c97
commit 922e5129eb011ebbc62c416bc1c423a20ae359d7
Author: Borislav Petkov <bp@suse.de>
Date:   Sat Apr 21 10:19:30 2018 +0200

    x86/microcode: Do not exit early from __reload_late()
    
    commit 09e182d17e8891dd73baba961a0f5a82e9274c97 upstream.
    
    Vitezslav reported a case where the
    
      "Timeout during microcode update!"
    
    panic would hit. After a deeper look, it turned out that his .config had
    CONFIG_HOTPLUG_CPU disabled which practically made save_mc_for_early() a
    no-op.
    
    When that happened, the discovered microcode patch wasn't saved into the
    cache and the late loading path wouldn't find any.
    
    This, then, lead to early exit from __reload_late() and thus CPUs waiting
    until the timeout is reached, leading to the panic.
    
    In hindsight, that function should have been written so it does not return
    before the post-synchronization. Oh well, I know better now...
    
    Fixes: bb8c13d61a62 ("x86/microcode: Fix CPU synchronization routine")
    Reported-by: Vitezslav Samel <vitezslav@samel.cz>
    Signed-off-by: Borislav Petkov <bp@suse.de>
    Signed-off-by: Thomas Gleixner <tglx@linutronix.de>
    Tested-by: Vitezslav Samel <vitezslav@samel.cz>
    Tested-by: Ashok Raj <ashok.raj@intel.com>
    Cc: stable@vger.kernel.org
    Link: http://lkml.kernel.org/r/20180418081140.GA2439@pc11.op.pod.cz
    Link: https://lkml.kernel.org/r/20180421081930.15741-2-bp@alien8.de
    Signed-off-by: Greg Kroah-Hartman <gregkh@linuxfoundation.org>
checking c81d7069dcd60e5cc4e654c26301063cbc26865c ......
	 orig commit -> 2613f36ed965d0e5a595a1d931fd3b480e82d6fd ......
		 2613f36ed965d0e5a595a1d931fd3b480e82d6fd has problem. Fixes commit -> 24613a04ad1c0588c10f4b5403ca60a73d164051
912139cfbfa6a2bc1da052314d2c29338dae1f6a
commit 2f3317ddcb55b59e66c1629f39063473949ebf99
Author: Thomas Lendacky <Thomas.Lendacky@amd.com>
Date:   Thu Jan 31 14:33:06 2019 +0000

    x86/microcode/amd: Don't falsely trick the late loading mechanism
    
    [ Upstream commit 912139cfbfa6a2bc1da052314d2c29338dae1f6a ]
    
    The load_microcode_amd() function searches for microcode patches and
    attempts to apply a microcode patch if it is of different level than the
    currently installed level.
    
    While the processor won't actually load a level that is less than
    what is already installed, the logic wrongly returns UCODE_NEW thus
    signaling to its caller reload_store() that a late loading should be
    attempted.
    
    If the file-system contains an older microcode revision than what is
    currently running, such a late microcode reload can result in these
    misleading messages:
    
      x86/CPU: CPU features have changed after loading microcode, but might not take effect.
      x86/CPU: Please consider either early loading through initrd/built-in or a potential BIOS update.
    
    These messages were issued on a system where SME/SEV are not
    enabled by the BIOS (MSR C001_0010[23] = 0b) because during boot,
    early_detect_mem_encrypt() is called and cleared the SME and SEV
    features in this case.
    
    However, after the wrong late load attempt, get_cpu_cap() is called and
    reloads the SME and SEV feature bits, resulting in the messages.
    
    Update the microcode level check to not attempt microcode loading if the
    current level is greater than(!) and not only equal to the current patch
    level.
    
     [ bp: massage commit message. ]
    
    Fixes: 2613f36ed965 ("x86/microcode: Attempt late loading only when new microcode is present")
    Signed-off-by: Tom Lendacky <thomas.lendacky@amd.com>
    Signed-off-by: Borislav Petkov <bp@suse.de>
    Cc: "H. Peter Anvin" <hpa@zytor.com>
    Cc: Ingo Molnar <mingo@redhat.com>
    Cc: Thomas Gleixner <tglx@linutronix.de>
    Cc: x86-ml <x86@kernel.org>
    Link: https://lkml.kernel.org/r/154894518427.9406.8246222496874202773.stgit@tlendack-t1.amdoffice.net
    Signed-off-by: Sasha Levin <sashal@kernel.org>
checking b0b1ac38e01839bf76db513d4374b608fbd95fc8 ......
	 orig commit -> a5321aec6412b20b5ad15db2d6b916c05349dbff ......
checking 509df2b865f1ecedbedc5af4400558a50cc79d58 ......
	 orig commit -> cfb52a5a09c8ae3a1dafb44ce549fde5b69e8117 ......
checking d2725848230d92b0c35219553814b64396717747 ......
	 orig commit -> d8c3b52c00a05036e0a6b315b4b17921a7b67997 ......
checking e87c2b553a35b35d6c000f2ad1300b02cb133e03 ......
	 orig commit -> 30ec26da9967d0d785abc24073129a34c3211777 ......
checking 1707112c82fa7f192d3d042003781776322b7a88 ......
	 orig commit -> 91df9fdf51492aec9fed6b4cbd33160886740f47 ......
checking 170f8ec16c223c4e64cff971368fd5136d58dd69 ......
	 orig commit -> c182d2b7d0ca48e0d6ff16f7d883161238c447ed ......
checking 22cc8816d013e6cf82e24af9ecaf3dde5800d1c8 ......
	 orig commit -> 854857f5944c59a881ff607b37ed9ed41d031a3b ......
checking 35da0d504a982709f5836cca725096cefcad24e2 ......
	 orig commit -> 42ca8082e260dcfd8afa2afa6ec1940b9d41724c ......
checking 00ba4bcf4b92c7b0a77d47834479f39bbd4c5e16 ......
	 orig commit -> 1008c52c09dcb23d93f8e0ea83a6246265d2cce0 ......
checking 962e6b2d16653e55595f1c790e1094413c5ac5e4 ......
	 orig commit -> 3f1f576a195aa266813cbd4ca70291deb61e0129 ......
checking b6a11be5c4335a28a651c2752eeec5aa00b4a88f ......
	 orig commit -> 019cd46984d04703a39924178f503a98436ac0d7 ......
checking f1b46925f59e319e015019f250e170e7a12c548f ......
	 orig commit -> 3c1f05835cbf9fdfe60b81c718d82ceb94b6c55e ......
checking 5dff63583f0d86f2923a871d77c71703845d2b1d ......
	 orig commit -> 0be86969ae385c5c944286bd9f66068525de15ee ......
checking bc166ca4234c241ae28b13bac8583d04bcdf9a9e ......
	 orig commit -> 810b8153c4243d2012a6ec002ddd3bbc9a9ae8c2 ......
checking 6a88a999c45db9500ab16656a9a15fa601403e17 ......
	 orig commit -> fa1195ccc0af2d121abe0fe266a1caee8c265eea ......
checking 7cae67e31292ea0c257e944ba23854d089e860f6 ......
	 orig commit -> 148b974deea927f5dbb6c468af2707b488bfa2de ......
		 148b974deea927f5dbb6c468af2707b488bfa2de has problem. Fixes commit -> 6e36719fbe90213fbba9f50093fa2d4d69b0e93c
commit 64def6f35348f67c0ae99c38f5bd506fd396a1a2
Author: Arnd Bergmann <arnd@arndb.de>
Date:   Mon Jan 15 17:07:22 2018 +0100

    crypto: aes-generic - fix aes-generic regression on powerpc
    
    commit 6e36719fbe90213fbba9f50093fa2d4d69b0e93c upstream.
    
    My last bugfix added -Os on the command line, which unfortunately caused
    a build regression on powerpc in some configurations.
    
    I've done some more analysis of the original problem and found slightly
    different workaround that avoids this regression and also results in
    better performance on gcc-7.0: -fcode-hoisting is an optimization step
    that got added in gcc-7 and that for all gcc-7 versions causes worse
    performance.
    
    This disables -fcode-hoisting on all compilers that understand the option.
    For gcc-7.1 and 7.2 I found the same performance as my previous patch
    (using -Os), in gcc-7.0 it was even better. On gcc-8 I could see no
    change in performance from this patch. In theory, code hoisting should
    not be able make things better for the AES cipher, so leaving it
    disabled for gcc-8 only serves to simplify the Makefile change.
    
    Reported-by: kbuild test robot <fengguang.wu@intel.com>
    Link: https://www.mail-archive.com/linux-crypto@vger.kernel.org/msg30418.html
    Link: https://gcc.gnu.org/bugzilla/show_bug.cgi?id=83356
    Link: https://gcc.gnu.org/bugzilla/show_bug.cgi?id=83651
    Fixes: 148b974deea9 ("crypto: aes-generic - build with -Os on gcc-7+")
    Signed-off-by: Arnd Bergmann <arnd@arndb.de>
    Signed-off-by: Herbert Xu <herbert@gondor.apana.org.au>
    Cc: Horia Geanta <horia.geanta@nxp.com>
    Signed-off-by: Greg Kroah-Hartman <gregkh@linuxfoundation.org>
checking 3847b9e016dff8d927d703d447915fc8de1d3190 ......
	 orig commit -> 12663b442e5ac5aa3d6097cd3f287c71ba46d26e ......
checking 88f6f0490f8ca3683e51b9fc0f901b0f2424d07f ......
	 orig commit -> faec44b6838312484d63e82286087cf2d5ebb891 ......
checking c427d7e44a32f2fbb2103007cf07f592a215947a ......
	 orig commit -> 09fb35ead58cd557aa9b20576d15816bc91a4deb ......
checking 62eaf7e149a54f62cb6016d9f3915d5b1c95197a ......
	 orig commit -> 2a609abe71ca59e4bd7139e161eaca2144ae6f2e ......
checking 997901406c0a06cd65bcc70ae922160a4ea884cc ......
	 orig commit -> 2a3e83c6f96c513f43ce5a8c9034608ea584a255 ......
checking 4aafb8cdcc11e664f7774f0506780cdd9c5d73b6 ......
	 orig commit -> 76e28f5ffed82b1e81a86c4eb8d0420515765620 ......
checking cfafed12f459daadbfe17ce049180715aef6dab4 ......
	 orig commit -> 89838118a515847d3e5c904d2e022779a7173bec ......
checking 15dfb9baba2c8e8d9d92186cb8012a91c0ef897a ......
	 orig commit -> f3f7920b3910171b2999c7dc2335eb9f583e44f2 ......
checking 70077054384df5744d41475392bf4ee4b6292de1 ......
	 orig commit -> 7ada701d0d5e5c6d357e157a72b841db3e8d03f4 ......
checking b432f980596c82f6edbfc36df9f237bdafa6d7ae ......
	 orig commit -> ea0a42109aee7b92e631c4eb3f2219fadf58acdd ......
checking d017aeb58a3e2d0596a758f6c76f2e848bc039ca ......
	 orig commit -> 44b034b406211fc103159f82b9e601e05675c739 ......
checking d96a094c987f5409f0037aa4964eab989f6f4ea8 ......
	 orig commit -> 06028d15177a1b406b7b075ea47c6a352732f23a ......
checking 28b35f9aa0c068075ca57ab646d87e2f607a9d5c ......
	 orig commit -> 68fa24f9121c04ef146b5158f538c8b32f285be5 ......
checking effbffc91da3c9520e9b2f15fbc099f257d7cf03 ......
	 orig commit -> 52257ffbfcaf58d247b13fb148e27ed17c33e526 ......
checking 4ed8692bb2d67d38c59eaaae6e346b235690b0f9 ......
	 orig commit -> ea3d8465ab9b3e01be329ac5195970a84bef76c5 ......
		 ea3d8465ab9b3e01be329ac5195970a84bef76c5 has problem. Fixes commit -> b2d89ad9c9682e795ed6eeb9ed455789ad6cedf1
e9ec22547986dd32c5c70da78107ce35dbff1344
commit 6ba9a47d1fc5ce78e47026d98621366712c554f7
Author: Tony Lindgren <tony@atomide.com>
Date:   Sat Apr 7 10:19:50 2018 -0700

    tty: n_gsm: Fix long delays with control frame timeouts in ADM mode
    
    commit e9ec22547986dd32c5c70da78107ce35dbff1344 upstream.
    
    Commit ea3d8465ab9b ("tty: n_gsm: Allow ADM response in addition to UA for
    control dlci") added support for DLCI to stay in Asynchronous Disconnected
    Mode (ADM). But we still get long delays waiting for commands to other
    DLCI to complete:
    
    --> 5) C: SABM(P)
    Q>  0) C: UIH(F)
    Q>  0) C: UIH(F)
    Q>  0) C: UIH(F)
    ...
    
    This happens because gsm_control_send() sets cretries timer to T2 that is
    by default set to 34. This will cause resend for T2 times for the control
    frame. In ADM mode, we will never get a response so the control frame, so
    retries are just delaying all the commands.
    
    Let's fix the issue by setting DLCI_MODE_ADM flag after detecting the ADM
    mode for the control DLCI. Then we can use that in gsm_control_send() to
    set retries to 1. This means the control frame will be sent once allowing
    the other end at an opportunity to switch from ADM to ABM mode.
    
    Note that retries will be decremented in gsm_control_retransmit() so
    we don't want to set it to 0 here.
    
    Fixes: ea3d8465ab9b ("tty: n_gsm: Allow ADM response in addition to UA for control dlci")
    Cc: linux-serial@vger.kernel.org
    Cc: Alan Cox <alan@llwyncelyn.cymru>
    Cc: Dan Williams <dcbw@redhat.com>
    Cc: Jiri Prchal <jiri.prchal@aksignal.cz>
    Cc: Jiri Slaby <jslaby@suse.cz>
    Cc: Marcel Partap <mpartap@gmx.net>
    Cc: Merlijn Wajer <merlijn@wizzup.org>
    Cc: Michael Nazzareno Trimarchi <michael@amarulasolutions.com>
    Cc: Michael Scott <michael.scott@linaro.org>
    Cc: Pavel Machek <pavel@ucw.cz>
    Cc: Peter Hurley <peter@hurleysoftware.com>
    Cc: Russ Gorby <russ.gorby@intel.com>
    Cc: Sascha Hauer <s.hauer@pengutronix.de>
    Cc: Sebastian Reichel <sre@kernel.org>
    Signed-off-by: Tony Lindgren <tony@atomide.com>
    Cc: stable <stable@vger.kernel.org>
    Signed-off-by: Greg Kroah-Hartman <gregkh@linuxfoundation.org>
commit 6a50af86a62be245cf093c3de2c02790da1491df
Author: Tony Lindgren <tony@atomide.com>
Date:   Sat Apr 7 10:19:51 2018 -0700

    tty: n_gsm: Fix DLCI handling for ADM mode if debug & 2 is not set
    
    commit b2d89ad9c9682e795ed6eeb9ed455789ad6cedf1 upstream.
    
    At least on droid 4 with control channel in ADM mode, there is no response
    to Modem Status Command (MSC). Currently gsmtty_modem_update() expects to
    have data in dlci->modem_rx unless debug & 2 is set. This means that on
    droid 4, things only work if debug & 2 is set.
    
    Let's fix the issue by ignoring empty dlci->modem_rx for ADM mode. In
    the AMD mode, CMD_MSC will never respond and gsm_process_modem() won't
    get called to set dlci->modem_rx.
    
    And according to ts_127010v140000p.pdf, MSC is only relevant if basic
    option is chosen, so let's test for that too.
    
    Fixes: ea3d8465ab9b ("tty: n_gsm: Allow ADM response in addition to UA for control dlci")
    Cc: linux-serial@vger.kernel.org
    Cc: Alan Cox <alan@llwyncelyn.cymru>
    Cc: Dan Williams <dcbw@redhat.com>
    Cc: Jiri Prchal <jiri.prchal@aksignal.cz>
    Cc: Jiri Slaby <jslaby@suse.cz>
    Cc: Marcel Partap <mpartap@gmx.net>
    Cc: Merlijn Wajer <merlijn@wizzup.org>
    Cc: Michael Nazzareno Trimarchi <michael@amarulasolutions.com>
    Cc: Michael Scott <michael.scott@linaro.org>
    Cc: Pavel Machek <pavel@ucw.cz>
    Cc: Peter Hurley <peter@hurleysoftware.com>
    Cc: Russ Gorby <russ.gorby@intel.com>
    Cc: Sascha Hauer <s.hauer@pengutronix.de>
    Cc: Sebastian Reichel <sre@kernel.org>
    Signed-off-by: Tony Lindgren <tony@atomide.com>
    Cc: stable <stable@vger.kernel.org>
    Signed-off-by: Greg Kroah-Hartman <gregkh@linuxfoundation.org>

commit 6ba9a47d1fc5ce78e47026d98621366712c554f7
Author: Tony Lindgren <tony@atomide.com>
Date:   Sat Apr 7 10:19:50 2018 -0700

    tty: n_gsm: Fix long delays with control frame timeouts in ADM mode
    
    commit e9ec22547986dd32c5c70da78107ce35dbff1344 upstream.
    
    Commit ea3d8465ab9b ("tty: n_gsm: Allow ADM response in addition to UA for
    control dlci") added support for DLCI to stay in Asynchronous Disconnected
    Mode (ADM). But we still get long delays waiting for commands to other
    DLCI to complete:
    
    --> 5) C: SABM(P)
    Q>  0) C: UIH(F)
    Q>  0) C: UIH(F)
    Q>  0) C: UIH(F)
    ...
    
    This happens because gsm_control_send() sets cretries timer to T2 that is
    by default set to 34. This will cause resend for T2 times for the control
    frame. In ADM mode, we will never get a response so the control frame, so
    retries are just delaying all the commands.
    
    Let's fix the issue by setting DLCI_MODE_ADM flag after detecting the ADM
    mode for the control DLCI. Then we can use that in gsm_control_send() to
    set retries to 1. This means the control frame will be sent once allowing
    the other end at an opportunity to switch from ADM to ABM mode.
    
    Note that retries will be decremented in gsm_control_retransmit() so
    we don't want to set it to 0 here.
    
    Fixes: ea3d8465ab9b ("tty: n_gsm: Allow ADM response in addition to UA for control dlci")
    Cc: linux-serial@vger.kernel.org
    Cc: Alan Cox <alan@llwyncelyn.cymru>
    Cc: Dan Williams <dcbw@redhat.com>
    Cc: Jiri Prchal <jiri.prchal@aksignal.cz>
    Cc: Jiri Slaby <jslaby@suse.cz>
    Cc: Marcel Partap <mpartap@gmx.net>
    Cc: Merlijn Wajer <merlijn@wizzup.org>
    Cc: Michael Nazzareno Trimarchi <michael@amarulasolutions.com>
    Cc: Michael Scott <michael.scott@linaro.org>
    Cc: Pavel Machek <pavel@ucw.cz>
    Cc: Peter Hurley <peter@hurleysoftware.com>
    Cc: Russ Gorby <russ.gorby@intel.com>
    Cc: Sascha Hauer <s.hauer@pengutronix.de>
    Cc: Sebastian Reichel <sre@kernel.org>
    Signed-off-by: Tony Lindgren <tony@atomide.com>
    Cc: stable <stable@vger.kernel.org>
    Signed-off-by: Greg Kroah-Hartman <gregkh@linuxfoundation.org>
checking 8976d64b2f0fd102822895d9b3ed9e8ab09429e5 ......
	 orig commit -> 8ab0b7dc73e1b3e2987d42554b2bff503f692772 ......
checking b728b7e24fbcd283b97623167adddcf2ef8c8e2e ......
	 orig commit -> affc67788fe5dfffad5cda3d461db5cf2b2ff2b0 ......
checking f890a23603e3b756f182df99161a850682107c84 ......
	 orig commit -> 2b23d9509fd7174b362482cf5f3b5f9a2265bc33 ......
checking 8644d14c3240b6875c9e0e72c346146c24a6d8c1 ......
	 orig commit -> 4a491b1ab11ca0556d2fda1ff1301e862a2d44c4 ......
checking fad9bcb1176be5c9068c3ef6f13398de502b35d8 ......
	 orig commit -> 4eca1cb28d8b0574ca4f1f48e9331c5f852d43b9 ......
checking ef60904109f4b90a2dea0919fed297c6c3fc6c25 ......
	 orig commit -> 8d29c4426b9f8afaccf28de414fde8a722b35fdf ......
checking 71468ce63dc97f1237e9445c1dadb4b9c45b17b1 ......
	 orig commit -> b221fc130c49c50f4c2250d22e873420765a9fa2 ......
checking b20482cebfb2b8bdf7cc323f23f4e3c04599c18b ......
	 orig commit -> 5bad95a1e55f4d5bb41e130db859d57eaf1b1549 ......
checking be6a161e13028cc18727f187f2396190fbcba049 ......
	 orig commit -> 57ffee737b36dbb81e8e60a37e01791553157a5e ......
checking 611abba6eb684bf3b858c2a7bd100665d2c85543 ......
	 orig commit -> 94bfaafac9d2a3c0bcca00d01e38f7597b741799 ......
checking 5669ec0b9588d00f35ac02149fe871b10dcfa9fc ......
	 orig commit -> d2a5dca8404871be683c6bbc175ebf9c56dd2865 ......
checking 35a9ebd920aaaa6425436b6660e71ca831531da1 ......
	 orig commit -> 734dc065fc41f6143ff88225aa5d335cb1e0f6aa ......
checking 46d19334ca40d73a57d0519b5d9b5762d7e7c491 ......
	 orig commit -> ac1181c60822292176ab96912208ec9f9819faf8 ......
checking f722a6a611790bb14516e8bbe62953ec04e1a6b5 ......
	 orig commit -> 6dd80efd75ce7c2dbd9f117cf585ee2b33a42ee1 ......
checking 1530dcc90331bfc96a46bb75275775531e8dba54 ......
	 orig commit -> 165c2357744e41391902a2a72dd170beb60c28d5 ......
checking 87b9099cf14109b5369ba2fa5435e190efea793c ......
	 orig commit -> eaadb1caa966a91128297b754e90b7c92b350a00 ......
checking 89deb4ad015ba32da4d084347752220b23aaee06 ......
	 orig commit -> dbeccabf5294e80f7cc9ee566746c42211bed736 ......
checking 01ff15fcf4662dce618497778692ad29dd712b45 ......
	 orig commit -> 40c39e3046411f84bab82f66783ff3593e2bcd9b ......
checking 3b3fb4be7ca15ea8d71844b158ae4430d7aa110f ......
	 orig commit -> 095531f891e627e408606f2da4008d3d53e6748a ......
		 095531f891e627e408606f2da4008d3d53e6748a has problem. Fixes commit -> 36a11029b07ee30bdc4553274d0efea645ed9d91
commit 61ec14f42c844b7d011e0a939e522d577b2ed672
Author: Ricardo Schwarzmeier <Ricardo.Schwarzmeier@infineon.com>
Date:   Tue Jun 26 17:31:45 2018 +0200

    tpm: Return the actual size when receiving an unsupported command
    
    commit 36a11029b07ee30bdc4553274d0efea645ed9d91 upstream.
    
    The userpace expects to read the number of bytes stated in the header.
    Returning the size of the buffer instead would be unexpected.
    
    Cc: stable@vger.kernel.org
    Fixes: 095531f891e6 ("tpm: return a TPM_RC_COMMAND_CODE response if command is not implemented")
    Signed-off-by: Ricardo Schwarzmeier <Ricardo.Schwarzmeier@infineon.com>
    Reviewed-by: Jarkko Sakkinen <jarkko.sakkinen@linux.intel.com>
    Signed-off-by: Jarkko Sakkinen <jarkko.sakkinen@linux.intel.com>
    Signed-off-by: Greg Kroah-Hartman <gregkh@linuxfoundation.org>
checking f0504bf54b4dd068e6a8c4c3b3de4a50a4f7da79 ......
	 orig commit -> 278e096063f1914fccfc77a617be9fc8dbb31b0e ......
checking 39ede1fd200f0f43bc87e12bf6cced45de610232 ......
	 orig commit -> 6fda20283e55b9d288cd56822ce39fc8e64f2208 ......
checking 5391891c0a469e5cca7f779a86cd8b01c70ac91f ......
	 orig commit -> 9291c65b01d1c67ebd56644cb19317ad665c44b3 ......
checking dd3e1a4e769ed8175c213582b52a7dfdc6297de0 ......
	 orig commit -> 2023b0524a6310e9ea80daf085f51c71bff9289f ......
checking fb1ef85d58855818f6a1799acabff51a55adff22 ......
	 orig commit -> fb350e0ad99359768e1e80b4784692031ec340e4 ......
checking eaa077800ff61d494a8ff8700fd3f5fc61abb2fd ......
	 orig commit -> 7d4901a90d02500c8011472a060f9b2e60e6e605 ......
checking cf4c906936513fd62861fbfffb55e6d136491601 ......
	 orig commit -> db9a2c6f9b6196b889b98e961cb9a37617b11ccf ......
checking da5e12ab599a61537cbaafe801e7422d1f43ac53 ......
	 orig commit -> ee1f4a7dafa997816ff3de96155c6f3edc21c1e6 ......
checking 1f1e5ca1c737be1bc929811a8d9c0276d1662ece ......
	 orig commit -> 24e78079bf2250874e33da2e7cfbb6db72d3caf4 ......
checking e985dcf4fa1b4962d97455495467e54d05acc150 ......
	 orig commit -> 7b9faf5df0ac495a1a3d7cdb64921c179f9008ac ......
checking bb23fbd8fb065e309c5ba24cdc93c5260d15c775 ......
	 orig commit -> 3a3713ec360138f806c6fc368d1de570f692b347 ......
checking 74f5124bc3ff2f6c7fa4386901970766faed5dea ......
	 orig commit -> 3522f867c13b63cf62acdf1b8ca5664c549a716a ......
checking 04568f4df2280cd7f42ce4a9da2789a3eacb779c ......
	 orig commit -> ebe2f8718007d5a1238bb3cb8141b5bb2b4d5773 ......
checking b5d2cafbe359109fdae12415a7d234cd1ffc60cf ......
	 orig commit -> f49d4aed1315a7b766d855f1367142e682b0cc87 ......
checking 3807b6fec674e88d9cc653427728581263311141 ......
	 orig commit -> d754941225a7dbc61f6dd2173fa9498049f9a7ee ......
checking 978c2812b8053d6bee6a20bcbdd59e76cfaafdbf ......
	 orig commit -> 89434c3c35081439627baa2225622d5bd12242fe ......
checking 1d65600e9722e355bd9e3680290ae5a2fe6d0fff ......
	 orig commit -> b70b309950418437bbd2a30afd169c4f09dee3e5 ......
checking 522371c28210e8ed6331d76f05c4349077489de9 ......
	 orig commit -> d5cc0a1fcbb5ddbef9fdd4c4a978da3254ddbf37 ......
checking 543d317db8be1a9ce50f07f8a3d2118f89eda0d6 ......
	 orig commit -> df93dc61b0d8b19a5c9db545cf3fcc24f88dfde4 ......
checking 6e7b07606bfe8201854a1bf5c5ba1cdd3a971783 ......
	 orig commit -> 7dbc7f5f4904cfddc199af171ea095490a434f15 ......
checking bd4a96921d8bac60ae51666d587f1f405c9df708 ......
	 orig commit -> 5d389b125186cf254ad5b8015763ac07c151aea4 ......
		 5d389b125186cf254ad5b8015763ac07c151aea4 has problem. Fixes commit -> 38cd989ee38c16388cde89db5b734f9d55b905f9
0c4c5860e9983eb3da7a3d73ca987643c3ed034b
commit fd2c1ba142277bfd6f3488e6105c9eb643246ddc
Author: Nicolin Chen <nicoleotsuka@gmail.com>
Date:   Tue Nov 13 19:48:54 2018 -0800

    hwmon: (ina2xx) Fix current value calculation
    
    [ Upstream commit 38cd989ee38c16388cde89db5b734f9d55b905f9 ]
    
    The current register (04h) has a sign bit at MSB. The comments
    for this calculation also mention that it's a signed register.
    
    However, the regval is unsigned type so result of calculation
    turns out to be an incorrect value when current is negative.
    
    This patch simply fixes this by adding a casting to s16.
    
    Fixes: 5d389b125186c ("hwmon: (ina2xx) Make calibration register value fixed")
    Signed-off-by: Nicolin Chen <nicoleotsuka@gmail.com>
    Signed-off-by: Guenter Roeck <linux@roeck-us.net>
    Signed-off-by: Sasha Levin <sashal@kernel.org>

commit aa3bfa29fcd5a6af2959152be406245a8f48d481
Author: Marek Szyprowski <m.szyprowski@samsung.com>
Date:   Mon Jan 15 14:58:21 2018 +0100

    hwmon: (ina2xx) Fix access to uninitialized mutex
    
    commit 0c4c5860e9983eb3da7a3d73ca987643c3ed034b upstream.
    
    Initialize data->config_lock mutex before it is used by the driver code.
    
    This fixes following warning on Odroid XU3 boards:
    
    INFO: trying to register non-static key.
    the code is fine but needs lockdep annotation.
    turning off the locking correctness validator.
    CPU: 5 PID: 1 Comm: swapper/0 Not tainted 4.15.0-rc7-next-20180115-00001-gb75575dee3f2 #107
    Hardware name: SAMSUNG EXYNOS (Flattened Device Tree)
    [<c0111504>] (unwind_backtrace) from [<c010dbec>] (show_stack+0x10/0x14)
    [<c010dbec>] (show_stack) from [<c09b3f74>] (dump_stack+0x90/0xc8)
    [<c09b3f74>] (dump_stack) from [<c0179528>] (register_lock_class+0x1c0/0x59c)
    [<c0179528>] (register_lock_class) from [<c017bd1c>] (__lock_acquire+0x78/0x1850)
    [<c017bd1c>] (__lock_acquire) from [<c017de30>] (lock_acquire+0xc8/0x2b8)
    [<c017de30>] (lock_acquire) from [<c09ca59c>] (__mutex_lock+0x60/0xa0c)
    [<c09ca59c>] (__mutex_lock) from [<c09cafd0>] (mutex_lock_nested+0x1c/0x24)
    [<c09cafd0>] (mutex_lock_nested) from [<c068b0d0>] (ina2xx_set_shunt+0x70/0xb0)
    [<c068b0d0>] (ina2xx_set_shunt) from [<c068b218>] (ina2xx_probe+0x88/0x1b0)
    [<c068b218>] (ina2xx_probe) from [<c0673d90>] (i2c_device_probe+0x1e0/0x2d0)
    [<c0673d90>] (i2c_device_probe) from [<c053a268>] (driver_probe_device+0x2b8/0x4a0)
    [<c053a268>] (driver_probe_device) from [<c053a54c>] (__driver_attach+0xfc/0x120)
    [<c053a54c>] (__driver_attach) from [<c05384cc>] (bus_for_each_dev+0x58/0x7c)
    [<c05384cc>] (bus_for_each_dev) from [<c0539590>] (bus_add_driver+0x174/0x250)
    [<c0539590>] (bus_add_driver) from [<c053b5e0>] (driver_register+0x78/0xf4)
    [<c053b5e0>] (driver_register) from [<c0675ef0>] (i2c_register_driver+0x38/0xa8)
    [<c0675ef0>] (i2c_register_driver) from [<c0102b40>] (do_one_initcall+0x48/0x18c)
    [<c0102b40>] (do_one_initcall) from [<c0e00df0>] (kernel_init_freeable+0x110/0x1d4)
    [<c0e00df0>] (kernel_init_freeable) from [<c09c8120>] (kernel_init+0x8/0x114)
    [<c09c8120>] (kernel_init) from [<c01010b4>] (ret_from_fork+0x14/0x20)
    
    Fixes: 5d389b125186 ("hwmon: (ina2xx) Make calibration register value fixed")
    Signed-off-by: Marek Szyprowski <m.szyprowski@samsung.com>
    Signed-off-by: Guenter Roeck <linux@roeck-us.net>
    Signed-off-by: Greg Kroah-Hartman <gregkh@linuxfoundation.org>
commit fd2c1ba142277bfd6f3488e6105c9eb643246ddc
Author: Nicolin Chen <nicoleotsuka@gmail.com>
Date:   Tue Nov 13 19:48:54 2018 -0800

    hwmon: (ina2xx) Fix current value calculation
    
    [ Upstream commit 38cd989ee38c16388cde89db5b734f9d55b905f9 ]
    
    The current register (04h) has a sign bit at MSB. The comments
    for this calculation also mention that it's a signed register.
    
    However, the regval is unsigned type so result of calculation
    turns out to be an incorrect value when current is negative.
    
    This patch simply fixes this by adding a casting to s16.
    
    Fixes: 5d389b125186c ("hwmon: (ina2xx) Make calibration register value fixed")
    Signed-off-by: Nicolin Chen <nicoleotsuka@gmail.com>
    Signed-off-by: Guenter Roeck <linux@roeck-us.net>
    Signed-off-by: Sasha Levin <sashal@kernel.org>

commit aa3bfa29fcd5a6af2959152be406245a8f48d481
Author: Marek Szyprowski <m.szyprowski@samsung.com>
Date:   Mon Jan 15 14:58:21 2018 +0100

    hwmon: (ina2xx) Fix access to uninitialized mutex
    
    commit 0c4c5860e9983eb3da7a3d73ca987643c3ed034b upstream.
    
    Initialize data->config_lock mutex before it is used by the driver code.
    
    This fixes following warning on Odroid XU3 boards:
    
    INFO: trying to register non-static key.
    the code is fine but needs lockdep annotation.
    turning off the locking correctness validator.
    CPU: 5 PID: 1 Comm: swapper/0 Not tainted 4.15.0-rc7-next-20180115-00001-gb75575dee3f2 #107
    Hardware name: SAMSUNG EXYNOS (Flattened Device Tree)
    [<c0111504>] (unwind_backtrace) from [<c010dbec>] (show_stack+0x10/0x14)
    [<c010dbec>] (show_stack) from [<c09b3f74>] (dump_stack+0x90/0xc8)
    [<c09b3f74>] (dump_stack) from [<c0179528>] (register_lock_class+0x1c0/0x59c)
    [<c0179528>] (register_lock_class) from [<c017bd1c>] (__lock_acquire+0x78/0x1850)
    [<c017bd1c>] (__lock_acquire) from [<c017de30>] (lock_acquire+0xc8/0x2b8)
    [<c017de30>] (lock_acquire) from [<c09ca59c>] (__mutex_lock+0x60/0xa0c)
    [<c09ca59c>] (__mutex_lock) from [<c09cafd0>] (mutex_lock_nested+0x1c/0x24)
    [<c09cafd0>] (mutex_lock_nested) from [<c068b0d0>] (ina2xx_set_shunt+0x70/0xb0)
    [<c068b0d0>] (ina2xx_set_shunt) from [<c068b218>] (ina2xx_probe+0x88/0x1b0)
    [<c068b218>] (ina2xx_probe) from [<c0673d90>] (i2c_device_probe+0x1e0/0x2d0)
    [<c0673d90>] (i2c_device_probe) from [<c053a268>] (driver_probe_device+0x2b8/0x4a0)
    [<c053a268>] (driver_probe_device) from [<c053a54c>] (__driver_attach+0xfc/0x120)
    [<c053a54c>] (__driver_attach) from [<c05384cc>] (bus_for_each_dev+0x58/0x7c)
    [<c05384cc>] (bus_for_each_dev) from [<c0539590>] (bus_add_driver+0x174/0x250)
    [<c0539590>] (bus_add_driver) from [<c053b5e0>] (driver_register+0x78/0xf4)
    [<c053b5e0>] (driver_register) from [<c0675ef0>] (i2c_register_driver+0x38/0xa8)
    [<c0675ef0>] (i2c_register_driver) from [<c0102b40>] (do_one_initcall+0x48/0x18c)
    [<c0102b40>] (do_one_initcall) from [<c0e00df0>] (kernel_init_freeable+0x110/0x1d4)
    [<c0e00df0>] (kernel_init_freeable) from [<c09c8120>] (kernel_init+0x8/0x114)
    [<c09c8120>] (kernel_init) from [<c01010b4>] (ret_from_fork+0x14/0x20)
    
    Fixes: 5d389b125186 ("hwmon: (ina2xx) Make calibration register value fixed")
    Signed-off-by: Marek Szyprowski <m.szyprowski@samsung.com>
    Signed-off-by: Guenter Roeck <linux@roeck-us.net>
    Signed-off-by: Greg Kroah-Hartman <gregkh@linuxfoundation.org>
checking ddc09c522035297b711d821e72bebf24a11fb617 ......
	 orig commit -> e48e5e198fb6ec77c91047a694022f0fefa45292 ......
checking 7743aa14305519af65f21759f56fb1eb168bd2bd ......
	 orig commit -> d36f45e5b46723cf2d4147173e18c52d4143176d ......
checking b72d39b1da82573654b4b4ce938cc6d3d3b89057 ......
	 orig commit -> 63f1e05f7fe9ca509c60154d6a833abf96eecdc9 ......
checking e6bc3a4b0c23ed8d754692fa15ceb280e3facc51 ......
	 orig commit -> 12a26c298d2a8b1cab498533fa65198e49e3afd3 ......
checking 1cf98fd005f54f480aba21f1d73a0059f460a353 ......
	 orig commit -> 1bfe8889380890efe4943d125124f5a7b48571b0 ......
checking db470ce8c6ee0efdc4fe699a3293ac2c0a5646f6 ......
	 orig commit -> 61647823aa920e395afcce4b57c32afb51456cab ......
checking 87a25a385832b917027298513d47473ce7ef870d ......
	 orig commit -> a42b63c1ac1986f17f71bc91a6b0aaa14d4dae71 ......
checking 378259c7d0a2e28176486a2bae611ef5ca5bd114 ......
	 orig commit -> 5928c281524fe451114e04f1dfa11246a37e859f ......
		 5928c281524fe451114e04f1dfa11246a37e859f has problem. Fixes commit -> 53fa1f6e8a5958da698a31edf366ffe90596b490
commit 3e4915873cff08e6b02b5807336ef559690ddecf
Author: Hans de Goede <hdegoede@redhat.com>
Date:   Tue Apr 17 18:23:50 2018 +0200

    ACPI / video: Only default only_lcd to true on Win8-ready _desktops_
    
    commit 53fa1f6e8a5958da698a31edf366ffe90596b490 upstream.
    
    Commit 5928c281524f (ACPI / video: Default lcd_only to true on Win8-ready
    and newer machines) made only_lcd default to true on all machines where
    acpi_osi_is_win8() returns true, including laptops.
    
    The purpose of this is to avoid the bogus / non-working acpi backlight
    interface which many newer BIOS-es define on desktop machines.
    
    But this is causing a regression on some laptops, specifically on the
    Dell XPS 13 2013 model, which does not have the LCD flag set for its
    fully functional ACPI backlight interface.
    
    Rather then DMI quirking our way out of this, this commits changes the
    logic for setting only_lcd to true, to only do this on machines with
    a desktop (or server) dmi chassis-type.
    
    Note that we cannot simply only check the chassis-type and not register
    the backlight interface based on that as there are some laptops and
    tablets which have their chassis-type set to "3" aka desktop. Hopefully
    the combination of checking the LCD flag, but only on devices with
    a desktop(ish) chassis-type will avoid the needs for DMI quirks for this,
    or at least limit the amount of DMI quirks which we need to a minimum.
    
    Fixes: 5928c281524f (ACPI / video: Default lcd_only to true on Win8-ready and newer machines)
    Reported-and-tested-by: James Hogan <jhogan@kernel.org>
    Signed-off-by: Hans de Goede <hdegoede@redhat.com>
    Cc: 4.15+ <stable@vger.kernel.org> # 4.15+
    Signed-off-by: Rafael J. Wysocki <rafael.j.wysocki@intel.com>
    Signed-off-by: Greg Kroah-Hartman <gregkh@linuxfoundation.org>
checking ea620e414bdec8f9dda3db588ceb672296467270 ......
	 orig commit -> 7ae0c649c47f1c5d2db8cee6dd75855970af1669 ......
checking ab4ac0fc47129747d0304d27d720561fe71fe123 ......
	 orig commit -> 820da5357572715c6235ba3b3daa2d5b43a1198f ......
checking fcb762cb4b5ccee501f10d1d798b26b16cc26a28 ......
	 orig commit -> 27b5bf49f0924fd62d2b1ef8467b40773973da34 ......
checking f7b0ea2245a0c7e6b255b0fa6f0a83a04a821da5 ......
	 orig commit -> 99fdf6b1cadf41bb253408589788f025027274f3 ......
checking 93b8f4a2302b68d42bd384076c846f86a8decda4 ......
	 orig commit -> ca8000684ec4e66f965e1f9547a3c6cb834154ca ......
checking d606bac136ec4c25a31830269a18aea66bd6cf0c ......
	 orig commit -> 9f5c6d8777a2d962b0eeacb2a16f37da6bea545b ......
checking 3efc86f667fcf0f35c55cf6ca2461cbd5c94f2c7 ......
	 orig commit -> 4b3a2716dd785fabb9f6ac80c1d53cb29a88169d ......
checking ea40afb5c3798d9949a48a76f74ff5a5288e6976 ......
	 orig commit -> a5de11d67dcd268b8d0beb73dc374de5e97f0caf ......
checking fd78be4b37cc6daf81fa19e3b415ca623acacab6 ......
	 orig commit -> 09ee9dba9611cd382fd360a99ad1c2fa23bfdca8 ......
checking 78728d84f3380aea7569a95a0aa14b6f2cdf9a32 ......
	 orig commit -> 0a03f98b98c201191e3ba15a0e33f46d8660e1fd ......
checking 2e9a8b6a7d5263646ee5f45829f078d8a79e5aad ......
	 orig commit -> d5c7b4d5ac2237a6da7ced3adfe6b8bf769f8cc6 ......
checking 800ffac107546b47329d74a72de71b9156836db2 ......
	 orig commit -> 86aacdca66774051cbc0958110a48074b57a060b ......
checking fbd4d9046a1a0f32b9a3b82871a1b3c7fd52a758 ......
	 orig commit -> ce9ce74145aa6814a370a9ff4f5a1d719baaced1 ......
checking c5cd3cc217a914975d969db99edea13ab6265283 ......
	 orig commit -> fe99afd1febd74e0ef1fed7e3283f09effe1f4f0 ......
checking 0bc82eae125676f85a47f7b23fa26e835182eb73 ......
	 orig commit -> df8b13a1b23356d01dfc4647a5629cdb0f4ce566 ......
