Check from v4.14.79 to v4.14.80
Commit count: 31
checking 0b047cbc44ae7d0cea41a99cd7ec1f009360a605 ......
checking 3a2b1d50bb294b7d5c31308ae4c04a87b6c82176 ......
	 orig commit -> f8b39039cbf2a15f2b8c9f081e1cbd5dee00aaf5 ......
checking ce4454ff2b2de585f059b011dc1b77205f76d607 ......
	 orig commit -> 2224d616528194b02424c91c2ee254b3d29942c3 ......
checking 70931375b112460ab15d601a1e89c6f2d0701012 ......
	 orig commit -> 53c13ba8ed39e89f21a0b98f4c8a241bb44e483d ......
checking 577bfbe31fa9da8c8ed1c045a9be8d3cc21f1664 ......
	 orig commit -> b59167ac7bafd804c91e49ad53c6d33a7394d4c8 ......
checking 7f6273f584fd74bcee9aa16db3f0e2fbcae48e86 ......
	 orig commit -> cc55f7537db6af371e9c1c6a71161ee40f918824 ......
checking 1595a964d7afb79530770a2dd6fc83b1676faef0 ......
	 orig commit -> 4907c68abd3f60f650f98d5a69d4ec77c0bde44f ......
checking 1220de22227bbb2773f31c29c33c1271f2f42890 ......
	 orig commit -> baa9be4ffb55876923dc9716abc0a448e510ba30 ......
checking e5c0a5893c0443d943b0a411802e3e463664c737 ......
	 orig commit -> 13c1c5e4d7f887cba36c5e3df3faa22071c1469f ......
checking dad71807595250788821346805ee8976efcc7f29 ......
	 orig commit -> 665c365a77fbfeabe52694aedf3446d5f2f1ce42 ......
checking 509015954a0c67ba7c34dadaf0d3fffde8c482c7 ......
	 orig commit -> 9ae24af3669111d418242caec8dd4ebd9ba26860 ......
checking 89cd15c962405428bcd11c5f34127698f29bbd60 ......
	 orig commit -> 81f7567c51ad97668d1c3a48e8ecc482e64d4161 ......
checking 6f053e36bda96461245d0d01f374dac4f7cab54c ......
	 orig commit -> 9397940ed812b942c520e0c25ed4b2c64d57e8b9 ......
checking 32772ef3f5ed990404c7664782ad77c551d19693 ......
	 orig commit -> f976d0e5747ca65ccd0fb2a4118b193d70aa1836 ......
checking 8686f337ca17db405ca770c490e725088be58414 ......
	 orig commit -> dae3ddba36f8c337fb59cef07d564da6fc9b7551 ......
checking f0e3b74a4dc0ce27abccdfdcd41eae73cee4b9ac ......
	 orig commit -> 0295e39595e1146522f2722715dba7f7fba42217 ......
checking 66448066c2b1ec587e6168a9206ffedd11d94444 ......
	 orig commit -> a3671a4f973ee9d9621d60166cc3b037c397d604 ......
checking c219c2cd34cc1bbf7dc9ffe04c5d7d411349e7c0 ......
	 orig commit -> db05c481977599236f12a85e55de9f5ab37b0a2c ......
		 db05c481977599236f12a85e55de9f5ab37b0a2c has problem. Fixes commit -> 62d85b3bf9d978ed4b6b2aeef5cf0ccf1423906e
commit 8b99f1705b5d545c23fc629e51063915e7bb3fce
Author: Ivan Mironov <mironov.ivan@gmail.com>
Date:   Tue Jan 8 12:23:52 2019 +0500

    drm/fb-helper: Partially bring back workaround for bugs of SDL 1.2
    
    commit 62d85b3bf9d978ed4b6b2aeef5cf0ccf1423906e upstream.
    
    SDL 1.2 sets all fields related to the pixel format to zero in some
    cases[1]. Prior to commit db05c48197759 ("drm: fb-helper: Reject all
    pixel format changing requests"), there was an unintentional workaround
    for this that existed for more than a decade. First in device-specific DRM
    drivers, then here in drm_fb_helper.c.
    
    Previous code containing this workaround just ignores pixel format fields
    from userspace code. Not a good thing either, as this way, driver may
    silently use pixel format different from what client actually requested,
    and this in turn will lead to displaying garbage on the screen. I think
    that returning EINVAL to userspace in this particular case is the right
    option, so I decided to left code from problematic commit untouched
    instead of just reverting it entirely.
    
    Here is the steps required to reproduce this problem exactly:
            1) Compile fceux[2] with SDL 1.2.15 and without GTK or OpenGL
               support. SDL should be compiled with fbdev support (which is
               on by default).
            2) Create /etc/fb.modes with following contents (values seems
               not used, and just required to trigger problematic code in
               SDL):
    
                    mode "test"
                        geometry 1 1 1 1 1
                        timings 1 1 1 1 1 1 1
                    endmode
    
            3) Create ~/.fceux/fceux.cfg with following contents:
    
                    SDL.Hotkeys.Quit = 27
                    SDL.DoubleBuffering = 1
    
            4) Ensure that screen resolution is at least 1280x960 (e.g.
               append "video=Virtual-1:1280x960-32" to the kernel cmdline
               for qemu/QXL).
    
            5) Try to run fceux on VT with some ROM file[3]:
    
                    # ./fceux color_test.nes
    
    [1] SDL 1.2.15 source code, src/video/fbcon/SDL_fbvideo.c,
        FB_SetVideoMode()
    [2] http://www.fceux.com
    [3] Example ROM: https://github.com/bokuweb/rustynes/blob/master/roms/color_test.nes
    
    Reported-by: saahriktu <mail@saahriktu.org>
    Suggested-by: saahriktu <mail@saahriktu.org>
    Cc: stable@vger.kernel.org
    Fixes: db05c48197759 ("drm: fb-helper: Reject all pixel format changing requests")
    Signed-off-by: Ivan Mironov <mironov.ivan@gmail.com>
    [danvet: Delete misleading comment.]
    Signed-off-by: Daniel Vetter <daniel.vetter@ffwll.ch>
    Link: https://patchwork.freedesktop.org/patch/msgid/20190108072353.28078-2-mironov.ivan@gmail.com
    Link: https://patchwork.freedesktop.org/patch/msgid/20190108072353.28078-2-mironov.ivan@gmail.com
    Signed-off-by: Greg Kroah-Hartman <gregkh@linuxfoundation.org>
checking 20ff18553ed84b2bc57567e1ac51bf432719c289 ......
	 orig commit -> 9068e02f58740778d8270840657f1e250a2cc60f ......
checking fd3127215babb993c7470dc556e547f5572ca371 ......
	 orig commit -> 0711a43b6d84ff9189adfbf83c8bbf56eef794bf ......
checking 7a4b046b0ce973f641d1b6ba4c6947ed94d77a80 ......
	 orig commit -> efa61c8cf2950ab5c0e66cff3cabe2a2b24e81ba ......
checking ddb595dfe47278fd8ff3fd171b3729ec45d51b74 ......
	 orig commit -> 169b803397499be85bdd1e3d07d6f5e3d4bd669e ......
checking 33e52eb2d00582fad17177918b83a8df19958989 ......
	 orig commit -> a606ebdb859e78beb757dfefa08001df366e2ef5 ......
checking 43607eb9f70823072e1bfc27f84ed81551ac2adb ......
	 orig commit -> 833eacc7b5913da9896bacd30db7d490aa777868 ......
checking 6eb5633da44ef52e37c27e25400d427b9774ae6e ......
	 orig commit -> 9bdda4e9cf2dcecb60a0683b10ffb8cd7e5f2f45 ......
checking 0502f1366921284a8f418db753d9fd7af4cd5ba8 ......
checking eb9b195c53db75c694bf78576925fcb3eed9d0e1 ......
	 orig commit -> 0962590e553331db2cc0aef2dc35c57f6300dbbe ......
checking cc2526f1f5544a440c88f48c4681707ca76e3df1 ......
	 orig commit -> 35aecc02b5b621782111f64cbb032c7f6a90bb32 ......
checking 86534d3d824351868fb0992e13777933edb91e6f ......
	 orig commit -> 36cae568404a298a19a6e8a3f18641075d4cab04 ......
checking 8a6cee344cc0236d6171bc24506cb593d84b8214 ......
	 orig commit -> a725356b6659469d182d662f22d770d83d3bc7b5 ......
checking f63387b9ae1ddf1e121b220ebe917aeed7941054 ......
	 orig commit -> a2b3bf4846e5eed62ea6abb096af2c950961033c ......
