Check from v4.14.63 to v4.14.64
Commit count: 23
checking 7251bd56d92540ab75d660e96d4fb1b7131b38da ......
checking 21ed56ef827e3574ffbe67a933e480b4f6f32cf5 ......
	 orig commit -> 5e0fb5df2ee871b841f96f9cb6a7f2784e96aa4e ......
checking a34806961be4b42f3f40c8026eca95bbbbaf78a3 ......
	 orig commit -> 785a19f9d1dd8a4ab2d0633be4656653bd3de1fc ......
checking 6e2c702e797c25b49dac3a9f663c449f30cf8efc ......
	 orig commit -> 7992c18810e568b95c869b227137a2215702a805 ......
checking 9efed51870be4cca7725da7bcebf4cffb4b8f1a9 ......
	 orig commit -> 3bbda5a38601f7675a214be2044e41d7749e6c7b ......
		 3bbda5a38601f7675a214be2044e41d7749e6c7b has problem. Fixes commit -> 0087f2013188d8b332cee2f74fd3c6754a49f620
checking 643a9d6d4ff70c3e6580014299bba3e75e3dc620 ......
	 orig commit -> f53ee247ad546183fc13739adafc5579b9f0ebc0 ......
checking 1a2d99218d87868841f2dd301c55fcf7e5374b30 ......
	 orig commit -> 4baa8bb13f41307f3eb62fe91f93a1a798ebef53 ......
checking 3f745fe61ac6c9e9783ec4c247171ac616d66c8b ......
	 orig commit -> a894990ac994a53bc5a0cc694eb12f3c064c18c5 ......
checking c13fddcb98227d17cac2f4bc943ea81916839886 ......
	 orig commit -> b7165d26bf730567ab081bb9383aff82cd43d9ea ......
checking de59521d508a32c6d9f3ae2bc4473658cd12df79 ......
	 orig commit -> 23f1b8d938c861ee0bbb786162f7ce0685f722ec ......
checking 13f12749af15149d0b10b30bf3472b62deded15a ......
	 orig commit -> 3f5fe9fef5b2da06b6319fab8123056da5217c3f ......
		 3f5fe9fef5b2da06b6319fab8123056da5217c3f has problem. Fixes commit -> 3054426dc68e5d63aa6a6e9b91ac4ec78e3f3805
commit e1e5fa73e466eb3ecaffb5b6bdc47809fc21ab86
Author: Pavankumar Kondeti <pkondeti@codeaurora.org>
Date:   Tue Oct 30 12:24:33 2018 +0530

    sched, trace: Fix prev_state output in sched_switch tracepoint
    
    commit 3054426dc68e5d63aa6a6e9b91ac4ec78e3f3805 upstream.
    
    commit 3f5fe9fef5b2 ("sched/debug: Fix task state recording/printout")
    tried to fix the problem introduced by a previous commit efb40f588b43
    ("sched/tracing: Fix trace_sched_switch task-state printing"). However
    the prev_state output in sched_switch is still broken.
    
    task_state_index() uses fls() which considers the LSB as 1. Left
    shifting 1 by this value gives an incorrect mapping to the task state.
    Fix this by decrementing the value returned by __get_task_state()
    before shifting.
    
    Link: http://lkml.kernel.org/r/1540882473-1103-1-git-send-email-pkondeti@codeaurora.org
    
    Cc: stable@vger.kernel.org
    Fixes: 3f5fe9fef5b2 ("sched/debug: Fix task state recording/printout")
    Signed-off-by: Pavankumar Kondeti <pkondeti@codeaurora.org>
    Signed-off-by: Steven Rostedt (VMware) <rostedt@goodmis.org>
    Signed-off-by: Sudip Mukherjee <sudipm.mukherjee@gmail.com>
    Signed-off-by: Greg Kroah-Hartman <gregkh@linuxfoundation.org>
checking e5f4bae2e3c8088807037a119daa2d91aa07908c ......
	 orig commit -> 520e18a5080d2c444a03280d99c8a35cb667d321 ......
checking 7e179bffb6811ecfd653cc651d44bae55941bc97 ......
	 orig commit -> 8088d3dd4d7c6933a65aa169393b5d88d8065672 ......
checking 0f2981ee03ff3f9678a43592065d0ae95de451dc ......
	 orig commit -> 0567fc9e90b9b1c8dbce8a5468758e6206744d4a ......
checking 68432fd1665b6c0647cf2cce6c218fea4761a5b4 ......
	 orig commit -> 318abdfbe708aaaa652c79fb500e9bd60521f9dc ......
checking 2cde72d94f0a3a12681e9321a7b9e15b524bf15f ......
	 orig commit -> 0868def3e4100591e7a1fdbf3eed1439cc8f7ca3 ......
checking e7aefb13e61c52e025c510bc6372dc08edbdf27b ......
	 orig commit -> bb29648102335586e9a66289a1d98a0cb392b6e5 ......
checking ef70d14553ed93bb074ecf0c5136076f7481c9a4 ......
	 orig commit -> 73bf20ef3df262026c3470241ae4ac8196943ffa ......
checking e73828389b1c3a8c4ba17f0fc58604a3b8d88af1 ......
	 orig commit -> af839b4e546613aed1fbd64def73956aa98631e7 ......
checking 50123ab8c47d6e747ca333b19ac11e2b86e8dc2a ......
	 orig commit -> 934193a654c1f4d0643ddbf4b2529b508cae926e ......
		 934193a654c1f4d0643ddbf4b2529b508cae926e has problem. Fixes commit -> 914b087ff9e0e9a399a4927fa30793064afc0178
commit 9370868fd3ca87239332d4c288b2d0b3f91ffd2a
Author: Randy Dunlap <rdunlap@infradead.org>
Date:   Tue Aug 28 12:59:10 2018 -0700

    kbuild: make missing $DEPMOD a Warning instead of an Error
    
    commit 914b087ff9e0e9a399a4927fa30793064afc0178 upstream.
    
    When $DEPMOD is not found, only print a warning instead of exiting
    with an error message and error status:
    
    Warning: 'make modules_install' requires /sbin/depmod. Please install it.
    This is probably in the kmod package.
    
    Change the Error to a Warning because "not all build hosts for cross
    compiling Linux are Linux systems and are able to provide a working
    port of depmod, especially at the file patch /sbin/depmod."
    
    I.e., "make modules_install" may be used to copy/install the
    loadable modules files to a target directory on a build system and
    then transferred to an embedded device where /sbin/depmod is run
    instead of it being run on the build system.
    
    Fixes: 934193a654c1 ("kbuild: verify that $DEPMOD is installed")
    Signed-off-by: Randy Dunlap <rdunlap@infradead.org>
    Reported-by: H. Nikolaus Schaller <hns@goldelico.com>
    Cc: stable@vger.kernel.org
    Cc: Lucas De Marchi <lucas.demarchi@profusion.mobi>
    Cc: Lucas De Marchi <lucas.de.marchi@gmail.com>
    Cc: Michal Marek <michal.lkml@markovi.net>
    Cc: Jessica Yu <jeyu@kernel.org>
    Cc: Chih-Wei Huang <cwhuang@linux.org.tw>
    Signed-off-by: Masahiro Yamada <yamada.masahiro@socionext.com>
    Signed-off-by: Maxim Zhukov <mussitantesmortem@gmail.com>
    Signed-off-by: Greg Kroah-Hartman <gregkh@linuxfoundation.org>
checking 3d0170b8af8dd66f67989e71469cb905b2a20bdd ......
	 orig commit -> f967db0b9ed44ec3057a28f3b28efc51df51b835 ......
checking 7985292f97b4fb572d03353ca151fca683796d5d ......
	 orig commit -> 0a957467c5fd46142bc9c52758ffc552d4c5e2f7 ......
checking 5f7a645432d6a8ad4164a97337af323f0b345fe3 ......
	 orig commit -> 1eb46908b35dfbac0ec1848d4b1e39667e0187e9 ......
