Check from v4.14.35 to v4.14.36
Commit count: 164
checking d6949f48093c2d862d9bc39a7a89f2825c55edc4 ......
checking 7c9b87a78a17017abe5def1ab53e3b261be6853f ......
	 orig commit -> 2e898e4c0a3897ccd434adac5abb8330194f527b ......
checking 071ff203d962478368bbc84c3c8f9ba40e9fe2b6 ......
checking e7a08ffb2d897f4cfbd7b2931339c4643ad04f64 ......
checking 8caa4c5fde76315b964b77c4a7dade6833be4cb1 ......
	 orig commit -> 9e5053ad9d590e095829a8bb07adbbdbd893f0f9 ......
checking 0c61952c3d199c8179cb8d2d400ef33c5511c3a3 ......
	 orig commit -> 86a2b2043af79deff5cf000c5a08847faa4f2ee0 ......
checking 30593709f80ddf23a3e8b41f3a7edfc68c4786be ......
	 orig commit -> fc5f33768cca7144f8d793205b229d46740d183b ......
checking 90a32d1f0ec9844b7984f52f07fe7bcb0abfb6a7 ......
	 orig commit -> abc1be13fd113ddef5e2d807a466286b864caed3 ......
checking 5e7575c6690a2871a1db5d5fe86c8fe8aef00cd8 ......
	 orig commit -> 1e6306652ba18723015d1b4967fe9de55f042499 ......
checking d4d49cb1c20a13f03cf1740f5ae690cb1dd1f43d ......
	 orig commit -> 16a34adb9392b2fe4195267475ab5b472e55292c ......
checking 085125572a453938bf4b0f483ccb0d76c40f1d1c ......
	 orig commit -> 4a3877c4cedd95543f8726b0a98743ed8db0c0fb ......
checking 0bb4a6f2ff1a9081a35b07760fa40f9880d16bc6 ......
	 orig commit -> 659038428cb43a66e3eff71e2c845c9de3611a98 ......
checking bb5def77d0a1e41b53f7049fdb0f640408194068 ......
	 orig commit -> a24cd490739586a7d2da3549a1844e1d7c4f4fc4 ......
checking c780ac96e120081a1d2e892f47ce34245ef1cfb2 ......
	 orig commit -> c66b23c2840446a82c389e4cb1a12eb2a71fa2e4 ......
checking 22ec5ee71086284911b21339eaf4d2c2ec1df351 ......
	 orig commit -> 5deae9191130db6b617c94fb261804597cf9b508 ......
checking 4bddb1209a6df483487b241b586f9ef12c88ab8c ......
	 orig commit -> 300ad8992913025b4294d4fc37b6bfff4a8b7ad1 ......
checking 28f46dee49d3eac6dbeac3e4c9ecf1b861d2594b ......
	 orig commit -> 54a307ba8d3cd00a3902337ffaae28f436eeb1a4 ......
checking a2a9d0190f9964dd734348085c22582e519c145a ......
	 orig commit -> 44f06ba8297c7e9dfd0e49b40cbe119113cca094 ......
checking f86815184c471dae61f3c764b7589872a91e930a ......
	 orig commit -> b8858581febb050688e276b956796bc4a78299ed ......
checking ce3b0b0589a8b7e0241c0d1b1049a715108b78fb ......
	 orig commit -> b32e56e5a87a1f9243db92bc7a5df0ffb4627cfb ......
checking 49a52f7d9274da3f32d7c3b51843fa44fffd2e55 ......
	 orig commit -> 13a83eac373c49c0a081cbcd137e79210fe78acd ......
checking a5f6e787b9b061624f525eff944fc73e08974567 ......
	 orig commit -> c96eebf07692e53bf4dd5987510d8b550e793598 ......
checking 6da34ca1ca3e7a42b46e1265d04e827d3a6970d3 ......
	 orig commit -> daf70d89f80c6e1772233da9e020114b1254e7e0 ......
checking 7b34760dc682d58f77dfab1810d4af2841828f6b ......
	 orig commit -> 8a8158c85e1e774a44fbe81106fa41138580dfd1 ......
		 8a8158c85e1e774a44fbe81106fa41138580dfd1 has problem. Fixes commit -> 2f7619ae90bf78cf576b5e72087aab0435266fdb
148b9aba99e0bbadf361747d21456e1589015f74
checking 23f5562852b9f999d6c36606e40bcd81c64f4765 ......
	 orig commit -> b3d7e55c3f886493235bfee08e1e5a4a27cbcce8 ......
checking 1da964d421dae559422561ef407c2557d8d0348a ......
	 orig commit -> 619d3a2922ce623ca2eca443cc936810d328317c ......
checking 0e159a9e1823469c46bf3355d87a79a2cc7f8890 ......
	 orig commit -> a955358d54695e4ad9f7d6489a7ac4d69a8fc711 ......
checking 27840bc4ebb2b4bf106c3cf7cb931c277f997a24 ......
	 orig commit -> 2e210bbb7429cdcf1a1a3ad00c1bf98bd9bf2452 ......
checking 90936d903c2f34663cffe68d9845debdeb85174c ......
	 orig commit -> d848e5f8e1ebdb227d045db55fe4f825e82965fa ......
checking d152fcc173149a99d6f707a5b8a80d83d906755b ......
	 orig commit -> 0bb29a849a6433b72e249eea7695477b02056e94 ......
checking 7b6b1f3a192372937164d1293b432c640ffc7c8f ......
	 orig commit -> dc12baacb95f205948f64dc936a47d89ee110117 ......
checking 6e513bc20ca63f594632eca4e1968791240b8f18 ......
	 orig commit -> 43838a23a05fbd13e47d750d3dfd77001536dd33 ......
checking 8036cdaa1b13144428bbf95bc9679ea7a592d7dd ......
	 orig commit -> a3dafb2200bf3c13905a088e82ae11f1eb275a83 ......
		 a3dafb2200bf3c13905a088e82ae11f1eb275a83 has problem. Fixes commit -> e41fc8c5bd41b96bfae5ce4c66bee6edabc932e8
commit cd41a8fac35a92e3b19365181a337d4dd657bb06
Author: Hui Wang <hui.wang@canonical.com>
Date:   Mon Jun 25 14:40:56 2018 +0800

    ALSA: hda/realtek - Fix the problem of two front mics on more machines
    
    commit e41fc8c5bd41b96bfae5ce4c66bee6edabc932e8 upstream.
    
    We have 3 more Lenovo machines, they all have 2 front mics on them,
    so they need the fixup to change the location for one of two mics.
    
    Among these 3 Lenovo machines, one of them has the same pin cfg as the
    machine with subid 0x17aa3138, so use the pin cfg table to apply fixup
    for them. The rest machines don't share the same pin cfg, so far use
    the subid to apply fixup for them.
    
    Fixes: a3dafb2200bf ("ALSA: hda/realtek - adjust the location of one mic")
    Cc: <stable@vger.kernel.org>
    Signed-off-by: Hui Wang <hui.wang@canonical.com>
    Signed-off-by: Takashi Iwai <tiwai@suse.de>
    Signed-off-by: Greg Kroah-Hartman <gregkh@linuxfoundation.org>
checking adc02ac60919116f61ebcfbb4e5cfd0b6c3cb2f3 ......
	 orig commit -> 3ce0d5aa265bcc0a4b281cb0cabf92491276101b ......
checking 11e9bed2b97199ee940226be54aed5d19c50d0e4 ......
	 orig commit -> af52f9982e410edac21ca4b49563053ffc9da1eb ......
checking fcf38cf55e286f7da4a1210d8496696b855934be ......
	 orig commit -> 8a56ef4f3ffba9ebf4967b61ef600b0a7ba10f11 ......
checking 43b3e7915edd6c20be27444bd70d967fcb07394d ......
	 orig commit -> 7ecb46e9ee9af18e304eb9e7d6804c59a408e846 ......
checking bdc6f4c3db08c7b947b5c4200e600136993fe01b ......
	 orig commit -> 85e290d92b4b794d0c758c53007eb4248d385386 ......
checking 110b72d9351ff9662fd27d1225301d10293cf5a8 ......
	 orig commit -> b1550359d1eb392ee54f7cf47cffcfe0a602f6a7 ......
checking 791469d6b882c7366a7710539dc7267c5b57fed6 ......
	 orig commit -> 5f9e93fed4d45e9a8f84728aff1a8f2ab8922902 ......
checking f188464e3d54c2d651fa710f74c8aed68aa87813 ......
	 orig commit -> 20ca25e86c56f5490bdc80318f4fc06466e4c21b ......
checking f056e3339741cf34908d93d428c2fbe5fd6a3a3e ......
	 orig commit -> 41212e2fe72b26ded7ed78224d9eab720c2891e2 ......
checking 57e56826611a158234ce75a1684d0de92af73c8e ......
	 orig commit -> 4a8e06f7aad797e92413a3042d09d3b385fa1fda ......
checking c73d9e350085a479d787d6d6dff3599fa6952491 ......
	 orig commit -> a20ee0b1f8b42e2568f3a4408003d22b2dfcc706 ......
checking 674b6963cec22d45d0ff9565554bf5ee2628630e ......
	 orig commit -> 13b40935cf64f59b93cf1c716a2033488e5a228c ......
checking 312d02879f9f0ae9c6b011d0ead6a143115e9f93 ......
	 orig commit -> e15dc99dbb9cf99f6432e8e3c0b3a8f7a3403a86 ......
checking 157113cb7c89829b1cd2e2792a1f38932f31c965 ......
	 orig commit -> f6d297df4dd47ef949540e4a201230d0c5308325 ......
checking 048747b04842cbe81386386ecd15b74db93029cf ......
	 orig commit -> 40cab6e88cb0b6c56d3f30b7491a20e803f948f6 ......
		 40cab6e88cb0b6c56d3f30b7491a20e803f948f6 has problem. Fixes commit -> f6d297df4dd47ef949540e4a201230d0c5308325
commit 157113cb7c89829b1cd2e2792a1f38932f31c965
Author: Takashi Iwai <tiwai@suse.de>
Date:   Tue Mar 27 14:32:23 2018 +0200

    ALSA: pcm: Fix mutex unbalance in OSS emulation ioctls
    
    commit f6d297df4dd47ef949540e4a201230d0c5308325 upstream.
    
    The previous fix 40cab6e88cb0 ("ALSA: pcm: Return -EBUSY for OSS
    ioctls changing busy streams") introduced some mutex unbalance; the
    check of runtime->oss.rw_ref was inserted in a wrong place after the
    mutex lock.
    
    This patch fixes the inconsistency by rewriting with the helper
    functions to lock/unlock parameters with the stream check.
    
    Fixes: 40cab6e88cb0 ("ALSA: pcm: Return -EBUSY for OSS ioctls changing busy streams")
    Reported-by: Dan Carpenter <dan.carpenter@oracle.com>
    Cc: <stable@vger.kernel.org>
    Signed-off-by: Takashi Iwai <tiwai@suse.de>
    Signed-off-by: Greg Kroah-Hartman <gregkh@linuxfoundation.org>
checking bd889a82fb01365ca0c364166d4defad3253248c ......
	 orig commit -> 02a5d6925cd34c3b774bdb8eefb057c40a30e870 ......
		 02a5d6925cd34c3b774bdb8eefb057c40a30e870 has problem. Fixes commit -> e15dc99dbb9cf99f6432e8e3c0b3a8f7a3403a86
5607dddbfca774fb38bffadcb077fe03aa4ac5c6
commit 58eaa556bd0a8d1c6a9b06a37758ab147cd55501
Author: Dan Carpenter <dan.carpenter@oracle.com>
Date:   Tue Mar 27 16:07:52 2018 +0300

    ALSA: pcm: potential uninitialized return values
    
    commit 5607dddbfca774fb38bffadcb077fe03aa4ac5c6 upstream.
    
    Smatch complains that "tmp" can be uninitialized if we do a zero size
    write.
    
    Fixes: 02a5d6925cd3 ("ALSA: pcm: Avoid potential races between OSS ioctls and read/write")
    Signed-off-by: Dan Carpenter <dan.carpenter@oracle.com>
    Cc: <stable@vger.kernel.org>
    Signed-off-by: Takashi Iwai <tiwai@suse.de>
    Signed-off-by: Greg Kroah-Hartman <gregkh@linuxfoundation.org>
commit 312d02879f9f0ae9c6b011d0ead6a143115e9f93
Author: Takashi Iwai <tiwai@suse.de>
Date:   Sat Apr 7 11:48:58 2018 +0200

    ALSA: pcm: Fix endless loop for XRUN recovery in OSS emulation
    
    commit e15dc99dbb9cf99f6432e8e3c0b3a8f7a3403a86 upstream.
    
    The commit 02a5d6925cd3 ("ALSA: pcm: Avoid potential races between OSS
    ioctls and read/write") split the PCM preparation code to a locked
    version, and it added a sanity check of runtime->oss.prepare flag
    along with the change.  This leaded to an endless loop when the stream
    gets XRUN: namely, snd_pcm_oss_write3() and co call
    snd_pcm_oss_prepare() without setting runtime->oss.prepare flag and
    the loop continues until the PCM state reaches to another one.
    
    As the function is supposed to execute the preparation
    unconditionally, drop the invalid state check there.
    
    The bug was triggered by syzkaller.
    
    Fixes: 02a5d6925cd3 ("ALSA: pcm: Avoid potential races between OSS ioctls and read/write")
    Reported-by: syzbot+150189c103427d31a053@syzkaller.appspotmail.com
    Reported-by: syzbot+7e3f31a52646f939c052@syzkaller.appspotmail.com
    Reported-by: syzbot+4f2016cf5185da7759dc@syzkaller.appspotmail.com
    Cc: <stable@vger.kernel.org>
    Signed-off-by: Takashi Iwai <tiwai@suse.de>
    Signed-off-by: Greg Kroah-Hartman <gregkh@linuxfoundation.org>

commit 58eaa556bd0a8d1c6a9b06a37758ab147cd55501
Author: Dan Carpenter <dan.carpenter@oracle.com>
Date:   Tue Mar 27 16:07:52 2018 +0300

    ALSA: pcm: potential uninitialized return values
    
    commit 5607dddbfca774fb38bffadcb077fe03aa4ac5c6 upstream.
    
    Smatch complains that "tmp" can be uninitialized if we do a zero size
    write.
    
    Fixes: 02a5d6925cd3 ("ALSA: pcm: Avoid potential races between OSS ioctls and read/write")
    Signed-off-by: Dan Carpenter <dan.carpenter@oracle.com>
    Cc: <stable@vger.kernel.org>
    Signed-off-by: Takashi Iwai <tiwai@suse.de>
    Signed-off-by: Greg Kroah-Hartman <gregkh@linuxfoundation.org>
checking 4d2ea307ffa16644127ba09de30cfb31f3f40c4a ......
	 orig commit -> c64ed5dd9feba193c76eb460b451225ac2a0d87b ......
checking 2ccdea040e81553aaaa9f380f0ff745f71d27eff ......
	 orig commit -> cf0d53ba4947aad6e471491d5b20a567cbe92e56 ......
checking 23a63d96e015d56fc69f527a012625c5b8f346e5 ......
	 orig commit -> 977f6f68331f94bb72ad84ee96b7b87ce737d89d ......
checking 28fe0fba29f20d1301ae2183d424bcf6a46c0ca8 ......
	 orig commit -> 55a5fcafe3a94e8a0777bb993d09107d362258d2 ......
checking ecb67e92d42e1fbbb710c9c86259ba4ef0839304 ......
	 orig commit -> cf1ba1d73a33944d8c1a75370a35434bf146b8a7 ......
checking c9b200ce2be5da7613e73daf356bd0ae63c0a48d ......
	 orig commit -> 6225f9c64b40bc8a22503e9cda70f55d7a9dd3c6 ......
checking ff18ffb1f81db091e916bb3afc4a264219f840ea ......
	 orig commit -> 753872373b599384ac7df809aa61ea12d1c4d5d1 ......
checking dc7a428ae26f7711be24c484b9b793853734b44a ......
	 orig commit -> 89cd7aec21af26fd0c117bfc4bfc781724f201de ......
checking d8b6fdbe513d2f68d93dd07af4df1b65254408e1 ......
	 orig commit -> ce33f284935e08229046b30635e6aadcbab02b53 ......
checking 37d8947c0b073a27198ae477d8a8a8b6cda61abf ......
	 orig commit -> 6a4a4595804548e173f0763a0e7274a3521c59a9 ......
checking f13b4a61989fb29e16adba2ed2e073ffed301f40 ......
	 orig commit -> 1b30dfd376e28e7f37eda5e2033f6823cdda222b ......
checking 4b684fbbc58ed048a2da5e21e94eec8c98c3c914 ......
	 orig commit -> fc167daff581c01ebce8695e9618231cae3561a1 ......
checking e5e2841e20ff7d6bc5c886a0aa46c8623a0afe63 ......
	 orig commit -> a04f0017c22453613d5f423326b190c61e3b4f98 ......
checking 180d28f824ce68022a4600300e3b5bc98c3c0661 ......
	 orig commit -> bbe4b3af9d9e3172fb9aa1f8dcdfaedcb381fc64 ......
checking 5a999c2bef6880909901b5c56c81b920f89ed72f ......
	 orig commit -> 4d1a535b8ec5e74b42dfd9dc809142653b2597f6 ......
checking f57f3f346d0516fcfcb9bee1df2a2a9f361c4396 ......
	 orig commit -> 530ba6c7cb3c22435a4d26de47037bb6f86a5329 ......
checking dc0f003274525862bd671bf438398bf46fc62b0f ......
	 orig commit -> 2a872fa4e9c8adc79c830e4009e1cc0c013a9d8a ......
checking 4171ea2471a1c383e5df0a4cb6a193fc13436b9b ......
	 orig commit -> 0731de476a37c33485af82d64041c9d193208df8 ......
checking 5520091356b09abbaa2205babc5312a78d741a75 ......
	 orig commit -> 78727137fdf49edf9f731bde79d7189067b4047a ......
checking b68b77c935dd1574873aac827c17fc76bb036a0f ......
	 orig commit -> 4f8672201b7e7ed4f5f6c3cf6dcd080648580582 ......
checking 45980ba59916718a8d8e9a4c1a27a4ac187e515c ......
	 orig commit -> c31898c8c711f2bbbcaebe802a55827e288d875a ......
checking a43d8e0ee79d748ad98129254a7969abf88f11b6 ......
	 orig commit -> 0803d7befa15cab5717d667a97a66214d2a4c083 ......
checking c1edd3b19f302c85ed6fe11e753eda674c100524 ......
	 orig commit -> ad7b4e8022b9864c075fe71e1328b1d25cad82f6 ......
checking 156b45ed22073e7b8aa753abb8ff4462e1cbe47f ......
	 orig commit -> c5637476bbf9bb86c7f0413b8f4822a73d8d2d07 ......
checking e99ca1ee070dea0fcda75c127cab1b8b85189224 ......
	 orig commit -> 3a148896b24adf8688dc0c59af54531931677a40 ......
checking fe71b03e698325f5361d187fc7534b202f2a8404 ......
	 orig commit -> e68088e78d82920632eba112b968e49d588d02a2 ......
checking 0bb5579128e65d8c4334f90ca47cfe49e90187f7 ......
	 orig commit -> a820ccbe21e8ce8e86c39cd1d3bc8c7d1cbb949b ......
checking d3b14a66e14bb6b248dcab04c294aceacff68c0b ......
	 orig commit -> a6544a624c3ff92a64e4aca3931fa064607bd3da ......
checking 28ce82e3c8b116f09ea539e15bbb9f0f09f5fa32 ......
	 orig commit -> 4289861d88d6c7b5e4c8cc7fe2ad6cdf0cdfc366 ......
checking b140d94688707e42b75cad3b020563a706101abe ......
	 orig commit -> 8435168d50e66fa5eae01852769d20a36f9e5e83 ......
checking 79fbd052ea63e26ee739dbdd32b45bf124eb7923 ......
	 orig commit -> 5059353df86e2573ccd9d43fd9d9396dcec47ca2 ......
checking e7793f2a2ac85f912690a69f7964907e31731ae7 ......
	 orig commit -> 54dd0e0a1b255f115f8647fc6fb93273251b01b9 ......
checking 9703952178f1412b7a74e170298d58e96c53152f ......
	 orig commit -> 9496005d6ca4cf8f5ee8f828165a8956872dc59d ......
checking 598e04ae2fc402c364d3f0ee76599783149f573f ......
	 orig commit -> de05ca8526796c7e9f7c7282b7f89a818af19818 ......
		 de05ca8526796c7e9f7c7282b7f89a818af19818 has problem. Fixes commit -> 53692ec074d00589c2cf1d6d17ca76ad0adce6ec
commit be7e29ce83f689887c198eeb45b2a81ba6497ea4
Author: Vasily Averin <vvs@virtuozzo.com>
Date:   Wed Nov 7 11:14:35 2018 -0500

    ext4: fix buffer leak in ext4_expand_extra_isize_ea() on error path
    
    commit 53692ec074d00589c2cf1d6d17ca76ad0adce6ec upstream.
    
    Fixes: de05ca852679 ("ext4: move call to ext4_error() into ...")
    Signed-off-by: Vasily Averin <vvs@virtuozzo.com>
    Signed-off-by: Theodore Ts'o <tytso@mit.edu>
    Cc: stable@kernel.org # 4.17
    Signed-off-by: Greg Kroah-Hartman <gregkh@linuxfoundation.org>
checking b2623d8166563a19bee0cc8292e4ec951a42a6da ......
	 orig commit -> 18db4b4e6fc31eda838dd1c1296d67dbcb3dc957 ......
checking 26dbb30c58ffb85bc015bd5e58831483d50f7d18 ......
	 orig commit -> a45403b51582a87872927a3e0fc0a389c26867f1 ......
		 a45403b51582a87872927a3e0fc0a389c26867f1 has problem. Fixes commit -> 7ef79ad52136712172eb0525bf0b462516bf2f93
commit 55cc3bb0a6c7da92dd1332cc8e1651dc2be89bfc
Author: Theodore Ts'o <tytso@mit.edu>
Date:   Thu Apr 26 00:44:46 2018 -0400

    ext4: add MODULE_SOFTDEP to ensure crc32c is included in the initramfs
    
    commit 7ef79ad52136712172eb0525bf0b462516bf2f93 upstream.
    
    Fixes: a45403b51582 ("ext4: always initialize the crc32c checksum driver")
    Reported-by: François Valenduc <francoisvalenduc@gmail.com>
    Signed-off-by: Theodore Ts'o <tytso@mit.edu>
    Cc: stable@vger.kernel.org
    Signed-off-by: Greg Kroah-Hartman <gregkh@linuxfoundation.org>
checking 8e0e94683f8449f4e83b4b563b80eb9c76b9e18f ......
	 orig commit -> 8e4b5eae5decd9dfe5a4ee369c22028f90ab4c44 ......
checking a57eb14b740e6175aff8b8941bec628403992dfa ......
	 orig commit -> ce3fd194fcc6fbdc00ce095a852f22df97baa401 ......
checking 5058b70d2118ee0304a2f3124946c4089b06abde ......
	 orig commit -> 73fdad00b208b139cf43f3163fbc0f67e4c6047c ......
checking bd499f55384969d53c825fa7c3a0ae21c972c945 ......
	 orig commit -> 044e6e3d74a3d7103a0c8a9305dfd94d64000660 ......
checking 73297f13a003b97e37a5648bbbecd45323cc0e24 ......
	 orig commit -> fb7c02445c497943e7296cd3deee04422b63acb8 ......
checking 09439481998aefbe1bd6ae067079e738ba4a7a3f ......
	 orig commit -> a6d9946bb925293fda9f5ed6d33d8580b001f006 ......
checking 7ebcea25968219b4ed9b27e5708e2b96c1718d86 ......
	 orig commit -> 576d18ed60f5465110087c5e0eb1010de13e374d ......
checking 867175f944857448b83cad1370e532a1ffda9e47 ......
	 orig commit -> 85e0c4e89c1b864e763c4e3bb15d0b6d501ad5d9 ......
checking 6151a5a45fc42271493c8805b533d8349954b130 ......
	 orig commit -> 6e2fb22103b99c26ae30a46512abe75526d8e4c9 ......
checking 7044bf9ef6c87cb49c71a9aa1f219e6a1cce5148 ......
	 orig commit -> ad49aee401dd1997ec71360df6e51a91ad3cf516 ......
checking b0afd9d1cb5aeb116edaaf967321444b588849cf ......
	 orig commit -> 9f886f4d1d292442b2f22a0a33321eae821bde40 ......
checking 439e8b2dcab1963d077af193ebdabb586b8e14be ......
	 orig commit -> aa08192a254d362a4d5317647a81de6996961aef ......
checking 2836377857633db5a7d93106fad90a642e296eec ......
	 orig commit -> ea9d7bb798900096f26c585957d6ad9c532417e6 ......
checking 5ae695df59e1c3519b36d31671ac01697b606240 ......
	 orig commit -> f2a659f7d8d5da803836583aa16df06bdf324252 ......
checking 7a4a66c504fbfae4428ac7a3784ee5017ae28682 ......
	 orig commit -> a03e828915c00ed0ea5aa40647c81472cfa7a984 ......
checking 6f40f6ee22b91c913b2891c26943eb37bfceb50a ......
	 orig commit -> e4be8c9b6a512e274cb6bbac4ac869d73880a8b3 ......
checking 73b969f6a92062a5c1547541a2608d1755a7954b ......
	 orig commit -> 267e2c6fd7ca3d4076d20f9d52d49dc91addfe9d ......
checking 7e23ef535073ef8e1684f7b6e967b55dab055bd0 ......
	 orig commit -> a01df75ce737951ad13a08d101306e88c3f57cb2 ......
checking 1b3d2e7a34095edb8ff104961bdc403f8d36e405 ......
	 orig commit -> 73ce2ce129783813e1ebc37d2c757fe5e0fab1ef ......
checking 3f306336cdee80f830c46a768c08daf90a31e972 ......
	 orig commit -> 6de0b13cc0b4ba10e98a9263d7a83b940720b77a ......
checking f671ac7a5317edddcc8d4593bae3ea1dde5334ed ......
	 orig commit -> 3064a03b94e60388f0955fcc29f3e8a978d28f75 ......
checking 25b6ee378dc43fff21e778f1a21cb7e6dffa6e1a ......
	 orig commit -> 3b8070335f751aac9f1526ae2e012e6f5b8b0f21 ......
		 3b8070335f751aac9f1526ae2e012e6f5b8b0f21 has problem. Fixes commit -> c1d2a31397ec51f0370f6bd17b19b39152c263cb
commit 094595ce570121ecd03011c25eb30716caf845d3
Author: Nicholas Piggin <npiggin@gmail.com>
Date:   Tue May 15 01:59:47 2018 +1000

    powerpc/powernv: Fix NVRAM sleep in invalid context when crashing
    
    commit c1d2a31397ec51f0370f6bd17b19b39152c263cb upstream.
    
    Similarly to opal_event_shutdown, opal_nvram_write can be called in
    the crash path with irqs disabled. Special case the delay to avoid
    sleeping in invalid context.
    
    Fixes: 3b8070335f75 ("powerpc/powernv: Fix OPAL NVRAM driver OPAL_BUSY loops")
    Cc: stable@vger.kernel.org # v3.2
    Signed-off-by: Nicholas Piggin <npiggin@gmail.com>
    Signed-off-by: Michael Ellerman <mpe@ellerman.id.au>
    Signed-off-by: Greg Kroah-Hartman <gregkh@linuxfoundation.org>
checking 7c854f2e1ff08edd35988acd733c6b1ad0e95e8b ......
	 orig commit -> 34dd25de9fe3f60bfdb31b473bf04b28262d0896 ......
checking a55d2c9d42f9212740911f4c8d4c3de12154ef42 ......
	 orig commit -> bf8a1abc3ddbd6e9a8312ea7d96e5dd89c140f18 ......
checking fa99a3470e917a7a83b0648b53d2e1a5d71f3b29 ......
	 orig commit -> e6e133c47e6bd4d5dac05b35d06634a8e5648615 ......
checking 3df05fcf89114e9011b899dcb7437a50a978bac1 ......
	 orig commit -> 0bfdf598900fd62869659f360d3387ed80eb71cf ......
checking 1699bd03742d89732f2d15eb8e4a544cfe4da1fa ......
	 orig commit -> dbfcf3cb9c681aa0c5d0bb46068f98d5b1823dd3 ......
checking f4eff13a278079ab219a182a354e8571e0bdc468 ......
	 orig commit -> a57ac411832384eb93df4bfed2bf644c4089720e ......
checking c3baeca67d85e698201fca324368c3a704667e80 ......
	 orig commit -> 741de617661794246f84a21a02fc5e327bffc9ad ......
checking 693b03f9b185f14dded38a934c744a60e99363c3 ......
	 orig commit -> 70e80655f58e17a2e38e577e1b4fa7a8c99619a0 ......
checking 7a55d160b730da05a7ea82c6c78b8e8d012a74cc ......
	 orig commit -> 5fcd7f3f966f37f3f9a215af4cc1597fe338d0d5 ......
checking 0910e2804f2ecb081bd87c26cdb8f4ff502c39f2 ......
	 orig commit -> 82fb82be05585426405667dd5f0510aa953ba439 ......
checking fd5cc02cbef93b2391d295d81f16706fdc01bcea ......
	 orig commit -> f7f6d915a10f7f2bce17e3b1b7d3376562395a28 ......
checking 44ff2389a840c76434c943544f24909783366d90 ......
	 orig commit -> a086bb8317303dd74725dca933b9b29575159382 ......
checking d6b3a5c87d45ba6af5597879c98024de1ff0f327 ......
	 orig commit -> ac75a041048b8c1f7418e27621ca5efda8571043 ......
		 ac75a041048b8c1f7418e27621ca5efda8571043 has problem. Fixes commit -> ef6eaf27274c0351f7059163918f3795da13199c
commit 702027291bf5b6a0d70eca15adff0a68bfcd8430
Author: Jason Andryuk <jandryuk@gmail.com>
Date:   Fri Jun 22 12:25:49 2018 -0400

    HID: i2c-hid: Fix "incomplete report" noise
    
    commit ef6eaf27274c0351f7059163918f3795da13199c upstream.
    
    Commit ac75a041048b ("HID: i2c-hid: fix size check and type usage") started
    writing messages when the ret_size is <= 2 from i2c_master_recv.  However, my
    device i2c-DLL07D1 returns 2 for a short period of time (~0.5s) after I stop
    moving the pointing stick or touchpad.  It varies, but you get ~50 messages
    each time which spams the log hard.
    
    [  95.925055] i2c_hid i2c-DLL07D1:01: i2c_hid_get_input: incomplete report (83/2)
    
    This has also been observed with a i2c-ALP0017.
    
    [ 1781.266353] i2c_hid i2c-ALP0017:00: i2c_hid_get_input: incomplete report (30/2)
    
    Only print the message when ret_size is totally invalid and less than 2 to cut
    down on the log spam.
    
    Fixes: ac75a041048b ("HID: i2c-hid: fix size check and type usage")
    Reported-by: John Smith <john-s-84@gmx.net>
    Cc: stable@vger.kernel.org
    Signed-off-by: Jason Andryuk <jandryuk@gmail.com>
    Signed-off-by: Jiri Kosina <jkosina@suse.cz>
    Signed-off-by: Greg Kroah-Hartman <gregkh@linuxfoundation.org>
checking 70dbed63a96d1f5ebc779c87f00340d352b3b0c5 ......
	 orig commit -> 7ea884c77e5c97f1e0a1a422d961d27f78ca2745 ......
		 7ea884c77e5c97f1e0a1a422d961d27f78ca2745 has problem. Fixes commit -> 3995bbf53bd2047f2720c6fdd4bf38f6d942a0c0
commit 8f041940aaf2674dcccd15753d68ff885f90d5e7
Author: Geert Uytterhoeven <geert@linux-m68k.org>
Date:   Thu Apr 5 14:57:11 2018 +0200

    cifs: Use ULL suffix for 64-bit constant
    
    [ Upstream commit 3995bbf53bd2047f2720c6fdd4bf38f6d942a0c0 ]
    
    On 32-bit (e.g. with m68k-linux-gnu-gcc-4.1):
    
        fs/cifs/inode.c: In function ‘simple_hashstr’:
        fs/cifs/inode.c:713: warning: integer constant is too large for ‘long’ type
    
    Fixes: 7ea884c77e5c97f1 ("smb3: Fix root directory when server returns inode number of zero")
    Signed-off-by: Geert Uytterhoeven <geert@linux-m68k.org>
    Signed-off-by: Steve French <stfrench@microsoft.com>
    Reviewed-by: Aurelien Aptel <aaptel@suse.com>
    Signed-off-by: Sasha Levin <sashal@kernel.org>
checking bf895b2a637dc4bbe818cabf1fa2c91a2f346dfd ......
	 orig commit -> 262916bc69faf90104aa784d55e10760a4199594 ......
checking fdbd795405203c22c063690f00cf79a23389f1df ......
	 orig commit -> b7a73c84eb96dabd6bb8e9d7c56f796d83efee8e ......
checking 59d3a952e4f3d505f9444e86db069081323351c7 ......
	 orig commit -> c91815b596245fd7da349ecc43c8def670d2269e ......
checking 093dcb929c8e8344ce148ba11e0313ad1890553d ......
	 orig commit -> cabdf83dadfb3d83eec31e0f0638a92dbd716435 ......
checking 30e9a1cddc4d4ef881515ff128c2c707ef81573d ......
	 orig commit -> daaecc6541d014dca073473ec8a4120c0babbeb4 ......
checking f7f9187a110e58c0b9988db972a0631d06c7633f ......
	 orig commit -> 64627388b50158fd24d6ad88132525b95a5ef573 ......
checking 96dc465173a1f790e805246206aee3d18770f614 ......
	 orig commit -> 7fafcfdf6377b18b2a726ea554d6e593ba44349f ......
checking a2b540651d8c1938e07493e18e781e3fc609728c ......
	 orig commit -> 13d3047c81505cc0fb9bdae7810676e70523c8bf ......
checking d6e98387b2e994e68d3b7a6abd5c6ceef62ad5e3 ......
	 orig commit -> bbf038618a24d72e2efc19146ef421bb1e1eda1a ......
checking 3dac1fe2719d6aa894768848fecf6a2837356534 ......
	 orig commit -> f00e71091ab92eba52122332586c6ecaa9cd1a56 ......
checking 666d1084c13d919c1ace5cbcd594eb355e8c4686 ......
	 orig commit -> c2d2e6738a209f0f9dffa2dc8e7292fc45360d61 ......
checking e7b00dc28275a1883749d319081484e3306dc265 ......
	 orig commit -> 36104cb9012a82e73c32a3b709257766b16bcd1d ......
checking fcd054c733cf702f192e01fa7e78596cc07df771 ......
	 orig commit -> 639fa43d59e5a41ca8c55592cd5c1021fea2ab83 ......
checking 2fb28b075f80136b17c8aebb2c006a3502c628db ......
	 orig commit -> ed356f110403f6acc64dcbbbfdc38662ab9b06c2 ......
checking 9864a1ef86791897b0f6c215001deae472c05635 ......
	 orig commit -> 57e6b6f2303e596a6493078b53be14b789e7b79f ......
checking 9629964f032ca5289a371da9f1288ad2655fb6b7 ......
	 orig commit -> 613bd1ea387bb48b7c9a71a0bb451ac15cfbbc01 ......
checking e4ff723039dcacff20d834f6fb710ec18074b677 ......
	 orig commit -> ce99319a182fe766be67f96338386f3ec73e321c ......
checking faddb17685f9f0507dcd28a3a4af3c63d5765407 ......
	 orig commit -> 9581329eff9db72ab4fbb46a594fd7fdda3c51b0 ......
checking 38866e866121454b5c6e2fc7eefe82fec97e810e ......
	 orig commit -> 9a06757dcc8509c162ac00488c8c82fc98e04227 ......
checking c57b7e1a150e840004b628d2eae3c3d3385fd25a ......
	 orig commit -> 6f4870753f29edf7dc39444246f9e39987b8b158 ......
checking 838ea3802e9dbe96ac1c3faa03a93a399d09f8ff ......
	 orig commit -> e8fd0adf105e132fd84545997bbef3d5edc2c9c1 ......
checking 958d6e41888f8659db70418a8203c16d021833cc ......
	 orig commit -> 0629a01920c0f8a3f825361b24863d760610884a ......
checking 2106cd34635e5aa95d759e414e38d5fd216ce8ec ......
	 orig commit -> a7480dbcf983c31d8111f864c848e8a75116a87d ......
checking 326e61ce9761d71098c7001e51dafec067f50424 ......
	 orig commit -> c5a88cd2e1c508868922bafa0a5c3365986b98e5 ......
checking 8f1a2803e4c2163c013816f7b41c85b91c9124c9 ......
	 orig commit -> 7d8b44c54e0c7c8f688e3a07f17e6083f849f01f ......
checking 8fdbba69cb3424b8ff470da40980d4edfec19769 ......
	 orig commit -> c04ffa71ff491220cac28f55237c9aad379a8656 ......
checking 7732495c599c0b98ff17097637f239e1ef108e69 ......
	 orig commit -> eaa358c7790338d83bb6a31258bdc077de120414 ......
checking aea6c0b4aee80367bd091ebd2132b6db533c1ed1 ......
	 orig commit -> d7119224bfe6e8efbf821a52db7da9530d790f07 ......
checking 334d8f201ef5f9c32ab26fbc868952ffb86dc175 ......
	 orig commit -> af6f8529098aeb0e56a68671b450cf74e7a64fcd ......
checking 20eaa393fcd32fe48f2e13ce649e90a48a446fe6 ......
	 orig commit -> a9f2a846f0503e7d729f552e3ccfe2279010fe94 ......
checking 703eee654360679660c813a591176c7bf4016254 ......
	 orig commit -> 3f05317d9889ab75c7190dcd39491d2a97921984 ......
checking c25ef6220facd0ec7df7f3af0a5f5f24ab9659e8 ......
	 orig commit -> 60bb83b81169820c691fbfa33a6a4aef32aa4b0b ......
checking f659e7e79f52657b88ea0f9ed473fe0958d31996 ......
	 orig commit -> 9ad553abe66f8be3f4755e9fa0a6ba137ce76341 ......
checking 6337067b2ab66c91b18b895c2399139b28f13fb7 ......
	 orig commit -> 2cfe0d3009418a132b93d78642a8059a38fe5944 ......
checking 28cb085f1598956b5b29edb7f220ce9e0d827762 ......
	 orig commit -> c719547f032d4610c7a20900baacae26d0b1ff3e ......
checking 963722d031e506600b66b91738e2007bf55ac3d0 ......
	 orig commit -> b28b08de436a638c82d0cf3dcdbdbad055baf1fc ......
checking e84e6914ccb464ce5cbb99fd832a4673bb119adc ......
	 orig commit -> a38c015f3156895b07e71d4e4414289f8a3b2745 ......
checking 577b4eb23811dfc8e38924dc476dbc866be74253 ......
	 orig commit -> b5094b7f135be34630e3ea8a98fa215715d0f29d ......
checking 7ade852714ded6f3ede2708e036e13ed4c63335d ......
	 orig commit -> 78a8dfbabbece22bee58ac4cb26cab10e7a19c5d ......
checking bf3fbf54a9aec60eac770b2e69b4762c09082bd1 ......
	 orig commit -> 29b7a6fa1ec07e8480b0d9caf635a4498a438bf4 ......
		 29b7a6fa1ec07e8480b0d9caf635a4498a438bf4 has problem. Fixes commit -> 6e7d80161066c99d12580d1b985cb1408bb58cf1
commit b24d90f4d66d9e1f1313cd9bb47cdf0643894ab1
Author: Richard Weinberger <richard@nod.at>
Date:   Wed May 16 22:17:03 2018 +0200

    ubi: fastmap: Cancel work upon detach
    
    commit 6e7d80161066c99d12580d1b985cb1408bb58cf1 upstream.
    
    Ben Hutchings pointed out that 29b7a6fa1ec0 ("ubi: fastmap: Don't flush
    fastmap work on detach") does not really fix the problem, it just
    reduces the risk to hit the race window where fastmap work races against
    free()'ing ubi->volumes[].
    
    The correct approach is making sure that no more fastmap work is in
    progress before we free ubi data structures.
    So we cancel fastmap work right after the ubi background thread is
    stopped.
    By setting ubi->thread_enabled to zero we make sure that no further work
    tries to wake the thread.
    
    Fixes: 29b7a6fa1ec0 ("ubi: fastmap: Don't flush fastmap work on detach")
    Fixes: 74cdaf24004a ("UBI: Fastmap: Fix memory leaks while closing the WL sub-system")
    Cc: stable@vger.kernel.org
    Cc: Ben Hutchings <ben.hutchings@codethink.co.uk>
    Cc: Martin Townsend <mtownsend1973@gmail.com>
    
    Signed-off-by: Richard Weinberger <richard@nod.at>
    Signed-off-by: Greg Kroah-Hartman <gregkh@linuxfoundation.org>
checking 09844df060879db7d7fbec2c22c7f3c92f6b6b57 ......
	 orig commit -> aac17948a7ce01fb60b9ee6cf902967a47b3ce26 ......
checking f1e90bf95e5503fcedaf59ac52cbdc013068eeb4 ......
	 orig commit -> 3d41386d556db9f720e00de3e11e45f39cb5071c ......
		 3d41386d556db9f720e00de3e11e45f39cb5071c has problem. Fixes commit -> d4f3388afd488ed15368fa7413b8bd6d1f98bb1d
commit 1083a7e8130ca54cef63a5b1d6c86878d4b9e61d
Author: Prashanth Prakash <pprakash@codeaurora.org>
Date:   Fri Apr 27 11:35:27 2018 -0600

    cpufreq / CPPC: Set platform specific transition_delay_us
    
    commit d4f3388afd488ed15368fa7413b8bd6d1f98bb1d upstream.
    
    Add support to specify platform specific transition_delay_us instead
    of using the transition delay derived from PCC.
    
    With commit 3d41386d556d (cpufreq: CPPC: Use transition_delay_us
    depending transition_latency) we are setting transition_delay_us
    directly and not applying the LATENCY_MULTIPLIER. Because of that,
    on Qualcomm Centriq we can end up with a very high rate of frequency
    change requests when using the schedutil governor (default
    rate_limit_us=10 compared to an earlier value of 10000).
    
    The PCC subspace describes the rate at which the platform can accept
    commands on the CPPC's PCC channel. This includes read and write
    command on the PCC channel that can be used for reasons other than
    frequency transitions. Moreover the same PCC subspace can be used by
    multiple freq domains and deriving transition_delay_us from it as we
    do now can be sub-optimal.
    
    Moreover if a platform does not use PCC for desired_perf register then
    there is no way to compute the transition latency or the delay_us.
    
    CPPC does not have a standard defined mechanism to get the transition
    rate or the latency at the moment.
    
    Given the above limitations, it is simpler to have a platform specific
    transition_delay_us and rely on PCC derived value only if a platform
    specific value is not available.
    
    Signed-off-by: Prashanth Prakash <pprakash@codeaurora.org>
    Cc: 4.14+ <stable@vger.kernel.org> # 4.14+
    Fixes: 3d41386d556d (cpufreq: CPPC: Use transition_delay_us depending transition_latency)
    Signed-off-by: Rafael J. Wysocki <rafael.j.wysocki@intel.com>
    Signed-off-by: Sudip Mukherjee <sudipm.mukherjee@gmail.com>
    Signed-off-by: Greg Kroah-Hartman <gregkh@linuxfoundation.org>
checking 9427a4aecf2330ba70dd59f194416de3e49042e2 ......
	 orig commit -> 28b0f8a6962a24ed21737578f3b1b07424635c9e ......
