Check from v4.14.72 to v4.14.73
Commit count: 64
checking 3b65f403d7d0e98484e8f2c9471808f2785a8235 ......
checking 97513162cd6d7ed118aa155b4196e88b3e43ff69 ......
	 orig commit -> 04b2d03a75652bda989de1595048f0501dc0c0a0 ......
checking ed5e9462f6617a85945353abe5c4b94a81ee01a1 ......
checking 3a411a04be4e57de1774f680d3d6d0d48cc16c10 ......
	 orig commit -> 308aa2b8f7b7db3332a7d41099fd37851fb793b2 ......
checking 956fa50745b3d01dd37f48bd601f16222742648b ......
	 orig commit -> a3b92ee6fc171d7c9d9b6b829b7fef169210440c ......
checking 23ac2a32b2f8cb78e086d3902f1e7bf488590b4a ......
	 orig commit -> 91a2968e245d6ba616db37001fa1a043078b1a65 ......
checking fe87d18b14717d25e3e81a7f36e605f5f1f92c47 ......
	 orig commit -> d0cdb3ce8834332d918fc9c8ff74f8a169ec9abe ......
checking 0d09307bc242e1692d1b8fb1cbfde688de6f8cd0 ......
	 orig commit -> 338affb548c243d2af25b1ca628e67819350de6b ......
checking 3dc006d212e38f9efc821352d261379a38ae9eb3 ......
	 orig commit -> fe18d649891d813964d3aaeebad873f281627fbc ......
checking ba48e66e3f53b30dd6f5785eaa658b9919d3e07c ......
	 orig commit -> 5f8c10936fab2b69a487400f2872902e597dd320 ......
checking 6a4d7b584d3831bd4d01850d5afe97fa64b363e8 ......
	 orig commit -> f0a459dec5495a3580f8d784555e6f8f3bf7f263 ......
checking 22654a3b4a301d77365007f2fe913676afe6207e ......
	 orig commit -> 4274f516d4bc50648a4d97e4f67ecbd7b65cde4a ......
checking 779af00b3fa38d040a4798afdb2c57cc64ba346e ......
	 orig commit -> bcd8e91f98c156f4b1ebcfacae675f9cfd962441 ......
checking 3f9eafe8772f9a86cab2e431a44bce775f6b7ba5 ......
	 orig commit -> 4d982e25d0bdc83d8c64e66fdeca0b89240b3b85 ......
checking 31343d27f18f19ad1bb1c5b4475b86483598cd04 ......
	 orig commit -> b50282f3241acee880514212d88b6049fb5039c8 ......
checking 4334a6ae867aa12f01c1755368fd0de4c926ac75 ......
	 orig commit -> e97267cb4d1ee01ca0929638ec0fcbb0904f903d ......
checking 57c806be0160a1f8f8642e92c83043fc36196c0d ......
	 orig commit -> 30f3984ede683b98a4e8096e200df78bf0609b4f ......
checking 5575041b09cd00e5dca79f8c6006edfb3012ab25 ......
	 orig commit -> fcb74da1eb8edd3a4ef9b9724f88ed709d684227 ......
checking c70d8a488a410f067141a765af26ef2b69a1dcd8 ......
	 orig commit -> 658d8cbd07dae22ccecf49399e18c609c4e85c53 ......
checking 35e48a086071290f5f0617931f40b5824a311f3d ......
	 orig commit -> 79e765ad665da4b8aa7e9c878bd2fef837f6fea5 ......
checking 0f966da783a38d94ac46bbdd6e75fed1b9b08c93 ......
	 orig commit -> 6833fb1ec120bf078e1a527c573a09d4de286224 ......
checking 409af02c200e232b884451b4099124a95a5b084c ......
	 orig commit -> d77ef138ff572409ab93d492e5e6c826ee6fb21d ......
checking 9ac837e079a0e09771175c33afea8ef291b5d161 ......
	 orig commit -> 2f7ca781fd382cf8dde73ed36dfdd93fd05b3332 ......
checking 42387d8e4aefffe928e1a4ec99c45e6e2c4d2167 ......
	 orig commit -> 3e1a12754d4df5804bfca5dedf09d2ba291bdc2a ......
checking 7c1ca8fb8633e833eec8047a5b0cefa4e2a2119c ......
	 orig commit -> 234b69e3e089d850a98e7b3145bd00e9b52b1111 ......
checking 1d7e23f9068fc4c6047457eaace8453ec2d220f5 ......
	 orig commit -> f061c1cc404a618858a77aea233fde0aeaad2f2d ......
checking 44383139a39c46d08c8e169121c16aeb0427d147 ......
	 orig commit -> 8c39e2699f8acb2e29782a834e56306da24937fe ......
checking 755e45f3155cc51e37dc1cce9ccde10b84df7d93 ......
	 orig commit -> 1816494330a83f2a064499d8ed2797045641f92c ......
checking 50ec69edf3f097693e22b56c7b2140acf98f28eb ......
	 orig commit -> 8c0f9f5b309d627182d5da72a69246f58bde1026 ......
checking 13d216167d3d89d882b264857fe1d14c95da1490 ......
	 orig commit -> 1ed3a93072307265d6385031b72929a904b50f87 ......
	 orig commit -> fe782affd0f440a4e60e2cc81b8f2eccb2923113 ......
checking 6447b34fc2708725e97707ab8256a9a88b31682d ......
	 orig commit -> b45d71fb89ab8adfe727b9d0ee188ed58582a647 ......
checking 7eba38a3f65d3cec79dbe1f10166e9423d4074f4 ......
	 orig commit -> 83f365554e47997ec68dc4eca3f5dce525cd15c3 ......
checking 0e5cdbac030358fea3b757d033c8fda29138b866 ......
	 orig commit -> 50ca031b51106b1b46162d4e9ecccb7edc95682f ......
checking f3765abb60c707243f3cbdd4be07bdac689576b5 ......
	 orig commit -> 1a4327fbf4554d5b78d75b19a13d40d6de220159 ......
		 1a4327fbf4554d5b78d75b19a13d40d6de220159 has problem. Fixes commit -> 04b2d03a75652bda989de1595048f0501dc0c0a0
commit 97513162cd6d7ed118aa155b4196e88b3e43ff69
Author: Geert Uytterhoeven <geert+renesas@glider.be>
Date:   Tue Aug 21 11:53:03 2018 +0200

    spi: Fix double IDR allocation with DT aliases
    
    commit 04b2d03a75652bda989de1595048f0501dc0c0a0 upstream.
    
    If the SPI bus number is provided by a DT alias, idr_alloc() is called
    twice, leading to:
    
        WARNING: CPU: 1 PID: 1 at drivers/spi/spi.c:2179 spi_register_controller+0x11c/0x5d8
        couldn't get idr
    
    Fix this by moving the handling of fixed SPI bus numbers up, before the
    DT handling code fills in ctlr->bus_num.
    
    Fixes: 1a4327fbf4554d5b ("spi: fix IDR collision on systems with both fixed and dynamic SPI bus numbers")
    Signed-off-by: Geert Uytterhoeven <geert+renesas@glider.be>
    Tested-by: Fabio Estevam <fabio.estevam@nxp.com>
    Signed-off-by: Mark Brown <broonie@kernel.org>
    Cc: Sudip Mukherjee <sudipm.mukherjee@gmail.com>
    Cc: Kirill Kapranov <kirill.kapranov@compulab.co.il>
    Signed-off-by: Greg Kroah-Hartman <gregkh@linuxfoundation.org>
checking 5ca87a38202e6265214afbe49353a10be81a6ecc ......
	 orig commit -> 70513d58751d7c6c1a0133557b13089b9f2e3e66 ......
checking 7eced4478f4ec6ff0a603ddfd6e24a5d3831fca7 ......
	 orig commit -> ad4f15dc2c70b1de5e0a64d27335962fbc9cf71c ......
checking e2d5285b98ef43f55546873d1f58b41fe583f72d ......
	 orig commit -> ff0e9f26288d2daee4950f42b37a3d3d30d36ec1 ......
		 ff0e9f26288d2daee4950f42b37a3d3d30d36ec1 has problem. Fixes commit -> 98e2630284ab741804bd0713e932e725466f2f84
checking ff6805037d838dd003b6fb88b9b0232b3d05bc07 ......
	 orig commit -> 498fe23aad8e3b5a9554f55719c537603b4476ea ......
checking 08f4f8b938092a9b4b99eeff3ee6828e5cc20373 ......
	 orig commit -> 1064bc685d359f549f91c2d5f111965a9284f328 ......
checking 996899a9cbd85b05804b80574ff4290d27913693 ......
	 orig commit -> ce925f088b979537f22f9e05eb923ef9822ca139 ......
checking d9929097176dc69d993715b80983bdbca06307e7 ......
	 orig commit -> c3b55e2ec9c76e7a0de2a0b1dc851fdc9440385b ......
checking 40e2596f06b0b89ae03c14e6fb48bdc2600f4003 ......
	 orig commit -> 8d28277c065a974873c6781d44b7bcdcd8fb4e8a ......
checking 933f20a61e26467cae26935aeda43979035fb286 ......
	 orig commit -> a49a83ab05e34edd6c71a4fbd062c9a7ba6d18aa ......
checking 70165a445b00c7bb0f68c955da3c100817ac0c87 ......
	 orig commit -> 36f3a6e02c143a7e9e4e143e416371f67bc1fae6 ......
checking 352701c288c1aef805d1c904c9de3b3a211ac71b ......
	 orig commit -> 49434c6c575d2008c0abbc93e615019f39e01252 ......
checking 7c4881d64ed750dd8fac1d824fd1f99b2b9d124b ......
	 orig commit -> 493626f2d87a74e6dbea1686499ed6e7e600484e ......
checking 16b8c03864b7cc6b8413b08b8fb5fd980b39b4b5 ......
	 orig commit -> b1fbebd4164b3d170ad916dcd692cf843c9c065d ......
checking c7cf0304d41f68b47b3eaf6ef2f8ca9c3debfefc ......
	 orig commit -> 4d230d12710646788af581ba0155d83ab48b955c ......
checking a388e6d7a822e1a6c87e25d90bb744b34c44ca34 ......
	 orig commit -> 90a3b7f8aba3011badacd6d8121e03aa24ac79d1 ......
checking 6ead7a8a4ec1c69c39951d96ba397010c7d14e26 ......
	 orig commit -> e285d5bfb7e9785d289663baef252dd315e171f8 ......
checking 4a16b3cd084df928ae2b19cf9cf61c406de8a80d ......
	 orig commit -> 674d9de02aa7d521ebdf66c3958758bdd9c64e11 ......
checking 18fef87e05d3569979bfce16ad7284259f60b52c ......
	 orig commit -> c844eb46b7d43c2cf760169df5ae1d5b033af338 ......
checking 0c0334299a7e085849c83bffe754626ba517d5ee ......
	 orig commit -> 86029d10af18381814881d6cce2dd6872163b59f ......
checking 10cacaf13189711ce5c81222aaae3cd61a5ca848 ......
	 orig commit -> 7cba09c6d5bc73ebbd25a353742d9ddb7a713b95 ......
checking ee547ed7dee4c888c63bd136e73dfa7c96466064 ......
	 orig commit -> 34043d250f51368f214aed7f54c2dc29c819a8c7 ......
checking b13f721a3409594ec91ec0d06eeef228175864a6 ......
	 orig commit -> eb63f2964dbe36f26deac77d3016791675821ded ......
		 eb63f2964dbe36f26deac77d3016791675821ded has problem. Fixes commit -> 84dad55951b0d009372ec21760b650634246e144
commit 189771d69e14404b0e6eb57aa40bed2a95f7e2c2
Author: Paolo Abeni <pabeni@redhat.com>
Date:   Wed Oct 17 11:44:04 2018 +0200

    udp6: fix encap return code for resubmitting
    
    [ Upstream commit 84dad55951b0d009372ec21760b650634246e144 ]
    
    The commit eb63f2964dbe ("udp6: add missing checks on edumux packet
    processing") used the same return code convention of the ipv4 counterpart,
    but ipv6 uses the opposite one: positive values means resubmit.
    
    This change addresses the issue, using positive return value for
    resubmitting. Also update the related comment, which was broken, too.
    
    Fixes: eb63f2964dbe ("udp6: add missing checks on edumux packet processing")
    Signed-off-by: Paolo Abeni <pabeni@redhat.com>
    Signed-off-by: David S. Miller <davem@davemloft.net>
    Signed-off-by: Greg Kroah-Hartman <gregkh@linuxfoundation.org>
checking ff64a1a2ca3dd1785386250222e6dcabbadd975d ......
	 orig commit -> f0e0d04413fcce9bc76388839099aee93cd0d33b ......
checking 0f6f77f3b8f46b40da840a409a76bdb5c271e0a5 ......
	 orig commit -> 2b5a921740a55c00223a797d075b9c77c42cb171 ......
checking 6f5ec16ee02b4f453796d40ec086e6523877c907 ......
	 orig commit -> 922005c7f50e7f4b2a6dbc182e9c575b4f92396b ......
checking f3aa1f3a1113fc85ccb8e625055154f026c47396 ......
	 orig commit -> 8540827ebac6b654ab2f69c8fbce9e4fbd6304a0 ......
checking c0f2c063abc8a9ce8e116ad4236686234c709e9f ......
	 orig commit -> a7f38002fb69b44f8fc622ecb838665d0b8666af ......
checking 9951e17efd05b8ad49bbc0db2e6b483f95d94d86 ......
	 orig commit -> 9824dfae5741275473a23a7ed5756c7b6efacc9d ......
checking bba90d3686fd0e2de7b058fbbf2d314527a20d49 ......
	 orig commit -> bbd6528d28c1b8e80832b3b018ec402b6f5c3215 ......
checking 13a47054f0b2f00c0f916387a1d4cf5402848add ......
	 orig commit -> c56cae23c6b167acc68043c683c4573b80cbcc2c ......
