Check from v4.14.54 to v4.14.55
Commit count: 54
checking 1e92e813554a93741666e9f378a83d70405b9076 ......
checking b3ef356a096e218244b24e701abca72fc08e0e07 ......
	 orig commit -> 28557cc106e6d2aa8b8c5c7687ea9f8055ff3911 ......
checking 7cf346dfdea552f5ca71b85cf7389d347269b40c ......
	 orig commit -> 4ff648decf4712d39f184fc2df3163f43975575a ......
checking 32199c810655f5251e388abdd63e2313c71ad4d8 ......
	 orig commit -> 1376b0a2160319125c3a2822e8c09bd283cd8141 ......
checking 6d2b458d3d140bf75899aa1ef4349d7921bb7bf5 ......
	 orig commit -> ce00bf07cc95a57cd20b208e02b3c2604e532ae8 ......
checking ac6bfe418e043e20f3805e95b46194d8956f3357 ......
	 orig commit -> 79ca484b613041ca223f74b34608bb6f5221724b ......
checking b76d8aa04240a07b1bc55759a3aa75556c106eed ......
	 orig commit -> 45f75b8a919a4255f52df454f1ffdee0e42443b2 ......
checking eb638a002274b5a73b2be94e1553ac96e0b4f3fd ......
	 orig commit -> 85a82e28b023de9b259a86824afbd6ba07bd6475 ......
checking 74ec37d03a12b001120c81fecfcb878e5e9d4382 ......
	 orig commit -> dbc626597c39b24cefce09fbd8e9dea85869a801 ......
checking 0605fa6daa6642c276ef037b3246595e4de53491 ......
	 orig commit -> ad3793fc3945173f64d82d05d3ecde41f6c0435c ......
checking 3729e5561e1e4a0319a2c794d8ae78b8baea4a36 ......
	 orig commit -> 15256f6cc4b44f2e70503758150267fd2a53c0d6 ......
checking 8214347c260b0839c007ec4882e180fca1b6a077 ......
	 orig commit -> 80660f20252d6f76c9f203874ad7c7a4a8508cf8 ......
checking a19385766b4faa1e27aff8b677e2be6a0f03afe4 ......
	 orig commit -> ba23cba9b3bdc967aabdc6ff1e3e9b11ce05bb4f ......
checking 5941026fc7a540b9d60824a9fb77ccdbe2238c0c ......
	 orig commit -> 3f77f244d8ec28e3a0a81240ffac7d626390060c ......
checking c4097c64d03afaf1212a76729b6758f662e901b1 ......
	 orig commit -> 3ee9bc12342cf546313d300808ff47d7dbb8e7db ......
checking e82885490a611f2b75a6c27cd7bb09665c1740be ......
	 orig commit -> 9564a8cf422d7b58f6e857e3546d346fa970191e ......
checking 3bb6397ba643d20a6bc0f9a729a6e6e7c83e420a ......
	 orig commit -> 5bbb99d2fde047df596379be6c58e265e2ddbe1f ......
	 orig commit -> 88075256ee817041d68c2387f29065b5cb2b342a ......
checking 42dc2a7bb72ed376ccfe8b8f49187a00f893c53f ......
	 orig commit -> dc7a10ddee0c56c6d891dd18de5c4ee9869545e0 ......
checking a2c7493c7f31c0e4d1dede9a179f853484f7dd1d ......
	 orig commit -> 03703ed1debf777ea845aa9b50ba2e80a5e7dd3c ......
checking b16a6af97461f6d296422887502331b33c729b48 ......
	 orig commit -> 31286a8484a85e8b4e91ddb0f5415aee8a416827 ......
checking 07a1c2d1131b2675776480118d0855845cfffaef ......
	 orig commit -> 10d94ff4d558b96bfc4f55bb0051ae4d938246fe ......
checking 50b4d984f55e7e8d75f75da6803505ca3c122cef ......
	 orig commit -> 717adfdaf14704fd3ec7fa2c04520c0723247eac ......
		 717adfdaf14704fd3ec7fa2c04520c0723247eac has problem. Fixes commit -> 13054abbaa4f1fd4e6f3b4b63439ec033b4c8035
commit e0f784bf571528011a7421021f72dbe4bfe10a7c
Author: Vladis Dronov <vdronov@redhat.com>
Date:   Tue Jan 29 11:58:35 2019 +0100

    HID: debug: fix the ring buffer implementation
    
    commit 13054abbaa4f1fd4e6f3b4b63439ec033b4c8035 upstream.
    
    Ring buffer implementation in hid_debug_event() and hid_debug_events_read()
    is strange allowing lost or corrupted data. After commit 717adfdaf147
    ("HID: debug: check length before copy_to_user()") it is possible to enter
    an infinite loop in hid_debug_events_read() by providing 0 as count, this
    locks up a system. Fix this by rewriting the ring buffer implementation
    with kfifo and simplify the code.
    
    This fixes CVE-2019-3819.
    
    v2: fix an execution logic and add a comment
    v3: use __set_current_state() instead of set_current_state()
    
    Backport to v4.14: 2 tree-wide patches 6396bb22151 ("treewide: kzalloc() ->
    kcalloc()") and a9a08845e9ac ("vfs: do bulk POLL* -> EPOLL* replacement")
    are missing in v4.14 so cherry-pick relevant pieces.
    
    Link: https://bugzilla.redhat.com/show_bug.cgi?id=1669187
    Cc: stable@vger.kernel.org # v4.18+
    Fixes: cd667ce24796 ("HID: use debugfs for events/reports dumping")
    Fixes: 717adfdaf147 ("HID: debug: check length before copy_to_user()")
    Signed-off-by: Vladis Dronov <vdronov@redhat.com>
    Reviewed-by: Oleg Nesterov <oleg@redhat.com>
    Signed-off-by: Benjamin Tissoires <benjamin.tissoires@redhat.com>
    Signed-off-by: Greg Kroah-Hartman <gregkh@linuxfoundation.org>
checking c1d21fe74c2554f5031f6ceb354ee3ce2ccf475f ......
	 orig commit -> 4f65245f2d178b9cba48350620d76faa4a098841 ......
checking 702027291bf5b6a0d70eca15adff0a68bfcd8430 ......
	 orig commit -> ef6eaf27274c0351f7059163918f3795da13199c ......
checking c894755d1bc8beaff5dec0dc493178209118630f ......
	 orig commit -> d5ce4c31d6df518dd8f63bbae20d7423c5018a6c ......
checking 3e3f1310c6065f38538ee5b64a2610212110e148 ......
	 orig commit -> 425a4dba7953e35ffd096771973add6d2f40d2ed ......
checking fba3230595cb7c27ba27a4e100cdf9e4b4b273b9 ......
	 orig commit -> a17712c8e4be4fa5404d20e9cd3b2b21eae7bc56 ......
checking 54bf664ae4fa0b27d8fefc64514509e63dd89929 ......
	 orig commit -> bfe0a5f47ada40d7984de67e59a7d3390b9b9ecc ......
		 bfe0a5f47ada40d7984de67e59a7d3390b9b9ecc has problem. Fixes commit -> 9e463084cdb22e0b56b2dfbc50461020409a5fd3
commit 1124e5a89bd285468563df6723ceebab754735f6
Author: Theodore Ts'o <tytso@mit.edu>
Date:   Wed Nov 7 10:32:53 2018 -0500

    ext4: fix possible leak of sbi->s_group_desc_leak in error path
    
    commit 9e463084cdb22e0b56b2dfbc50461020409a5fd3 upstream.
    
    Fixes: bfe0a5f47ada ("ext4: add more mount time checks of the superblock")
    Reported-by: Vasily Averin <vvs@virtuozzo.com>
    Signed-off-by: Theodore Ts'o <tytso@mit.edu>
    Cc: stable@kernel.org # 4.18
    Signed-off-by: Greg Kroah-Hartman <gregkh@linuxfoundation.org>
checking c24aab6d86640ccf321b87be6096319f55b16274 ......
	 orig commit -> c37e9e013469521d9adb932d17a1795c139b36db ......
checking 02945e49dc2026459e069467ec64e3fbecda844f ......
	 orig commit -> 8bc1379b82b8e809eef77a9fedbb75c6c297be19 ......
checking 8a9ef17c0dc93def47e17b227ada95c682592a1d ......
	 orig commit -> 8cdb5240ec5928b20490a2bb34cb87e9a5f40226 ......
checking deb465ec750b80776cc4ac5b92b72c0a71fd4f0b ......
	 orig commit -> 6e8ab72a812396996035a37e5ca4b3b99b5d214b ......
checking 64804502d0e957bc594de35872381a808bb986cb ......
	 orig commit -> bdbd6ce01a70f02e9373a584d0ae9538dcf0a121 ......
checking d69a9df614fc68741efcb0fcc020f05caa99d668 ......
	 orig commit -> bc890a60247171294acc0bd67d211fa4b88d40ba ......
checking 44a4bc970bfae625d0ec9ecdfefc88c9d93dfe6c ......
	 orig commit -> 8844618d8aa7a9973e7b527d038a2a589665002c ......
		 8844618d8aa7a9973e7b527d038a2a589665002c has problem. Fixes commit -> 5012284700775a4e6e3fbe7eac4c543c4874b559
commit f547aa20b4f61662ad3e1a2040bb3cc5778f19b0
Author: Theodore Ts'o <tytso@mit.edu>
Date:   Sat Jul 28 08:12:04 2018 -0400

    ext4: fix check to prevent initializing reserved inodes
    
    commit 5012284700775a4e6e3fbe7eac4c543c4874b559 upstream.
    
    Commit 8844618d8aa7: "ext4: only look at the bg_flags field if it is
    valid" will complain if block group zero does not have the
    EXT4_BG_INODE_ZEROED flag set.  Unfortunately, this is not correct,
    since a freshly created file system has this flag cleared.  It gets
    almost immediately after the file system is mounted read-write --- but
    the following somewhat unlikely sequence will end up triggering a
    false positive report of a corrupted file system:
    
       mkfs.ext4 /dev/vdc
       mount -o ro /dev/vdc /vdc
       mount -o remount,rw /dev/vdc
    
    Instead, when initializing the inode table for block group zero, test
    to make sure that itable_unused count is not too large, since that is
    the case that will result in some or all of the reserved inodes
    getting cleared.
    
    This fixes the failures reported by Eric Whiteney when running
    generic/230 and generic/231 in the the nojournal test case.
    
    Fixes: 8844618d8aa7 ("ext4: only look at the bg_flags field if it is valid")
    Reported-by: Eric Whitney <enwlinux@gmail.com>
    Signed-off-by: Theodore Ts'o <tytso@mit.edu>
    Signed-off-by: Greg Kroah-Hartman <gregkh@linuxfoundation.org>
checking ac48bb9bc0a32f5a4432be1645b57607f8c46aa7 ......
	 orig commit -> 819b23f1c501b17b9694325471789e6b5cc2d0d2 ......
checking ac93c718365ac6ea9d7631641c8dec867d623491 ......
	 orig commit -> 77260807d1170a8cf35dbb06e07461a655f67eee ......
checking 3150e8913b957d71398511a0580606e181153d10 ......
	 orig commit -> 513f86d73855ce556ea9522b6bfd79f87356dc3a ......
checking 0dc148230f3827f49b1e2a72d14cbad0c5c63e86 ......
	 orig commit -> 5369a762c882c0b6e9599e4ebbb3a9ba9eee7e2d ......
checking 0321e68838d7ba2528b367b879b2fcf9d96a2099 ......
	 orig commit -> e09463f220ca9a1a1ecfda84fcda658f99a1f12a ......
checking b541f470d4bda051356e8169d6b309bdd37437db ......
	 orig commit -> 99ec9e77511dea55d81729fc80b6c63a61bfa8e0 ......
checking 3cb81bce2191df8701cc85fd7d360df4321cf566 ......
	 orig commit -> 718b5406cd76f1aa6434311241b7febf0e8571ff ......
checking 748144f35514aef14c4fdef5bcaa0db99cb9367a ......
	 orig commit -> f46ecbd97f508e68a7806291a139499794874f3d ......
checking 28cada984c0e940d8419e6b3955d1f513f989e3a ......
	 orig commit -> 7ffbe65578b44fafdef577a360eb0583929f7c6e ......
checking f5f485d888d541431ce40aa1e6bc3ae95bd5ae91 ......
	 orig commit -> 6aa0c114eceec8cc61715f74a4ce91b048d7561c ......
checking ff533735af1d31c621d1f4297cd3f6f01673b74b ......
	 orig commit -> 696e420bb2a6624478105651d5368d45b502b324 ......
checking 5d8ddc819c848a6009aed5a560e8d53f7cbafa08 ......
	 orig commit -> bb94b55af3461e26b32f0e23d455abeae0cfca5d ......
checking 0ce6c46463715cecf78e6b92381f05dd47724f65 ......
	 orig commit -> 64dafbc9530c10300acffc57fae3269d95fa8f93 ......
checking 2b6eff5923ce501d69e58807a1f81d910c029c8f ......
	 orig commit -> 891f6a726cacbb87e5b06076693ffab53bd378d7 ......
checking e6cf7e68728560f1466046a85c4ae5c685c7b651 ......
	 orig commit -> 63ce3c384db26494615e3c8972bcd419ed71f4c4 ......
checking 6e51bfa950864343cfe210a75268e826a2b4b2e8 ......
	 orig commit -> 26b5b874aff5659a7e26e5b1997e3df2c41fa7fd ......
checking 54f1da1ff0347182ca58c6d1f64551afb36ecb90 ......
	 orig commit -> 1fe4293f4b8de75824935f8d8e9a99c7fc6873da ......
checking 48b019a51ab8836dcea2d5e68e07fa129b604c3a ......
	 orig commit -> 520495fe96d74e05db585fc748351e0504d8f40d ......
checking 6fe74fb8af8949e91b67fc3fc244c8db0e2e276d ......
	 orig commit -> 1e2c043628c7736dd56536d16c0ce009bc834ae7 ......
