Check from v4.14.12 to v4.14.13
Commit count: 39
checking b8447222eb207d5a5ec20a0f357065963dabdcd0 ......
checking 77bbeea7811f0857952d3f096438ce2e1bb16f1a ......
	 orig commit -> c2cf265d860882b51a200e4a7553c17827f2b730 ......
checking 853bcadeefe18ee0661a302811a17644b1f9e80b ......
	 orig commit -> 32aa144fc32abfcbf7140f473dfbd94c5b9b4105 ......
checking 756ac0b046182487a2b813dd1dadb17e0d7b8b67 ......
	 orig commit -> fee4380f368e84ed216b62ccd2fbc4126f2bf40b ......
checking a0fdea2a407e0f2503f6b80b1a89c44fb58d64e9 ......
	 orig commit -> 310d82784fb4d60c80569f5ca9f53a7f3bf1d477 ......
		 310d82784fb4d60c80569f5ca9f53a7f3bf1d477 has problem. Fixes commit -> d006e95b5561f708d0385e9677ffe2c46f2ae345
commit a1f5209663ec56deec5587013a4795cf42178360
Author: Helge Deller <deller@gmx.de>
Date:   Tue Apr 2 12:13:27 2019 +0200

    parisc: Detect QEMU earlier in boot process
    
    commit d006e95b5561f708d0385e9677ffe2c46f2ae345 upstream.
    
    While adding LASI support to QEMU, I noticed that the QEMU detection in
    the kernel happens much too late. For example, when a LASI chip is found
    by the kernel, it registers the LASI LED driver as well.  But when we
    run on QEMU it makes sense to avoid spending unnecessary CPU cycles, so
    we need to access the running_on_QEMU flag earlier than before.
    
    This patch now makes the QEMU detection the fist task of the Linux
    kernel by moving it to where the kernel enters the C-coding.
    
    Fixes: 310d82784fb4 ("parisc: qemu idle sleep support")
    Signed-off-by: Helge Deller <deller@gmx.de>
    Cc: stable@vger.kernel.org # v4.14+
    Signed-off-by: Greg Kroah-Hartman <gregkh@linuxfoundation.org>
checking fb510265edaf4809c050e620231b6ea69507fe82 ......
	 orig commit -> 88776c0e70be0290f8357019d844aae15edaa967 ......
checking f5edee88ad430356e5c6b1c309782cce3f736272 ......
	 orig commit -> 5b9f57cf47b87f07210875d6a24776b4496b818d ......
checking 46789641800ca2077acb66c6cbe8e2ce7575113c ......
	 orig commit -> f4e9b7af0cd58dd039a0fb2cd67d57cea4889abf ......
checking 2df832f7aa68dd1cf454d6fa165f1c61a3cd04e5 ......
	 orig commit -> 10d900303f1c3a821eb0bef4e7b7ece16768fba4 ......
checking 49b52457e1fc9cbf21ba7a3e24fcc4541e0c08d2 ......
	 orig commit -> ecb101aed86156ec7cd71e5dca668e09146e6994 ......
checking d17237bbdf70eb2a30301eb94533fe712ba96cb0 ......
	 orig commit -> 79435ac78d160e4c245544d457850a56f805ac0d ......
checking 986128f3a74b45c6d7e639c950b69cdc933d1686 ......
	 orig commit -> 563b5cbe334e9503ab2b234e279d500fc4f76018 ......
checking 3ea9d6d0ad67c6a978604e5f16af5683c435e082 ......
	 orig commit -> 57d72e159b60456c8bb281736c02ddd3164037aa ......
checking 289b51d3c17be8855c5b4be87d8e0e78cc70d511 ......
	 orig commit -> 426915796ccaf9c2bd9bb06dc5702225957bc2e5 ......
checking 94429f353675f4e3e5fefdaf3e01a18d44074f87 ......
	 orig commit -> ac25385089f673560867eb5179228a44ade0cfc1 ......
checking 2ebd69e8c251597f51768dce320cc10f9b4c8894 ......
	 orig commit -> 628c1bcba204052d19b686b5bac149a644cdb72e ......
checking 22af48be826c4193bba2f11112330aabb2568594 ......
	 orig commit -> 7d5905dc14a87805a59f3c5bf70173aac2bb18f8 ......
checking eff3e4fde76492931a45e23767c7842524b0ea06 ......
	 orig commit -> b29c6ef7bb1257853c1e31616d84f55e561cf631 ......
checking 2335a22b2224f71ac639becef4a6cb8ef54c8b7e ......
	 orig commit -> 98801506552593c9b8ac11021b0cdad12cab4f6b ......
checking 2ee35943b11f07de678642a8f08e61e5d5f3867a ......
	 orig commit -> e2bf801ecd4e62222a46d1ba9e57e710171d29c1 ......
checking 5d8c5beecdd9098458a047a871cd20fae3f4c6b2 ......
	 orig commit -> 30414f3010aff95ffdb6bed7b9dce62cde94fdc7 ......
checking 5d8c39173bd71ed53ae88de77a8ec94f30b69919 ......
	 orig commit -> 3488d0237f6364614f0c59d6d784bb79b11eeb92 ......
checking d4f9aaeb26d024f2f239b19a68d3e339628e1066 ......
	 orig commit -> d042566d8c704e1ecec370300545d4a409222e39 ......
checking 7156c794b8ab462705e6ac80c5fa69565eb44c62 ......
	 orig commit -> d76c68109f37cb85b243a1cf0f40313afd2bae68 ......
checking 9c36498f74533e0b1fdcb9692a04482bc2d91d8d ......
	 orig commit -> e57121d08c38dabec15cf3e1e2ad46721af30cae ......
checking 491062a0099c8bf6841dece8dd501d9fc2b80e34 ......
	 orig commit -> 203f45003a3d03eea8fa28d74cfc74c354416fdb ......
checking 95a362c9a6892085f714eb6e31eea6a0e3aa93bf ......
	 orig commit -> f24c4d478013d82bd1b943df566fff3561d52864 ......
checking b9fa21f3daa6533ab2303caad72c996e3924cf3b ......
	 orig commit -> ec35e48b286959991cdbb886f1bdeda4575c80b4 ......
checking 319122a71f306943a75217b3e78a9a0f8e9c1e95 ......
	 orig commit -> 0cbb4b4f4c44f54af268969b18d8deda63aded59 ......
		 0cbb4b4f4c44f54af268969b18d8deda63aded59 has problem. Fixes commit -> 31e810aa1033a7db50a2746cd34a2432237f6420
commit 0eba9f5d3d4829fe5cc53abe90a73c33f47405af
Author: Mike Rapoport <rppt@linux.vnet.ibm.com>
Date:   Thu Aug 2 15:36:09 2018 -0700

    userfaultfd: remove uffd flags from vma->vm_flags if UFFD_EVENT_FORK fails
    
    commit 31e810aa1033a7db50a2746cd34a2432237f6420 upstream.
    
    The fix in commit 0cbb4b4f4c44 ("userfaultfd: clear the
    vma->vm_userfaultfd_ctx if UFFD_EVENT_FORK fails") cleared the
    vma->vm_userfaultfd_ctx but kept userfaultfd flags in vma->vm_flags
    that were copied from the parent process VMA.
    
    As the result, there is an inconsistency between the values of
    vma->vm_userfaultfd_ctx.ctx and vma->vm_flags which triggers BUG_ON
    in userfaultfd_release().
    
    Clearing the uffd flags from vma->vm_flags in case of UFFD_EVENT_FORK
    failure resolves the issue.
    
    Link: http://lkml.kernel.org/r/1532931975-25473-1-git-send-email-rppt@linux.vnet.ibm.com
    Fixes: 0cbb4b4f4c44 ("userfaultfd: clear the vma->vm_userfaultfd_ctx if UFFD_EVENT_FORK fails")
    Signed-off-by: Mike Rapoport <rppt@linux.vnet.ibm.com>
    Reported-by: syzbot+121be635a7a35ddb7dcb@syzkaller.appspotmail.com
    Cc: Andrea Arcangeli <aarcange@redhat.com>
    Cc: Eric Biggers <ebiggers3@gmail.com>
    Cc: <stable@vger.kernel.org>
    Signed-off-by: Andrew Morton <akpm@linux-foundation.org>
    Signed-off-by: Linus Torvalds <torvalds@linux-foundation.org>
    Signed-off-by: Greg Kroah-Hartman <gregkh@linuxfoundation.org>
checking c86ee796feed73dfa8a895be48c146b018d14393 ......
	 orig commit -> d09cfbbfa0f761a97687828b5afb27b56cbf2e19 ......
checking abcc78627877cef68144475e88952b0957406024 ......
	 orig commit -> 4991c09c7c812dba13ea9be79a68b4565bb1fa4e ......
checking ae04ca35247af576999da5ef726d1a03fc65de09 ......
	 orig commit -> 4d9570158b6260f449e317a5f9ed030c2504a615 ......
checking aea4ead5aba7d0990e007d55b806b1e7859a8bed ......
	 orig commit -> de791821c295cc61419a06fe5562288417d1bc58 ......
checking 83c7e4977221da397ac37119c50a1b21cc6a6677 ......
	 orig commit -> b9e705ef7cfaf22db0daab91ad3cd33b0fa32eb9 ......
checking 98f42e3f849412895171d096b901bfa3ff0fe004 ......
	 orig commit -> 1e5476815fd7f98b888e01a0f9522b63085f96c9 ......
checking b4660939afccbe1d2af5d066d1337f1b29c87ae8 ......
	 orig commit -> 42f3bdc5dd962a5958bc024c1e1444248a6b8b4a ......
checking 67f67244f80a37fba03c9e6011853dba94952c7c ......
	 orig commit -> 1dddd25125112ba49706518ac9077a1026a18f37 ......
checking 1af9b74bfa59250f69578f6e6424aae7cb46d063 ......
	 orig commit -> f2078904810373211fb15f91888fba14c01a4acc ......
checking 7adf28df2f0bdeb2141f6e8edc2b746d4a6cc11f ......
	 orig commit -> f5a40711fa58f1c109165a4fec6078bf2dfd2bdc ......
		 f5a40711fa58f1c109165a4fec6078bf2dfd2bdc has problem. Fixes commit -> 9a3b7e5e65c4b4d332df5f607c0838c3fb918673
