Check from v4.14.92 to v4.14.93
Commit count: 109
checking 9c07fc259396fb5a26713755f92f60eb477ed567 ......
checking 59ed81e1eede2cb90010ee923c853a58535aff85 ......
	 orig commit -> 755396163148b50fe1afb4bdd3365e47f3ff7a42 ......
checking b018b00c39767e4ddc4d802471eda46abcb9c87b ......
	 orig commit -> 38355a5f9a22bfa5bd5b1bb79805aca39fa53729 ......
checking e956139f32412160616d52f5f630da68a40e4c47 ......
	 orig commit -> 2b02a05bdc3a62d36e0d0b015351897109e25991 ......
checking ff420ff182322f5f81925a0de7081b28a0c2d5af ......
	 orig commit -> 10fdf838e5f540beca466e9d1325999c072e5d3f ......
checking 8936b67c81e14e7f8a63f3ebd3e3a29c1dddfed8 ......
	 orig commit -> ed54ffbe554f0902689fd6d1712bbacbacd11376 ......
checking 6293890419baea40d95b71beb671ab472c93e2c9 ......
	 orig commit -> ec5b5ad6e272d8d6b92d1007f79574919862a2d2 ......
checking a1fe71105652b463bf551b9e525e0d6d12f0c2f5 ......
	 orig commit -> fdd669684655c07dacbdb0d753fd13833de69a33 ......
checking 7983d29437b99e1e9786e2621f297aa6cd6bf3ba ......
	 orig commit -> 3c1392d4c49962a31874af14ae9ff289cb2b3851 ......
checking c6a9a1ccafc49fe95d8de54eef154ad5c3b94077 ......
	 orig commit -> c40f7d74c741a907cfaeb73a7697081881c497d0 ......
checking d59964607842725de662d112c125ec8223a82a20 ......
	 orig commit -> 3569dd07aaad71920c5ea4da2d5cc9a167c1ffd4 ......
checking 2063fe0ec52344dc9b784735a58afbb97c29dcae ......
	 orig commit -> e48d8ed9c6193502d849b35767fd18e20bbd7ba2 ......
checking 186213114b74bd52f5014e2877c3a6d72299762a ......
	 orig commit -> 574d356b7a02c7e1b01a1d9cba8a26b3c2888f45 ......
		 574d356b7a02c7e1b01a1d9cba8a26b3c2888f45 has problem. Fixes commit -> bb06c388fa20ae24cfe80c52488de718a7e3a53f
commit 1cbd3417c43ab9eab43a0fe909fcd2e4b38668f2
Author: zhengbin <zhengbin13@huawei.com>
Date:   Wed Mar 13 16:01:37 2019 +0800

    9p/net: fix memory leak in p9_client_create
    
    commit bb06c388fa20ae24cfe80c52488de718a7e3a53f upstream.
    
    If msize is less than 4096, we should close and put trans, destroy
    tagpool, not just free client. This patch fixes that.
    
    Link: http://lkml.kernel.org/m/1552464097-142659-1-git-send-email-zhengbin13@huawei.com
    Cc: stable@vger.kernel.org
    Fixes: 574d356b7a02 ("9p/net: put a lower bound on msize")
    Reported-by: Hulk Robot <hulkci@huawei.com>
    Signed-off-by: zhengbin <zhengbin13@huawei.com>
    Signed-off-by: Dominique Martinet <dominique.martinet@cea.fr>
    Signed-off-by: Greg Kroah-Hartman <gregkh@linuxfoundation.org>
checking b57b508bdcfd365b63e04ec6d9152e045e1cd476 ......
	 orig commit -> e1c3743e1a20647c53b719dbf28b48f45d23f2cd ......
		 e1c3743e1a20647c53b719dbf28b48f45d23f2cd has problem. Fixes commit -> 897bc3df8c5aebb54c32d831f917592e873d0559
commit 7f8e322e448b493cab180fe6c85a1cbe9c0c2aad
Author: Breno Leitao <leitao@debian.org>
Date:   Mon Apr 8 16:32:38 2019 +1000

    powerpc/tm: Limit TM code inside PPC_TRANSACTIONAL_MEM
    
    [ Upstream commit 897bc3df8c5aebb54c32d831f917592e873d0559 ]
    
    Commit e1c3743e1a20 ("powerpc/tm: Set MSR[TS] just prior to recheckpoint")
    moved a code block around and this block uses a 'msr' variable outside of
    the CONFIG_PPC_TRANSACTIONAL_MEM, however the 'msr' variable is declared
    inside a CONFIG_PPC_TRANSACTIONAL_MEM block, causing a possible error when
    CONFIG_PPC_TRANSACTION_MEM is not defined.
    
            error: 'msr' undeclared (first use in this function)
    
    This is not causing a compilation error in the mainline kernel, because
    'msr' is being used as an argument of MSR_TM_ACTIVE(), which is defined as
    the following when CONFIG_PPC_TRANSACTIONAL_MEM is *not* set:
    
            #define MSR_TM_ACTIVE(x) 0
    
    This patch just fixes this issue avoiding the 'msr' variable usage outside
    the CONFIG_PPC_TRANSACTIONAL_MEM block, avoiding trusting in the
    MSR_TM_ACTIVE() definition.
    
    Cc: stable@vger.kernel.org
    Reported-by: Christoph Biedl <linux-kernel.bfrz@manchmal.in-ulm.de>
    Fixes: e1c3743e1a20 ("powerpc/tm: Set MSR[TS] just prior to recheckpoint")
    Signed-off-by: Breno Leitao <leitao@debian.org>
    Signed-off-by: Michael Ellerman <mpe@ellerman.id.au>
    Signed-off-by: Sasha Levin <sashal@kernel.org>
checking f21ce3cdff2f2be72fd85efab90785307384eed6 ......
	 orig commit -> 3bbd3db86470c701091fb1d67f1fab6621debf50 ......
checking b3424be0753e229112d6c4ef266737f10e958b5e ......
	 orig commit -> dd6846d774693bfa27d7db4dae5ea67dfe373fa1 ......
checking 28493b4147ea3f982e9cff269dc068ac0a98be74 ......
	 orig commit -> 1212f7a16af492d59304ba3abccbcc5b5e41423e ......
checking 01b79d20008d26d9e908551bd32f01ed0cbf6f53 ......
	 orig commit -> b8eee0e90f9797b747113638bc75e739b192ad38 ......
checking 2524f5d6f4603e6dece56ea62c09ced0d6a635b9 ......
	 orig commit -> 5df275cd4cf51c86d49009f1397132f284ba515e ......
checking b274cc25da938698dbc525f9a914f82fb3678c19 ......
	 orig commit -> 8ea3819c0bbef57a51d8abe579e211033e861677 ......
checking 6d75eb875b67b984e9804fa485e60716b363eaf5 ......
	 orig commit -> 2d29f6b96d8f80322ed2dd895bca590491c38d34 ......
checking 26538d51467f9255be56a354f103928d2acf5590 ......
	 orig commit -> 6ff9b09e00a441599f3aacdf577254455a048bc9 ......
checking f69ed08c4197a131949c1ac4ec067ef7d8104bc5 ......
	 orig commit -> d47b41aceeadc6b58abc9c7c6485bef7cfb75636 ......
checking 6c03da607b3339011c56560f007afb5307b9aa73 ......
	 orig commit -> c0174726c3976e67da8649ac62cae43220ae173a ......
checking f3d0f0a912776fb03e3499c62002d162d047c8c4 ......
	 orig commit -> 23851e978f31eda8b2d01bd410d3026659ca06c7 ......
checking 8f0bfd40724072cd79afa7c77b77036c4490aa8b ......
	 orig commit -> b982896cdb6e6a6b89d86dfb39df489d9df51e14 ......
checking 385c23d626937494f90563a563c210b15c371b2a ......
	 orig commit -> cbb2ebf70daf7f7d97d3811a2ff8e39655b8c184 ......
checking 1117b7a380f4b4f575d90a318a43d2e168c01fbd ......
	 orig commit -> f4351a199cc120ff9d59e06d02e8657d08e6cc46 ......
checking 89c7ba90185dc9af684a17027300899e189039cd ......
	 orig commit -> 1524f4e47f90b27a3ac84efbdd94c63172246a6f ......
checking a3c16e5f99c7805e3c76d94c4e1575fce11ae9d5 ......
	 orig commit -> d57f9da890696af1484f4a47f7f123560197865a ......
checking 0be812a800391c6d9447ed15b4bedb63b941b5aa ......
	 orig commit -> e4b069e0945fa14c71cf8b5b89f8b1b2aa68dbc2 ......
checking 14c2cd93e276832e92c1a811a1552bb4036108af ......
	 orig commit -> a72b69dc083a931422cc8a5e33841aff7d5312f2 ......
checking 1f33700bdf421490aef65bb794dbd9d9837f7ea0 ......
	 orig commit -> e213574a449f7a57d4202c1869bbc7680b6b5521 ......
checking d75c8c0afd357e66b55b4548919bb6d5a5a8e8fb ......
	 orig commit -> 813af51f5d30a2da6a2523c08465f9726e51772e ......
checking 72d217d5df485027769cfc1a69e4d9bffaa30bfe ......
	 orig commit -> 3bd9805090af843b25f97ffe5049f20ade1d86d6 ......
checking ff858d82207470c8612bb66d7129235f81567524 ......
	 orig commit -> 238bcbc4e07fad2fff99c5b157d0c37ccd4d093c ......
checking 23d9f5e4a3ad66061e96dc467e65b580fafe3648 ......
	 orig commit -> dbe27a002ef8573168cb64e181458ea23a74e2b6 ......
checking 03df2c59562a2d8851fea32f833e48193f6cd8ad ......
	 orig commit -> 584ed9fa9532f8b9d5955628ff87ee3b2ab9f5a9 ......
checking 487467e7d031e73907c820ef05ce0d4d18c24767 ......
checking 4df445a77526593d6236af778fda1627bd114000 ......
	 orig commit -> aea447141c7e7824b81b49acd1bc785506fba46e ......
checking f716d5e5fa6b6b498435ae67817122e73a8774ee ......
	 orig commit -> 6977f95e63b9b3fb4a5973481a800dd9f48a1338 ......
		 6977f95e63b9b3fb4a5973481a800dd9f48a1338 has problem. Fixes commit -> 1a49b2fd8f58dd397043a17de9b3c421ccf8eda7
checking aa71dcfe9c4210f471d3d3c6153ec34ba2606597 ......
	 orig commit -> b8be5674fa9a6f3677865ea93f7803c4212f3e10 ......
checking 76da01793fbdcac42d9828b778cfa0d63d27bfac ......
	 orig commit -> 4ecd55ea074217473f94cfee21bb72864d39f8d7 ......
		 4ecd55ea074217473f94cfee21bb72864d39f8d7 has problem. Fixes commit -> d58431eacb226222430940134d97bfd72f292fcd
commit 790899da35fa894c8d916c612aadb9f4e8631ed5
Author: NeilBrown <neilb@suse.com>
Date:   Fri Apr 5 11:34:40 2019 +1100

    sunrpc: don't mark uninitialised items as VALID.
    
    commit d58431eacb226222430940134d97bfd72f292fcd upstream.
    
    A recent commit added a call to cache_fresh_locked()
    when an expired item was found.
    The call sets the CACHE_VALID flag, so it is important
    that the item actually is valid.
    There are two ways it could be valid:
    1/ If ->update has been called to fill in relevant content
    2/ if CACHE_NEGATIVE is set, to say that content doesn't exist.
    
    An expired item that is waiting for an update will be neither.
    Setting CACHE_VALID will mean that a subsequent call to cache_put()
    will be likely to dereference uninitialised pointers.
    
    So we must make sure the item is valid, and we already have code to do
    that in try_to_negate_entry().  This takes the hash lock and so cannot
    be used directly, so take out the two lines that we need and use them.
    
    Now cache_fresh_locked() is certain to be called only on
    a valid item.
    
    Cc: stable@kernel.org # 2.6.35
    Fixes: 4ecd55ea0742 ("sunrpc: fix cache_head leak due to queued request")
    Signed-off-by: NeilBrown <neilb@suse.com>
    Signed-off-by: J. Bruce Fields <bfields@redhat.com>
    Signed-off-by: Greg Kroah-Hartman <gregkh@linuxfoundation.org>
checking 89b03877088751fc44dd93d40fdcd74a04927c45 ......
	 orig commit -> 7af7a8e19f0c5425ff639b0f0d2d244c2a647724 ......
checking c5a2c79da3f8685de31791358a98a352f241fb83 ......
	 orig commit -> 02917e9f8676207a4c577d4d94eae12bf348e9d7 ......
checking 465c5cf0bfdb7836dcb2012a52e79eb79f5e16ac ......
	 orig commit -> 58ef15b765af0d2cbe6799ec564f1dc485010ab8 ......
checking 1432754217f7eec4cfa9794012d2e5d34b9ebef7 ......
	 orig commit -> 06489cfbd915ff36c8e36df27f1c2dc60f97ca56 ......
checking 47d24f8c8feee17d9f3e58c4227e3d00d7210120 ......
	 orig commit -> 808153e1187fa77ac7d7dad261ff476888dcf398 ......
checking 2c25071bed4b1f9c4cfb10a7914847d7069794bf ......
	 orig commit -> b15c87263a69272423771118c653e9a1d0672caa ......
checking ce8daa28a1d53dcf4258cff2b559d7ad37325dfa ......
	 orig commit -> 5547932dc67a48713eece4fa4703bfdf0cfcb818 ......
checking 3f2e4e1d9a6cffa95d31b7a491243d5e92a82507 ......
	 orig commit -> 7b55851367136b1efd84d98fea81ba57a98304cf ......
checking 5ee254ef76e8c5f052487a5c3e0cd5fcfa805ec7 ......
	 orig commit -> 7ed1c1901fe52e6c5828deb155920b44b0adabb1 ......
		 7ed1c1901fe52e6c5828deb155920b44b0adabb1 has problem. Fixes commit -> 755396163148b50fe1afb4bdd3365e47f3ff7a42
commit 59ed81e1eede2cb90010ee923c853a58535aff85
Author: Jiri Slaby <jslaby@suse.cz>
Date:   Tue Apr 24 09:43:44 2018 +0200

    tools: power/acpi, revert to LD = gcc
    
    commit 755396163148b50fe1afb4bdd3365e47f3ff7a42 upstream.
    
    Commit 7ed1c1901fe5 (tools: fix cross-compile var clobbering) removed
    setting of LD to $(CROSS_COMPILE)gcc. This broke build of acpica
    (acpidump) in power/acpi:
     ld: unrecognized option '-D_LINUX'
    
    The tools pass CFLAGS to the linker (incl. -D_LINUX), so revert this
    particular change and let LD be $(CC) again. Note that the old behaviour
    was a bit different, it used $(CROSS_COMPILE)gcc which was eliminated by
    the commit 7ed1c1901fe5. We use $(CC) for that reason.
    
    Fixes: 7ed1c1901fe5 (tools: fix cross-compile var clobbering)
    Signed-off-by: Jiri Slaby <jslaby@suse.cz>
    Cc: 4.16+ <stable@vger.kernel.org> # 4.16+
    Signed-off-by: Rafael J. Wysocki <rafael.j.wysocki@intel.com>
    Cc: Sudip Mukherjee <sudipm.mukherjee@gmail.com>
    Cc: Martin Kelly <martin@martingkelly.com>
    Signed-off-by: Greg Kroah-Hartman <gregkh@linuxfoundation.org>
checking 76369ed5bce3b31de6c21ebf216d01fd9c9d3476 ......
	 orig commit -> 0211e12dd0a5385ecffd3557bc570dbad7fcf245 ......
checking 0840feb396aa78cdcac7f9b30f7678b68e22fddb ......
	 orig commit -> 4e87eb2f46ea547d12a276b2e696ab934d16cfb6 ......
checking 8eb9f245dc977335fbff8ad5f428447a55f24484 ......
	 orig commit -> 60a161b7e5b2a252ff0d4c622266a7d8da1120ce ......
checking d87abc2ae5474bd4b42e892ee7369086d2d6af6b ......
	 orig commit -> d430aff8cd0c57502d873909c184e3b5753f8b88 ......
checking be899fe44fe522bc3f573cee3b381c7c733d5961 ......
	 orig commit -> d667044f49513d55fcfefe4fa8f8d96091782901 ......
checking 29b7def0ffb1c9acc043a5ca4b9fb212c2d0687d ......
	 orig commit -> d134e486e831defd26130770181f01dfc6195f7d ......
checking dd707bdce260c0b9adf99e9a3a77a21ca3ead2eb ......
	 orig commit -> 7a71712293ba303aad928f580b89addb0be2892e ......
checking 7bee9f9a131059a16538bb8e86ba567fc39ef733 ......
	 orig commit -> c8da642d41a6811c21177c9994aa7dc35be67d46 ......
checking 9adf9d714b3dd94fddf583eb8e8f12efdfa797e4 ......
	 orig commit -> c5c08bed843c2b2c048c16d1296d7631d7c1620e ......
checking b08f331e84f75a2981350d3ee7452ea67412776d ......
	 orig commit -> ef7cfd00b2caf6edeb7f169682b64be2d0a798cf ......
checking bb2509c12bea9601f0637f815936e9562d3c3cbc ......
	 orig commit -> 34b1e0e9efe101822e83cc62d22443ed3867ae7a ......
checking fb34793c9f380b99c9ce925ff2d4e6b7f5af32c8 ......
	 orig commit -> f7db2beb4c2c6cc8111f5ab90fc7363ca91107b6 ......
checking 9c5239ee1c3f59e1ece9072cae57af8b601e0b99 ......
	 orig commit -> 15515aaaa69659c502003926a2067ee76176148a ......
checking 4d45ed2d0d28326b9fb7401d96f7c772ee0ad078 ......
	 orig commit -> 8159ecab0db9095902d4c73605fb8787f5c7d653 ......
checking 358e56b282ecfd3ca9ff6521ee6e35ef34945bcd ......
	 orig commit -> e100a897bf9b19089e57f236f2398c9e0538900e ......
checking 6de29b8cd448490a6ba514d9f6b334341cf99eff ......
	 orig commit -> f07d4276892d97671e880190ff195a288b2d8d92 ......
checking 8265e34e5705c21978f1e3359c430832110057f1 ......
	 orig commit -> cf76785d30712d90185455e752337acdb53d2a5d ......
checking 1eac41bac7c9a578c6bd93d4660fa4c67b4238d9 ......
	 orig commit -> 6adafc356e20189193b38ee6b9af7743078bf6b4 ......
checking 31212d944a0f3873e6bc6c28d352db7d6493fcac ......
	 orig commit -> 726ae5c9e5f0c18eca8ea5296b526242c3e89822 ......
checking 4f64bc8f6626b39a4a65d2450b980de00c742db2 ......
	 orig commit -> 7e74a19ca522aec7c2be201a7ae1d1d57ded409b ......
checking b984806de33f1bade282aac1725610698ceff4f2 ......
	 orig commit -> a57275d35576fdd89d8c771eedf1e7cf97e0dfa6 ......
checking 02ad6ced13d71d8af63c6195ac1a8205d8d40e2f ......
	 orig commit -> c82bd077e1ba3dd586569c733dc6d3dd4b0e43cd ......
checking 5ddca1a9915f48f583186c627865d20f1e435d23 ......
	 orig commit -> 31f6b61d810654fb3ef43f4d8afda0f44b142fad ......
checking 1ef17642df395627055661c3c20dfd183e78b07a ......
	 orig commit -> 5778b13b64eca5549d242686f2f91a2c80c8fa40 ......
checking 5fed62f0692508804684a0e79719569e146c3300 ......
	 orig commit -> 4ad26f117b6ea0f5d5f1592127bafb5ec65904d3 ......
checking 649171175b35f9f36f58bbe886718ebc2e788e0b ......
	 orig commit -> 308c6cafde0147616da45e3a928adae55c428deb ......
		 308c6cafde0147616da45e3a928adae55c428deb has problem. Fixes commit -> c77804be53369dd4c15bfc376cf9b45948194cab
checking 9c97aac00f9d6b01d45f3731b7f14f9d34a167c1 ......
	 orig commit -> 4e1d4be681b2c26fd874adbf584bf034573ac45d ......
checking 491fe3ac1e8a3b8dfbb280a6a0e3bd3b0faf3c67 ......
	 orig commit -> 51367e423c6501a26e67d91a655d2bc892303462 ......
checking 0758a796eb07a6eb65af0bb7161c0f74f431eea6 ......
	 orig commit -> 2ab4c3426c0cf711d7147e3f559638e4ab88960e ......
checking bcf86ba5e2b487df5e2a891f9131b6368791510e ......
	 orig commit -> c629421a990033ba539eb8585e73a2e6fa9ea631 ......
checking 5e6aefd625f30006fe443ac714d240a6362c6b9a ......
	 orig commit -> 9e6371d3c6913ff1707fb2c0274c9925f7aaef80 ......
checking b831528038e3cad0d745c53bcaeedb642f5cbc1f ......
	 orig commit -> 801df68d617e3cb831f531c99fa6003620e6b343 ......
checking 70875bda5af2066dba4bc227f927be4abb603531 ......
	 orig commit -> 9061193c4ee065d3240fde06767c2e06ec61decc ......
checking d964ef1d09b5526b244bfcb57dec76d69a79a7f5 ......
	 orig commit -> 04f05230c5c13b1384f66f5186a68d7499e34622 ......
		 04f05230c5c13b1384f66f5186a68d7499e34622 has problem. Fixes commit -> 38355a5f9a22bfa5bd5b1bb79805aca39fa53729
commit b018b00c39767e4ddc4d802471eda46abcb9c87b
Author: Ivan Mironov <mironov.ivan@gmail.com>
Date:   Mon Dec 24 20:13:05 2018 +0500

    bnx2x: Fix NULL pointer dereference in bnx2x_del_all_vlans() on some hw
    
    commit 38355a5f9a22bfa5bd5b1bb79805aca39fa53729 upstream.
    
    This happened when I tried to boot normal Fedora 29 system with latest
    available kernel (from fedora rawhide, plus some unrelated custom
    patches):
    
            BUG: unable to handle kernel NULL pointer dereference at 0000000000000000
            PGD 0 P4D 0
            Oops: 0010 [#1] SMP PTI
            CPU: 6 PID: 1422 Comm: libvirtd Tainted: G          I       4.20.0-0.rc7.git3.hpsa2.1.fc29.x86_64 #1
            Hardware name: HP ProLiant BL460c G6, BIOS I24 05/21/2018
            RIP: 0010:          (null)
            Code: Bad RIP value.
            RSP: 0018:ffffa47ccdc9fbe0 EFLAGS: 00010246
            RAX: 0000000000000000 RBX: 00000000000003e8 RCX: ffffa47ccdc9fbf8
            RDX: ffffa47ccdc9fc00 RSI: ffff97d9ee7b01f8 RDI: ffff97d9f0150b80
            RBP: ffff97d9f0150b80 R08: 0000000000000000 R09: 0000000000000000
            R10: 0000000000000000 R11: 0000000000000000 R12: 0000000000000003
            R13: ffff97d9ef1e53e8 R14: 0000000000000009 R15: ffff97d9f0ac6730
            FS:  00007f4d224ef700(0000) GS:ffff97d9fa200000(0000) knlGS:0000000000000000
            CS:  0010 DS: 0000 ES: 0000 CR0: 0000000080050033
            CR2: ffffffffffffffd6 CR3: 00000011ece52006 CR4: 00000000000206e0
            Call Trace:
             ? bnx2x_chip_cleanup+0x195/0x610 [bnx2x]
             ? bnx2x_nic_unload+0x1e2/0x8f0 [bnx2x]
             ? bnx2x_reload_if_running+0x24/0x40 [bnx2x]
             ? bnx2x_set_features+0x79/0xa0 [bnx2x]
             ? __netdev_update_features+0x244/0x9e0
             ? netlink_broadcast_filtered+0x136/0x4b0
             ? netdev_update_features+0x22/0x60
             ? dev_disable_lro+0x1c/0xe0
             ? devinet_sysctl_forward+0x1c6/0x211
             ? proc_sys_call_handler+0xab/0x100
             ? __vfs_write+0x36/0x1a0
             ? rcu_read_lock_sched_held+0x79/0x80
             ? rcu_sync_lockdep_assert+0x2e/0x60
             ? __sb_start_write+0x14c/0x1b0
             ? vfs_write+0x159/0x1c0
             ? vfs_write+0xba/0x1c0
             ? ksys_write+0x52/0xc0
             ? do_syscall_64+0x60/0x1f0
             ? entry_SYSCALL_64_after_hwframe+0x49/0xbe
    
    After some investigation I figured out that recently added cleanup code
    tries to call VLAN filtering de-initialization function which exist only
    for newer hardware. Corresponding function pointer is not
    set (== 0) for older hardware, namely these chips:
    
            #define CHIP_NUM_57710                  0x164e
            #define CHIP_NUM_57711                  0x164f
            #define CHIP_NUM_57711E                 0x1650
    
    And I have one of those in my test system:
    
            Broadcom Inc. and subsidiaries NetXtreme II BCM57711E 10-Gigabit PCIe [14e4:1650]
    
    Function bnx2x_init_vlan_mac_fp_objs() from
    drivers/net/ethernet/broadcom/bnx2x/bnx2x_cmn.h decides whether to
    initialize relevant pointers in bnx2x_sp_objs.vlan_obj or not.
    
    This regression was introduced after v4.20-rc7, and still exists in v4.20
    release.
    
    Fixes: 04f05230c5c13 ("bnx2x: Remove configured vlans as part of unload sequence.")
    Signed-off-by: Ivan Mironov <mironov.ivan@gmail.com>
    Signed-off-by: Ivan Mironov <mironov.ivan@gmail.com>
    Acked-by: Sudarsana Kalluru <Sudarsana.Kalluru@cavium.com>
    Signed-off-by: David S. Miller <davem@davemloft.net>
    Cc: Sudip Mukherjee <sudipm.mukherjee@gmail.com>
    Signed-off-by: Greg Kroah-Hartman <gregkh@linuxfoundation.org>
checking a00f97b1af6c78f27876091b5efbc347a6262b57 ......
	 orig commit -> bbf666c1af916ed74795493c564df6fad462cc80 ......
checking b0e56e3c569932e937fa2fa0dc5799c8f023d07e ......
	 orig commit -> 542fbda0f08f1cbbc250f9e59f7537649651d0c8 ......
checking e8267a5ec404913cd2fcfc51ff5e5b3671ed4916 ......
	 orig commit -> 708abf74dd87f8640871b814faa195fb5970b0e3 ......
checking 214b5617cc701471374f7ccfe748399f952646ec ......
	 orig commit -> 158daed16efb1170694e420ae06ba8ba954d82e5 ......
checking 10294811172cc7f4ff1d67ef842064f5a4cf5fce ......
	 orig commit -> 254eb5505ca0ca749d3a491fc6668b6c16647a99 ......
checking 0f0b37af1d3c11cf4d17c4b74e2ba3bb23b277fb ......
	 orig commit -> 16877a5570e0c5f4270d5b17f9bab427bcae9514 ......
checking a8fe14fcfe50e8170eeae31684eeeb42aa15e921 ......
	 orig commit -> 8e41cae64b08fe2e86a9ffb88b295c6b4b3a3322 ......
checking ae6f4c3cbad175800c318c4fde54a3699fcdb431 ......
	 orig commit -> 1d1bbc37f89b0559c9e913682f2489d89cfde6b8 ......
checking 154ed1efeac4be5f8dc6469e08bacf5a5e45e245 ......
	 orig commit -> ca5047286c9c93a01e1f471d00a6019536992954 ......
checking 6989cedd762f2e1b9062f2c20f19528f9116badc ......
	 orig commit -> e2ca26ec4f01486661b55b03597c13e2b9c18b73 ......
checking bbed2ced931009ba45ff32e8abdef8523548fd9b ......
	 orig commit -> 9ae4f8420ed7be4b13c96600e3568c144d101a23 ......
checking 5ac1f046ab4a6f629a524b9bd4f15f72bf6a4798 ......
	 orig commit -> 530aad77010b81526586dfc09130ec875cd084e4 ......
checking 4ddb80f4193cf344550458087977a500a2c3cd4c ......
	 orig commit -> 0152eee6fc3b84298bb6a79961961734e8afa5b8 ......
checking ed04bb260d161cab36118537f888329712ad4abe ......
	 orig commit -> ca92e173ab34a4f7fc4128bd372bd96f1af6f507 ......
checking bf2b044bc820cf1d6fa74ff77b09c33886a01568 ......
	 orig commit -> 533555e5cbb6aa2d77598917871ae5b579fe724b ......
checking 7932e14f9fec2dca602b6e213445eb9bc5c6c4c6 ......
	 orig commit -> f1733a1d3cd32a9492f4cf866be37bb46e10163d ......
checking 9940eeaa995557b3ece7d45b567701550863013f ......
	 orig commit -> c201e3808e0e4be9b98d192802085a9f491bd80c ......
checking 9c3fe68759f0743897bc9c8ab0ba3c5e7d9f0925 ......
	 orig commit -> f15096f12a4e9340168df5fdd9201aa8ed60d59e ......
checking 8cd34030db2ab78d572e3276d7f4e508c392b6e3 ......
	 orig commit -> 1e434b703248580b7aaaf8a115d93e682f57d29f ......
checking af00b69210ca7e9c97a6b3a77841c4f32139125d ......
	 orig commit -> 4050207485e47e00353e87f2fe2166083e282688 ......
checking 5d661328f91c3c429a96dd62b628254057f200e8 ......
	 orig commit -> 462951cd32e1496dc64b00051dfb777efc8ae5d8 ......
checking 3f9db10dfc625b294b636d59eb87754940cce30e ......
	 orig commit -> 5564597d51c8ff5b88d95c76255e18b13b760879 ......
checking fd78ae770d6f5caa6a97af7757fdfa92be066a6e ......
	 orig commit -> 614b1868a125a0ba24be08f3a7fa832ddcde6bca ......
