Check from v4.14.32 to v4.14.33
Commit count: 68
checking b867b7a7e5904064e76eea88396bfcd50428bdb5 ......
checking 6bc3a54e06c66509a4e1fa4d2c8e0d5372b8a74e ......
	 orig commit -> e6cfc525163ea3375113a9dcc234c2cdd8dbf643 ......
	 orig commit -> 53c81e95df1793933f87748d36070a721f6cb287 ......
		 53c81e95df1793933f87748d36070a721f6cb287 has problem. Fixes commit -> b4331a681822b420511b3258f1c3db35001fde48
7a67e69a339a6824be2fc483073782ab2f47fcd2
c6741fbed6dc0f183d26c4b6bca4517672f92e6c
checking cfbed9b55636334f19059660b197fdffd40b8865 ......
	 orig commit -> 0049457bfde661cf47410eaacad65845c9a2bb45 ......
	 orig commit -> a8b149d32b663c1a4105273295184b78f53d33cf ......
checking a99aaeccdefdeed566861b867f43cdd18573ad29 ......
	 orig commit -> 2f1f60c4b903f0f5464560783655ff74c9663a92 ......
	 orig commit -> 7be4b5dc7ffa9499ac6ef33a5ffa9ff43f9b7057 ......
checking 118118eb3818229812f083918584f6c16cc961bf ......
	 orig commit -> 0ed43f944a4070d04eddacded8629d0ddb9c8003 ......
checking 92e3d3f67d79207b24105edaa12fef32740ef1e6 ......
	 orig commit -> bd5c4facf59648581d2f1692dad7b107bf429954 ......
checking b31397c9b945218f13c3cd9c64a4261830c4781a ......
	 orig commit -> d61d263c8d82db7c4404a29ebc29674b1c0c05c9 ......
checking 9b47e99ac970c56078775ce9ace0cd2b673f10e8 ......
	 orig commit -> aac4619d028e2c444ac1217fc2d05b0322079dff ......
checking 52dcf4a6afbc490e35a9fa43e985f71eaa382fd1 ......
	 orig commit -> 65d9982d7e523a1a8e7c9af012da0d166f72fc56 ......
checking 8ac678a4b36318603d7e2991ce8694b3ba976608 ......
	 orig commit -> 04bb1719c4de94700056241d4c0fe3c1413f5aff ......
checking 4043155add4041cc1da285c8cbaafe8f9a23098a ......
	 orig commit -> b56af54ac78c54a519d82813836f305d7f76ef27 ......
checking ac72f0080c1a6bf28b21ca1b43093d61acd14a57 ......
	 orig commit -> 567b9b549cfa1cbc202762ae97b5385c29ade1e3 ......
checking 0d3f8c0217f98d20665c7d1718a4a000158c8878 ......
	 orig commit -> 9de9a449482677a75f1edd2049268a7efc40fc96 ......
checking a59779368b33874df5857603e8863801296c3a7f ......
	 orig commit -> e1d9fc04c41840a4688ef6ce90b6dcca157ea4d7 ......
checking 4be89529c013f22f95ea43b59a34cfc643432826 ......
	 orig commit -> 5811375325420052fcadd944792a416a43072b7f ......
checking 62532640c8e15b25250889a18512fdeffd0bab33 ......
	 orig commit -> 8f461b1e02ed546fbd0f11611138da67fd85a30f ......
checking b5a8883909984b60ab9274ef52e364051bd6177a ......
	 orig commit -> 6aaf49b495b446ff6eec0ac983f781ca0dc56a73 ......
checking ee54953ecd47a7d699cd132999efd6db3965a794 ......
	 orig commit -> 0a9eb80e643064266868bd2fb2cd608e669309b0 ......
checking 056f3bd2399b72d34f02a470c4dcb9f7415f7d42 ......
	 orig commit -> b85149f6f5d5a9279f29a73b2e95342f4d465e73 ......
checking c3657fd0c15f54437fc16cc4b838574970a8fa05 ......
	 orig commit -> 900a081f6912a8985dc15380ec912752cb66025a ......
		 900a081f6912a8985dc15380ec912752cb66025a has problem. Fixes commit -> 77568e535af7c4f97eaef1e555bf0af83772456c
commit 09024fed4e52b7cfef8721584c4d8658f65fa151
Author: Eric Biggers <ebiggers@google.com>
Date:   Thu Jan 31 23:51:41 2019 -0800

    crypto: ahash - fix another early termination in hash walk
    
    commit 77568e535af7c4f97eaef1e555bf0af83772456c upstream.
    
    Hash algorithms with an alignmask set, e.g. "xcbc(aes-aesni)" and
    "michael_mic", fail the improved hash tests because they sometimes
    produce the wrong digest.  The bug is that in the case where a
    scatterlist element crosses pages, not all the data is actually hashed
    because the scatterlist walk terminates too early.  This happens because
    the 'nbytes' variable in crypto_hash_walk_done() is assigned the number
    of bytes remaining in the page, then later interpreted as the number of
    bytes remaining in the scatterlist element.  Fix it.
    
    Fixes: 900a081f6912 ("crypto: ahash - Fix early termination in hash walk")
    Cc: stable@vger.kernel.org
    Signed-off-by: Eric Biggers <ebiggers@google.com>
    Signed-off-by: Herbert Xu <herbert@gondor.apana.org.au>
    Signed-off-by: Greg Kroah-Hartman <gregkh@linuxfoundation.org>
checking ad35fdc00a7cca4e53e70b5d2eb419f2661d92b5 ......
	 orig commit -> 333e18c5cc74438f8940c7f3a8b3573748a371f9 ......
checking 41e960b042fcf5e24ad68df669e58c69b5c42d21 ......
	 orig commit -> f962eb46e7a9b98a58d2483f5eb216e738fec732 ......
checking 77827f3d63d0b12d840ed27b362f877e049dbbf5 ......
	 orig commit -> 8c9bdab21289c211ca1ca6a5f9b7537b4a600a02 ......
checking 3c6096ca8e491a2c5a6d578fd4f191e94961dc20 ......
	 orig commit -> 823f7923833c6cc2b16e601546d607dcfb368004 ......
checking 1f17d5033fe3c435556d8fb731f3a51ca073ce85 ......
	 orig commit -> 50e7044535537b2a54c7ab798cd34c7f6d900bd2 ......
checking 5f834dd24baec1f9926e8a06609e0906fd607b06 ......
	 orig commit -> b5b38200ebe54879a7264cb6f33821f61c586a7e ......
checking 66a65ca5b8fda6f5c55a9cf83e0fcb8e613baaa9 ......
	 orig commit -> bb0829a741792b56c908d7745bc0b2b540293bcc ......
checking cbf733ca587c93aebb4f4aa721dba95a11725a69 ......
	 orig commit -> f597fbce38d230af95384f4a04e0a13a1d0ad45d ......
checking c0aed3667b3d55a8c49d4411627a41d1fbfb73e0 ......
	 orig commit -> 1f1e82f74c0947e40144688c9e36abe4b3999f49 ......
checking f4d01432eeda10436887023e36d75e1d7f9d626b ......
	 orig commit -> 6555ad13a01952c16485c82a52ad1f3e07e34b3a ......
checking e1e87ebd5b79537ef3b6f3204041a45f82f6feb7 ......
	 orig commit -> 9608e5c0f079390473b484ef92334dfd3431bb89 ......
checking ac5a36bb69570bc5bdd68f21c6793abc0b110cb7 ......
	 orig commit -> 21035965f60b0502fc6537b232839389bb4ce664 ......
checking 52a0c9a14f52ee478e6cb8c51e4a5a36f7de7cbb ......
	 orig commit -> d2471d4a24dfbff5e463d382e2c6fec7d7e25a09 ......
checking 87a97ab15e4482be29593561ef6c4f772a8d9d05 ......
	 orig commit -> 64e759f58f128730b97a3c3a26d283c075ad7c86 ......
checking cf88ae752cd38cf645d6389d9cd051596b5184bd ......
	 orig commit -> 59fba0869acae06ff594dd7e9808ed673f53538a ......
checking 839a4c3b4a48805af8d8fd84a203cd6b0e53105c ......
	 orig commit -> b1d0a5d0cba4597c0394997b2d5fced3e3841b4e ......
checking 2a55ad7440e6ecf182884b6afd950adb15f273fc ......
	 orig commit -> aebfa52a925d701114afd6af0def35bab16d4f47 ......
checking b0850604cc5dac60754cc2fcdf7d2ca97a68a4dc ......
	 orig commit -> b954f94023dcc61388c8384f0f14eb8e42c863c5 ......
checking bbfbc396f07680d5ca76a3a6e5e378e92f7d5ff7 ......
	 orig commit -> c8d70a700a5b486bfa8e5a7d33d805389f6e59f9 ......
checking 546ade704a98bfdcb7c6df76af14100a4ca53263 ......
	 orig commit -> 0537250fdc6c876ed4cbbe874c739aebef493ee2 ......
		 0537250fdc6c876ed4cbbe874c739aebef493ee2 has problem. Fixes commit -> a148ce15375fc664ad64762c751c0c2aecb2cafe
checking 72682b162dae7804b3c0b97ec5bc1ebb600a7fc2 ......
	 orig commit -> 47504ee04b9241548ae2c28be7d0b01cff3b7aa6 ......
checking dffe655ddb48ee1b2165ca9250a54376199e3764 ......
	 orig commit -> 19d7df69fdb2636856dc8919de72fc1bf8f79598 ......
checking a6232ffa2a021d7e8ce6822fad3a51d4728de9fa ......
	 orig commit -> 0dcd7876029b58770f769cbb7b484e88e4a305e5 ......
checking b0d95e686f454c3af6a908707c2e047796ea4280 ......
	 orig commit -> 84652aefb347297aa08e91e283adf7b18f77c2d5 ......
checking 4fbf77d7a9fed2f53d0e77cd959987b977f13dec ......
	 orig commit -> c8d3bcbfc5eab3f01cf373d039af725f3b488813 ......
checking 4dba68fd1dfefc4dfbf3f6f5fcda99c13668c671 ......
	 orig commit -> 4b658d1bbc16605330694bb3ef2570c465ef383d ......
checking 6c2c0da62b5df2089fdaa3322abdd1c06ae8fd84 ......
	 orig commit -> 9137108cc3d64ade13e753108ec611a0daed16a0 ......
checking 4cd0242812a953407cb29971583801e76e060b58 ......
	 orig commit -> e8980d67d6017c8eee8f9c35f782c4bd68e004c9 ......
checking ac895355571a158c7120c7b9b3ba6a94d2bc803e ......
	 orig commit -> ed65a4dc22083e73bac599ded6a262318cad7baf ......
checking 123f9f8981d2e0271d285ddfa75389a2a4a79c64 ......
	 orig commit -> 2975d5de6428ff6d9317e9948f0968f7d42e5d74 ......
		 2975d5de6428ff6d9317e9948f0968f7d42e5d74 has problem. Fixes commit -> 09abfe7b5b2f442a85f4c4d59ecf582ad76088d7
commit 3ae1bf3681352fc8c08cbd3be2d210f59d4cc42a
Author: Roland Dreier <roland@purestorage.com>
Date:   Thu Apr 19 08:28:11 2018 -0700

    RDMA/ucma: Allow resolving address w/o specifying source address
    
    commit 09abfe7b5b2f442a85f4c4d59ecf582ad76088d7 upstream.
    
    The RDMA CM will select a source device and address by consulting
    the routing table if no source address is passed into
    rdma_resolve_address().  Userspace will ask for this by passing an
    all-zero source address in the RESOLVE_IP command.  Unfortunately
    the new check for non-zero address size rejects this with EINVAL,
    which breaks valid userspace applications.
    
    Fix this by explicitly allowing a zero address family for the source.
    
    Fixes: 2975d5de6428 ("RDMA/ucma: Check AF family prior resolving address")
    Cc: <stable@vger.kernel.org>
    Signed-off-by: Roland Dreier <roland@purestorage.com>
    Signed-off-by: Doug Ledford <dledford@redhat.com>
    Signed-off-by: Greg Kroah-Hartman <gregkh@linuxfoundation.org>
checking 25fd02ea40db52e6a50edca42b7e1e9aac12096e ......
	 orig commit -> d97ca5d714a5334aecadadf696875da40f1fbf3e ......
checking ac2cb9f3de88f7c85f7880b92ee7db0fb7d641ac ......
	 orig commit -> 5f15684bd5e5ef39d4337988864fec8012471dda ......
checking 0726ba0491ca3e6e6bd88b332c0fcfda7aedd48f ......
	 orig commit -> 52396500f97c53860164debc7d4f759077853423 ......
checking 4c6d2518e1fedcdc2755457eb630a1977769e810 ......
	 orig commit -> ff6781fd1bb404d8a551c02c35c70cec1da17ff1 ......
checking 834a06e59896aef1fe05d603eb0e161a4d969d84 ......
	 orig commit -> 771b7bf05339081019d22452ebcab6929372e13e ......
checking f025072cbfe3aec5b6e13618b1c3275868a4a541 ......
	 orig commit -> 3d942ee079b917b24e2a0c5f18d35ac8ec9fee48 ......
checking f00a344718dddd1a60e3926f4900d31d1b3ff182 ......
	 orig commit -> 85784f9395987a422fa04263e7c0fb13da11eb5c ......
checking ca04476df8fd39c71818352db43090bd17dd1d58 ......
	 orig commit -> f67b15037a7a50c57f72e69a6d59941ad90a0f0f ......
checking b276b34655314d0c9df9941357f75382e2847be1 ......
	 orig commit -> 151ad17fbe5e56afa59709f41980508672c777ce ......
checking 58eaa556bd0a8d1c6a9b06a37758ab147cd55501 ......
	 orig commit -> 5607dddbfca774fb38bffadcb077fe03aa4ac5c6 ......
checking 17c9ea37cb6068765e770a3b4b8dc33f69a8c935 ......
	 orig commit -> 9066ae7ff5d89c0b5daa271e2d573540097a94fa ......
checking ba0b1c7761b464fcfa979393ffd905613cd2d672 ......
	 orig commit -> b00214865d65100163574ba250008f182cf90869 ......
checking be0fdc488672ab1a0e7dad9f7b884df60142cda7 ......
	 orig commit -> 2b1b1b4ac716fd929a2d221bd4ade62263bed915 ......
checking e9eddb705648015118c5a8bce8d9c34f8f182ba8 ......
	 orig commit -> 87a73eb5b56fd6e07c8e499fe8608ef2d8912b82 ......
checking 67356ab6e6a9aea6aa2d0783b2e46e46d7c09e6a ......
	 orig commit -> 70b8d21496758dd7ff600ec9de0ee3812fac7a40 ......
checking 46e10c38af0c843766dc0f25d333363aa2ebc71c ......
	 orig commit -> b23af6ad8d2f708c4c3f92dd8f82c233247ba8bf ......
checking d377d3d041b7793cc9083b5029e85dffed90afa8 ......
	 orig commit -> 1328f02005bbbaed15b9d5b7f3ab5ec9d4d5268a ......
checking a4941a5fbcf0f4560ce7dda6c7e5f39b7c51761f ......
	 orig commit -> eb85a355c3afd9379f5953cfe2df73632d14c884 ......
