Check from v4.14.49 to v4.14.50
Commit count: 37
checking cda6fd4d9382205bb792255cd56a91062d404bc0 ......
checking 87883c89b4052b8a289fac271d200d69f8d662a9 ......
	 orig commit -> 9dbc8a0328efa485a6f5b68b867f9f523a3fbeff ......
checking efc67e746b2705a42540510a6434be51b57e8da5 ......
	 orig commit -> 730f23b66095a700e2f0786abda6bca011b31558 ......
checking 1bc36d12a6edbdb42199fc0c4573d2ddd8bb7440 ......
	 orig commit -> 1411b5218adbcf1d45ddb260db5553c52e8d917c ......
checking b9705796e44b4af5b4cbfd299d4c52e4318ff52c ......
	 orig commit -> c782a8c43e94ba6c09e9de2d69b5e3a5840ce61c ......
checking 072e8b1f58d5e4cfdd80dfb36fce06628f9f4068 ......
	 orig commit -> 37ff02acaa3d7be87ecb89f198a549ffd3ae2403 ......
checking 4854c879107cdc38beeb1da7df4279f2c486a985 ......
	 orig commit -> 4bffaab373d9afaf862f3924442c33340bd26736 ......
checking f535e1c3b3949c287432b9c047ec2cf7a05264f6 ......
	 orig commit -> 3a488aaec6f343b5dc6d94529847a840bbeaf009 ......
checking 9ed3135cab14c6ea372cb33b8865acbec0d04d03 ......
	 orig commit -> 115957bb3e59fcb226ce76b97af14533f239e0ac ......
		 115957bb3e59fcb226ce76b97af14533f239e0ac has problem. Fixes commit -> 13cc6f48c7434ce46ba6dbc90003a136a263d75a
commit 1df517a4cafde215d3e7f853eb2b6edb7cd72dab
Author: Horia Geantă <horia.geanta@nxp.com>
Date:   Fri Sep 14 18:34:28 2018 +0300

    crypto: caam/jr - fix ablkcipher_edesc pointer arithmetic
    
    commit 13cc6f48c7434ce46ba6dbc90003a136a263d75a upstream.
    
    In some cases the zero-length hw_desc array at the end of
    ablkcipher_edesc struct requires for 4B of tail padding.
    
    Due to tail padding and the way pointers to S/G table and IV
    are computed:
            edesc->sec4_sg = (void *)edesc + sizeof(struct ablkcipher_edesc) +
                             desc_bytes;
            iv = (u8 *)edesc->hw_desc + desc_bytes + sec4_sg_bytes;
    first 4 bytes of IV are overwritten by S/G table.
    
    Update computation of pointer to S/G table to rely on offset of hw_desc
    member and not on sizeof() operator.
    
    Cc: <stable@vger.kernel.org> # 4.13+
    Fixes: 115957bb3e59 ("crypto: caam - fix IV DMA mapping and updating")
    Signed-off-by: Horia Geantă <horia.geanta@nxp.com>
    Signed-off-by: Herbert Xu <herbert@gondor.apana.org.au>
    Signed-off-by: Greg Kroah-Hartman <gregkh@linuxfoundation.org>
checking 635ac89ea764dcb6a465e706107644f8baa96811 ......
	 orig commit -> a38acd236cac914aafffd80af79b9556fc2c3934 ......
checking ed0a79561189487506ef7fe0a6709b4810378a77 ......
	 orig commit -> 8a2a0dd35f2e54c023d9041a5428b6c5639af86c ......
checking 3c42aa03cd6a9da88414d013589bf2d9d518fe63 ......
	 orig commit -> e6e7e9cd8eed0e18217c899843bffbe8c7dae564 ......
checking c4168f1920570a6a1ba7c6743ff0a29860d304ed ......
	 orig commit -> 5ca4d1ae9bad0f59bd6f851c39b19f5366953666 ......
checking 53e4b19fcd0ce08933e0f7a7fe11654f6eac1f19 ......
	 orig commit -> 3c9fa24ca7c9c47605672916491f79e8ccacb9e6 ......
checking 739ac8f4a516e62c26e1325bd59d3be03fae210e ......
	 orig commit -> 4a7e625ce50412a7711efa0f2ef0b96ce3826759 ......
checking 5ee296fde55e0f357b10d547d593cede0f168642 ......
	 orig commit -> b23220fe054e92f616b82450fae8cd3ab176cc60 ......
		 b23220fe054e92f616b82450fae8cd3ab176cc60 has problem. Fixes commit -> 90d72ce079791399ac255c75728f3c9e747b093d
commit 1e39eb1bb1c07b6c46f8d8b712095b182bdfcc87
Author: Nadav Amit <namit@vmware.com>
Date:   Mon Jul 2 19:27:13 2018 -0700

    vmw_balloon: fix inflation with batching
    
    commit 90d72ce079791399ac255c75728f3c9e747b093d upstream.
    
    Embarrassingly, the recent fix introduced worse problem than it solved,
    causing the balloon not to inflate. The VM informed the hypervisor that
    the pages for lock/unlock are sitting in the wrong address, as it used
    the page that is used the uninitialized page variable.
    
    Fixes: b23220fe054e9 ("vmw_balloon: fixing double free when batching mode is off")
    Cc: stable@vger.kernel.org
    Reviewed-by: Xavier Deguillard <xdeguillard@vmware.com>
    Signed-off-by: Nadav Amit <namit@vmware.com>
    Signed-off-by: Greg Kroah-Hartman <gregkh@linuxfoundation.org>
checking a64ff0bea05115c611d95eec4bc5731381063b4d ......
	 orig commit -> 13dc04d0e5fdc25c8f713ad23fdce51cf2bf96ba ......
checking 804f090110695cd3e8cfa74cfec93ca54191e990 ......
	 orig commit -> aa2f80e752c75e593b3820f42c416ed9458fa73e ......
checking db30b8eb960a09fb8cd10c55e40cc09875d60eb1 ......
	 orig commit -> 9594b5be7ec110ed11acec58fa94f3f293668c85 ......
checking 95b8204b4491ae54c9024e695e6b327013e53fe0 ......
	 orig commit -> d63c16f8e1ab761775275adcf54f4bef7c330295 ......
checking d6a9e699a3c2e07fa58865ab57a005c7afa2dd16 ......
	 orig commit -> bd6bce004d78b867ba0c6d3712f1c5b50398af9a ......
checking 262af4fe6dff8ea742ab521e2d1cc39855b5e6c8 ......
	 orig commit -> 4a014a7339f441b0851ce012f469c0fadac61c81 ......
checking 874cb201d511d867e6a97e43aacb674b46fd74f5 ......
	 orig commit -> 0b4555e776ba0712c6fafb98b226b21fd05d2427 ......
checking cb6b5869658b7e1c3012e57aba17b3a74e5586cd ......
	 orig commit -> c1ba08390a8bb13c927e699330896adc15b78205 ......
		 c1ba08390a8bb13c927e699330896adc15b78205 has problem. Fixes commit -> dd6bee81c942c0ea01030da9356026afb88f9d18
commit 8fa052853d4862988f22f1f9a030d1df44a2e8c1
Author: Enno Boland <gottox@voidlinux.eu>
Date:   Tue Jun 19 11:55:33 2018 -0700

    Input: xpad - fix GPD Win 2 controller name
    
    commit dd6bee81c942c0ea01030da9356026afb88f9d18 upstream.
    
    This fixes using the controller with SDL2.
    
    SDL2 has a naive algorithm to apply the correct settings to a controller.
    For X-Box compatible controllers it expects that the controller name
    contains a variation of a 'XBOX'-string.
    
    This patch changes the identifier to contain "X-Box" as substring.  Tested
    with Steam and C-Dogs-SDL which both detect the controller properly after
    adding this patch.
    
    Fixes: c1ba08390a8b ("Input: xpad - add GPD Win 2 Controller USB IDs")
    Cc: stable@vger.kernel.org
    Signed-off-by: Enno Boland <gottox@voidlinux.eu>
    Signed-off-by: Dmitry Torokhov <dmitry.torokhov@gmail.com>
    Signed-off-by: Greg Kroah-Hartman <gregkh@linuxfoundation.org>
checking 5c2e9e9bf44423ea43214a25e1ae1def34bff4ee ......
	 orig commit -> ca7d9515d0e6825351ce106066cea1f60e40b1c8 ......
checking c839680e8cbfb887ab7588aa1b4481aa1b85415b ......
	 orig commit -> 8c4e97ddfe73a0958bb0abf7e6a3bc4cc3e04936 ......
checking f31eb7298ba4fc6fb39119330367a44905da8c57 ......
	 orig commit -> a0d6ec88090d7b1b008429c44532a388e29bb1bd ......
checking 1caeb5022449ed7ef169b05bc9c5e7d884b72de2 ......
	 orig commit -> dbafc28955fa6779dc23d1607a0fee5e509a278b ......
checking f1769a9ba4bffec62a3025b7afa4c7b94081aa7b ......
	 orig commit -> 45ad559a29629cb1c64ee636563c69b71524f077 ......
checking bd2742e8366057f621b873f14a3abb936d55a640 ......
	 orig commit -> ce14e868a54edeb2e30cb7a7b104a2fc4b9d76ca ......
checking b1bd9caf5e98d8111361f53367fece3444b0a7c2 ......
	 orig commit -> 727ba748e110b4de50d142edca9d6a9b7e6111d8 ......
		 727ba748e110b4de50d142edca9d6a9b7e6111d8 has problem. Fixes commit -> 36090bf43a6b835a42f515cb515ff6fa293a25fe
commit 80f97c79f3e1ce183ed5cc1cf08e01cb85999219
Author: Jim Mattson <jmattson@google.com>
Date:   Fri Jul 27 09:18:50 2018 -0700

    kvm: nVMX: Fix fault vector for VMX operation at CPL > 0
    
    [ Upstream commit 36090bf43a6b835a42f515cb515ff6fa293a25fe ]
    
    The fault that should be raised for a privilege level violation is #GP
    rather than #UD.
    
    Fixes: 727ba748e110b4 ("kvm: nVMX: Enforce cpl=0 for VMX instructions")
    Signed-off-by: Jim Mattson <jmattson@google.com>
    Reviewed-by: David Hildenbrand <david@redhat.com>
    Signed-off-by: Paolo Bonzini <pbonzini@redhat.com>
    Signed-off-by: Sasha Levin <alexander.levin@microsoft.com>
    Signed-off-by: Greg Kroah-Hartman <gregkh@linuxfoundation.org>
checking 3d2f03393267d42bdd8612ac1db265ee6591d14e ......
	 orig commit -> 79367a65743975e5cac8d24d08eccc7fdae832b0 ......
checking 9791d9d7e2acede3d38cce1d64a7caf29e27ace4 ......
	 orig commit -> a780a3ea628268b2ad0ed43d7f28d90db0ff18be ......
checking c7a372ddc3db9ab90a408917c040f6cc223a115f ......
	 orig commit -> 7d18f0a14aa6a0d6bad39111c1fb655f07f71d59 ......
checking 7d970250cb8dfb71768ed58dd80f06cd74a49c28 ......
	 orig commit -> 4b66af2d6356a00e94bcdea3e7fea324e8b5c6f4 ......
checking 1cbd5ece052790680815c05a8e496512ac6ef920 ......
	 orig commit -> 327ea4adcfa37194739f1ec7c70568944d292281 ......
checking d02ae00ab6d0ebede6b2477dfb7b010793ab53c3 ......
	 orig commit -> b71534583f22d08c3e3563bf5100aeb5f5c9fbe5 ......
