Check from v4.14.61 to v4.14.62
Commit count: 22
checking 1aa1166efaceef8972045b4aa25e6e0ab96d8a30 ......
checking 7d29fb53439c8c91874550cc078eda6db8feafe7 ......
	 orig commit -> 92d34134193e5b129dc24f8d79cb9196626e8d7a ......
checking 59f35b983e8aeb98188c6ef93f8eabc594f8f953 ......
	 orig commit -> bb3d48dcf86a97dc25fe9fc2c11938e19cb4399a ......
checking 6f021e4ef39ace7f58c415856aef9308c70e89b9 ......
	 orig commit -> afca6c5b2595fc44383919fba740c194b0b76aff ......
checking 27c41b170183d5d4ebbb6e4fdf41f035ef8617f8 ......
	 orig commit -> ee457001ed6c6f31ddad69c24c1da8f377d8472d ......
checking a34399927da1efcb5e07273a4f0093b12d1dad01 ......
	 orig commit -> a4c447533a18ee86e07232d6344ba12b1f9c5077 ......
checking d626ac9669f29a4cd4d16ccf27349688a6dda2fd ......
	 orig commit -> d082dc1562a2ff0947b214796f12faaa87e816a9 ......
checking 4af9c61ad953ccc7dbd059a45e77e84db563bd41 ......
	 orig commit -> 62314e405fa101dbb82563394f9dfc225e3f1167 ......
checking 12c058df827213dcbbc42645fd5bcafb4057fb27 ......
	 orig commit -> 147b27e4bd08406a6abebedbb478b431ec197be1 ......
		 147b27e4bd08406a6abebedbb478b431ec197be1 has problem. Fixes commit -> 62314e405fa101dbb82563394f9dfc225e3f1167
commit 4af9c61ad953ccc7dbd059a45e77e84db563bd41
Author: Keith Busch <keith.busch@intel.com>
Date:   Tue Jan 23 09:16:19 2018 -0700

    nvme-pci: Fix queue double allocations
    
    commit 62314e405fa101dbb82563394f9dfc225e3f1167 upstream.
    
    The queue count says the highest queue that's been allocated, so don't
    reallocate a queue lower than that.
    
    Fixes: 147b27e4bd0 ("nvme-pci: allocate device queues storage space at probe")
    Signed-off-by: Keith Busch <keith.busch@intel.com>
    Signed-off-by: Christoph Hellwig <hch@lst.de>
    Signed-off-by: Jon Derrick <jonathan.derrick@intel.com>
    Signed-off-by: Greg Kroah-Hartman <gregkh@linuxfoundation.org>
checking 0ea7fcfc7fe63de52eacb482c1ab47906b2d1251 ......
	 orig commit -> bd3599a0e142cd73edd3b6801068ac3f48ac771a ......
checking ea464580fef7a334d19f27538bc690168a821b5d ......
	 orig commit -> 9f9e3e0d4dd3338b3f3dde080789f71901e1e4ff ......
checking 60baabc37bc18323e6346d28fd7b70729e345703 ......
	 orig commit -> 73c8d8945505acdcbae137c2e00a1232e0be709f ......
checking ff28e5cc58c2015ae65ad0070a3c90898f69aa3b ......
	 orig commit -> a0040c0145945d3bd203df8fa97f6dfa819f3f7d ......
checking dd69abaccbf78ba645ba46604a59b944695a2cb8 ......
	 orig commit -> 44de022c4382541cebdd6de4465d1f4f465ff1dd ......
checking 09901e570c9e9d6bf302716edd3a5a14417a0657 ......
	 orig commit -> 91874ecf32e41b5d86a4cb9d60e0bee50d828058 ......
checking 2d898915ccf4838c04531c51a598469e921a5eb5 ......
	 orig commit -> 0a0e0829f990120cef165bbb804237f400953ec2 ......
checking e5bcbedadfd9646c862062071ade0612a78a70e3 ......
	 orig commit -> 80d20d35af1edd632a5e7a3b9c0ab7ceff92769e ......
checking a6d9dacf4e4487192410435cb1e063c3b79b18c7 ......
	 orig commit -> d1f0301b3333eef5efbfa1fe0f0edbea01863d5d ......
checking a96feef5b07141f304a3e933da2abbd8dfdf5bf1 ......
	 orig commit -> b4146c4929ef61d5afca011474d59d0918a0cd82 ......
checking f70766f1338d534638914388529cd6a7263db858 ......
	 orig commit -> b08abbd9f5996309f021684f9ca74da30dcca36a ......
checking 01cda405c88b5ce1ff8c7d4006ec23ade2b0a507 ......
	 orig commit -> efa93f48fa9d423fda166bc3b6c0cbb09682492e ......
checking 43d7c954b22e87f16a8304518d776f454f584578 ......
	 orig commit -> e3dde080ebbdbb4bda8eee35d770714fee8c59ac ......
