Check from v4.14.25 to v4.14.26
Commit count: 10
checking 96427a5164f3eff6ee6eb924dbb53adb6eaa082d ......
checking dc6fb79de47daa1cb38054af318ff6725eb473cc ......
	 orig commit -> fe2a3027e74e40a3ece3a4c1e4e51403090a907a ......
checking a91064ff43a26357c91be2c77f420a78dce6a19a ......
	 orig commit -> d269176e766c71c998cb75b4ea8cbc321cc0019d ......
checking 3e272a8cd57abd9477a82b78220db1cc29d42270 ......
	 orig commit -> ca36960211eb228bcbc7aaebfa0d027368a94c60 ......
checking e1760b3563fb31877a6d625f53ac69f1f3074633 ......
	 orig commit -> 32fff239de37ef226d5b66329dd133f64d63b22d ......
checking 03549a3476e1c9b8b9a62105566f97743ffda0c0 ......
	 orig commit -> 16338a9b3ac30740d49f5dfed81bac0ffa53b9c7 ......
checking 7e657aa3b4f761f66239c73dbf67fae6a6249f12 ......
	 orig commit -> a493a87f38cfa48caaa95c9347be2d914c6fdf29 ......
checking 853223c2caf47a46f2c828ec7f2e1731f01e93b7 ......
	 orig commit -> 6c5f61023c5b0edb0c8a64c902fe97c6453b1852 ......
checking 62a2caa5027fc0fe0d6a203ef8bb20a2033b80cb ......
	 orig commit -> 9a3efb6b661f71d5675369ace9257833f0e78ef3 ......
		 9a3efb6b661f71d5675369ace9257833f0e78ef3 has problem. Fixes commit -> 6c5f61023c5b0edb0c8a64c902fe97c6453b1852
checking d9fd73c60bc90e417274d4900d810479c7632477 ......
	 orig commit -> 9c2d63b843a5c8a8d0559cc067b5398aa5ec3ffc ......
