checking 2a5f80c5bd72487ddf35638c078c6a753894db87 ......
checking d92c66b30f9368e83aa85b30cc921e23ca0b28b4 ......
	 orig commit -> 25896d073d8a0403b07e6dec56f58e6c33678207 ......
checking 228f6f28d478215120a0ae23cdf4cda83eeddba8 ......
	 orig commit -> d57f9da890696af1484f4a47f7f123560197865a ......
checking 7b942bad38183fe7453dc7f04fe1eea0af257fda ......
	 orig commit -> d55d8be0747c96db28a1d08fc24d22ccd9b448ac ......
checking 3ae86cfbbbf64a06ee20bface750eb7e1a23e58e ......
	 orig commit -> 153573d8870e1c173721bdc1ced72b3ad0d85de4 ......
checking 2732df872c635e3803ef7d41aee59fc024599154 ......
	 orig commit -> 2244b5887c6865b9e9cf14ee12a312b776aeeb58 ......
checking 95baf54676a81f01f863fb7694a12bf928f34174 ......
	 orig commit -> 756e16bf79f2815e7c83a04881b5545b55a99fd3 ......
checking d68d2ad5447482a09933e9206ab94c75ee99daf8 ......
	 orig commit -> cf4197ed5796234a53beb71228198c7d1e678947 ......
checking f0e9995f7eed78c699bc7ea87af8bc9ab4da6e6c ......
	 orig commit -> cf66b8a0ba142fbd1bf10ac8f3ae92d1b0cb7b8f ......
checking d6ebe485da3d9ac4cd5456066f23caf004dc2f52 ......
	 orig commit -> a40fa231bb64b33e2cd54cf8ef44a9f89875fa11 ......
checking 683ef526234f0c228530e58dea699758b6346149 ......
	 orig commit -> 63238173b2faf3d6b85a416f1c69af6c7be2413f ......
checking 4d5907f70ec1b3fb7295e4cab930a649854446ba ......
	 orig commit -> 970a5ee41c72df46e3b0f307528c7d8ef7734a2e ......
checking d7fde95b7f3f3d695bca2fea03fea1fd5638d96b ......
	 orig commit -> 24199c5436f267399afed0c4f1f57663c0408f57 ......
checking c97c353e5f298be520c0154fd06fb36c7223dfd1 ......
	 orig commit -> bf3d6afbb234156749b640b6c50f714967a85964 ......
checking 73732de1579f535a7d8a9dd77a0e2b56ca6d11b4 ......
	 orig commit -> 78e7b15e17ac175e7eed9e21c6f92d03d3b0a6fa ......
checking 13e318b8680ea1df97ab121bc9bd29e9bd484e60 ......
	 orig commit -> 04990215dec43c424daff00d1f622167b8aafd1f ......
checking ee310e8ebb9eb53ff3294f36f72554e7c1d7ae54 ......
	 orig commit -> 2840f84f74035e5a535959d5f17269c69fa6edc5 ......
checking 8f01f990b19fdd143f2fe0b6fdc285b148a14f4f ......
	 orig commit -> 3cec638b3d793b7cacdec5b8072364b41caeb0e1 ......
checking 470cc678a12b58b449433d706703e417e8aa4921 ......
	 orig commit -> b61c19209c2c35ea2a2fe502d484703686eba98c ......
checking b543b5c0ac1c78c81f1ab3270d9464f6f45fd09e ......
	 orig commit -> 89f5fa47476eda56402e29fff3c5097f5c2a1e19 ......
checking 09bc666fb4112d0e4482fdf0abcd7352601a159c ......
	 orig commit -> 687cf4412a343a63928a5c9d91bdc0f522939d43 ......
checking 809c692c665d5f4acc20583329b32b8112b30ec9 ......
	 orig commit -> f6c367585d0d851349d3a9e607c43e5bea993fa1 ......
checking bea8a160c621d19f7f78b13e14e03f4b8e44cd4b ......
	 orig commit -> e25b6783c7b1bb79103d4617336879423f86b05e ......
	 orig commit -> b1b8f45b3130 ......
		 b1b8f45b3130 has problem. Fixes commit -> e25b6783c7b1bb79103d4617336879423f86b05e
checking 0017698d34b08d221a02dbb92d57f9d654b929ae ......
	 orig commit -> 76f4e2c3b6a560cdd7a75b87df543e04d05a9e5f ......
checking d9267e136044854e72c3196179cac63ba4fa4254 ......
	 orig commit -> 2e64ff154ce6ce9a8dc0f9556463916efa6ff460 ......
checking 113fe99d6376b123e553ff5135d136d3f728b723 ......
	 orig commit -> b704441e38f645dcfba1348ca3cc1ba43d1a9f31 ......
checking 661feb2fc993e608a57c3502b46720de9efede39 ......
	 orig commit -> db2039fcfd5754d15986340152e4503737f68f8d ......
checking 105819c8a545589849eecf5f2a04caf5045b08e0 ......
	 orig commit -> a44f7cb937321d4961bfc8f28912126b06e701c5 ......
checking e1e99fea907a42c1ad9c988458699b90ed567eb0 ......
	 orig commit -> e8cde625bfe8a714a856e1366bcbb259d7346095 ......
	 orig commit -> 46a6730e3ff9 ......
		 46a6730e3ff9 has problem. Fixes commit -> e8cde625bfe8a714a856e1366bcbb259d7346095
checking 2a335229946ec7e04fdd9477e63a08650a7a9999 ......
	 orig commit -> 91ff20f34e94424e586f57f4f593beae16504f86 ......
checking 3faf68a42f97b5ca3aa78a0e93ec4d3ff9971ce7 ......
	 orig commit -> 155b8a0492a90a4c6e22f046a3568b92a6bc48da ......
checking 7290c71ded83bad817ed7b4827afd725e81f20d0 ......
	 orig commit -> f55adad601c6a97c8c9628195453e0fb23b4a0ae ......
checking beb98fda1853639bb7312da746d49a33a1325ddf ......
	 orig commit -> 3238c359acee4ab57f15abb5a82b8ab38a661ee7 ......
checking d41c49daf25953490fe3a0832fa6bb0a6739ab0c ......
	 orig commit -> 01e881f5a1fca4677e82733061868c6d6ea05ca7 ......
checking 498a6e6be0de3cd8ccccce6628f0ea1dc4d8f159 ......
	 orig commit -> 61c6de667263184125d5ca75e894fcad632b0dd3 ......
	 orig commit -> 82cb14175e7d ......
		 82cb14175e7d has problem. Fixes commit -> 8e47a457321ca1a74ad194ab5dcbca764bc70731
61c6de667263184125d5ca75e894fcad632b0dd3
commit a837eca2412051628c0529768c9bc4f3580b040e
Author: Dave Chinner <dchinner@redhat.com>
Date:   Thu Dec 20 23:23:24 2018 +1100

    iomap: Revert "fs/iomap.c: get/put the page in iomap_page_create/release()"
    
    This reverts commit 61c6de667263184125d5ca75e894fcad632b0dd3.
    
    The reverted commit added page reference counting to iomap page
    structures that are used to track block size < page size state. This
    was supposed to align the code with page migration page accounting
    assumptions, but what it has done instead is break XFS filesystems.
    Every fstests run I've done on sub-page block size XFS filesystems
    has since picking up this commit 2 days ago has failed with bad page
    state errors such as:
    
    # ./run_check.sh "-m rmapbt=1,reflink=1 -i sparse=1 -b size=1k" "generic/038"
    ....
    SECTION       -- xfs
    FSTYP         -- xfs (debug)
    PLATFORM      -- Linux/x86_64 test1 4.20.0-rc6-dgc+
    MKFS_OPTIONS  -- -f -m rmapbt=1,reflink=1 -i sparse=1 -b size=1k /dev/sdc
    MOUNT_OPTIONS -- /dev/sdc /mnt/scratch
    
    generic/038 454s ...
     run fstests generic/038 at 2018-12-20 18:43:05
     XFS (sdc): Unmounting Filesystem
     XFS (sdc): Mounting V5 Filesystem
     XFS (sdc): Ending clean mount
     BUG: Bad page state in process kswapd0  pfn:3a7fa
     page:ffffea0000ccbeb0 count:0 mapcount:0 mapping:ffff88800d9b6360 index:0x1
     flags: 0xfffffc0000000()
     raw: 000fffffc0000000 dead000000000100 dead000000000200 ffff88800d9b6360
     raw: 0000000000000001 0000000000000000 00000000ffffffff
     page dumped because: non-NULL mapping
     CPU: 0 PID: 676 Comm: kswapd0 Not tainted 4.20.0-rc6-dgc+ #915
     Hardware name: QEMU Standard PC (i440FX + PIIX, 1996), BIOS 1.11.1-1 04/01/2014
     Call Trace:
      dump_stack+0x67/0x90
      bad_page.cold.116+0x8a/0xbd
      free_pcppages_bulk+0x4bf/0x6a0
      free_unref_page_list+0x10f/0x1f0
      shrink_page_list+0x49d/0xf50
      shrink_inactive_list+0x19d/0x3b0
      shrink_node_memcg.constprop.77+0x398/0x690
      ? shrink_slab.constprop.81+0x278/0x3f0
      shrink_node+0x7a/0x2f0
      kswapd+0x34b/0x6d0
      ? node_reclaim+0x240/0x240
      kthread+0x11f/0x140
      ? __kthread_bind_mask+0x60/0x60
      ret_from_fork+0x24/0x30
     Disabling lock debugging due to kernel taint
    ....
    
    The failures are from anyway that frees pages and empties the
    per-cpu page magazines, so it's not a predictable failure or an easy
    to debug failure.
    
    generic/038 is a reliable reproducer of this problem - it has a 9 in
    10 failure rate on one of my test machines. Failure on other
    machines have been at random points in fstests runs but every run
    has ended up tripping this problem. Hence generic/038 was used to
    bisect the failure because it was the most reliable failure.
    
    It is too close to the 4.20 release (not to mention holidays) to
    try to diagnose, fix and test the underlying cause of the problem,
    so reverting the commit is the only option we have right now. The
    revert has been tested against a current tot 4.20-rc7+ kernel across
    multiple machines running sub-page block size XFs filesystems and
    none of the bad page state failures have been seen.
    
    Signed-off-by: Dave Chinner <dchinner@redhat.com>
    Cc: Piotr Jaroszynski <pjaroszynski@nvidia.com>
    Cc: Christoph Hellwig <hch@lst.de>
    Cc: William Kucharski <william.kucharski@oracle.com>
    Cc: Darrick J. Wong <darrick.wong@oracle.com>
    Cc: Brian Foster <bfoster@redhat.com>
    Signed-off-by: Linus Torvalds <torvalds@linux-foundation.org>
checking b11d5c025d8e483de0c00e7a99c0cef8608d1f73 ......
	 orig commit -> 3a6ab5c7dc114057fd67750e308e1745dafc0e6a ......
checking a6136922d905d103b4edb88c5f3dd3ccf3ce51fe ......
	 orig commit -> a538e3ff9dabcdf6c3f477a373c629213d1c3066 ......
checking 4c74d5f1836ebcbe78208ed0c295a62254fa419f ......
	 orig commit -> 478b6767ad26ab86d9ecc341027dd09a87b1f997 ......
checking 67e255bf2f349d04b2ccd591655a0d3a7a28edbf ......
	 orig commit -> effec874792f ......
checking 26527312c51953bd4a13aae1a8d4986f2a3d4bee ......
	 orig commit -> 972910948fb6 ......
checking cd50eeeb664692519b896679b2d8c48ced80a372 ......
	 orig commit -> 3e9efc3299dd ......
		 3e9efc3299dd has problem. Fixes commit -> 2be6b47211e17e6c90ead40d24d2a5cc815f2d5c
checking 340a904a19441b6c97919f8dcb18ade57372d2bf ......
checking 14e8b9ec43c9f2339c472ce22c974eab1f1191ba ......
checking cda8e63c89d7eca14910638f945f5469500f1f82 ......
checking dc5350715915eb08f73fa616f948b583a088d27c ......
