checking e3185123541204ca4f715eeaaa1f9929c09ff3b4 ......
checking 6384c67c64b59fb0a3e0b414a9171ec8147eaae1 ......
	 orig commit -> 38355a5f9a22bfa5bd5b1bb79805aca39fa53729 ......
checking 8e3a1c500288d806e80b2de08eb9186653267e6f ......
	 orig commit -> 49f1c44b581b08e3289127ffe58bd208c3166701 ......
checking 5f0ab980de1a444dbd17dfdb02be9fc636f0cc14 ......
	 orig commit -> 4eda776c3cefcb1f01b2d85bd8753f67606282b5 ......
checking 05a0177d84d9d76a246d8ee0fe176262bab9f293 ......
	 orig commit -> 2b02a05bdc3a62d36e0d0b015351897109e25991 ......
checking 85c8c61007dd62aa611522dae361370e114cdb88 ......
	 orig commit -> b89fdf7ae8500feae1100d8b283176a44d31d698 ......
checking 4f44e58a561412c4225544220cdde8cf27defb34 ......
	 orig commit -> 10fdf838e5f540beca466e9d1325999c072e5d3f ......
checking 8dbea64423dca8a357aeea7160713ba9c0e26845 ......
	 orig commit -> 5801169a2ed20003f771acecf3ac00574cf10a38 ......
checking 1cb5a0333a5d2b3e79c318751d71a080a7869a88 ......
	 orig commit -> b8a9ac1a5b99a2fcbed19fd29d2d59270c281a31 ......
checking daa67bd5d1ec3398c0386c222502c26af7788c5d ......
	 orig commit -> ed54ffbe554f0902689fd6d1712bbacbacd11376 ......
checking f65b4d4ff3aa08efed2ad9f7efcde7cc16c5c642 ......
	 orig commit -> ec5b5ad6e272d8d6b92d1007f79574919862a2d2 ......
checking 998c3537af41b7c2738442daea6d9404c0e78ce6 ......
	 orig commit -> fdd669684655c07dacbdb0d753fd13833de69a33 ......
checking 86dcb94392f710eeed3bf824203a058d5b2fe32f ......
	 orig commit -> eb4f5213251833567570df1a09803f895653274d ......
checking c1aa0c845c36a37f4119c42d974f4cfb653da192 ......
	 orig commit -> 2607391882fca37463187e7f2a9c76dec286947e ......
checking 9797226bf661499ddfb7d754d155f594d5742f5e ......
	 orig commit -> 3c1392d4c49962a31874af14ae9ff289cb2b3851 ......
checking dc8408ea0b22ab181ee541f3786b4fd6161e0ce3 ......
	 orig commit -> c40f7d74c741a907cfaeb73a7697081881c497d0 ......
checking 87b868070f41b5664ab8024e16aed574244d9613 ......
	 orig commit -> 3569dd07aaad71920c5ea4da2d5cc9a167c1ffd4 ......
checking f408aac3104c24126ad94b54f0465499678f28ba ......
	 orig commit -> ed041919f0d23c109d52cde8da6ddc211c52d67e ......
checking c03d6b0f9a95ae91f6a83d8133413888f89c7ef3 ......
	 orig commit -> e48d8ed9c6193502d849b35767fd18e20bbd7ba2 ......
checking 6bf97c01b948a2d4110c3ab19940d01f1c34ce54 ......
	 orig commit -> 574d356b7a02c7e1b01a1d9cba8a26b3c2888f45 ......
		 574d356b7a02c7e1b01a1d9cba8a26b3c2888f45 has problem. Fixes commit -> bb06c388fa20ae24cfe80c52488de718a7e3a53f
commit 85bdc9daff4038720aa01de1ce7234659583b027
Author: zhengbin <zhengbin13@huawei.com>
Date:   Wed Mar 13 16:01:37 2019 +0800

    9p/net: fix memory leak in p9_client_create
    
    commit bb06c388fa20ae24cfe80c52488de718a7e3a53f upstream.
    
    If msize is less than 4096, we should close and put trans, destroy
    tagpool, not just free client. This patch fixes that.
    
    Link: http://lkml.kernel.org/m/1552464097-142659-1-git-send-email-zhengbin13@huawei.com
    Cc: stable@vger.kernel.org
    Fixes: 574d356b7a02 ("9p/net: put a lower bound on msize")
    Reported-by: Hulk Robot <hulkci@huawei.com>
    Signed-off-by: zhengbin <zhengbin13@huawei.com>
    Signed-off-by: Dominique Martinet <dominique.martinet@cea.fr>
    Signed-off-by: Greg Kroah-Hartman <gregkh@linuxfoundation.org>
checking af7cc8ebab4aade6b2a1860b31bbdda3c9739ecc ......
	 orig commit -> 0e76df5c978338f3051e5126fc0c4245c57a307a ......
checking a854ab8f6446c551fb0f318931cabc9bb9a81c63 ......
	 orig commit -> e1c3743e1a20647c53b719dbf28b48f45d23f2cd ......
		 e1c3743e1a20647c53b719dbf28b48f45d23f2cd has problem. Fixes commit -> 897bc3df8c5aebb54c32d831f917592e873d0559
commit 902eca1a0ccfd2661106731db3a74b2304f31217
Author: Breno Leitao <leitao@debian.org>
Date:   Mon Apr 8 16:32:38 2019 +1000

    powerpc/tm: Limit TM code inside PPC_TRANSACTIONAL_MEM
    
    commit 897bc3df8c5aebb54c32d831f917592e873d0559 upstream.
    
    Commit e1c3743e1a20 ("powerpc/tm: Set MSR[TS] just prior to recheckpoint")
    moved a code block around and this block uses a 'msr' variable outside of
    the CONFIG_PPC_TRANSACTIONAL_MEM, however the 'msr' variable is declared
    inside a CONFIG_PPC_TRANSACTIONAL_MEM block, causing a possible error when
    CONFIG_PPC_TRANSACTION_MEM is not defined.
    
            error: 'msr' undeclared (first use in this function)
    
    This is not causing a compilation error in the mainline kernel, because
    'msr' is being used as an argument of MSR_TM_ACTIVE(), which is defined as
    the following when CONFIG_PPC_TRANSACTIONAL_MEM is *not* set:
    
            #define MSR_TM_ACTIVE(x) 0
    
    This patch just fixes this issue avoiding the 'msr' variable usage outside
    the CONFIG_PPC_TRANSACTIONAL_MEM block, avoiding trusting in the
    MSR_TM_ACTIVE() definition.
    
    Cc: stable@vger.kernel.org
    Reported-by: Christoph Biedl <linux-kernel.bfrz@manchmal.in-ulm.de>
    Fixes: e1c3743e1a20 ("powerpc/tm: Set MSR[TS] just prior to recheckpoint")
    Signed-off-by: Breno Leitao <leitao@debian.org>
    Signed-off-by: Michael Ellerman <mpe@ellerman.id.au>
    Signed-off-by: Michael Neuling <mikey@neuling.org>
    Signed-off-by: Sasha Levin <sashal@kernel.org>
checking 6d9e96f37d389a0ff5825c7e9e456c81a2fe321b ......
	 orig commit -> a9935a12768851762089fda8e5a9daaf0231808e ......
	 orig commit -> 6f5b9f018f4c7686fd944d920209d1382d320e4e ......
checking eb05c02903a76c3bba0bd4eebe34fa684b0ca759 ......
	 orig commit -> 9aec30371fb095a0c9415f3f0146ae269c3713d8 ......
checking ae5c75e660e2fece83b8e5aca52ffcfd79e752eb ......
	 orig commit -> 3bbd3db86470c701091fb1d67f1fab6621debf50 ......
checking 9873efe708bb3e3bb09ae40ddb18db9ac435ac52 ......
	 orig commit -> dd6846d774693bfa27d7db4dae5ea67dfe373fa1 ......
checking 3f26e68af5c0a3a0704a44dd0286c785b603a5c8 ......
	 orig commit -> fdec6114ee1f0f43b1ad081ad8d46b23ba126d70 ......
checking 0b6001b941af35cde42ac3fdd4079488f2f19a82 ......
	 orig commit -> b8eee0e90f9797b747113638bc75e739b192ad38 ......
checking b541ebbe0cf0ed2cb1e1f1ea39a1195cc11b92a2 ......
	 orig commit -> c5eb1190074cfb14c5d9cac692f1912eecf1a5e4 ......
		 c5eb1190074cfb14c5d9cac692f1912eecf1a5e4 has problem. Fixes commit -> 72bfcee11cf89509795c56b0e40a3785ab00bbdd
checking b37fdd94103684869a295c0d3740ac0043c13a1e ......
	 orig commit -> 5df275cd4cf51c86d49009f1397132f284ba515e ......
checking c6c59adbc19ac19fd70e348cb7da4dd99f894df8 ......
	 orig commit -> 8ea3819c0bbef57a51d8abe579e211033e861677 ......
checking 6ef56c9ad7f151f62992f524acce093f1a15d45b ......
	 orig commit -> 2d29f6b96d8f80322ed2dd895bca590491c38d34 ......
checking 310486107d4105ceb0a1f7884074ff0da32e7d1c ......
	 orig commit -> 6ff9b09e00a441599f3aacdf577254455a048bc9 ......
checking 30d3dfd4c42005311a0a06aa5bb9d3557fdc2e0e ......
	 orig commit -> d47b41aceeadc6b58abc9c7c6485bef7cfb75636 ......
checking c5fa01a0153fc4df23777034bc47eae31ac27731 ......
	 orig commit -> c0174726c3976e67da8649ac62cae43220ae173a ......
checking 294776562f96efbd9b6a64348020b9e96ccf6e9e ......
	 orig commit -> 23851e978f31eda8b2d01bd410d3026659ca06c7 ......
checking 03acbec28a24fd961b0e78904d5644a30bb5cfc5 ......
	 orig commit -> b982896cdb6e6a6b89d86dfb39df489d9df51e14 ......
checking 6353c0a03791c5d076d5edacfabc103cc51d879c ......
	 orig commit -> 7211aef86f79583e59b88a0aba0bc830566f7e8e ......
checking 69e9b2858b2051b57d738e4143d1938e7de24cb5 ......
	 orig commit -> 544fbd16a461a318cd80537d1331c0df5c6cf930 ......
checking a8544919953942e68acb047c550a781ba125dfaa ......
	 orig commit -> 1a80dade010c7a7f4885a4c4c2a7ac22cc7b34df ......
checking 5781b53dd89c1034daa0929fe98f87f87d1af914 ......
	 orig commit -> e121a833745b4708b660e3fe6776129c2956b041 ......
checking b57b3b00828467b922838731827385174ae9a9c9 ......
	 orig commit -> eb4c2382272ae7ae5d81fdfa5b7a6c86146eaaa4 ......
checking 378f9dfa495a548cbc87173477d8c4b8cbea8826 ......
	 orig commit -> 3e96d7280f16e2f787307f695a31296b9e4a1cd7 ......
checking 6c8c16479b2363972d02bc6a4be132a9a9acd17e ......
	 orig commit -> cbb2ebf70daf7f7d97d3811a2ff8e39655b8c184 ......
checking b389f9c4c97ac438174b9409b372208dea62821f ......
	 orig commit -> 0bfe5e434e6665b3590575ec3c5e4f86a1ce51c9 ......
checking 8ee6f180d56fe760b275ab7f060c7b12fc05d7b7 ......
	 orig commit -> f4351a199cc120ff9d59e06d02e8657d08e6cc46 ......
checking 281a9e46a94c18d3c4377aee3221b89aa65d2e00 ......
	 orig commit -> 1524f4e47f90b27a3ac84efbdd94c63172246a6f ......
checking 6584ae39fa6063c322475d6bc6cee9eaa5d5183b ......
	 orig commit -> 4bd46aa0353e022c2401a258e93b107880a66533 ......
checking b6f66e8b227fd0292e3a75c8e7799f4c2f90dbaf ......
	 orig commit -> 0ae976a11b4fb5704b597e103b5189237641c1a1 ......
checking 13e554feddbd4ed8a3c1168036c696fa08fc05f2 ......
	 orig commit -> c92a54cfa0257e8ffd66b2a17d49e9c0bd4b769f ......
checking 439022e0c2ec8fbf39e6b8d443d2b961cdc86c2d ......
	 orig commit -> e213574a449f7a57d4202c1869bbc7680b6b5521 ......
checking 7dfb22b5abaaa5cb542bf661aacbf359371844cf ......
	 orig commit -> 813af51f5d30a2da6a2523c08465f9726e51772e ......
checking f4c27d53b15dbd8bae0b3095cf3cfff20d43ceb2 ......
	 orig commit -> 3bd9805090af843b25f97ffe5049f20ade1d86d6 ......
checking 1637d5d2e299c33ef693bc2c85073bdd4b61adba ......
	 orig commit -> 238bcbc4e07fad2fff99c5b157d0c37ccd4d093c ......
checking dcaab8b5d7459dfb29216d6c4482cad798daf70a ......
	 orig commit -> dbe27a002ef8573168cb64e181458ea23a74e2b6 ......
checking 28e1d143b868f762efdb8d4429a8487c2b0a880a ......
	 orig commit -> aea447141c7e7824b81b49acd1bc785506fba46e ......
checking ba1fe90be68f4b4260a8c76d7941381619ac1cb4 ......
	 orig commit -> 6977f95e63b9b3fb4a5973481a800dd9f48a1338 ......
		 6977f95e63b9b3fb4a5973481a800dd9f48a1338 has problem. Fixes commit -> 1a49b2fd8f58dd397043a17de9b3c421ccf8eda7
checking 24e26062b90efe03e6f1cca51bd880353ae87d99 ......
	 orig commit -> 2a056f58fd33ccc6a0261b552b0f17e7fa4a12f3 ......
checking 5b59eeba6b00ddceae41e06f363d63bb77b53d7e ......
	 orig commit -> f2910f0e6835339e6ce82cef22fa15718b7e3bfa ......
checking 668ecd6b17b98cd0c833087049158be957bd52e2 ......
	 orig commit -> b8be5674fa9a6f3677865ea93f7803c4212f3e10 ......
checking 807957cecdc71cce568a963a104ef6b64898f143 ......
	 orig commit -> 4ecd55ea074217473f94cfee21bb72864d39f8d7 ......
		 4ecd55ea074217473f94cfee21bb72864d39f8d7 has problem. Fixes commit -> d58431eacb226222430940134d97bfd72f292fcd
commit 5e872c3f120a248e39b98cfaf96da5f3b557f096
Author: NeilBrown <neilb@suse.com>
Date:   Fri Apr 5 11:34:40 2019 +1100

    sunrpc: don't mark uninitialised items as VALID.
    
    commit d58431eacb226222430940134d97bfd72f292fcd upstream.
    
    A recent commit added a call to cache_fresh_locked()
    when an expired item was found.
    The call sets the CACHE_VALID flag, so it is important
    that the item actually is valid.
    There are two ways it could be valid:
    1/ If ->update has been called to fill in relevant content
    2/ if CACHE_NEGATIVE is set, to say that content doesn't exist.
    
    An expired item that is waiting for an update will be neither.
    Setting CACHE_VALID will mean that a subsequent call to cache_put()
    will be likely to dereference uninitialised pointers.
    
    So we must make sure the item is valid, and we already have code to do
    that in try_to_negate_entry().  This takes the hash lock and so cannot
    be used directly, so take out the two lines that we need and use them.
    
    Now cache_fresh_locked() is certain to be called only on
    a valid item.
    
    Cc: stable@kernel.org # 2.6.35
    Fixes: 4ecd55ea0742 ("sunrpc: fix cache_head leak due to queued request")
    Signed-off-by: NeilBrown <neilb@suse.com>
    Signed-off-by: J. Bruce Fields <bfields@redhat.com>
    Signed-off-by: Greg Kroah-Hartman <gregkh@linuxfoundation.org>
checking 1c5e0be35de1c8c5be3a11619aac76b8d45e0cfc ......
	 orig commit -> 7056d3a37d2c6aaaab10c13e8e69adc67ec1fc65 ......
checking 8da70752f5faacd5a3071163cebc37901a5ddc0b ......
	 orig commit -> 7af7a8e19f0c5425ff639b0f0d2d244c2a647724 ......
checking 0f1a62e0737a9a1c09d4cc86162724656db9eb70 ......
	 orig commit -> 02917e9f8676207a4c577d4d94eae12bf348e9d7 ......
checking e890a867060ba0d02ee34a83d2999f92195b4826 ......
	 orig commit -> 58ef15b765af0d2cbe6799ec564f1dc485010ab8 ......
checking c215c66ceab5673e7e813986279f18d718f9435d ......
	 orig commit -> 69324b8f48339de2f90fdf2f774687fc6c47629a ......
checking ec5471c92fb29ad848c81875840478be201eeb3f ......
	 orig commit -> a95c90f1e2c253b280385ecf3d4ebfe476926b28 ......
checking 0a38f2e4a4c7686e00a92bddec62f91ad0eb1de1 ......
	 orig commit -> 06489cfbd915ff36c8e36df27f1c2dc60f97ca56 ......
checking b30ea244cf3e1f086da008fe6fa0278154f49244 ......
	 orig commit -> 808153e1187fa77ac7d7dad261ff476888dcf398 ......
checking 2c87072a3bf9bbcd747618bb2ccc3cd0da181db6 ......
	 orig commit -> b15c87263a69272423771118c653e9a1d0672caa ......
checking e3af83bd44ecb99afe17184676f3f55e59b2cc53 ......
	 orig commit -> 5547932dc67a48713eece4fa4703bfdf0cfcb818 ......
checking bc999b5099d70030a9cb1aff2c48b073f65e0f8f ......
	 orig commit -> 7b55851367136b1efd84d98fea81ba57a98304cf ......
checking d257d4299ae7bc4b5ee16f9aea004ada8293164e ......
	 orig commit -> 4e87eb2f46ea547d12a276b2e696ab934d16cfb6 ......
checking 06fd6847c4a15207d266a92914a29a04096961c4 ......
	 orig commit -> 60a161b7e5b2a252ff0d4c622266a7d8da1120ce ......
checking 218c81851f11712653487ee36a7a564ea3b7a254 ......
	 orig commit -> 9bc30ab82108e6a34dc63bf956b49edf71b1681a ......
checking dc68052427be094c97be535710a29764bf633430 ......
	 orig commit -> d430aff8cd0c57502d873909c184e3b5753f8b88 ......
checking 08e7661cdd560ff290350d124d09be204d87acec ......
	 orig commit -> d667044f49513d55fcfefe4fa8f8d96091782901 ......
checking 2fb13e2004e81c7e03700726642c2dbb271c64e8 ......
	 orig commit -> d134e486e831defd26130770181f01dfc6195f7d ......
checking 8bb68ed82f0171b7bafdaf898dddca43850e7190 ......
	 orig commit -> 7a71712293ba303aad928f580b89addb0be2892e ......
checking ae247d60588c1e29f05d8b4861e85e59da7d6ae3 ......
	 orig commit -> c8da642d41a6811c21177c9994aa7dc35be67d46 ......
checking 332fc66790d6b2c4660c17444913dedbc7ba05cd ......
	 orig commit -> e0e587878f538c9e3400219b6c516b8199dc2042 ......
checking e1b3575c474e4aa1c8673b0ad2face6bc12620c4 ......
	 orig commit -> c5c08bed843c2b2c048c16d1296d7631d7c1620e ......
checking e46d5bd8fd899f04b33c9942ffdd7616d907680e ......
	 orig commit -> bed1369f51901b17108a4bb4f7210aab183bea42 ......
checking ae206a1a5e3aad52e8a64a9a104dc2ebd8c1ee3d ......
	 orig commit -> ef7cfd00b2caf6edeb7f169682b64be2d0a798cf ......
checking ff014712e5d3b5de40514118846e8fa260a788a2 ......
	 orig commit -> 34b1e0e9efe101822e83cc62d22443ed3867ae7a ......
checking 366fc5858720b749d52a32ec15c8420939092b2a ......
	 orig commit -> d350a0f431189517b1af0dbbb605c273231a8966 ......
checking 098143bfc29e1709fab54891176325a346d9e100 ......
	 orig commit -> f7db2beb4c2c6cc8111f5ab90fc7363ca91107b6 ......
checking 945b416a973b7cadc8cc2a55c822bdfc8eeef1d3 ......
	 orig commit -> 15515aaaa69659c502003926a2067ee76176148a ......
checking c26419f3574e7944460af45cab9945461e7a5884 ......
	 orig commit -> 0db7d253e9f0ff1a41c602429bea93df221be6ed ......
checking 98876c46efd0cda22eabc15187fca86ca056d4f5 ......
	 orig commit -> 6e0af298066f3b6d99f58989bb0dca6f764b4c6d ......
checking 6e48c0fc14af6ca06a793130c25476aee8a92955 ......
	 orig commit -> 8159ecab0db9095902d4c73605fb8787f5c7d653 ......
checking 873f9a559bcb73690d6f9ee6e5a7d1c360c254e2 ......
	 orig commit -> e100a897bf9b19089e57f236f2398c9e0538900e ......
checking 12024f4fc118cb5b889738c55451b8224282cb15 ......
	 orig commit -> f07d4276892d97671e880190ff195a288b2d8d92 ......
checking 233ba13db681749b9a02e3c6179efea5e364bb04 ......
	 orig commit -> cf76785d30712d90185455e752337acdb53d2a5d ......
checking 4f784484bd96937dd86c41ec06cdac4f86c5300b ......
	 orig commit -> a50e5fb8db83c5b57392204c21ea6c5c4ccefde6 ......
checking 97fd4c7f6ddf1fefcce7e684f1eeb895b9fdf387 ......
	 orig commit -> 6adafc356e20189193b38ee6b9af7743078bf6b4 ......
checking 1f89e4e8b54d5bd85b1f80b8a3180b6206a6df68 ......
	 orig commit -> 726ae5c9e5f0c18eca8ea5296b526242c3e89822 ......
checking b686b8c073c06205774e3d4925638f506a7c398e ......
	 orig commit -> 7e74a19ca522aec7c2be201a7ae1d1d57ded409b ......
checking db2ca348c80c462e0f896287366df8b090b486a6 ......
	 orig commit -> a57275d35576fdd89d8c771eedf1e7cf97e0dfa6 ......
checking c8e78cbcde24a7bab0a5b1a897efa439b025f981 ......
	 orig commit -> c82bd077e1ba3dd586569c733dc6d3dd4b0e43cd ......
checking ac9ae1930a1b7136d9167373fb19c4c7d05c6c85 ......
	 orig commit -> 31f6b61d810654fb3ef43f4d8afda0f44b142fad ......
checking 1b2f8d7cc1b2a9a6de1ba349a70da0a2496966fa ......
	 orig commit -> 5778b13b64eca5549d242686f2f91a2c80c8fa40 ......
checking 17eeca6e3d9b78142c4fb0420ea63aa28c93c7f9 ......
	 orig commit -> 4ad26f117b6ea0f5d5f1592127bafb5ec65904d3 ......
checking 341b8840435a56d6363fa701b9d461ab1e7c8a20 ......
	 orig commit -> 308c6cafde0147616da45e3a928adae55c428deb ......
		 308c6cafde0147616da45e3a928adae55c428deb has problem. Fixes commit -> c77804be53369dd4c15bfc376cf9b45948194cab
checking 41d54657e34bb94ce443964c9f332f6448b3699d ......
	 orig commit -> 4e1d4be681b2c26fd874adbf584bf034573ac45d ......
checking 2cd0c6f8d050ea68ed482f16a574c864fcb95b23 ......
	 orig commit -> 51367e423c6501a26e67d91a655d2bc892303462 ......
checking 997cb5039dba909f06d70797981e67c7c197d5b9 ......
	 orig commit -> 6c0563e442528733219afe15c749eb2cc365da3f ......
checking 7a2b5258682f316c9979ade832acdf20645e505f ......
	 orig commit -> 2ab4c3426c0cf711d7147e3f559638e4ab88960e ......
checking 37fc22c6cf2202e5255d25156b31124060f2be96 ......
	 orig commit -> c629421a990033ba539eb8585e73a2e6fa9ea631 ......
checking 2e212750829792dcf723861d919ae622d78ea27e ......
	 orig commit -> 7c250f4612ae97aa04500c0d0cff69bb87046e3a ......
checking 131366ebda88bc119c19746dcf35c8280bb982c7 ......
	 orig commit -> 9e6371d3c6913ff1707fb2c0274c9925f7aaef80 ......
checking c9cef2c71a89a2c926dae8151f9497e72f889315 ......
	 orig commit -> 801df68d617e3cb831f531c99fa6003620e6b343 ......
checking a01345407c43b4c743db2bfc1956ee282205f252 ......
	 orig commit -> 9061193c4ee065d3240fde06767c2e06ec61decc ......
checking 53471f0d893dd2c52f21872a59b5a3e9da8e2d81 ......
	 orig commit -> 04f05230c5c13b1384f66f5186a68d7499e34622 ......
		 04f05230c5c13b1384f66f5186a68d7499e34622 has problem. Fixes commit -> 38355a5f9a22bfa5bd5b1bb79805aca39fa53729
commit 6384c67c64b59fb0a3e0b414a9171ec8147eaae1
Author: Ivan Mironov <mironov.ivan@gmail.com>
Date:   Mon Dec 24 20:13:05 2018 +0500

    bnx2x: Fix NULL pointer dereference in bnx2x_del_all_vlans() on some hw
    
    commit 38355a5f9a22bfa5bd5b1bb79805aca39fa53729 upstream.
    
    This happened when I tried to boot normal Fedora 29 system with latest
    available kernel (from fedora rawhide, plus some unrelated custom
    patches):
    
            BUG: unable to handle kernel NULL pointer dereference at 0000000000000000
            PGD 0 P4D 0
            Oops: 0010 [#1] SMP PTI
            CPU: 6 PID: 1422 Comm: libvirtd Tainted: G          I       4.20.0-0.rc7.git3.hpsa2.1.fc29.x86_64 #1
            Hardware name: HP ProLiant BL460c G6, BIOS I24 05/21/2018
            RIP: 0010:          (null)
            Code: Bad RIP value.
            RSP: 0018:ffffa47ccdc9fbe0 EFLAGS: 00010246
            RAX: 0000000000000000 RBX: 00000000000003e8 RCX: ffffa47ccdc9fbf8
            RDX: ffffa47ccdc9fc00 RSI: ffff97d9ee7b01f8 RDI: ffff97d9f0150b80
            RBP: ffff97d9f0150b80 R08: 0000000000000000 R09: 0000000000000000
            R10: 0000000000000000 R11: 0000000000000000 R12: 0000000000000003
            R13: ffff97d9ef1e53e8 R14: 0000000000000009 R15: ffff97d9f0ac6730
            FS:  00007f4d224ef700(0000) GS:ffff97d9fa200000(0000) knlGS:0000000000000000
            CS:  0010 DS: 0000 ES: 0000 CR0: 0000000080050033
            CR2: ffffffffffffffd6 CR3: 00000011ece52006 CR4: 00000000000206e0
            Call Trace:
             ? bnx2x_chip_cleanup+0x195/0x610 [bnx2x]
             ? bnx2x_nic_unload+0x1e2/0x8f0 [bnx2x]
             ? bnx2x_reload_if_running+0x24/0x40 [bnx2x]
             ? bnx2x_set_features+0x79/0xa0 [bnx2x]
             ? __netdev_update_features+0x244/0x9e0
             ? netlink_broadcast_filtered+0x136/0x4b0
             ? netdev_update_features+0x22/0x60
             ? dev_disable_lro+0x1c/0xe0
             ? devinet_sysctl_forward+0x1c6/0x211
             ? proc_sys_call_handler+0xab/0x100
             ? __vfs_write+0x36/0x1a0
             ? rcu_read_lock_sched_held+0x79/0x80
             ? rcu_sync_lockdep_assert+0x2e/0x60
             ? __sb_start_write+0x14c/0x1b0
             ? vfs_write+0x159/0x1c0
             ? vfs_write+0xba/0x1c0
             ? ksys_write+0x52/0xc0
             ? do_syscall_64+0x60/0x1f0
             ? entry_SYSCALL_64_after_hwframe+0x49/0xbe
    
    After some investigation I figured out that recently added cleanup code
    tries to call VLAN filtering de-initialization function which exist only
    for newer hardware. Corresponding function pointer is not
    set (== 0) for older hardware, namely these chips:
    
            #define CHIP_NUM_57710                  0x164e
            #define CHIP_NUM_57711                  0x164f
            #define CHIP_NUM_57711E                 0x1650
    
    And I have one of those in my test system:
    
            Broadcom Inc. and subsidiaries NetXtreme II BCM57711E 10-Gigabit PCIe [14e4:1650]
    
    Function bnx2x_init_vlan_mac_fp_objs() from
    drivers/net/ethernet/broadcom/bnx2x/bnx2x_cmn.h decides whether to
    initialize relevant pointers in bnx2x_sp_objs.vlan_obj or not.
    
    This regression was introduced after v4.20-rc7, and still exists in v4.20
    release.
    
    Fixes: 04f05230c5c13 ("bnx2x: Remove configured vlans as part of unload sequence.")
    Signed-off-by: Ivan Mironov <mironov.ivan@gmail.com>
    Signed-off-by: Ivan Mironov <mironov.ivan@gmail.com>
    Acked-by: Sudarsana Kalluru <Sudarsana.Kalluru@cavium.com>
    Signed-off-by: David S. Miller <davem@davemloft.net>
    Cc: Sudip Mukherjee <sudipm.mukherjee@gmail.com>
    Signed-off-by: Greg Kroah-Hartman <gregkh@linuxfoundation.org>
checking 096795d4ccc7aa571488b890df7a4318c3a7c855 ......
	 orig commit -> bbf666c1af916ed74795493c564df6fad462cc80 ......
checking 7fd995d3b4446649fd29909072fa78bc076346cd ......
	 orig commit -> d4e7df16567b80836a78d31b42f1a9355a636d67 ......
checking ba364929ff0c02d8a2362fe049dc076b393814b2 ......
	 orig commit -> 542fbda0f08f1cbbc250f9e59f7537649651d0c8 ......
checking 9e404101601531ff9416d79eee37101ef694f0da ......
	 orig commit -> 708abf74dd87f8640871b814faa195fb5970b0e3 ......
checking 27f59f342f7c04a1f96f4b586d67e73b620f4f71 ......
	 orig commit -> 96d1a731611f711f0cb82cea93363ae2ea8cb028 ......
checking 3bfed541c3ee07d8acaad08f6f23fd3ce69dd705 ......
	 orig commit -> 158daed16efb1170694e420ae06ba8ba954d82e5 ......
checking 56769ef90b83a803ece304d57c397eb74c9bf50a ......
	 orig commit -> 254eb5505ca0ca749d3a491fc6668b6c16647a99 ......
checking 62075c982bf702949af59bd902bc0faaf20f38b0 ......
	 orig commit -> 16877a5570e0c5f4270d5b17f9bab427bcae9514 ......
checking af03a980e86fc4c90bccad23dd8edc20efc589a2 ......
	 orig commit -> 8e41cae64b08fe2e86a9ffb88b295c6b4b3a3322 ......
checking e4bcb09d3b487b25002ec3e0a4ec9e88a594c465 ......
	 orig commit -> 1d1bbc37f89b0559c9e913682f2489d89cfde6b8 ......
checking 733f5216eb54c11690f78761391d1e43af68e097 ......
	 orig commit -> 6c5c7489089608d89b7ce310bca44812e2b0a4a5 ......
checking b7e2af3fdf8aab01f38550b19c35e9236a036aab ......
	 orig commit -> ca5047286c9c93a01e1f471d00a6019536992954 ......
checking c5dabddc2ccc51ed9c35d47fedca9ab084b95164 ......
	 orig commit -> e2ca26ec4f01486661b55b03597c13e2b9c18b73 ......
checking c0c14b758c0c249e601f0fd84cf4878626a31c8f ......
	 orig commit -> 9ae4f8420ed7be4b13c96600e3568c144d101a23 ......
checking 98ce676bea964cc045babb1878a0267ae47ab323 ......
	 orig commit -> c64a87f9518409d0a439895f09f6149ffdd427b8 ......
checking 6bcf9ef86c865129da9ee1de52ca32de6f859ae7 ......
	 orig commit -> 530aad77010b81526586dfc09130ec875cd084e4 ......
checking cee05c0371a6d5b65c96613b65227ccc2895cfad ......
	 orig commit -> 4c05ec47384ab3627b62814e8f886e90cc38ce15 ......
checking 537e9a8c301d601da81b3966352dd42dce14a08c ......
	 orig commit -> a73d4e1490913b76b292f91553b7ba08a65caa3f ......
checking 083d552a890cb7998395ad92f6aacccd082d8f37 ......
	 orig commit -> 0152eee6fc3b84298bb6a79961961734e8afa5b8 ......
checking 00eff089dfb7a3d542715d6cddd42d47828ed625 ......
	 orig commit -> ca92e173ab34a4f7fc4128bd372bd96f1af6f507 ......
checking 34a2f36c0115b52c316a10c53472fe6dfc2d17ea ......
	 orig commit -> 533555e5cbb6aa2d77598917871ae5b579fe724b ......
checking 7519ffa9118c2fac3ce30fc517abbef731ccda13 ......
	 orig commit -> f1733a1d3cd32a9492f4cf866be37bb46e10163d ......
checking 8c9c3747750a5d8fe217a51d026f3d2c0a4771ae ......
	 orig commit -> 37fbd834b4e492dc41743830cbe435f35120abd8 ......
checking a8d16017db2ecb376103fda6bbc8cdcf10cd3283 ......
	 orig commit -> c554206077428af56cc2e0314b86b41cd030458c ......
checking 54568ab2e11f2744674ced22763939245a16ace2 ......
	 orig commit -> 9ef34630a4614ee1cd478f9859ebea55d55f10ec ......
checking 52e1f29e8bcf655dd170bac485a1deda76fa5f1f ......
	 orig commit -> c201e3808e0e4be9b98d192802085a9f491bd80c ......
checking b4592b838322d621ff74e803d9b01e77b6957af6 ......
	 orig commit -> 47f07f03b5ee436fe074c4fb1fb28d013c36a0d8 ......
checking aad142a61ebb35cd53111b600cc7459e88c1813d ......
	 orig commit -> f15096f12a4e9340168df5fdd9201aa8ed60d59e ......
checking eab3109e154766740e617195a7d321b8c6a52c35 ......
	 orig commit -> 1e434b703248580b7aaaf8a115d93e682f57d29f ......
checking 94541b595ad431702567e536eba9a6cc422b50c5 ......
	 orig commit -> c3b9ab5db11d8098ca7674175f12ab21cdce1bbb ......
checking 270a08ffa1b96f366cf5c9dc42c56d42d2e4d9f1 ......
	 orig commit -> 4050207485e47e00353e87f2fe2166083e282688 ......
checking d4fdc5e82357d883a6d1183fa7d89b108d23722b ......
	 orig commit -> 462951cd32e1496dc64b00051dfb777efc8ae5d8 ......
checking 4642a5c582997afefaf87d23a37f55440ee85199 ......
	 orig commit -> 5564597d51c8ff5b88d95c76255e18b13b760879 ......
checking a294de739535135a614a40172fb236c77e52555b ......
	 orig commit -> 6c05946e349d92f527d98644fbc9c41f06312c00 ......
checking cd9ff62bad88456448016ad5d542457147f75798 ......
	 orig commit -> 614b1868a125a0ba24be08f3a7fa832ddcde6bca ......
checking 0dc2ffac869ca57047ffa21bec679b5e0403d383 ......
	 orig commit -> 5f8208f557065163f9a8089ea2ea7888f9d96922 ......
