checking 73aa1c86c6ec67931abf0c6b96b6853578b07db5 ......
checking 8ef305fbc50d93cc7e2f594abcf9546f3afbd435 ......
	 orig commit -> 22083c028d0b3ee419232d25ce90367e5b25df8f ......
	 orig commit -> 4abb951b73ff0a8a979113ef185651aa3c8da19b ......
		 4abb951b73ff0a8a979113ef185651aa3c8da19b has problem. Fixes commit -> c5781ffbbd4f742a58263458145fe7f0ac01d9e0
checking 491636a88c1182000cf710e01cbee88d5d658b46 ......
	 orig commit -> f9005571701920551bcf54a500973fb61f2e1eda ......
checking 32bd1336061df0b420d295fe2d0b6b4e9f19a307 ......
	 orig commit -> 44a7276b30c3c15f2b7790a5729640597fb6a1df ......
checking 67d55fb274e523a3fafdc465480a0d6e9e21f82a ......
	 orig commit -> 541ff7e96c13cd5d67f6021d233f8e1c3df49278 ......
checking 72cb9a9da589a5ea8e74c7d54b388dea06247fd7 ......
	 orig commit -> 7c4512300cfa5a4dcc8c1c52ae61e3fa4bd11a39 ......
checking 7a268b8f1bacb320d8b0717d352b3abb3cc14216 ......
	 orig commit -> 0a823e8fd4fd67726697854578f3584ee3a49b1d ......
checking 828271c43b7850748b3cd18e769367a244875acf ......
	 orig commit -> fb5bbae9b1333d44023713946fdd28db0cd85751 ......
checking 8ce52581567c6284e7b57f601ad88ed0508deb02 ......
	 orig commit -> 0014868b9c3c1dda1de6711cf58c3486fb422d07 ......
checking a95174d79b001684a312235892834931243dbd86 ......
	 orig commit -> 6a8915d0f8cf323e1beb792a33095cf652db4056 ......
checking b4aa9db0b24f8504ee8e4de36bc84eae4f9fad63 ......
	 orig commit -> 085603287452fc96376ed4888bf29f8c095d2b40 ......
checking a46a7350b1e85fe78580f6a4c809a876867a9df8 ......
	 orig commit -> df5e31c204b34e8d9e5ec33f5b28e960c4f25e14 ......
	 orig commit -> b6b178a77210 ......
		 b6b178a77210 has problem. Fixes commit -> df5e31c204b34e8d9e5ec33f5b28e960c4f25e14
a748faea3bfd7fd1d1485bc1c426c7d460cc6503
556fe36d09da5f82879e92bafa0371b4b79f7d6f
commit df5e31c204b34e8d9e5ec33f5b28e960c4f25e14
Author: Ville Syrjälä <ville.syrjala@linux.intel.com>
Date:   Thu Oct 25 16:05:36 2018 +0300

    drm/i915: Fix ilk+ watermarks when disabling pipes
    
    We're no longer programming any watermarks when we're disabling
    a pipe. That means ilk_wm_merge() & co. will keep considering
    the any pipe that is getting disabled as still enabled. Thus we
    either get no LP1+ watermakrs (ilk-ivb), or we get suboptimal
    ones (hsw-bdw).
    
    This seems to have been broken by commit b6b178a77210 ("drm/i915:
    Calculate ironlake intermediate watermarks correctly, v2."). Before
    that we apparently had some difference between the intermediate
    and optimal watermarks and so we would program the optiomal ones.
    Now intermediate and optimal are identical for disabled pipes
    and so we don't program either.
    
    Fix this by programming the intermediate watermarks even for
    disabled pipes. We were already doing that for skl+. We'll
    leave out gmch platforms for now since those do the merging
    in a different manner and should work as is. We'll want to
    unify this eventually, but play it safe for now and just put
    in a FIXME.
    
    Cc: stable@vger.kernel.org
    Cc: Matt Roper <matthew.d.roper@intel.com>
    Cc: Maarten Lankhorst <maarten.lankhorst@linux.intel.com>
    Fixes: b6b178a77210 ("drm/i915: Calculate ironlake intermediate watermarks correctly, v2.")
    Signed-off-by: Ville Syrjälä <ville.syrjala@linux.intel.com>
    Link: https://patchwork.freedesktop.org/patch/msgid/20181025130536.29024-1-ville.syrjala@linux.intel.com
    Reviewed-by: Maarten Lankhorst <maarten.lankhorst@linux.intel.com> #irc
    (cherry picked from commit a748faea3bfd7fd1d1485bc1c426c7d460cc6503)
    Signed-off-by: Joonas Lahtinen <joonas.lahtinen@linux.intel.com>
commit df5e31c204b34e8d9e5ec33f5b28e960c4f25e14
Author: Ville Syrjälä <ville.syrjala@linux.intel.com>
Date:   Thu Oct 25 16:05:36 2018 +0300

    drm/i915: Fix ilk+ watermarks when disabling pipes
    
    We're no longer programming any watermarks when we're disabling
    a pipe. That means ilk_wm_merge() & co. will keep considering
    the any pipe that is getting disabled as still enabled. Thus we
    either get no LP1+ watermakrs (ilk-ivb), or we get suboptimal
    ones (hsw-bdw).
    
    This seems to have been broken by commit b6b178a77210 ("drm/i915:
    Calculate ironlake intermediate watermarks correctly, v2."). Before
    that we apparently had some difference between the intermediate
    and optimal watermarks and so we would program the optiomal ones.
    Now intermediate and optimal are identical for disabled pipes
    and so we don't program either.
    
    Fix this by programming the intermediate watermarks even for
    disabled pipes. We were already doing that for skl+. We'll
    leave out gmch platforms for now since those do the merging
    in a different manner and should work as is. We'll want to
    unify this eventually, but play it safe for now and just put
    in a FIXME.
    
    Cc: stable@vger.kernel.org
    Cc: Matt Roper <matthew.d.roper@intel.com>
    Cc: Maarten Lankhorst <maarten.lankhorst@linux.intel.com>
    Fixes: b6b178a77210 ("drm/i915: Calculate ironlake intermediate watermarks correctly, v2.")
    Signed-off-by: Ville Syrjälä <ville.syrjala@linux.intel.com>
    Link: https://patchwork.freedesktop.org/patch/msgid/20181025130536.29024-1-ville.syrjala@linux.intel.com
    Reviewed-by: Maarten Lankhorst <maarten.lankhorst@linux.intel.com> #irc
    (cherry picked from commit a748faea3bfd7fd1d1485bc1c426c7d460cc6503)
    Signed-off-by: Joonas Lahtinen <joonas.lahtinen@linux.intel.com>
checking 6d6e718e454b65448bbb50c876e5040f5d05db6d ......
	 orig commit -> f42f343887016330b321dd40eebc68c7292e4f1b ......
checking 1a25e1a1be71a49ee7f34fb14b5a26191e6cf501 ......
	 orig commit -> c58281056a8b26d5d9dc15c19859a7880835ef44 ......
checking 80b8d405c6402983fa34395c1a654ea9d5ff34f2 ......
	 orig commit -> 6503493145cba4413ecd3d4d153faeef4a1e9b85 ......
checking 51ad687461b4f31a89e048e1e850b07318cdf9d5 ......
	 orig commit -> e528c2affcf216b3d02b22004895cb678769629b ......
checking c4b7c61cdcdcadd5b60c78b646ef62a0bf1b5713 ......
	 orig commit -> f9776280c29e77a18cbc7ebb6d48f7885e494990 ......
checking bf30d9c95f57c29ca9e071d57276afeef6683479 ......
	 orig commit -> 49af5d95b9b3c21a84ad115a9db9acbc036d849a ......
checking 528e652dbc8c488539f0bc6cb6332d9507b282f0 ......
	 orig commit -> ab0d6a141843e0b4b2709dfd37b53468b5452c3a ......
checking 811342d7616039bcc06df00da353dead137f454f ......
	 orig commit -> c02ba4ef16eefe663fdefcccaa57fad32d5481bf ......
checking bc72d290f56d331effac0a45d3fb0804fc6af4c6 ......
	 orig commit -> 80c188695a77eddaa6e8885510ff4ef59fd478c3 ......
checking 3715b63f66e092eed5637883d908bdc17d275889 ......
	 orig commit -> 7cada4d0b7a0fb813dbc9777fec092e9ed0546e9 ......
checking a1e34bfc066be0738284975d13691dd36c786b4e ......
	 orig commit -> 9b27390139dbe0dc10d1899545248862fe826b61 ......
checking 49218c83e25b6f0708f246b07d570b2c43a98223 ......
	 orig commit -> 041444458835d7fb2c9f042598bfe16bf375b15d ......
checking c98bfa671c17c69bb1bb82441d6da3ad45ab96a4 ......
	 orig commit -> 0e8afefd5da4875ddea9aa4ad17a2540a2bf9736 ......
checking 07c393db262972f02d3804e1c6556e770b051393 ......
	 orig commit -> 23d8003907d094f77cf959228e2248d6db819fa7 ......
checking 3ff21b59ffd294c04fd83994e71417247f0d2ee7 ......
	 orig commit -> 6fce3a406108ee6c8a61e2a33e52e9198a626ea0 ......
checking 506acd7ee64ce1c94d60c38c7721e1c0133fdae2 ......
	 orig commit -> 51ef434a15b450bfbef1e06cc87ee4e98a224486 ......
checking f551c11d7f5d2df61cc10d8f916f92b8811d8f63 ......
	 orig commit -> 7b0f61e91b6056c71649efa3204112a4b6cf5fc8 ......
checking 83f04a7f9e452f7b815238da068d44c2f47e912a ......
	 orig commit -> dc854914999d5d52ac1b31740cb0ea8d89d0372e ......
checking c0845493a2b802b83babe4beadf256b6491b7414 ......
	 orig commit -> 582f58de36834096a91cc1de2540c2f7269f850d ......
checking 3f43692a69867463b9ed5315321fd4af561c15e9 ......
	 orig commit -> d9997b64c52b70bd98c48f443f068253621d1ffc ......
checking 633322afae62694598610be604bbea5199b257f6 ......
	 orig commit -> 3df27645395e8f79c0dc20a15cf1da61f376000d ......
checking d56cc4f14bf2d253cb0749e983de899601922504 ......
	 orig commit -> 7f3ef5dedb146e3d5063b6845781ad1bb59b92b5 ......
		 7f3ef5dedb146e3d5063b6845781ad1bb59b92b5 has problem. Fixes commit -> 63238173b2faf3d6b85a416f1c69af6c7be2413f
checking ccbc11b384e37426e80c85789a285558d36613be ......
	 orig commit -> 6f4d29df66acd49303a99025046b85cabe7aa17a ......
		 6f4d29df66acd49303a99025046b85cabe7aa17a has problem. Fixes commit -> 3a6ab5c7dc114057fd67750e308e1745dafc0e6a
checking 5ebac3b957a91c921d2f1a7953caafca18aa6260 ......
	 orig commit -> a76cf1a474d7dbcd9336b5f5afb0162baa142cf0 ......
		 a76cf1a474d7dbcd9336b5f5afb0162baa142cf0 has problem. Fixes commit -> 69056ee6a8a3d576ed31e38b3b14c70d6c74edcc
	 orig commit -> 172b06c32b94 ......
		 172b06c32b94 has problem. Fixes commit -> a9a238e83fbb0df31c3b9b67003f8f9d1d1b6c96
checking d1cbbc39d6f38f91e404b529d721ffd0d8e5fa8e ......
	 orig commit -> 72a58a63a164b4e9d2d914e65caeb551846883f1 ......
checking 113737cc318036e99ce33d7a26ac0e3d76b829ee ......
	 orig commit -> 873d7bcfd066663e3e50113dc4a0de19289b6354 ......
checking 7b46e532dec0a7753e59d00b3329d89b7ce3104d ......
	 orig commit -> 5e41540c8a0f0e98c337dda8b391e5dda0cde7cf ......
checking b8703946d7413734d6440291f6e8d2c9346da68b ......
	 orig commit -> 1c23b4108d716cc848b38532063a8aca4f86add8 ......
checking a0f044f025e9a023e1e2b33c0731291059e2748d ......
	 orig commit -> f43f39958beb206b53292801e216d9b8a660f087 ......
checking 8ef7a9a5d27d33c728756ee0024084bd17664f15 ......
	 orig commit -> 410b5c7b48368317af95f0113692561d01d8144e ......
checking 55795dac8ea70b18d11d6359c99809c612a9a6b2 ......
	 orig commit -> e7445ceddfc220c1aede6d42758a5acb8844e9c3 ......
checking 8793f67af1c0e61293b1d70dcdbc5f8d24df50a8 ......
	 orig commit -> 10283ea525d30f2e99828978fd04d8427876a7ad ......
checking c75e3cbfd91b421747d1ff74f706315855706297 ......
	 orig commit -> c138325fb8713472d5a0c3c7258b9131bab40725 ......
checking 18cd6106cf9b427ae072964c7c36b05df5704cd3 ......
	 orig commit -> 2d84a2d19b6150c6dbac1e6ebad9c82e4c123772 ......
checking 280da476036d8bbbd4fb7f8c2b94c75316cd43d4 ......
	 orig commit -> 7fabaf303458fcabb694999d6fa772cc13d4e217 ......
checking c0f5298635bb1b4a5f7e0c440dd66395193209ca ......
	 orig commit -> ebacb81273599555a7a19f7754a1451206a5fc4f ......
checking 3363e7110a236b09ed07b032e66a33b79dc470a1 ......
	 orig commit -> 7ce9a992ffde8ce93d5ae5767362a5c7389ae895 ......
checking 20965de7f47207394ffe03d70a4806f5e1cfcd7f ......
	 orig commit -> 01310bb7c9c98752cc763b36532fab028e0f8f81 ......
checking c355fb8d33e6f9223b158a3bb4b7c883bedc5531 ......
	 orig commit -> 21a446cf186570168b7281b154b1993968598aca ......
checking 03c91663c0935fd1c7df5539ff6df65db8f57278 ......
	 orig commit -> 5d7a5bcb67c70cbc904057ef52d3fcfeb24420bb ......
checking 401182ae096bfb16693bcfb8fcab1bc128a5c6bc ......
	 orig commit -> 568fb6f42ac6851320adaea25f8f1b94de14e40a ......
	 orig commit -> ad67b74d2469 ......
		 ad67b74d2469 has problem. Fixes commit -> b929a500d68479163c48739d809cbf4c1335db6f
9bf3d3c4e4fd82c7174f4856df372ab2a71005b9
568fb6f42ac6851320adaea25f8f1b94de14e40a
dded2e159208a9edc21dd5c5f583afa28d378d39
431bca24308c5a82575571023a7128a881f716b2
ec12bc2909f9759747ab5ad3709472353c43a750
ce041c43f22298485122bab15c14d062383fbc67
85f4f12d51397f1648e1f4350f77e24039b82d61
bcbd385b61bbdef3491d662203ac2e8186e5be59
0862ca422b79cb5aa70823ee0f07f6b468f86070
0e4d819d0893dc043ea7b7cb6baf4be1e310bd96
4f5e838605c264fcf16c3ff9495bd83da99acc6a
28df2f83c39554d9e64cd9d2a93b8e28e24df5b7
04903c06b4854d2e85f6e3c368d5d48c4ce55f09
63b2c373137b16d948b08cffacc6abfcf4cffea6
0ae60d0c4f191c4241377cc3fc5931dc90ca3bbd
10a7e9d849150a2879efc0b04d8a51068c9dd0c5
85c3e4a5a185f22649c6bf33bdce7bb1ac890921
checking 47052af2372038e6d05672c37d2831318c96c4be ......
	 orig commit -> dded2e159208a9edc21dd5c5f583afa28d378d39 ......
checking 110e9082dc64e152b845d910276a60be617bf9ca ......
	 orig commit -> 763f191af51f127cf8e69cd361f50bf6180768a5 ......
checking 0d406e7972dd47c54959281782e05f52c8a10c95 ......
	 orig commit -> aba118389a6fb2ad7958de0f37b5869852bd38cf ......
checking 83eec9ad8130b78fddd76a2b280e4d1a18a79923 ......
	 orig commit -> 1e9c75fb9c47a75a9aec0cd17db5f6dc36b58e00 ......
	 orig commit -> ff17fa561a04 ......
		 ff17fa561a04 has problem. Fixes commit -> 1e9c75fb9c47a75a9aec0cd17db5f6dc36b58e00
checking a7861ef8995702dbeec86938232b95b367cfed41 ......
	 orig commit -> 9c8e0a1b683525464a2abe9fb4b54404a50ed2b4 ......
checking 14e4bec183e5e522817165b9b21c97f54ba5b7b5 ......
	 orig commit -> df7342b240185d58d3d9665c0bbf0a0f5570ec29 ......
checking 32224b874cd879f4385a5f39cf760b8f09db09c8 ......
	 orig commit -> 25d202ed820ee347edec0bf3bf553544556bf64b ......
checking 4d01f0310cd0b9fae6b9b6ede317d33beb96be4f ......
	 orig commit -> de59fae0043f07de5d25e02ca360f7d57bfa5866 ......
checking b0f2b1fea812073888005c489f99766ab350c09b ......
	 orig commit -> 53692ec074d00589c2cf1d6d17ca76ad0adce6ec ......
checking 29ee4d62f6dbd906f032b6ca8743a5b8ff2c1e76 ......
	 orig commit -> 6bdc9977fcdedf47118d2caf7270a19f4b6d8a8f ......
checking 4648dcb21c94f1427cabbb48c1772dc57c5c4649 ......
	 orig commit -> 45ae932d246f721e6584430017176cbcadfde610 ......
checking 0f0d1c16ae0f60cb5d8de43a12d5b15238ca8563 ......
	 orig commit -> ecaaf408478b6fb4d9986f9b6652f3824e374f4c ......
checking 0a992da563c39c3d367c5ab99ae9b8b69ada3549 ......
	 orig commit -> af18e35bfd01e6d65a5e3ef84ffe8b252d1628c5 ......
checking 0d339ced07928837cc177c15a45b9789bde30e03 ......
	 orig commit -> 9e463084cdb22e0b56b2dfbc50461020409a5fd3 ......
checking 64a3d5374bb1614e654bc11436425a7c45fcdd3b ......
	 orig commit -> 4f32c38b4662312dd3c5f113d8bdd459887fb773 ......
checking 110a1994e1cf6663176b5018919ae9bd982f6915 ......
	 orig commit -> f348e2241fb73515d65b5d77dd9c174128a7fbf2 ......
checking 656b121b39dca14f63e823715ffed24a06ad8bc1 ......
	 orig commit -> feaf264ce7f8d54582e2f66eb82dd9dd124c94f3 ......
checking d65b7d334f77650eadc566db920301e18e1fbe02 ......
	 orig commit -> a6758309a005060b8297a538a457c88699cb2520 ......
checking 36b1ba6a5ef563ad3ed1cc7c0e37168985a47f1a ......
	 orig commit -> db6aee62406d9fbb53315fcddd81f1dc271d49fa ......
checking 4903c091ce4807d7f40fd6ab8ae7f7d85469ac28 ......
	 orig commit -> eb6984fa4ce2837dcb1f66720a600f31b0bb3739 ......
checking 20dd2c4e7ffb1928c0d783673c678c1fadea107c ......
	 orig commit -> 9e4028935cca3f9ef9b6a90df9da6f1f94853536 ......
checking 2aa79d317c21e86ec8e312963ccb74bfed28438a ......
	 orig commit -> 61a9c11e5e7a0dab5381afa5d9d4dd5ebf18f7a0 ......
		 61a9c11e5e7a0dab5381afa5d9d4dd5ebf18f7a0 has problem. Fixes commit -> d64264d6218e6892edd832dc3a5a5857c2856c53
checking cd18d6e0c11dd36ce1b1d27582ae8314f016e4b0 ......
	 orig commit -> cea5794122125bf67559906a0762186cf417099c ......
checking f7b6459e5144a789ab6365a63da2fca6dfd38c12 ......
	 orig commit -> ea0abbb648452cdb6e1734b702b6330a7448fcf8 ......
checking ebbc6fce6d2cb84e43245ba77b385323ace747b2 ......
	 orig commit -> 35b69a420bfb56b7b74cb635ea903db05e357bec ......
checking f2589f9a3e53e203fdb5c393d3892d8b358e376c ......
	 orig commit -> 761333f2f50ccc887aa9957ae829300262c0d15b ......
checking ec6d90a4b7f3453ea8be6195fe17963fef6ddf36 ......
	 orig commit -> ac765f83f1397646c11092a032d4f62c3d478b81 ......
	 orig commit -> de02b9f6bb65 ......
		 de02b9f6bb65 has problem. Fixes commit -> 11023d3f5fdf89bba5e1142127701ca6e6014587
	 orig commit -> 07d19dc9fbe9 ......
checking bafd5b78011131cf4047f7724117efa70c5d5b0a ......
	 orig commit -> 11023d3f5fdf89bba5e1142127701ca6e6014587 ......
	 orig commit -> de02b9f6bb65 ......
		 de02b9f6bb65 has problem. Fixes commit -> 11023d3f5fdf89bba5e1142127701ca6e6014587
	 orig commit -> ccccf3d67294 ......
checking db39065cb24064838622076fbc239214c148e4f3 ......
	 orig commit -> 506481b20e818db40b6198815904ecd2d6daee64 ......
checking fa625a480cefe265e16dbcf35f389f4e1f5862f8 ......
	 orig commit -> 008c6753f7e070c77c70d708a6bf0255b4381763 ......
checking ec26ad250a5f4fbaba2711927ab01ba909bca497 ......
	 orig commit -> fcd5e74288f7d36991b1f0fb96b8c57079645e38 ......
checking cb7c993f487c812542c2436046f605c8f8898c99 ......
	 orig commit -> 81bd415c91eb966118d773dddf254aebf3022411 ......
checking 139ca3da7f4d2d4cae3f7429d841808f19a37df7 ......
	 orig commit -> d0ffb805b729322626639336986bc83fc2e60871 ......
checking 8851e11fc8237b3e47b2984674ebf61413655593 ......
	 orig commit -> 991a25194097006ec1e0d2e0814ff920e59e3465 ......
checking 2deb55aa0291a23575f67eb1e3b3065b66a7e56e ......
	 orig commit -> 1de72c706488b7be664a601cf3843bd01e327e58 ......
checking e73cb6a6da2d35d8b37f9ab38a15f520398a330d ......
	 orig commit -> 15035388439f892017d38b05214d3cda6578af64 ......
checking 3cbdaf131c90279e5960e77e7bb8a5ea095b102e ......
	 orig commit -> 89c38422e072bb453e3045b8f1b962a344c3edea ......
checking 73c660f3e13c028c2321f55b11671e3b36b78834 ......
	 orig commit -> 242483068b4b9ad02f1653819b6e683577681e0e ......
checking f3de8640d63e116680f68a749637ab2bc106f520 ......
	 orig commit -> 5d4f0edaa3ac4f1844ed7c64cd2bae6f1912bac5 ......
checking 1b91345326b8863c98d3b14e7cfbf6f7b330b313 ......
	 orig commit -> e9024d519d892b38176cafd46f68a7cdddd77412 ......
checking 7b0131a022e22fa11eecda9e481e397ffd4fa171 ......
	 orig commit -> ea1fa48c055f833eb25f0c33188feecb7002ada5 ......
		 ea1fa48c055f833eb25f0c33188feecb7002ada5 has problem. Fixes commit -> e94d6b7f615e6dfbaf9fba7db6011db561461d0c
checking 29414ff37072d5f3005b63726ce9a921b25a6e84 ......
	 orig commit -> d6c9c05fe1eb4b213b183d8a1e79416256dc833a ......
	 orig commit -> edeb0c90df35 ......
	 orig commit -> edeb0c90df35 ......
checking a63fffbd90f64d2e4981a440963a2c5aa0d77d83 ......
	 orig commit -> 74e3512731bd5c9673176425a76a7cc5efa8ddb6 ......
checking 14e58f9d1a5a13ca21022fe0ebe10311bfb8b60e ......
	 orig commit -> be2e1c9dcf76886a83fb1c433a316e26d4ca2550 ......
checking 9bec0c3da4802291661124656fbd7d458e81c198 ......
	 orig commit -> d098093ba06eb032057d1aca1c2e45889e099d00 ......
checking 9e9dd0f1c345ba9b4d3d409345aa362815785bf5 ......
	 orig commit -> 91d7b67000c6e9bd605624079fee5a084238ad92 ......
checking 218b6e82d07f8802a887fd074510c65df8c25101 ......
	 orig commit -> ea53abfab960909d622ca37bcfb8e1c5378d21cc ......
checking 9333523bf98f939fa685cee9ca1e60a6c569f7e8 ......
	 orig commit -> 6282e916f774e37845c65d1eae9f8c649004f033 ......
checking 1be1576a1354770451a9dc80358c4fd96c2c0dea ......
	 orig commit -> f393808dc64149ccd0e5a8427505ba2974a59854 ......
checking ccd35ba5ebeb4ccc6f696983697d610d99747149 ......
	 orig commit -> dd33ad7b251f900481701b2a82d25de583867708 ......
checking 67a19f87a02beec6a676ed427fbe3c1f5f00d9f4 ......
	 orig commit -> ac5b2c18911ffe95c08d69273917f90212cf5659 ......
		 ac5b2c18911ffe95c08d69273917f90212cf5659 has problem. Fixes commit -> 2f0799a0ffc033bf3cc82d5032acc3ec633464c2
checking 6bb462a42e8bdb55a805eab043dcf7501f70f9b5 ......
	 orig commit -> 5040f8df56fb90c7919f1c9b0b6e54c843437456 ......
checking 148dc9315b5ef7bc9f64882ab5de3ec991a55031 ......
	 orig commit -> 29aa30167a0a2e6045a0d6d2e89d8168132333d5 ......
checking 176e8d6df91238c80e9ff71da92368fc3b7612a6 ......
	 orig commit -> 832ad0e3da4510fd17f98804abe512ea9a747035 ......
checking ce65f0f625baa6f6370035ab7bf66f600a6f00bf ......
	 orig commit -> cc4ebf5c0a3440ed0a32d25c55ebdb6ce5f3c0bc ......
checking 410306a0f2baa5d68970cdcf6763d79c16df5f23 ......
	 orig commit -> 8dc765d438f1e42b3e8227b3b09fad7d73f4ec9a ......
checking dd2fb8c67d81af9e27210e3196e8f24b3e016637 ......
	 orig commit -> f635e48e866ee1a47d2d42ce012fdcc07bf55853 ......
checking b1e99af92fdf214ec1a83ac5257544df737ad2fe ......
	 orig commit -> 4542d623c7134bc1738f8a68ccb6dd546f1c264f ......
checking 12555475a0618771ae03159cd290c9a6085294df ......
	 orig commit -> 0b0cf6af3f3151c26c27e8e51def5527091c3e69 ......
checking 093d6ab590bd6b2f2f3528b530e0eeedb8da55bd ......
	 orig commit -> 68a031d22c57b94870ba13513c9d93b8a8119ab2 ......
checking 459cfe0a6ee8c349a1c0f5c937fa9d33362461e8 ......
	 orig commit -> e9a2310fb689151166df7fd9971093362d34bd79 ......
checking b0a737bf93f241b61ff33def72bd887787758a5a ......
	 orig commit -> 3fa58dcab50a0aa16817f16a8d38aee869eb3fb9 ......
checking 8c54762464516cb7e6b0adee0ae192a508554b5f ......
	 orig commit -> e8a308e5f47e545e0d41d0686c00f5f5217c5f61 ......
checking 9013ac4d54d776d5afd62dc13ae830f605095dfd ......
	 orig commit -> 5d96c9342c23ee1d084802dcf064caa67ecaa45b ......
checking 3690f530e172966ade2681f20aa1b32bfa6209bb ......
	 orig commit -> c09bcc91bb94ed91f1391bffcbe294963d605732 ......
checking 215c55984c76a65db293470be39dcfb30e9fda00 ......
	 orig commit -> 3c6c6a7878d00a3ac997a779c5b9861ff25dfcc8 ......
checking 2561c45b52d7367025500854c08cde4d8abe3fbe ......
	 orig commit -> 3c587768271e9c20276522025729e4ebca51583b ......
checking e2496105bca6a05fe357d5c5d7fa6dce25db301d ......
	 orig commit -> efe328230dc01aa0b1269aad0b5fae73eea4677a ......
checking 542705afd8abefe743f15941b706a0a89ad66493 ......
	 orig commit -> 94e6992bb560be8bffb47f287194adf070b57695 ......
checking 72872e36003779ffd584138f56bc4fa91513e27a ......
	 orig commit -> 665636b2940d0897c4130253467f5e8c42eea392 ......
checking a3eeeed10702c11d4332c5c3366770b5566ff02b ......
	 orig commit -> 82f4b67f018c88a7cc9337f0067ed3d6ec352648 ......
checking 1a2502d376ac047bd4f70a51658993b22513ddfc ......
	 orig commit -> 2852bfbf4f168fec27049ad9ed20941fc9e84b95 ......
checking 11ace0214bb0be5a307d9791d3029668b4c16e7b ......
	 orig commit -> 0f5cb0e6225cae2f029944cb8c74617aab6ddd49 ......
checking 3d8c2945fcbfc27b689f0d0a748738f8516232e2 ......
	 orig commit -> 8985167ecf57f97061599a155bb9652c84ea4913 ......
		 8985167ecf57f97061599a155bb9652c84ea4913 has problem. Fixes commit -> 9c940bbe2bb47e03ca5e937d30b6a50bf9c0e671
checking 4a0344c5f4c815d42856f0322cf7362b862d2302 ......
	 orig commit -> 0676b957c24bfb6e495449ba7b7e72c5b5d79233 ......
checking 3ad5f23377b0c85f1db11f9436c6eabb08e02251 ......
	 orig commit -> 40dc948f234b73497c3278875eb08a01d5854d3f ......
checking 591dd5df1758e19f19fc58d5600f8a02013051a5 ......
	 orig commit -> 0773495b1f5f1c5e23551843f87b5ff37e7af8f7 ......
checking 47af963b58e5efc9330c426924f55a1475c4e366 ......
	 orig commit -> 4119ba211bc4f1bf638f41e50b7a0f329f58aa16 ......
checking 5d55ba0ffec1272940a616a562af9e37fcc05281 ......
	 orig commit -> 360fe725f8849aaddc53475fef5d4a0c439b05ae ......
checking 0a825f0b441a08dd2d303dccb79b3f7544f18128 ......
	 orig commit -> d06f8a2f1befb5a3d0aa660ab1c05e9b744456ea ......
checking 9e07f4e243791e00a4086ad86e573705cf7b2c65 ......
	 orig commit -> fef912bf860e ......
	 orig commit -> 98af4d4df889 ......
checking 52cad794b4ea2fdea94a6551ad4690dbad2a92e2 ......
	 orig commit -> d6ee1e7e9004d3d246cdfa14196989e0a9466c16 ......
checking a98af72325dcec4d1756cf3c2556db4933e3fafc ......
	 orig commit -> e2576c8bdfd462c34b8a46c0084e7c30b0851bf4 ......
	 orig commit -> 05f814402d6174369b3b29832cbb5eb5ed287059 ......
		 05f814402d6174369b3b29832cbb5eb5ed287059 has problem. Fixes commit -> d6ee1e7e9004d3d246cdfa14196989e0a9466c16
e2576c8bdfd462c34b8a46c0084e7c30b0851bf4
c987ac6f1f088663b6dad39281071aeb31d450a8
72e1f2302040398dafb64bbb93abdde78c1f2267
b251e4c88fb443b3a44c3d04268f70e2260f1f8a
commit e2576c8bdfd462c34b8a46c0084e7c30b0851bf4
Author: Christian Hewitt <christianshewitt@gmail.com>
Date:   Tue Nov 6 00:08:20 2018 +0100

    clk: meson-gxbb: set fclk_div3 as CLK_IS_CRITICAL
    
    On the Khadas VIM2 (GXM) and LePotato (GXL) board there are problems
    with reboot; e.g. a ~60 second delay between issuing reboot and the
    board power cycling (and in some OS configurations reboot will fail
    and require manual power cycling).
    
    Similar to 'commit c987ac6f1f088663b6dad39281071aeb31d450a8 ("clk:
    meson-gxbb: set fclk_div2 as CLK_IS_CRITICAL")' the SCPI Cortex-M4
    Co-Processor seems to depend on FCLK_DIV3 being operational.
    
    Until commit 05f814402d6174369b3b29832cbb5eb5ed287059 ("clk:
    meson: add fdiv clock gates"), this clock was modeled and left on by
    the bootloader.
    
    We don't have precise documentation about the SCPI Co-Processor and
    its clock requirement so we are learning things the hard way.
    
    Marking this clock as critical solves the problem but it should not
    be viewed as final solution. Ideally, the SCPI driver should claim
    these clocks. We also depends on some clock hand-off mechanism
    making its way to CCF, to make sure the clock stays on between its
    registration and the SCPI driver probe.
    
    Fixes: 05f814402d61 ("clk: meson: add fdiv clock gates")
    Signed-off-by: Christian Hewitt <christianshewitt@gmail.com>
    Signed-off-by: Jerome Brunet <jbrunet@baylibre.com>
    Signed-off-by: Stephen Boyd <sboyd@kernel.org>
commit e2576c8bdfd462c34b8a46c0084e7c30b0851bf4
Author: Christian Hewitt <christianshewitt@gmail.com>
Date:   Tue Nov 6 00:08:20 2018 +0100

    clk: meson-gxbb: set fclk_div3 as CLK_IS_CRITICAL
    
    On the Khadas VIM2 (GXM) and LePotato (GXL) board there are problems
    with reboot; e.g. a ~60 second delay between issuing reboot and the
    board power cycling (and in some OS configurations reboot will fail
    and require manual power cycling).
    
    Similar to 'commit c987ac6f1f088663b6dad39281071aeb31d450a8 ("clk:
    meson-gxbb: set fclk_div2 as CLK_IS_CRITICAL")' the SCPI Cortex-M4
    Co-Processor seems to depend on FCLK_DIV3 being operational.
    
    Until commit 05f814402d6174369b3b29832cbb5eb5ed287059 ("clk:
    meson: add fdiv clock gates"), this clock was modeled and left on by
    the bootloader.
    
    We don't have precise documentation about the SCPI Co-Processor and
    its clock requirement so we are learning things the hard way.
    
    Marking this clock as critical solves the problem but it should not
    be viewed as final solution. Ideally, the SCPI driver should claim
    these clocks. We also depends on some clock hand-off mechanism
    making its way to CCF, to make sure the clock stays on between its
    registration and the SCPI driver probe.
    
    Fixes: 05f814402d61 ("clk: meson: add fdiv clock gates")
    Signed-off-by: Christian Hewitt <christianshewitt@gmail.com>
    Signed-off-by: Jerome Brunet <jbrunet@baylibre.com>
    Signed-off-by: Stephen Boyd <sboyd@kernel.org>
checking 347d88036255b0afd3e616cfad674637e9e1c510 ......
	 orig commit -> fd5ba6ee3187617287fb9cb187e3d6b3631210a3 ......
checking 8f49fe42dd74bbabf89617b8b204c6e6abdb4723 ......
	 orig commit -> a27460c9768ee19949c5b91f3d959ccd88c2a64a ......
checking 08261cada1d5d348f99fa062479f252628a96e7d ......
	 orig commit -> f9a7082327e26f54067a49cac2316d31e0cc8ba7 ......
checking c1ef6c983a0026e670700c1c192c6b6edebfcba9 ......
	 orig commit -> 4c316f2f3ff315cb48efb7435621e5bfb81df96d ......
checking 1ed087a7d75f5cc96edafebb0eeb5a3dce515374 ......
	 orig commit -> 908a572b80f6e9577b45e81b3dfe2e22111286b8 ......
checking 569fda5c0183f36ea86185ca505fdf91dfcf4def ......
	 orig commit -> d2d2d4fb1f54eff0f3faa9762d84f6446a4bc5d0 ......
checking e8e17b1be3e804ae552677c8159825718d29f68a ......
	 orig commit -> bc78abbd55dd28e2287ec6d6502b842321a17c87 ......
checking cbd6cfd2ee3621fd607169a130933820548851a0 ......
	 orig commit -> 8f97d1e99149a7f1aa19e47a51b09764382a482e ......
checking d49d9460b0e671b8eafb7294fba5637490ed479c ......
	 orig commit -> 39553065f77c297239308470ee313841f4e07db4 ......
checking 33bf45f344f86b4ecaadcf4f17920dae62d14f70 ......
	 orig commit -> 732ee9a912cf2d9a50c5f9c4213cdc2f885d6aa6 ......
checking f00c0acfcd8d161471a3e0ab6b1c5faed2134956 ......
	 orig commit -> db186382af21e926e90df19499475f2552192b77 ......
checking 7b0474865dcfc6ffda04ddb7a15480268b6059f7 ......
	 orig commit -> f7d61c995df74d6bb57bbff6a2b7b1874c4a2baa ......
checking 0858d74e88451080adf5f4f81c57b99274805dda ......
	 orig commit -> bcc71cc3cde1468958a3ea859276d8d1a1a68265 ......
		 bcc71cc3cde1468958a3ea859276d8d1a1a68265 has problem. Fixes commit -> ef801f07e7b3cc1786d8ab1b4fdf069cc2a136d2
checking 966faef442d61c995a4571205b1a091b6ea7dedb ......
	 orig commit -> 5c6400536481d9ef44ef94e7bf2c7b8e81534db7 ......
checking 5630d7c76dd3c61d41f110b5789df7aaeffce341 ......
	 orig commit -> 56d942de59ebfa2e970a6cd33299d1984710b6c0 ......
checking 68ae7d06bf1188be7a5ec272e136f2168b767a29 ......
	 orig commit -> 1e4ac5d6fe0a4af17e4b6251b884485832bf75a3 ......
checking c97c9cfb4d80f8cea22feab370d80d7b403e878b ......
	 orig commit -> 8235f4b5aeba868739f6e12a51ad92689e3f78ef ......
checking 731fe8aaa87cb4977e9a4c34a6015961b17a18d3 ......
	 orig commit -> 7c388f91ec1a59b0ed815b07b90536e2d57e1e1f ......
checking 6c60951c9854e24d7b44c38912a29438fefe9f3b ......
	 orig commit -> b86ac8fd4b2f6ec2f9ca9194c56eac12d620096f ......
checking 8f8f199b5ee728b4be7f1bd2787bbd952d6777c9 ......
	 orig commit -> 4c1458df9635c7e3ced155f594d2e7dfd7254e21 ......
checking d168af20257be486ae20fd1d4d5facb7da49e559 ......
	 orig commit -> 641a41dbba217ee5bd26abe6be77f8cead9cd00e ......
checking be67725944deb50e20959fe00908334515162480 ......
	 orig commit -> d47748e5ae5af6572e520cc9767bbe70c22ea498 ......
checking dee4ce11c576cc3b72b42581b231190639e9765c ......
	 orig commit -> 5e1275808630ea3b2c97c776f40e475017535f72 ......
checking 72f6852d9baaffdb315e8389e2c2b184c214e495 ......
	 orig commit -> 6cd078702f2f33cb6b19a682de3e9184112f1a46 ......
checking 37403ba3c4135da033714bfba42fdc0c23ecbdeb ......
	 orig commit -> babf4770be0adc69e6d2de150f4040f175e24beb ......
checking c8099dbf492b565a4f75ae7b8c08b76ca18c4c3f ......
	 orig commit -> e4f3aa2e1e67bb48dfbaaf1cad59013d5a5bc276 ......
checking f9de7e61354fff630c9eb5ea87ed727f50dad63a ......
	 orig commit -> 985cdcb08a0488558d1005139596b64d73bee267 ......
checking 6fc72c1b886525ee5b6cb244fd2ee5d86fee070b ......
	 orig commit -> ff30e9e8509cb877dc7cbc776b36c70f5bdd290f ......
checking 36c99a16366115cb339148ff8f6d45383d85e080 ......
	 orig commit -> 62e3941776fea8678bb8120607039410b1b61a65 ......
checking 7e0a5da540fbc4cbcc3edef4b5c99387bb513092 ......
	 orig commit -> fb98e29ff1ea5a8118265d11f0e03bc8608a49cb ......
checking 2db3680153c3b2e03322571f38f44c996da60d5d ......
	 orig commit -> 31edaa6e7fd8143085a6a60c564447c07e76ed9f ......
checking 8035d1a13d50a144cb26ee39ca6e225514beb197 ......
	 orig commit -> a9ad01bc759df79b0012f43ee52164391e31cd96 ......
checking 949fd0eaf955a3319080d3bfd699044bacef0abb ......
	 orig commit -> b4dc44b3cac9e8327e0655f530ed0c46f2e6214c ......
checking e55677b9efb85513e5ffbb2adc1ad9cb314099a9 ......
	 orig commit -> 1f447e51c0b9e8beeec0917ea5f51930f55e17c9 ......
checking 3b6ff8ebd35d57aece2151307b2000d3558939fb ......
	 orig commit -> d8de8260a45aae8f74af77eae9a162bdc0ed48d2 ......
checking d6a4baf458abc82e72c5bc480e476aa347fb1ecd ......
	 orig commit -> 2a3181d9cfd6d5aa48f8527708d0c32072072cef ......
checking 73ad8868960a3bd4271268589cedacc4f178b0e3 ......
	 orig commit -> 4ee033301c898dd0835d035d0e0eb768a3d35da1 ......
	 orig commit -> 17be2a2905a6ec9aa27cd59521495e2f490d2af0 ......
checking 38672b57416d25d3d0ee8574691f1b61adeec078 ......
	 orig commit -> 693b31b2fc1636f0aa7af53136d3b49f6ad9ff39 ......
checking 733b1b42230424680fab9d6d73ee6ef782d8e8bd ......
	 orig commit -> bd24db04101f45a9c1d874fe21b0c7eab7bcadec ......
checking c50363ded3c10b5b319016def6dcecd0032bfd25 ......
	 orig commit -> 8344498721059754e09d30fe255a12dab8fb03ef ......
checking ff8bf85228082c3e8d2dbb0f2f302a75c9a3f3b2 ......
	 orig commit -> a27d938251ef40c43db81af16fc26b2cec181d4d ......
	 orig commit -> c58caaab3bf8 ......
		 c58caaab3bf8 has problem. Fixes commit -> a27d938251ef40c43db81af16fc26b2cec181d4d
checking 19527c628c90386371a9b72417fa4de6c6f62f43 ......
	 orig commit -> 37ec35a6cc2b99eb7fd6b85b7d7b75dff46bc353 ......
checking 92db94fa518f8892cc967f13a41715c96e4fa9e5 ......
	 orig commit -> 2794f688b2c336e0da85e9f91fed33febbd9f54a ......
checking 75837895b38bb4407fa5e901f0af4ed1a2b08d10 ......
	 orig commit -> 3f7daf3d7582dc6628ac40a9045dd1bbd80c5f35 ......
checking ce62cb996071e48e6b0d91add3401569e7470b6b ......
	 orig commit -> ee9d21b3b3583712029a0db65a4b7c081d08d3b3 ......
checking 754b404db8c8f529f015cddeb398c85ef2a238b7 ......
	 orig commit -> dc57aaf95a516f70e2d527d8287a0332c481a226 ......
checking e066306bacafc91b7cb68bc19cd38aab4df59cf6 ......
	 orig commit -> 1f32061e843205f6fe8404d5100d5adcec334e75 ......
checking b3ad2c5249a5907a6eb6157aef422ebf0307b37e ......
	 orig commit -> c5d59528e24ad22500347b199d52b9368e686a42 ......
checking 85c2f31ac392bc55f0701c591c02180726acf1a8 ......
	 orig commit -> 331d880b35a76b5de0eec8cbcecbf615d758a5f9 ......
checking a1d0566c93f9f07a5c93fdb80510876735aab5c3 ......
	 orig commit -> 30049754ab7c4b6148dd3cd64af7d54850604582 ......
checking ce46da15e8c7812b15bc8f037ca2b43f6e97854f ......
	 orig commit -> 481f576c6c21bf0446eaa23623ef0262e9a5387c ......
checking 7423c2883cf64840d9e276f99be5ecfe458b4cf6 ......
	 orig commit -> 538f66ba204944470a653a4cccc5f8befdf97c22 ......
checking 5b248698c58ba4521152eafc393068d379e43823 ......
	 orig commit -> 803d690e68f0c5230183f1a42c7d50a41d16e380 ......
checking fb4dd7a9eb62b494cd9d5196b307bac74ce30296 ......
	 orig commit -> 96fc56a775c1e44c0e3c0119f2cd3d77431c4569 ......
checking 721b54a6d6a66deedde122648f090d9a06d13c74 ......
	 orig commit -> 2c043eeffea4813b8f569e84b46035a08de5eb47 ......
checking 9565e7c02b8b0e3b3b5fae13a89ad1438cf57161 ......
	 orig commit -> 6969019f65b43afb6da6a26f1d9e55bbdfeebcd5 ......
checking b0f8599196383306d693b60f85ceaa80cfafd318 ......
	 orig commit -> f5e284803a7206d43e26f9ffcae5de9626d95e37 ......
checking 270cbdee88789a093ed8cb3a49d70b5e4a7b7dec ......
	 orig commit -> 35d3cbe84544da74e39e1cec01374092467e3119 ......
checking 17a5d018f68bca43d28b44eb0fffcb4816a7ce36 ......
	 orig commit -> 14b284832e7dea6f54f0adfd7bed105548b94e57 ......
checking 05dff1e2018b109df5d02a1f9574547a5b5c898b ......
	 orig commit -> 74a07c0a59fa372b069d879971ba4d9e341979cf ......
checking 784c2eb37ba60217fdd2230c8fdf50b9494dcd0f ......
	 orig commit -> 59158ec4aef7d44be51a6f3e7e17fc64c32604eb ......
checking 7ecd146b9189f75df523897b78efb39b024e2490 ......
	 orig commit -> 33a1a7be198657c8ca26ad406c4d2a89b7162bcc ......
checking 234bee8bb3a44fa1088543f42cb5e6be5614d8ec ......
	 orig commit -> f9bc28aedfb5bbd572d2d365f3095c1becd7209b ......
checking 32f2674c7c06e3772959847745264cbc037f6951 ......
	 orig commit -> 960e30029863db95ec79a71009272d4661db5991 ......
	 orig commit -> 15a3204d24a3 ......
		 15a3204d24a3 has problem. Fixes commit -> b6f534d1a642a9b6263fd52df30806171fbc331e
checking d7dba42c381039013d0308ebedf11c3e6bdc278c ......
	 orig commit -> a3f7c3fcf60868c1e90671df5d0cf9be5900a09b ......
checking 139dde1e967d3aa64d4fc4d10fced9ba5d95431a ......
	 orig commit -> 43c3ff27a47d83d153c4adc088243ba594582bf5 ......
checking 56e4367f7c43dc63f875a4bcd2057b5fbb88f5fd ......
	 orig commit -> 37e9c674e7e6f445e12cb1151017bd4bacdd1e2d ......
checking 287deb228d32bf1d361a60420dabb7f0742f807c ......
	 orig commit -> 0d923962ab69c27cca664a2d535e90ef655110ca ......
checking 63880b2f99747c04e12fba6588d0222dd90323f9 ......
	 orig commit -> b851ba02a6f3075f0f99c60c4bc30a4af80cf428 ......
checking 54de3d7d55dc70fe7ce8ccd1b7e09831881a730a ......
	 orig commit -> daf00ae71dad8aa05965713c62558aeebf2df48e ......
		 daf00ae71dad8aa05965713c62558aeebf2df48e has problem. Fixes commit -> 0bbea75c476b77fa7d7811d6be911cc7583e640f
	 orig commit -> b96672dd840f ......
		 b96672dd840f has problem. Fixes commit -> 0bbea75c476b77fa7d7811d6be911cc7583e640f
daf00ae71dad8aa05965713c62558aeebf2df48e
94675cceacaec27a30eefb142c4c59a9d3131742
