checking eb1e5b1a64ee6526a7cdb22357dcafc6ba643fbe ......
checking eed11c69d275790ac83b8adaf54b7cbef5d316a5 ......
	 orig commit -> 63530aba7826a0f8e129874df9c4d264f9db3f9e ......
checking 0137890a4a8fdbaad50b95004b230f5a05edab4e ......
	 orig commit -> bdcc5bc25548ef6b08e2e43937148f907c212292 ......
checking 74e1493e00f229a012fc87b536fa0ea9ce9b426a ......
	 orig commit -> cf657d22ee1f0e887326a92169f2e28dc932fd10 ......
checking 6a3f7237871c4d5c090ab9a6fce3ba6a1baf1f82 ......
	 orig commit -> c4c07b4d6fa1f11880eab8e076d3d060ef3f55fc ......
checking a7e0b9680aecee238ab50c3781131c40df68a63b ......
	 orig commit -> e7afe6c1d486b516ed586dcc10b3e7e3e85a9c2b ......
checking bc5d97268c0c205cbecc3c10652991503938c9f8 ......
	 orig commit -> d2fd6e81912a665993b24dcdc1c1384a42a54f7e ......
		 d2fd6e81912a665993b24dcdc1c1384a42a54f7e has problem. Fixes commit -> d5bc73f34cc97c4b4b9202cc93182c2515076edf
checking f9e6a18a44de0625a57e8b4fc2d10f0eb205047c ......
	 orig commit -> 83e418a805d880a8b18add07f94d19b2a5a80307 ......
checking 88bfdab618dffd22db9b0cf29a913231bf67e1e3 ......
	 orig commit -> 8b2db98e814a5ec45e8800fc22ca9000ae0a517b ......
checking 82f39f0219441075bdba1aa3e14b5d4b1fa0b481 ......
	 orig commit -> 07bd14ccc3049f9c0147a91a4227a571f981601a ......
checking 718ccdb3ea31c7e4519fcbad37b2cce2585d4215 ......
	 orig commit -> 3bed3cc4156eedf652b4df72bdb35d4f1a2a739d ......
checking 1bdb1675f33f321ad750c633792a6c0ad718a965 ......
	 orig commit -> 2c4cc9712364c051b1de2d175d5fbea6be948ebf ......
checking df1b583c1654133825d4a9e5e7e048d0edb32bda ......
	 orig commit -> 04c03114be82194d4a4858d41dba8e286ad1787c ......
checking 56e97e70f7e36a678ef1847a0b0e2d46caa7ac40 ......
	 orig commit -> 8681ef1f3d295bd3600315325f3b3396d76d02f6 ......
checking a3b6fa373adc2194747152c77aeb68355417a399 ......
	 orig commit -> 4179cb5a4c924cd233eaadd081882425bc98f44e ......
checking 03a6fc5712e8fcd598b7268002fce1af8aaea5be ......
	 orig commit -> 225d9464268599a5b4d094d02ec17808e44c7553 ......
checking 9a752d37292bb377d3f7eb7755d78883fad5c439 ......
	 orig commit -> 816db7663565cd23f74ed3d5c9240522e3fb0dda ......
checking 1e3300eb2189d3657c7f222eb334838520113d8b ......
	 orig commit -> 1765f5dcd00963e33f1b8a4e0f34061fbc0e2f7f ......
checking 6e04b8210f96f96a4dabfdaaca051a179c290003 ......
	 orig commit -> 224babd62d6f19581757a6d8bae3bf9501fc10de ......
checking 176ab70112c5cd0bc865fcbe4f3bd4b3354e8f72 ......
	 orig commit -> 8a7493e58ad688eb23b81e45461c5d314f4402f1 ......
checking 618bd2c202b4be4aac47fe520a7264bd041a2764 ......
	 orig commit -> 197f9ab7f08ce4b9ece662f747c3991b2f0fbb57 ......
checking 1764111c99727258f6e947a12a3bcb376ceaf3ef ......
	 orig commit -> c09551c6ff7fe16a79a42133bcecba5fc2fc3291 ......
checking 4523bc864077a1e64a5b28b10a2b910bfa940bc8 ......
	 orig commit -> 4974d5f678abb34401558559d47e2ea3d1c15cba ......
		 4974d5f678abb34401558559d47e2ea3d1c15cba has problem. Fixes commit -> efcc9bcaf77c07df01371a7c34e50424c291f3ac
commit 8c5e9ea1173038c6f1ea0cfca86872ebddc5a1d9
Author: Lorenzo Bianconi <lorenzo.bianconi@redhat.com>
Date:   Wed Feb 20 09:23:03 2019 +0100

    net: ip6_gre: fix possible NULL pointer dereference in ip6erspan_set_version
    
    [ Upstream commit efcc9bcaf77c07df01371a7c34e50424c291f3ac ]
    
    Fix a possible NULL pointer dereference in ip6erspan_set_version checking
    nlattr data pointer
    
    kasan: CONFIG_KASAN_INLINE enabled
    kasan: GPF could be caused by NULL-ptr deref or user memory access
    general protection fault: 0000 [#1] PREEMPT SMP KASAN
    CPU: 1 PID: 7549 Comm: syz-executor432 Not tainted 5.0.0-rc6-next-20190218
    #37
    Hardware name: Google Google Compute Engine/Google Compute Engine, BIOS
    Google 01/01/2011
    RIP: 0010:ip6erspan_set_version+0x5c/0x350 net/ipv6/ip6_gre.c:1726
    Code: 07 38 d0 7f 08 84 c0 0f 85 9f 02 00 00 49 8d bc 24 b0 00 00 00 c6 43
    54 01 48 b8 00 00 00 00 00 fc ff df 48 89 fa 48 c1 ea 03 <80> 3c 02 00 0f
    85 9a 02 00 00 4d 8b ac 24 b0 00 00 00 4d 85 ed 0f
    RSP: 0018:ffff888089ed7168 EFLAGS: 00010202
    RAX: dffffc0000000000 RBX: ffff8880869d6e58 RCX: 0000000000000000
    RDX: 0000000000000016 RSI: ffffffff862736b4 RDI: 00000000000000b0
    RBP: ffff888089ed7180 R08: 1ffff11010d3adcb R09: ffff8880869d6e58
    R10: ffffed1010d3add5 R11: ffff8880869d6eaf R12: 0000000000000000
    R13: ffffffff8931f8c0 R14: ffffffff862825d0 R15: ffff8880869d6e58
    FS:  0000000000b3d880(0000) GS:ffff8880ae900000(0000) knlGS:0000000000000000
    CS:  0010 DS: 0000 ES: 0000 CR0: 0000000080050033
    CR2: 0000000020000184 CR3: 0000000092cc5000 CR4: 00000000001406e0
    DR0: 0000000000000000 DR1: 0000000000000000 DR2: 0000000000000000
    DR3: 0000000000000000 DR6: 00000000fffe0ff0 DR7: 0000000000000400
    Call Trace:
      ip6erspan_newlink+0x66/0x7b0 net/ipv6/ip6_gre.c:2210
      __rtnl_newlink+0x107b/0x16c0 net/core/rtnetlink.c:3176
      rtnl_newlink+0x69/0xa0 net/core/rtnetlink.c:3234
      rtnetlink_rcv_msg+0x465/0xb00 net/core/rtnetlink.c:5192
      netlink_rcv_skb+0x17a/0x460 net/netlink/af_netlink.c:2485
      rtnetlink_rcv+0x1d/0x30 net/core/rtnetlink.c:5210
      netlink_unicast_kernel net/netlink/af_netlink.c:1310 [inline]
      netlink_unicast+0x536/0x720 net/netlink/af_netlink.c:1336
      netlink_sendmsg+0x8ae/0xd70 net/netlink/af_netlink.c:1925
      sock_sendmsg_nosec net/socket.c:621 [inline]
      sock_sendmsg+0xdd/0x130 net/socket.c:631
      ___sys_sendmsg+0x806/0x930 net/socket.c:2136
      __sys_sendmsg+0x105/0x1d0 net/socket.c:2174
      __do_sys_sendmsg net/socket.c:2183 [inline]
      __se_sys_sendmsg net/socket.c:2181 [inline]
      __x64_sys_sendmsg+0x78/0xb0 net/socket.c:2181
      do_syscall_64+0x103/0x610 arch/x86/entry/common.c:290
      entry_SYSCALL_64_after_hwframe+0x49/0xbe
    RIP: 0033:0x440159
    Code: 18 89 d0 c3 66 2e 0f 1f 84 00 00 00 00 00 0f 1f 00 48 89 f8 48 89 f7
    48 89 d6 48 89 ca 4d 89 c2 4d 89 c8 4c 8b 4c 24 08 0f 05 <48> 3d 01 f0 ff
    ff 0f 83 fb 13 fc ff c3 66 2e 0f 1f 84 00 00 00 00
    RSP: 002b:00007fffa69156e8 EFLAGS: 00000246 ORIG_RAX: 000000000000002e
    RAX: ffffffffffffffda RBX: 00000000004002c8 RCX: 0000000000440159
    RDX: 0000000000000000 RSI: 0000000020001340 RDI: 0000000000000003
    RBP: 00000000006ca018 R08: 0000000000000001 R09: 00000000004002c8
    R10: 0000000000000011 R11: 0000000000000246 R12: 00000000004019e0
    R13: 0000000000401a70 R14: 0000000000000000 R15: 0000000000000000
    Modules linked in:
    ---[ end trace 09f8a7d13b4faaa1 ]---
    RIP: 0010:ip6erspan_set_version+0x5c/0x350 net/ipv6/ip6_gre.c:1726
    Code: 07 38 d0 7f 08 84 c0 0f 85 9f 02 00 00 49 8d bc 24 b0 00 00 00 c6 43
    54 01 48 b8 00 00 00 00 00 fc ff df 48 89 fa 48 c1 ea 03 <80> 3c 02 00 0f
    85 9a 02 00 00 4d 8b ac 24 b0 00 00 00 4d 85 ed 0f
    RSP: 0018:ffff888089ed7168 EFLAGS: 00010202
    RAX: dffffc0000000000 RBX: ffff8880869d6e58 RCX: 0000000000000000
    RDX: 0000000000000016 RSI: ffffffff862736b4 RDI: 00000000000000b0
    RBP: ffff888089ed7180 R08: 1ffff11010d3adcb R09: ffff8880869d6e58
    R10: ffffed1010d3add5 R11: ffff8880869d6eaf R12: 0000000000000000
    R13: ffffffff8931f8c0 R14: ffffffff862825d0 R15: ffff8880869d6e58
    FS:  0000000000b3d880(0000) GS:ffff8880ae900000(0000) knlGS:0000000000000000
    CS:  0010 DS: 0000 ES: 0000 CR0: 0000000080050033
    CR2: 0000000020000184 CR3: 0000000092cc5000 CR4: 00000000001406e0
    DR0: 0000000000000000 DR1: 0000000000000000 DR2: 0000000000000000
    DR3: 0000000000000000 DR6: 00000000fffe0ff0 DR7: 0000000000000400
    
    Fixes: 4974d5f678ab ("net: ip6_gre: initialize erspan_ver just for erspan tunnels")
    Reported-and-tested-by: syzbot+30191cf1057abd3064af@syzkaller.appspotmail.com
    Signed-off-by: Lorenzo Bianconi <lorenzo.bianconi@redhat.com>
    Reviewed-by: Greg Rose <gvrose8192@gmail.com>
    Signed-off-by: David S. Miller <davem@davemloft.net>
    
    Signed-off-by: Sasha Levin <sashal@kernel.org>
checking 4c1b91b82c43bca23dbd7bba75f6a532d32c660a ......
	 orig commit -> e75913c93f7cd5f338ab373c34c93a655bd309cb ......
checking b2975c2e83424fd19e9781c38800d1c0d6a707e6 ......
	 orig commit -> 3b89ea9c5902acccdbbdec307c85edd1bf52515e ......
		 3b89ea9c5902acccdbbdec307c85edd1bf52515e has problem. Fixes commit -> 8681ef1f3d295bd3600315325f3b3396d76d02f6
commit 56e97e70f7e36a678ef1847a0b0e2d46caa7ac40
Author: David S. Miller <davem@davemloft.net>
Date:   Sat Feb 16 13:44:39 2019 -0800

    net: Add header for usage of fls64()
    
    [ Upstream commit 8681ef1f3d295bd3600315325f3b3396d76d02f6 ]
    
    Fixes: 3b89ea9c5902 ("net: Fix for_each_netdev_feature on Big endian")
    Suggested-by: Eric Dumazet <eric.dumazet@gmail.com>
    Signed-off-by: David S. Miller <davem@davemloft.net>
    Signed-off-by: Sasha Levin <sashal@kernel.org>
checking eb5e6869125f69dd28513f92992d97ec62bb9773 ......
	 orig commit -> 9060cb719e61b685ec0102574e10337fa5f445ea ......
checking bd1488b8d4768ebe026cd719d162a8d5507e59a5 ......
	 orig commit -> 289460404f6947ef1c38e67d680be9a84161250b ......
checking 017d511085a36f45e5da70fd1a442f97a2e7c147 ......
	 orig commit -> 7c0db24cc431e2196d98a5d5ddaa9088e2fcbfe5 ......
checking bbbefe815f50fe5fc6382fec0cb2eb69b9ab0696 ......
	 orig commit -> 88a8121dc1d3d0dbddd411b79ed236b6b6ea415c ......
