checking adc2a008ae56d240e8dae0b6b7807876d51f9fc2 ......
checking 7371994d6cfa2f06f9c8a0818ed1eabcfc507ea0 ......
	 orig commit -> 2a418cf3f5f1caf911af288e978d61c9844b0695 ......
checking 9f77e4cb12d4d98b08d8804e3712a4075a2bdd1d ......
	 orig commit -> d1a2930d8a992fb6ac2529449f81a0056e1b98d1 ......
checking 4a418a3d94f28d55c124feb3885239b53fcde7aa ......
	 orig commit -> 18836b48ebae20850631ee2916d0cdbb86df813d ......
checking 3bfa6413b03a676cbbddb10e7d0811368fb926de ......
	 orig commit -> 94ee12b507db8b5876e31c9d6c9d84f556a4b49f ......
checking 527cabfffbc5f55c111d510a918b33fb9fbe537d ......
	 orig commit -> cb6acd01e2e43fd8bad11155752b7699c3d0fb76 ......
checking f0233ca89ce26342472c2a471c4a13e01ac5e608 ......
	 orig commit -> 2216322919c8608a448d7ebc560a845238a5d6b6 ......
checking de04d2973a62e4efb3de45e93bd46acd6d510e0a ......
	 orig commit -> 0a1d52994d440e21def1c2174932410b4f2a98a1 ......
checking ff86bb4dc6561207cc3885403cbab0b48430d51f ......
	 orig commit -> e30be063d6dbcc0f18b1eb25fa709fdef89201fb ......
checking d612d7b4ff4d74074e195f7a8389fb4ab179ef7b ......
	 orig commit -> d07e9fadf3a6b466ca3ae90fa4859089ff20530f ......
checking e446ae40dc33caa2d400e809e6588d1f58da7d28 ......
	 orig commit -> 27ec9dc17c48ea2e642ccb90b4ebf7fd47468911 ......
checking 17bf961224725e9d22936418583976b88538489b ......
	 orig commit -> e5723f95d6b493dd437f1199cacb41459713b32f ......
checking 85d9ad404676f2689e0c980f686cef9ca0a0aa63 ......
	 orig commit -> 5603731a15ef9ca317c122cc8c959f1dee1798b4 ......
		 5603731a15ef9ca317c122cc8c959f1dee1798b4 has problem. Fixes commit -> c9a9497ccef205ed4ed2e247011382627876d831
commit 42f358b2d48c8abb0d71d9c56c3eed38f0fe5323
Author: Wolfram Sang <wsa+renesas@sang-engineering.com>
Date:   Tue Mar 19 11:12:59 2019 +0100

    mmc: renesas_sdhi: limit block count to 16 bit for old revisions
    
    commit c9a9497ccef205ed4ed2e247011382627876d831 upstream.
    
    R-Car Gen2 has two different SDHI incarnations in the same chip. The
    older one does not support the recently introduced 32 bit register
    access to the block count register. Make sure we use this feature only
    after the first known version.
    
    Thanks to the Renesas Testing team for this bug report!
    
    Fixes: 5603731a15ef ("mmc: tmio: fix access width of Block Count Register")
    Reported-by: Yoshihiro Shimoda <yoshihiro.shimoda.uh@renesas.com>
    Signed-off-by: Wolfram Sang <wsa+renesas@sang-engineering.com>
    Reviewed-by: Simon Horman <horms+renesas@verge.net.au>
    Tested-by: Phong Hoang <phong.hoang.wz@renesas.com>
    Cc: stable@vger.kernel.org
    Signed-off-by: Ulf Hansson <ulf.hansson@linaro.org>
    Signed-off-by: Greg Kroah-Hartman <gregkh@linuxfoundation.org>
checking 5b716bc54e47a833b8bd9701bbe833198ab3a3de ......
	 orig commit -> 5c27ff5db1491a947264d6d4e4cbe43ae6535bae ......
checking c69e07a84d8f3833b08195b3e4a7d55fe83e3239 ......
	 orig commit -> c9bd505dbd9d3dc80c496f88eafe70affdcf1ba6 ......
checking b246986a1fc018b4daecc9756bbb3d468e5410e6 ......
	 orig commit -> 94a980c39c8e3f8abaff5d3b5bbcd4ccf1c02c4f ......
checking 60a4b3f7c8678150f15f3fc4a1e0c84cc7085dd3 ......
	 orig commit -> 619ad846fc3452adaf71ca246c5aa711e2055398 ......
checking 0149b03ec2690c52262a94f0de9c9dd51125b9cd ......
	 orig commit -> bb218fbcfaaa3b115d4cd7a43c0ca164f3a96e57 ......
checking 99b1dbe6ba1724f807c514f7f88b682511681890 ......
	 orig commit -> 93183bdbe73bbdd03e9566c8dc37c9d06b0d0db6 ......
checking 7a27cb609f03617df066a55206d023ac652e6c5e ......
	 orig commit -> 7c53eb5d87bc21464da4268c3c0c47457b6d9c9b ......
checking 0a7c92826f7906ed9deccf12f8d9bf484208bab2 ......
	 orig commit -> 7ed5285396c257fd4070b1e29e7b2341aae2a1ce ......
checking e91cbe1de3b331626415f147829963841f6a4836 ......
	 orig commit -> e95d22c69b2c130ccce257b84daf283fd82d611e ......
checking 61fe1005f334a0db551983982bf95857be8389c0 ......
	 orig commit -> 3b707c3008cad04604c1f50e39f456621821c414 ......
checking f7901f15d6f3a9c1c9756c640eed465432fe3ce6 ......
	 orig commit -> 6eea3527e68acc22483f4763c8682f223eb90029 ......
checking 156a43cc898601aa1de35dd46636a1dca913ea02 ......
	 orig commit -> a3c5e2cd79753121f49a8662c1e0a60ddb5486ca ......
checking 9f260d76b4740ae1e30019ee417144971dd23f7d ......
	 orig commit -> 78a61cd42a64f3587862b372a79e1d6aaf131fd7 ......
checking 550e0ea7e7e4e09010fc52b9ec44337aea899385 ......
	 orig commit -> 4c174e6366746ae8d49f9cc409f728eebb7a9ac9 ......
checking bbbb9874a9fe3f215584f8707c69b72ccb3504b1 ......
	 orig commit -> 17d91256898402daf4425cc541ac9cbf64574d9a ......
checking d2ce8e1bd338870ac07a5680cb7aa8ac95e41893 ......
	 orig commit -> 7c9f335a3ff20557a92584199f3d35c7e992bbe5 ......
checking 51b547f2a44570475846ceeb3c21f35424efb370 ......
	 orig commit -> b4a10c750424e01b5e37372fef0a574ebf7b56c3 ......
checking ad74456b500c0f0009fa444311ce84dcf85a41d6 ......
	 orig commit -> 17b42a20d7ca59377788c6a2409e77569570cc10 ......
checking 9de388112c632a14faeb215411c4cae3ef9f17b6 ......
	 orig commit -> fe35a40e675473eb65f2f5462b82770f324b5689 ......
checking ee2a02a66821d76a5625162144afc82384c24706 ......
	 orig commit -> c41f59884be5cca293ed61f3d64637dbba3a6381 ......
checking 30b62656690d76bb6a033db9ed88d7bf81180e42 ......
	 orig commit -> 7961cba6f7d8215fa632df3d220e5154bb825249 ......
checking edca54b897bb16d2ad7c0549b7bce2e5e2bc36e1 ......
	 orig commit -> 7fc5854f8c6efae9e7624970ab49a1eac2faefb1 ......
checking c5a1dc256cc2ac6c08f637994e513a8cb65be3d6 ......
	 orig commit -> 8b9433eb4de3c26a9226c981c283f9f4896ae030 ......
checking bcb8e0a236989f8efccb6ca2218ad4871a26c00b ......
	 orig commit -> 31eb79db420a3f94c4c45a8c0a05cd30e333f981 ......
checking f73577353256735fbcb05593d9bdcc699f1125ca ......
	 orig commit -> 5e1bc251cebc84b41b8eb5d2434e54d939a85430 ......
checking 89d9a53346b20cceccb7c86253e186721ae50359 ......
	 orig commit -> 815d835b7ba46685c316b000013367dacb2b461b ......
checking 1ed436cd1690215e9c7081e25935c398c7b9b099 ......
	 orig commit -> e8a6ca808c5ed1e2b43ab25f1f2cbd43a7574f73 ......
checking 8c5571b9df10e88c6a98e76cb021ab5b32834c5c ......
	 orig commit -> 6d87dc97eb3341de3f7b1efa3156cb0e014f4a96 ......
checking 9ad6216e8c3c26acb935ca8e1bbe99e9cb510b70 ......
	 orig commit -> e158488be27b157802753a59b336142dc0eb0380 ......
checking 2368e6d3bcf4a6941082725a65efd8a6200f7e6e ......
	 orig commit -> b061c38bef43406df8e73c5be06cbfacad5ee6ad ......
checking 653a1dbcb0119cc8092ffb53b9f865e25facadff ......
	 orig commit -> 4c4e3731564c8945ac5ac90fc2a1e1f21cb79c92 ......
checking 5024f0a29a8fcfd5faa8f562ad78c61c8cc30e7a ......
	 orig commit -> 6dc080eeb2ba01973bfff0d79844d7a59e12542e ......
checking a2887f6fab989f87dd4f561329f42736e5168b73 ......
	 orig commit -> a0dc02039a2ee54fb4ae400e0b755ed30e73e58c ......
checking bbc300c8c75e69a690f4a2d0c4189529f5ea0c4e ......
	 orig commit -> 97715058b70da1262fd07798c8b2e3e894f759dd ......
checking a99e0377cca48de101d64c6f76704c57c9d96efd ......
	 orig commit -> 129699bb8c7572106b5bbb2407c2daee4727ccad ......
checking 4749ffdfbb090fa88f5e76c5df16f7bff5677a85 ......
	 orig commit -> ab6c03676cb190156603cf4c5ecf97aa406c9c53 ......
checking 4e34dd37943db2d546e248638a09e04d17471e40 ......
	 orig commit -> 4e868f8419cb4cb558c5d428e7ab5629cef864c7 ......
checking 0655618dd92dd29e81532e1bbee9121340d7b0c3 ......
	 orig commit -> c530bb8a726a37811e9fb5d68cd6b5408173b545 ......
checking f352e84e6e3c9444b577a71a5b6dec60085ea97c ......
	 orig commit -> 508cacd7da6659ae7b7bdd0a335f675422277758 ......
checking 357d9c7a01c6410c550e5e7df5018a2870a01191 ......
	 orig commit -> 5bbc73a841d7f0bbe025a342146dde462a796a5a ......
checking eecde0a099afd2508a2c024295e8ae7a624284d8 ......
	 orig commit -> 827cb0323928952c0db9515aba9d534fb1285b3f ......
checking e55af638c4f4f520e259f8c12e1601b6dd17bed4 ......
	 orig commit -> 009808154c69c48d5b41fc8cf5ad5ab5704efd8f ......
checking fc8176da28b51794f44cf95c2e5a7604ad4d9b8e ......
	 orig commit -> 91cd63d320f84dcbf21d4327f31f7e1f85adebd0 ......
checking 7bba7aff51ea3709d0a548d9e9eb69953d787400 ......
	 orig commit -> c407cd008fd039320d147088b52d0fa34ed3ddcb ......
checking 9500ecb9ad013b42cbe4cc12be3d7b71aea8ae55 ......
	 orig commit -> e581e151e965bf1f2815dd94620b638fec4d0a7e ......
checking 375a9673264c2922c627c87b354149b7d962c7be ......
	 orig commit -> ee7ea2a9a318a89d21b156dc75e54d53904bdbe5 ......
checking 7ff778648947403ca4ce966ad45d49a5c85089f6 ......
	 orig commit -> bf7d28c53453ea904584960de55e33e03b9d93b1 ......
checking 17fab8914f8650f9d815919c14228915e02558a2 ......
	 orig commit -> bddda606ec76550dd63592e32a6e87e7d32583f7 ......
checking 7746dd64c2c9e08c60e2cf735b1bc2c9e227ea0d ......
	 orig commit -> 7b3027728f4d4f6763f4d7e771acfc9424cdd0e6 ......
checking 2409a869dad3463878efbae72d6a42087f4614dd ......
	 orig commit -> fdac94489c4d247088b3885875b39b3e1eb621ef ......
checking 4670e8391710281740e3f2737750d4c38a1a8285 ......
	 orig commit -> df28169e1538e4a8bcd8b779b043e5aa6524545c ......
checking 08c937f9a3db97c6758cd5032906ded77c7e9291 ......
	 orig commit -> 88b1bb1f3b88e0bf20b05d543a53a5b99bd7ceb6 ......
checking 03a5d4d55335383e733c472088b197fec1a60b01 ......
	 orig commit -> 01c10880d24291a96a4ab0da773e3c5ce4d12da8 ......
checking f29024c0e9a7c808d8673b9155becf54bf13a138 ......
	 orig commit -> 3fe931b31a4078395c1967f0495dcc9e5ec6b5e3 ......
checking fc1073dfc4e086612671e9c7d773f7bc4cc7208c ......
	 orig commit -> 2137a109a5e39c2bdccfffe65230ed3fadbaac0e ......
checking 71943c38620d0209e5059ddf8ee2ac68b5a1f9cb ......
	 orig commit -> c6e909972ef87aa2a479269f46b84126f99ec6db ......
checking acc934f576919d151b25824ba9cdc59d874aba65 ......
	 orig commit -> d39eca547f3ec67140a5d765a426eb157b978a59 ......
checking 651023ed93ab916efdfd1ced67e4b2d96601a405 ......
	 orig commit -> 8c3590de0a378c2449fc1aec127cc693632458e4 ......
checking e7b2f9f2bce29fed7c7269d355c94fa6d1d44e99 ......
	 orig commit -> 678e2b44c8e3fec3afc7202f1996a4500a50be93 ......
checking a4964959ee83e6be9d244af91e0f15a5658ef9de ......
	 orig commit -> 906a9abc5de73c383af518f5a806f4be2993a0c7 ......
checking 5a7005337c2a5ecf014c24bab4e365519d784a69 ......
	 orig commit -> 99c66bc051e7407fe0bf0607b142ec0be1a1d1dd ......
checking 0f978ec3ed3efe5dcb4243125dea5ca915803901 ......
	 orig commit -> ffeafdd2bf0b280d67ec1a47ea6287910d271f3f ......
checking a7c6cf3bdf333238429ec390d8d103560e5333e2 ......
	 orig commit -> 5c14a4d05f68415af9e41a4e667d1748d41d1baf ......
checking 765c30b318490a7fae2a0e27127fb3825599a7ac ......
	 orig commit -> e8da8794a7fd9eef1ec9a07f0d4897c68581c72b ......
checking 8cae7757e862b1b77fd55628b196419e0c4b722e ......
	 orig commit -> 76f99ae5b54d48430d1f0c5512a84da0ff9761e0 ......
checking 2948b8875df4793bb4614284b862d8217c0ad346 ......
	 orig commit -> 8ffe4e61c06a48324cfd97f1199bb9838acce2f2 ......
