checking a03957ab0fd5d7d03b512a72ab9106a1749f556e ......
checking 5cb299c806516b7f22dd9c5fe4f50ca85320b07b ......
	 orig commit -> e59f5bd759b7dee57593c5b6c0441609bda5d530 ......
checking 53db652324283624970355fab09c3bc4190c57e6 ......
	 orig commit -> 12c7686111326148b4b5db189130522a4ad1be4a ......
checking d3bdd359fa53c1d577bc96677474c43bfb9090bd ......
	 orig commit -> 62ef81d5632634d5e310ed25b9b940b2b6612b46 ......
checking 041b3224e8f848b2024cae470ea49c46db92ffd3 ......
	 orig commit -> 12fc512f5741443a03adde2ead20724da8ad550a ......
checking ae6b07107458435fd9f782c800f859534e9bc097 ......
	 orig commit -> d460c2718906252a2a69bc6f89b537071f792e6e ......
checking b08774d38882237bbfe953dbcf1f167e8473c50a ......
	 orig commit -> f476b3f809fa02f47af6333ed63715058c3fc348 ......
checking 21e47998d95973548778cafbb3fc44f92878a316 ......
	 orig commit -> 1ab3030193d25878b3b1409060e1e0a879800c95 ......
checking e875a409594b8e3e0c3f69182f7a0ece5aa3c164 ......
checking 7ce836e8a963fb1a2dc24b49cfe0aba6327b61bf ......
	 orig commit -> 925b0c841e066b488cc3a60272472b2c56300704 ......
checking 1f78e75e85bb8eb6b348f980168479f746bbe933 ......
	 orig commit -> e0c1d14a1a3211dccf0540a6703ffbd5d2a75bdb ......
checking e97f0bc7be88b00baeecc0b7c46ca3a0ff85d2a4 ......
	 orig commit -> 9188d5ca454fd665145904267e726e9e8d122f5c ......
checking b02f8aa856040a2d049e07d31a5c606a6f077731 ......
	 orig commit -> b561af36b1841088552464cdc3f6371d92f17710 ......
checking d7b10dfe6c31339849558a6cbaa5477eab03da02 ......
	 orig commit -> 0453c682459583910d611a96de928f4442205493 ......
checking ed1866aa608a0020a1412ef6c6c589d6ea46a300 ......
	 orig commit -> 4b9fc7146249a6e0e3175d0acc033fdcd2bfcb17 ......
checking 7da11d6a5d85ab3f4d28fa660d8c90566fdaa1e6 ......
	 orig commit -> ace329f4ab3ba434be2adf618073c752d083b524 ......
checking 829fd9849e4480e08241cdb56c5086c3979e5d67 ......
	 orig commit -> 151f0dddbbfe4c35c9c5b64873115aafd436af9d ......
checking 250e51f856e1534e3e769add508f121966030462 ......
	 orig commit -> 19fad20d15a6494f47f85d869f00b11343ee5c78 ......
checking 07445fea95754b79814fb65259d71bf0ef0c3be7 ......
	 orig commit -> 20ff83f10f113c88d0bb74589389b05250994c16 ......
checking d4ff57d0320bf441ad5a3084b3adbba4da1d79f8 ......
	 orig commit -> 12209993e98c5fa1855c467f22a24e3d5b8be205 ......
checking 423497a96d4ac3bf00c0b90e1cbe4d632d9caef2 ......
	 orig commit -> f2c57d91b0d96aa13ccff4e3b178038f17b00658 ......
checking e923c6b70ce21ccdafb7f5b211ce87d6bc17a9f7 ......
	 orig commit -> a9d57ef15cbe327fe54416dd194ee0ea66ae53a4 ......
checking 6cfcff3cfb0e515d4d3ed929c372a93fdc3dc611 ......
	 orig commit -> ce02ef06fcf7a399a6276adb83f37373d10cbbe1 ......
checking e9e47779aaa7212ccb75f8d8d4d16ab188efb313 ......
	 orig commit -> af5c72b1fc7a00aa484e90b0c4e0eeb582545634 ......
checking aab66dfb757aa5b211ec6b0c322b42f4ef5ab34f ......
	 orig commit -> 2bb874c0d873d13bd9b9b9c6d7b7c4edab18c8b4 ......
checking c20202c51d2b6703a4e539235f892f34daabd791 ......
	 orig commit -> a9339b7855094ba11a97e8822ae038135e879e79 ......
checking 592ea630b081a6c97ec56499b0e12f68fd2da2d8 ......
	 orig commit -> 833f4154ed560232120bc475935ee1d6a20e159f ......
checking c7f2525abfecf8a57a1417837b6a809df79b299e ......
	 orig commit -> b53119f13a04879c3bf502828d99d13726639ead ......
checking d6b2615f7d31d8e58b685d42dbafcc7dc1204bbd ......
	 orig commit -> 84c4e1f89fefe70554da0ab33be72c9be7994379 ......
checking 2afa01cd9186974051b38b7d1f31bb2407e41e3a ......
	 orig commit -> ec51f8ee1e63498e9f521ec0e5a6d04622bb2c67 ......
checking a812f7b68a3940e0369fd0fb24febec794a67623 ......
	 orig commit -> 875736bb3f3ded168469f6a14df7a938416a99d5 ......
checking d384f8b855a573ea301fd7f5558cc64cb22107e6 ......
	 orig commit -> 88a6f18b950e2e4dce57d31daa151105f4f3dcff ......
checking 4d677689742ab60d5be46e20708276368564427a ......
	 orig commit -> 71ebc6fef0f53459f37fb39e1466792232fa52ee ......
checking ef529eead8cfc11c051b90d239e7137f7141ea94 ......
	 orig commit -> 2bc4ca9bb600cbe36941da2b2a67189fc4302a04 ......
		 2bc4ca9bb600cbe36941da2b2a67189fc4302a04 has problem. Fixes commit -> ec51f8ee1e63498e9f521ec0e5a6d04622bb2c67
commit 5781607364c98e2d79992b8847a9f04c885e1eb4
Author: Mike Marshall <hubcap@omnibond.com>
Date:   Tue Feb 5 14:13:35 2019 -0500

    aio: initialize kiocb private in case any filesystems expect it.
    
    commit ec51f8ee1e63498e9f521ec0e5a6d04622bb2c67 upstream.
    
    A recent optimization had left private uninitialized.
    
    Fixes: 2bc4ca9bb600 ("aio: don't zero entire aio_kiocb aio_get_req()")
    Reviewed-by: Christoph Hellwig <hch@lst.de>
    Signed-off-by: Mike Marshall <hubcap@omnibond.com>
    Signed-off-by: Jens Axboe <axboe@kernel.dk>
    Cc: Guenter Roeck <linux@roeck-us.net>
    Signed-off-by: Greg Kroah-Hartman <gregkh@linuxfoundation.org>
checking 730198c889d85db78058cfb57c1b41c65f55c94e ......
	 orig commit -> 432c79978c33ecef91b1b04cea6936c20810da29 ......
checking b3373253f0bab538a7521537dfcb73e731b3d732 ......
	 orig commit -> bc9bff61624ac33b7c95861abea1af24ee7a94fc ......
checking 9101cbe70ef64c7f35fb75552005a3a696cc288e ......
	 orig commit -> 154989e45fd8de9bfb52bbd6e5ea763e437e54c5 ......
checking 920ecc72093d3747ed4e9a747cd4f54ba62df559 ......
	 orig commit -> 032be5f19a94de51093851757089133dcc1e92aa ......
checking 5a228d5ddca2423b6e47045b9aac7df4362146a1 ......
	 orig commit -> dd3ac9a684358b8c1d5c432ca8322aaf5e4f28ee ......
checking e30203e4f94d2ba92a54fd3662bf1517a3fb7269 ......
	 orig commit -> d3706566ae3d92677b932dd156157fd6c72534b1 ......
checking a0cb0faa15f3174ac0d1c5ca401ca80b4494b21d ......
	 orig commit -> 8c63bf9ab4be8b83bd8c34aacfd2f1d2c8901c8a ......
checking f21fae8049cd50d3873db21762f75a7bf950f7d2 ......
	 orig commit -> 6f07e5f06c8712acc423485f657799fc8e11e56c ......
checking 9b9b0df4e7882638e53c55e8f556aa78915418b9 ......
	 orig commit -> 01ca667133d019edc9f0a1f70a272447c84ec41f ......
checking f7dc13d6e4a26ee3b4edbf229abaea47b6f1aa58 ......
	 orig commit -> 7caa56f006e9d712b44f27b32520c66420d5cbc6 ......
checking 94ad68a6e5704b4475f4cc95dd541d21227e749b ......
	 orig commit -> 7c2bd9a39845bfb6d72ddb55ce737650271f6f96 ......
checking 245a94a0ffab833292985a8417be093b29ce0e8b ......
	 orig commit -> 1b02cd6a2d7f3e2a6a5262887d2cb2912083e42f ......
checking 6bf7d3c5c0c5dad650bfc4345ed553c18b69d59e ......
	 orig commit -> 26528be6720bb40bc8844e97ee73a37e530e9c5e ......
checking 8c37f7c23c02f6ac020ffdc746026c2363b23a5a ......
	 orig commit -> 4d43d395fed124631ca02356c711facb90185175 ......
checking 4d476a00b3f98334fd8a680dc0d813f4d82a5f3d ......
	 orig commit -> 89189557b47b35683a27c80ee78aef18248eefb4 ......
checking bce00f419c9df589b5b6d403d5229b9ccf7edf12 ......
	 orig commit -> 91d3f8a629849968dc91d6ce54f2d46abf4feb7f ......
checking 9c8c39bae89ab3cd6133d244fa19ee2141aabeac ......
	 orig commit -> baf76f0c58aec435a3a864075b8f6d8ee5d1f17e ......
checking f41d2de6710108ec77fa8ec8077def60c6ddfc07 ......
	 orig commit -> d7a6c0ce8d26412903c7981503bad9e1cc7c45d2 ......
checking 50cda889181882235844b06e845d37b10fd610e7 ......
	 orig commit -> 7529b2574a7aaf902f1f8159fbc2a7caa74be559 ......
checking 8c700e902cebbdbd3737b938526a007f4640232c ......
	 orig commit -> 462ce5d963f18b71c63f6b7730a35a2ee5273540 ......
checking 2bc7ce32eb21b094b3ae3e489017fabfe72b4dda ......
	 orig commit -> 9fa246256e09dc30820524401cdbeeaadee94025 ......
checking 2c892ef094353bf8e9203a3f391158fbfaff4b06 ......
	 orig commit -> d08106796a78a4273e39e1bbdf538dc4334b2635 ......
		 d08106796a78a4273e39e1bbdf538dc4334b2635 has problem. Fixes commit -> 462ce5d963f18b71c63f6b7730a35a2ee5273540
commit 44223d4a0eb1f41ad9162a759ee6b9d66172b3f3
Author: Maarten Lankhorst <maarten.lankhorst@linux.intel.com>
Date:   Wed Apr 24 17:06:29 2019 +0200

    drm/vc4: Fix compilation error reported by kbuild test bot
    
    commit 462ce5d963f18b71c63f6b7730a35a2ee5273540 upstream.
    
    A pointer to crtc was missing, resulting in the following build error:
    drivers/gpu/drm/vc4/vc4_crtc.c:1045:44: sparse: sparse: incorrect type in argument 1 (different base types)
    drivers/gpu/drm/vc4/vc4_crtc.c:1045:44: sparse:    expected struct drm_crtc *crtc
    drivers/gpu/drm/vc4/vc4_crtc.c:1045:44: sparse:    got struct drm_crtc_state *state
    drivers/gpu/drm/vc4/vc4_crtc.c:1045:39: sparse: sparse: not enough arguments for function vc4_crtc_destroy_state
    
    Signed-off-by: Maarten Lankhorst <maarten.lankhorst@linux.intel.com>
    Reported-by: kbuild test robot <lkp@intel.com>
    Cc: Eric Anholt <eric@anholt.net>
    Link: https://patchwork.freedesktop.org/patch/msgid/2b6ed5e6-81b0-4276-8860-870b54ca3262@linux.intel.com
    Fixes: d08106796a78 ("drm/vc4: Fix memory leak during gpu reset.")
    Cc: <stable@vger.kernel.org> # v4.6+
    Acked-by: Daniel Vetter <daniel.vetter@ffwll.ch>
    Signed-off-by: Greg Kroah-Hartman <gregkh@linuxfoundation.org>
checking 087341c0f40da9f74ceed17303f2b12c79d087a7 ......
	 orig commit -> 8adddf349fda0d3de2f6bb41ddf838cbf36a8ad2 ......
checking 478afe341d295e177918cb9e674b1feffacfefec ......
	 orig commit -> e17b1af96b2afc38e684aa2f1033387e2ed10029 ......
checking 129c337c665909cac36303d11f2f4a1619fed3a0 ......
	 orig commit -> 6e7da74775348d96e2d7efaf3f91410e18c481ef ......
checking 0f00e1c599b329bdede72457f99b625d243d5e5f ......
	 orig commit -> 907bd68a2edc491849e2fdcfe52c4596627bca94 ......
checking f7b467ad1be0478f0341afa8a9ac112732def088 ......
	 orig commit -> 492855939bdb59c6f947b0b5b44af9ad82b7e38c ......
checking ac9e2bece112aa0be22b5ccfb13b843f94be0587 ......
	 orig commit -> 3a349763cf11e63534b8f2d302f2d0c790566497 ......
checking 37ecf31a3e5efa418c37250bd79b74f8b2604128 ......
	 orig commit -> 82c99f7a81f28f8c1be5f701c8377d14c4075b10 ......
checking c0309570a5f1c78a282943f70b6a98db577403d2 ......
	 orig commit -> d58431eacb226222430940134d97bfd72f292fcd ......
checking b4d4b5e4b83979b8b0888295bda1751b4340747c ......
	 orig commit -> e6abc8caa6deb14be2a206253f7e1c5e37e9515b ......
checking 950eec8126001c63ec6055d22d370d8ab833ed4f ......
	 orig commit -> 37659182bff1eeaaeadcfc8f853c6d2b6dbc3f47 ......
checking 246d2bf32da1df979b2bb0b4ca38b9b2b6ac2bf4 ......
	 orig commit -> 76a495d666e5043ffc315695f8241f5e94a98849 ......
checking 8d693ef0141c90dd94fe47be1727214bf3adb3dd ......
	 orig commit -> 1bcb344086f3ecf8d6705f6d708441baa823beb3 ......
checking 9b8c07129ddfeec6394b44b42d4e54639ac498c0 ......
	 orig commit -> a860fa7b96e1a1c974556327aa1aee852d434c21 ......
checking 1af34bf97eca3624b5f2ec786527c8609e1a68b8 ......
	 orig commit -> c660133c339f9ab684fdf568c0d51b9ae5e86002 ......
checking 8ac57d1bdc255f07c1cec130e8a860457e6bb7d3 ......
	 orig commit -> 7c39f7f671d2acc0a1f39ebbbee4303ad499bbfa ......
checking d0264d10ae6a8b8b07f2097f34d131adb76f0ad3 ......
	 orig commit -> d6097c9e4454adf1f8f2c9547c2fa6060d55d952 ......
checking 7f9c9d1d79fd4840cd0c71bf92c33ec581008c0d ......
	 orig commit -> 79b4a9cf0e2ea8203ce777c8d5cfa86c71eae86e ......
checking ce900ddd660ddd1cf430733b0a863ddf5520d171 ......
	 orig commit -> ae3d6a323347940f0548bbb4b17f0bb2e9164169 ......
checking 710733e539d1aa9167fc874c21e7444aa9d3259d ......
	 orig commit -> e153abc0739ff77bd89c9ba1688cdb963464af97 ......
checking a19e4a1b4c63c3c3fd151ec443b395bcaeba59bd ......
	 orig commit -> 102bbe34b31c9159e714432afd64458f6f3876d7 ......
checking cffeb9c84d20816a2173e3cfeca210c8bfa8e357 ......
	 orig commit -> b987222654f84f7b4ca95b3a55eca784cb30235b ......
checking 0e78e92da2d8925d3acdfbee57233a75e2f6e423 ......
	 orig commit -> 91862cc7867bba4ee5c8fcf0ca2f1d30427b6129 ......
checking ee231063ff954dbd46d1c55bbb6519e60dd9c649 ......
	 orig commit -> 652727bbe1b17993636346716ae5867627793647 ......
checking d5bf783a09a06c81ca4783054355f1d243e124e7 ......
	 orig commit -> 05fd5c2c61732152a6bddc318aae62d7e436629b ......
checking 15e97839157720e73c572e990a8d53278c08df09 ......
	 orig commit -> 3acca1dd17060332cfab15693733cdaf9fba1c90 ......
checking 984c4e00c3877d400e8bbe5add6621931fbb358a ......
	 orig commit -> c97617a81a7616d49bc3700959e08c6c6f447093 ......
checking 1e0cab1bce57cf1618eeb57d399b6f9dfe49fa5b ......
	 orig commit -> dd9a994fc68d196a052b73747e3366c57d14a09e ......
checking ae5e0c773ca699ff2ae91bce7bd25e92b402c0a1 ......
	 orig commit -> c93a49b9769e435990c82297aa0baa31e1538790 ......
checking 8e59639791f20ac375641fd66c54443f2d30b1a5 ......
	 orig commit -> 4c404ce23358d5d8fbdeb7a6021a9b33d3c3c167 ......
checking 416699b9bb904b265b8ecc3cb5c69e741629abd5 ......
	 orig commit -> e4056bbb6719fe713bfc4030ac78e8e97ddf7574 ......
checking 1832b1517c2ba593fa49ce0b0f3fb9497209c361 ......
	 orig commit -> 40853d6fc619a6fd3d3177c3973a2eac9b598a80 ......
checking 070e34b627f428a4efac2c948cd38272b036a1b7 ......
	 orig commit -> 2ac695d1d602ce00b12170242f58c3d3a8e36d04 ......
checking 8766cc7d0d1d3de0bc0ede9cbf61532925b7f23f ......
	 orig commit -> 7159a986b4202343f6cca3bb8079ecace5816fd6 ......
checking 816e3e2258e893b62ae5cab8851c8e2173b1390d ......
	 orig commit -> 8b318f30ab4ef9bbc1241e6f8c1db366dbd347f2 ......
checking e7ddd6af17e452467e17f15ad70a6f211593f2fa ......
	 orig commit -> 986103e7920cabc0b910749e77ae5589d3934d52 ......
checking ffc1d85e8c5f79d54597f3be294a287f5ceaa7a4 ......
	 orig commit -> 8ffcd32f64633926163cdd07a7d295c500a947d1 ......
checking e313d5da057b2335b6f60aa70e9873a4f0f59d45 ......
	 orig commit -> 273fe3f1006ea5ebc63d6729e43e8e45e32b256a ......
checking 25ddad73070c8fd15528fe804db90f0bda0dc6ad ......
	 orig commit -> 40ba1d9b4d19796afc9b7ece872f5f3e8f5e2c13 ......
checking 8906234c5015ff2a935f11a1a5ee697eb526aae8 ......
	 orig commit -> b8e204006340b7aaf32bd2b9806c692f6e0cb38a ......
		 b8e204006340b7aaf32bd2b9806c692f6e0cb38a has problem. Fixes commit -> b25a31bf0ca091aa8bdb9ab329b0226257568bbe
3f3a390dbd59d236f62cff8e8b20355ef7069e3d
checking 4f67e8976f7bbcaec6e74ab73085031938315009 ......
	 orig commit -> 947e492c0fc2132ae5fca081a9c2952ccaab0404 ......
checking af26f3e2903bbdd2a4ae8ca28abb94ed8f397208 ......
checking 27458b5457d3d99974c60387f57d5a8aed3a597d ......
checking cb2e343d1d85df3cc9947fd8ce478ebda4a2f546 ......
checking 3dbba8ebb066261559f20382add0f7207a26a773 ......
	 orig commit -> cd5125d8f51882279f50506bb9c7e5e89dc9bef3 ......
		 cd5125d8f51882279f50506bb9c7e5e89dc9bef3 has problem. Fixes commit -> 8ffcd32f64633926163cdd07a7d295c500a947d1
f6ac8585897684374a19863fff21186a05805286
commit 8bdfd922553d01d4e550a2c21b245f080a9b02fb
Author: Pablo Neira Ayuso <pablo@netfilter.org>
Date:   Thu Mar 14 10:50:20 2019 +0100

    netfilter: nf_tables: bogus EBUSY in helper removal from transaction
    
    [ Upstream commit 8ffcd32f64633926163cdd07a7d295c500a947d1 ]
    
    Proper use counter updates when activating and deactivating the object,
    otherwise, this hits bogus EBUSY error.
    
    Fixes: cd5125d8f518 ("netfilter: nf_tables: split set destruction in deactivate and destroy phase")
    Reported-by: Laura Garcia <nevola@gmail.com>
    Signed-off-by: Pablo Neira Ayuso <pablo@netfilter.org>
    Signed-off-by: Sasha Levin <sashal@kernel.org>
commit 8bdfd922553d01d4e550a2c21b245f080a9b02fb
Author: Pablo Neira Ayuso <pablo@netfilter.org>
Date:   Thu Mar 14 10:50:20 2019 +0100

    netfilter: nf_tables: bogus EBUSY in helper removal from transaction
    
    [ Upstream commit 8ffcd32f64633926163cdd07a7d295c500a947d1 ]
    
    Proper use counter updates when activating and deactivating the object,
    otherwise, this hits bogus EBUSY error.
    
    Fixes: cd5125d8f518 ("netfilter: nf_tables: split set destruction in deactivate and destroy phase")
    Reported-by: Laura Garcia <nevola@gmail.com>
    Signed-off-by: Pablo Neira Ayuso <pablo@netfilter.org>
    Signed-off-by: Sasha Levin <sashal@kernel.org>
checking 7693bae6b3145f90722d9a4507cf7443db8b5dfb ......
	 orig commit -> cf52572ebbd7189a1966c2b5fc34b97078cd1dce ......
checking db99f122cbf890dccc59030ea5cfb4d71f7d47f6 ......
	 orig commit -> 12c44aba6618b7f6c437076e5722237190f6cd5f ......
		 12c44aba6618b7f6c437076e5722237190f6cd5f has problem. Fixes commit -> 947e492c0fc2132ae5fca081a9c2952ccaab0404
commit 2f3a379f7bbd576f728ece4e7956467d4814d94b
Author: Florian Westphal <fw@strlen.de>
Date:   Tue Feb 5 12:16:18 2019 +0100

    netfilter: nft_compat: don't use refcount_inc on newly allocated entry
    
    [ Upstream commit 947e492c0fc2132ae5fca081a9c2952ccaab0404 ]
    
    When I moved the refcount to refcount_t type I missed the fact that
    refcount_inc() will result in use-after-free warning with
    CONFIG_REFCOUNT_FULL=y builds.
    
    The correct fix would be to init the reference count to 1 at allocation
    time, but, unfortunately we cannot do this, as we can't undo that
    in case something else fails later in the batch.
    
    So only solution I see is to special-case the 'new entry' condition
    and replace refcount_inc() with a "delayed" refcount_set(1) in this case,
    as done here.
    
    The .activate callback can be removed to simplify things, we only
    need to make sure that deactivate() decrements/unlinks the entry
    from the list at end of transaction phase (commit or abort).
    
    Fixes: 12c44aba6618 ("netfilter: nft_compat: use refcnt_t type for nft_xt reference count")
    Reported-by: Jordan Glover <Golden_Miller83@protonmail.ch>
    Signed-off-by: Florian Westphal <fw@strlen.de>
    Signed-off-by: Pablo Neira Ayuso <pablo@netfilter.org>
    Signed-off-by: Sasha Levin <sashal@kernel.org>
