checking 178574b66509c9ff7df4ad26c84a8884567e93b4 ......
checking 55cbeea76e769b12cd0f1340132d32781f73a3dc ......
	 orig commit -> c616cbee97aed4bc6178f148a7240206dcdb85a6 ......
checking 6235c229fea4e5c5fb35002a5ee1ae2dc65d3198 ......
	 orig commit -> 29e270fc32192e7729057963ae7120663856c93e ......
checking 4e84cccacb1291fedd2518a7e074c3152705fd77 ......
	 orig commit -> 6b04114f6fae5e84d33404c2970b1949c032546e ......
checking 41e0254d32bd3f1d74db66d02ee57ab9dce3e474 ......
	 orig commit -> b7cc40c32a8bfa6f2581a71747f6a7d491fe43ba ......
checking b0234f15d2e25e014347bd43869b460b2228e72f ......
	 orig commit -> 10950929e994c5ecee149ff0873388d3c98f12b5 ......
checking 280d652e0dd2f20dafe81e592ee5243fa9ed0b03 ......
	 orig commit -> bf87ade0dd7f8cf19dac4d3161d5e86abe0c062b ......
checking 77dd91caddfee19b1447bac8060c0bda63709c60 ......
	 orig commit -> ad33429cd02565c28404bb16ae7a4c2bdfda6626 ......
checking 08a7e486a19d5dab0c8786d2eecc7e0708e484d8 ......
	 orig commit -> 3ed64da3b790be7c63601e8ca6341b7dff74a660 ......
checking 918cd7d1dfac5e838023985f5c8a9c5b63c16010 ......
	 orig commit -> ac5722c1643a2fb75224c79b578214956d34f989 ......
checking 25e78d0557e185a73ab29ac31cb916ace843b451 ......
	 orig commit -> d55bda1b3e7c5a87f10da54fdda866a9a9cef30b ......
checking 1673900500686a4588b3abbb342dbee7c119a2f8 ......
	 orig commit -> 9df39bedbf292680655c6a947c77d6562c693d4a ......
checking 58a99d3722fe1962cbdab96a18de315c04fbc2f3 ......
	 orig commit -> a6754fae1e66e9a40fed406290d7ca3f2b4d227c ......
checking c47bb7af582af9824378396d9ef99e15ffdb5242 ......
	 orig commit -> dfb7513374c1f8e7cd595106fbdba3fd07ebaf30 ......
checking 2cb8d55be86cdebe94742d7e8bc53e243ec9ee90 ......
	 orig commit -> eab077aa84331afbda071a213925d4cdbca58941 ......
checking 4c202ade1e743fc21e54c441d7f790604989db07 ......
	 orig commit -> 598e1a42e9626213565d3b22ea948ce78556512a ......
checking 85bb1e8b7013996761d3f514faafe8862b2982f6 ......
	 orig commit -> 30510387a5e45bfcf8190e03ec7aa15b295828e2 ......
checking e762e1407bc85ae45a6d42267cb8af468b61d891 ......
	 orig commit -> 1cd25cbb2fedbc777f3a8c3cb1ba69b645aeaa64 ......
checking 5eede3d09625f12385be732300fb1b8146fcdd77 ......
	 orig commit -> 2dd453168643d9475028cd867c57e65956a0f7f9 ......
		 2dd453168643d9475028cd867c57e65956a0f7f9 has problem. Fixes commit -> 3ec8002951ea173e24b466df1ea98c56b7920e63
1cd25cbb2fedbc777f3a8c3cb1ba69b645aeaa64
commit e762e1407bc85ae45a6d42267cb8af468b61d891
Author: Laura Abbott <labbott@redhat.com>
Date:   Wed Sep 19 18:59:01 2018 -0700

    kgdboc: Fix warning with module build
    
    commit 1cd25cbb2fedbc777f3a8c3cb1ba69b645aeaa64 upstream.
    
    After 2dd453168643 ("kgdboc: Fix restrict error"), kgdboc_option_setup is
    now only used when built in, resulting in a warning when compiled as a
    module:
    
    drivers/tty/serial/kgdboc.c:134:12: warning: 'kgdboc_option_setup' defined but not used [-Wunused-function]
     static int kgdboc_option_setup(char *opt)
                ^~~~~~~~~~~~~~~~~~~
    
    Move the function under the appropriate ifdef for builtin only.
    
    Fixes: 2dd453168643 ("kgdboc: Fix restrict error")
    Reported-by: Stephen Rothwell <sfr@canb.auug.org.au>
    Signed-off-by: Laura Abbott <labbott@redhat.com>
    Signed-off-by: Greg Kroah-Hartman <gregkh@linuxfoundation.org>
commit c956914f1efa6d4771881d49d3d08850048b3fec
Author: Wentao Wang <witallwang@gmail.com>
Date:   Wed Mar 20 15:30:39 2019 +0000

    Disable kgdboc failed by echo space to /sys/module/kgdboc/parameters/kgdboc
    
    commit 3ec8002951ea173e24b466df1ea98c56b7920e63 upstream.
    
    Echo "" to /sys/module/kgdboc/parameters/kgdboc will fail with "No such
    device” error.
    
    This is caused by function "configure_kgdboc" who init err to ENODEV
    when the config is empty (legal input) the code go out with ENODEV
    returned.
    
    Fixes: 2dd453168643 ("kgdboc: Fix restrict error")
    Signed-off-by: Wentao Wang <witallwang@gmail.com>
    Cc: stable <stable@vger.kernel.org>
    Acked-by: Daniel Thompson <daniel.thompson@linaro.org>
    Signed-off-by: Greg Kroah-Hartman <gregkh@linuxfoundation.org>

commit e762e1407bc85ae45a6d42267cb8af468b61d891
Author: Laura Abbott <labbott@redhat.com>
Date:   Wed Sep 19 18:59:01 2018 -0700

    kgdboc: Fix warning with module build
    
    commit 1cd25cbb2fedbc777f3a8c3cb1ba69b645aeaa64 upstream.
    
    After 2dd453168643 ("kgdboc: Fix restrict error"), kgdboc_option_setup is
    now only used when built in, resulting in a warning when compiled as a
    module:
    
    drivers/tty/serial/kgdboc.c:134:12: warning: 'kgdboc_option_setup' defined but not used [-Wunused-function]
     static int kgdboc_option_setup(char *opt)
                ^~~~~~~~~~~~~~~~~~~
    
    Move the function under the appropriate ifdef for builtin only.
    
    Fixes: 2dd453168643 ("kgdboc: Fix restrict error")
    Reported-by: Stephen Rothwell <sfr@canb.auug.org.au>
    Signed-off-by: Laura Abbott <labbott@redhat.com>
    Signed-off-by: Greg Kroah-Hartman <gregkh@linuxfoundation.org>
checking 8f193a716e56f30e36a4c851e59bf6fa74af8d9f ......
	 orig commit -> dcf7fe9d89763a28e0f43975b422ff141fe79e43 ......
checking 4ce337622f2bbc0df61b0b76aa60388f5def5646 ......
	 orig commit -> e2a50c1f64145a04959df2442305d57307e5395a ......
checking 6e44dd02c95508f6df5eca4d46adbb75233ea181 ......
	 orig commit -> 5b51072e97d587186c2f5390c8c9c1fb7e179505 ......
checking 10f98c134b02d11923d45ce6688c2479435e8ec9 ......
	 orig commit -> 9e368259ad988356c4c95150fafd1a06af095d98 ......
checking 212ad3d70222a7da4425306b7443c67239bce88b ......
	 orig commit -> 97b2a3180a559a33852ac0cd77904166069484fd ......
checking ea6bb077bff27b94d2d612ace7d015fe8dba560a ......
	 orig commit -> 995b278e4723b26f8ebf0e7c119286d16c712747 ......
checking 736f04212a28d9e14b6a22f7218fb4892e1c18fe ......
	 orig commit -> 2bcd3ecab773f73211c45bb1430bb52ac641f271 ......
		 2bcd3ecab773f73211c45bb1430bb52ac641f271 has problem. Fixes commit -> ce0210c12433031aba3bbacd75f4c02ab77f2004
commit ce8d0581ae33b64b86fb6cd30d4385f90ddf19d8
Author: Neil Armstrong <narmstrong@baylibre.com>
Date:   Mon Jan 14 16:31:18 2019 +0100

    drm/meson: Fix atomic mode switching regression
    
    commit ce0210c12433031aba3bbacd75f4c02ab77f2004 upstream.
    
    Since commit 2bcd3ecab773 when switching mode from X11 (ubuntu mate for
    example) the display gets blurry, looking like an invalid framebuffer width.
    
    This commit fixed atomic crtc modesetting in a totally wrong way and
    introduced a local unnecessary ->enabled crtc state.
    
    This commit reverts the crctc _begin() and _enable() changes and simply
    adds drm_atomic_helper_commit_tail_rpm as helper.
    
    Reported-by: Tony McKahan <tonymckahan@gmail.com>
    Suggested-by: Daniel Vetter <daniel@ffwll.ch>
    Fixes: 2bcd3ecab773 ("drm/meson: Fixes for drm_crtc_vblank_on/off support")
    Signed-off-by: Neil Armstrong <narmstrong@baylibre.com>
    Acked-by: Daniel Vetter <daniel.vetter@ffwll.ch>
    [narmstrong: fixed blank line issue from checkpatch]
    Link: https://patchwork.freedesktop.org/patch/msgid/20190114153118.8024-1-narmstrong@baylibre.com
    Signed-off-by: Greg Kroah-Hartman <gregkh@linuxfoundation.org>
checking c952979ad95bb1be30d3e65187d74034bd49c9e8 ......
	 orig commit -> 23a336b34258aba3b50ea6863cca4e81b5ef6384 ......
checking 8a8effbe56b1b99c3376bf78882be11c35c9c6be ......
	 orig commit -> c9e0ab86b2e03154bb898cd2f851827783224727 ......
checking 94be4764b4bbcb49f2932e38c814a2ff32734487 ......
	 orig commit -> dc25ab067645eabd037f1a23d49a666f9e0b8c68 ......
checking 81f966235412fb541bc65007d37d2a3075b60ac3 ......
	 orig commit -> 5cf99a0f3161bc3ae2391269d134d6bf7e26f00e ......
checking a990756426665b86baa14e23ff2de2c3f8243ff7 ......
	 orig commit -> db7a691a1551a748cb92d9c89c6b190ea87e28d5 ......
checking a41e946e93806a7fae0a67af381230ae899f07ea ......
	 orig commit -> c50cbd85cd7027d32ac5945bb60217936b4f7eaf ......
checking 8e847e8c745696fc403412d03382e51f8524758f ......
	 orig commit -> 7d35baa4e9ec4b717bc0e58a39cdb6a1c50f5465 ......
checking d49297b5c77ae818f33b6ee63e418097e0ff98e8 ......
	 orig commit -> 0c7a52e4d4b5c4d35b31f3c3ad32af814f1bf491 ......
checking fd8152818f11435557a18311603220d8bbdf7272 ......
	 orig commit -> 3054426dc68e5d63aa6a6e9b91ac4ec78e3f3805 ......
checking 2858d1891eb52cfd4f9b1ec2f4d44b1afcd3f529 ......
	 orig commit -> 874bfc6e5422d2421f7e4d5ea318d30e91679dfe ......
checking 86e42924160397148957ac80a588fe45fafcac6a ......
	 orig commit -> 40b412897ccb4b98b2cfb2a0aaabed58dd9e2086 ......
checking ac8edc62e8134aac60a0370ca1442f6e29a1feb9 ......
	 orig commit -> 09d3f015d1e1b4fee7e9bbdcf54201d239393391 ......
checking 61c963ab59fd7272bb752ea4099e5e64d9e452c5 ......
	 orig commit -> 24c3456c8d5ee6fc1933ca40f7b4406130682668 ......
checking 0448ad42d6a16c920035807422b4e0f1e00fd785 ......
	 orig commit -> 38c7b224ce22c25fed04007839edf974bd13439d ......
checking f2d12a0ba143056d14a916ddee701888c6532dc2 ......
	 orig commit -> b1286ed7158e9b62787508066283ab0b8850b518 ......
checking 724ff9cbfe1f7a2adbab969f94ee9c2a2592a757 ......
	 orig commit -> ffe81d45322cc3cb140f0db080a4727ea284661e ......
		 ffe81d45322cc3cb140f0db080a4727ea284661e has problem. Fixes commit -> c616cbee97aed4bc6178f148a7240206dcdb85a6
commit 55cbeea76e769b12cd0f1340132d32781f73a3dc
Author: Jens Axboe <axboe@kernel.dk>
Date:   Thu Dec 6 22:17:44 2018 -0700

    blk-mq: punt failed direct issue to dispatch list
    
    commit c616cbee97aed4bc6178f148a7240206dcdb85a6 upstream.
    
    After the direct dispatch corruption fix, we permanently disallow direct
    dispatch of non read/write requests. This works fine off the normal IO
    path, as they will be retried like any other failed direct dispatch
    request. But for the blk_insert_cloned_request() that only DM uses to
    bypass the bottom level scheduler, we always first attempt direct
    dispatch. For some types of requests, that's now a permanent failure,
    and no amount of retrying will make that succeed. This results in a
    livelock.
    
    Instead of making special cases for what we can direct issue, and now
    having to deal with DM solving the livelock while still retaining a BUSY
    condition feedback loop, always just add a request that has been through
    ->queue_rq() to the hardware queue dispatch list. These are safe to use
    as no merging can take place there. Additionally, if requests do have
    prepped data from drivers, we aren't dependent on them not sharing space
    in the request structure to safely add them to the IO scheduler lists.
    
    This basically reverts ffe81d45322c and is based on a patch from Ming,
    but with the list insert case covered as well.
    
    Fixes: ffe81d45322c ("blk-mq: fix corruption with direct issue")
    Cc: stable@vger.kernel.org
    Suggested-by: Ming Lei <ming.lei@redhat.com>
    Reported-by: Bart Van Assche <bvanassche@acm.org>
    Tested-by: Ming Lei <ming.lei@redhat.com>
    Acked-by: Mike Snitzer <snitzer@redhat.com>
    Signed-off-by: Jens Axboe <axboe@kernel.dk>
    Signed-off-by: Greg Kroah-Hartman <gregkh@linuxfoundation.org>
