Check from v4.19.34 to v4.19.35
Commit count: 102
checking 4b0e041c9dada60197efc1697928cd32c2c70cd2 ......
checking 59bf185ae6b7d1a7ec2d7ff312b94df787ebcb11 ......
	 orig commit -> c73f4c998e1fd4249b9edfa39e23f4fda2b9b041 ......
checking 119031be7b0a2ce4ff4cd5525bec6d42817ff53d ......
	 orig commit -> acff78477b9b4f26ecdf65733a4ed77fe837e9dc ......
checking f8053df634d40c733f26ca49c2c3835002e61b77 ......
	 orig commit -> 4abb951b73ff0a8a979113ef185651aa3c8da19b ......
		 4abb951b73ff0a8a979113ef185651aa3c8da19b has problem. Fixes commit -> c5781ffbbd4f742a58263458145fe7f0ac01d9e0
commit d4b4aeea5506349a68adc9d2c372c8fa2416d790
Author: Erik Schmauss <erik.schmauss@intel.com>
Date:   Mon Apr 8 13:42:26 2019 -0700

    ACPICA: Namespace: remove address node from global list after method termination
    
    commit c5781ffbbd4f742a58263458145fe7f0ac01d9e0 upstream.
    
    ACPICA commit b233720031a480abd438f2e9c643080929d144c3
    
    ASL operation_regions declare a range of addresses that it uses. In a
    perfect world, the range of addresses should be used exclusively by
    the AML interpreter. The OS can use this information to decide which
    drivers to load so that the AML interpreter and device drivers use
    different regions of memory.
    
    During table load, the address information is added to a global
    address range list. Each node in this list contains an address range
    as well as a namespace node of the operation_region. This list is
    deleted at ACPI shutdown.
    
    Unfortunately, ASL operation_regions can be declared inside of control
    methods. Although this is not recommended, modern firmware contains
    such code. New module level code changes unintentionally removed the
    functionality of adding and removing nodes to the global address
    range list.
    
    A few months ago, support for adding addresses has been re-
    implemented. However, the removal of the address range list was
    missed and resulted in some systems to crash due to the address list
    containing bogus namespace nodes from operation_regions declared in
    control methods. In order to fix the crash, this change removes
    dynamic operation_regions after control method termination.
    
    Link: https://github.com/acpica/acpica/commit/b2337200
    Link: https://bugzilla.kernel.org/show_bug.cgi?id=202475
    Fixes: 4abb951b73ff ("ACPICA: AML interpreter: add region addresses in global list during initialization")
    Reported-by: Michael J Gruber <mjg@fedoraproject.org>
    Signed-off-by: Erik Schmauss <erik.schmauss@intel.com>
    Signed-off-by: Bob Moore <robert.moore@intel.com>
    Cc: 4.20+ <stable@vger.kernel.org> # 4.20+
    Signed-off-by: Rafael J. Wysocki <rafael.j.wysocki@intel.com>
    Signed-off-by: Greg Kroah-Hartman <gregkh@linuxfoundation.org>
checking fad502a9439ec284278c501ee7e69c391d024f8a ......
	 orig commit -> a8772e5d826d0f61f8aa9c284b3ab49035d5273d ......
checking c963475972f67e610ad19d6f1d3fb15a2fd2ca69 ......
	 orig commit -> ef05bcb60c1a8841e38c91923ba998181117a87c ......
		 ef05bcb60c1a8841e38c91923ba998181117a87c has problem. Fixes commit -> 26e2d7b03ea7ff254bf78305aa44dda62e70b78e
checking aa9ee4b1ed46b504097da723c9b700a328956d28 ......
	 orig commit -> 4ed319c6ac08e9a28fca7ac188181ac122f4de84 ......
checking 469b40a429c54b21eb499287daaea08559793854 ......
	 orig commit -> eb40c0acdc342b815d4d03ae6abb09e80c0f2988 ......
checking 4f5c99e0421cfd4b3a6cc5827b49f4fd5e150da5 ......
	 orig commit -> 75ae193626de3238ca5fb895868ec91c94e63b1b ......
checking 30dc4d7b299dfc0d773f20b09835445c90adb05d ......
	 orig commit -> 0d74e6a3b6421d98eeafbed26f29156d469bc0b5 ......
checking 5be6e02cfbdf62a48522fd8b743002b9d084e0bb ......
	 orig commit -> 3943af9d01e94330d0cfac6fccdbc829aad50c92 ......
checking 250fef8de77cc08f3fc49418d3348368aee0c5e6 ......
	 orig commit -> 9cde402a59770a0669d895399c13407f63d7d209 ......
checking 056264656a67aca1129342febef29fe60280a4f2 ......
	 orig commit -> 3966c3feca3fd10b2935caa0b4a08c7dd59469e5 ......
		 3966c3feca3fd10b2935caa0b4a08c7dd59469e5 has problem. Fixes commit -> 6f55967ad9d9752813e36de6d5fdbd19741adfc7
checking 23d39b0af08e533feb697302b454586249ea793d ......
	 orig commit -> 6d3edaae16c6c7d238360f2841212c2b26774d5e ......
checking e5a791b4ab5669285c1844389b99b0c27a4fcbf7 ......
	 orig commit -> 914123fa39042e651d79eaf86bbf63a1b938dddf ......
checking 4b004504bfcc66a0e5767abe030122469e7617f3 ......
	 orig commit -> 5b77e95dd7790ff6c8fbf1cd8d0104ebed818a03 ......
checking 356ae4deab4b0c537c219600a3754e5ed54c40aa ......
	 orig commit -> 88ca66d8540ca26119b1428cddb96b37925bdf01 ......
checking f7b778b9007e2f1e5e8992489567904f9258f389 ......
	 orig commit -> ada770b1e74a77fff2d5f539bf6c42c25f4784db ......
checking cb75a0c5d3816531af8b768975f25e320e988f62 ......
	 orig commit -> 0e9f02450da07fc7b1346c8c32c771555173e397 ......
checking ed3adb562fc8ee9dac558bc7048e73abec943c62 ......
	 orig commit -> 42d8644bd77dd2d747e004e367cb0c895a606f39 ......
checking 84c6c2af4c532dc3ce26d5c3f5e8b0824ac6b441 ......
	 orig commit -> 1e6f5440a6814d28c32d347f338bfef68bc3e69d ......
checking 1ec54cee633369730ba46df65410b70d295491ca ......
	 orig commit -> 6fd8b9780ec1a49ac46e0aaf8775247205e66231 ......
checking 82a30a5d60e30e66ea4965c119029683fa94950e ......
	 orig commit -> 045afc24124d80c6998d9c770844c67912083506 ......
		 045afc24124d80c6998d9c770844c67912083506 has problem. Fixes commit -> ff8acf929014b7f87315588e0daf8597c8aa9d1c
commit 5105fc758bdc4f7bb330248f1e2d2ea3b704421d
Author: Nathan Chancellor <natechancellor@gmail.com>
Date:   Wed Apr 17 00:21:21 2019 -0700

    arm64: futex: Restore oldval initialization to work around buggy compilers
    
    commit ff8acf929014b7f87315588e0daf8597c8aa9d1c upstream.
    
    Commit 045afc24124d ("arm64: futex: Fix FUTEX_WAKE_OP atomic ops with
    non-zero result value") removed oldval's zero initialization in
    arch_futex_atomic_op_inuser because it is not necessary. Unfortunately,
    Android's arm64 GCC 4.9.4 [1] does not agree:
    
    ../kernel/futex.c: In function 'do_futex':
    ../kernel/futex.c:1658:17: warning: 'oldval' may be used uninitialized
    in this function [-Wmaybe-uninitialized]
       return oldval == cmparg;
                     ^
    In file included from ../kernel/futex.c:73:0:
    ../arch/arm64/include/asm/futex.h:53:6: note: 'oldval' was declared here
      int oldval, ret, tmp;
          ^
    
    GCC fails to follow that when ret is non-zero, futex_atomic_op_inuser
    returns right away, avoiding the uninitialized use that it claims.
    Restoring the zero initialization works around this issue.
    
    [1]: https://android.googlesource.com/platform/prebuilts/gcc/linux-x86/aarch64/aarch64-linux-android-4.9/
    
    Cc: stable@vger.kernel.org
    Fixes: 045afc24124d ("arm64: futex: Fix FUTEX_WAKE_OP atomic ops with non-zero result value")
    Reviewed-by: Greg Kroah-Hartman <gregkh@linuxfoundation.org>
    Signed-off-by: Nathan Chancellor <natechancellor@gmail.com>
    Signed-off-by: Catalin Marinas <catalin.marinas@arm.com>
    Signed-off-by: Greg Kroah-Hartman <gregkh@linuxfoundation.org>
checking 4362ff977bc63f85e4a4f23845d67a7a8559eaad ......
	 orig commit -> e7dfb6d04e4715be1f3eb2c60d97b753fd2e4516 ......
checking 627a7d5a4422e9f1d3ce5c2fd4dd64d3125357a4 ......
	 orig commit -> 4f96dc0a3e79ec257a2b082dab3ee694ff88c317 ......
checking 57a9c1f40f5be2e9061d21d8a21a1b977abb9251 ......
	 orig commit -> 6691370646e844be98bb6558c024269791d20bd7 ......
checking 3ba48b3cf850db83536b4b0625e66f0472888f30 ......
	 orig commit -> 6b2fde3dbfab6ebc45b0cd605e17ca5057ff9a3b ......
checking 32fdac09765db00c91b32334be9dae7250792518 ......
	 orig commit -> cf94db21905333e610e479688add629397a4b384 ......
checking 8b4f68b474488f93f405ba681515bee49cbe99f3 ......
	 orig commit -> e8458e7afa855317b14915d7b86ab3caceea7eb6 ......
checking cd5b06a939970c46ee74f2fee84b296134397e2b ......
	 orig commit -> 325aa19598e410672175ed50982f902d4e3f31c5 ......
checking 543bb48dc48b4b65a51d91c9680afbdb573a9fa7 ......
	 orig commit -> a89afe58f1a74aac768a5eb77af95ef4ee15beaa ......
checking 2591bfc682822ad35d78aa547797efad575d3bb4 ......
	 orig commit -> a3761c3c91209b58b6f33bf69dd8bb8ec0c9d925 ......
checking 7af20b60f6dba0df784c19d5669a86fdc43eae1f ......
	 orig commit -> 10a16997db3d99fc02c026cf2c6e6c670acafab0 ......
checking 54fb5c9da6cd665ddee9bcc5645b5f428dbfae2c ......
	 orig commit -> 272e5326c7837697882ce3162029ba893059b616 ......
checking fbfbb996d58ebf5ddd0c2ae36efcb7015dc50e95 ......
	 orig commit -> 50398fde997f6be8faebdb5f38e9c9c467370f51 ......
checking 16515acd5bc33e86985fa93ee1b894815e52cdc5 ......
	 orig commit -> f35f06c35560a86e841631f0243b83a984dc11a9 ......
checking e6265e3680224bd473a9a796469920605ee1b049 ......
	 orig commit -> 0ff4e8c61b794a4bf6c854ab071a1abaaa80f358 ......
checking 19b0a7f5a0835b86a0aff57fc51ba1fffbe704c1 ......
	 orig commit -> 8f71370f4b02730e8c27faf460af7a3586e24e1f ......
checking 43f47331a4ce7c335582d9300f62ad583e07d707 ......
	 orig commit -> 0b3d6e6f2dd0a7b697b1aa8c167265908940624b ......
checking 576f22ac47ba3d5cd8474bfee51cb821aeeb3b92 ......
	 orig commit -> 6147e136ff5071609b54f18982dea87706288e21 ......
checking c4f103f6ac3a0ede5ec8da465db767604e647968 ......
	 orig commit -> ede885ecb2cdf8a8dd5367702e3d964ec846a2d5 ......
checking 93d60348edcbaa3ea039ba1a5913914077c175ab ......
	 orig commit -> 9b39b013037fbfa8d4b999345d9e904d8a336fc2 ......
checking df4106f23d0b2eecd13fb89784f7cbba070d2b1c ......
	 orig commit -> dade58ed5af6365ac50ff4259c2a0bf31219e285 ......
checking a5277bcc1b7d2d06da310503fc6afc9189ae4875 ......
	 orig commit -> 07d7e12091f4ab869cc6a4bb276399057e73b0b3 ......
checking 5db86e2a9b364b06e8a7b7f4f73f1339cf2436f6 ......
	 orig commit -> f324fa58327791b2696628b31480e7e21c745706 ......
checking 53bb8444eab276a9405cefaed4d8351cb6cc4fba ......
	 orig commit -> 45efd871bf0a47648f119d1b41467f70484de5bc ......
checking 41cf8111f3cbbc2be3a9f6e2b2e004b76a5784f0 ......
	 orig commit -> d006e95b5561f708d0385e9677ffe2c46f2ae345 ......
checking ba5765a243ed004172dd1cd8174888c8eefec04c ......
	 orig commit -> 09f91381fa5de1d44bc323d8bf345f5d57b3d9b5 ......
checking 9a62d69114d73e706fc03420314d8e9622cd580a ......
	 orig commit -> c6f3c5ee40c10bb65725047a220570f718507001 ......
checking b3a8a3728d7e88c11aec68322223a26636afc86f ......
	 orig commit -> cae30527901d9590db0e12ace994c1d58bea87fd ......
checking bfea74941d6d32b94913d946bdf27d2c27d0bf5d ......
	 orig commit -> 80690a276f444a68a332136d98bfea1c338bc263 ......
checking c6d25f0b3653814c4c0e341336d97fb52a0a8cd6 ......
	 orig commit -> ea5c7eba216e832906e594799b8670f1954a588c ......
checking 73b50a56e51edcd78ef7602afe75083d640548e8 ......
	 orig commit -> 212ac181c158c09038c474ba68068be49caecebb ......
checking d4b4aeea5506349a68adc9d2c372c8fa2416d790 ......
	 orig commit -> c5781ffbbd4f742a58263458145fe7f0ac01d9e0 ......
	 orig commit -> b233720031a480abd438f2e9c643080929d144c3 ......
checking ed52b07bd698513edb66704aa09caa4d737348c1 ......
	 orig commit -> c8b1917c8987a6fa3695d479b4d60fbbbc3e537b ......
		 c8b1917c8987a6fa3695d479b4d60fbbbc3e537b has problem. Fixes commit -> 2c2a2fb1e2a9256714338875bede6b7cbd4b9542
commit 99ae2bd0772f7fd943513ebba5cbae3899c02b13
Author: Rafael J. Wysocki <rafael.j.wysocki@intel.com>
Date:   Tue Apr 30 11:18:21 2019 +0200

    Revert "ACPICA: Clear status of GPEs before enabling them"
    
    commit 2c2a2fb1e2a9256714338875bede6b7cbd4b9542 upstream.
    
    Revert commit c8b1917c8987 ("ACPICA: Clear status of GPEs before
    enabling them") that causes problems with Thunderbolt controllers
    to occur if a dock device is connected at init time (the xhci_hcd
    and thunderbolt modules crash which prevents peripherals connected
    through them from working).
    
    Commit c8b1917c8987 effectively causes commit ecc1165b8b74 ("ACPICA:
    Dispatch active GPEs at init time") to get undone, so the problem
    addressed by commit ecc1165b8b74 appears again as a result of it.
    
    Fixes: c8b1917c8987 ("ACPICA: Clear status of GPEs before enabling them")
    Link: https://lore.kernel.org/lkml/s5hy33siofw.wl-tiwai@suse.de/T/#u
    Link: https://bugzilla.opensuse.org/show_bug.cgi?id=1132943
    Reported-by: Michael Hirmke <opensuse@mike.franken.de>
    Reported-by: Takashi Iwai <tiwai@suse.de>
    Cc: 4.17+ <stable@vger.kernel.org> # 4.17+
    Signed-off-by: Rafael J. Wysocki <rafael.j.wysocki@intel.com>
    Signed-off-by: Greg Kroah-Hartman <gregkh@linuxfoundation.org>
checking 370004024aec354bcab509bb506b939cf43b4265 ......
	 orig commit -> a165dcc923ada2ffdee1d4f41f12f81b66d04c55 ......
checking 4ebab60d6561f992949bdab2a213c1cac8472a6b ......
	 orig commit -> 7c0cca7c847e6e019d67b7d793efbbe3b947d004 ......
checking 894dc8495898cf6075eadf99fd496374decd3986 ......
	 orig commit -> c7084edc3f6d67750f50d4183134c4fb5712a5c8 ......
checking 902eaef7781cef521dba7e0299b24e5f4b78b688 ......
	 orig commit -> c8a43c18a97845e7f94ed7d181c11f41964976a2 ......
checking 40177a7931e0043f9f5016e370c0695e4bae6b19 ......
	 orig commit -> 89259088c1b7fecb43e8e245dc931909132a4e03 ......
checking c2d27b330a983d176311c1368037baa315fa0fd6 ......
	 orig commit -> 8866df9264a34e675b4ee8a151db819b87cce2d3 ......
		 8866df9264a34e675b4ee8a151db819b87cce2d3 has problem. Fixes commit -> 89259088c1b7fecb43e8e245dc931909132a4e03
commit 40177a7931e0043f9f5016e370c0695e4bae6b19
Author: Florian Westphal <fw@strlen.de>
Date:   Fri Apr 12 10:55:03 2019 -0700

    netfilter: nfnetlink_cttimeout: fetch timeouts for udplite and gre, too
    
    commit 89259088c1b7fecb43e8e245dc931909132a4e03 upstream
    
    syzbot was able to trigger the WARN in cttimeout_default_get() by
    passing UDPLITE as l4protocol.  Alias UDPLITE to UDP, both use
    same timeout values.
    
    Furthermore, also fetch GRE timeouts.  GRE is a bit more complicated,
    as it still can be a module and its netns_proto_gre struct layout isn't
    visible outside of the gre module. Can't move timeouts around, it
    appears conntrack sysctl unregister assumes net_generic() returns
    nf_proto_net, so we get crash. Expose layout of netns_proto_gre instead.
    
    A followup nf-next patch could make gre tracker be built-in as well
    if needed, its not that large.
    
    Last, make the WARN() mention the missing protocol value in case
    anything else is missing.
    
    Reported-by: syzbot+2fae8fa157dd92618cae@syzkaller.appspotmail.com
    Fixes: 8866df9264a3 ("netfilter: nfnetlink_cttimeout: pass default timeout policy to obj_to_nlattr")
    Signed-off-by: Florian Westphal <fw@strlen.de>
    Signed-off-by: Pablo Neira Ayuso <pablo@netfilter.org>
    Signed-off-by: Zubin Mithra <zsm@chromium.org>
    Signed-off-by: Sasha Levin (Microsoft) <sashal@kernel.org>
checking 564f0391b7834528a6b96d0ad0b6c70683e9b37f ......
checking 3412671a781bf47b7b38c9f08b0bc7d2b8dec923 ......
	 orig commit -> 5f074f3e192f10c9fade898b9b3b8812e3d83342 ......
checking c7415f2a3ad65d78c13b203364c843347a443254 ......
	 orig commit -> ac3e233d29f7f77f28243af0132057d378d3ea58 ......
checking f66a52d991de7ca6c6dc7db768b50e6a28916d1f ......
	 orig commit -> ad15006cc78459d059af56729c4d9bed7c7fd860 ......
checking 23605a4664ae8658ddbbbac4f75c404eb7e4715d ......
	 orig commit -> 02826a6ba301b72461c3706e1cc66d5571cd327e ......
checking da9b353c78b8cb18de6f9f38948e6ffc1ec460c7 ......
	 orig commit -> e28408e98bced123038857b6e3c81fa12a2e3e68 ......
checking e2d92a74a353b055e12414583d06da441a7262a1 ......
	 orig commit -> 5ec983e924c7978aaec3cf8679ece9436508bb20 ......
checking eab86503fec0e8a5767fa574ed73b3212bf90b1b ......
	 orig commit -> 8e949363f017e2011464812a714fb29710fb95b4 ......
checking b787544dc5e707fec86161b881391eb9342806e6 ......
	 orig commit -> 288ac524cf70a8e7ed851a61ed2a9744039dae8d ......
checking 55a7f7b20c409d89bfc0af83de50737fd126f7a4 ......
	 orig commit -> 9a5a90d167b0e5fe3d47af16b68fd09ce64085cd ......
checking a2ef7723a13c6d6909371a5a4b640a266ae07b8b ......
	 orig commit -> 2a3cabae4536edbcb21d344e7aa8be7a584d2afb ......
checking 5c6f2f4c0e9f91daa436d118a7f5c2142541e4ac ......
	 orig commit -> 492b67e28ee5f2a2522fb72e3d3bcb990e461514 ......
checking ecee513a5273b87ac942af435f98f31d8622b415 ......
	 orig commit -> 8e44e96c6c8e8fb80b84a2ca11798a8554f710f2 ......
checking d2d055a554036b0240f296743942b8111fd4ce97 ......
	 orig commit -> a1b0e4e684e9c300b9e759b46cb7a0147e61ddff ......
checking a333fcc410753b51742f3cb01ad123d4988958fb ......
	 orig commit -> c3e1f7fff69c78169c8ac40cc74ac4307f74e36d ......
checking 81da1314596c88aa9e0e8dd610812b3f86afa5a5 ......
	 orig commit -> c8ba5b91a04e3e2643e48501c114108802f21cda ......
checking c297e881457882b2121d2c539fd7e75a0977f8cd ......
	 orig commit -> 80a2a9026b24c6bd34b8d58256973e22270bedec ......
checking 9441317513b726864375b3d26c98d371417a13ec ......
	 orig commit -> bc87a0036826a37b43489b029af8143bd07c6cca ......
checking 0516ef27ddba5d46c6879fe5136fbdef441d9047 ......
	 orig commit -> 8c83f2df9c6578ea4c5b940d8238ad8a41b87e9e ......
checking 7243e35209567783916eeb51669c886564a5a1be ......
	 orig commit -> b506bc975f60f06e13e74adb35e708a23dc4e87c ......
checking 0e0afb06e11c7497893d3066d9474ad9761fe76b ......
	 orig commit -> aecfde23108b8e637d9f5c5e523b24fb97035dc3 ......
checking 87349583e517f5964e703a9404c06d89c97b65e3 ......
	 orig commit -> 09279e615c81ce55e04835970601ae286e3facbe ......
checking 1e4a7e7869acc57987d0e0b2ecf53b9a74fb911a ......
	 orig commit -> b75bb8a5b755d0c7bf1ac071e4df2349a7644a1e ......
checking 84dc2f872d2d70bfd045b0ef716d5b55b5e1ae13 ......
	 orig commit -> 6289d0facd9ebce4cc83e5da39e15643ee998dc5 ......
checking ec0e32da41a6a153be67ce105b5e45d814dcba77 ......
	 orig commit -> f28cd2af22a0c134e4aa1c64a70f70d815d473fb ......
checking eeedfa94c195049e27d71b2222bb9be425bce0bc ......
	 orig commit -> 0db6f8befc32c68bb13d7ffbb2e563c79e913e13 ......
checking 15c0770e2e83aa43cfa851be5edef81b06fcdf3f ......
	 orig commit -> fae2708174ae95d98d19f194e03d6e8f688ae195 ......
checking 78b4bf26a8a76569fd6d0b47d98fb553c333b06f ......
	 orig commit -> cb66ddd156203daefb8d71158036b27b0e2caf63 ......
checking a1c2f3229734a4bb8d5ac008c0a67e025aa11547 ......
	 orig commit -> 355b98553789b646ed97ad801a619ff898471b92 ......
checking 53a1906859a2ec1d2b5c33102086ce3e03ec0b37 ......
	 orig commit -> e8b26b2135dedc0284490bfeac06dfc4418d0105 ......
checking b87ec81362ac54ad33a001fffb11d1b9d9a28fc8 ......
	 orig commit -> 0ab03f353d3613ea49d1f924faf98559003670a8 ......
checking 80c205813d3f5d7a912c73487d1ee6d76a696af1 ......
	 orig commit -> 3d8830266ffc28c16032b859e38a0252e014b631 ......
checking b7b058315577de56aff6bdcd836c8ec60cdb25a4 ......
	 orig commit -> 3c446e6f96997f2a95bf0037ef463802162d2323 ......
checking 42f1fa0fcf55e531186e84d396c3621869a8edf6 ......
	 orig commit -> bb9bd814ebf04f579be466ba61fc922625508807 ......
checking ea06796f8857b41c603b243590c968eb6b70ab41 ......
	 orig commit -> ef0efcd3bd3fd0589732b67fb586ffd3c8705806 ......
checking 8e4b4da3d3d9c163fef201cb9cf76c17a6e932e4 ......
	 orig commit -> b2e54b09a3d29c4db883b920274ca8dca4d9f04d ......
checking 167019572ca89fee8ad8dc98c70203c105c97e53 ......
	 orig commit -> bbd669a868bba591ffd38b7bc75a7b361bb54b04 ......
checking 9a7c4f5acc0e1f2fafa6867af639a4ebbe1fc69c ......
	 orig commit -> 1b704c4a1ba95574832e730f23817b651db2aa59 ......
checking 902eca1a0ccfd2661106731db3a74b2304f31217 ......
	 orig commit -> 897bc3df8c5aebb54c32d831f917592e873d0559 ......
checking 8ad895bf4b8bb365d074af01ab9deead7130246d ......
	 orig commit -> 663a50ceac75c2208d2ad95365bc8382fd42f44d ......
checking 646f8e01fc37f383c82eb497f925759fefe440c8 ......
	 orig commit -> 9ebdfe5230f2e50e3ba05c57723a06e90946815a ......
