checking 2a7cb228d29c3882c1414c10a44c5f3f59bfa44d ......
checking b4c7c826709b7d882ec9b264d5032e887e6bd720 ......
	 orig commit -> d6fd0ae25c6495674dc5a41a8d16bc8e0073276d ......
checking 5f286ec243d3cf94674b7ffa281cbc2c09428a58 ......
	 orig commit -> d7dcdf9d4e15189ecfda24cc87339a3425448d5c ......
checking b2d58756858822778044de2a6a6f2e26bdc90873 ......
	 orig commit -> 86880d646122240596d6719b642fee3213239994 ......
checking cab9d27671db270b9fb8f4ed5d3a52cbc94c6438 ......
	 orig commit -> ece27a337d42a3197935711997f2880f0957ed7e ......
checking eb296b2d315bcfaabe9dcd7c43b6795f1fd0f07a ......
	 orig commit -> 8469636ab5d8c77645b953746c10fda6983a8830 ......
checking 9d5db5becd74e2d968d846cf0818c0e3ddbad3d6 ......
	 orig commit -> 0544ee4b1ad574aec3b6379af5f5cdee42840971 ......
checking 9be9c23a507a52b864e8f1d9741d99fbc3572d59 ......
	 orig commit -> 6c7f25cae54b840302e4f1b371dbf318fbf09ab2 ......
checking 8175f9d3978921a2e89d236fac2e07b64d59622d ......
	 orig commit -> 993107fea5eefdfdfde1ca38d3f01f0bebf76e77 ......
checking 50dc13e2b3c6d1187e4071838f82c16264b6015d ......
	 orig commit -> c38f57da428b033f2721b611d84b1f40bde674a8 ......
checking b5a8028c25f3f3c3bbbe09646fe331a570189cbf ......
	 orig commit -> 6e785302dad32228819d8066e5376acd15d0e6ba ......
checking e6a5c4948c2c6c8a288bf88b7937740d840c9d5e ......
	 orig commit -> e594a5e349ddbfdaca1951bb3f8d72f3f1660d73 ......
checking 10197442f1fbddc95a397aed07a457bd66216fdb ......
	 orig commit -> b5fd2e00a60248902315fb32210550ac3cb9f44c ......
checking d689c1371d18eb00fd9d7233dcf795dfffc348ff ......
	 orig commit -> e3f5df762d4a6ef6326c3c09bc9f89ea8a2eab2c ......
checking 878275fa3e75d6ffd3062013526695a440283ed3 ......
	 orig commit -> 0a9b89b2e2e7b6d90f81ddc47e489be1043e01b1 ......
checking e6a57a90b37140cc0c764f268f568660f0b9c70b ......
	 orig commit -> 0fb628f0f250c74b1023edd0ca4a57c8b35b9b2c ......
		 0fb628f0f250c74b1023edd0ca4a57c8b35b9b2c has problem. Fixes commit -> 8b318f30ab4ef9bbc1241e6f8c1db366dbd347f2
commit 816e3e2258e893b62ae5cab8851c8e2173b1390d
Author: Antoine Tenart <antoine.tenart@bootlin.com>
Date:   Fri Mar 1 11:52:08 2019 +0100

    net: mvpp2: fix validate for PPv2.1
    
    [ Upstream commit 8b318f30ab4ef9bbc1241e6f8c1db366dbd347f2 ]
    
    The Phylink validate function is the Marvell PPv2 driver makes a check
    on the GoP id. This is valid an has to be done when using PPv2.2 engines
    but makes no sense when using PPv2.1. The check done when using an RGMII
    interface makes sure the GoP id is not 0, but this breaks PPv2.1. Fixes
    it.
    
    Fixes: 0fb628f0f250 ("net: mvpp2: fix phylink handling of invalid PHY modes")
    Signed-off-by: Antoine Tenart <antoine.tenart@bootlin.com>
    Signed-off-by: David S. Miller <davem@davemloft.net>
    Signed-off-by: Sasha Levin <sashal@kernel.org>
checking f124acc92c839a862fb46a6cf049017f389a7637 ......
	 orig commit -> 01b3fd5ac97caffb8e5d5bd85086da33db3b361f ......
		 01b3fd5ac97caffb8e5d5bd85086da33db3b361f has problem. Fixes commit -> 006791772084383de779ef29f2e06f3a6e111e7d
commit e3ba5b266e6bba422770a7201576220b8c609726
Author: Antoine Tenart <antoine.tenart@bootlin.com>
Date:   Tue Dec 11 17:32:28 2018 +0100

    net: mvpp2: 10G modes aren't supported on all ports
    
    [ Upstream commit 006791772084383de779ef29f2e06f3a6e111e7d ]
    
    The mvpp2_phylink_validate() function sets all modes that are
    supported by a given PPv2 port. A recent change made all ports to
    advertise they support 10G modes in certain cases. This is not true,
    as only the port #0 can do so. This patch fixes it.
    
    Fixes: 01b3fd5ac97c ("net: mvpp2: fix detection of 10G SFP modules")
    Cc: Baruch Siach <baruch@tkos.co.il>
    Signed-off-by: Antoine Tenart <antoine.tenart@bootlin.com>
    Signed-off-by: David S. Miller <davem@davemloft.net>
    Signed-off-by: Greg Kroah-Hartman <gregkh@linuxfoundation.org>
checking 42d040e2c7b97ff2ff5c1cb5d097aa6a057d0ba2 ......
	 orig commit -> 70bb27b79adf63ea39e37371d09c823c7a8f93ce ......
checking 4c2efd8cf5d9138d83f772bab8f00d5f771c41a7 ......
	 orig commit -> ecb239d96d369c23c33d41708646df646de669f4 ......
checking 80eaec9b94bccbd752b41523e160b63a4711a7f2 ......
	 orig commit -> c2a3831df6dc164af66d8d86cf356a90c021b86f ......
checking 5cb9667104e8de4d0a7ae0a6e5647d7b9055cb94 ......
	 orig commit -> 3d0358d0ba048c5afb1385787aaec8fa5ad78fcc ......
checking b3d52556794c0ab021667b54551685d812d500ca ......
	 orig commit -> a1208f6a822ac29933e772ef1f637c5d67838da9 ......
checking 6ffd9f25c0e957ade0afb0a437cfc08cd31deffc ......
	 orig commit -> c3494801cd1785e2c25f1a5735fa19ddcf9665da ......
		 c3494801cd1785e2c25f1a5735fa19ddcf9665da has problem. Fixes commit -> 86edaed379632e216a97e6bcef9f498b64522d50
checking efda3b1d90e50e9af078a7248909acfd8f13cc0a ......
	 orig commit -> 1b603f9e4313348608f256b564ed6e3d9e67f377 ......
checking 4ae4046a124689e2808363bf5fe736b25ca6464d ......
	 orig commit -> a74515604a7b171f2702bdcbd1e231225fb456d0 ......
checking 2ef6e0fe383f797a5c492767b7ade124430e9018 ......
	 orig commit -> 59f997b088d26a774958cb7b17b0763cd82de7ec ......
checking 2ed4392b0bb3e80bdf9d0bfeffc2651910951ff1 ......
	 orig commit -> fd6f32f78645db32b6b95a42e45da2ddd6de0e67 ......
checking 62a866ed4c4860a2fbd3420f90660371324ae3e5 ......
	 orig commit -> 6c3516fed7b61a3527459ccfa67fab130d910610 ......
checking 65905f7b90332944c3baf6cbc45e1da50065f7ba ......
	 orig commit -> 5a6dab15f7a79817cab4af612ddd99eda793fce6 ......
checking 8e09f402321ebf81ac5ae1dd0b55e2265339706e ......
	 orig commit -> 2e85c57493e391b93445c1e0d530b36b95becc64 ......
checking 70c8839464419610b969dbeb90d4f0bf854ec9a3 ......
	 orig commit -> d9f5b7f5dd0fa74a89de5a7ac1e26366f211ccee ......
checking 92bc065001a67af993c582f332d166c72109e499 ......
	 orig commit -> 10cb3e6b63bf4266a5198813526fdd7259ffb8be ......
checking ee404810e01ed63c927e5667de9f40f2f1f0fd07 ......
	 orig commit -> 098336deb946f37a70afc0979af388b615c378bf ......
checking 38b579de0b9ac3919475819d6fb2e543c5dbf5eb ......
	 orig commit -> ce25aa3ee6939d83979cccf7adc5737cba9a0cb7 ......
checking b7c819a03ae804839fc32314a6dd63ceaf329f4c ......
	 orig commit -> 081679c51ef2fd7b23cf9ddb7d775b17f75de18c ......
checking 80f68af97440d05e2aea9b9b9d3da16e278ebb4f ......
	 orig commit -> ee4456359640defe3f51cc6b728bfce4bc444c9e ......
checking 580fd7b5452c311f28c2e554e50d8cf335a96af3 ......
	 orig commit -> a51921c0db3fd26c4ed83dc0ec5d32988fa02aa5 ......
checking b37b7d5b9086ed417bd0ac7eeb7f927346a059c9 ......
	 orig commit -> dac097c4546e4c5b16dd303a1e97c1d319c8ab3e ......
checking 78e974363bbc9371f51cec4faec340c517b1f311 ......
	 orig commit -> 6bd520ab7cf69486ea81fd3cdfd2d5a390ad1100 ......
checking 90d62a36352a679a9bfadaf2068b2f897409054e ......
	 orig commit -> 87d81a23e24f24ebe014891e8bdf3ff8785031e8 ......
checking 20595815b058dc7d7ae9d16169e20407f71be2d6 ......
	 orig commit -> 0a9a4304f3614e25d9de9b63502ca633c01c0d70 ......
checking de956d40781191903c7eb8e6843b0cb506ab1f43 ......
	 orig commit -> ad3cba223ac02dc769c3bbe88efe277bbb457566 ......
checking b0cf59188ec238b2110332d3ead4ac7910968403 ......
	 orig commit -> c0f53771ba45745e5870daf880127925c93f232f ......
checking 85099bea974387501dcde072e2eccb7317ec59ee ......
	 orig commit -> c01ac66b38660f2b507ccd0b75d28e3002d56fbb ......
checking aa4540d8cc87a51bb257984cbaf510f4961f5ffc ......
	 orig commit -> 3b5b3a3331d141e8f2a7aaae3a94dfa1e61ecbe4 ......
checking 43f5afa3eaae85126c8aa9140b89c88849337dbd ......
	 orig commit -> 37c4b91f955fdd5f4ad771956b97d35f1321098e ......
checking 0df6d609c5d288e7557ac22af9e0f167216ae813 ......
	 orig commit -> 5f2b8b62786853341a20d4cd4948f9cbca3db002 ......
checking bf69dc3cb1b8a72652ed44020678b6dbefa713fc ......
	 orig commit -> 10d443431dc2bb733cf7add99b453e3fb9047a2e ......
checking dbb0f9e74655a636f415c37dd66d92deb5237a65 ......
	 orig commit -> 3bfa8897e4d08f822d1d58cf6cbbffbccef82e08 ......
checking 546486c5b196423d7a2109583ae4c516954b2932 ......
	 orig commit -> d6e820fcd4cf08b11d291a1dd7bbd0636914647c ......
checking 01ba4fd989471609f84ff1cd1cc24e928d8cb3e6 ......
	 orig commit -> 3b712e43e3876b42b38321ecf790a1f5fe59c834 ......
checking 801f12d991bcbceff9f61e0380c34d51375f697c ......
	 orig commit -> 8531f0587f5c9e1a74cd9543a97617349f5e0706 ......
checking d60ec2e702980d197a24819f7daa5c8671d55ec0 ......
	 orig commit -> 47e7f506ee6590ceb2efa1f08aca7f9f2ee5c1d3 ......
checking 7de8218615d3f9dc82b2e0950e034e6fcc3a516e ......
	 orig commit -> 51270de91412b819f654b849db3bf92dac0a0855 ......
checking 35516413ae5a3b3b133e34d072c2608706b5b585 ......
	 orig commit -> 482f96324a4e08818db7d75bb12beaaea6c9561d ......
checking 985dea32ba5745bdf41aa2edd7cf86470ca8901b ......
	 orig commit -> 79c2206d369b87b19ac29cb47601059b6bf5c291 ......
checking 3965b4f0c37f4bd92304c9cde538f02cd509ac2c ......
	 orig commit -> c6888879fd55b1ba903c2a770127edbf6aef6f27 ......
checking bdf7c4c84bea8be6403bf448a9da72f3cc8313ed ......
	 orig commit -> 88113957ddb7b7d5451e28cd708c82ea7e63b097 ......
checking 112a7f8e0540795ca80a42f061ab85cd6f1d5333 ......
	 orig commit -> d08489125e04a9f73d9323caea43270fd22d395f ......
checking 8b26fd26d69f55d9e54117dd79552c2ebacc00fa ......
	 orig commit -> 8800cd031af085807028656c6ba7eb7908d78262 ......
checking a58fb8346d3c24658c6b6cd25658cd7adace08c6 ......
	 orig commit -> 02f425f811cefcc4d325d7a72272651e622dc97e ......
checking 13b968d59bb5b26c696af43ef9688f2989acf618 ......
	 orig commit -> 5db6dd14b31397e8cccaaddab2ff44ebec1acf25 ......
checking b288daf8e1da57ecc94d25dcf43bf32405be6a2e ......
	 orig commit -> 0b57436f15bf40e432487086c4f2d01fd3529393 ......
checking 53e0d8ecc83f00612f18d9071e9e15d6ac252205 ......
	 orig commit -> 10f91c73cc41ceead210a905dbd196398e99c7d2 ......
checking ff7d99c424ae7efc3b81497ab83345ff74d3a6b7 ......
	 orig commit -> 05cc09de4c017663a217630682041066f2f9a5cd ......
checking 70b0baddd09bbbc7c0de5e30b9a6b35d8b6493d5 ......
	 orig commit -> 28a9a9e83ceae2cee25b9af9ad20d53aaa9ab951 ......
checking 2658687568cd36cc1250106032d540454c0046c9 ......
	 orig commit -> 7aa54be2976550f17c11a1c3e3630002dea39303 ......
		 7aa54be2976550f17c11a1c3e3630002dea39303 has problem. Fixes commit -> b987ffc18fb3b3b76b059aa9e372dbee26f7c4f2
checking 150f038c9382e92de446caee1754d65c47127341 ......
	 orig commit -> 53bf57fab7321fb42b703056a4c80fc9d986d170 ......
