Check from v4.19.43 to stable-rc/linux-4.19.y
Commit count: 114
checking b5001f5eab58fc1a2a3d5dfc90fa9bb513c73d8a ......
checking 8d7ac7bf3ec3dfc24d02d18a99ebf207416e876d ......
	 orig commit -> 340d455699400f2c2c0f9b3f703ade3085cdb501 ......
checking 4153e580f3114e245e21324b09389bc4e276f90e ......
	 orig commit -> 15becc2b56c6eda3d9bf5ae993bafd5661c1fad1 ......
checking cefa6d205dd46f62ae26191b8bfcb9133faa8761 ......
	 orig commit -> 05f151a73ec2b23ffbff706e5203e729a995cdc2 ......
checking 677faacde3ef938b94aee7d566a10220d10bea2f ......
	 orig commit -> 5266e58d6cd90ac85c187d673093ad9cb649e16d ......
checking 0ad2282ca7c24aeff4cf9b8a1d4bb6700e16ed98 ......
	 orig commit -> a3f3072db6cad40895c585dce65e36aab997f042 ......
checking e40d1f2064dde35ee0fe15177781ed2c85e6a836 ......
	 orig commit -> f39356261c265a0689d7ee568132d516e8b6cecc ......
checking dcb9fe45acbe875ad1aedba0b3c355a8fb9cac23 ......
	 orig commit -> 6a024330650e24556b8a18cc654ad00cfecf6c6c ......
checking d7e85c3dfabe9fbe6d2dfd62ea7898833bc83652 ......
	 orig commit -> c8ea3663f7a8e6996d44500ee818c9330ac4fd88 ......
checking 069e247d0a34ea0a0ded180888ed98605ae33b13 ......
	 orig commit -> ff946833b70e0c7f93de9a3f5b329b5ae2287b38 ......
checking a4d986bd3362af2fd9549ee9e1735fc1f881db3f ......
	 orig commit -> 4014dfae3ccaaf3ec19c9ae0691a3f14e7132eae ......
checking aea8c0a7047e075b8bde2c94a763a42d1acb2bd3 ......
	 orig commit -> 9871a9e47a2646fe30ae7fd2e67668a8d30912f6 ......
checking 3caebe4099b56efbcc0ec5aa4e81a92280d03c03 ......
	 orig commit -> a35d310f03a692bf4798eb309a1950a06a150620 ......
checking b71b13250b960e46119a35bedd92ac072ae0faa4 ......
	 orig commit -> ff6ab32bd4e073976e4d8797b4d514a172cfe6cb ......
checking 0bacff13361d630f1dde1a332f6add2379373af8 ......
	 orig commit -> 873017af778439f2f8e3d87f28ddb1fcaf244a76 ......
checking 8e4ccffe02960ce5da514ce57eabaf1bd0e344d5 ......
	 orig commit -> c7e0d6cca86581092cbbf2cd868b3601495554cf ......
checking 2e79136b4ad6074327054a694b4aa95824e8d7aa ......
	 orig commit -> 36096f2f4fa05f7678bc87397665491700bae757 ......
checking b25e2cc8b25046ef8d7b241763b9831e6ca4afa4 ......
	 orig commit -> ee0df19305d9fabd9479b785918966f6e25b733b ......
checking 96f1ef81f6ab00294d89c3c84a0ab2161918d200 ......
	 orig commit -> 5afcd14cfc7fed1bcc8abcee2cef82732772bfc2 ......
checking 5c36909628e3387a4c527440b12238848e41bc29 ......
	 orig commit -> 0504453139ef5a593c9587e1e851febee859c7d8 ......
checking 5a8e5818b1e1601d56a511ad315f5baec50703c5 ......
	 orig commit -> d4c26eb6e721683a0f93e346ce55bc8dc3cbb175 ......
checking 191ea7d5eb6418ccff2633a598294ffc63180be5 ......
	 orig commit -> 68be930249d051fd54d3d99156b3dcadcb2a1f9b ......
checking 6acd7eaf78f0c9809cee67af0adc3e157c3c50fa ......
	 orig commit -> 19e4e768064a87b073a4b4c138b55db70e0cfb9f ......
checking c26cdb8f8217086610d6296f23d5acf31b2515c6 ......
	 orig commit -> e9919a24d3022f72bcadc407e73a6ef17093a849 ......
checking cd2c7dda935b9be6e1113fe698a8f75dcfcfc74a ......
	 orig commit -> 17170e6570c082717c142733d9a638bcd20551f8 ......
checking 58f8fa3023506874ea90712d135c4fe21910763f ......
	 orig commit -> bdfad5aec1392b93495b77b864d58d7f101dc1c1 ......
checking 40f0f2561e0070b89e276bc5287c078c369ffe73 ......
	 orig commit -> a9b8a2b39ce65df45687cf9ef648885c2a99fe75 ......
checking e38d7fbe8e6d445021c5c5b5bc43f559db0ca407 ......
	 orig commit -> 42e2acde1237878462b028f5a27d9cc5bea7502c ......
checking b79232847673485b2b6ec46c13f44e2a4cb48171 ......
	 orig commit -> 9ca19a3a3e2482916c475b90f3d7fa2a03d8e5ed ......
checking d5bacd6e3e009ccff5d7e772399405eaff6e79c9 ......
	 orig commit -> 4f4fd7c5798bbdd5a03a60f6269cf1177fbd11ef ......
checking 099d00833ebee02eeed954aee2f1e0b9cf12664e ......
	 orig commit -> 84242b82d81c54e009a2aaa74d3d9eff70babf56 ......
checking b29e51c6de2bcb5f24c2ba47af36136701d5333f ......
	 orig commit -> 6b583201fa219b7b1b6aebd8966c8fd9357ef9f4 ......
checking 7a231dd959f62a9c17f2d7d3db523a34cc48b11a ......
	 orig commit -> 51c8d24101c79ffce3e79137e2cee5dfeb956dd7 ......
checking 2dea98d3c2d5ba922cb362f7ec85360c40132709 ......
	 orig commit -> b191fa96ea6dc00d331dcc28c1f7db5e075693a0 ......
checking a2b6c0607ec4b4187a08ac37bc3a2e2e0b1683e5 ......
	 orig commit -> 6491d698396fd5da4941980a35ca7c162a672016 ......
checking d5f315ea104adab55b0f9b61cd9104f09e60f2df ......
	 orig commit -> d7ee81ad09f072eab1681877fc71ec05f9c1ae92 ......
checking 575bd42a62e6da75f263c619e871adcb49de21a5 ......
	 orig commit -> 4a9c2e3746e6151fd5d077259d79ce9ca86d47d7 ......
checking 998aa957b71a701f4263eb9fc705c5f48ca7af7e ......
	 orig commit -> 5a03bc73abed6ae196c15e9950afde19d48be12c ......
checking 3ec670492e05e27fe932b507ee0c5100f32e39cc ......
	 orig commit -> b442fed1b724af0de087912a5718ddde1b87acbb ......
checking 7198ffd1941aa9858251d36fdd88fe621cf2dcbf ......
	 orig commit -> 4af0699782e2cc7d0d89db9eb6f8844dd3df82dc ......
checking 67c7b17627052df24cbcdc91f5b731a730a201b0 ......
	 orig commit -> a8c133b06183c529c51cd0d54eb57d6b7078370c ......
checking 476f29ebecf289a407c04a30bd3ac89e2dd600e3 ......
	 orig commit -> d4d0e40977ac450f32f2db5e4d8e23c9d2578899 ......
checking 588ea4b6a7b1b54a5b24d68ffeed6c82ee6f9644 ......
	 orig commit -> d7c3a206e6338e4ccdf030719dec028e26a521d5 ......
checking 96c69d56fdb0fd82d04610f1aae09386741f76fa ......
	 orig commit -> b25a31bf0ca091aa8bdb9ab329b0226257568bbe ......
checking bab9a8d6334d6fd7d0a6e115ea6a411fb70fbe20 ......
	 orig commit -> 3f3a390dbd59d236f62cff8e8b20355ef7069e3d ......
checking 879343eff90e83e3040b954d8ba7b57aaf8a05b9 ......
	 orig commit -> e82adc1074a7356f1158233551df9e86b7ebfb82 ......
checking 5d6a74cec181854c0205ba67555beefd66255aad ......
	 orig commit -> cae85cb8add35f678cf487139d05e083ce2f570a ......
checking 092bbc4aba6ad4d9a02b2a842dee732f2dc6b2a8 ......
	 orig commit -> 5ceaeb99ffb4dc002d20f6ac243c19a85e2c7a76 ......
checking f4b004b7c220f406a9ce6860c592dc69b22dbd95 ......
	 orig commit -> 88b9a3d1425a436e95c41f09986fdae2daee437a ......
checking 683cf9a590f8effd447f930c93e4f0cd71139bcd ......
	 orig commit -> 1b5fc84aba170bdfe3533396ca9662ceea1609b7 ......
checking 951d0565eeeb18e9207167b9c42733142534d502 ......
	 orig commit -> 89c02e69fc5245f8a2f34b58b42d43a737af1a5e ......
checking f3263f6c967e11901e467892433d4d16341a92ef ......
	 orig commit -> 2557fabd6e29f349bfa0ac13f38ac98aa5eafc74 ......
checking 3ab63424c28e17abf1927ba2613dcb75498c5378 ......
	 orig commit -> bce1a78423961fce676ac65540a31b6ffd179e6d ......
checking fdb9e38eebd416cd8cbb4c8c32fad692246838fb ......
	 orig commit -> e02bc29b2cfa7806830d6da8b2322cddd67e8dfe ......
checking a91b55d718485cbe885b8dc624b0524aec721e08 ......
	 orig commit -> d04830531d0c4a99c897a44038e5da3d23331d2f ......
checking c8129e29f2ed2ea595ebe1a102859c9b3cf358c5 ......
	 orig commit -> 2f23a2a768bee7ad2ff1e9527c3f7e279e794a46 ......
checking 0d99504320d58e4935330a23c1bd20cc6708fb78 ......
	 orig commit -> c3143967807adb1357c36b68a7563fc0c4e1f615 ......
checking f436390d5fba57b37d8d6a1cc340ee44f21e9531 ......
	 orig commit -> 7bcde275eb1d0ac8793c77c7e666a886eb16633d ......
checking 57f88114895a8e99eb2f16ade5193e9df122ded2 ......
	 orig commit -> d4fad0a426c6e26f48c9a7cdd21a7fe9c198d645 ......
checking 196970d0e833e873e4d15109284f061161c4ebfd ......
	 orig commit -> d48668052b2603b6262459625c86108c493588dd ......
checking ab0e3e2ebd72f00e7dc4109ef107a2690adf141e ......
	 orig commit -> 30c04d796b693e22405c38e9b78e9a364e4c77e6 ......
checking 1354b43745e7d2facceb3e7ebfda7f23eadd6b52 ......
	 orig commit -> f5a9ed867c83875546c9aadd4ed8e785e9adcc3c ......
		 f5a9ed867c83875546c9aadd4ed8e785e9adcc3c has problem. Fixes commit -> e02bc29b2cfa7806830d6da8b2322cddd67e8dfe
commit fdb9e38eebd416cd8cbb4c8c32fad692246838fb
Author: Paul Kocialkowski <paul.kocialkowski@bootlin.com>
Date:   Wed Apr 24 11:04:13 2019 +0200

    drm/sun4i: Unbind components before releasing DRM and memory
    
    [ Upstream commit e02bc29b2cfa7806830d6da8b2322cddd67e8dfe ]
    
    Our components may still be using the DRM device driver (if only to
    access our driver's private data), so make sure to unbind them before
    the final drm_dev_put.
    
    Also release our reserved memory after component unbind instead of
    before to match reverse creation order.
    
    Fixes: f5a9ed867c83 ("drm/sun4i: Fix component unbinding and component master deletion")
    Signed-off-by: Paul Kocialkowski <paul.kocialkowski@bootlin.com>
    Reviewed-by: Chen-Yu Tsai <wens@csie.org>
    Link: https://patchwork.freedesktop.org/patch/msgid/20190424090413.6918-1-paul.kocialkowski@bootlin.com
    Signed-off-by: Sasha Levin <sashal@kernel.org>
checking 047aaf6c8502d4955d5e79aef3fe8f4746e1f320 ......
	 orig commit -> 02b92adbe33e6dbd15dc6e32540b22f47c4ff0a2 ......
checking 6ffa890baf27d7cd14ee77a4ed02ca21a6390fb9 ......
	 orig commit -> 27b141fc234a3670d21bd742c35d7205d03cbb3a ......
checking 55c06f6f4ad1545843f2097fc5af78a60fc59810 ......
	 orig commit -> a1e8783db8e0d58891681bc1e6d9ada66eae8e20 ......
checking 06db71ea7c9ed94cd944d672408934a29b3efc3f ......
	 orig commit -> 33d1c018179d0a30c39cc5f1682b77867282694b ......
checking 16174f987c0b36c0d3c52b7563f032a84cb3b8eb ......
	 orig commit -> 3c79107631db1f7fd32cf3f7368e4672004a3010 ......
checking 6093576126cb216d057accf179e2c56e6661d9e9 ......
	 orig commit -> 0261ea1bd1eb0da5c0792a9119b8655cf33c80a3 ......
checking b7071b3321a0ec6ce83e8fbb8851d17db891ccb8 ......
	 orig commit -> becf2319f320cae43e20cf179cc51a355a0deb5f ......
checking d0ebe6a90f04a118c8565fdcc74e28c320c48a0b ......
	 orig commit -> 6041186a32585fc7a1d0f6cfe2f138b05fdc3c82 ......
checking 92dfe93e3acb8d69d931e72d80ef527ea2ecf69e ......
	 orig commit -> 3b991208b897f52507168374033771a984b947b1 ......
checking ad137e63790c6eb2ed980eac3b4f0957153eaf2c ......
	 orig commit -> 144ec97493af34efdb77c5aba146e9c7de8d0a06 ......
checking f4a3ac97c8710bbd8707158fde7a6ef0fe662d94 ......
	 orig commit -> a8fd48b50deaa20808bbf0f6685f6f1acba6a64c ......
checking 2ad07d3a5c2f92448d0511c9e3f2b3aa0b5299f0 ......
	 orig commit -> a885bcfd152f97b25005298ab2d6b741aed9b49c ......
checking 25977a1ef67034be560caf452008985f23c8c6d5 ......
	 orig commit -> f32c2877bcb068a718bb70094cd59ccc29d4d082 ......
checking 4f527107defb98c4e612254460764e2950b9fedd ......
	 orig commit -> 7a223e06b1a411cef6c4cd7a9b9a33c8d225b10e ......
checking 9032d6c147753da9fc143f890842e9d5c6a9df54 ......
	 orig commit -> 1d487e9bf8ba66a7174c56a0029c54b1eca8f99c ......
checking 5da3ad5b62fbbfdf79e581e4a5ec45a14b81efe8 ......
	 orig commit -> 0082517fa4bce073e7cf542633439f26538a14cc ......
checking b557cc444679273e0f40bd7068fa7eeed627837f ......
	 orig commit -> 6a03469a1edc94da52b65478f1e00837add869a3 ......
checking 30e676a46f9342a5f10054696427d607194da180 ......
	 orig commit -> 6b1f16ba730d4c0cda1247568c3a1bf4fa3a2f2f ......
checking 5d9aab9c84c2be6e93f8b8ccf12bdde223ea7d8f ......
	 orig commit -> c238bfe0be9ef7420f7669a69e27c8c8f4d8a568 ......
checking dbea1282682c0eb05ba91853b651cdbe12f5fd81 ......
	 orig commit -> 21bd68f196ca91fc0f3d9bd1b32f6e530e8c1c88 ......
checking b194c84d9fbf05bd98de5f057c2105ebf7fee066 ......
	 orig commit -> 1dc2b3d65523780ed1972d446c76e62e13f3e8f5 ......
checking 7e177645e4ad714f3bd5ada9fd06d1282cd98d09 ......
	 orig commit -> 0a2c34f18c94b596562bf3d019fceab998b8b584 ......
checking ffc50dd769b092bb04ed3584bd5ad7fa22fb8f79 ......
	 orig commit -> 238ffdc49ef98b15819cfd5e3fb23194e3ea3d39 ......
checking e96ad438331a08f0c85f9c90a0ea3213693d3ed0 ......
	 orig commit -> a5f622984a623df9a84cf43f6b098d8dd76fbe05 ......
checking 039aeb88a7788e7b66c71c07989e2a8762a2b10c ......
	 orig commit -> fbc87aa0f7c429999dc31f1bac3b2615008cac32 ......
checking 351ec1f37c3dc354db9910886102c24b05a6ee3c ......
	 orig commit -> 99834eead2a04e93a120abb112542b87c42ff5e1 ......
checking 29f2fcfa285d5ba819ef28b0ebd4dee2a73d159a ......
	 orig commit -> f4bbebf8e7eb4d294b040ab2d2ba71e70e69b930 ......
checking e6ffea16b9687f92bc1f8e05a71ca443d9ebcb6b ......
	 orig commit -> 5712f3301a12c0c3de9cc423484496b0464f2faf ......
checking 96c0314c7276dd6865c6401ccadf933ec730b7a6 ......
	 orig commit -> 9dc6488e84b0f64df17672271664752488cd6a25 ......
checking ce00168e2f10d6628912c4979b74642f60a50c5c ......
	 orig commit -> d6db02a88a4aaa1cd7105137c67ddec7f3bdbc05 ......
checking a3fd5df1fc60128c828c766d2980aa98e16fb637 ......
	 orig commit -> eb9b64e3a9f8483e6e54f4e03b2ae14ae5db2690 ......
checking 2f547917956ffff6168c579342016191375ca982 ......
	 orig commit -> 08a75a887ee46828b54600f4bb7068d872a5edd5 ......
checking a4d9292ef40279cdba15636d1809464a1abc1bde ......
	 orig commit -> 78be2d21cc1cd3069c6138dcfecec62583130171 ......
checking cefa9ffbbe0eeb177c201fb4f0d17d0177da73ee ......
	 orig commit -> 40586e3fc400c00c11151804dcdc93f8c831c808 ......
checking c08dcdf9ca6a2383e4b4ecd4ed5af9dbf4b8795a ......
	 orig commit -> 2cc9637ce825f3a9f51f8f78af7474e9e85bfa5f ......
checking d6fd0d31bedd4f49f1e8e38ec1add23e59880c06 ......
	 orig commit -> 486fa92df4707b5df58d6508728bdb9321a59766 ......
checking e73d2e8616d15dd3117e03c6827264e6c2249024 ......
	 orig commit -> c01908a14bf735b871170092807c618bb9dae654 ......
checking 34972523197bded0f36f8eb96056f04a35079265 ......
	 orig commit -> 7975a1d6a7afeb3eb61c971a153d24dd8fa032f3 ......
checking b818486408d11a9949235441ad94a944b3b16767 ......
	 orig commit -> 96dd86871e1fffbc39e4fa61c9c75ec54ee9af0f ......
checking 7cc416de479801602fa1b1906c3ec93e1b75c89e ......
	 orig commit -> 55c1fc0af29a6c1b92f217b7eb7581a882e0c07c ......
checking dcb5eedf4dfd841742993054593da763711cc988 ......
	 orig commit -> 351f339faa308c1c1461314a18c832239a841ca0 ......
checking d400b70a16c575ca372f050c1a3adb52aba0c629 ......
	 orig commit -> 2e4b88f73966adead360e47621df0183586fac32 ......
checking 1932d7af1422c25e44758f8803d39c518306274d ......
	 orig commit -> 862e4644fd2d7df8998edc65e0963ea2f567bde9 ......
checking eda19d086a78040135cb148f2c8b5f526df6dcd6 ......
	 orig commit -> 62039b6aef63380ba7a37c113bbaeee8a55c5342 ......
checking b53576c65328ab9dd64c30262fd3e79c9acfb0c8 ......
	 orig commit -> 3f5edd58d040bfa4b74fb89bc02f0bc6b9cd06ab ......
checking 3d0be715737ffc16ca4e244f8f2ba8c236648580 ......
	 orig commit -> cf4f2ad6b87dda2dbe0573b1ebeb0273f8d4aac6 ......
checking 4b8ba3bf2a2d1f2b56bd9f7f0d70b9adff4f083a ......
	 orig commit -> 998267900cee901c5d1dfa029a6304d00acbc29f ......
checking 9c6be20b272b62ea4cf7bd11f7981a8daacec695 ......
	 orig commit -> 53f1647da3e8fb3e89066798f0fdc045064d353d ......
checking 79d66dc3c8658be51d6f2ae161a514c6c5e10c1b ......
	 orig commit -> 6cc13c28da5beee0f706db6450e190709700b34a ......
checking f44c947e22889fd303d0e9888092ae7d1adc94fe ......
	 orig commit -> f7db839fccf087664e5587966220821289b6a9cb ......
checking be52ef6f671df62b90c85e0eeced53ff7a36c101 ......
	 orig commit -> 1cbd7a64959d33e7a2a1fa2bf36a62b350a9fcbd ......
checking 650238510084249ba6b60ceca24d50b4ed06a79f ......
	 orig commit -> 77f1e0a52d26242b6c2dba019f6ebebfb9ff701e ......
