checking ce194fa2b267e2018f42442347d90df01c4071d6 ......
checking 26b6e018e558e94de73b35b0c5e18c3efd3634c3 ......
	 orig commit -> 400816f60c543153656ac74eaf7f36f6b7202378 ......
		 400816f60c543153656ac74eaf7f36f6b7202378 has problem. Fixes commit -> c634dc6bdedeb0b2c750fc611612618a85639ab2
ede271b059463731cbd6dffe55ffd70d7dbe8392
commit 92c9a3897a4c08a48aebceb324b01a81fb926e42
Author: Peter Zijlstra <peterz@infradead.org>
Date:   Thu Mar 14 14:01:14 2019 +0100

    perf/x86/intel: Fix memory corruption
    
    commit ede271b059463731cbd6dffe55ffd70d7dbe8392 upstream.
    
    Through:
    
      validate_event()
        x86_pmu.get_event_constraints(.idx=-1)
          tfa_get_event_constraints()
            dyn_constraint()
    
    cpuc->constraint_list[-1] is used, which is an obvious out-of-bound access.
    
    In this case, simply skip the TFA constraint code, there is no event
    constraint with just PMC3, therefore the code will never result in the
    empty set.
    
    Fixes: 400816f60c54 ("perf/x86/intel: Implement support for TSX Force Abort")
    Reported-by: Tony Jones <tonyj@suse.com>
    Reported-by: "DSouza, Nelson" <nelson.dsouza@intel.com>
    Signed-off-by: Peter Zijlstra (Intel) <peterz@infradead.org>
    Signed-off-by: Thomas Gleixner <tglx@linutronix.de>
    Tested-by: Tony Jones <tonyj@suse.com>
    Tested-by: "DSouza, Nelson" <nelson.dsouza@intel.com>
    Cc: eranian@google.com
    Cc: jolsa@redhat.com
    Cc: stable@kernel.org
    Link: https://lkml.kernel.org/r/20190314130705.441549378@infradead.org
    Signed-off-by: Greg Kroah-Hartman <gregkh@linuxfoundation.org>
commit d6b577c6201fe12bb33f15167623662f3c5f14d0
Author: kbuild test robot <lkp@intel.com>
Date:   Thu Mar 14 02:42:43 2019 +0800

    perf/x86/intel: Make dev_attr_allow_tsx_force_abort static
    
    commit c634dc6bdedeb0b2c750fc611612618a85639ab2 upstream.
    
    Fixes: 400816f60c54 ("perf/x86/intel: Implement support for TSX Force Abort")
    Signed-off-by: kbuild test robot <lkp@intel.com>
    Signed-off-by: Thomas Gleixner <tglx@linutronix.de>
    Cc: "Peter Zijlstra (Intel)" <peterz@infradead.org>
    Cc: kbuild-all@01.org
    Cc: Borislav Petkov <bp@alien8.de>
    Cc: "H. Peter Anvin" <hpa@zytor.com>
    Cc: Kan Liang <kan.liang@linux.intel.com>
    Cc: Jiri Olsa <jolsa@redhat.com>
    Cc: Andi Kleen <ak@linux.intel.com>
    Cc: stable@vger.kernel.org
    Link: https://lkml.kernel.org/r/20190313184243.GA10820@lkp-sb-ep06
    Signed-off-by: Greg Kroah-Hartman <gregkh@linuxfoundation.org>

commit 92c9a3897a4c08a48aebceb324b01a81fb926e42
Author: Peter Zijlstra <peterz@infradead.org>
Date:   Thu Mar 14 14:01:14 2019 +0100

    perf/x86/intel: Fix memory corruption
    
    commit ede271b059463731cbd6dffe55ffd70d7dbe8392 upstream.
    
    Through:
    
      validate_event()
        x86_pmu.get_event_constraints(.idx=-1)
          tfa_get_event_constraints()
            dyn_constraint()
    
    cpuc->constraint_list[-1] is used, which is an obvious out-of-bound access.
    
    In this case, simply skip the TFA constraint code, there is no event
    constraint with just PMC3, therefore the code will never result in the
    empty set.
    
    Fixes: 400816f60c54 ("perf/x86/intel: Implement support for TSX Force Abort")
    Reported-by: Tony Jones <tonyj@suse.com>
    Reported-by: "DSouza, Nelson" <nelson.dsouza@intel.com>
    Signed-off-by: Peter Zijlstra (Intel) <peterz@infradead.org>
    Signed-off-by: Thomas Gleixner <tglx@linutronix.de>
    Tested-by: Tony Jones <tonyj@suse.com>
    Tested-by: "DSouza, Nelson" <nelson.dsouza@intel.com>
    Cc: eranian@google.com
    Cc: jolsa@redhat.com
    Cc: stable@kernel.org
    Link: https://lkml.kernel.org/r/20190314130705.441549378@infradead.org
    Signed-off-by: Greg Kroah-Hartman <gregkh@linuxfoundation.org>
checking fdd820949a745930738720c518df38e5dc99b3c2 ......
	 orig commit -> 52f64909409c17adf54fcf5f9751e0544ca3a6b4 ......
checking 9e071aa6c28c6d8eda7e2ee3663abf3d561a66a8 ......
	 orig commit -> 11f8b2d65ca9029591c8df26bb6bd063c312b7fe ......
checking f99f7dae782e8fe1b5d3a93bd08d3073a67ebd12 ......
	 orig commit -> d01b1f96a82e5dd7841a1d39db3abfdaf95f70ab ......
		 d01b1f96a82e5dd7841a1d39db3abfdaf95f70ab has problem. Fixes commit -> f764c58b7faa26f5714e6907f892abc2bc0de4f8
commit a8eae05f8dbf9e05ce27e5ad77c338e266834512
Author: Peter Zijlstra <peterz@infradead.org>
Date:   Fri Mar 15 09:14:10 2019 +0100

    perf/x86: Fixup typo in stub functions
    
    commit f764c58b7faa26f5714e6907f892abc2bc0de4f8 upstream.
    
    Guenter reported a build warning for CONFIG_CPU_SUP_INTEL=n:
    
      > With allmodconfig-CONFIG_CPU_SUP_INTEL, this patch results in:
      >
      > In file included from arch/x86/events/amd/core.c:8:0:
      > arch/x86/events/amd/../perf_event.h:1036:45: warning: ‘struct cpu_hw_event’ declared inside parameter list will not be visible outside of this definition or declaration
      >  static inline int intel_cpuc_prepare(struct cpu_hw_event *cpuc, int cpu)
    
    While harmless (an unsed pointer is an unused pointer, no matter the type)
    it needs fixing.
    
    Reported-by: Guenter Roeck <linux@roeck-us.net>
    Signed-off-by: Peter Zijlstra (Intel) <peterz@infradead.org>
    Cc: Greg Kroah-Hartman <gregkh@linuxfoundation.org>
    Cc: Linus Torvalds <torvalds@linux-foundation.org>
    Cc: Peter Zijlstra <peterz@infradead.org>
    Cc: Thomas Gleixner <tglx@linutronix.de>
    Cc: stable@vger.kernel.org
    Fixes: d01b1f96a82e ("perf/x86/intel: Make cpuc allocations consistent")
    Link: http://lkml.kernel.org/r/20190315081410.GR5996@hirez.programming.kicks-ass.net
    Signed-off-by: Ingo Molnar <mingo@kernel.org>
    Signed-off-by: Greg Kroah-Hartman <gregkh@linuxfoundation.org>
checking 7053a6faf019f989f214cefb3c580e62ae5585cc ......
	 orig commit -> 376991db4b6464e906d699ef07681e2ffa8ab08c ......
checking adaa310f8a0184fe6b9108c935c810f4c877a487 ......
	 orig commit -> ce938231bd3b1d7af3cbd8836f084801090470e1 ......
checking b4d965a37d89cd8611984ea16c85903d01ac967a ......
	 orig commit -> 32a1fb36f6e50183871c2c1fcf5493c633e84732 ......
checking e5d7b94cc435f0532d26a45166cc85e8ee15f314 ......
	 orig commit -> 419d6efc50e94bcf5d6b35cd8c71f79edadec564 ......
checking 28b8f234edaf8eb7402bda6d2f9e6a51c9e86874 ......
	 orig commit -> 62dc45979f3f8cb0ea67302a93bff686f0c46c5a ......
checking 53a989a95a09cb89ca267c2b2d58aa86b0abb4ab ......
	 orig commit -> 3b1b5291f79d040d549d7c746669fc30e8045b9b ......
checking 9dc84155425c51cc06b402b86c5bc0e8eef754fb ......
	 orig commit -> 7077fffcb0b0b65dc75e341306aeef4d0e7f2ec6 ......
checking f581642c8a2cf7cd31331ae6b2b9914ba9b512cf ......
	 orig commit -> cadf1ccf1b0021d0b7a9347e102ac5258f9f98c8 ......
checking 4f5a4c8881064c2eac658528390a6f2e7253c9b5 ......
	 orig commit -> 605b0487f0bc1ae9963bf52ece0f5c8055186f81 ......
checking e6e00017910cadeace868ebe3bb6369accc486a4 ......
	 orig commit -> 18c0ab87364ac5128a152055fdcb1d27e01caf01 ......
checking 02d86085cac6365ecf68a124ac05fbe1acb60377 ......
	 orig commit -> f24d2d4f9586985509320f90308723d3d0c4e47f ......
checking f9a0a08d9c9981e21f86af2f62dba64cf605cd49 ......
	 orig commit -> e02f5c1bb2283cfcee68f2f0feddcc06150f13aa ......
checking bb2c205cd3a0e8d9c7597b67eb0be793d25854b7 ......
	 orig commit -> a3238924a820c1d7c977b632b769f3b5690cba09 ......
checking bfc341b61f5c27cf4840695caeafff4f3eca2e47 ......
	 orig commit -> a66352e005488ecb4b534ba1af58a9f671eba9b8 ......
checking cd10bc8261eb9aa3f955f4455d0609897e68bf58 ......
	 orig commit -> ec33745bccc8f336957c751f4153421cc9ef5a54 ......
checking 103ec440943e9108094e89510e04dcd299c0b21e ......
	 orig commit -> 8d26c1390aec795d492b8de5e4437751e8805a1d ......
checking e6eb5e3561ca8bcee04cfbe7de9acaa31159638e ......
	 orig commit -> 83b944174ad79825ae84a47af1a0354485b24602 ......
checking 271c5a5d546ba6daecf101d6cf89ea162f2a1e1d ......
	 orig commit -> 35a4f89cd4731ac6ec985cd29ddc1630903006b7 ......
checking 36e3673d01af4438464e2d366cfedd7f7d42ee0a ......
	 orig commit -> 2e095ce7b6ecce2f3e2ff330527f12056ed1e1a1 ......
checking 917f943781a932a7a0d8397285145dadf07357bf ......
	 orig commit -> 5e420fe635813e5746b296cfc8fff4853ae205a2 ......
checking dcdd1bcbc0992b19cc7b301eeb7e61b590144e37 ......
	 orig commit -> df997abeebadaa4824271009e2d2b526a70a11cb ......
checking fe34541ab93082490835f58d2d7784c4465f666c ......
	 orig commit -> e154ab69321ce2c54f19863d75c77b4e2dc9d365 ......
checking b3b29dc53104a0aa37d4c79918b8384ef7552e06 ......
	 orig commit -> 44fc95e218a09d7966a9d448941fdb003f6bb69f ......
checking 7066774e60e4d2c1108f99822725af5de19f1c78 ......
	 orig commit -> 4726bcf30fad37cc555cd9dcd6c73f2b2668c879 ......
checking 6d482bc5697763eb1214f207286daa201b32d20a ......
	 orig commit -> 8c772a9bfc7c07c76f4a58b58910452fbb20843b ......
checking 1781ae6f0eacd97a033966cf1a55143dca0ec7ae ......
	 orig commit -> 0aa4febb420d91df5b56b1864a2465765da85f4b ......
checking 84828dd2ba92454033d819a35e203f45a8b9dcd8 ......
	 orig commit -> fb1faab74ddef9ec2d841d54e5d0912a097b3abe ......
checking d727c0edf6461eb0938d354ec7e3677e149c4016 ......
	 orig commit -> 660492bcf4a7561b5fdc13be0ae0b0c0a8c120be ......
checking 72426ed2a149c3cd0c33b409ca10b3918f399cc0 ......
	 orig commit -> 43636c804df0126da669c261fc820fb22f62bfc2 ......
checking 3cc6703d43f98131fc74def7599bb6cc240b0814 ......
	 orig commit -> 5c959d73dba6495ec01d04c206ee679d61ccb2b0 ......
		 5c959d73dba6495ec01d04c206ee679d61ccb2b0 has problem. Fixes commit -> 4726bcf30fad37cc555cd9dcd6c73f2b2668c879
commit 7066774e60e4d2c1108f99822725af5de19f1c78
Author: Keith Busch <keith.busch@intel.com>
Date:   Mon Feb 11 09:23:50 2019 -0700

    nvme-pci: add missing unlock for reset error
    
    [ Upstream commit 4726bcf30fad37cc555cd9dcd6c73f2b2668c879 ]
    
    The reset work holds a mutex to prevent races with removal modifying the
    same resources, but was unlocking only on success. Unlock on failure
    too.
    
    Fixes: 5c959d73dba64 ("nvme-pci: fix rapid add remove sequence")
    Signed-off-by: Keith Busch <keith.busch@intel.com>
    Signed-off-by: Christoph Hellwig <hch@lst.de>
    Signed-off-by: Sasha Levin <sashal@kernel.org>
checking e3aabe4c24671aea9e242819b001ab9d2beb1fc7 ......
	 orig commit -> e7ad43c3eda6a1690c4c3c341f95dc1c6898da83 ......
checking 25aa5c8b063ad633dd7f32406473ce86167f2eca ......
	 orig commit -> 0a5f49cbf9d6ad3721c16f8a6d823363ea7a160f ......
checking ee84b62fba23ebdddb81ebe3f8275ad69d5f7ed7 ......
	 orig commit -> c6e2bd956936d925748581e4d0294f10f1d92f2c ......
checking 29f7b376d399acf6c1e54267e5214aca3549a001 ......
	 orig commit -> d8f6382a7d026989029e2e50c515df954488459b ......
checking cd8520a283c44f80fa34c726fac1b7e12ff9ac58 ......
	 orig commit -> 2b424cfc69728224fcb5fad138ea7260728e0901 ......
checking 738f9e2774d6fc6a66bd4c551ac132699b1fc993 ......
	 orig commit -> 6ab3bc240ade47a0f52bc16d97edd9accbe0024e ......
checking 47e3f3c08605b0af25c4dfbbf6c9c71655edbbda ......
	 orig commit -> 59a17706915fe5ea6f711e1f92d4fb706bce07fe ......
checking 825e58bc9800897edd21920d4fef6aee714039d4 ......
	 orig commit -> c2780c1a3fb724560b1d44f7976e0de17bf153c7 ......
checking 5327c5530c9bffe230e99e619946fa8e73f61eba ......
	 orig commit -> afa0c5904ba16d59b0454f7ee4c807dae350f432 ......
checking 575a2461e50b097b5a37b89e50e3fc0269a29286 ......
	 orig commit -> 5065b2dd3e5f9247a6c9d67974bc0472bf561b9d ......
checking 5058447bf760d7dabe58eb3e0cae13422da865e4 ......
	 orig commit -> 4e35c1cb9460240e983a01745b5f29fe3a4d8e39 ......
checking 5c39e08fc417b91d24d243bc6d1a305e1c38fb9f ......
	 orig commit -> 98bfc3414bda335dbd7fec58bde6266f991801d7 ......
checking 974ed365b16455203b0fb6ef91b1aa9a07b9acde ......
	 orig commit -> 952b72f89ae23b316da8c1021b18d0c388ad6cc4 ......
checking 0203f0c963e985188076ca654c53715537525933 ......
	 orig commit -> 6454368a804c4955ccd116236037536f81e5b1f1 ......
checking 5eae58996b7e537220cf39d583f363abf7c9c612 ......
	 orig commit -> 85965487abc540368393a15491e6e7fcd230039d ......
checking cd2013568dd51c6fc364c6d876d0fc624446572c ......
	 orig commit -> 22b5c0b63f32568e130fa2df4ba23efce3eb495b ......
		 22b5c0b63f32568e130fa2df4ba23efce3eb495b has problem. Fixes commit -> 4c404ce23358d5d8fbdeb7a6021a9b33d3c3c167
commit 8e59639791f20ac375641fd66c54443f2d30b1a5
Author: Adalbert Lazăr <alazar@bitdefender.com>
Date:   Wed Mar 6 12:13:53 2019 +0200

    vsock/virtio: fix kernel panic from virtio_transport_reset_no_sock
    
    [ Upstream commit 4c404ce23358d5d8fbdeb7a6021a9b33d3c3c167 ]
    
    Previous to commit 22b5c0b63f32 ("vsock/virtio: fix kernel panic
    after device hot-unplug"), vsock_core_init() was called from
    virtio_vsock_probe(). Now, virtio_transport_reset_no_sock() can be called
    before vsock_core_init() has the chance to run.
    
    [Wed Feb 27 14:17:09 2019] BUG: unable to handle kernel NULL pointer dereference at 0000000000000110
    [Wed Feb 27 14:17:09 2019] #PF error: [normal kernel read fault]
    [Wed Feb 27 14:17:09 2019] PGD 0 P4D 0
    [Wed Feb 27 14:17:09 2019] Oops: 0000 [#1] SMP PTI
    [Wed Feb 27 14:17:09 2019] CPU: 3 PID: 59 Comm: kworker/3:1 Not tainted 5.0.0-rc7-390-generic-hvi #390
    [Wed Feb 27 14:17:09 2019] Hardware name: QEMU Standard PC (i440FX + PIIX, 1996), BIOS Ubuntu-1.8.2-1ubuntu1 04/01/2014
    [Wed Feb 27 14:17:09 2019] Workqueue: virtio_vsock virtio_transport_rx_work [vmw_vsock_virtio_transport]
    [Wed Feb 27 14:17:09 2019] RIP: 0010:virtio_transport_reset_no_sock+0x8c/0xc0 [vmw_vsock_virtio_transport_common]
    [Wed Feb 27 14:17:09 2019] Code: 35 8b 4f 14 48 8b 57 08 31 f6 44 8b 4f 10 44 8b 07 48 8d 7d c8 e8 84 f8 ff ff 48 85 c0 48 89 c3 74 2a e8 f7 31 03 00 48 89 df <48> 8b 80 10 01 00 00 e8 68 fb 69 ed 48 8b 75 f0 65 48 33 34 25 28
    [Wed Feb 27 14:17:09 2019] RSP: 0018:ffffb42701ab7d40 EFLAGS: 00010282
    [Wed Feb 27 14:17:09 2019] RAX: 0000000000000000 RBX: ffff9d79637ee080 RCX: 0000000000000003
    [Wed Feb 27 14:17:09 2019] RDX: 0000000000000001 RSI: 0000000000000002 RDI: ffff9d79637ee080
    [Wed Feb 27 14:17:09 2019] RBP: ffffb42701ab7d78 R08: ffff9d796fae70e0 R09: ffff9d796f403500
    [Wed Feb 27 14:17:09 2019] R10: ffffb42701ab7d90 R11: 0000000000000000 R12: ffff9d7969d09240
    [Wed Feb 27 14:17:09 2019] R13: ffff9d79624e6840 R14: ffff9d7969d09318 R15: ffff9d796d48ff80
    [Wed Feb 27 14:17:09 2019] FS:  0000000000000000(0000) GS:ffff9d796fac0000(0000) knlGS:0000000000000000
    [Wed Feb 27 14:17:09 2019] CS:  0010 DS: 0000 ES: 0000 CR0: 0000000080050033
    [Wed Feb 27 14:17:09 2019] CR2: 0000000000000110 CR3: 0000000427f22000 CR4: 00000000000006e0
    [Wed Feb 27 14:17:09 2019] DR0: 0000000000000000 DR1: 0000000000000000 DR2: 0000000000000000
    [Wed Feb 27 14:17:09 2019] DR3: 0000000000000000 DR6: 00000000fffe0ff0 DR7: 0000000000000400
    [Wed Feb 27 14:17:09 2019] Call Trace:
    [Wed Feb 27 14:17:09 2019]  virtio_transport_recv_pkt+0x63/0x820 [vmw_vsock_virtio_transport_common]
    [Wed Feb 27 14:17:09 2019]  ? kfree+0x17e/0x190
    [Wed Feb 27 14:17:09 2019]  ? detach_buf_split+0x145/0x160
    [Wed Feb 27 14:17:09 2019]  ? __switch_to_asm+0x40/0x70
    [Wed Feb 27 14:17:09 2019]  virtio_transport_rx_work+0xa0/0x106 [vmw_vsock_virtio_transport]
    [Wed Feb 27 14:17:09 2019] NET: Registered protocol family 40
    [Wed Feb 27 14:17:09 2019]  process_one_work+0x167/0x410
    [Wed Feb 27 14:17:09 2019]  worker_thread+0x4d/0x460
    [Wed Feb 27 14:17:09 2019]  kthread+0x105/0x140
    [Wed Feb 27 14:17:09 2019]  ? rescuer_thread+0x360/0x360
    [Wed Feb 27 14:17:09 2019]  ? kthread_destroy_worker+0x50/0x50
    [Wed Feb 27 14:17:09 2019]  ret_from_fork+0x35/0x40
    [Wed Feb 27 14:17:09 2019] Modules linked in: vmw_vsock_virtio_transport vmw_vsock_virtio_transport_common input_leds vsock serio_raw i2c_piix4 mac_hid qemu_fw_cfg autofs4 cirrus ttm drm_kms_helper syscopyarea sysfillrect sysimgblt fb_sys_fops virtio_net psmouse drm net_failover pata_acpi virtio_blk failover floppy
    
    Fixes: 22b5c0b63f32 ("vsock/virtio: fix kernel panic after device hot-unplug")
    Reported-by: Alexandru Herghelegiu <aherghelegiu@bitdefender.com>
    Signed-off-by: Adalbert Lazăr <alazar@bitdefender.com>
    Co-developed-by: Stefan Hajnoczi <stefanha@redhat.com>
    Reviewed-by: Stefan Hajnoczi <stefanha@redhat.com>
    Reviewed-by: Stefano Garzarella <sgarzare@redhat.com>
    Signed-off-by: David S. Miller <davem@davemloft.net>
    Signed-off-by: Sasha Levin <sashal@kernel.org>
checking f3ffd4559de2479caad378912b2b52a761d8801b ......
	 orig commit -> dc3f595b6617ebc0307e0ce151e8f2f2b2489b95 ......
checking 7cf4466df6cadc4fe4f884e6ada20dd552acb82c ......
	 orig commit -> b14e945bda8ae227d1bf2b1837c0c4a61721cd1a ......
checking ae26a7109c150b9214d04bbc45a1867529cbc160 ......
	 orig commit -> 7c4cd051add3d00bbff008a133c936c515eaa8fe ......
checking 3bbe6a4212800a9b73984e5d73349db478a6711e ......
	 orig commit -> e16ec34039c701594d55d08a5aa49ee3e1abc821 ......
checking e3bc64c9aa507ec3a7c71d7fed210c28cc0b4e8b ......
	 orig commit -> a89fac57b5d080771efd4d71feaae19877cf68f0 ......
checking 0ace0d28941b8dc91dac2edae754f48ac550ed40 ......
	 orig commit -> 1bb54c4071f585ebef56ce8fdfe6026fa2cbcddd ......
checking 232bd90cf23844d7846bc57a049ec52c5d15269a ......
	 orig commit -> 2c1cf00eeacb784781cf1c9896b8af001246d339 ......
checking 2a5c84e164d2a6226afe374570a40e9413add72c ......
	 orig commit -> 56841070ccc87b463ac037d2d1f2beb8e5e35f0c ......
checking fbdbb19457ced5836d4b15c0dd6e4bdf1e424e61 ......
	 orig commit -> e2cd682deb231ba6f80524bb84e57e7138261149 ......
checking 496eaed7fe94df7202d7cbe37873f96bcdda375e ......
	 orig commit -> c5acdbee22a1b200dde07effd26fd1f649e9ab8a ......
checking 46ba03c591d985e80d547dc3ccba1e1b0e482d55 ......
	 orig commit -> 4ec5302fa906ec9d86597b236f62315bacdb9622 ......
checking 8096bc39c63e3d2e374a9ee9fcc0e1a9d4e5de47 ......
	 orig commit -> 6e11ea9de9576a644045ffdc2067c09bc2012eda ......
checking 4ec880d7c1995bac70e1b576378bfb2d829a2465 ......
	 orig commit -> afeff4c16edaa6275b903f82b0561406259aa3a3 ......
checking 094392380989d1779d35733268ba5657a1fcc571 ......
	 orig commit -> dc14eb12f6bb3e779c5461429c1889a339c67aab ......
checking 1bf791023315b4ad05dc1c7d94294ba7a39ed083 ......
	 orig commit -> 2380a22b60ce6f995eac806e69c66e397b59d045 ......
checking 423869f8871dee4028b67fa30f660ab43d14cfb2 ......
	 orig commit -> 45725e0fc3e7fe52fedb94f59806ec50e9618682 ......
checking dc81cfafb4b96d83c740387ef880e720214c92ab ......
	 orig commit -> 6479450f72c1391c03f08affe0d0110f41ae7ca0 ......
checking 377ffe354dc0c4fc8d84662e2756d0eae191e87f ......
	 orig commit -> f2105d42597f4d10e431b195d69e96dccaf9b012 ......
checking fbc3ed1339ecfe0665e7321186c06f0f66714c60 ......
	 orig commit -> 1ca1c87f91d9dc50d6a38e2177b2032996e7901c ......
checking f7e3fb0a6f9d6bf3b8bf33f6205c2548f426ce88 ......
	 orig commit -> 7d652669b61d702c6e62a39579d17f6881670ab6 ......
		 7d652669b61d702c6e62a39579d17f6881670ab6 has problem. Fixes commit -> ca8c3b922e7032aff6cc3fd05548f4df1f3df90e
commit 894b4fc04387e4fc3ccbc63788c3feb5ae2b3cbc
Author: Anders Roxell <anders.roxell@linaro.org>
Date:   Fri Feb 22 16:25:54 2019 +0100

    batman-adv: fix warning in function batadv_v_elp_get_throughput
    
    [ Upstream commit ca8c3b922e7032aff6cc3fd05548f4df1f3df90e ]
    
    When CONFIG_CFG80211 isn't enabled the compiler correcly warns about
    'sinfo.pertid' may be unused. It can also happen for other error
    conditions that it not warn about.
    
    net/batman-adv/bat_v_elp.c: In function ‘batadv_v_elp_get_throughput.isra.0’:
    include/net/cfg80211.h:6370:13: warning: ‘sinfo.pertid’ may be used
     uninitialized in this function [-Wmaybe-uninitialized]
      kfree(sinfo->pertid);
            ~~~~~^~~~~~~~
    
    Rework so that we only release '&sinfo' if cfg80211_get_station returns
    zero.
    
    Fixes: 7d652669b61d ("batman-adv: release station info tidstats")
    Signed-off-by: Anders Roxell <anders.roxell@linaro.org>
    Signed-off-by: Sven Eckelmann <sven@narfation.org>
    Signed-off-by: Simon Wunderlich <sw@simonwunderlich.de>
    Signed-off-by: Sasha Levin <sashal@kernel.org>
checking 90f0a75be8eb1f24982bc7c199a21635127f2412 ......
	 orig commit -> 2a81efb0de0e33f2d2c83154af0bd3ce389b3269 ......
checking ac0997349142cc692f892987a80aa85d1259d008 ......
	 orig commit -> ba16adeb346387eb2d1ada69003588be96f098fa ......
checking a8795ba8995a164f32c154114d1f6a0ee9bd4f8b ......
	 orig commit -> c9e4576743eeda8d24dedc164d65b78877f9a98c ......
checking 7e2b2e24e356d4eb8e2c99f0a349c87e1aae0f1f ......
	 orig commit -> b0ca5ecb8e2279d706261f525f1bd0ba9e3fe800 ......
checking 1da961de4ad4f483dbf36450767b51eed235a212 ......
	 orig commit -> 752bcf80f5549c9901b2e8bc77b2138de55b1026 ......
checking 9a0f0bbac9a0b18115aad305399105ede061d936 ......
	 orig commit -> 13e62626c578d9889ebbda7c521be5adff9bef8e ......
checking 2634448683d32d131df5d050f07c6dec4aeb5d39 ......
	 orig commit -> f165988b77ef849eb0c1aebd94fe778024f88314 ......
checking a50434de0cfe68732296875073384ff409ae723a ......
	 orig commit -> 89857a8a5c89a406b967ab2be7bd2ccdbe75e73d ......
checking 959773138ac9e9c7f2ebc79f8abcec661b76c9bb ......
	 orig commit -> 05c8478abd485507c25aa565afab604af8d8fe46 ......
checking 4dc8b2e57ee4f8c8ab2fcdadb927e023ac1a1d7e ......
	 orig commit -> 97f26702bc95b5c3a72671d5c6675e4d6ee0a2f4 ......
checking f02070cb4b603b36ff2a3343c2429b279c9f8084 ......
	 orig commit -> ba0f4560526ba19300c07ed5a3c1df7592815dc6 ......
checking 3edbed0dd13f290083671631af6b39c10a3d1a7e ......
	 orig commit -> 8615f5596335db0978cea593dcd0070dc5f8b116 ......
checking ab2f85e5969379726c88a1dda24aab12f7cee5bb ......
	 orig commit -> 3fb348e030319f20ebbde082a449d4bf8a96f2fd ......
checking 94f31b4c9780593bb97433a335e53bd5f7b6bba6 ......
	 orig commit -> e35e26b26e955c53e61c154ba26b9bb15da6b858 ......
checking 094ed50726a28d4797e16742a1c1fd9c3f578d20 ......
	 orig commit -> cc4bddade114b696ab27c1a77cfc7040151306da ......
checking ec27bcd3f688abff5b02769760763fe5b358ceae ......
	 orig commit -> ef4a55b9197a8f844ea0663138e902dcce3e2f36 ......
checking b510051c73a799e6d43a08c182f4f78b3bcac2bf ......
	 orig commit -> 8443e4843e1c2594bf5664e1d993a1be71d1befb ......
checking 2cc84e2ea68d4c54f5a1058ec05303a616fe1b17 ......
	 orig commit -> 891cb2a72d821f930a39d5900cb7a3aa752c1d5b ......
checking 929278903367a8a9ca7b701b4d0af9a6ba5110a3 ......
	 orig commit -> f585b283e3f025754c45bbe7533fc6e5c4643700 ......
checking 1efb234ec25193233d71997c769f6504d283c671 ......
	 orig commit -> 63ce5f552beb9bdb41546b3a26c4374758b21815 ......
checking 3d0acc076f5ffb40d28d1210a6b987034d17b46c ......
	 orig commit -> c27d82f52f75fc9d8d9d40d120d2a96fdeeada5e ......
checking f1524fd049dec225ca8ae5585fced14359f348e6 ......
	 orig commit -> db7ddeab3ce5d64c9696e70d61f45ea9909cd196 ......
checking 71df1c8bc771b4cf9d066ad0afdfb0e5a16e2c0a ......
	 orig commit -> 24feb47c5fa5b825efb0151f28906dfdad027e61 ......
checking 6027792d6aa888c6d5ae51df81388111a55a0ce1 ......
	 orig commit -> efad4e475c312456edb3c789d0996d12ed744c13 ......
		 efad4e475c312456edb3c789d0996d12ed744c13 has problem. Fixes commit -> 891cb2a72d821f930a39d5900cb7a3aa752c1d5b
commit 2cc84e2ea68d4c54f5a1058ec05303a616fe1b17
Author: Michal Hocko <mhocko@suse.com>
Date:   Wed Feb 20 22:20:46 2019 -0800

    mm, memory_hotplug: fix off-by-one in is_pageblock_removable
    
    [ Upstream commit 891cb2a72d821f930a39d5900cb7a3aa752c1d5b ]
    
    Rong Chen has reported the following boot crash:
    
        PGD 0 P4D 0
        Oops: 0000 [#1] PREEMPT SMP PTI
        CPU: 1 PID: 239 Comm: udevd Not tainted 5.0.0-rc4-00149-gefad4e4 #1
        Hardware name: QEMU Standard PC (i440FX + PIIX, 1996), BIOS 1.10.2-1 04/01/2014
        RIP: 0010:page_mapping+0x12/0x80
        Code: 5d c3 48 89 df e8 0e ad 02 00 85 c0 75 da 89 e8 5b 5d c3 0f 1f 44 00 00 53 48 89 fb 48 8b 43 08 48 8d 50 ff a8 01 48 0f 45 da <48> 8b 53 08 48 8d 42 ff 83 e2 01 48 0f 44 c3 48 83 38 ff 74 2f 48
        RSP: 0018:ffff88801fa87cd8 EFLAGS: 00010202
        RAX: ffffffffffffffff RBX: fffffffffffffffe RCX: 000000000000000a
        RDX: fffffffffffffffe RSI: ffffffff820b9a20 RDI: ffff88801e5c0000
        RBP: 6db6db6db6db6db7 R08: ffff88801e8bb000 R09: 0000000001b64d13
        R10: ffff88801fa87cf8 R11: 0000000000000001 R12: ffff88801e640000
        R13: ffffffff820b9a20 R14: ffff88801f145258 R15: 0000000000000001
        FS:  00007fb2079817c0(0000) GS:ffff88801dd00000(0000) knlGS:0000000000000000
        CS:  0010 DS: 0000 ES: 0000 CR0: 0000000080050033
        CR2: 0000000000000006 CR3: 000000001fa82000 CR4: 00000000000006a0
        Call Trace:
         __dump_page+0x14/0x2c0
         is_mem_section_removable+0x24c/0x2c0
         removable_show+0x87/0xa0
         dev_attr_show+0x25/0x60
         sysfs_kf_seq_show+0xba/0x110
         seq_read+0x196/0x3f0
         __vfs_read+0x34/0x180
         vfs_read+0xa0/0x150
         ksys_read+0x44/0xb0
         do_syscall_64+0x5e/0x4a0
         entry_SYSCALL_64_after_hwframe+0x49/0xbe
    
    and bisected it down to commit efad4e475c31 ("mm, memory_hotplug:
    is_mem_section_removable do not pass the end of a zone").
    
    The reason for the crash is that the mapping is garbage for poisoned
    (uninitialized) page.  This shouldn't happen as all pages in the zone's
    boundary should be initialized.
    
    Later debugging revealed that the actual problem is an off-by-one when
    evaluating the end_page.  'start_pfn + nr_pages' resp 'zone_end_pfn'
    refers to a pfn after the range and as such it might belong to a
    differen memory section.
    
    This along with CONFIG_SPARSEMEM then makes the loop condition
    completely bogus because a pointer arithmetic doesn't work for pages
    from two different sections in that memory model.
    
    Fix the issue by reworking is_pageblock_removable to be pfn based and
    only use struct page where necessary.  This makes the code slightly
    easier to follow and we will remove the problematic pointer arithmetic
    completely.
    
    Link: http://lkml.kernel.org/r/20190218181544.14616-1-mhocko@kernel.org
    Fixes: efad4e475c31 ("mm, memory_hotplug: is_mem_section_removable do not pass the end of a zone")
    Signed-off-by: Michal Hocko <mhocko@suse.com>
    Reported-by: <rong.a.chen@intel.com>
    Tested-by: <rong.a.chen@intel.com>
    Acked-by: Mike Rapoport <rppt@linux.ibm.com>
    Reviewed-by: Oscar Salvador <osalvador@suse.de>
    Cc: Matthew Wilcox <willy@infradead.org>
    Signed-off-by: Andrew Morton <akpm@linux-foundation.org>
    Signed-off-by: Linus Torvalds <torvalds@linux-foundation.org>
    Signed-off-by: Sasha Levin <sashal@kernel.org>
checking 5edeae210cb8c6245cd42ef1c0b4d338c9661cdd ......
	 orig commit -> a8e911d13540487942d53137c156bd7707f66e5d ......
checking 845d73be1b4cba6c353e99f79eff0f17e0d7c1d8 ......
	 orig commit -> 1fde6f21d90f8ba5da3cb9c54ca991ed72696c43 ......
checking e2b45446c34f3f8ae31575235a09781e67ad4f03 ......
	 orig commit -> 2aa958c99c7fd3162b089a1a56a34a0cdb778de1 ......
checking d7807b62276efdb49d9ade2af39fcc409c568f7b ......
	 orig commit -> d6d478aee003e19ef90321176552a8ad2929a47f ......
checking d92d3caf818dd9b78bdbef179d68647305a01678 ......
	 orig commit -> f2b3d8566d81deaca31f4e3163def0bea7746e11 ......
checking f964a4d2bb68662c1e3f60f80ede0c90455c1c3c ......
	 orig commit -> 912139cfbfa6a2bc1da052314d2c29338dae1f6a ......
checking 6efd69d63339904fce3095723e470fd8f86a49a8 ......
	 orig commit -> 58d15ed1203f4d858c339ea4d7dafa94bd2a56d3 ......
checking 15fb5d73e47e89171a38962a23cc39c213e40500 ......
	 orig commit -> b677dfae5aa197afc5191755a76a8727ffca538a ......
		 b677dfae5aa197afc5191755a76a8727ffca538a has problem. Fixes commit -> 45b13b424faafb81c8c44541f093a682fdabdefc
checking bd13a72a537af1ddf2ae744df8a9193e64f18495 ......
	 orig commit -> e501070e4db0b67a4c17a5557d1e9d098f3db310 ......
checking 38be5d445c5b5b2bfc84a1fa1c4a6d26860490db ......
	 orig commit -> 0ee4b5f801b73b83a9fb3921d725f2162fd4a2e5 ......
checking 25f37d15f080a3562c651f82c256c136de21e610 ......
	 orig commit -> d58bf90a32a33becec78c3034e781735049fcd25 ......
checking bdf1bd01327d19956addc81c380ceb711d5c2fe9 ......
	 orig commit -> 8437fcf14deed67e5ad90b5e8abf62fb20f30881 ......
checking 59411d98fb10c6897f9170bd17ad4e34d01209b9 ......
	 orig commit -> b2d3492fc591b1fb46b81d79ca1fc44cac6ae0ae ......
checking 8d27f830b6159c687e704e98a96133e746a9ed22 ......
	 orig commit -> 40d07b523cf434f252b134c86b1f8f2d907ffb0b ......
checking e546c8787e7b3d400dbb2aacb95b66438bcaa86e ......
	 orig commit -> 5d8fc4a9f0eec20b6c07895022a6bea3fb6dfb38 ......
checking 40e35210abeb7accf15a3463910a0cde709e62e4 ......
	 orig commit -> ffb057f98928aa099b08e419bbe5afc26ec9f448 ......
checking 9414e0854bbcaf42d20c4bfd5c50822f41985e00 ......
	 orig commit -> 7c81626a3c37e4ac320b8ad785694ba498f24794 ......
checking fac238779b1426c36b21e45489a47211e2236280 ......
	 orig commit -> 327852ec64205bb651be391a069784872098a3b2 ......
checking 1ba3511006f1f24a3b40db8257bf6ab9d34028cf ......
	 orig commit -> ff9296966e5e00b0d0d00477b2365a178f0f06a3 ......
checking 88bce339de23a46999ec9e716887eb9be7a1516d ......
	 orig commit -> 9e71a15d8b5bbce25c637f7f8833cd3f45b65646 ......
checking 5c72ca3bf62502ace23aa6281b6dd6867417d642 ......
	 orig commit -> 80ff00172407e0aad4b10b94ef0816fc3e7813cb ......
checking daf04674d08ad4962ac3e04d4a46e971c6f9c2a7 ......
	 orig commit -> 7d4e591bc051d3382c45caaa2530969fb42ed23d ......
checking c68cf0831b25b55b058bf180682c9bd7f476475c ......
	 orig commit -> 870f193d48c25a97d61a8e6c04e3c29a2c606850 ......
checking eda52fa18e4f8e8764cf27bf8398789a40704187 ......
	 orig commit -> 7ae710f9f8b2cf95297e7bbfe1c09789a7dc43d4 ......
checking 3355d641269f099906b995063fdadd6785488729 ......
	 orig commit -> 2035f3ff8eaa29cfb5c8e2160b0f6e85eeb21a95 ......
checking 1f4ccda30391284201d732d0d360138efcfe01eb ......
	 orig commit -> c69c29a1a0a8f68cd87e98ba4a5a79fb8ef2a58c ......
checking 4a22084f6bbc1c43910917d8162d674ae6e2f2b1 ......
	 orig commit -> cec8abba13e6a26729dfed41019720068eeeff2b ......
checking 3e640b2cdc6ee44b9057fbcc14951b41da82eb9d ......
	 orig commit -> ed29ca8b9592562559c64d027fb5eb126e463e2c ......
checking 6b7d3544095519ae850989e238df17ae6bc38a0b ......
	 orig commit -> 263c6d75f9a544a3c2f8f6a26de4f4808d8f59cf ......
checking c91f641625a74aa0d978f2f0c620f98b87784a03 ......
	 orig commit -> 6571ebce112a21ec9be68ef2f53b96fcd41fd81b ......
checking 419bb616e9eadbcc9faf1dd58e12e2bb13fcf500 ......
	 orig commit -> 25384ce5f9530def39421597b1457d9462df6455 ......
checking d9ba842efdf068c53095b15f68377327259c3d16 ......
	 orig commit -> 4ea899ead2786a30aaa8181fefa81a3df4ad28f6 ......
checking d23792f53f0de5706520f1302a8a4143e13a1680 ......
	 orig commit -> 8e47a457321ca1a74ad194ab5dcbca764bc70731 ......
checking 38f47557ae49582bc99775c3172601acc773a7a5 ......
	 orig commit -> 8b1c42cdd7181200dc1fff39dcb6ac1a3fac2c25 ......
checking c1327f9a12481ee40116dbfec6a466f439990dc5 ......
	 orig commit -> 306b38305c0f86de7f17c5b091a95451dcc93d7d ......
checking 8655802aa1556962562179536eabcfc17f413053 ......
	 orig commit -> 32a7726c4f4aadfabdb82440d84f88a5a2c8fe13 ......
checking 0165df14095b3d48c5568373e18da16784b58435 ......
	 orig commit -> 2b531b6137834a55857a337ac17510d6436b6fbb ......
checking 1ee82160e2eff77606a70e72a2017c16d88876a7 ......
	 orig commit -> 6ab4aba00f811a5265acc4d3eb1863bb3ca60562 ......
checking dc04a00b3cbb89c96e3b5d5ef7b7cb75d1d747ec ......
	 orig commit -> ae662eec8a515ab550524e04c793b5ddf1aae3a1 ......
checking f43e42f46aa87bc0507bde9a0cd6ead663ba6a30 ......
	 orig commit -> 4fe8713b873fc881284722ce4ac47995de7cf62c ......
checking aad4dc749ed58c6f37abbe2b6f55a90a2129c375 ......
	 orig commit -> 9ff1a3b4912528f853048ccd9757ba6a2cc75557 ......
checking cf872189c804dce1eb104643c7eec173b3933227 ......
	 orig commit -> 303aef8b84272d73999a3207dd05bbe10ed89dc5 ......
checking a038ed686aa6a504114e55f5b2c5493cdfefe2bf ......
	 orig commit -> 9825bd94e3a2baae1f4874767ae3a7d4c049720e ......
checking e0b03a6bad1a7c3f89d0a2d4aa0584376ebe3ec3 ......
	 orig commit -> 53ab60baa1ac4f20b080a22c13b77b6373922fd7 ......
checking ffabf74c67967ac6c14f66d8a4f0f218c890e2cd ......
	 orig commit -> 28198c4639b39899a728ac89aea29d2a7a72562f ......
checking 9e1f977d82eca514e71826bdb9cb34da2e687f0d ......
	 orig commit -> f1724c0883bb0ce93b8dcb94b53dcca3b75ac9a7 ......
checking 697863bf7d724ad067988468b19f8b411993151b ......
	 orig commit -> 51d8838d66d3249508940d8f59b07701f2129723 ......
checking 43b0c93918a0d208340343cf3fc923a060d86c93 ......
	 orig commit -> 904bba211acc2112fdf866e5a2bc6cd9ecd0de1b ......
checking d5f05016b0e1704d7754bb5e5dd736435d81a0db ......
	 orig commit -> 8bf8c6da53c2265aea365a1de6038f118f522113 ......
checking 1e4b75416682df6dfbd17f05b0653cb52536d2b5 ......
	 orig commit -> 1497e804d1a6e2bd9107ddf64b0310449f4673eb ......
checking 6ec0698f1c40b8c5f9f73b70d411003e680c3275 ......
	 orig commit -> 1a51c5da5acc6c188c917ba572eebac5f8793432 ......
checking 5d1dc10ba3ac70d384b60baa343511551c0fe89c ......
	 orig commit -> 96167167b6e17b25c0e05ecc31119b73baeab094 ......
checking 8ce41db0dcfc5c8884064ce0d8fde8a74ee27a91 ......
	 orig commit -> dd9ee3444014e8f28c0eefc9fffc9ac9c5248c12 ......
		 dd9ee3444014e8f28c0eefc9fffc9ac9c5248c12 has problem. Fixes commit -> 01ce31c57b3f07c91c9d45bbaf126124cce83a5d
5483844c3fc18474de29f5d6733003526e0a9f78
checking ac8befb6dd601fd35c1d64167750c6698bc27c80 ......
	 orig commit -> 47bb117911b051bbc90764a8bff96543cbd2005f ......
