Check from v4.19.9 to v4.19.10
Commit count: 144
checking b23de3254f8cd4166511dfd28a051358a80aa2fa ......
checking d265655ae46b3543aef8d5ad2ddd86db22a6f7e4 ......
	 orig commit -> f9bfe4e6a9d08d405fe7b081ee9a13e649c97ecf ......
checking bddeb44981c1f5dd699ff45cce6ce31e59c0300c ......
	 orig commit -> afd594240806acc138cf696c09f2f4829d55d02f ......
checking 1fd99ac175e63102876c6ae135c06c72575c5d24 ......
	 orig commit -> 36d842194a57f1b21fbc6a6875f2fa2f9a7f8679 ......
checking 2a493d8ef5b9f7568acdf26cd7fdf9cf70d69ee7 ......
	 orig commit -> 6ba189c5c1a4bda70dc1e4826c58b0246068bb8d ......
checking 178b1a584e7f865c96ed8262064c0812356930d1 ......
	 orig commit -> 0bea4cc8383519f78f3f74caca7bdebdfb346d3b ......
checking 1be8246777c5af4b6f6c159dbd33fa7420cf5073 ......
	 orig commit -> 4e051106730dfc640a8b49db88440af304726f4d ......
		 4e051106730dfc640a8b49db88440af304726f4d has problem. Fixes commit -> 8bb37a2a4d7c02affef554f5dc05f6d2e39c31f9
82b01149ec94d746867d7f9156c44d775d4d2d67
commit 22bc89a31109c501b4fd5c0061cc856b6d831466
Author: Jian-Hong Pan <jian-hong@endlessm.com>
Date:   Thu Dec 27 16:46:31 2018 +0800

    ALSA: hda/realtek: Enable the headset mic auto detection for ASUS laptops
    
    commit 82b01149ec94d746867d7f9156c44d775d4d2d67 upstream.
    
    The headset mic of ASUS laptops like UX533FD, UX433FN and UX333FA, whose
    CODEC is Realtek ALC294 has jack auto detection feature. This patch
    enables the feature.
    
    Fixes: 4e051106730d ("ALSA: hda/realtek: Enable audio jacks of ASUS UX533FD with ALC294")
    Signed-off-by: Daniel Drake <drake@endlessm.com>
    Signed-off-by: Jian-Hong Pan <jian-hong@endlessm.com>
    Cc: <stable@vger.kernel.org>
    Signed-off-by: Takashi Iwai <tiwai@suse.de>
    Signed-off-by: Greg Kroah-Hartman <gregkh@linuxfoundation.org>
commit 8f6cf57ebe5d5c5c07d2712b31493b8724c02e35
Author: Jian-Hong Pan <jian-hong@endlessm.com>
Date:   Thu Feb 21 17:00:18 2019 +0800

    ALSA: hda/realtek: Enable audio jacks of ASUS UX362FA with ALC294
    
    commit 8bb37a2a4d7c02affef554f5dc05f6d2e39c31f9 upstream.
    
    The ASUS UX362FA with ALC294 cannot detect the headset MIC and outputs
    through the internal speaker and the headphone.  This issue can be fixed
    by the quirk in the commit 4e0511067 ALSA: hda/realtek: Enable audio
    jacks of ASUS UX533FD with ALC294.
    
    Besides, ASUS UX362FA and UX533FD have the same audio initial pin config
    values.  So, this patch replaces SND_PCI_QUIRK of UX533FD with a new
    SND_HDA_PIN_QUIRK which benefits both UX362FA and UX533FD.
    
    Fixes: 4e051106730d ("ALSA: hda/realtek: Enable audio jacks of ASUS UX533FD with ALC294")
    Signed-off-by: Jian-Hong Pan <jian-hong@endlessm.com>
    Signed-off-by: Ming Shuo Chiu <chiu@endlessm.com>
    Cc: <stable@vger.kernel.org>
    Signed-off-by: Takashi Iwai <tiwai@suse.de>
    Signed-off-by: Greg Kroah-Hartman <gregkh@linuxfoundation.org>

commit 22bc89a31109c501b4fd5c0061cc856b6d831466
Author: Jian-Hong Pan <jian-hong@endlessm.com>
Date:   Thu Dec 27 16:46:31 2018 +0800

    ALSA: hda/realtek: Enable the headset mic auto detection for ASUS laptops
    
    commit 82b01149ec94d746867d7f9156c44d775d4d2d67 upstream.
    
    The headset mic of ASUS laptops like UX533FD, UX433FN and UX333FA, whose
    CODEC is Realtek ALC294 has jack auto detection feature. This patch
    enables the feature.
    
    Fixes: 4e051106730d ("ALSA: hda/realtek: Enable audio jacks of ASUS UX533FD with ALC294")
    Signed-off-by: Daniel Drake <drake@endlessm.com>
    Signed-off-by: Jian-Hong Pan <jian-hong@endlessm.com>
    Cc: <stable@vger.kernel.org>
    Signed-off-by: Takashi Iwai <tiwai@suse.de>
    Signed-off-by: Greg Kroah-Hartman <gregkh@linuxfoundation.org>
checking 487b6512d88194554cdc20eae0ce933f77d7939d ......
	 orig commit -> d8ae458eeca9ed686e09a1b894867cb91fc4c1cb ......
checking c8461d87716bfe300a6937e173dba1b0a300730f ......
	 orig commit -> bde1a7459623a66c2abec4d0a841e4b06cc88d9a ......
		 bde1a7459623a66c2abec4d0a841e4b06cc88d9a has problem. Fixes commit -> 693abe11aa6b27aed6eb8222162f8fb986325cef
commit 1ac48dafac4b61e5265eb3914607cf7ab46cb5d9
Author: Kailang Yang <kailang@realtek.com>
Date:   Tue Jan 29 15:38:21 2019 +0800

    ALSA: hda/realtek - Fixed hp_pin no value
    
    commit 693abe11aa6b27aed6eb8222162f8fb986325cef upstream.
    
    Fix hp_pin always no value.
    
    [More notes on the changes:
    
     The hp_pin value that is referred in alc294_hp_init() is always zero
     at the moment the function gets called, hence this is actually
     useless as in the current code.
    
     And, this kind of init sequence should be called from the codec init
     callback, instead of the parser function.  So, the first fix in this
     patch to move the call call into its own init_hook.
    
     OTOH, this function is needed to be called only once after the boot,
     and it'd take too long for invoking at each resume (where the init
     callback gets called).  So we add a new flag and invoke this only
     once as an additional fix.
    
     The one case is still not covered, though: S4 resume.  But this
     change itself won't lead to any regression in that regard, so we
     leave S4 issue as is for now and fix it later.  -- tiwai ]
    
    Fixes: bde1a7459623 ("ALSA: hda/realtek - Fixed headphone issue for ALC700")
    Signed-off-by: Kailang Yang <kailang@realtek.com>
    Cc: <stable@vger.kernel.org>
    Signed-off-by: Takashi Iwai <tiwai@suse.de>
    Signed-off-by: Greg Kroah-Hartman <gregkh@linuxfoundation.org>
checking 03e8b38c517753473fa23bf45f7ace3d27e320e8 ......
	 orig commit -> fa9c98e4b975bb3192ed6af09d9fa282ed3cd8a0 ......
checking 384f18115267c0e52748137d6720c81b1cf220e1 ......
	 orig commit -> c93db7bb6ef3251e0ea48ade311d3e9942748e1c ......
checking 111758f73595528e4f9f51b54cca27470d130e08 ......
	 orig commit -> 320f35b7bf8cccf1997ca3126843535e1b95e9c4 ......
checking a31da26a15e9656931fea29c28dcf9fa10db3f46 ......
	 orig commit -> 164f7e586739d07eb56af6f6d66acebb11f315c8 ......
checking 2a5d5f5f47b92a08e869471431f29b2b0090455e ......
	 orig commit -> 7c0950d455d6ab610d2990a13120f935b75abf2c ......
checking c6900015132a0b9a98bea5b24d675442cc105540 ......
	 orig commit -> 903e8ff86753e6f327bb92166a0665e4ecb8e2e7 ......
checking 359c0c4aefa13a626c51d86a6891a7d90e27ef1b ......
	 orig commit -> dbd4af54745fc0c805217693c807a3928b2d408b ......
checking 53f1c27ac5d51cbd1ead30d69180cb5067cb62b0 ......
	 orig commit -> 8de456cf87ba863e028c4dd01bae44255ce3d835 ......
checking ab31765ef4dd68f4de5035a378016483688df4f2 ......
	 orig commit -> c7d7d620dcbd2a1c595092280ca943f2fced7bbd ......
checking f7cbec75fb0b1f893a6df490701c9099086f5480 ......
	 orig commit -> ce96a407adef126870b3f4a1b73529dd8aa80f49 ......
checking 505bc9f3899699114d32782c0ad494d3b15ae29a ......
	 orig commit -> 8f416836c0d50b198cad1225132e5abebf8980dc ......
checking 6aab48ae8ab5171b2b952fdd0241bad7a02daf20 ......
	 orig commit -> e21e57445a64598b29a6f629688f9b9a39e7242a ......
checking 126afacf7a8f1a5c7499ab905613749de1748e55 ......
	 orig commit -> ea2412dc21cc790335d319181dddc43682aef164 ......
checking 992a773cb9bbd17e79647a3bfced86f2a4c8d5ad ......
	 orig commit -> 6344d02dc8f886b6bbcd922ae1a17e4a41500f2d ......
checking 5893e48f8f8a857b5bcd623d67d91668330a514a ......
	 orig commit -> f6c8e432cb0479255322c5d0335b9f1699a0270c ......
checking 1bda8b7996656c85005db7ac2a86b797c7f6cd1d ......
	 orig commit -> 14a1336e6fff47dd1028b484d6c802105c58e2ee ......
checking 1f925643315d87d0d04c98f69fb8c7655dbc8beb ......
	 orig commit -> 31ffa563833576bd49a8bf53120568312755e6e2 ......
checking d8bf97a0a48901591f621bbed3de79bc4a6c8030 ......
	 orig commit -> b7e768b7e3522695ed36dcb48ecdcd344bd30a9b ......
checking 02bd7b740cbbb374ebbdb965eb2e08f944f6e8bd ......
	 orig commit -> c5a94f434c82529afda290df3235e4d85873c5b4 ......
checking 52da87f0e2e8a083885297c393f5d605f76a8200 ......
	 orig commit -> ae3b7361dc0ee9a425bf7d77ce211f533500b39b ......
		 ae3b7361dc0ee9a425bf7d77ce211f533500b39b has problem. Fixes commit -> 4882a27cec24319d10f95e978ecc80050e3e3e15
commit dc4ec1bad9e2dfc6308c7c53f95f491b22cef897
Author: Marc Dionne <marc.dionne@auristor.com>
Date:   Wed Jan 9 17:23:54 2019 +0000

    afs: Don't set vnode->cb_s_break in afs_validate()
    
    [ Upstream commit 4882a27cec24319d10f95e978ecc80050e3e3e15 ]
    
    A cb_interest record is not necessarily attached to the vnode on entry to
    afs_validate(), which can cause an oops when we try to bring the vnode's
    cb_s_break up to date in the default case (ie. no current callback promise
    and the vnode has not been deleted).
    
    Fix this by simply removing the line, as vnode->cb_s_break will be set when
    needed by afs_register_server_cb_interest() when we next get a callback
    promise from RPC call.
    
    The oops looks something like:
    
        BUG: unable to handle kernel NULL pointer dereference at 0000000000000018
        ...
        RIP: 0010:afs_validate+0x66/0x250 [kafs]
        ...
        Call Trace:
         afs_d_revalidate+0x8d/0x340 [kafs]
         ? __d_lookup+0x61/0x150
         lookup_dcache+0x44/0x70
         ? lookup_dcache+0x44/0x70
         __lookup_hash+0x24/0xa0
         do_unlinkat+0x11d/0x2c0
         __x64_sys_unlink+0x23/0x30
         do_syscall_64+0x4d/0xf0
         entry_SYSCALL_64_after_hwframe+0x44/0xa9
    
    Fixes: ae3b7361dc0e ("afs: Fix validation/callback interaction")
    Signed-off-by: Marc Dionne <marc.dionne@auristor.com>
    Signed-off-by: David Howells <dhowells@redhat.com>
    Signed-off-by: Sasha Levin <sashal@kernel.org>
checking ce469db0943bb633a8e8bdd288e45b228295d449 ......
	 orig commit -> 89d328f637b9904b6d4c9af73c8a608b8dd4d6f8 ......
checking ff5ac9bd16ef954d80dffabc693f7802bb86abeb ......
	 orig commit -> 975ef94a0284648fb0137bd5e949b18cef604e33 ......
checking a9d79a0751a2428cdb28278dd9aeb6ce4afce797 ......
	 orig commit -> 123664101aa2156d05251704fc63f9bcbf77741a ......
checking c1a21086bbbdf8fa189a17fbadb1a61659724ee9 ......
	 orig commit -> 72791ac854fea36034fa7976b748fde585008e78 ......
checking f3c73ae453ed3820299030a24032848c58219b3d ......
	 orig commit -> 300625620314194d9e6d4f6dda71f2dc9cf62d9f ......
checking cbd6a7ea60687231b1ba0e9a8d52f54e4174711e ......
	 orig commit -> ad97d9de45835b6a0f71983b0ae0cffd7306730a ......
checking 3b54558a73d0293409c10c7fe3fbb48a9f95f095 ......
	 orig commit -> c758940158bf29fe14e9d0f89d5848f227b48134 ......
checking e3fb9d84fdd1a67a4c9b50a74267077105feea16 ......
	 orig commit -> a8bf879af7b1999eba36303ce9cc60e0e7dd816c ......
checking 4b0f9f881bc1278ce23722e2d30a17f9a1a55595 ......
	 orig commit -> e4c39f7926b4de355f7df75651d75003806aae09 ......
checking eee2269fd04f2ed8acc1ffd01534deb758dd3247 ......
	 orig commit -> 9a24ce5b66f9c8190d63b15f4473600db4935f1f ......
checking a4a7a0d729c03b1629d296bab58444a230192f70 ......
	 orig commit -> 3f2b7b9035107d6096ea438ea3d97dcf0481b6d2 ......
checking 5132f91318ed21dfc76cd405416785106fe591ca ......
	 orig commit -> e6bc06faf64a83384cc0abc537df954c9d3ff942 ......
checking 815899cf26f6e42d528ac8b2b6e96800e44f9579 ......
	 orig commit -> 8159a6a4a7d2a092d5375f695ecfca22b4562b5f ......
checking e5f42e061789220895a92c9ecdc891541b974e5c ......
	 orig commit -> ca08987885a147643817d02bf260bc4756ce8cd4 ......
checking 6d665dab42e7d98286d4f2066cc226dae7654c1f ......
	 orig commit -> c9287fa657b3328b4549c0ab39ea7f197a3d6a50 ......
checking 227b1745cd978854e25e1a565552fb2bfd16c731 ......
	 orig commit -> 24a6d2dd263bc910de018c78d1148b3e33b94512 ......
checking bf1b47f33cb1f4349ed24129e1b6eae21294780b ......
	 orig commit -> 1e4329ee2c52692ea42cc677fb2133519718b34a ......
checking d6b1692d9b9ee49f333500e6578c3801f6ac2530 ......
	 orig commit -> 354cb410d87314e2eda344feea84809e4261570a ......
checking 3c7670d56ac650b988e560298a71e7f8d7a6828d ......
	 orig commit -> f48b4711dd6e1cf282f9dfd159c14a305909c97c ......
checking 8038f92df3eb2a98d68ba78799d4026b099f6705 ......
	 orig commit -> 53ca0f2fec39c80ccd19e6e3f30cc8daef174b70 ......
checking 5517d4c6dcbb89af8b34c924088132e5839930fa ......
	 orig commit -> 095faf45e64be00bff4da2d6182dface3d69c9b7 ......
checking 18218f827e3c0aabe07ad686c6071b33df411e32 ......
	 orig commit -> 584eab291c67894cb17cc87544b9d086228ea70f ......
checking 4f03e063a55453d0bfc86750ae4829ec86e091e7 ......
	 orig commit -> 75b7b86bdb0df37e08e44b6c1f99010967f81944 ......
checking 9838090d9859bb6f01a35a7f10d3f88349569ade ......
	 orig commit -> 508b09046c0f21678652fb66fd1e9959d55591d2 ......
		 508b09046c0f21678652fb66fd1e9959d55591d2 has problem. Fixes commit -> 15df03c661cb362366ecfc3a21820cb934f3e4ca
commit 783359cf762c78391545a2c5e7598fe26f430fe5
Author: Eli Cooper <elicooper@gmx.com>
Date:   Mon Jan 21 18:45:27 2019 +0800

    netfilter: ipv6: Don't preserve original oif for loopback address
    
    commit 15df03c661cb362366ecfc3a21820cb934f3e4ca upstream.
    
    Commit 508b09046c0f ("netfilter: ipv6: Preserve link scope traffic
    original oif") made ip6_route_me_harder() keep the original oif for
    link-local and multicast packets. However, it also affected packets
    for the loopback address because it used rt6_need_strict().
    
    REDIRECT rules in the OUTPUT chain rewrite the destination to loopback
    address; thus its oif should not be preserved. This commit fixes the bug
    that redirected local packets are being dropped. Actually the packet was
    not exactly dropped; Instead it was sent out to the original oif rather
    than lo. When a packet with daddr ::1 is sent to the router, it is
    effectively dropped.
    
    Fixes: 508b09046c0f ("netfilter: ipv6: Preserve link scope traffic original oif")
    Signed-off-by: Eli Cooper <elicooper@gmx.com>
    Signed-off-by: Pablo Neira Ayuso <pablo@netfilter.org>
    Signed-off-by: Greg Kroah-Hartman <gregkh@linuxfoundation.org>
checking bf6f1276768f31bdd00c9d5f50cff4c26330a101 ......
	 orig commit -> 31e1ab494559fb46de304cc6c2aed1528f94b298 ......
checking 5dda1e7d7ce4afe233d2c2e647634d2f0fd99f9e ......
	 orig commit -> 1830b6eeda1fed42d85f2388f79c926331a9b2d0 ......
checking 9ca88f3c4cb5eb6983aaf7492f78e467c0e123e1 ......
	 orig commit -> 069caf5950dfa75d0526cd89c439ff9d9d3136d8 ......
checking b58128138f06b3732621da378a0a4c4a9f197e8e ......
	 orig commit -> 2c2322fbcab8102b8cadc09d66714700a2da42c2 ......
checking 634395d20d7d1263fb702b9f89deb10c5a41b975 ......
	 orig commit -> 6ca6695f576b8453fe68865e84d25946d63b10ad ......
checking 27b61cbaa809c3d12c989fa24a1fa042624c05d7 ......
	 orig commit -> 99f700366fcea1aa2fa3c49c99f371670c3c62f8 ......
checking 66d73a4ef37e7b95d76ce12ff7fa55430b28782c ......
	 orig commit -> 286afdde1640d8ea8916a0f05e811441fbbf4b9d ......
checking 28ad9091e186786f735d2dc63d80aafd6949b337 ......
	 orig commit -> 2a31e4bd9ad255ee40809b5c798c4b1c2b09703b ......
checking 2aad202fcd4cc9134f1b68b66220f077c7732261 ......
	 orig commit -> 64999fa7aa2c076ec6d05aee481f11f5296ceb8c ......
checking 6bfebedaa8100b20854fd09820143a3dd5d6539c ......
	 orig commit -> 1efb6ee3edea57f57f9fb05dba8dcb3f7333f61f ......
checking 4c7d50c23a88f3e655bf241c4be67d6716fa87a6 ......
	 orig commit -> ca088320a02537f36c243ac21794525d8eabb3bd ......
checking ad374d10b78e3af930119d9b381e9578c41d986f ......
	 orig commit -> 2084ac6c505a58f7efdec13eba633c6aaa085ca5 ......
checking 0aeda30045b6b979655f7992f100e29adb583484 ......
	 orig commit -> ffdcc3638c58d55a6fa68b6e5dfd4fb4109652eb ......
checking 38f3a0f0105235567101fea3020cbabc23ea0733 ......
	 orig commit -> 373a500e34aea97971c9d71e45edad458d3da98f ......
checking abf7201316a357adf3ef64e70f1599c52edaf59e ......
	 orig commit -> dd2f52d8991af9fe0928d59ec502ba52be7bc38d ......
checking 1f1aedd6b19a1e07c3d830842e36258fb9d47b4d ......
	 orig commit -> dde7011a824cfa815b03f853ec985ff46b740939 ......
checking 8653ffc34cee4e531aeb2338da90eeea9071eb6c ......
	 orig commit -> 4f32fb921b153ae9ea280e02a3e91509fffc03d3 ......
checking 59315d0ca4fa4dde5e930f10a81326bf618c82c0 ......
	 orig commit -> a6c66d6a08b88cc10aca9d3f65cfae31e7652a99 ......
checking f4515855b7a1c2edf674e0f35b0f22abc9ed2165 ......
	 orig commit -> 3c4b1419c33c2417836a63f8126834ee36968321 ......
checking 5a49ef9832e599d2fba7fae80049067cd7c5950f ......
	 orig commit -> d52ef88a9f4be523425730da3239cf87bee936da ......
checking 7c736fee5a5d9ad2ff520b9c367e41a7819b7800 ......
	 orig commit -> 074fca3a18e7e1e0d4d7dcc9d7badc43b90232f4 ......
checking 91f6a9aa7952ba5d93a06c4deea396dfc1f0f4a2 ......
	 orig commit -> a4390aee72713d9e73f1132bcdeb17d72fbbf974 ......
checking b3159470aa8f6a5dd8227a8be557e23018884d4b ......
	 orig commit -> 4ab7ca092c3c7ac8b16aa28eba723a8868f82f14 ......
checking 4724b50f9e093cfa9bea7caa5f25f00755bcc568 ......
	 orig commit -> c88520db18ba0b9a41326c3b8680e7c09eb4c381 ......
checking d801a3eff5541321abd235243c8237b34d05ddf5 ......
	 orig commit -> 6e34d358b24ffc40764eb3681164c79091765429 ......
checking 3d2d2ba0c296d77f43b0a48033ded570fb3a0131 ......
	 orig commit -> 22566c1603030f0a036ad564634b064ad1a55db2 ......
checking 79cd7b0e114dbb3f7520bcc069c32db80c0a67e8 ......
	 orig commit -> 0b9301fb632f7111a3293a30cc5b20f1b82ed08d ......
checking a8657e68242772354aeaa0ccd0f35f1bcf1cceaa ......
	 orig commit -> a3e620f8422832afd832ad5e20aa97d0c72bada8 ......
checking 2a031cab71cd9909fa659c96b6221d1fe33ad87f ......
	 orig commit -> 68bc10bf992180f269816ff3d22eb30383138577 ......
checking 67707627c2f2ab3281c12b297cc72b313c33c646 ......
	 orig commit -> b01c1f69c8660eaeab7d365cd570103c5c073a02 ......
checking f3ff2ac4169ec3aa5777a3c1dbb03fb63080cb4a ......
	 orig commit -> 09aaf6813cfca4c18034fda7a43e68763f34abb1 ......
checking fb0fc90cc20fdd857d30f4fbfa6bceecc99c5451 ......
	 orig commit -> b4e955e9f372035361fbc6f07b21fe2cc6a5be4a ......
checking df66ef67c3344b767b3d1d8396d4a3e81942c4e9 ......
	 orig commit -> 53fffe29a9e664a999dd3787e4428da8c30533e0 ......
checking 5689666aa13422264366940db51173a51f27002c ......
	 orig commit -> 569a933b03f3c48b392fe67c0086b3a6b9306b5a ......
checking 0d4ff09997f32ea375b3e1bc512cd1c48c421756 ......
	 orig commit -> 243cfe3fb8978c7eec24511aba7dac98819ed896 ......
checking 842aeeac335eaad26f8d3e9313b5254088026d2b ......
	 orig commit -> 91b9deefedf4c35a01027ce38bed7299605026a3 ......
checking fa3ceb3b59e5ab892accbb7590e9a3ac4bbb3b0d ......
	 orig commit -> 882eab6c28d23a970ae73b7eb831b169a672d456 ......
checking abbd01b7798788d1d3a5623238db6455c806fb63 ......
	 orig commit -> 76836fd354922ebe4798a64fda01f8dc6a8b0984 ......
checking 3ef0d19cd8156fe122041cb47b3f9fc50ad743b5 ......
	 orig commit -> 38cd989ee38c16388cde89db5b734f9d55b905f9 ......
checking d70a6605fe94f59911caab1a25a70581e38a0c14 ......
	 orig commit -> 613a41b0d16e617f46776a93b975a1eeea96417c ......
checking 2309636dc47438594358644f855d7cd9218c58e6 ......
	 orig commit -> 67fd1437d11620de8768b22fe20942e752ed52e9 ......
checking 88e8e3c710b1621f2d1854307078edc9bace65f3 ......
	 orig commit -> 4c10473d6ddf12ec124c9ff71a5d23bb5388478b ......
checking 737f3bb3e4be365707438421f25b3e28f1bdaf7a ......
	 orig commit -> 20e00db2f59bdddf8a8e241473ef8be94631d3ae ......
checking e4777c2e40f0592214f25aa0320c4505746dfd07 ......
	 orig commit -> 16a8ee4c80b45984b6de1f90a49edcf336b7c621 ......
checking dbc62bd3b05b772989de64421573f25552f5aead ......
	 orig commit -> 35fdc3902179366489a12cae4cb3ccc3b95f0afe ......
checking 08cff35113e5ca6378b394a3566a4c7c86737bf2 ......
	 orig commit -> 70df9ebbd82c794ddfbb49d45b337f18d5588dc2 ......
checking 61170596e1c0715519720947a9a3b8249a729101 ......
	 orig commit -> b89e242eee8d4cd8261d8d821c62c5d1efc454d0 ......
checking a4f21114d83ec0abc311e71f11a0e05f670a0cac ......
	 orig commit -> 806212f91c874b24cf9eb4a9f180323671b6c5ed ......
checking 00bac44c99910c12b5bfa6225f518cb93d57a741 ......
	 orig commit -> 29e3880109e357fdc607b4393f8308cef6af9413 ......
		 29e3880109e357fdc607b4393f8308cef6af9413 has problem. Fixes commit -> 753c111f655e38bbd52fc01321266633f022ebe2
commit a905b82e1ea38374a4060d573caebeb9352d5bd8
Author: Pablo Neira Ayuso <pablo@netfilter.org>
Date:   Wed Feb 13 13:03:53 2019 +0100

    netfilter: nft_compat: use-after-free when deleting targets
    
    commit 753c111f655e38bbd52fc01321266633f022ebe2 upstream.
    
    Fetch pointer to module before target object is released.
    
    Fixes: 29e3880109e3 ("netfilter: nf_tables: fix use-after-free when deleting compat expressions")
    Fixes: 0ca743a55991 ("netfilter: nf_tables: add compatibility layer for x_tables")
    Signed-off-by: Pablo Neira Ayuso <pablo@netfilter.org>
    Signed-off-by: Greg Kroah-Hartman <gregkh@linuxfoundation.org>
checking e947f9aa9a61e92d1104f85262d08462751cc03e ......
	 orig commit -> 0fbcc5b568edab7d848b7c7fa66d44ffbd4133c0 ......
checking f8328abb878207cbb5e5a2159a07341fa707365f ......
	 orig commit -> fb50c09e923870a358d68b0d58891bd145b8d7c7 ......
checking d15443a19d410126447e9ecac3a81967c82ce307 ......
	 orig commit -> 25d8bcedbf4329895dbaf9dd67baa6f18dad918c ......
checking 8fe8940ffcf6984dcf69e5c869aaf244f6d1742b ......
	 orig commit -> 0fb39bbe43d4481fcf300d2b5822de60942fd189 ......
checking 4a3b49f0ced5b86999b9e9ae8f06dbdf3b0ea400 ......
	 orig commit -> 3c5cdb17c3be76714dfd0d03e384f70579545614 ......
checking ae60f4705f95889cdb3cc9d8c4fd3ef2486074bc ......
	 orig commit -> 31568ec09ea02a050249921698c9729419539cce ......
		 31568ec09ea02a050249921698c9729419539cce has problem. Fixes commit -> 53ca0f2fec39c80ccd19e6e3f30cc8daef174b70
commit 8038f92df3eb2a98d68ba78799d4026b099f6705
Author: Taehee Yoo <ap420073@gmail.com>
Date:   Sun Nov 25 18:47:13 2018 +0900

    netfilter: nf_conncount: remove wrong condition check routine
    
    [ Upstream commit 53ca0f2fec39c80ccd19e6e3f30cc8daef174b70 ]
    
    All lists that reach the tree_nodes_free() function have both zero
    counter and true dead flag. The reason for this is that lists to be
    release are selected by nf_conncount_gc_list() which already decrements
    the list counter and sets on the dead flag. Therefore, this if statement
    in tree_nodes_free() is unnecessary and wrong.
    
    Fixes: 31568ec09ea0 ("netfilter: nf_conncount: fix list_del corruption in conn_free")
    Signed-off-by: Taehee Yoo <ap420073@gmail.com>
    Signed-off-by: Pablo Neira Ayuso <pablo@netfilter.org>
    Signed-off-by: Sasha Levin <sashal@kernel.org>
checking 08c7e68ab261645055a9cd66c52c717c25ed0161 ......
	 orig commit -> fd3e71a9f71e232181a225301a75936373636ccc ......
checking f6168a800b6b64f5b421bf34f737ec38a965f00c ......
	 orig commit -> c4b7d1ba7d263b74bb72e9325262a67139605cde ......
checking 1eb8dd51887bbcdd08220828f693105e9e3459fe ......
	 orig commit -> 5f8d3ab136d0ccb59c4d628d8f85e0d8f2761d07 ......
checking 411b321f0ff5856a244660997678957013ca4644 ......
	 orig commit -> 278df5e5527b633f4882f1680ad58b62a7c07bfe ......
checking b42ab52844123694b7f0524be08c96c8408aaa37 ......
	 orig commit -> 53909030aa29bffe1f8490df62176c2375135652 ......
checking 136c523734297fe1905978eb38e2d274b24c1f48 ......
	 orig commit -> cec83ff1241ec98113a19385ea9e9cfa9aa4125b ......
checking 28f3050b13ab69e01e435962c298b345ede591ed ......
	 orig commit -> 419b194cdedc76d0d3cd5b0900db0fa8177c4a52 ......
checking 9f7df2a39ab8aad4eacc4e35e80d94f3b273637f ......
	 orig commit -> 3d8b804bc528d3720ec0c39c212af92dafaf6e84 ......
checking 09372f3cbeed0a6a8a3ea3fafeb7e699984bee80 ......
	 orig commit -> 6809564d64ff1301d44c13334cc0e8369e825a20 ......
checking 886e00c5fe3d41ef161f5fa04b5dc1cc89a1bead ......
	 orig commit -> e7f4ffffa972db4820c23ff9831a6a4f3f6d8cc5 ......
checking de7e3f88dd5c594d9ea1fac6a176716435d905bc ......
	 orig commit -> c3e43d8b958bd6849817393483e805d8638a8ab7 ......
checking 748b7861bce5db2777432448e4a4161129273ad2 ......
	 orig commit -> e14856f6cfbb1b96aa45a68f188b147b5bde76b4 ......
checking 32d28e247da716f651e25ad71cdf777b51d7839b ......
	 orig commit -> 112b57fa737445b2361be332ce8cc0fd3e2b994e ......
checking 8ec3e5552e4e01e73d4efe8637efd7fde020fb20 ......
	 orig commit -> 3ee9a76a8c5a10e1bfb04b81db767c6d562ddaf3 ......
checking 5a8fbba77bf8eae8f7715048b8fd22781c6b73b7 ......
	 orig commit -> eef3dc34a1e0b01d53328b88c25237bcc7323777 ......
checking 9ac607494a5dd30f04d80500559eb2a4f14e7012 ......
	 orig commit -> 867d0ad476db89a1e8af3f297af402399a54eea5 ......
checking b4b8a71c72badf9a33cb0ae092141a601e69d223 ......
	 orig commit -> f28c020fb488e1a8b87469812017044bef88aa2b ......
checking a275c66b4d81ba9284bea79a125018a1cbe70db1 ......
	 orig commit -> 4135cce7fd0a0d755665c02728578c7c5afe4726 ......
checking 4aa6d46d1711758ee18d078b76175b807ac55438 ......
	 orig commit -> d7f7e0018b96fd1a30a968faa9464eb57372c1ec ......
checking a7dba859ca58590c6f3445553db25cd748c40ff0 ......
	 orig commit -> 436c9453a1ac0944b82870ef2e0d9be956b396d9 ......
checking 36206419989d9cd8a6dbb27ed61bae524e95f812 ......
	 orig commit -> 35b827b6d06199841a83839e8bb69c0cd13a28be ......
checking bbc83e8d08cbbbd083f4c5cb192d60d64b0bd0ba ......
	 orig commit -> b2b7af861122a0c0f6260155c29a1b2e594cd5b5 ......
checking 03b271cb9175b8fc9d6dfcfb3e87f23a7d6815dc ......
	 orig commit -> 41727549de3e7281feb174d568c6e46823db8684 ......
		 41727549de3e7281feb174d568c6e46823db8684 has problem. Fixes commit -> f9bfe4e6a9d08d405fe7b081ee9a13e649c97ecf
commit d265655ae46b3543aef8d5ad2ddd86db22a6f7e4
Author: Eric Dumazet <edumazet@google.com>
Date:   Thu Dec 6 09:58:24 2018 -0800

    tcp: lack of available data can also cause TSO defer
    
    commit f9bfe4e6a9d08d405fe7b081ee9a13e649c97ecf upstream.
    
    tcp_tso_should_defer() can return true in three different cases :
    
     1) We are cwnd-limited
     2) We are rwnd-limited
     3) We are application limited.
    
    Neal pointed out that my recent fix went too far, since
    it assumed that if we were not in 1) case, we must be rwnd-limited
    
    Fix this by properly populating the is_cwnd_limited and
    is_rwnd_limited booleans.
    
    After this change, we can finally move the silly check for FIN
    flag only for the application-limited case.
    
    The same move for EOR bit will be handled in net-next,
    since commit 1c09f7d073b1 ("tcp: do not try to defer skbs
    with eor mark (MSG_EOR)") is scheduled for linux-4.21
    
    Tested by running 200 concurrent netperf -t TCP_RR -- -r 60000,100
    and checking none of them was rwnd_limited in the chrono_stat
    output from "ss -ti" command.
    
    Fixes: 41727549de3e ("tcp: Do not underestimate rwnd_limited")
    Signed-off-by: Eric Dumazet <edumazet@google.com>
    Suggested-by: Neal Cardwell <ncardwell@google.com>
    Reviewed-by: Neal Cardwell <ncardwell@google.com>
    Acked-by: Soheil Hassas Yeganeh <soheil@google.com>
    Reviewed-by: Yuchung Cheng <ycheng@google.com>
    Signed-off-by: David S. Miller <davem@davemloft.net>
    Signed-off-by: Greg Kroah-Hartman <gregkh@linuxfoundation.org>
checking 5148726f2c272055ffa8e528a9280733679e4a06 ......
	 orig commit -> fb6df5a6234c38a9c551559506a49a677ac6f07a ......
checking a482f800169c4e8cdcc88437475f9ca66abd51ca ......
	 orig commit -> 688838934c231bb08f46db687e57f6d8bf82709c ......
checking f5c9c30da73017edf3ec45fce06beb4469bc6b39 ......
	 orig commit -> 5b3279e2cba2238b37f6c18adfdea8bddb32715a ......
checking 7fafda16bb64c134658ffde0ac9332d23ba26fd0 ......
	 orig commit -> 22f6bbb7bcfcef0b373b0502a7ff390275c575dd ......
checking 16218638a239df12346334f66c2a197ee28e34ae ......
	 orig commit -> 9410d386d0a829ace9558336263086c2fbbe8aed ......
checking ac1fb97e9136e6260812e39b867f7ae6e72e075a ......
	 orig commit -> d2a36971ef595069b7a600d1144c2e0881a930a1 ......
checking 70727c00cbb7a77f787c6a1d9e59ae426b149ac9 ......
	 orig commit -> 24be19e47779d604d1492c114459dca9a92acf78 ......
checking 1fa276e9200974788cea3d35b95b961b1311cae5 ......
	 orig commit -> bd5122cd1e0644d8bd8dd84517c932773e999766 ......
checking ec5d7ceda60a81a9498bfefb259d066961ff116b ......
	 orig commit -> a5d4a89245ead1f37ed135213653c5beebea4237 ......
checking c4ec6a9a788a50b4ba79e75b837a627e117b5ca4 ......
	 orig commit -> 1b4e5ad5d6b9f15cd0b5121f86d4719165958417 ......
checking 0e96b90351f48d4ea1f83fe01a666e8752f88b6b ......
	 orig commit -> e6ac64d4c4d095085d7dd71cbd05704ac99829b2 ......
checking fd018cb37ea086d62e9d6db635a3c8893d8ad58e ......
	 orig commit -> 66033f47ca60294a95fc85ec3a3cc909dab7b765 ......
checking ffe5754d2823c34d0025255e87a02148cf867090 ......
	 orig commit -> ebaf39e6032faf77218220707fc3fa22487784e0 ......
