checking 6a31767f84ad31445865f1297d49937319f775c3 ......
checking ca490a987365252c2785fc13714c8e4219363122 ......
	 orig commit -> 3612af783cf52c74a031a2f11b82247b2599d3cd ......
checking ebfb07e8c23e0c0bb4ffd9cb26adec992ac47911 ......
	 orig commit -> 4a067cf823d9d8e50d41cfb618011c0d4a969c72 ......
checking b60d90b2d3d14c426693a0a34041db11be66d29e ......
	 orig commit -> f612acfae86af7ecad754ae6a46019be9da05b8e ......
checking 8d368fc58e7aeb42b39d7bec7c585efdfbc49074 ......
	 orig commit -> c4f5627f7eeecde1bb6b646d8c0907b96dc2b2a6 ......
checking 43593a30a068da533d48b638d452016fe9de3abc ......
	 orig commit -> 00df214b1faae520880cc5c57e206f21239ef741 ......
checking cd61d473f71f0188cbc5c5d0bd6dbdb8ec96018c ......
	 orig commit -> 344c0152d878922365464b7140c74c2a5e073d99 ......
checking 9765ec7f7a02299d8508f85085519d32ac330b82 ......
	 orig commit -> 7b0b644b9aa2de5032db0f468fddca091d0b7b90 ......
checking 09675c2f84bc6fff4d4bb0d4587876d5daa0b107 ......
	 orig commit -> 82f844c22588bf47132c82faeda50b6db473162c ......
checking c426de69ded0d41c7fe56302597c4d5bf9c734fc ......
	 orig commit -> d90b88fd3653f1fb66ecc6571b860d5a5749fa56 ......
checking f5e66cdb51fd352d7091cb2516b24734e524cb33 ......
	 orig commit -> d3d6a18d7d351cbcc9b33dbedf710e65f8ce1595 ......
checking 88793c034edff193c63828f79d0a9e24e49025a8 ......
	 orig commit -> 72faa7a773ca59336f3c889e878de81445c5a85c ......
checking 5691b93f686e6551a71b27af93b4edc234062e63 ......
	 orig commit -> d7ac3c6ef5d8ce14b6381d52eb7adafdd6c8bb3c ......
checking 9d53e36c8c098544fc62e7868ebb989168110c4c ......
	 orig commit -> 8fde481ef3674ae5ad0dbfef4df18ff507c5675a ......
checking 690e939da71d6b38a04b605300fc05e22ad991a3 ......
	 orig commit -> 6a072128d262d2b98d31626906a96700d1fc11eb ......
checking 51c5318058013f06bd5e85166d60d4dbfb9a2072 ......
	 orig commit -> 6f913de3231e1d70a871135b38219da7810df218 ......
checking eab5ea25ebee29b2bd8cefe98f12afe2159cf530 ......
	 orig commit -> 0237199186e7a4aa5310741f0a6498a20c820fd7 ......
checking 3846080998b93b300237ed8cef5694f8cec5a4d0 ......
	 orig commit -> a3df633a3c92bb96b06552c3f828d7c267774379 ......
checking 69e6fb1804cf679457d384e1bfc519a1f1da9553 ......
	 orig commit -> 6191da98062d25276a3b88fb2a94dcbcfb3ea65d ......
checking f1446b164925f6c993328efe892457934764cdbf ......
	 orig commit -> 8f67c90ee9148eab3d2b4393c3cf76489b27f87c ......
checking 4d8f5df0cbe926bb43a5cf1dff19b2c72f924395 ......
	 orig commit -> ed8fe20205ac054bf585156709de3913d1890f30 ......
		 ed8fe20205ac054bf585156709de3913d1890f30 has problem. Fixes commit -> 3acca1dd17060332cfab15693733cdaf9fba1c90
commit 15e97839157720e73c572e990a8d53278c08df09
Author: Heiner Kallweit <hkallweit1@gmail.com>
Date:   Mon Mar 4 19:39:03 2019 +0100

    net: dsa: mv88e6xxx: add call to mv88e6xxx_ports_cmode_init to probe for new DSA framework
    
    [ Upstream commit 3acca1dd17060332cfab15693733cdaf9fba1c90 ]
    
    In the original patch I missed to add mv88e6xxx_ports_cmode_init()
    to the second probe function, the one for the new DSA framework.
    
    Fixes: ed8fe20205ac ("net: dsa: mv88e6xxx: prevent interrupt storm caused by mv88e6390x_port_set_cmode")
    Reported-by: Shaokun Zhang <zhangshaokun@hisilicon.com>
    Suggested-by: Andrew Lunn <andrew@lunn.ch>
    Signed-off-by: Heiner Kallweit <hkallweit1@gmail.com>
    Reviewed-by: Andrew Lunn <andrew@lunn.ch>
    Signed-off-by: David S. Miller <davem@davemloft.net>
    Signed-off-by: Sasha Levin <sashal@kernel.org>
checking 457c1190c65cff2bf98295a9122379a0eb7e7564 ......
	 orig commit -> d235c48b40d399328585a68f3f9bf7cc3062d586 ......
		 d235c48b40d399328585a68f3f9bf7cc3062d586 has problem. Fixes commit -> 5ceaeb99ffb4dc002d20f6ac243c19a85e2c7a76
checking cc211561d12656dff6d73bc61094cb6366cac4e6 ......
	 orig commit -> a1fd1ad2552fad9e649eeb85fd79301e2880a886 ......
checking 4f3221dee1e1230555cbf24c2d5907f470b5e10e ......
	 orig commit -> be48220edd48ca0d569782992840488a52373a24 ......
checking a68d31cc530649a714bd309dde6d12083231a518 ......
	 orig commit -> e3818541b49fb88650ba339d33cc53e4095da5b3 ......
checking 8c0aa3f6908c400d85830bf8bce06b7abb85451f ......
	 orig commit -> b6e9e5df4ecf100f6a10ab2ade8e46d47a4b9779 ......
checking 125bc1e67eee3dd70edc3349068bfd997a118989 ......
	 orig commit -> 3da1ed7ac398f34fff1694017a07054d69c5f5c5 ......
checking f2397468fbd7bb5ab8753cef694acf294d1bb383 ......
	 orig commit -> 9ef6b42ad6fd7929dd1b6092cb02014e382c6a91 ......
checking e6620defc483b94bae5de691ca5797ae013cdf69 ......
	 orig commit -> ecef67cb10db7b83b3b71c61dbb29aa070ab0112 ......
checking 947fc52b6bf470fda416fac80051c1b9d401ac59 ......
	 orig commit -> 99e87f56b48f490fb16b6e0f74691c1e664dea95 ......
checking e5e5840183deac7b135b35c199968b3e61949851 ......
	 orig commit -> a2288d4e355992d369c50c45d017a85f6061ff71 ......
checking 488b940719b708c9fae904bac95d4db832bf05f0 ......
	 orig commit -> 71828b2240692cec0e68b8d867bc00e1745e7fae ......
checking ab04570d82b164daca4917c459c152dfb3839448 ......
	 orig commit -> bfd07f3dd4f111b884d7922b37eb239280f83d8c ......
checking 5fdb551fd6a6bda0010458fd34aa73d17e56c572 ......
	 orig commit -> ff7b11aa481f682e0e9711abfeb7d03f5cd612bf ......
checking d0bedaac932f4c02c080a50d4a30b2a1fec5d682 ......
	 orig commit -> 07f12b26e21ab359261bf75cfcb424fdc7daeb6d ......
checking ed7a54419ef29342f430136e02d2fd8c447d8ca1 ......
	 orig commit -> d25ed413d5e51644e18f66e34eec049f17a7abcb ......
checking d068168997580d1a9c81b7322a365e05229479a1 ......
	 orig commit -> 232ba3a51cc224b339c7114888ed7f0d4d95695e ......
checking f132b3f5f1ad1cbe818474ab8d0b555ff39369d5 ......
	 orig commit -> 58bdd544e2933a21a51eecf17c3f5f94038261b5 ......
checking d1dd2e15c85e890a1cc9bde5ba07ae63331e5c73 ......
	 orig commit -> 5845f706388a4cde0f6b80f9e5d33527e942b7d9 ......
checking e3713abc4248aa6bcc11173d754c418b02a62cbb ......
	 orig commit -> 5578de4834fe0f2a34fedc7374be691443396d1f ......
checking 4afc9831f895ff1440e42f2f6ea5297a90da1001 ......
	 orig commit -> 6e46e2d821bb22b285ae8187959096b65d063b0d ......
checking 05d9f554b7136dca02e76218d79c694f8c5deab4 ......
	 orig commit -> a6da21bb0eae459a375d5bd48baed821d14301d0 ......
checking ceb7c249869527f28e8caf6989b616740bd454e0 ......
	 orig commit -> 90490ef7269906423a1c1b917fc24be8b1602658 ......
checking 99ed9458212602e1a286196c488c52952d2e9e7a ......
	 orig commit -> 5e1a99eae84999a2536f50a0beaf5d5262337f40 ......
		 5e1a99eae84999a2536f50a0beaf5d5262337f40 has problem. Fixes commit -> 15d55bae4e3c43cd9f87fd93c73a263e172d34e1
checking d61918a5e401bc1911d761a7f0c5c760ea1cac4b ......
	 orig commit -> bf48648d650db1146b75b9bd358502431e86cf4f ......
checking 36bd44bcb4b2fef0f1fabc28c4f99f3098ab2cbd ......
	 orig commit -> cf1c9ccba7308e48a68fa77f476287d9d614e4c7 ......
checking 1713c8e18b44de3b9df3e69e0181b3b896280032 ......
	 orig commit -> 2b3c6885386020b1b9d92d45e8349637e27d1f66 ......
checking 8d1b9800c1ea9f3c27a2a724e0024a30784b39a9 ......
	 orig commit -> 0e63208915a8d7590d0a6218dadb2a6a00ac705a ......
checking 089100d5fb434a655706799279b1ce0f79d864d1 ......
	 orig commit -> 692c31bd4054212312396b1d303bffab2c5b93a7 ......
checking 5e311e537e638960eb1da1b76a1b482dc05b11c2 ......
	 orig commit -> b33b7cd6fd86478dd2890a9abeb6f036aa01fdf7 ......
checking 8085d6d03fe3702e9cf37fff3677c08b40b1007f ......
	 orig commit -> 901efe12318b1ea8d3e2c88a7b75ed6e6d5d7245 ......
checking 16a006d72f333882b6affdebcaa0e84524e4a0c8 ......
	 orig commit -> 822e44b45eb991c63487c5e2ce7d636411870a8d ......
checking 7ce2a517fd8b7742e381d3b3551b9b03e667ad79 ......
	 orig commit -> 895a5e96dbd6386c8e78e5b78e067dcc67b7f0ab ......
checking 3043bfe024e8b17c6b881316a4647e53f737d5ce ......
	 orig commit -> 46b1c18f9deb326a7e18348e668e4c7ab7c7458b ......
checking 0429c9ef94c6dc720ee5869f2ebaf02f1d411880 ......
	 orig commit -> 95150f29ae480276e76368cdf8a9524b5a96c0ca ......
checking dea818999a1e455bbf31b6383ded407a345141af ......
	 orig commit -> c6195a8bdfc62a7cecf7df685e64847a4b700275 ......
checking b5ff77ddd96f2ab2209143990a8d0efcffb7f6b9 ......
	 orig commit -> 87c11f1ddbbad38ad8bad47af133a8208985fbdf ......
checking de40920f369488929456b2614b9be14242024279 ......
	 orig commit -> ecd182cbf4e107928077866399100228d2359c60 ......
checking b8d048b739007a0fd370b52033cb7357f960e4a0 ......
	 orig commit -> fb4415a12632f0b9078a0aa80c16745d48fcfc74 ......
checking 271800f564db5568ac324a5c4072d877633b823d ......
	 orig commit -> 9bcf065e28122588a6cbee08cf847826dacbb438 ......
checking 14af4eff14c2d079d1dede5eb2771815a9db8100 ......
	 orig commit -> dda037057a572f5c82ac2499eb4e6fb17600ba3e ......
checking 63efda29f359591c43d52cc4a3e86b7f693e2269 ......
	 orig commit -> 479826cc86118e0d87e5cefb3df5b748e0480924 ......
checking 40245f24133c880dbbbcf1387d8087f4a066b1a8 ......
	 orig commit -> af692e117cb8cd9d3d844d413095775abc1217f9 ......
checking 1fa7c9b4226fa9d56e8ef58f4c06f29490493c03 ......
	 orig commit -> 1e5ceeab6929585512c63d05911d6657064abf7b ......
checking b46e1fc6ccee6ad21f258ca4f4d2f1ead6c6828e ......
	 orig commit -> 8d7fa3d4ea3f0ca69554215e87411494e6346fdc ......
checking da20be9991d8cc9da9a242227aeee9bb4c3dd02a ......
	 orig commit -> dd9d3d86b08d6a106830364879c42c78db85389c ......
checking 965e716001c9b2685e3018399ff1dfb17b5c7428 ......
	 orig commit -> 6431866b6707d27151be381252d6eef13025cfce ......
checking cbace523cbaafa9e315fc87c227665ffb33dc557 ......
	 orig commit -> a112152f6f3a2a88caa6f414d540bd49e406af60 ......
checking 464b4279d34ff4ac724b3e1966cc11dba564eba3 ......
	 orig commit -> 625c85a62cb7d3c79f6e16de3cfa972033658250 ......
