Check from v4.19.13 to v4.19.14
Commit count: 170
checking f630d3cc771e845af8ab9ac7a68746596ea0ec7c ......
checking a4a929aa46b428f462d7308f1105f42b140ecc6b ......
	 orig commit -> 66a4059ba72c23ae74a7c702894ff76c4b7eac1f ......
checking feb0be15ee8b70c0f819a5010652705109b1e128 ......
	 orig commit -> 29bdedfd9cf40e59456110ca417a8cb672ac9b92 ......
checking 62977aad0a521b1b4491873b14d10c29cdafe800 ......
	 orig commit -> 2ba5780ce30549cf57929b01d8cba6fe656e31c5 ......
checking 7f4a7b1badcfb5ef60ab0828c7b29c8487f397e9 ......
	 orig commit -> 01f54664a4db0d612de0ece8e0022f21f9374e9b ......
checking 920735c63d8a44c664f0967721a0081f60d37fb0 ......
	 orig commit -> 169113ece0f29ebe884a6cfcf57c1ace04d8a36a ......
checking 1817b2ccbd11cbbe64a3d38972ef924d9334d912 ......
	 orig commit -> 3cd508a8c1379427afb5e16c2e0a7c986d907853 ......
checking f318d0cf26b15870af4d10321e2db3426d15f04e ......
	 orig commit -> c23b2e6fc4ca346018618266bcabd335c0a8a49e ......
checking 47ffaa7decc5ed224efe1da57e6d98fa451a8058 ......
	 orig commit -> 60c3ab30d8c2ff3a52606df03f05af2aae07dc6b ......
checking 6318b1b7c90cf60e2a64918734201edcc0e22b3e ......
	 orig commit -> bea2ef803ade3359026d5d357348842bca9edcf1 ......
checking f0fcc4d17cf46911c9609e1fc5af518864f96220 ......
	 orig commit -> 2e2f6c3c0b08eed3fcf7de3c7684c940451bdeb1 ......
checking ce866af60e907fe9df4edcaca94e8ff74fac284f ......
	 orig commit -> 3cc9ffbb1f51eb4320575a48e4805a8f52e0e26b ......
checking badd5690661b3fdee9e73863900ea082ad428078 ......
	 orig commit -> 8ac686d7dfed721102860ff2571e6b9f529ae81a ......
checking 0fa68518047b3e4e44389dc7ce8449e676a24e15 ......
	 orig commit -> 107352a24900fb458152b92a4e72fbdc83fd5510 ......
checking 7ec9ea679c96fcd3767c39d7943e45e51797fa85 ......
	 orig commit -> df655b75c43fba0f2621680ab261083297fd6d16 ......
checking ba77e8c7f7044394c213e1221e630943c3379a6b ......
	 orig commit -> 6d2f84eee098540ae857998fe32f29b9e2cd9613 ......
	 orig commit -> 7af929d6d05ba5564139718e30d5bc96bdbc716a ......
checking 1827d1c439bc7e0e7e1341aabd7e0ca6b6e194f6 ......
	 orig commit -> 9a596f5b39593414c0ec80f71b94a226286f084e ......
checking db825a79e07a76f84df139da3c7d44949f21604d ......
	 orig commit -> db1ce3f5d01d2d6d5714aefba0159d2cb5167a0b ......
checking 34c512d883b32c2f74c4407b9819a9a9d5bcea4a ......
	 orig commit -> edefae94b7b9f10d5efe32dece5a36e9d9ecc29e ......
checking fb38b12e0b2bcd6c6a55e4ae7f085a8db27d1486 ......
	 orig commit -> ff4dd232ec45a0e45ea69f28f069f2ab22b4908a ......
checking 88c61f5cb67d8132725d5fa0adb730f2bbe07f84 ......
	 orig commit -> bec0de4cfad21bd284dbddee016ed1767a5d2823 ......
checking 76a9f7b4be2843b420ee17c9e27139e56078ffe4 ......
	 orig commit -> 92aa0718c9fa5160ad2f0e7b5bffb52f1ea1e51a ......
checking e8ae2ae2aae55daab37cdfdd414108870f3d4fb3 ......
	 orig commit -> bb53fdf395eed103f85061bfff3b116cee123895 ......
		 bb53fdf395eed103f85061bfff3b116cee123895 has problem. Fixes commit -> 66a4059ba72c23ae74a7c702894ff76c4b7eac1f
commit a4a929aa46b428f462d7308f1105f42b140ecc6b
Author: Paul Burton <paul.burton@mips.com>
Date:   Wed Nov 21 19:47:57 2018 -0800

    MIPS: Only include mmzone.h when CONFIG_NEED_MULTIPLE_NODES=y
    
    commit 66a4059ba72c23ae74a7c702894ff76c4b7eac1f upstream.
    
    MIPS' asm/mmzone.h includes the machine/platform mmzone.h
    unconditionally, but since commit bb53fdf395ee ("MIPS: c-r4k: Add
    r4k_blast_scache_node for Loongson-3") is included by asm/rk4cache.h for
    all r4k-style configs regardless of CONFIG_NEED_MULTIPLE_NODES.
    
    This is problematic when CONFIG_NEED_MULTIPLE_NODES=n because both the
    loongson3 & ip27 mmzone.h headers unconditionally define the NODE_DATA
    preprocessor macro which is aready defined by linux/mmzone.h, resulting
    in the following build error:
    
      In file included from ./arch/mips/include/asm/mmzone.h:10,
                       from ./arch/mips/include/asm/r4kcache.h:23,
                       from arch/mips/mm/c-r4k.c:33:
      ./arch/mips/include/asm/mach-loongson64/mmzone.h:48: error: "NODE_DATA" redefined [-Werror]
       #define NODE_DATA(n)  (&__node_data[(n)]->pglist)
    
      In file included from ./include/linux/topology.h:32,
                       from ./include/linux/irq.h:19,
                       from ./include/asm-generic/hardirq.h:13,
                       from ./arch/mips/include/asm/hardirq.h:16,
                       from ./include/linux/hardirq.h:9,
                       from arch/mips/mm/c-r4k.c:11:
      ./include/linux/mmzone.h:907: note: this is the location of the previous definition
       #define NODE_DATA(nid)  (&contig_page_data)
    
    Resolve this by only including the machine mmzone.h when
    CONFIG_NEED_MULTIPLE_NODES=y, which also removes the need for the empty
    mach-generic version of the header which we delete.
    
    Signed-off-by: Paul Burton <paul.burton@mips.com>
    Fixes: bb53fdf395ee ("MIPS: c-r4k: Add r4k_blast_scache_node for Loongson-3")
    Signed-off-by: Greg Kroah-Hartman <gregkh@linuxfoundation.org>
checking 62452b3511952ba8dfea771b5bf344491acee466 ......
	 orig commit -> adcc81f148d733b7e8e641300c5590a2cdc13bf3 ......
checking d642e0b630b0ab681362f46f27fc77a1f51a213e ......
	 orig commit -> f024cf085c423bac7512479f45c34ee9a24af7ce ......
checking 47af3cecd561eaea1084d3768759c14fb8be43eb ......
	 orig commit -> e5f71a27fa12c1a1b02ad478a568e76260f1815e ......
checking 245fc1c7f688c8e6e5fe7076973a414755d18cf0 ......
	 orig commit -> 62dcb4f41836bd3c44b5b651bb6df07ea4cb1551 ......
checking 845c7f6cbc98be49514e4d3ae790af5cba515aec ......
	 orig commit -> 560ccb75c2caa6b1039dec1a53cd2ef526f5bf03 ......
checking 257ad26e7e98c7ec60692f7efa704076a5d9f7a7 ......
	 orig commit -> cea8c0077d6cf3a0cea2f18a8e914af78d46b2ff ......
checking 7ce31f635b23fb68555a6f3fc2c36789d70fdf62 ......
	 orig commit -> e5bb9d3d755f128956ed467ae50b41d22bb680c6 ......
checking 2f8cff22960b4b41e8aac2063f931c10d44fdc6c ......
	 orig commit -> ac791f19a273a7fe254a7596f193af6534582a9f ......
checking 465153038583876e436cd371e4d36e6c8601e671 ......
	 orig commit -> 32804fcb612bf867034a093f459415e485cf044b ......
checking e534754ffd9313a7685265226f5e689fb25ecd5a ......
	 orig commit -> 260683137ab5276113fc322fdbbc578024185fee ......
checking 5036fcd9b14516f62efae6ed0c42dfbb9798b643 ......
	 orig commit -> 64beba0558fce7b59e9a8a7afd77290e82a22163 ......
checking 58d7ab7163d9119a05c576506692a4d90ca22f65 ......
	 orig commit -> 88960068f25fcc3759455d85460234dcc9d43fef ......
checking ce5b0057f7687fab11c23b586b94766b1fc40e96 ......
	 orig commit -> 0ea295dd853e0879a9a30ab61f923c26be35b902 ......
checking 9621ea6b9c4c8268d715785759678b401ff36509 ......
	 orig commit -> d8a706414af4827fc0b4b1c0c631c607351938b9 ......
checking c555772c2a4e1042a12ea27413e93a89d01b04b7 ......
	 orig commit -> 55e56f06ed71d9441f3abd5b1d3c1a870812b3fe ......
checking a9935a12768851762089fda8e5a9daaf0231808e ......
	 orig commit -> 6f5b9f018f4c7686fd944d920209d1382d320e4e ......
checking 71cda0af36704d34daa9ce3887b71b59c6ed72b0 ......
	 orig commit -> b72c51a58e6d63ef673ac96b8ab5bc98799c5f7b ......
checking fad6c183e20b0375ebb003c6f93f523c0144479a ......
	 orig commit -> 8c892df41500469729e0d662816300196e4f463d ......
checking 9eec74b48477df26e65994115eecf7380374c49b ......
	 orig commit -> be6821f82c3cc36e026f5afd10249988852b35ea ......
checking 6911b074a0055f9b350d85fde530f61abbef2171 ......
	 orig commit -> 0568e82dbe2510fc1fa664f58e5c997d3f1e649e ......
checking 10b04210aabf4488930fac768994ff7d1d359ac3 ......
	 orig commit -> 41bd60676923822de1df2c50b3f9a10171f4338a ......
checking 7708a83090bab6e6c7348b0dae4f47681921ca1c ......
	 orig commit -> 27a7ff554e8d349627a90bda275c527b7348adae ......
checking c1f90eb019714c51f191f2c1abbfda7ebfaf7c35 ......
	 orig commit -> 05c49e6bc1e8866ecfd674ebeeb58cdbff9145c2 ......
checking 28867a52e48d989a4c0f8476223a5d76918041f5 ......
	 orig commit -> 0d228ece59a35a9b9e8ff0d40653234a6d90f61e ......
checking 326ca6bd0fae2a164c47dcdd7f89a1da89f4cb11 ......
	 orig commit -> eafb27fa5283599ce6c5492ea18cf636a28222bb ......
checking 8a2fbdd5b0204c823ec641ab9ddca23eb6fd0c33 ......
	 orig commit -> e9d81a1bc2c48ea9782e3e8b53875f419766ef47 ......
checking 99dcd45f274e10b0a4b04f2836218762ed2294d4 ......
	 orig commit -> fa4600734b74f74d9169c3015946d4722f8bcf79 ......
checking d8e4b24ffbbbc296e521eebd5525a3031bdbac51 ......
	 orig commit -> 7da66670775d201f633577f5b15a4bbeebaaa2b0 ......
checking cc43a8afa8e37cd466000ee1b4995e8f8e7b615d ......
	 orig commit -> c35828ea906a7c76632a0211e59c392903cd4615 ......
checking 0fa6bead41baabd87abdffdd1d33d341069935af ......
	 orig commit -> 7172122be6a4712d699da4d261f92aa5ab3a78b8 ......
checking d095e1ba4165a375620b34656856fe1763978714 ......
	 orig commit -> 65b6657672388b72822e0367f06d41c1e3ffb5bb ......
checking 36ef9d14fddaf4a71b7fe6e825ee3be58df6724e ......
	 orig commit -> 8b19faf6fae2867e2c177212c541e8ae36aa4d32 ......
checking 9e9c669859f65d68d2992b1f204bd9cd93715f93 ......
	 orig commit -> 56c1723426d3cfd4723bfbfce531d7b38bae6266 ......
checking cc8b83ff6a6968bb69b7e2ddf7cacaf33f1bd301 ......
	 orig commit -> dbc944115eed48af110646992893dc43321368d8 ......
checking 63f97d305aed08e7ed41cac823d4240481e0b4ef ......
	 orig commit -> e82b0b3828451c1cd331d9f304c6078fcd43b62e ......
		 e82b0b3828451c1cd331d9f304c6078fcd43b62e has problem. Fixes commit -> 29bdedfd9cf40e59456110ca417a8cb672ac9b92
commit feb0be15ee8b70c0f819a5010652705109b1e128
Author: Lukas Wunner <lukas@wunner.de>
Date:   Thu Nov 29 15:14:49 2018 +0100

    spi: bcm2835: Unbreak the build of esoteric configs
    
    commit 29bdedfd9cf40e59456110ca417a8cb672ac9b92 upstream.
    
    Commit e82b0b382845 ("spi: bcm2835: Fix race on DMA termination") broke
    the build with COMPILE_TEST=y on arches whose cmpxchg() requires 32-bit
    operands (xtensa, older arm ISAs).
    
    Fix by changing the dma_pending flag's type from bool to unsigned int.
    
    Fixes: e82b0b382845 ("spi: bcm2835: Fix race on DMA termination")
    Signed-off-by: Lukas Wunner <lukas@wunner.de>
    Signed-off-by: Mark Brown <broonie@kernel.org>
    Cc: Frank Pavlic <f.pavlic@kunbus.de>
    Cc: Martin Sperl <kernel@martin.sperl.org>
    Cc: Noralf Trønnes <noralf@tronnes.org>
    Cc: Sudip Mukherjee <sudipm.mukherjee@gmail.com>
    Signed-off-by: Greg Kroah-Hartman <gregkh@linuxfoundation.org>
checking 0cb4f6559087e99c14f129bc1332c40e84fd0559 ......
	 orig commit -> 18f2c4fcebf2582f96cbd5f2238f4f354a0e4847 ......
checking bf2fd1f970405aeae0dc7cbf42d1ba82e7bf6b70 ......
	 orig commit -> fde872682e175743e0c3ef939c89e3c6008a1529 ......
checking 263663888d2f00421887e251d93ebc52650a37ab ......
	 orig commit -> 8a363970d1dc38c4ec4ad575c862f776f468d057 ......
		 8a363970d1dc38c4ec4ad575c862f776f468d057 has problem. Fixes commit -> 191ce17876c9367819c4b0a25b503c0f6d9054d8
commit 5dc41af3d19e94253c95f62e8ac01158dd8df078
Author: Theodore Ts'o <tytso@mit.edu>
Date:   Mon Dec 31 22:34:31 2018 -0500

    ext4: fix special inode number checks in __ext4_iget()
    
    commit 191ce17876c9367819c4b0a25b503c0f6d9054d8 upstream.
    
    The check for special (reserved) inode number checks in __ext4_iget()
    was broken by commit 8a363970d1dc: ("ext4: avoid declaring fs
    inconsistent due to invalid file handles").  This was caused by a
    botched reversal of the sense of the flag now known as
    EXT4_IGET_SPECIAL (when it was previously named EXT4_IGET_NORMAL).
    Fix the logic appropriately.
    
    Fixes: 8a363970d1dc ("ext4: avoid declaring fs inconsistent...")
    Signed-off-by: Theodore Ts'o <tytso@mit.edu>
    Reported-by: Dan Carpenter <dan.carpenter@oracle.com>
    Cc: stable@kernel.org
    Signed-off-by: Greg Kroah-Hartman <gregkh@linuxfoundation.org>
checking 6633fcb231a0864ca5c961a7664b137474ca3779 ......
	 orig commit -> a805622a757b6d7f65def4141d29317d8e37b8a1 ......
checking 11bb168baef2dc9f613e021749b6f22966ae0959 ......
	 orig commit -> e647e29196b7f802f8242c39ecb7cc937f5ef217 ......
checking 0d078853b87a929b9e37055932a7c873647327cb ......
	 orig commit -> 132d00becb31e88469334e1e62751c81345280e0 ......
checking 0a1c177dd90348342ccf918423d91aebb1e32bfb ......
	 orig commit -> 61157b24e60fb3cd1f85f2c76a7b1d628f970144 ......
checking b878c8a7f08f0c225b6a46ba1ac867e9c5d17807 ......
	 orig commit -> fb265c9cb49e2074ddcdd4de99728aefdd3b3592 ......
		 fb265c9cb49e2074ddcdd4de99728aefdd3b3592 has problem. Fixes commit -> 8c380ab4b7b59c0c602743810be1b712514eaebc
7159a986b4202343f6cca3bb8079ecace5816fd6
commit 8766cc7d0d1d3de0bc0ede9cbf61532925b7f23f
Author: Dan Carpenter <dan.carpenter@oracle.com>
Date:   Thu Feb 21 11:17:34 2019 -0500

    ext4: fix some error pointer dereferences
    
    [ Upstream commit 7159a986b4202343f6cca3bb8079ecace5816fd6 ]
    
    We can't pass error pointers to brelse().
    
    Fixes: fb265c9cb49e ("ext4: add ext4_sb_bread() to disambiguate ENOMEM cases")
    Signed-off-by: Dan Carpenter <dan.carpenter@oracle.com>
    Signed-off-by: Theodore Ts'o <tytso@mit.edu>
    Reviewed-by: Jan Kara <jack@suse.cz>
    Signed-off-by: Sasha Levin <sashal@kernel.org>
checking 6665481e1c219c5bb22a40523de9e987538fd86b ......
	 orig commit -> 2f07229f02d4c55affccd11a61af4fd4b94dc436 ......
checking 3fbf78b2526831342973ba21654d0b9c79360e94 ......
	 orig commit -> e1e71e201703500f708bdeaf64660a2a178cb6a0 ......
checking 65e4e67de33d4cba71b5d350f1c8096123aba107 ......
	 orig commit -> 804234f27180dcf9a25cb98a88d5212f65b7f3fd ......
checking d124dd5c6acefd149f8c555675853d8cd08136a6 ......
	 orig commit -> 11a64a05dc649815670b1be9fe63d205cb076401 ......
checking 307dbd383650210ce97be436d0d517cbda782c65 ......
	 orig commit -> 692d0e63324d2954a0c63a812a8588e97023a295 ......
checking 39dad822b7854f4cd1f4f41eebefc65d277a19c1 ......
	 orig commit -> 225f99e0c811e23836c4911a2ff147e167dd1fe8 ......
checking 0ada27a74438e0d3dd809aa17d9d7035ec4621e7 ......
	 orig commit -> 8e80ad9983caeee09c3a0a1a37e05bff93becce4 ......
checking 62977a9ba8dd8bafdf2190c1cfe6dfbc7f4d2569 ......
	 orig commit -> ec1891afae740be581ecf5abc8bda74c4549203f ......
checking bf75d9382bc4c57873c4193f90685058b6adf934 ......
	 orig commit -> bf287607c80f24387fedb431a346dc67f25be12c ......
checking ca3a6fd272bb446a240b0b5c29980e1ac54aaa40 ......
	 orig commit -> 32e932e37e6b6e13b66add307192c7ddd40a781d ......
checking 29ac2218a9f88e9a459fbaaf6107e9f8438faa70 ......
	 orig commit -> 2f20fa8d12e859a03f68bdd81d75830141bc9ac9 ......
checking 6c56e89e4ebe916990de1dcec0f568948755eca4 ......
	 orig commit -> 81b1e6e6a8590a19257e37a1633bec098d499c57 ......
checking c9dae887cf649f68d053bb0a8cb87f748789c881 ......
	 orig commit -> 1b3ab5ad1b8ad99bae76ec583809c5f5a31c707c ......
checking 07cbcfc33fc96ed3a4ee02ed81d2989bef7ec084 ......
	 orig commit -> c987876a80e7bcb98a839f10dca9ce7fda4feced ......
checking edcf33b155fe65c4cf2f94759a0da35fe14e5c33 ......
	 orig commit -> e81434995081fd7efb755fd75576b35dbb0850b1 ......
checking 4910271928c2b97b004ca209584ceea5a0588ba8 ......
	 orig commit -> ba6f508d0ec4adb09f0a939af6d5e19cdfa8667d ......
checking 86ba6f66c9c16acd38c1bfa1cdf53a570d3e39a5 ......
	 orig commit -> 5b5e4d623ec8a34689df98e42d038a3b594d2ff9 ......
checking aeb5e53416965cea9a5186c6154b9f395a538740 ......
	 orig commit -> 7db54c89f0b30a101584e09d3729144e6170059d ......
checking f1680565304c524fd94f913575ac802fb865181a ......
	 orig commit -> 1e3c336ad8f40f88a8961c434640920fe35cc08b ......
checking d648a9bdac4b9705e48f0131a71f264eca8fd520 ......
	 orig commit -> 98dfd32620e970eb576ebce5ea39d905cb005e72 ......
checking 47148001ae12292984ba1b38d9babefb9a46cd3e ......
	 orig commit -> 94ea56cff506c769a509c5dd87904c7fe3806a81 ......
checking c4b6173e54ca9b80e4e75cbf2adf13a04c2c4f85 ......
	 orig commit -> 984bfb398a3af6fa9b7e80165e524933b0616686 ......
checking 6cd208cb934f26d80bf0a1f4da727da46f9a2eac ......
	 orig commit -> c58eef061dda7d843dcc0ad6fea7e597d4c377c0 ......
checking 80562cf3b1886d59f8a966807b4029e143198dc6 ......
	 orig commit -> 255095fa7f62ff09b6f61393414535c59c6b4cb0 ......
checking f295bc9b8c9c7c0a9a49fa39538277422679a5cf ......
	 orig commit -> c3788cd9963eb2e77de3c24142fb7c67b61f1a26 ......
checking 9c1f18773406a39a9181f5905a727fb7cb00bf96 ......
	 orig commit -> 3004cfd6204927c1294060b849029cf0c2651074 ......
checking b1ab9f3d69f6fe6865c4968b9f240487b4061d54 ......
	 orig commit -> cc10ce0c51b13d1566d0ec1dcb472fb86330b391 ......
checking 5e4dbeba2addf148d8c629c3376eaafb3ab3ca10 ......
	 orig commit -> c85400f886e3d41e69966470879f635a2b50084c ......
checking 8a5d034b5e86c70abb04ea7440255f47982bc2f7 ......
	 orig commit -> 4b2c01ad902ec02fa962b233decd2f14be3714ba ......
checking f37b8b18b54fc43f636980d8e0b8c057f039263e ......
	 orig commit -> 8d503f206c336677954160ac62f0c7d9c219cd89 ......
checking 9339eaf7ff4fafe9d48cfe6e95e626adabd781a6 ......
	 orig commit -> 6ed30a7d8ec29d3aba46e47aa8b4a44f077dda4e ......
checking 2c7882957c12834b30bd6c93069412cbfb1c6c8a ......
	 orig commit -> 63d2a9ec310d8bcc955574220d4631aa55c1a80c ......
checking 22bc89a31109c501b4fd5c0061cc856b6d831466 ......
	 orig commit -> 82b01149ec94d746867d7f9156c44d775d4d2d67 ......
checking 302d9834ef2944459ac8937d100f6be795affc16 ......
	 orig commit -> 5ef108c53e6efd695e32aad969638ccbc35b4be9 ......
checking ec7334b5ad18bb01327c957ad25797e5de07885e ......
	 orig commit -> aa9a9e39b4f65733bf19d90cbd026e85a74efb99 ......
checking 438b26705896e8a540b5f124c2ecd6a71fadf522 ......
	 orig commit -> ada79fa5a0b374dd2c2262137c734da7524a8263 ......
checking a8be7cd59d37f8067a0eec305a52193983f7f246 ......
	 orig commit -> 3d16200a3e55a39caa1c88419cb559c00316f721 ......
checking 9ded351759d028734d1233eb24de8f165f0e4438 ......
	 orig commit -> 9cf6533e8060d3896b88ea14b27f620e6504b84b ......
checking 691d06e60d9df91bc70d7b4568400bef1735c283 ......
	 orig commit -> 40906ebe3af6a48457151b3c6726b480f6a6cb13 ......
checking cec876b46e191b7569754c6ed5be76ee54d4669b ......
	 orig commit -> 9b432630e0150b777c423fdef6a7b8d17dfa70b6 ......
checking 5cad883fd61284ede408ed5e7ac6a6689452d795 ......
	 orig commit -> cafb56dd741e61c99709bcd2b193a9a1d36def3b ......
checking 5862094047825cc657f8df7cc6352d5b8a07a701 ......
	 orig commit -> 2a9d92fb3a1282a4659f1bb6d5684018846537b7 ......
checking 34fc0919348683d536740b4f615790c5a9b363ff ......
	 orig commit -> 7d8bad99ba5a22892f0cad6881289fdc3875a930 ......
checking eb734900aa8341ee2d564ac0ab8a207f49e47cd3 ......
	 orig commit -> 4aea96f4237cea0c51a8bc87c0db31f0f932f1f0 ......
checking 56971d62c7591ea6dcec95b92c0762a6d1fa1ba9 ......
	 orig commit -> 94ffb030b6d31ec840bb811be455dd2e26a4f43e ......
checking 0d2270496891e57ba5485631ab51300a58f862b2 ......
	 orig commit -> 5ae4f61f012a097df93de2285070ec8e34716d29 ......
checking 67b6a811a5f092bef2c4ebef481c988b9244fc37 ......
	 orig commit -> 0b84304ef5da92add8dc75a1b07879c5374cdb05 ......
checking 91dea490a4e1c949c64981cf9c96caff17af5e75 ......
	 orig commit -> dbc2970caef74e8ff41923d302aa6fb5a4812d0e ......
checking 648458fe97b5c0630435fa2b2cd65ba57ceb18e0 ......
	 orig commit -> 3bd8264511035dc97c902f03fa9f1d07f95f8f62 ......
checking e4a2ffe9029fd3e40513b1949b225d180900ef4e ......
	 orig commit -> e2c4cf7f98a519eb4d95532bfa06bcaf3562fed5 ......
checking e15413d61d4e05f6d819fa165116b3d1781d2157 ......
	 orig commit -> e735fd55b94bb48363737db3b1d57627c1a16b47 ......
checking e97ecb19fee9eeb104a21bed14e9af78f5368117 ......
	 orig commit -> bfc698254ba97b3e3e4ebbfae0ffa1f7e2fa0717 ......
checking e72e92914387eb66e3b75738073a23243c23613d ......
	 orig commit -> d13b224f431579fe2d712871d4265d7a22ca6c9c ......
checking af93ac090110c761c78c5f8795dccf63dfa108ec ......
	 orig commit -> cf0b70e71b32137ccf9c1f3dd9fb30cbf89b4322 ......
checking a8b01caff7d435e2b7589284048a641c1faf3858 ......
	 orig commit -> c3db8d531045774aeee6e0f731ab15b0c450de45 ......
checking 5696ca93120bec35904f2078f59e50bca3d827b1 ......
	 orig commit -> 1b451fb2051b464b9758c09a3492104403252e2b ......
checking fe65dfcca1b9888d9ee9bfc7652be98a099f671e ......
	 orig commit -> e1c15b62b7015119d3e5915cd2ae3b89d59c2576 ......
checking 78512e346836e27d0711a636160fb70749f379f7 ......
	 orig commit -> fa2bf86bab4bbc61e5678a42a14e40075093a98f ......
checking 935bc9ddd7747324b8dadb8a3b3f257ff84b7bba ......
	 orig commit -> 8fd1a4affbdafda592f80cd01bf7a382a5ff2fe8 ......
checking ccc8b37473276bf7552369ff86406f90d947c2f6 ......
	 orig commit -> 7adf3246092f5e87ed0fa610e8088fae416c581f ......
checking 2210c2737e196a369e033de590d605247c2fb476 ......
	 orig commit -> 290974d434783624c13a9530a23c45f9c5ffe018 ......
checking fe3f820c18b01b8a5fc3ae220ad7d0d0d4ee7a8d ......
	 orig commit -> 178fe94405bffbd1acd83b6ff3b40211185ae9c9 ......
checking 5ac4cc331bca6c759460fc948d19906f4f7f5831 ......
	 orig commit -> d15f5ac8deea936d3adf629421a66a88b42b8a2f ......
checking 9ed77be31e9564381d5b5329d1a529cccd219a94 ......
	 orig commit -> 4765420439e758bfa4808392d18b0a4cb6f06065 ......
checking 7942d5be49224bbd7cc8b5c589e1e670651021d1 ......
	 orig commit -> 3c6306d44082ef007a258ae1b86ea58e6974ee3f ......
checking 71e848bd5e1ddd59d2bd31632fda585d3a6e6f1f ......
	 orig commit -> f0337889147c956721696553ffcc97212b0948fe ......
checking 3a1cbcf4f3ae99cebd5ffec118049497b332dbdf ......
	 orig commit -> d81c5054a5d1d4999c7cdead7636b6cd4af83d36 ......
checking d7c2162d5ab613543316282250b664a721196b44 ......
	 orig commit -> a915b982d8f5e4295f64b8dd37ce753874867e88 ......
checking 2b23a36517493e7f1db21c1dda961799cde1c41a ......
	 orig commit -> 841df922417eb82c835e93d4b93eb6a68c99d599 ......
checking 2ce6d5aeafba9066eec0f93e85f463549f362dae ......
	 orig commit -> 15ef70e286176165d28b0b8a969b422561a68dfc ......
checking b66ecc4f0b36597ee993b93f3a3a161f8309bab4 ......
	 orig commit -> acb4a33e9856d5fa3384b87d3d8369229be06d31 ......
checking f404723deb695a00ea2cb7800b2c2135260dfcf8 ......
	 orig commit -> dc4501ff287547dea7ca10f1c580c741291a8760 ......
checking a2ee6fb9c675125f2f29cc95aae95b4489880f57 ......
	 orig commit -> fb83ed496b9a654f60cd1d58a0e1e79ec5694808 ......
checking dc6c13d5d5b47c8a1c0570176a3ad5887dc63b00 ......
	 orig commit -> 143ece654f9f5b37bedea252a990be37e48ae3a5 ......
checking e5217034871545298c4d38651ec1bcda67f74b28 ......
	 orig commit -> f0c928d878e7d01b613c9ae5c971a6b1e473a938 ......
checking 60f05dddf1eb5db3595e011f293eefa37cefae2e ......
	 orig commit -> 3a0ed3e9619738067214871e9cb826fa23b2ddb9 ......
checking fff7f717863055643cf93378d31801e1c6091ef1 ......
	 orig commit -> 4a2eb0c37b4759416996fbb4c45b932500cf06d3 ......
checking 2ec3976e29f238d142d74b8da749b60264665b5a ......
	 orig commit -> 7c3db4105ce8d69bcb5c04bfa9acd1e9119af8d5 ......
checking b7934b17b8f8189bef0861cc978c1890058c5e12 ......
	 orig commit -> 1986af16e8ed355822600c24b3d2f0be46b573df ......
checking a47e4db747f69fc6705ebe955c1e560be0d0ecc5 ......
	 orig commit -> 110a1cc28bc383adb4885eff27e18c61ddebffb4 ......
checking 6e36567284cf05217d67dfeb49161bb33ce16363 ......
	 orig commit -> aff6db454599d62191aabc208930e891748e4322 ......
checking 4037ce1b28ca94b5b7952b3887777805197cb348 ......
	 orig commit -> 6b8d95f1795c42161dc0984b6863e95d6acf24ed ......
		 6b8d95f1795c42161dc0984b6863e95d6acf24ed has problem. Fixes commit -> 486efdc8f6ce802b27e15921d2353cc740c55451
commit 6a57fa6fa7d5d34b9ae9d77e0bb5b61a45312a44
Author: Willem de Bruijn <willemb@google.com>
Date:   Mon Apr 29 11:53:18 2019 -0400

    packet: validate msg_namelen in send directly
    
    [ Upstream commit 486efdc8f6ce802b27e15921d2353cc740c55451 ]
    
    Packet sockets in datagram mode take a destination address. Verify its
    length before passing to dev_hard_header.
    
    Prior to 2.6.14-rc3, the send code ignored sll_halen. This is
    established behavior. Directly compare msg_namelen to dev->addr_len.
    
    Change v1->v2: initialize addr in all paths
    
    Fixes: 6b8d95f1795c4 ("packet: validate address length if non-zero")
    Suggested-by: David Laight <David.Laight@aculab.com>
    Signed-off-by: Willem de Bruijn <willemb@google.com>
    Signed-off-by: David S. Miller <davem@davemloft.net>
    Signed-off-by: Greg Kroah-Hartman <gregkh@linuxfoundation.org>
checking a35c9c1712df97ec3cae9be876ac27814f47b0b6 ......
	 orig commit -> 99137b7888f4058087895d035d81c6b2d31015c5 ......
		 99137b7888f4058087895d035d81c6b2d31015c5 has problem. Fixes commit -> d972f3dce8d161e2142da0ab1ef25df00e2f21a9
6b8d95f1795c42161dc0984b6863e95d6acf24ed
commit 3dc241b8fa94650ce5712283334109493516b713
Author: Jason Gunthorpe <jgg@mellanox.com>
Date:   Tue Jan 8 23:27:06 2019 +0000

    packet: Do not leak dev refcounts on error exit
    
    [ Upstream commit d972f3dce8d161e2142da0ab1ef25df00e2f21a9 ]
    
    'dev' is non NULL when the addr_len check triggers so it must goto a label
    that does the dev_put otherwise dev will have a leaked refcount.
    
    This bug causes the ib_ipoib module to become unloadable when using
    systemd-network as it triggers this check on InfiniBand links.
    
    Fixes: 99137b7888f4 ("packet: validate address length")
    Reported-by: Leon Romanovsky <leonro@mellanox.com>
    Signed-off-by: Jason Gunthorpe <jgg@mellanox.com>
    Acked-by: Willem de Bruijn <willemb@google.com>
    Signed-off-by: David S. Miller <davem@davemloft.net>
    Signed-off-by: Greg Kroah-Hartman <gregkh@linuxfoundation.org>

commit 4037ce1b28ca94b5b7952b3887777805197cb348
Author: Willem de Bruijn <willemb@google.com>
Date:   Sat Dec 22 16:53:45 2018 -0500

    packet: validate address length if non-zero
    
    [ Upstream commit 6b8d95f1795c42161dc0984b6863e95d6acf24ed ]
    
    Validate packet socket address length if a length is given. Zero
    length is equivalent to not setting an address.
    
    Fixes: 99137b7888f4 ("packet: validate address length")
    Reported-by: Ido Schimmel <idosch@idosch.org>
    Signed-off-by: Willem de Bruijn <willemb@google.com>
    Signed-off-by: David S. Miller <davem@davemloft.net>
    Signed-off-by: Greg Kroah-Hartman <gregkh@linuxfoundation.org>
commit 3dc241b8fa94650ce5712283334109493516b713
Author: Jason Gunthorpe <jgg@mellanox.com>
Date:   Tue Jan 8 23:27:06 2019 +0000

    packet: Do not leak dev refcounts on error exit
    
    [ Upstream commit d972f3dce8d161e2142da0ab1ef25df00e2f21a9 ]
    
    'dev' is non NULL when the addr_len check triggers so it must goto a label
    that does the dev_put otherwise dev will have a leaked refcount.
    
    This bug causes the ib_ipoib module to become unloadable when using
    systemd-network as it triggers this check on InfiniBand links.
    
    Fixes: 99137b7888f4 ("packet: validate address length")
    Reported-by: Leon Romanovsky <leonro@mellanox.com>
    Signed-off-by: Jason Gunthorpe <jgg@mellanox.com>
    Acked-by: Willem de Bruijn <willemb@google.com>
    Signed-off-by: David S. Miller <davem@davemloft.net>
    Signed-off-by: Greg Kroah-Hartman <gregkh@linuxfoundation.org>
checking 781e26adfdea4e580e04247718010fcedfb9c715 ......
	 orig commit -> d5c7c745f254c6cb98b3b3f15fe789b8bd770c72 ......
checking f624d95c993781595371ec204f3fe7d2606e846c ......
	 orig commit -> c6ec179a0082e2e76e3a72050c2b99d3d0f3da3f ......
checking 42e8bf856838f26b113b98bbdf8d616540b8033b ......
	 orig commit -> b26322d2ac6c1c1087af73856531bb836f6963ca ......
checking e028017380f03abbb79df182469df5b9fffeb58a ......
	 orig commit -> 78abe3d0dfad196959b1246003366e2610775ea6 ......
checking a1bce7196b726f1578f7558af6f13c25157181e4 ......
	 orig commit -> 7314f5480f3e37e570104dc5e0f28823ef849e72 ......
checking 4d1edda006a542a29e1d5a68f4cd2b6a9386f613 ......
	 orig commit -> 8742beb50f2db903d3b6d69ddd81d67ce9914453 ......
checking e3ba5b266e6bba422770a7201576220b8c609726 ......
	 orig commit -> 006791772084383de779ef29f2e06f3a6e111e7d ......
checking 5ea9c08a8692099916cdbd59281ee5863d3b30a9 ......
	 orig commit -> 4298388574dae6168fa8940b3edc7ba965e8a7ab ......
checking d5f9565c8d5ad3cf94982223cfcef1169b0bb60f ......
	 orig commit -> ade446403bfb79d3528d56071a84b15351a139ad ......
checking acb70d28fe63e5bf9795e935a382d4705f102056 ......
	 orig commit -> 202700e30740c6568b5a6943662f3829566dd533 ......
checking 281731c8170accbec0f56e31b94bee62c0fcf2a4 ......
	 orig commit -> 8203e2d844d34af247a151d8ebd68553a6e91785 ......
checking ec820972c5436e45f398904af1bc715b969c3d5d ......
	 orig commit -> d63967e475ae10f286dbd35e189cb241e0b1f284 ......
checking cde81154f86e36df0fad21c23976cc8b80c01600 ......
	 orig commit -> cb9f1b783850b14cbd7f87d061d784a666dfba1f ......
		 cb9f1b783850b14cbd7f87d061d784a666dfba1f has problem. Fixes commit -> 88a8121dc1d3d0dbddd411b79ed236b6b6ea415c
commit bbbefe815f50fe5fc6382fec0cb2eb69b9ab0696
Author: Nicolas Dichtel <nicolas.dichtel@6wind.com>
Date:   Thu Jan 17 11:27:22 2019 +0100

    af_packet: fix raw sockets over 6in4 tunnel
    
    [ Upstream commit 88a8121dc1d3d0dbddd411b79ed236b6b6ea415c ]
    
    Since commit cb9f1b783850, scapy (which uses an AF_PACKET socket in
    SOCK_RAW mode) is unable to send a basic icmp packet over a sit tunnel:
    
    Here is a example of the setup:
    $ ip link set ntfp2 up
    $ ip addr add 10.125.0.1/24 dev ntfp2
    $ ip tunnel add tun1 mode sit ttl 64 local 10.125.0.1 remote 10.125.0.2 dev ntfp2
    $ ip addr add fd00:cafe:cafe::1/128 dev tun1
    $ ip link set dev tun1 up
    $ ip route add fd00:200::/64 dev tun1
    $ scapy
    >>> p = []
    >>> p += IPv6(src='fd00:100::1', dst='fd00:200::1')/ICMPv6EchoRequest()
    >>> send(p, count=1, inter=0.1)
    >>> quit()
    $ ip -s link ls dev tun1 | grep -A1 "TX.*errors"
        TX: bytes  packets  errors  dropped carrier collsns
        0          0        1       0       0       0
    
    The problem is that the network offset is set to the hard_header_len of the
    output device (tun1, ie 14 + 20) and in our case, because the packet is
    small (48 bytes) the pskb_inet_may_pull() fails (it tries to pull 40 bytes
    (ipv6 header) starting from the network offset).
    
    This problem is more generally related to device with variable hard header
    length. To avoid a too intrusive patch in the current release, a (ugly)
    workaround is proposed in this patch. It has to be cleaned up in net-next.
    
    Link: https://git.kernel.org/pub/scm/linux/kernel/git/torvalds/linux.git/commit/?id=993675a3100b1
    Link: http://patchwork.ozlabs.org/patch/1024489/
    Fixes: cb9f1b783850 ("ip: validate header length on virtual device xmit")
    CC: Willem de Bruijn <willemb@google.com>
    CC: Maxim Mikityanskiy <maximmi@mellanox.com>
    Signed-off-by: Nicolas Dichtel <nicolas.dichtel@6wind.com>
    Acked-by: Willem de Bruijn <willemb@google.com>
    Signed-off-by: David S. Miller <davem@davemloft.net>
    Signed-off-by: Sasha Levin <sashal@kernel.org>
checking 0d2b652b0732bcf1536394e9d1fb37223cf541a1 ......
	 orig commit -> cbb49697d5512ce9e61b45ce75d3ee43d7ea5524 ......
checking cae3c9cf9d7dc91d8fc1d2da557fe001413b76a6 ......
	 orig commit -> fb24274546310872eeeaf3d1d53799d8414aa0f2 ......
checking 360fb1db92dfe28145a12f48e6eefec2bf108a3a ......
	 orig commit -> 5648451e30a0d13d11796574919a359025d52cce ......
checking 32403fd3b529a6e226f41314aa901a192be19af1 ......
	 orig commit -> 69d2c86766da2ded2b70281f1bf242cb0d58a778 ......
checking 110c877da975bc133e23bc104526790bea4ced58 ......
	 orig commit -> 40c3ff6d5e0809505a067dd423c110c5658c478c ......
checking 42b676c72e045ecf05d2c304700300115caf82f6 ......
	 orig commit -> 756af9c642329d54f048bac2a62f829b391f6944 ......
checking 3c859adedd52984c15540f871f97beffdeea8e08 ......
	 orig commit -> 8e1da73acded4751a93d4166458a7e640f37d26c ......
checking 3e881d8764ed9b04ae3e5c3e5d132acb75ef91ba ......
	 orig commit -> c433570458e49bccea5c551df628d058b3526289 ......
