Check from v4.19.32 to v4.19.33
Commit count: 135
checking 4b3a3ab00fa7a951eb1d7568c71855e75fd5af85 ......
checking 11008a9b0fc7883e180484dcb9165062a746f558 ......
	 orig commit -> 148b0aa78e4e1077e38f928124bbc9c2d2d24006 ......
checking 056cda45cfed27432e40b0269888580060912791 ......
	 orig commit -> 23481121c81d984193edf1532f5e123637e50903 ......
checking 6875404a12f8f33d52eaa49d1fe80072a88ccb8e ......
	 orig commit -> 495965a1002a0b301bf4fbfd1aed3233f3e7db1b ......
checking 681a9fc184b30062ff4e1677540cb6d512c2e455 ......
	 orig commit -> 78d2b54b134ea6059e2b1554ad53fab2300a4cc6 ......
checking 3bb446a3fe87e85623de08682367a5ac0e1d2c64 ......
	 orig commit -> 140a4ec4adddda615b4e8e8055ca37a30c7fe5e8 ......
checking e99d90ce77500f7b9b706bf2b632cc631ca2e307 ......
	 orig commit -> cd7753d371388e712e3ee52b693459f9b71aaac2 ......
checking f5959dec081a59d1019509fa21320def183f78c8 ......
	 orig commit -> 0803278b0b4d8eeb2b461fb698785df65a725d9e ......
checking 738dda85d18180a9e3a47ba9939ca00e9e95d318 ......
	 orig commit -> 33bac912840fe64dbc15556302537dc6a17cac63 ......
checking 83bbd66b375341b71bcb8f096039923260c92d1a ......
	 orig commit -> b6391ac73400eff38377a4a7364bd3df5efb5178 ......
checking 3a18eabaa712312d4bb127bd798e3a95631318f0 ......
	 orig commit -> 0cf9135b773bf32fba9dd8e6699c1b331ee4b749 ......
checking b9733a74350d6ab2e1a36bface0e3b36866945de ......
	 orig commit -> 45def77ebf79e2e8942b89ed79294d97ce914fa0 ......
		 45def77ebf79e2e8942b89ed79294d97ce914fa0 has problem. Fixes commit -> 8764ed55c9705e426d889ff16c26f398bba70b9b
commit 499bbe739d5aeb1bb775fed5523902f840cbe67b
Author: Sean Christopherson <sean.j.christopherson@intel.com>
Date:   Mon Apr 29 07:04:15 2019 -0700

    KVM: x86: Whitelist port 0x7e for pre-incrementing %rip
    
    commit 8764ed55c9705e426d889ff16c26f398bba70b9b upstream.
    
    KVM's recent bug fix to update %rip after emulating I/O broke userspace
    that relied on the previous behavior of incrementing %rip prior to
    exiting to userspace.  When running a Windows XP guest on AMD hardware,
    Qemu may patch "OUT 0x7E" instructions in reaction to the OUT itself.
    Because KVM's old behavior was to increment %rip before exiting to
    userspace to handle the I/O, Qemu manually adjusted %rip to account for
    the OUT instruction.
    
    Arguably this is a userspace bug as KVM requires userspace to re-enter
    the kernel to complete instruction emulation before taking any other
    actions.  That being said, this is a bit of a grey area and breaking
    userspace that has worked for many years is bad.
    
    Pre-increment %rip on OUT to port 0x7e before exiting to userspace to
    hack around the issue.
    
    Fixes: 45def77ebf79e ("KVM: x86: update %rip after emulating IO")
    Reported-by: Simon Becherer <simon@becherer.de>
    Reported-and-tested-by: Iakov Karpov <srid@rkmail.ru>
    Reported-by: Gabriele Balducci <balducci@units.it>
    Reported-by: Antti Antinoja <reader@fennosys.fi>
    Cc: stable@vger.kernel.org
    Cc: Takashi Iwai <tiwai@suse.com>
    Cc: Jiri Slaby <jslaby@suse.com>
    Cc: Greg Kroah-Hartman <gregkh@linuxfoundation.org>
    Signed-off-by: Sean Christopherson <sean.j.christopherson@intel.com>
    Signed-off-by: Paolo Bonzini <pbonzini@redhat.com>
    Signed-off-by: Greg Kroah-Hartman <gregkh@linuxfoundation.org>
checking 7ceedcefc2d2506536f634f1887521be51d598c2 ......
	 orig commit -> ddba91801aeb5c160b660caed1800eb3aef403f8 ......
checking a0713e8103d127f4b5231a22b92c87b9dc0caa77 ......
	 orig commit -> bebd024e4815b1a170fcd21ead9c2222b23ce9e6 ......
checking a56aa02e6f154ff83d8271244402a6392cde7b0f ......
	 orig commit -> 206b92353c839c0b27a0b9bec24195f93fd6cf7a ......
checking 336f6b23b5b842df367b2e78879a7605dd5c180c ......
	 orig commit -> 7dd47617114921fdd8c095509e5e7b4373cc44a1 ......
checking c91d07ad34d76dfe65de02a87aced707c0a27da0 ......
	 orig commit -> d9470757398a700d9450a43508000bcfd010c7a4 ......
checking d7c00bbbfac42b1de08aba0130f2ece2be38c5aa ......
	 orig commit -> ce9afe08e71e3f7d64f337a6e932e50849230fc2 ......
checking 0603e3a9281debbb2ce8fcc19d4844686289d9b4 ......
	 orig commit -> 056d28d135bca0b1d0908990338e00e9dadaf057 ......
checking a436cf6479c007489aed766567eb90cd4c170e00 ......
	 orig commit -> f3b4e06b3bda759afd042d3d5fa86bea8f1fe278 ......
checking 5f9366330950b4e180c973155b855d218b605dfb ......
	 orig commit -> e94d6b7f615e6dfbaf9fba7db6011db561461d0c ......
checking f70ddae24bdfe267a920852d8d327eda653846bd ......
	 orig commit -> d2b2c6dd227ba5b8a802858748ec9a780cb75b47 ......
checking 5966777dd807a0525a99ba2473d7f9e84af309cb ......
	 orig commit -> a7f40cfe3b7ada57af9b62fd28430eeb4a7cfcb7 ......
checking c9874d397807ef5a5dbcbb1f5ac60e10b346ac7b ......
	 orig commit -> 0a352554da69b02f75ca3389c885c741f1f63235 ......
checking 62d342d6706069b4257611cb1a855f53b3fb4b02 ......
	 orig commit -> 6d6ea1e967a246f12cfe2f5fb743b70b2e608d4a ......
checking 2392ffab085a8300f1db73bfd130265715488af2 ......
	 orig commit -> 93e1c8a638308980309e009cc40b5a57ef87caf1 ......
checking 82a5090aad84e452dcf86864ffae71843607bff4 ......
	 orig commit -> d92f2c59cc2cbca6bfb2cc54882b58ba76b15fd4 ......
checking 20a09a2e8703b9ea458fd6de3c5cf563501e571a ......
	 orig commit -> 8867ea262196a6945c24a0fb739575af646ec0e9 ......
checking c81b872281a12a26a945f8acc31d84544e1a222a ......
	 orig commit -> 6cbcf596934c8e16d6288c7cc62dfb7ad8eadf15 ......
checking 093ccda1a041393c0588466a078e1f59837097cb ......
	 orig commit -> 40fc165304f0faaae78b761f8ee30b5d216b1850 ......
checking 015e5c17617a83351370af268e7484aa145144cb ......
	 orig commit -> 238e0268c82789e4c107a37045d529a6dbce51a9 ......
checking ef4df134e77eff719805941db4b1d304be1bf1e0 ......
	 orig commit -> 072684e8c58d17e853f8e8b9f6d9ce2e58d2b036 ......
checking 614ac345bfecfd7cb83537a6127a9dd3f0ee4003 ......
	 orig commit -> 3d54d10c6afed34fd45b852bf76f55e8da31d8ef ......
checking 66e44981de0e1cfd7f9331157ef4e7868d149327 ......
	 orig commit -> 1396929e8a903db80425343cacca766a18ad6409 ......
checking 6ebe03734361063f665fb3b2478406abedd8eb04 ......
	 orig commit -> c5bc6e526d3f217ed2cc3681d256dc4a2af4cc2b ......
checking b26f7e86d3cc0e8744cf198118e313911f20f1f6 ......
	 orig commit -> 7ecced0934e574b528a1ba6c237731e682216a74 ......
checking df74e70ffec6757f9ea75e7d1ea35de29c7d8b1a ......
	 orig commit -> 13bcb80b7ee79431fce361e060611134cb19e209 ......
checking 75f9e994b9fda979f542e8987bb9db9e2db82862 ......
	 orig commit -> 36b6c9ed45afe89045973e8dee1b004dd5372d40 ......
checking eb1e552524b40df2534f4046161658fd5c73cc63 ......
	 orig commit -> 21d2b122732318b48c10b7262e15595ce54511d3 ......
checking 07d0d2bd957ad922cf571e7cabb6c34067142b93 ......
	 orig commit -> 23da9588037ecdd4901db76a5b79a42b529c4ec3 ......
		 23da9588037ecdd4901db76a5b79a42b529c4ec3 has problem. Fixes commit -> 89189557b47b35683a27c80ee78aef18248eefb4
commit 4d476a00b3f98334fd8a680dc0d813f4d82a5f3d
Author: YueHaibing <yuehaibing@huawei.com>
Date:   Thu Apr 25 22:24:05 2019 -0700

    fs/proc/proc_sysctl.c: Fix a NULL pointer dereference
    
    commit 89189557b47b35683a27c80ee78aef18248eefb4 upstream.
    
    Syzkaller report this:
    
      sysctl could not get directory: /net//bridge -12
      kasan: CONFIG_KASAN_INLINE enabled
      kasan: GPF could be caused by NULL-ptr deref or user memory access
      general protection fault: 0000 [#1] SMP KASAN PTI
      CPU: 1 PID: 7027 Comm: syz-executor.0 Tainted: G         C        5.1.0-rc3+ #8
      Hardware name: QEMU Standard PC (i440FX + PIIX, 1996), BIOS 1.10.2-1ubuntu1 04/01/2014
      RIP: 0010:__write_once_size include/linux/compiler.h:220 [inline]
      RIP: 0010:__rb_change_child include/linux/rbtree_augmented.h:144 [inline]
      RIP: 0010:__rb_erase_augmented include/linux/rbtree_augmented.h:186 [inline]
      RIP: 0010:rb_erase+0x5f4/0x19f0 lib/rbtree.c:459
      Code: 00 0f 85 60 13 00 00 48 89 1a 48 83 c4 18 5b 5d 41 5c 41 5d 41 5e 41 5f c3 48 89 f2 48 b8 00 00 00 00 00 fc ff df 48 c1 ea 03 <80> 3c 02 00 0f 85 75 0c 00 00 4d 85 ed 4c 89 2e 74 ce 4c 89 ea 48
      RSP: 0018:ffff8881bb507778 EFLAGS: 00010206
      RAX: dffffc0000000000 RBX: ffff8881f224b5b8 RCX: ffffffff818f3f6a
      RDX: 000000000000000a RSI: 0000000000000050 RDI: ffff8881f224b568
      RBP: 0000000000000000 R08: ffffed10376a0ef4 R09: ffffed10376a0ef4
      R10: 0000000000000001 R11: ffffed10376a0ef4 R12: ffff8881f224b558
      R13: 0000000000000000 R14: 0000000000000000 R15: 0000000000000000
      FS:  00007f3e7ce13700(0000) GS:ffff8881f7300000(0000) knlGS:0000000000000000
      CS:  0010 DS: 0000 ES: 0000 CR0: 0000000080050033
      CR2: 00007fd60fbe9398 CR3: 00000001cb55c001 CR4: 00000000007606e0
      DR0: 0000000000000000 DR1: 0000000000000000 DR2: 0000000000000000
      DR3: 0000000000000000 DR6: 00000000fffe0ff0 DR7: 0000000000000400
      PKRU: 55555554
      Call Trace:
       erase_entry fs/proc/proc_sysctl.c:178 [inline]
       erase_header+0xe3/0x160 fs/proc/proc_sysctl.c:207
       start_unregistering fs/proc/proc_sysctl.c:331 [inline]
       drop_sysctl_table+0x558/0x880 fs/proc/proc_sysctl.c:1631
       get_subdir fs/proc/proc_sysctl.c:1022 [inline]
       __register_sysctl_table+0xd65/0x1090 fs/proc/proc_sysctl.c:1335
       br_netfilter_init+0x68/0x1000 [br_netfilter]
       do_one_initcall+0xbc/0x47d init/main.c:901
       do_init_module+0x1b5/0x547 kernel/module.c:3456
       load_module+0x6405/0x8c10 kernel/module.c:3804
       __do_sys_finit_module+0x162/0x190 kernel/module.c:3898
       do_syscall_64+0x9f/0x450 arch/x86/entry/common.c:290
       entry_SYSCALL_64_after_hwframe+0x49/0xbe
      Modules linked in: br_netfilter(+) backlight comedi(C) hid_sensor_hub max3100 ti_ads8688 udc_core fddi snd_mona leds_gpio rc_streamzap mtd pata_netcell nf_log_common rc_winfast udp_tunnel snd_usbmidi_lib snd_usb_toneport snd_usb_line6 snd_rawmidi snd_seq_device snd_hwdep videobuf2_v4l2 videobuf2_common videodev media videobuf2_vmalloc videobuf2_memops rc_gadmei_rm008z 8250_of smm665 hid_tmff hid_saitek hwmon_vid rc_ati_tv_wonder_hd_600 rc_core pata_pdc202xx_old dn_rtmsg as3722 ad714x_i2c ad714x snd_soc_cs4265 hid_kensington panel_ilitek_ili9322 drm drm_panel_orientation_quirks ipack cdc_phonet usbcore phonet hid_jabra hid extcon_arizona can_dev industrialio_triggered_buffer kfifo_buf industrialio adm1031 i2c_mux_ltc4306 i2c_mux ipmi_msghandler mlxsw_core snd_soc_cs35l34 snd_soc_core snd_pcm_dmaengine snd_pcm snd_timer ac97_bus snd_compress snd soundcore gpio_da9055 uio ecdh_generic mdio_thunder of_mdio fixed_phy libphy mdio_cavium iptable_security iptable_raw iptable_mangle
       iptable_nat nf_nat nf_conntrack nf_defrag_ipv6 nf_defrag_ipv4 iptable_filter bpfilter ip6_vti ip_vti ip_gre ipip sit tunnel4 ip_tunnel hsr veth netdevsim vxcan batman_adv cfg80211 rfkill chnl_net caif nlmon dummy team bonding vcan bridge stp llc ip6_gre gre ip6_tunnel tunnel6 tun joydev mousedev ppdev tpm kvm_intel kvm irqbypass crct10dif_pclmul crc32_pclmul crc32c_intel ghash_clmulni_intel aesni_intel ide_pci_generic piix aes_x86_64 crypto_simd cryptd ide_core glue_helper input_leds psmouse intel_agp intel_gtt serio_raw ata_generic i2c_piix4 agpgart pata_acpi parport_pc parport floppy rtc_cmos sch_fq_codel ip_tables x_tables sha1_ssse3 sha1_generic ipv6 [last unloaded: br_netfilter]
      Dumping ftrace buffer:
         (ftrace buffer empty)
      ---[ end trace 68741688d5fbfe85 ]---
    
    commit 23da9588037e ("fs/proc/proc_sysctl.c: fix NULL pointer
    dereference in put_links") forgot to handle start_unregistering() case,
    while header->parent is NULL, it calls erase_header() and as seen in the
    above syzkaller call trace, accessing &header->parent->root will trigger
    a NULL pointer dereference.
    
    As that commit explained, there is also no need to call
    start_unregistering() if header->parent is NULL.
    
    Link: http://lkml.kernel.org/r/20190409153622.28112-1-yuehaibing@huawei.com
    Fixes: 23da9588037e ("fs/proc/proc_sysctl.c: fix NULL pointer dereference in put_links")
    Fixes: 0e47c99d7fe25 ("sysctl: Replace root_list with links between sysctl_table_sets")
    Signed-off-by: YueHaibing <yuehaibing@huawei.com>
    Reported-by: Hulk Robot <hulkci@huawei.com>
    Reviewed-by: Kees Cook <keescook@chromium.org>
    Cc: Luis Chamberlain <mcgrof@kernel.org>
    Cc: Alexey Dobriyan <adobriyan@gmail.com>
    Cc: Al Viro <viro@zeniv.linux.org.uk>
    Cc: "Eric W. Biederman" <ebiederm@xmission.com>
    Signed-off-by: Andrew Morton <akpm@linux-foundation.org>
    Signed-off-by: Linus Torvalds <torvalds@linux-foundation.org>
    Signed-off-by: Greg Kroah-Hartman <gregkh@linuxfoundation.org>
checking c956914f1efa6d4771881d49d3d08850048b3fec ......
	 orig commit -> 3ec8002951ea173e24b466df1ea98c56b7920e63 ......
checking 1c992ea006ce2b7c79862943d275145986b28ea0 ......
	 orig commit -> 84f3b43f7378b98b7e3096d5499de75183d4347c ......
checking 19151c645d0c3941d4edc2d6c6e8ca037d508d72 ......
	 orig commit -> d1252f0237238b912c3e7a51bf237acf34c97983 ......
checking 002795b0d9b31dbc549c27ddf328652bc7415dca ......
	 orig commit -> f8df5c2c3e2df5ffaf9fb5503da93d477a8c7db4 ......
checking d7dfccfd3c4b1b8b121b15011566cfc767d3fd6b ......
	 orig commit -> 2908b076f5198d231de62713cb2b633a3a4b95ac ......
checking 1f46db3cc133ef4d1b998940c700ff98904970b4 ......
	 orig commit -> 422c2537ba9d42320f8ab6573940269f87095320 ......
checking 2a63003545d0cf97d4ef961ebca588ed4d69b069 ......
	 orig commit -> a595ecdd5f60b2d93863cebb07eec7f935839b54 ......
checking 59203f078cc60a1c2d00d73a64536c8c6b0fb8d8 ......
	 orig commit -> 93bcefd4c6bad4c69dbc4edcd3fbf774b24d930d ......
checking b1e660c6f8026d52a54ea64288be4a3726fc3394 ......
	 orig commit -> 32f47179833b63de72427131169809065db6745e ......
checking f34ec64b3f6cc2ae83da6901430be0204297f2d4 ......
	 orig commit -> 3a10e3dd52e80b9a97a3346020024d17b2c272d6 ......
checking a090ed15420abf719ba077e9f60defbb1f636831 ......
	 orig commit -> 8bce6dcede65139a087ff240127e3f3c01363eed ......
checking 3b6b76644ba59d268b24649c679f223bb4a813e8 ......
	 orig commit -> 3b9c2f2e0e99bb67c96abcb659b3465efe3bee1f ......
checking b9ddff2a41cd6247464dd86d3b9c4e02f916006d ......
	 orig commit -> cc26358f89c3e493b54766b1ca56cfc6b14db78a ......
checking 86092f2d5ccba5ea3ec98b17225b98dbfce225d6 ......
	 orig commit -> 45ac7b31bc6c4af885cc5b5d6c534c15bcbe7643 ......
checking d0360bf48143539178e0196f8ee1f378e3586136 ......
	 orig commit -> bafd9c64056cd034a1174dcadb65cd3b294ff8f6 ......
checking 668ba38d895088f81a29aa3b3552f1534aadefe7 ......
	 orig commit -> c5cbc78acf693f5605d4a85b1327fa7933daf092 ......
checking b9bbd1edddf74701d51a50ca476fa7101655b693 ......
	 orig commit -> c85be041065c0be8bc48eda4c45e0319caf1d0e5 ......
checking 124e42064c0dcbc0a260d0e18ed2410976422c54 ......
	 orig commit -> 6734330654dac550f12e932996b868c6d0dcb421 ......
checking 7fb7414da97e6ebbe1a220b38415700400d0b875 ......
	 orig commit -> e9abc611a941d4051cde1d94b2ab7473fdb50102 ......
checking a93cd9137feab1a1bc04f5110184280f8db50647 ......
	 orig commit -> 242ec1455151267fe35a0834aa9038e4c4670884 ......
checking 983a543de13a4bafe88958fcab5f41399fbb7eac ......
	 orig commit -> fe67888fc007a76b81e37da23ce5bd8fb95890b0 ......
checking a52eb223a6ee3a919283a05bb00023bd1225403e ......
	 orig commit -> 1d5de5bd311be7cd54f02f7cd164f0349a75c876 ......
checking d72658775c4b2b33a71f0501448d2cd5d77145e1 ......
	 orig commit -> c14a57264399efd39514a2329c591a4b954246d8 ......
checking 3b3fcc3d4ffd9046b6ede3f62f473f40b8bd7493 ......
	 orig commit -> e6a9467ea14bae8691b0f72c500510c42ea8edb8 ......
checking 72b790c417b9f6ffec9d04b77b29103f451725f6 ......
	 orig commit -> 73601ea5b7b18eb234219ae2adf77530f389da79 ......
checking aa7f29f870278fca449a26e990717a46ec93834a ......
	 orig commit -> 54a7151b1496cddbb7a83546b7998103e98edc88 ......
checking 4dfae837ceafddc177d2dc2aaad7f8c463055685 ......
	 orig commit -> e2a829b3da01b9b32c4d0291d042b8a6e2a98ca3 ......
checking 6f3dbb71085c0c5b3517a0310c757486b96a0902 ......
	 orig commit -> 6ac371aa1a74240fb910c98aa3484d5ece8473d3 ......
checking 633d5db402800b19b444e6134dc992265f5fc3b9 ......
	 orig commit -> a806ef1cf3bbc0baadc6cdeb11f12b5dd27e91c2 ......
checking fd4000c77a5acf82a7b5d34d60bf511e61b2cbb0 ......
	 orig commit -> e1037354a0a75acdea2b27043c0a371ed85cf262 ......
checking 48e8e6a736b66d33cc08ea346f537fcd9416bd99 ......
	 orig commit -> c7531e31c8a440b5fe6bd62664def5bcb6262f96 ......
checking 5fa5a8679b92381e6d2506c32c1f0b3f4b231b87 ......
	 orig commit -> 2733ccebf4a937a0858e7d05a4a003b89715033f ......
checking 5ec67684be9e686a70d33a694baa53ec9b3ab4de ......
	 orig commit -> 667a8f73753908c4d0171e52b71774f9be5d6713 ......
checking 89ec6d400b5d701ba8b6c55ebf9aff609238af96 ......
	 orig commit -> da484d00f020af3dd7cfcc6c4b69a7f856832883 ......
checking 522f06c9c00d47f21b986f24e835f58410c81f09 ......
	 orig commit -> 136824efaab2c095fc911048f7c7ddeda258c965 ......
checking 5b93302bbc4e64d8f32e3b4b6d9e82470a47a72e ......
	 orig commit -> 113ce08109f8e3b091399e7cc32486df1cff48e7 ......
checking 7fc6064dc3b21f70c18f45c5e98b0e9e17770954 ......
	 orig commit -> ca0214ee2802dd47239a4e39fb21c5b00ef61b22 ......
checking b425f45295dd9692c146a6ca46cb533195aa3d9f ......
	 orig commit -> c709f14f0616482b67f9fbcb965e1493a03ff30b ......
checking bd55e6727a33b89d5575e2759eef82ad9551a45c ......
	 orig commit -> 2b1d9c8f87235f593826b9cf46ec10247741fff9 ......
checking a485919fe4cc18d72bd0bae8e11fdcaf75b378f0 ......
	 orig commit -> 1eec7151ae0e134bd42e3f128066b2ff8da21393 ......
checking 64751542d3f3a6e9ccf88dab1fd05cc47bcba301 ......
	 orig commit -> 0cb98abb5bd13b9a636bde603d952d722688b428 ......
checking da57cba4f3f1c63303cffcee97cf4d7bf1ff386a ......
	 orig commit -> 4a9be28c45bf02fa0436808bb6c0baeba30e120e ......
checking 0f273f0c3064dab95c82d6046b0f5ea2ababd304 ......
	 orig commit -> 50b7f1b7236bab08ebbbecf90521e84b068d7a17 ......
checking 92d4ee2e82767998f1300e6ac4fc9f95bf860b7c ......
	 orig commit -> 86be36f6502c52ddb4b85938145324fd07332da1 ......
checking 9397f0d9948c466612799899e7205d403b0621ce ......
	 orig commit -> 91740fc8242b4f260cfa4d4536d8551804777fae ......
checking fd1b25364fef1cb5d7898b751f531bf754a39af5 ......
	 orig commit -> 0ccc3876e4b2a1559a4dbe3126dda4459d38a83b ......
checking 0ae3b84b3fa6cd988c8ee65053f6fa34bfda3034 ......
	 orig commit -> 139a56170de67101791d6e6c8e940c6328393fe9 ......
checking 1cf4ab01eb5aa72fab9acf405b4a9037dcc7cefc ......
	 orig commit -> 3897b6f0a859288c22fb793fad11ec2327e60fcd ......
checking d952c337b25d3f3d3e4b2156b2ab83118c7951fd ......
	 orig commit -> 0cc068e6ee59c1fffbfa977d8bf868b7551d80ac ......
checking b57220cc982033dc8e1e8d398cb006b72b275213 ......
	 orig commit -> 2cc8334270e281815c3850c3adea363c51f21e0d ......
checking 22dcb30fb9d8199b9a105f699b828dedb5b59d36 ......
	 orig commit -> bf504110bc8aa05df48b0e5f0aa84bfb81e0574b ......
checking a1df5db3a9f11f1fbabc44972ca9d4a851d7f042 ......
	 orig commit -> 92edf8df0ff2ae86cc632eeca0e651fd8431d40d ......
checking 986f0c65674956d4d6be83835066d6aebcc0440f ......
	 orig commit -> 27da80719ef132cf8c80eb406d5aeb37dddf78cc ......
checking b848d19c483a23c2f4a3566f6367c9c61bd2ad2d ......
	 orig commit -> 039daac5526932ec731e4499613018d263af8b3e ......
checking 632d839296bd1ac7bc5aade75cf7db2ec0700585 ......
	 orig commit -> dfa88658fb0583abb92e062c7a9cd5a5b94f2a46 ......
checking 43f40620d7a5a4fd6565219c5001296a75ed427e ......
	 orig commit -> 3bc8ea8603ae4c1e09aca8de229ad38b8091fcb3 ......
checking a46a5038263989fff96e884c7cec2680c7a5fc6a ......
	 orig commit -> e7aa61f47b23afbec41031bc47ca8d6cb6516abc ......
checking 3cb931c709d00b1cff3ed094a62465a7bcc05dc2 ......
	 orig commit -> 7fef436295bf6c05effe682c8797dfcb0deb112a ......
checking cf72dad924cb98773cd21c22cc06f484fd522db9 ......
	 orig commit -> 10c5e83afd4a3f01712d97d3bb1ae34d5b74a185 ......
		 10c5e83afd4a3f01712d97d3bb1ae34d5b74a185 has problem. Fixes commit -> 27da80719ef132cf8c80eb406d5aeb37dddf78cc
commit 986f0c65674956d4d6be83835066d6aebcc0440f
Author: Christophe Leroy <christophe.leroy@c-s.fr>
Date:   Fri Mar 29 22:26:19 2019 +1100

    powerpc/fsl: Fix the flush of branch predictor.
    
    commit 27da80719ef132cf8c80eb406d5aeb37dddf78cc upstream.
    
    The commit identified below adds MC_BTB_FLUSH macro only when
    CONFIG_PPC_FSL_BOOK3E is defined. This results in the following error
    on some configs (seen several times with kisskb randconfig_defconfig)
    
    arch/powerpc/kernel/exceptions-64e.S:576: Error: Unrecognized opcode: `mc_btb_flush'
    make[3]: *** [scripts/Makefile.build:367: arch/powerpc/kernel/exceptions-64e.o] Error 1
    make[2]: *** [scripts/Makefile.build:492: arch/powerpc/kernel] Error 2
    make[1]: *** [Makefile:1043: arch/powerpc] Error 2
    make: *** [Makefile:152: sub-make] Error 2
    
    This patch adds a blank definition of MC_BTB_FLUSH for other cases.
    
    Fixes: 10c5e83afd4a ("powerpc/fsl: Flush the branch predictor at each kernel entry (64bit)")
    Cc: Diana Craciun <diana.craciun@nxp.com>
    Signed-off-by: Christophe Leroy <christophe.leroy@c-s.fr>
    Reviewed-by: Daniel Axtens <dja@axtens.net>
    Reviewed-by: Diana Craciun <diana.craciun@nxp.com>
    Signed-off-by: Michael Ellerman <mpe@ellerman.id.au>
    Signed-off-by: Greg Kroah-Hartman <gregkh@linuxfoundation.org>
checking 020e5f13805b4a35c9394fbe55508311453fdbc8 ......
	 orig commit -> f633a8ad636efb5d4bba1a047d4a0f1ef719aa06 ......
checking 4a6a2287e0e61dfe9449413d09e63842e016fdcb ......
	 orig commit -> 98518c4d8728656db349f875fcbbc7c126d4c973 ......
checking 4944f1d48d7117e9766db8953d0855bfede939e6 ......
	 orig commit -> 1cbf8990d79ff69da8ad09e8a3df014e1494462b ......
checking d67ab3d9a1b7e4dbee0db0f133611de3a22d5517 ......
	 orig commit -> 76a5eaa38b15dda92cd6964248c39b5a6f3a4e9d ......
checking e044d21c2999d35c26cc15011e6478e2a9eaee63 ......
	 orig commit -> 9180bb4f046064dfa4541488102703b402bb04e1 ......
checking 6bdb5fdc4787fb621676c5d7380b9351b79cd9f8 ......
	 orig commit -> cd35ef91490ad8049dd180bb060aff7ee192eda9 ......
checking ac8411d759622374e6818b77d5a70671c0ed1072 ......
	 orig commit -> b3e208069477588c06f4d5d986164b435bb06e6d ......
checking a491de9041b4630401bf0c287da20fb43a15a22b ......
	 orig commit -> 064c5d6881e897077639e04973de26440ee205e6 ......
checking 7254ad094f4a7d624d988d3095e6cb94f3e9afe6 ......
	 orig commit -> b5f9bd15b88563b55a99ed588416881367a0ce5f ......
checking 979f8a675d3b8f28c80ec23c4e9406ce30464c8e ......
	 orig commit -> cc4807bb609230d8959fd732b0bf3bd4c2de8eac ......
checking 3b1386beeef4a355dcf48d5c8d0653ba39887cf6 ......
	 orig commit -> 1017e0987117c32783ba7c10fe2e7ff1456ba1dc ......
checking 8ea78da1aa3eb3bd0534fda9848a407b0a700fd1 ......
	 orig commit -> 4477138fa0ae4e1b699786ef0600863ea6e6c61c ......
		 4477138fa0ae4e1b699786ef0600863ea6e6c61c has problem. Fixes commit -> 9180bb4f046064dfa4541488102703b402bb04e1
commit e044d21c2999d35c26cc15011e6478e2a9eaee63
Author: Eric Dumazet <edumazet@google.com>
Date:   Sat Mar 16 13:09:53 2019 -0700

    tun: add a missing rcu_read_unlock() in error path
    
    commit 9180bb4f046064dfa4541488102703b402bb04e1 upstream.
    
    In my latest patch I missed one rcu_read_unlock(), in case
    device is down.
    
    Fixes: 4477138fa0ae ("tun: properly test for IFF_UP")
    Signed-off-by: Eric Dumazet <edumazet@google.com>
    Reported-by: syzbot <syzkaller@googlegroups.com>
    Signed-off-by: David S. Miller <davem@davemloft.net>
    Signed-off-by: Greg Kroah-Hartman <gregkh@linuxfoundation.org>
checking 52a7505c91a19d3a2a1047225701a57728a83875 ......
	 orig commit -> 33872d79f5d1cbedaaab79669cc38f16097a9450 ......
checking 1be6c0c737e402958283a0941b92c2204bb96a04 ......
	 orig commit -> 9926cb5f8b0f0aea535735185600d74db7608550 ......
checking 24d1a6259706f03aa2057359685ef8ea77f69e38 ......
	 orig commit -> ea239314fe42ace880bdd834256834679346c80e ......
checking 7115df614b09ea5baa9883b4f629a27a02237de3 ......
	 orig commit -> 89e4130939a20304f4059ab72179da81f5347528 ......
checking cab576f1b00fa3b18f1f2b56c6c094c8a6deb2d3 ......
	 orig commit -> ef82bcfa671b9a635bab5fa669005663d8b177c5 ......
checking 97265479d7cadf5fa6597ee74371d3d21d2e8f94 ......
	 orig commit -> 273160ffc6b993c7c91627f5a84799c66dfe4dee ......
checking cf86f7a97561fbdf18edd25da833419196504db2 ......
	 orig commit -> 408f13ef358aa5ad56dc6230c2c7deb92cf462b1 ......
checking 69cea7cf3170a3288cf82402b6f2fed3940cc33c ......
	 orig commit -> a4dc6a49156b1f8d6e17251ffda17c9e6a5db78a ......
checking d9d215be3a3aa8b3638f2705826f52a7fb84cf24 ......
	 orig commit -> a3e23f719f5c4a38ffb3d30c8d7632a4ed8ccd9e ......
checking 8dcf078d92ae81a241019df80db311d5884f8812 ......
	 orig commit -> 223a960c01227e4dbcb6f9fa06b47d73bda21274 ......
checking 7eeb12edf63754c49b6e720c02d829fb0af7caf4 ......
	 orig commit -> e5dcc0c3223c45c94100f05f28d8ef814db3d82c ......
checking a6f0168e668169768cb076ed6ecc4891855aaebd ......
	 orig commit -> daa5c4d0167a308306525fd5ab9a5e18e21f4f74 ......
checking 85ef72d829eb85c58c92c902c9821f26639b254f ......
	 orig commit -> 398f0132c14754fcd03c1c4f8e7176d001ce8ea1 ......
checking 88c64f9c7d3ffaca070c01c1564afeeaffd472f1 ......
	 orig commit -> 0b91bce1ebfc797ff3de60c8f4a1e6219a8a3187 ......
checking e4ff39e1ba80a2b2284e217525e9aea07aae76e2 ......
	 orig commit -> a7faaa0c5dc7d091cc9f72b870d7edcdd6f43f12 ......
checking c408426292eed4ce5747c994b356a42edf71a8f1 ......
	 orig commit -> fae846e2b7124d4b076ef17791c73addf3b26350 ......
checking e0f8c06f45c3e251a11e84793ab00c528e10cac6 ......
	 orig commit -> bb9e5c5bcd76f4474eac3baf643d7a39f7bac7bb ......
checking be09211384c2f4b545b4dcd2c93ab2ef3388b3f2 ......
	 orig commit -> 1c87e79a002f6a159396138cd3f3ab554a2a8887 ......
checking 53adaacbbadb6dda96196b91a21e871968694734 ......
	 orig commit -> c22da36688d6298f2e546dcc43fdc1ad35036467 ......
checking 9b8ef421b481d6e648438131d867986c649c297c ......
	 orig commit -> ceabee6c59943bdd5e1da1a6a20dc7ee5f8113a2 ......
checking 321461f2497fbb07b77edd2c184cfa624573b96a ......
	 orig commit -> e0aa67709f89d08c8d8e5bdd9e0b649df61d0090 ......
checking 6bba17f6bce39e46fdf8c0fe190bdc3f57ef8f8f ......
checking 15d6538a0d6e0f6de5116081a948cba7cc3e1d3d ......
	 orig commit -> 7c9cbd0b5e38a1672fcd137894ace3b042dfbf69 ......
checking 2318c0e4b87e590c9d8e88db185477cfac18abe2 ......
	 orig commit -> af3d5d1c87664a4f150fcf3534c6567cb19909b0 ......
