Check from v4.19.4 to v4.19.5
Commit count: 118
checking b32d16ec995683be888520d12d8f2833efee5dae ......
checking 0d9813319b40399a0d8fd761d2fcfedee5701487 ......
	 orig commit -> 473f0a763d2c7cd68a6dedf51e7d81e8f58f78ac ......
checking 02e28d5b8537a4438207937e450c302c04db06f5 ......
	 orig commit -> 7e241f647dc7087a0401418a187f3f5b527cc690 ......
checking 8ef7c76cb91afdb58b6b2a5933590e1dfbd0dc83 ......
	 orig commit -> e82e62e390d39c3819641cd721695702180d54fb ......
checking 0c874f9e7661b344e6ba527fcdfad59c982cb90f ......
	 orig commit -> fb862c3b199d28bee238d52e8270eae8650d6cb0 ......
checking cf7de65800299b9699c401ea45b9536b8bacddf5 ......
	 orig commit -> 8c01db7619f07c85c5cd81ec5eb83608b56c88f5 ......
checking a73a8c3b15f145f0fb8b52246994a88437f15381 ......
	 orig commit -> 2bbb5fa37475d7aa5fa62f34db1623f3da2dfdfa ......
checking 3e31936ba001b3d7450898ece1bfeb7c1a6bbc5d ......
	 orig commit -> fee05f455ceb5c670cbe48e2f9454ebc4a388554 ......
checking 78ac3038245938d164b9843dcaa4794b0659ed31 ......
	 orig commit -> 5d1e9c2212ea6b4dd735e4fc3dd6279a365d5d10 ......
checking 466720dc7769643948dc6c26e8162c82b88775fc ......
	 orig commit -> 1decef370456870bf448a565be95db636428e106 ......
checking 9cdfd2233a6b6e98f5221764b634227bdf6c1764 ......
	 orig commit -> 56a6c7268312cba9436b84cac01b3e502c5c511d ......
checking 3b0fa609e00140ee1ca7300eb6fd023ba5b00193 ......
	 orig commit -> f6501f49199097b99e4e263644d88c90d1ec1060 ......
checking e591b9069b0c93be8e39ef054f07f41c1458e928 ......
	 orig commit -> 7c97301285b62a41d6bceded7d964085fc8cc50f ......
checking 74f5f46a088d5baa03dabe66965998a818fab099 ......
	 orig commit -> a77112577667cbda7c6292c52d909636aef31fd9 ......
checking ed8acd13e770a1c3ab660d1c0cd83807c3979631 ......
	 orig commit -> 781f0766cc41a9dd2e5d118ef4b1d5d89430257b ......
checking 20aa051f0004d809c5b8f821161880046c136bdd ......
	 orig commit -> deefd24228a172d1b27d4a9adbfd2cdacd60ae64 ......
checking 16a57ceaeddd9dae141c43a16ed15c1a6300e35b ......
	 orig commit -> 63529eaa6164ef7ab4b907b25ac3648177e5e78f ......
checking 2909e53a72ce7262a627658fdac65916e952ea73 ......
	 orig commit -> 95217260649aa504eb5d4a0d50959ca4e67c8f96 ......
checking 667bd202c5aa10d62afabd5b748bd6709227e88b ......
	 orig commit -> e13fb9b37cc00616b90df2d620f30345b5ada6ff ......
checking a0d5745e5a1c03650bb9f8012afda790e7910c07 ......
	 orig commit -> d99501b8575dc1248bacf1b58d2241cb4b265d49 ......
		 d99501b8575dc1248bacf1b58d2241cb4b265d49 has problem. Fixes commit -> 1e73359a24fad529b0794515b46cbfff99e5fbe6
commit c8e91d756703b06c707b4355a3603e4e2fd2790a
Author: Arnd Bergmann <arnd@arndb.de>
Date:   Mon Dec 10 21:54:25 2018 +0100

    ALSA: hda/ca0132 - make pci_iounmap() call conditional
    
    commit 1e73359a24fad529b0794515b46cbfff99e5fbe6 upstream.
    
    When building without CONFIG_PCI, we can (depending on the architecture)
    get a link failure:
    
    ERROR: "pci_iounmap" [sound/pci/hda/snd-hda-codec-ca0132.ko] undefined!
    
    Adding a compile-time check for PCI gets it to work correctly on
    32-bit ARM.
    
    Fixes: d99501b8575d ("ALSA: hda/ca0132 - Call pci_iounmap() instead of iounmap()")
    Signed-off-by: Arnd Bergmann <arnd@arndb.de>
    Signed-off-by: Takashi Iwai <tiwai@suse.de>
    Signed-off-by: Greg Kroah-Hartman <gregkh@linuxfoundation.org>
checking e4d1784e1445409b264d6d2b756289144bfd4143 ......
	 orig commit -> 563785edfcef02b566e64fb5292c74c1600808aa ......
checking 8600660ce149b32961d0f298eb6cd1c22a161fb1 ......
	 orig commit -> 432798195bbce1f8cd33d1c0284d0538835e25fb ......
checking a0d5f816c574fe5faaba7c19f4a3b5b11aca8c63 ......
	 orig commit -> 21f70d4abf9e17c2e3d7e64b7bfa3424e017f176 ......
checking 0483179a330f1ceeae6ba781f3590fd61b3502e8 ......
	 orig commit -> 82fba2df7f7c019627f24c5036dc99f41731d770 ......
checking eaa7def0549ee89f92e4e1b2627f1f4c7fa78bb4 ......
	 orig commit -> 92539d3eda2c090b382699bbb896d4b54e9bdece ......
checking 88723e6ec53b135e6e4fde1e1336386fa358adc5 ......
	 orig commit -> b082f2dd80612015cd6d9d84e52099734ec9a0e1 ......
checking b0f16f98d306c0ee0df7b506fd15a1dc3f8888dc ......
	 orig commit -> a0e6e0831c516860fc7f9be1db6c081fe902ebcf ......
checking 4074ca7d8a1832921c865d250bbd08f3441b3657 ......
	 orig commit -> d52888aa2753e3063a9d3a0c9f72f94aa9809c15 ......
		 d52888aa2753e3063a9d3a0c9f72f94aa9809c15 has problem. Fixes commit -> 254eb5505ca0ca749d3a491fc6668b6c16647a99
16877a5570e0c5f4270d5b17f9bab427bcae9514
commit 56769ef90b83a803ece304d57c397eb74c9bf50a
Author: Kirill A. Shutemov <kirill.shutemov@linux.intel.com>
Date:   Fri Nov 30 23:23:28 2018 +0300

    x86/dump_pagetables: Fix LDT remap address marker
    
    [ Upstream commit 254eb5505ca0ca749d3a491fc6668b6c16647a99 ]
    
    The LDT remap placement has been changed. It's now placed before the direct
    mapping in the kernel virtual address space for both paging modes.
    
    Change address markers order accordingly.
    
    Fixes: d52888aa2753 ("x86/mm: Move LDT remap out of KASLR region on 5-level paging")
    Signed-off-by: Kirill A. Shutemov <kirill.shutemov@linux.intel.com>
    Signed-off-by: Thomas Gleixner <tglx@linutronix.de>
    Cc: bp@alien8.de
    Cc: hpa@zytor.com
    Cc: dave.hansen@linux.intel.com
    Cc: luto@kernel.org
    Cc: peterz@infradead.org
    Cc: boris.ostrovsky@oracle.com
    Cc: jgross@suse.com
    Cc: bhe@redhat.com
    Cc: hans.van.kranenburg@mendix.com
    Cc: linux-mm@kvack.org
    Cc: xen-devel@lists.xenproject.org
    Link: https://lkml.kernel.org/r/20181130202328.65359-3-kirill.shutemov@linux.intel.com
    Signed-off-by: Sasha Levin <sashal@kernel.org>

commit 62075c982bf702949af59bd902bc0faaf20f38b0
Author: Kirill A. Shutemov <kirill.shutemov@linux.intel.com>
Date:   Fri Nov 30 23:23:27 2018 +0300

    x86/mm: Fix guard hole handling
    
    [ Upstream commit 16877a5570e0c5f4270d5b17f9bab427bcae9514 ]
    
    There is a guard hole at the beginning of the kernel address space, also
    used by hypervisors. It occupies 16 PGD entries.
    
    This reserved range is not defined explicitely, it is calculated relative
    to other entities: direct mapping and user space ranges.
    
    The calculation got broken by recent changes of the kernel memory layout:
    LDT remap range is now mapped before direct mapping and makes the
    calculation invalid.
    
    The breakage leads to crash on Xen dom0 boot[1].
    
    Define the reserved range explicitely. It's part of kernel ABI (hypervisors
    expect it to be stable) and must not depend on changes in the rest of
    kernel memory layout.
    
    [1] https://lists.xenproject.org/archives/html/xen-devel/2018-11/msg03313.html
    
    Fixes: d52888aa2753 ("x86/mm: Move LDT remap out of KASLR region on 5-level paging")
    Reported-by: Hans van Kranenburg <hans.van.kranenburg@mendix.com>
    Signed-off-by: Kirill A. Shutemov <kirill.shutemov@linux.intel.com>
    Signed-off-by: Thomas Gleixner <tglx@linutronix.de>
    Tested-by: Hans van Kranenburg <hans.van.kranenburg@mendix.com>
    Reviewed-by: Juergen Gross <jgross@suse.com>
    Cc: bp@alien8.de
    Cc: hpa@zytor.com
    Cc: dave.hansen@linux.intel.com
    Cc: luto@kernel.org
    Cc: peterz@infradead.org
    Cc: boris.ostrovsky@oracle.com
    Cc: bhe@redhat.com
    Cc: linux-mm@kvack.org
    Cc: xen-devel@lists.xenproject.org
    Link: https://lkml.kernel.org/r/20181130202328.65359-2-kirill.shutemov@linux.intel.com
    Signed-off-by: Sasha Levin <sashal@kernel.org>
commit 56769ef90b83a803ece304d57c397eb74c9bf50a
Author: Kirill A. Shutemov <kirill.shutemov@linux.intel.com>
Date:   Fri Nov 30 23:23:28 2018 +0300

    x86/dump_pagetables: Fix LDT remap address marker
    
    [ Upstream commit 254eb5505ca0ca749d3a491fc6668b6c16647a99 ]
    
    The LDT remap placement has been changed. It's now placed before the direct
    mapping in the kernel virtual address space for both paging modes.
    
    Change address markers order accordingly.
    
    Fixes: d52888aa2753 ("x86/mm: Move LDT remap out of KASLR region on 5-level paging")
    Signed-off-by: Kirill A. Shutemov <kirill.shutemov@linux.intel.com>
    Signed-off-by: Thomas Gleixner <tglx@linutronix.de>
    Cc: bp@alien8.de
    Cc: hpa@zytor.com
    Cc: dave.hansen@linux.intel.com
    Cc: luto@kernel.org
    Cc: peterz@infradead.org
    Cc: boris.ostrovsky@oracle.com
    Cc: jgross@suse.com
    Cc: bhe@redhat.com
    Cc: hans.van.kranenburg@mendix.com
    Cc: linux-mm@kvack.org
    Cc: xen-devel@lists.xenproject.org
    Link: https://lkml.kernel.org/r/20181130202328.65359-3-kirill.shutemov@linux.intel.com
    Signed-off-by: Sasha Levin <sashal@kernel.org>
checking 7818cf3d9aeab4374fa55f54a9da987381f807ff ......
	 orig commit -> 025911a5f4e36955498ed50806ad1b02f0f76288 ......
checking 62b5dea3ac936be3c6b268dcce6fcdb3d906f164 ......
	 orig commit -> 8ef14c2c41d962756d314f1d7dc972b0ea7a180f ......
checking 4d17f22eb16ed539f6162ea566e89acf6f44354a ......
	 orig commit -> bbcde0a7241261cd0ca8d8e6b94a4113a4b71443 ......
checking 30fc828c1e1d86a7e151d8a44ed66ed6e8c79016 ......
	 orig commit -> ad703c2b9127f9acdef697ec4755f6da4beaa266 ......
		 ad703c2b9127f9acdef697ec4755f6da4beaa266 has problem. Fixes commit -> 37c4b91f955fdd5f4ad771956b97d35f1321098e
commit 43f5afa3eaae85126c8aa9140b89c88849337dbd
Author: Dmitry Bogdanov <dmitry.bogdanov@aquantia.com>
Date:   Tue Nov 27 14:51:17 2018 +0000

    net: aquantia: fix rx checksum offload bits
    
    [ Upstream commit 37c4b91f955fdd5f4ad771956b97d35f1321098e ]
    
    The last set of csum offload fixes had a leak:
    
    Checksum enabled status bits from rx descriptor were incorrectly
    interpreted. Consequently all the other valid logic worked on zero bits.
    That caused rx checksum offloads never to trigger.
    
    Tested by dumping rx descriptors and validating resulting csum_level.
    
    Reported-by: Igor Russkikh <igor.russkikh@aquantia.com>
    Signed-off-by: Dmitry Bogdanov <dmitry.bogdanov@aquantia.com>
    Signed-off-by: Igor Russkikh <igor.russkikh@aquantia.com>
    Fixes: ad703c2b9127f ("net: aquantia: invalid checksumm offload implementation")
    Signed-off-by: David S. Miller <davem@davemloft.net>
    Signed-off-by: Sasha Levin <sashal@kernel.org>
checking fb7c179f018110ee450d3a7f7bbb85863f2a4f0a ......
	 orig commit -> bfaa9f8553d5c20703781e63f4fc8cb4792f18fd ......
checking 0d70766b98307ca9e10a94e89043c3001fb5a10e ......
	 orig commit -> 7a1bb49461b12b2e6332a4d054256835f45203f3 ......
checking 30d01cc8df84af5820117c6ae3cfeb2930d0d3e0 ......
	 orig commit -> 8137b6ef0ce469154e5cf19f8e7fe04d9a72ac5e ......
checking f791728ec30bf93b5331668d7e79342a85cf4539 ......
	 orig commit -> fa5c448d98f0df660bfcad3dd5facc027ef84cd3 ......
checking b228e58a6f1f56a4cc2dd0dae4881fbc99f367cb ......
	 orig commit -> fb5e7438e7a3c8966e04ccb0760170e9e06f3699 ......
checking b2e5004e1e024e7f919bade2723c7c28fc3b56df ......
	 orig commit -> 2632f22ebd08da249c2017962a199a0cfb2324bf ......
checking 66473b0ac3afe9ccd4126424aa3054c95050dfdc ......
	 orig commit -> 39477551df940ddb1339203817de04f5caaacf7a ......
checking 1c87c27ac49f2f5b16015240f96507bfdbc3a61c ......
	 orig commit -> ba766b8b99c30ad3c55ed8cf224d1185ecff1476 ......
checking 06f5a1f3ea90f21bb16bef83e56cf7d495137124 ......
	 orig commit -> ffe498237b36ee42624e139b21efa05da4ff1f48 ......
checking 86927afbe9138f8483b44b705585ddb70e407cb9 ......
	 orig commit -> d944b46992f8e99b6bdc721e44b02e5ca294fa2b ......
checking 9d977cd15a474ea55e5ee2965429c4bdffb3d9a5 ......
	 orig commit -> 0f5d4c21a50716f8bd4e220544b82dca7408d113 ......
checking 7934a53924aaa79d326c3276dc61eb0b5bca7261 ......
	 orig commit -> 8e88c29b351ed4e09dd63f825f1c8260b0cb0ab3 ......
checking 1d6ab5f595b0da3a6f3cc2966e6081b66410b6b4 ......
	 orig commit -> 6ac2226229d931153331a93d90655a3de05b9290 ......
checking b1e814e4826635211cb020b767d374f01ba1679b ......
	 orig commit -> 40fa3780bac2b654edf23f6b13f4e2dd550aea10 ......
checking 1fac2f4f2faed9524d420f74c205f2fb65c72349 ......
	 orig commit -> 848bd3f3de9d44950c00eda6c115e8e9785440da ......
checking 7d5019ed49df80cc43f4bdd4edfe600160b709ee ......
	 orig commit -> 5b277402deac0691226a947df71c581686bd4020 ......
checking fa4712942d8ee992af92aee78d6c07c6c5cbfb42 ......
	 orig commit -> 8f676b8508c250bbe255096522fdefb73f1ea0b9 ......
checking 05e25696bd5fe64fc26ef7e9177a69819404b801 ......
	 orig commit -> 6778be4e520959659b27a441c06a84c9cb009085 ......
checking 956d9dd3a7eb3fdf19e068150e675af5afff5b7b ......
	 orig commit -> 71f2cc64d027d712f29bf8d09d3e123302d5f245 ......
checking 990746203150ef965ecb649c9206bf023c63f781 ......
	 orig commit -> 0bb2ae1b26e1fb7543ec7474cdd374ac4b88c4da ......
checking ea1de530903dee6bfe815f1b82b3fde156c11e1d ......
	 orig commit -> 63237f8748bdf46dccf79ef8f98f05e9fe799162 ......
checking b3db5d74b933a39267004bcb4c6bc619b9c96d3d ......
	 orig commit -> 0e6613e46fed29316f33acf86e1d1568288638b5 ......
checking a4da95ea101b2741488c6d84d3ce6e3d0cdffd62 ......
	 orig commit -> f3587d76da05f68098ddb1cb3c98cc6a9e8a402c ......
		 f3587d76da05f68098ddb1cb3c98cc6a9e8a402c has problem. Fixes commit -> f55adad601c6a97c8c9628195453e0fb23b4a0ae
commit 7290c71ded83bad817ed7b4827afd725e81f20d0
Author: Keith Busch <keith.busch@intel.com>
Date:   Mon Dec 10 08:44:42 2018 -0700

    block/bio: Do not zero user pages
    
    commit f55adad601c6a97c8c9628195453e0fb23b4a0ae upstream.
    
    We don't need to zero fill the bio if not using kernel allocated pages.
    
    Fixes: f3587d76da05 ("block: Clear kernel memory before copying to user") # v4.20-rc2
    Reported-by: Todd Aiken <taiken@mvtech.ca>
    Cc: Laurence Oberman <loberman@redhat.com>
    Cc: stable@vger.kernel.org
    Cc: Bart Van Assche <bvanassche@acm.org>
    Tested-by: Laurence Oberman <loberman@redhat.com>
    Signed-off-by: Keith Busch <keith.busch@intel.com>
    Signed-off-by: Jens Axboe <axboe@kernel.dk>
    Signed-off-by: Greg Kroah-Hartman <gregkh@linuxfoundation.org>
checking b352afaac108d9d6c10cd1d9cd6155b83b779b65 ......
	 orig commit -> 02680efbb10be0d2c867fe722ae23d588f6bebef ......
checking 365b1b122406ca26331fc48ab53dfbf5a9b0889c ......
	 orig commit -> 313a06e636808387822af24c507cba92703568b1 ......
checking 238ab6deba302a1b9b083dbb1c456187105c4ddd ......
	 orig commit -> 98ee3fc7ef8395f8b7a379e6608aee91efc66d48 ......
checking 20f020fd089395de918a3e6d4a4c141c25b9a6df ......
	 orig commit -> f98e8a572bddbf27032114127d2fcc78fa5e6a9d ......
checking dd9392292e5b769ae8496b6df6eb20668dd91827 ......
	 orig commit -> d9cccfa7c4d1d9ef967ec9308df7304a18609b30 ......
checking 71076a71d81b49404a20307da699bfc719625f58 ......
	 orig commit -> eab53fdfd60a84b0cc514d4f1f5d79226c76df01 ......
checking 9edc40fd786aa99d72095b848ea4fdd0050dc807 ......
	 orig commit -> aab7a2414ba0d5c3d0571a90031b535adba7146a ......
checking 91611ad1bf69ec46d6c61f27eccb44064c28c45c ......
	 orig commit -> 6ca469e22a30992b4478d2ab88737c70667c1e00 ......
	 orig commit -> 0586feba322e1de05075700eb4b835c8b683e62b ......
checking 3190aa80827d497eb1700ef75c28b6be5cc991ea ......
	 orig commit -> 1af6ab3bac8458fc2e92ad7bb97b62de4a1fddef ......
checking 22ef72a086d56a56ecb44a5c04994bc71d1afd25 ......
	 orig commit -> 438ad09af5581b7024850b5dbb6353c7f2f7d8a9 ......
checking 1ea367bb99a0a31183bcf155974a33f6798dff13 ......
	 orig commit -> e3e61f01d755188cb6c2dcf5a244b9c0937c258e ......
checking c981726f16aab432e48cfcf7d72c26b31b50c516 ......
	 orig commit -> e8ccbb7d2f53c62e14b889faaa3f6f809b657278 ......
checking 99b9de47a8b64d534582d26c80f4220e6189df60 ......
	 orig commit -> 30356d08159d7899438e94503ae322a8b881e205 ......
checking d005b563ae0cef9712077ba4407d771c75bd4194 ......
	 orig commit -> bd74a7f9cc033cf4d405788f80292268987dc0c5 ......
checking 1cf11e7ca034919f242a855b1a52c018b3cba911 ......
	 orig commit -> e4844c9c62a0fe47980d6c3d4b7a096a5d755925 ......
checking 2f6bf7917f55f9dae913193e49672b3598620eab ......
	 orig commit -> 8a02bdd50b2ecb6d62121d2958d3ea186cc88ce7 ......
checking e8b258ce87ff84ee967aad80095bc85dcc9db077 ......
	 orig commit -> 54451f60c8fa061af9051a53be9786393947367c ......
checking e395c9d2d9c3d4986b2d79e23efb0d2a7b14e465 ......
	 orig commit -> 17b8b74c0f8dbf9b9e3301f9ca5b65dd1c079951 ......
checking 1a7ccf42cb03cd9976134eea111cfc5168a0ea31 ......
	 orig commit -> 28c2fae726bf5003cd209b0d5910a642af98316f ......
checking 5e4ad7cec8f81ce022d51e6e2d4059d45cc3ac12 ......
	 orig commit -> a541f0ebcc08ed8bc0cc492eec9a86cb280a9f24 ......
checking 4136161d676a93fc8df6bdb80d720c15522d6c24 ......
	 orig commit -> e12e4044aede97974f2222eb7f0ed726a5179a32 ......
checking 97fdf29f7d537826b1174bcbc04a14938c8fae5f ......
	 orig commit -> ed956f3947a01ff9875cd908d7c1ef1fe7f47bf0 ......
checking cb3e590df429ce151d5041884a4947099b8ad6a7 ......
	 orig commit -> 886503f34d63e681662057448819edb5b1057a97 ......
checking c75116e66ed3a000798d5a702349446153a0348f ......
	 orig commit -> 439cd39ea136d2c026805264d58a91f36b6b64ca ......
checking fecf70b13557328cbda7555633377e88ef8a62b6 ......
	 orig commit -> 4269fea768a11a447d8de620ce420f2214d4685c ......
checking 67b261d76df33d8f6f84754db0078cd9be7b3e34 ......
	 orig commit -> 7dd8db68949a7acc5bd528ee0ecb8f8720f49921 ......
checking 3b7b23827dfbcf4d9b0e004016940586a9cc6639 ......
	 orig commit -> 6298944d8f57f40ee2a3e6dcea1253e78d7a9969 ......
checking 48d49b635b66f3017ecd795c211190d6d1beca57 ......
	 orig commit -> 00b790ea545b6ef30221adef6e9c3707e03b82b5 ......
checking 1d5dfce77c957056f9d92fffa1df7daea757ba13 ......
	 orig commit -> b44b136a3773d8a9c7853f8df716bd1483613cbb ......
checking 9b2d5118f74fede5a989ef8747d8fdfca84771dd ......
	 orig commit -> ef5febae1543f35a45f01614123e829d77326d0f ......
checking a3123502b84f33e743507a5e613c3363c16dc525 ......
	 orig commit -> 5a8de47b3c250521dd632cdedaac6db88367defa ......
checking 84ed07d9577ec3965c6747ac3cd154844777060e ......
	 orig commit -> 61792b677415b77c8db04991c22966bb8de7603e ......
checking c2c72619cce2461203bab86984b92d6923882b8e ......
	 orig commit -> 202dc3cc10b4d37e5251431acf8d5040a8876c7d ......
checking 459852bfd6ed77449cbf0a7e7b650bf61dd96162 ......
	 orig commit -> 00a461cc32ec27fa7bd9c874a7b36b0c6c542c12 ......
checking 1e5ac60289f941a42cb6cedc381f1681320626c5 ......
	 orig commit -> ee02950d53eee0d4c7f1c08a35272b77d24b9459 ......
checking a178c7abb3a774fbff7d19fd342175b71b592384 ......
	 orig commit -> 2303a9ca693e585a558497ad737728fec97e2b8a ......
checking ee9b38131b4b288d1db5ce2ac8617f703b3d93e1 ......
	 orig commit -> b5bb425871186303e6936fa2581521bdd1964a58 ......
checking e252c95d05f61efbf8522ac7ed4f8ab7defb77de ......
	 orig commit -> 69b93104c7ec5668019caf5d2dbfd0e182df06db ......
checking e28f46344721c8481afd2b706b533a187c0bdb0e ......
	 orig commit -> 684238d79ad85c5e19a71bb5818e77e329912fbc ......
checking 9f0e46bf5559897f724d940e39e4ffc230413325 ......
	 orig commit -> d2266bbfa9e3e32e3b642965088ca461bd24a94f ......
checking c8a1685aa3cb6209c26da50f10364a9842fe2fda ......
	 orig commit -> 250f2da49cb8e582215a65c03f50e8ddf5cd119c ......
checking 8b9cdb75907735c5b7411a692bbd9b4a96d53830 ......
	 orig commit -> b33228029d842269e17bba591609e83ed422005d ......
checking 33df917736f090740e8050d19437e5029be29d00 ......
	 orig commit -> 515f1867addaba49c1c6ac73abfaffbc192c1db4 ......
checking b7d1a7868cebb8cde5fe09ba41d44f8b04c990e2 ......
	 orig commit -> d6afa561e1471ccfdaf7191230c0c59a37e45a5b ......
checking 070bbd572c12bd782edcef4a0ebe2304236b0b3e ......
	 orig commit -> 52091c256bdcad0d01e2852a63f19cd2cce6af96 ......
checking c80506fa94531e6beb44658f30c0d375bce8658f ......
	 orig commit -> 8d98b1ef368feeb7720b8b9b6f3bd93f2ad892bc ......
checking 464ac699fcbfde1f99826c208de90070cd7ce68e ......
	 orig commit -> 4ac15ea53622272c01954461b4814892b7481b40 ......
checking 6ea95033e66f5820a78ee4d1049c5b2eff74d201 ......
	 orig commit -> 922dceff8dc1fb4dafc9af78139ba65671408103 ......
checking d21e4ba36f8980006c252752b9631c12f0f103b0 ......
	 orig commit -> 7ff1e34bbdc15acab823b1ee4240e94623d50ee8 ......
checking 6cddd65095279b6f6045ad86624c54e2ee2701dd ......
	 orig commit -> 1fe627da30331024f453faef04d500079b901107 ......
checking 52fc49b6ae578c6cd07920b29826503f75007eaf ......
	 orig commit -> 0a3021d4f5295aa073c7bf5c5e4de60a2e292578 ......
checking ea54dce2062cbba2a6a7e3dcac51db6637343c7b ......
	 orig commit -> d057c036672f33d43a5f7344acbb08cf3a8a0c09 ......
checking ee38053fcf5d401e8b5c05bd6a40b687a875f02a ......
	 orig commit -> b10298d56c9623f9b173f19959732d3184b35f4f ......
checking 23ce028f4564d1ce2df1fc6f99d9fcad5beaa51b ......
	 orig commit -> 6702185c1ffec3421181b5e24491e3fac920cb61 ......
checking 91a52a44195e205aaf8a275621bf8fa9cc082b02 ......
	 orig commit -> b2f74dbaf12bf59ff35d451005b3cdee78232ff0 ......
checking 355ec07561044fadd1edc071315105cbdf9f79bf ......
	 orig commit -> 3c88ed1d798da355859ca083d3884a16ce0841f2 ......
checking 92cb1b096a08723daaf78d5c202c53b11bb282b9 ......
	 orig commit -> a963052e539887df481d4d3a6ad4c92ca6461852 ......
checking 733edfd69e092cdabf5e26a41c157662e24279c0 ......
	 orig commit -> 29118ab962d5476fdc65fae312ac38db68092d78 ......
checking 0987d5a67bc726e99136f623b09ae9e207f50e16 ......
	 orig commit -> 153fcd5f6d93b8e1e4040b1337f564a10f8d93af ......
checking 262522ccef74e5f1a74f9f5591834f2a97a458fd ......
	 orig commit -> 966866892cf89d606544bca22d584ba2ef9ec208 ......
checking e4ed4e68c6d8aba1e4cd63979e7ac7f42075e21a ......
	 orig commit -> 0c5d6cb6643f48ad3775322f3ebab6c7eb67484e ......
checking ad1834fd8a479f499918107e1f97591eb0a4b39f ......
	 orig commit -> 8c6c9bed8773375b1d54ccca2911ec892c59db5d ......
checking 1beb22c52484f8e4047af142ee70e1b357d561c9 ......
	 orig commit -> f6e35cda66146106cfeb85ed65696e0f8e793fee ......
